

================================================================
== Vivado HLS Report for 'ath_ant_div_conf_fast_divbias'
================================================================
* Date:           Thu Jul  2 17:22:43 2020

* Version:        2019.1 (Build 2552052 on Fri May 24 15:28:33 MDT 2019)
* Project:        proj_extr_.linuxdriversnetwirelessathath9kantenna.c_ath_ant_div_conf_fast_divbias_with_main.c
* Solution:       solution1
* Product family: kintex7
* Target device:  xc7k160t-fbg484-1


================================================================
== Performance Estimates
================================================================
+ Timing (ns): 
    * Summary: 
    +--------+-------+----------+------------+
    |  Clock | Target| Estimated| Uncertainty|
    +--------+-------+----------+------------+
    |ap_clk  |  10.00|     2.162|        1.25|
    +--------+-------+----------+------------+

+ Latency (clock cycles): 
    * Summary: 
    +-----+-----+-----+-----+---------+
    |  Latency  |  Interval | Pipeline|
    | min | max | min | max |   Type  |
    +-----+-----+-----+-----+---------+
    |    2|    3|    2|    3|   none  |
    +-----+-----+-----+-----+---------+

    + Detail: 
        * Instance: 
        N/A

        * Loop: 
        N/A

============================================================
+ Verbose Summary: Synthesis Manager
============================================================
InlineROM: 1
ExposeGlobal: 0
============================================================
+ Verbose Summary: CDFG Model
============================================================
IsTopModel: 1
ResetActiveHigh: 1
IsCombinational: 0
IsDatapathOnly: 0
HasWiredReturn: 1
HasMFsm: 0
HasVarLatency: 1
IsPipeline: 0
IsRtlPipelined: 0
IsInstanceOverlapped: 0
IsDontTouch: 0
HasImplIP: 0
IsGatedGlobalClock: 0


============================================================
+ Verbose Summary: Schedule
============================================================
* Number of FSM states : 6
* Pipeline : 0
* Dataflow Pipeline: 0

* FSM state transitions: 
1 --> 2 6 
2 --> 3 5 
3 --> 4 
4 --> 
5 --> 4 
6 --> 4 

* FSM state operations: 

State 1 <SV = 0> <Delay = 1.77>
ST_1 : Operation 7 [1/1] (0.00ns)   --->   "call void (...)* @_ssdm_op_SpecBitsMap(i32* %ant_conf_div_group), !map !20"   --->   Operation 7 'specbitsmap' <Predicate = true> <Delay = 0.00>
ST_1 : Operation 8 [1/1] (0.00ns)   --->   "call void (...)* @_ssdm_op_SpecBitsMap(i32* %ant_conf_main_lna_conf), !map !24"   --->   Operation 8 'specbitsmap' <Predicate = true> <Delay = 0.00>
ST_1 : Operation 9 [1/1] (0.00ns)   --->   "call void (...)* @_ssdm_op_SpecBitsMap(i32* %ant_conf_alt_lna_conf), !map !28"   --->   Operation 9 'specbitsmap' <Predicate = true> <Delay = 0.00>
ST_1 : Operation 10 [1/1] (0.00ns)   --->   "call void (...)* @_ssdm_op_SpecBitsMap(i32* %ant_conf_fast_div_bias), !map !32"   --->   Operation 10 'specbitsmap' <Predicate = true> <Delay = 0.00>
ST_1 : Operation 11 [1/1] (0.00ns)   --->   "call void (...)* @_ssdm_op_SpecBitsMap(i32* %ant_conf_alt_gaintb), !map !36"   --->   Operation 11 'specbitsmap' <Predicate = true> <Delay = 0.00>
ST_1 : Operation 12 [1/1] (0.00ns)   --->   "call void (...)* @_ssdm_op_SpecBitsMap(i32* %ant_conf_main_gaintb), !map !40"   --->   Operation 12 'specbitsmap' <Predicate = true> <Delay = 0.00>
ST_1 : Operation 13 [1/1] (0.00ns)   --->   "call void (...)* @_ssdm_op_SpecBitsMap(i32* %antcomb_ant_ratio), !map !44"   --->   Operation 13 'specbitsmap' <Predicate = true> <Delay = 0.00>
ST_1 : Operation 14 [1/1] (0.00ns)   --->   "call void (...)* @_ssdm_op_SpecBitsMap(i32* %antcomb_fast_div_bias), !map !48"   --->   Operation 14 'specbitsmap' <Predicate = true> <Delay = 0.00>
ST_1 : Operation 15 [1/1] (0.00ns)   --->   "call void (...)* @_ssdm_op_SpecBitsMap(i32* %antcomb_scan), !map !52"   --->   Operation 15 'specbitsmap' <Predicate = true> <Delay = 0.00>
ST_1 : Operation 16 [1/1] (0.00ns)   --->   "call void (...)* @_ssdm_op_SpecBitsMap(i32 %alt_ratio), !map !56"   --->   Operation 16 'specbitsmap' <Predicate = true> <Delay = 0.00>
ST_1 : Operation 17 [1/1] (0.00ns)   --->   "call void (...)* @_ssdm_op_SpecTopModule([30 x i8]* @ath_ant_div_conf_fas) nounwind"   --->   Operation 17 'spectopmodule' <Predicate = true> <Delay = 0.00>
ST_1 : Operation 18 [1/1] (0.00ns)   --->   "%alt_ratio_read = call i32 @_ssdm_op_Read.ap_auto.i32(i32 %alt_ratio)" [extr_.linuxdriversnetwirelessathath9kantenna.c_ath_ant_div_conf_fast_divbias_with_main.c:18]   --->   Operation 18 'read' 'alt_ratio_read' <Predicate = true> <Delay = 0.00>
ST_1 : Operation 19 [1/1] (0.00ns)   --->   "call void @_ssdm_op_Write.ap_auto.volatile.i32P(i32* %ant_conf_main_gaintb, i32 0)" [extr_.linuxdriversnetwirelessathath9kantenna.c_ath_ant_div_conf_fast_divbias_with_main.c:22]   --->   Operation 19 'write' <Predicate = true> <Delay = 0.00>
ST_1 : Operation 20 [1/1] (0.00ns)   --->   "call void @_ssdm_op_Write.ap_auto.volatile.i32P(i32* %ant_conf_alt_gaintb, i32 0)" [extr_.linuxdriversnetwirelessathath9kantenna.c_ath_ant_div_conf_fast_divbias_with_main.c:23]   --->   Operation 20 'write' <Predicate = true> <Delay = 0.00>
ST_1 : Operation 21 [1/1] (0.00ns)   --->   "%ant_conf_div_group_r = call i32 @_ssdm_op_Read.ap_auto.volatile.i32P(i32* %ant_conf_div_group)" [extr_.linuxdriversnetwirelessathath9kantenna.c_ath_ant_div_conf_fast_divbias_with_main.c:25]   --->   Operation 21 'read' 'ant_conf_div_group_r' <Predicate = true> <Delay = 0.00>
ST_1 : Operation 22 [1/1] (1.54ns)   --->   "%icmp_ln25 = icmp eq i32 %ant_conf_div_group_r, 0" [extr_.linuxdriversnetwirelessathath9kantenna.c_ath_ant_div_conf_fast_divbias_with_main.c:25]   --->   Operation 22 'icmp' 'icmp_ln25' <Predicate = true> <Delay = 1.54> <Core = "Cmp">   --->   Core 25 'Cmp' <Latency = 0> <II = 1> <Delay = 1.54> <FuncUnit> <Opcode : 'icmp'> <InPorts = 2> <OutPorts = 1>
ST_1 : Operation 23 [1/1] (1.54ns)   --->   "%icmp_ln82_1 = icmp sgt i32 %alt_ratio_read, 0" [extr_.linuxdriversnetwirelessathath9kantenna.c_ath_ant_div_conf_fast_divbias_with_main.c:82]   --->   Operation 23 'icmp' 'icmp_ln82_1' <Predicate = true> <Delay = 1.54> <Core = "Cmp">   --->   Core 25 'Cmp' <Latency = 0> <II = 1> <Delay = 1.54> <FuncUnit> <Opcode : 'icmp'> <InPorts = 2> <OutPorts = 1>
ST_1 : Operation 24 [1/1] (0.00ns)   --->   "br i1 %icmp_ln25, label %1, label %14" [extr_.linuxdriversnetwirelessathath9kantenna.c_ath_ant_div_conf_fast_divbias_with_main.c:25]   --->   Operation 24 'br' <Predicate = true> <Delay = 0.00>
ST_1 : Operation 25 [1/1] (0.00ns)   --->   "%ant_conf_main_lna_co = call i32 @_ssdm_op_Read.ap_auto.volatile.i32P(i32* %ant_conf_main_lna_conf)" [extr_.linuxdriversnetwirelessathath9kantenna.c_ath_ant_div_conf_fast_divbias_with_main.c:27]   --->   Operation 25 'read' 'ant_conf_main_lna_co' <Predicate = (icmp_ln25)> <Delay = 0.00>
ST_1 : Operation 26 [1/1] (0.00ns) (grouped into LUT with out node or_ln27)   --->   "%shl_ln27 = shl i32 %ant_conf_main_lna_co, 4" [extr_.linuxdriversnetwirelessathath9kantenna.c_ath_ant_div_conf_fast_divbias_with_main.c:27]   --->   Operation 26 'shl' 'shl_ln27' <Predicate = (icmp_ln25)> <Delay = 0.00>
ST_1 : Operation 27 [1/1] (0.00ns)   --->   "%ant_conf_alt_lna_con = call i32 @_ssdm_op_Read.ap_auto.volatile.i32P(i32* %ant_conf_alt_lna_conf)" [extr_.linuxdriversnetwirelessathath9kantenna.c_ath_ant_div_conf_fast_divbias_with_main.c:27]   --->   Operation 27 'read' 'ant_conf_alt_lna_con' <Predicate = (icmp_ln25)> <Delay = 0.00>
ST_1 : Operation 28 [1/1] (0.66ns) (out node of the LUT)   --->   "%or_ln27 = or i32 %ant_conf_alt_lna_con, %shl_ln27" [extr_.linuxdriversnetwirelessathath9kantenna.c_ath_ant_div_conf_fast_divbias_with_main.c:27]   --->   Operation 28 'or' 'or_ln27' <Predicate = (icmp_ln25)> <Delay = 0.66> <Core = "LogicGate">   --->   Core 27 'LogicGate' <Latency = 0> <II = 1> <Delay = 0.66> <FuncUnit> <Opcode : 'and' 'or' 'xor'> <InPorts = 2> <OutPorts = 1>
ST_1 : Operation 29 [1/1] (1.11ns)   --->   "switch i32 %or_ln27, label %._crit_edge [
    i32 1, label %2
    i32 2, label %3
    i32 3, label %4
    i32 16, label %5
    i32 18, label %6
    i32 19, label %7
    i32 32, label %8
    i32 33, label %9
    i32 35, label %10
    i32 48, label %11
    i32 49, label %12
    i32 50, label %13
  ]" [extr_.linuxdriversnetwirelessathath9kantenna.c_ath_ant_div_conf_fast_divbias_with_main.c:27]   --->   Operation 29 'switch' <Predicate = (icmp_ln25)> <Delay = 1.11>
ST_1 : Operation 30 [1/1] (0.00ns)   --->   "call void @_ssdm_op_Write.ap_auto.volatile.i32P(i32* %ant_conf_fast_div_bias, i32 61)" [extr_.linuxdriversnetwirelessathath9kantenna.c_ath_ant_div_conf_fast_divbias_with_main.c:63]   --->   Operation 30 'write' <Predicate = (icmp_ln25 & or_ln27 == 50)> <Delay = 0.00>
ST_1 : Operation 31 [1/1] (0.00ns)   --->   "br label %._crit_edge" [extr_.linuxdriversnetwirelessathath9kantenna.c_ath_ant_div_conf_fast_divbias_with_main.c:64]   --->   Operation 31 'br' <Predicate = (icmp_ln25 & or_ln27 == 50)> <Delay = 0.00>
ST_1 : Operation 32 [1/1] (0.00ns)   --->   "call void @_ssdm_op_Write.ap_auto.volatile.i32P(i32* %ant_conf_fast_div_bias, i32 59)" [extr_.linuxdriversnetwirelessathath9kantenna.c_ath_ant_div_conf_fast_divbias_with_main.c:60]   --->   Operation 32 'write' <Predicate = (icmp_ln25 & or_ln27 == 49)> <Delay = 0.00>
ST_1 : Operation 33 [1/1] (0.00ns)   --->   "br label %._crit_edge" [extr_.linuxdriversnetwirelessathath9kantenna.c_ath_ant_div_conf_fast_divbias_with_main.c:61]   --->   Operation 33 'br' <Predicate = (icmp_ln25 & or_ln27 == 49)> <Delay = 0.00>
ST_1 : Operation 34 [1/1] (0.00ns)   --->   "call void @_ssdm_op_Write.ap_auto.volatile.i32P(i32* %ant_conf_fast_div_bias, i32 1)" [extr_.linuxdriversnetwirelessathath9kantenna.c_ath_ant_div_conf_fast_divbias_with_main.c:57]   --->   Operation 34 'write' <Predicate = (icmp_ln25 & or_ln27 == 48)> <Delay = 0.00>
ST_1 : Operation 35 [1/1] (0.00ns)   --->   "br label %._crit_edge" [extr_.linuxdriversnetwirelessathath9kantenna.c_ath_ant_div_conf_fast_divbias_with_main.c:58]   --->   Operation 35 'br' <Predicate = (icmp_ln25 & or_ln27 == 48)> <Delay = 0.00>
ST_1 : Operation 36 [1/1] (0.00ns)   --->   "call void @_ssdm_op_Write.ap_auto.volatile.i32P(i32* %ant_conf_fast_div_bias, i32 6)" [extr_.linuxdriversnetwirelessathath9kantenna.c_ath_ant_div_conf_fast_divbias_with_main.c:54]   --->   Operation 36 'write' <Predicate = (icmp_ln25 & or_ln27 == 35)> <Delay = 0.00>
ST_1 : Operation 37 [1/1] (0.00ns)   --->   "br label %._crit_edge" [extr_.linuxdriversnetwirelessathath9kantenna.c_ath_ant_div_conf_fast_divbias_with_main.c:55]   --->   Operation 37 'br' <Predicate = (icmp_ln25 & or_ln27 == 35)> <Delay = 0.00>
ST_1 : Operation 38 [1/1] (0.00ns)   --->   "call void @_ssdm_op_Write.ap_auto.volatile.i32P(i32* %ant_conf_fast_div_bias, i32 0)" [extr_.linuxdriversnetwirelessathath9kantenna.c_ath_ant_div_conf_fast_divbias_with_main.c:51]   --->   Operation 38 'write' <Predicate = (icmp_ln25 & or_ln27 == 33)> <Delay = 0.00>
ST_1 : Operation 39 [1/1] (0.00ns)   --->   "br label %._crit_edge" [extr_.linuxdriversnetwirelessathath9kantenna.c_ath_ant_div_conf_fast_divbias_with_main.c:52]   --->   Operation 39 'br' <Predicate = (icmp_ln25 & or_ln27 == 33)> <Delay = 0.00>
ST_1 : Operation 40 [1/1] (0.00ns)   --->   "call void @_ssdm_op_Write.ap_auto.volatile.i32P(i32* %ant_conf_fast_div_bias, i32 6)" [extr_.linuxdriversnetwirelessathath9kantenna.c_ath_ant_div_conf_fast_divbias_with_main.c:48]   --->   Operation 40 'write' <Predicate = (icmp_ln25 & or_ln27 == 32)> <Delay = 0.00>
ST_1 : Operation 41 [1/1] (0.00ns)   --->   "br label %._crit_edge" [extr_.linuxdriversnetwirelessathath9kantenna.c_ath_ant_div_conf_fast_divbias_with_main.c:49]   --->   Operation 41 'br' <Predicate = (icmp_ln25 & or_ln27 == 32)> <Delay = 0.00>
ST_1 : Operation 42 [1/1] (0.00ns)   --->   "call void @_ssdm_op_Write.ap_auto.volatile.i32P(i32* %ant_conf_fast_div_bias, i32 7)" [extr_.linuxdriversnetwirelessathath9kantenna.c_ath_ant_div_conf_fast_divbias_with_main.c:45]   --->   Operation 42 'write' <Predicate = (icmp_ln25 & or_ln27 == 19)> <Delay = 0.00>
ST_1 : Operation 43 [1/1] (0.00ns)   --->   "br label %._crit_edge" [extr_.linuxdriversnetwirelessathath9kantenna.c_ath_ant_div_conf_fast_divbias_with_main.c:46]   --->   Operation 43 'br' <Predicate = (icmp_ln25 & or_ln27 == 19)> <Delay = 0.00>
ST_1 : Operation 44 [1/1] (0.00ns)   --->   "call void @_ssdm_op_Write.ap_auto.volatile.i32P(i32* %ant_conf_fast_div_bias, i32 2)" [extr_.linuxdriversnetwirelessathath9kantenna.c_ath_ant_div_conf_fast_divbias_with_main.c:42]   --->   Operation 44 'write' <Predicate = (icmp_ln25 & or_ln27 == 18)> <Delay = 0.00>
ST_1 : Operation 45 [1/1] (0.00ns)   --->   "br label %._crit_edge" [extr_.linuxdriversnetwirelessathath9kantenna.c_ath_ant_div_conf_fast_divbias_with_main.c:43]   --->   Operation 45 'br' <Predicate = (icmp_ln25 & or_ln27 == 18)> <Delay = 0.00>
ST_1 : Operation 46 [1/1] (0.00ns)   --->   "call void @_ssdm_op_Write.ap_auto.volatile.i32P(i32* %ant_conf_fast_div_bias, i32 7)" [extr_.linuxdriversnetwirelessathath9kantenna.c_ath_ant_div_conf_fast_divbias_with_main.c:39]   --->   Operation 46 'write' <Predicate = (icmp_ln25 & or_ln27 == 16)> <Delay = 0.00>
ST_1 : Operation 47 [1/1] (0.00ns)   --->   "br label %._crit_edge" [extr_.linuxdriversnetwirelessathath9kantenna.c_ath_ant_div_conf_fast_divbias_with_main.c:40]   --->   Operation 47 'br' <Predicate = (icmp_ln25 & or_ln27 == 16)> <Delay = 0.00>
ST_1 : Operation 48 [1/1] (0.00ns)   --->   "call void @_ssdm_op_Write.ap_auto.volatile.i32P(i32* %ant_conf_fast_div_bias, i32 1)" [extr_.linuxdriversnetwirelessathath9kantenna.c_ath_ant_div_conf_fast_divbias_with_main.c:36]   --->   Operation 48 'write' <Predicate = (icmp_ln25 & or_ln27 == 3)> <Delay = 0.00>
ST_1 : Operation 49 [1/1] (0.00ns)   --->   "br label %._crit_edge" [extr_.linuxdriversnetwirelessathath9kantenna.c_ath_ant_div_conf_fast_divbias_with_main.c:37]   --->   Operation 49 'br' <Predicate = (icmp_ln25 & or_ln27 == 3)> <Delay = 0.00>
ST_1 : Operation 50 [1/1] (0.00ns)   --->   "call void @_ssdm_op_Write.ap_auto.volatile.i32P(i32* %ant_conf_fast_div_bias, i32 61)" [extr_.linuxdriversnetwirelessathath9kantenna.c_ath_ant_div_conf_fast_divbias_with_main.c:33]   --->   Operation 50 'write' <Predicate = (icmp_ln25 & or_ln27 == 2)> <Delay = 0.00>
ST_1 : Operation 51 [1/1] (0.00ns)   --->   "br label %._crit_edge" [extr_.linuxdriversnetwirelessathath9kantenna.c_ath_ant_div_conf_fast_divbias_with_main.c:34]   --->   Operation 51 'br' <Predicate = (icmp_ln25 & or_ln27 == 2)> <Delay = 0.00>
ST_1 : Operation 52 [1/1] (0.00ns)   --->   "call void @_ssdm_op_Write.ap_auto.volatile.i32P(i32* %ant_conf_fast_div_bias, i32 59)" [extr_.linuxdriversnetwirelessathath9kantenna.c_ath_ant_div_conf_fast_divbias_with_main.c:30]   --->   Operation 52 'write' <Predicate = (icmp_ln25 & or_ln27 == 1)> <Delay = 0.00>
ST_1 : Operation 53 [1/1] (0.00ns)   --->   "br label %._crit_edge" [extr_.linuxdriversnetwirelessathath9kantenna.c_ath_ant_div_conf_fast_divbias_with_main.c:31]   --->   Operation 53 'br' <Predicate = (icmp_ln25 & or_ln27 == 1)> <Delay = 0.00>

State 2 <SV = 1> <Delay = 2.16>
ST_2 : Operation 54 [1/1] (0.00ns)   --->   "%ant_conf_div_group_r_1 = call i32 @_ssdm_op_Read.ap_auto.volatile.i32P(i32* %ant_conf_div_group)" [extr_.linuxdriversnetwirelessathath9kantenna.c_ath_ant_div_conf_fast_divbias_with_main.c:68]   --->   Operation 54 'read' 'ant_conf_div_group_r_1' <Predicate = true> <Delay = 0.00>
ST_2 : Operation 55 [1/1] (1.54ns)   --->   "%icmp_ln68 = icmp eq i32 %ant_conf_div_group_r_1, 1" [extr_.linuxdriversnetwirelessathath9kantenna.c_ath_ant_div_conf_fast_divbias_with_main.c:68]   --->   Operation 55 'icmp' 'icmp_ln68' <Predicate = true> <Delay = 1.54> <Core = "Cmp">   --->   Core 25 'Cmp' <Latency = 0> <II = 1> <Delay = 1.54> <FuncUnit> <Opcode : 'icmp'> <InPorts = 2> <OutPorts = 1>
ST_2 : Operation 56 [1/1] (0.00ns)   --->   "br i1 %icmp_ln68, label %15, label %40" [extr_.linuxdriversnetwirelessathath9kantenna.c_ath_ant_div_conf_fast_divbias_with_main.c:68]   --->   Operation 56 'br' <Predicate = true> <Delay = 0.00>
ST_2 : Operation 57 [1/1] (0.00ns)   --->   "%ant_conf_main_lna_co_1 = call i32 @_ssdm_op_Read.ap_auto.volatile.i32P(i32* %ant_conf_main_lna_conf)" [extr_.linuxdriversnetwirelessathath9kantenna.c_ath_ant_div_conf_fast_divbias_with_main.c:70]   --->   Operation 57 'read' 'ant_conf_main_lna_co_1' <Predicate = (icmp_ln68)> <Delay = 0.00>
ST_2 : Operation 58 [1/1] (0.00ns) (grouped into LUT with out node or_ln70)   --->   "%shl_ln70 = shl i32 %ant_conf_main_lna_co_1, 4" [extr_.linuxdriversnetwirelessathath9kantenna.c_ath_ant_div_conf_fast_divbias_with_main.c:70]   --->   Operation 58 'shl' 'shl_ln70' <Predicate = (icmp_ln68)> <Delay = 0.00>
ST_2 : Operation 59 [1/1] (0.00ns)   --->   "%ant_conf_alt_lna_con_1 = call i32 @_ssdm_op_Read.ap_auto.volatile.i32P(i32* %ant_conf_alt_lna_conf)" [extr_.linuxdriversnetwirelessathath9kantenna.c_ath_ant_div_conf_fast_divbias_with_main.c:70]   --->   Operation 59 'read' 'ant_conf_alt_lna_con_1' <Predicate = (icmp_ln68)> <Delay = 0.00>
ST_2 : Operation 60 [1/1] (0.66ns) (out node of the LUT)   --->   "%or_ln70 = or i32 %ant_conf_alt_lna_con_1, %shl_ln70" [extr_.linuxdriversnetwirelessathath9kantenna.c_ath_ant_div_conf_fast_divbias_with_main.c:70]   --->   Operation 60 'or' 'or_ln70' <Predicate = (icmp_ln68)> <Delay = 0.66> <Core = "LogicGate">   --->   Core 27 'LogicGate' <Latency = 0> <II = 1> <Delay = 0.66> <FuncUnit> <Opcode : 'and' 'or' 'xor'> <InPorts = 2> <OutPorts = 1>
ST_2 : Operation 61 [1/1] (1.11ns)   --->   "switch i32 %or_ln70, label %._crit_edge8 [
    i32 1, label %16
    i32 2, label %17
    i32 3, label %18
    i32 16, label %19
    i32 18, label %23
    i32 19, label %24
    i32 32, label %28
    i32 33, label %32
    i32 35, label %33
    i32 48, label %37
    i32 49, label %38
    i32 50, label %39
  ]" [extr_.linuxdriversnetwirelessathath9kantenna.c_ath_ant_div_conf_fast_divbias_with_main.c:70]   --->   Operation 61 'switch' <Predicate = (icmp_ln68)> <Delay = 1.11>
ST_2 : Operation 62 [1/1] (0.00ns)   --->   "call void @_ssdm_op_Write.ap_auto.volatile.i32P(i32* %ant_conf_fast_div_bias, i32 1)" [extr_.linuxdriversnetwirelessathath9kantenna.c_ath_ant_div_conf_fast_divbias_with_main.c:122]   --->   Operation 62 'write' <Predicate = (icmp_ln68 & or_ln70 == 50)> <Delay = 0.00>
ST_2 : Operation 63 [1/1] (0.00ns)   --->   "br label %._crit_edge8" [extr_.linuxdriversnetwirelessathath9kantenna.c_ath_ant_div_conf_fast_divbias_with_main.c:123]   --->   Operation 63 'br' <Predicate = (icmp_ln68 & or_ln70 == 50)> <Delay = 0.00>
ST_2 : Operation 64 [1/1] (0.00ns)   --->   "call void @_ssdm_op_Write.ap_auto.volatile.i32P(i32* %ant_conf_fast_div_bias, i32 1)" [extr_.linuxdriversnetwirelessathath9kantenna.c_ath_ant_div_conf_fast_divbias_with_main.c:119]   --->   Operation 64 'write' <Predicate = (icmp_ln68 & or_ln70 == 49)> <Delay = 0.00>
ST_2 : Operation 65 [1/1] (0.00ns)   --->   "br label %._crit_edge8" [extr_.linuxdriversnetwirelessathath9kantenna.c_ath_ant_div_conf_fast_divbias_with_main.c:120]   --->   Operation 65 'br' <Predicate = (icmp_ln68 & or_ln70 == 49)> <Delay = 0.00>
ST_2 : Operation 66 [1/1] (0.00ns)   --->   "call void @_ssdm_op_Write.ap_auto.volatile.i32P(i32* %ant_conf_fast_div_bias, i32 1)" [extr_.linuxdriversnetwirelessathath9kantenna.c_ath_ant_div_conf_fast_divbias_with_main.c:116]   --->   Operation 66 'write' <Predicate = (icmp_ln68 & or_ln70 == 48)> <Delay = 0.00>
ST_2 : Operation 67 [1/1] (0.00ns)   --->   "br label %._crit_edge8" [extr_.linuxdriversnetwirelessathath9kantenna.c_ath_ant_div_conf_fast_divbias_with_main.c:117]   --->   Operation 67 'br' <Predicate = (icmp_ln68 & or_ln70 == 48)> <Delay = 0.00>
ST_2 : Operation 68 [1/1] (0.00ns)   --->   "%antcomb_scan_read_3 = call i32 @_ssdm_op_Read.ap_auto.volatile.i32P(i32* %antcomb_scan)" [extr_.linuxdriversnetwirelessathath9kantenna.c_ath_ant_div_conf_fast_divbias_with_main.c:109]   --->   Operation 68 'read' 'antcomb_scan_read_3' <Predicate = (icmp_ln68 & or_ln70 == 35)> <Delay = 0.00>
ST_2 : Operation 69 [1/1] (1.54ns)   --->   "%icmp_ln109 = icmp eq i32 %antcomb_scan_read_3, 0" [extr_.linuxdriversnetwirelessathath9kantenna.c_ath_ant_div_conf_fast_divbias_with_main.c:109]   --->   Operation 69 'icmp' 'icmp_ln109' <Predicate = (icmp_ln68 & or_ln70 == 35)> <Delay = 1.54> <Core = "Cmp">   --->   Core 25 'Cmp' <Latency = 0> <II = 1> <Delay = 1.54> <FuncUnit> <Opcode : 'icmp'> <InPorts = 2> <OutPorts = 1>
ST_2 : Operation 70 [1/1] (0.61ns)   --->   "%and_ln109 = and i1 %icmp_ln109, %icmp_ln82_1" [extr_.linuxdriversnetwirelessathath9kantenna.c_ath_ant_div_conf_fast_divbias_with_main.c:109]   --->   Operation 70 'and' 'and_ln109' <Predicate = (icmp_ln68 & or_ln70 == 35)> <Delay = 0.61> <Core = "LogicGate">   --->   Core 27 'LogicGate' <Latency = 0> <II = 1> <Delay = 0.66> <FuncUnit> <Opcode : 'and' 'or' 'xor'> <InPorts = 2> <OutPorts = 1>
ST_2 : Operation 71 [1/1] (0.00ns)   --->   "br i1 %and_ln109, label %34, label %35" [extr_.linuxdriversnetwirelessathath9kantenna.c_ath_ant_div_conf_fast_divbias_with_main.c:109]   --->   Operation 71 'br' <Predicate = (icmp_ln68 & or_ln70 == 35)> <Delay = 0.00>
ST_2 : Operation 72 [1/1] (0.00ns)   --->   "call void @_ssdm_op_Write.ap_auto.volatile.i32P(i32* %ant_conf_fast_div_bias, i32 1)" [extr_.linuxdriversnetwirelessathath9kantenna.c_ath_ant_div_conf_fast_divbias_with_main.c:113]   --->   Operation 72 'write' <Predicate = (icmp_ln68 & or_ln70 == 35 & !and_ln109)> <Delay = 0.00>
ST_2 : Operation 73 [1/1] (0.00ns)   --->   "br label %36"   --->   Operation 73 'br' <Predicate = (icmp_ln68 & or_ln70 == 35 & !and_ln109)> <Delay = 0.00>
ST_2 : Operation 74 [1/1] (0.00ns)   --->   "call void @_ssdm_op_Write.ap_auto.volatile.i32P(i32* %ant_conf_fast_div_bias, i32 63)" [extr_.linuxdriversnetwirelessathath9kantenna.c_ath_ant_div_conf_fast_divbias_with_main.c:111]   --->   Operation 74 'write' <Predicate = (icmp_ln68 & or_ln70 == 35 & and_ln109)> <Delay = 0.00>
ST_2 : Operation 75 [1/1] (0.00ns)   --->   "br label %36" [extr_.linuxdriversnetwirelessathath9kantenna.c_ath_ant_div_conf_fast_divbias_with_main.c:111]   --->   Operation 75 'br' <Predicate = (icmp_ln68 & or_ln70 == 35 & and_ln109)> <Delay = 0.00>
ST_2 : Operation 76 [1/1] (0.00ns)   --->   "br label %._crit_edge8" [extr_.linuxdriversnetwirelessathath9kantenna.c_ath_ant_div_conf_fast_divbias_with_main.c:114]   --->   Operation 76 'br' <Predicate = (icmp_ln68 & or_ln70 == 35)> <Delay = 0.00>
ST_2 : Operation 77 [1/1] (0.00ns)   --->   "call void @_ssdm_op_Write.ap_auto.volatile.i32P(i32* %ant_conf_fast_div_bias, i32 1)" [extr_.linuxdriversnetwirelessathath9kantenna.c_ath_ant_div_conf_fast_divbias_with_main.c:106]   --->   Operation 77 'write' <Predicate = (icmp_ln68 & or_ln70 == 33)> <Delay = 0.00>
ST_2 : Operation 78 [1/1] (0.00ns)   --->   "br label %._crit_edge8" [extr_.linuxdriversnetwirelessathath9kantenna.c_ath_ant_div_conf_fast_divbias_with_main.c:107]   --->   Operation 78 'br' <Predicate = (icmp_ln68 & or_ln70 == 33)> <Delay = 0.00>
ST_2 : Operation 79 [1/1] (0.00ns)   --->   "%antcomb_scan_read_2 = call i32 @_ssdm_op_Read.ap_auto.volatile.i32P(i32* %antcomb_scan)" [extr_.linuxdriversnetwirelessathath9kantenna.c_ath_ant_div_conf_fast_divbias_with_main.c:99]   --->   Operation 79 'read' 'antcomb_scan_read_2' <Predicate = (icmp_ln68 & or_ln70 == 32)> <Delay = 0.00>
ST_2 : Operation 80 [1/1] (1.54ns)   --->   "%icmp_ln99 = icmp eq i32 %antcomb_scan_read_2, 0" [extr_.linuxdriversnetwirelessathath9kantenna.c_ath_ant_div_conf_fast_divbias_with_main.c:99]   --->   Operation 80 'icmp' 'icmp_ln99' <Predicate = (icmp_ln68 & or_ln70 == 32)> <Delay = 1.54> <Core = "Cmp">   --->   Core 25 'Cmp' <Latency = 0> <II = 1> <Delay = 1.54> <FuncUnit> <Opcode : 'icmp'> <InPorts = 2> <OutPorts = 1>
ST_2 : Operation 81 [1/1] (0.61ns)   --->   "%and_ln99 = and i1 %icmp_ln99, %icmp_ln82_1" [extr_.linuxdriversnetwirelessathath9kantenna.c_ath_ant_div_conf_fast_divbias_with_main.c:99]   --->   Operation 81 'and' 'and_ln99' <Predicate = (icmp_ln68 & or_ln70 == 32)> <Delay = 0.61> <Core = "LogicGate">   --->   Core 27 'LogicGate' <Latency = 0> <II = 1> <Delay = 0.66> <FuncUnit> <Opcode : 'and' 'or' 'xor'> <InPorts = 2> <OutPorts = 1>
ST_2 : Operation 82 [1/1] (0.00ns)   --->   "br i1 %and_ln99, label %29, label %30" [extr_.linuxdriversnetwirelessathath9kantenna.c_ath_ant_div_conf_fast_divbias_with_main.c:99]   --->   Operation 82 'br' <Predicate = (icmp_ln68 & or_ln70 == 32)> <Delay = 0.00>
ST_2 : Operation 83 [1/1] (0.00ns)   --->   "call void @_ssdm_op_Write.ap_auto.volatile.i32P(i32* %ant_conf_fast_div_bias, i32 1)" [extr_.linuxdriversnetwirelessathath9kantenna.c_ath_ant_div_conf_fast_divbias_with_main.c:103]   --->   Operation 83 'write' <Predicate = (icmp_ln68 & or_ln70 == 32 & !and_ln99)> <Delay = 0.00>
ST_2 : Operation 84 [1/1] (0.00ns)   --->   "br label %31"   --->   Operation 84 'br' <Predicate = (icmp_ln68 & or_ln70 == 32 & !and_ln99)> <Delay = 0.00>
ST_2 : Operation 85 [1/1] (0.00ns)   --->   "call void @_ssdm_op_Write.ap_auto.volatile.i32P(i32* %ant_conf_fast_div_bias, i32 63)" [extr_.linuxdriversnetwirelessathath9kantenna.c_ath_ant_div_conf_fast_divbias_with_main.c:101]   --->   Operation 85 'write' <Predicate = (icmp_ln68 & or_ln70 == 32 & and_ln99)> <Delay = 0.00>
ST_2 : Operation 86 [1/1] (0.00ns)   --->   "br label %31" [extr_.linuxdriversnetwirelessathath9kantenna.c_ath_ant_div_conf_fast_divbias_with_main.c:101]   --->   Operation 86 'br' <Predicate = (icmp_ln68 & or_ln70 == 32 & and_ln99)> <Delay = 0.00>
ST_2 : Operation 87 [1/1] (0.00ns)   --->   "br label %._crit_edge8" [extr_.linuxdriversnetwirelessathath9kantenna.c_ath_ant_div_conf_fast_divbias_with_main.c:104]   --->   Operation 87 'br' <Predicate = (icmp_ln68 & or_ln70 == 32)> <Delay = 0.00>
ST_2 : Operation 88 [1/1] (0.00ns)   --->   "%antcomb_scan_read_1 = call i32 @_ssdm_op_Read.ap_auto.volatile.i32P(i32* %antcomb_scan)" [extr_.linuxdriversnetwirelessathath9kantenna.c_ath_ant_div_conf_fast_divbias_with_main.c:92]   --->   Operation 88 'read' 'antcomb_scan_read_1' <Predicate = (icmp_ln68 & or_ln70 == 19)> <Delay = 0.00>
ST_2 : Operation 89 [1/1] (1.54ns)   --->   "%icmp_ln92 = icmp eq i32 %antcomb_scan_read_1, 0" [extr_.linuxdriversnetwirelessathath9kantenna.c_ath_ant_div_conf_fast_divbias_with_main.c:92]   --->   Operation 89 'icmp' 'icmp_ln92' <Predicate = (icmp_ln68 & or_ln70 == 19)> <Delay = 1.54> <Core = "Cmp">   --->   Core 25 'Cmp' <Latency = 0> <II = 1> <Delay = 1.54> <FuncUnit> <Opcode : 'icmp'> <InPorts = 2> <OutPorts = 1>
ST_2 : Operation 90 [1/1] (0.61ns)   --->   "%and_ln92 = and i1 %icmp_ln92, %icmp_ln82_1" [extr_.linuxdriversnetwirelessathath9kantenna.c_ath_ant_div_conf_fast_divbias_with_main.c:92]   --->   Operation 90 'and' 'and_ln92' <Predicate = (icmp_ln68 & or_ln70 == 19)> <Delay = 0.61> <Core = "LogicGate">   --->   Core 27 'LogicGate' <Latency = 0> <II = 1> <Delay = 0.66> <FuncUnit> <Opcode : 'and' 'or' 'xor'> <InPorts = 2> <OutPorts = 1>
ST_2 : Operation 91 [1/1] (0.00ns)   --->   "br i1 %and_ln92, label %25, label %26" [extr_.linuxdriversnetwirelessathath9kantenna.c_ath_ant_div_conf_fast_divbias_with_main.c:92]   --->   Operation 91 'br' <Predicate = (icmp_ln68 & or_ln70 == 19)> <Delay = 0.00>
ST_2 : Operation 92 [1/1] (0.00ns)   --->   "call void @_ssdm_op_Write.ap_auto.volatile.i32P(i32* %ant_conf_fast_div_bias, i32 1)" [extr_.linuxdriversnetwirelessathath9kantenna.c_ath_ant_div_conf_fast_divbias_with_main.c:96]   --->   Operation 92 'write' <Predicate = (icmp_ln68 & or_ln70 == 19 & !and_ln92)> <Delay = 0.00>
ST_2 : Operation 93 [1/1] (0.00ns)   --->   "br label %27"   --->   Operation 93 'br' <Predicate = (icmp_ln68 & or_ln70 == 19 & !and_ln92)> <Delay = 0.00>
ST_2 : Operation 94 [1/1] (0.00ns)   --->   "call void @_ssdm_op_Write.ap_auto.volatile.i32P(i32* %ant_conf_fast_div_bias, i32 63)" [extr_.linuxdriversnetwirelessathath9kantenna.c_ath_ant_div_conf_fast_divbias_with_main.c:94]   --->   Operation 94 'write' <Predicate = (icmp_ln68 & or_ln70 == 19 & and_ln92)> <Delay = 0.00>
ST_2 : Operation 95 [1/1] (0.00ns)   --->   "br label %27" [extr_.linuxdriversnetwirelessathath9kantenna.c_ath_ant_div_conf_fast_divbias_with_main.c:94]   --->   Operation 95 'br' <Predicate = (icmp_ln68 & or_ln70 == 19 & and_ln92)> <Delay = 0.00>
ST_2 : Operation 96 [1/1] (0.00ns)   --->   "br label %._crit_edge8" [extr_.linuxdriversnetwirelessathath9kantenna.c_ath_ant_div_conf_fast_divbias_with_main.c:97]   --->   Operation 96 'br' <Predicate = (icmp_ln68 & or_ln70 == 19)> <Delay = 0.00>
ST_2 : Operation 97 [1/1] (0.00ns)   --->   "call void @_ssdm_op_Write.ap_auto.volatile.i32P(i32* %ant_conf_fast_div_bias, i32 1)" [extr_.linuxdriversnetwirelessathath9kantenna.c_ath_ant_div_conf_fast_divbias_with_main.c:89]   --->   Operation 97 'write' <Predicate = (icmp_ln68 & or_ln70 == 18)> <Delay = 0.00>
ST_2 : Operation 98 [1/1] (0.00ns)   --->   "br label %._crit_edge8" [extr_.linuxdriversnetwirelessathath9kantenna.c_ath_ant_div_conf_fast_divbias_with_main.c:90]   --->   Operation 98 'br' <Predicate = (icmp_ln68 & or_ln70 == 18)> <Delay = 0.00>
ST_2 : Operation 99 [1/1] (0.00ns)   --->   "%antcomb_scan_read = call i32 @_ssdm_op_Read.ap_auto.volatile.i32P(i32* %antcomb_scan)" [extr_.linuxdriversnetwirelessathath9kantenna.c_ath_ant_div_conf_fast_divbias_with_main.c:82]   --->   Operation 99 'read' 'antcomb_scan_read' <Predicate = (icmp_ln68 & or_ln70 == 16)> <Delay = 0.00>
ST_2 : Operation 100 [1/1] (1.54ns)   --->   "%icmp_ln82 = icmp eq i32 %antcomb_scan_read, 0" [extr_.linuxdriversnetwirelessathath9kantenna.c_ath_ant_div_conf_fast_divbias_with_main.c:82]   --->   Operation 100 'icmp' 'icmp_ln82' <Predicate = (icmp_ln68 & or_ln70 == 16)> <Delay = 1.54> <Core = "Cmp">   --->   Core 25 'Cmp' <Latency = 0> <II = 1> <Delay = 1.54> <FuncUnit> <Opcode : 'icmp'> <InPorts = 2> <OutPorts = 1>
ST_2 : Operation 101 [1/1] (0.61ns)   --->   "%and_ln82 = and i1 %icmp_ln82, %icmp_ln82_1" [extr_.linuxdriversnetwirelessathath9kantenna.c_ath_ant_div_conf_fast_divbias_with_main.c:82]   --->   Operation 101 'and' 'and_ln82' <Predicate = (icmp_ln68 & or_ln70 == 16)> <Delay = 0.61> <Core = "LogicGate">   --->   Core 27 'LogicGate' <Latency = 0> <II = 1> <Delay = 0.66> <FuncUnit> <Opcode : 'and' 'or' 'xor'> <InPorts = 2> <OutPorts = 1>
ST_2 : Operation 102 [1/1] (0.00ns)   --->   "br i1 %and_ln82, label %20, label %21" [extr_.linuxdriversnetwirelessathath9kantenna.c_ath_ant_div_conf_fast_divbias_with_main.c:82]   --->   Operation 102 'br' <Predicate = (icmp_ln68 & or_ln70 == 16)> <Delay = 0.00>
ST_2 : Operation 103 [1/1] (0.00ns)   --->   "call void @_ssdm_op_Write.ap_auto.volatile.i32P(i32* %ant_conf_fast_div_bias, i32 1)" [extr_.linuxdriversnetwirelessathath9kantenna.c_ath_ant_div_conf_fast_divbias_with_main.c:86]   --->   Operation 103 'write' <Predicate = (icmp_ln68 & or_ln70 == 16 & !and_ln82)> <Delay = 0.00>
ST_2 : Operation 104 [1/1] (0.00ns)   --->   "br label %22"   --->   Operation 104 'br' <Predicate = (icmp_ln68 & or_ln70 == 16 & !and_ln82)> <Delay = 0.00>
ST_2 : Operation 105 [1/1] (0.00ns)   --->   "call void @_ssdm_op_Write.ap_auto.volatile.i32P(i32* %ant_conf_fast_div_bias, i32 63)" [extr_.linuxdriversnetwirelessathath9kantenna.c_ath_ant_div_conf_fast_divbias_with_main.c:84]   --->   Operation 105 'write' <Predicate = (icmp_ln68 & or_ln70 == 16 & and_ln82)> <Delay = 0.00>
ST_2 : Operation 106 [1/1] (0.00ns)   --->   "br label %22" [extr_.linuxdriversnetwirelessathath9kantenna.c_ath_ant_div_conf_fast_divbias_with_main.c:84]   --->   Operation 106 'br' <Predicate = (icmp_ln68 & or_ln70 == 16 & and_ln82)> <Delay = 0.00>
ST_2 : Operation 107 [1/1] (0.00ns)   --->   "br label %._crit_edge8" [extr_.linuxdriversnetwirelessathath9kantenna.c_ath_ant_div_conf_fast_divbias_with_main.c:87]   --->   Operation 107 'br' <Predicate = (icmp_ln68 & or_ln70 == 16)> <Delay = 0.00>
ST_2 : Operation 108 [1/1] (0.00ns)   --->   "call void @_ssdm_op_Write.ap_auto.volatile.i32P(i32* %ant_conf_fast_div_bias, i32 1)" [extr_.linuxdriversnetwirelessathath9kantenna.c_ath_ant_div_conf_fast_divbias_with_main.c:79]   --->   Operation 108 'write' <Predicate = (icmp_ln68 & or_ln70 == 3)> <Delay = 0.00>
ST_2 : Operation 109 [1/1] (0.00ns)   --->   "br label %._crit_edge8" [extr_.linuxdriversnetwirelessathath9kantenna.c_ath_ant_div_conf_fast_divbias_with_main.c:80]   --->   Operation 109 'br' <Predicate = (icmp_ln68 & or_ln70 == 3)> <Delay = 0.00>
ST_2 : Operation 110 [1/1] (0.00ns)   --->   "call void @_ssdm_op_Write.ap_auto.volatile.i32P(i32* %ant_conf_fast_div_bias, i32 1)" [extr_.linuxdriversnetwirelessathath9kantenna.c_ath_ant_div_conf_fast_divbias_with_main.c:76]   --->   Operation 110 'write' <Predicate = (icmp_ln68 & or_ln70 == 2)> <Delay = 0.00>
ST_2 : Operation 111 [1/1] (0.00ns)   --->   "br label %._crit_edge8" [extr_.linuxdriversnetwirelessathath9kantenna.c_ath_ant_div_conf_fast_divbias_with_main.c:77]   --->   Operation 111 'br' <Predicate = (icmp_ln68 & or_ln70 == 2)> <Delay = 0.00>
ST_2 : Operation 112 [1/1] (0.00ns)   --->   "call void @_ssdm_op_Write.ap_auto.volatile.i32P(i32* %ant_conf_fast_div_bias, i32 1)" [extr_.linuxdriversnetwirelessathath9kantenna.c_ath_ant_div_conf_fast_divbias_with_main.c:73]   --->   Operation 112 'write' <Predicate = (icmp_ln68 & or_ln70 == 1)> <Delay = 0.00>
ST_2 : Operation 113 [1/1] (0.00ns)   --->   "br label %._crit_edge8" [extr_.linuxdriversnetwirelessathath9kantenna.c_ath_ant_div_conf_fast_divbias_with_main.c:74]   --->   Operation 113 'br' <Predicate = (icmp_ln68 & or_ln70 == 1)> <Delay = 0.00>

State 3 <SV = 2> <Delay = 1.77>
ST_3 : Operation 114 [1/1] (0.00ns)   --->   "%ant_conf_div_group_r_2 = call i32 @_ssdm_op_Read.ap_auto.volatile.i32P(i32* %ant_conf_div_group)" [extr_.linuxdriversnetwirelessathath9kantenna.c_ath_ant_div_conf_fast_divbias_with_main.c:127]   --->   Operation 114 'read' 'ant_conf_div_group_r_2' <Predicate = true> <Delay = 0.00>
ST_3 : Operation 115 [1/1] (1.54ns)   --->   "%icmp_ln127 = icmp eq i32 %ant_conf_div_group_r_2, 2" [extr_.linuxdriversnetwirelessathath9kantenna.c_ath_ant_div_conf_fast_divbias_with_main.c:127]   --->   Operation 115 'icmp' 'icmp_ln127' <Predicate = true> <Delay = 1.54> <Core = "Cmp">   --->   Core 25 'Cmp' <Latency = 0> <II = 1> <Delay = 1.54> <FuncUnit> <Opcode : 'icmp'> <InPorts = 2> <OutPorts = 1>
ST_3 : Operation 116 [1/1] (0.00ns)   --->   "br i1 %icmp_ln127, label %41, label %67" [extr_.linuxdriversnetwirelessathath9kantenna.c_ath_ant_div_conf_fast_divbias_with_main.c:127]   --->   Operation 116 'br' <Predicate = true> <Delay = 0.00>
ST_3 : Operation 117 [1/1] (0.00ns)   --->   "%ant_conf_main_lna_co_2 = call i32 @_ssdm_op_Read.ap_auto.volatile.i32P(i32* %ant_conf_main_lna_conf)" [extr_.linuxdriversnetwirelessathath9kantenna.c_ath_ant_div_conf_fast_divbias_with_main.c:129]   --->   Operation 117 'read' 'ant_conf_main_lna_co_2' <Predicate = (icmp_ln127)> <Delay = 0.00>
ST_3 : Operation 118 [1/1] (0.00ns) (grouped into LUT with out node or_ln129)   --->   "%shl_ln129 = shl i32 %ant_conf_main_lna_co_2, 4" [extr_.linuxdriversnetwirelessathath9kantenna.c_ath_ant_div_conf_fast_divbias_with_main.c:129]   --->   Operation 118 'shl' 'shl_ln129' <Predicate = (icmp_ln127)> <Delay = 0.00>
ST_3 : Operation 119 [1/1] (0.00ns)   --->   "%ant_conf_alt_lna_con_2 = call i32 @_ssdm_op_Read.ap_auto.volatile.i32P(i32* %ant_conf_alt_lna_conf)" [extr_.linuxdriversnetwirelessathath9kantenna.c_ath_ant_div_conf_fast_divbias_with_main.c:129]   --->   Operation 119 'read' 'ant_conf_alt_lna_con_2' <Predicate = (icmp_ln127)> <Delay = 0.00>
ST_3 : Operation 120 [1/1] (0.66ns) (out node of the LUT)   --->   "%or_ln129 = or i32 %ant_conf_alt_lna_con_2, %shl_ln129" [extr_.linuxdriversnetwirelessathath9kantenna.c_ath_ant_div_conf_fast_divbias_with_main.c:129]   --->   Operation 120 'or' 'or_ln129' <Predicate = (icmp_ln127)> <Delay = 0.66> <Core = "LogicGate">   --->   Core 27 'LogicGate' <Latency = 0> <II = 1> <Delay = 0.66> <FuncUnit> <Opcode : 'and' 'or' 'xor'> <InPorts = 2> <OutPorts = 1>
ST_3 : Operation 121 [1/1] (1.11ns)   --->   "switch i32 %or_ln129, label %._crit_edge9 [
    i32 1, label %42
    i32 2, label %43
    i32 3, label %44
    i32 16, label %45
    i32 18, label %49
    i32 19, label %50
    i32 32, label %54
    i32 33, label %58
    i32 35, label %59
    i32 48, label %63
    i32 49, label %64
    i32 50, label %65
  ]" [extr_.linuxdriversnetwirelessathath9kantenna.c_ath_ant_div_conf_fast_divbias_with_main.c:129]   --->   Operation 121 'switch' <Predicate = (icmp_ln127)> <Delay = 1.11>
ST_3 : Operation 122 [1/1] (0.00ns)   --->   "call void @_ssdm_op_Write.ap_auto.volatile.i32P(i32* %ant_conf_fast_div_bias, i32 1)" [extr_.linuxdriversnetwirelessathath9kantenna.c_ath_ant_div_conf_fast_divbias_with_main.c:177]   --->   Operation 122 'write' <Predicate = (icmp_ln127 & or_ln129 == 50)> <Delay = 0.00>
ST_3 : Operation 123 [1/1] (0.00ns)   --->   "br label %._crit_edge9" [extr_.linuxdriversnetwirelessathath9kantenna.c_ath_ant_div_conf_fast_divbias_with_main.c:178]   --->   Operation 123 'br' <Predicate = (icmp_ln127 & or_ln129 == 50)> <Delay = 0.00>
ST_3 : Operation 124 [1/1] (0.00ns)   --->   "call void @_ssdm_op_Write.ap_auto.volatile.i32P(i32* %ant_conf_fast_div_bias, i32 1)" [extr_.linuxdriversnetwirelessathath9kantenna.c_ath_ant_div_conf_fast_divbias_with_main.c:174]   --->   Operation 124 'write' <Predicate = (icmp_ln127 & or_ln129 == 49)> <Delay = 0.00>
ST_3 : Operation 125 [1/1] (0.00ns)   --->   "br label %._crit_edge9" [extr_.linuxdriversnetwirelessathath9kantenna.c_ath_ant_div_conf_fast_divbias_with_main.c:175]   --->   Operation 125 'br' <Predicate = (icmp_ln127 & or_ln129 == 49)> <Delay = 0.00>
ST_3 : Operation 126 [1/1] (0.00ns)   --->   "call void @_ssdm_op_Write.ap_auto.volatile.i32P(i32* %ant_conf_fast_div_bias, i32 1)" [extr_.linuxdriversnetwirelessathath9kantenna.c_ath_ant_div_conf_fast_divbias_with_main.c:171]   --->   Operation 126 'write' <Predicate = (icmp_ln127 & or_ln129 == 48)> <Delay = 0.00>
ST_3 : Operation 127 [1/1] (0.00ns)   --->   "br label %._crit_edge9" [extr_.linuxdriversnetwirelessathath9kantenna.c_ath_ant_div_conf_fast_divbias_with_main.c:172]   --->   Operation 127 'br' <Predicate = (icmp_ln127 & or_ln129 == 48)> <Delay = 0.00>
ST_3 : Operation 128 [1/1] (0.00ns)   --->   "%antcomb_scan_read_7 = call i32 @_ssdm_op_Read.ap_auto.volatile.i32P(i32* %antcomb_scan)" [extr_.linuxdriversnetwirelessathath9kantenna.c_ath_ant_div_conf_fast_divbias_with_main.c:165]   --->   Operation 128 'read' 'antcomb_scan_read_7' <Predicate = (icmp_ln127 & or_ln129 == 35)> <Delay = 0.00>
ST_3 : Operation 129 [1/1] (1.54ns)   --->   "%icmp_ln165 = icmp eq i32 %antcomb_scan_read_7, 0" [extr_.linuxdriversnetwirelessathath9kantenna.c_ath_ant_div_conf_fast_divbias_with_main.c:165]   --->   Operation 129 'icmp' 'icmp_ln165' <Predicate = (icmp_ln127 & or_ln129 == 35)> <Delay = 1.54> <Core = "Cmp">   --->   Core 25 'Cmp' <Latency = 0> <II = 1> <Delay = 1.54> <FuncUnit> <Opcode : 'icmp'> <InPorts = 2> <OutPorts = 1>
ST_3 : Operation 130 [1/1] (0.00ns)   --->   "br i1 %icmp_ln165, label %60, label %._crit_edge16" [extr_.linuxdriversnetwirelessathath9kantenna.c_ath_ant_div_conf_fast_divbias_with_main.c:165]   --->   Operation 130 'br' <Predicate = (icmp_ln127 & or_ln129 == 35)> <Delay = 0.00>
ST_3 : Operation 131 [1/1] (0.00ns)   --->   "%antcomb_ant_ratio_re_3 = call i32 @_ssdm_op_Read.ap_auto.volatile.i32P(i32* %antcomb_ant_ratio)" [extr_.linuxdriversnetwirelessathath9kantenna.c_ath_ant_div_conf_fast_divbias_with_main.c:165]   --->   Operation 131 'read' 'antcomb_ant_ratio_re_3' <Predicate = (icmp_ln127 & or_ln129 == 35 & icmp_ln165)> <Delay = 0.00>
ST_3 : Operation 132 [1/1] (1.54ns)   --->   "%icmp_ln165_1 = icmp slt i32 %antcomb_ant_ratio_re_3, %alt_ratio_read" [extr_.linuxdriversnetwirelessathath9kantenna.c_ath_ant_div_conf_fast_divbias_with_main.c:165]   --->   Operation 132 'icmp' 'icmp_ln165_1' <Predicate = (icmp_ln127 & or_ln129 == 35 & icmp_ln165)> <Delay = 1.54> <Core = "Cmp">   --->   Core 25 'Cmp' <Latency = 0> <II = 1> <Delay = 1.54> <FuncUnit> <Opcode : 'icmp'> <InPorts = 2> <OutPorts = 1>
ST_3 : Operation 133 [1/1] (0.00ns)   --->   "br i1 %icmp_ln165_1, label %61, label %._crit_edge16" [extr_.linuxdriversnetwirelessathath9kantenna.c_ath_ant_div_conf_fast_divbias_with_main.c:165]   --->   Operation 133 'br' <Predicate = (icmp_ln127 & or_ln129 == 35 & icmp_ln165)> <Delay = 0.00>
ST_3 : Operation 134 [1/1] (0.00ns)   --->   "call void @_ssdm_op_Write.ap_auto.volatile.i32P(i32* %ant_conf_fast_div_bias, i32 2)" [extr_.linuxdriversnetwirelessathath9kantenna.c_ath_ant_div_conf_fast_divbias_with_main.c:168]   --->   Operation 134 'write' <Predicate = (icmp_ln127 & or_ln129 == 35 & !icmp_ln165_1) | (icmp_ln127 & or_ln129 == 35 & !icmp_ln165)> <Delay = 0.00>
ST_3 : Operation 135 [1/1] (0.00ns)   --->   "br label %62"   --->   Operation 135 'br' <Predicate = (icmp_ln127 & or_ln129 == 35 & !icmp_ln165_1) | (icmp_ln127 & or_ln129 == 35 & !icmp_ln165)> <Delay = 0.00>
ST_3 : Operation 136 [1/1] (0.00ns)   --->   "call void @_ssdm_op_Write.ap_auto.volatile.i32P(i32* %ant_conf_fast_div_bias, i32 1)" [extr_.linuxdriversnetwirelessathath9kantenna.c_ath_ant_div_conf_fast_divbias_with_main.c:166]   --->   Operation 136 'write' <Predicate = (icmp_ln127 & or_ln129 == 35 & icmp_ln165 & icmp_ln165_1)> <Delay = 0.00>
ST_3 : Operation 137 [1/1] (0.00ns)   --->   "br label %62" [extr_.linuxdriversnetwirelessathath9kantenna.c_ath_ant_div_conf_fast_divbias_with_main.c:166]   --->   Operation 137 'br' <Predicate = (icmp_ln127 & or_ln129 == 35 & icmp_ln165 & icmp_ln165_1)> <Delay = 0.00>
ST_3 : Operation 138 [1/1] (0.00ns)   --->   "br label %._crit_edge9" [extr_.linuxdriversnetwirelessathath9kantenna.c_ath_ant_div_conf_fast_divbias_with_main.c:169]   --->   Operation 138 'br' <Predicate = (icmp_ln127 & or_ln129 == 35)> <Delay = 0.00>
ST_3 : Operation 139 [1/1] (0.00ns)   --->   "call void @_ssdm_op_Write.ap_auto.volatile.i32P(i32* %ant_conf_fast_div_bias, i32 1)" [extr_.linuxdriversnetwirelessathath9kantenna.c_ath_ant_div_conf_fast_divbias_with_main.c:162]   --->   Operation 139 'write' <Predicate = (icmp_ln127 & or_ln129 == 33)> <Delay = 0.00>
ST_3 : Operation 140 [1/1] (0.00ns)   --->   "br label %._crit_edge9" [extr_.linuxdriversnetwirelessathath9kantenna.c_ath_ant_div_conf_fast_divbias_with_main.c:163]   --->   Operation 140 'br' <Predicate = (icmp_ln127 & or_ln129 == 33)> <Delay = 0.00>
ST_3 : Operation 141 [1/1] (0.00ns)   --->   "%antcomb_scan_read_6 = call i32 @_ssdm_op_Read.ap_auto.volatile.i32P(i32* %antcomb_scan)" [extr_.linuxdriversnetwirelessathath9kantenna.c_ath_ant_div_conf_fast_divbias_with_main.c:156]   --->   Operation 141 'read' 'antcomb_scan_read_6' <Predicate = (icmp_ln127 & or_ln129 == 32)> <Delay = 0.00>
ST_3 : Operation 142 [1/1] (1.54ns)   --->   "%icmp_ln156 = icmp eq i32 %antcomb_scan_read_6, 0" [extr_.linuxdriversnetwirelessathath9kantenna.c_ath_ant_div_conf_fast_divbias_with_main.c:156]   --->   Operation 142 'icmp' 'icmp_ln156' <Predicate = (icmp_ln127 & or_ln129 == 32)> <Delay = 1.54> <Core = "Cmp">   --->   Core 25 'Cmp' <Latency = 0> <II = 1> <Delay = 1.54> <FuncUnit> <Opcode : 'icmp'> <InPorts = 2> <OutPorts = 1>
ST_3 : Operation 143 [1/1] (0.00ns)   --->   "br i1 %icmp_ln156, label %55, label %._crit_edge14" [extr_.linuxdriversnetwirelessathath9kantenna.c_ath_ant_div_conf_fast_divbias_with_main.c:156]   --->   Operation 143 'br' <Predicate = (icmp_ln127 & or_ln129 == 32)> <Delay = 0.00>
ST_3 : Operation 144 [1/1] (0.00ns)   --->   "%antcomb_ant_ratio_re_2 = call i32 @_ssdm_op_Read.ap_auto.volatile.i32P(i32* %antcomb_ant_ratio)" [extr_.linuxdriversnetwirelessathath9kantenna.c_ath_ant_div_conf_fast_divbias_with_main.c:156]   --->   Operation 144 'read' 'antcomb_ant_ratio_re_2' <Predicate = (icmp_ln127 & or_ln129 == 32 & icmp_ln156)> <Delay = 0.00>
ST_3 : Operation 145 [1/1] (1.54ns)   --->   "%icmp_ln156_1 = icmp slt i32 %antcomb_ant_ratio_re_2, %alt_ratio_read" [extr_.linuxdriversnetwirelessathath9kantenna.c_ath_ant_div_conf_fast_divbias_with_main.c:156]   --->   Operation 145 'icmp' 'icmp_ln156_1' <Predicate = (icmp_ln127 & or_ln129 == 32 & icmp_ln156)> <Delay = 1.54> <Core = "Cmp">   --->   Core 25 'Cmp' <Latency = 0> <II = 1> <Delay = 1.54> <FuncUnit> <Opcode : 'icmp'> <InPorts = 2> <OutPorts = 1>
ST_3 : Operation 146 [1/1] (0.00ns)   --->   "br i1 %icmp_ln156_1, label %56, label %._crit_edge14" [extr_.linuxdriversnetwirelessathath9kantenna.c_ath_ant_div_conf_fast_divbias_with_main.c:156]   --->   Operation 146 'br' <Predicate = (icmp_ln127 & or_ln129 == 32 & icmp_ln156)> <Delay = 0.00>
ST_3 : Operation 147 [1/1] (0.00ns)   --->   "call void @_ssdm_op_Write.ap_auto.volatile.i32P(i32* %ant_conf_fast_div_bias, i32 2)" [extr_.linuxdriversnetwirelessathath9kantenna.c_ath_ant_div_conf_fast_divbias_with_main.c:159]   --->   Operation 147 'write' <Predicate = (icmp_ln127 & or_ln129 == 32 & !icmp_ln156_1) | (icmp_ln127 & or_ln129 == 32 & !icmp_ln156)> <Delay = 0.00>
ST_3 : Operation 148 [1/1] (0.00ns)   --->   "br label %57"   --->   Operation 148 'br' <Predicate = (icmp_ln127 & or_ln129 == 32 & !icmp_ln156_1) | (icmp_ln127 & or_ln129 == 32 & !icmp_ln156)> <Delay = 0.00>
ST_3 : Operation 149 [1/1] (0.00ns)   --->   "call void @_ssdm_op_Write.ap_auto.volatile.i32P(i32* %ant_conf_fast_div_bias, i32 1)" [extr_.linuxdriversnetwirelessathath9kantenna.c_ath_ant_div_conf_fast_divbias_with_main.c:157]   --->   Operation 149 'write' <Predicate = (icmp_ln127 & or_ln129 == 32 & icmp_ln156 & icmp_ln156_1)> <Delay = 0.00>
ST_3 : Operation 150 [1/1] (0.00ns)   --->   "br label %57" [extr_.linuxdriversnetwirelessathath9kantenna.c_ath_ant_div_conf_fast_divbias_with_main.c:157]   --->   Operation 150 'br' <Predicate = (icmp_ln127 & or_ln129 == 32 & icmp_ln156 & icmp_ln156_1)> <Delay = 0.00>
ST_3 : Operation 151 [1/1] (0.00ns)   --->   "br label %._crit_edge9" [extr_.linuxdriversnetwirelessathath9kantenna.c_ath_ant_div_conf_fast_divbias_with_main.c:160]   --->   Operation 151 'br' <Predicate = (icmp_ln127 & or_ln129 == 32)> <Delay = 0.00>
ST_3 : Operation 152 [1/1] (0.00ns)   --->   "%antcomb_scan_read_5 = call i32 @_ssdm_op_Read.ap_auto.volatile.i32P(i32* %antcomb_scan)" [extr_.linuxdriversnetwirelessathath9kantenna.c_ath_ant_div_conf_fast_divbias_with_main.c:150]   --->   Operation 152 'read' 'antcomb_scan_read_5' <Predicate = (icmp_ln127 & or_ln129 == 19)> <Delay = 0.00>
ST_3 : Operation 153 [1/1] (1.54ns)   --->   "%icmp_ln150 = icmp eq i32 %antcomb_scan_read_5, 0" [extr_.linuxdriversnetwirelessathath9kantenna.c_ath_ant_div_conf_fast_divbias_with_main.c:150]   --->   Operation 153 'icmp' 'icmp_ln150' <Predicate = (icmp_ln127 & or_ln129 == 19)> <Delay = 1.54> <Core = "Cmp">   --->   Core 25 'Cmp' <Latency = 0> <II = 1> <Delay = 1.54> <FuncUnit> <Opcode : 'icmp'> <InPorts = 2> <OutPorts = 1>
ST_3 : Operation 154 [1/1] (0.00ns)   --->   "br i1 %icmp_ln150, label %51, label %._crit_edge12" [extr_.linuxdriversnetwirelessathath9kantenna.c_ath_ant_div_conf_fast_divbias_with_main.c:150]   --->   Operation 154 'br' <Predicate = (icmp_ln127 & or_ln129 == 19)> <Delay = 0.00>
ST_3 : Operation 155 [1/1] (0.00ns)   --->   "%antcomb_ant_ratio_re_1 = call i32 @_ssdm_op_Read.ap_auto.volatile.i32P(i32* %antcomb_ant_ratio)" [extr_.linuxdriversnetwirelessathath9kantenna.c_ath_ant_div_conf_fast_divbias_with_main.c:150]   --->   Operation 155 'read' 'antcomb_ant_ratio_re_1' <Predicate = (icmp_ln127 & or_ln129 == 19 & icmp_ln150)> <Delay = 0.00>
ST_3 : Operation 156 [1/1] (1.54ns)   --->   "%icmp_ln150_1 = icmp slt i32 %antcomb_ant_ratio_re_1, %alt_ratio_read" [extr_.linuxdriversnetwirelessathath9kantenna.c_ath_ant_div_conf_fast_divbias_with_main.c:150]   --->   Operation 156 'icmp' 'icmp_ln150_1' <Predicate = (icmp_ln127 & or_ln129 == 19 & icmp_ln150)> <Delay = 1.54> <Core = "Cmp">   --->   Core 25 'Cmp' <Latency = 0> <II = 1> <Delay = 1.54> <FuncUnit> <Opcode : 'icmp'> <InPorts = 2> <OutPorts = 1>
ST_3 : Operation 157 [1/1] (0.00ns)   --->   "br i1 %icmp_ln150_1, label %52, label %._crit_edge12" [extr_.linuxdriversnetwirelessathath9kantenna.c_ath_ant_div_conf_fast_divbias_with_main.c:150]   --->   Operation 157 'br' <Predicate = (icmp_ln127 & or_ln129 == 19 & icmp_ln150)> <Delay = 0.00>
ST_3 : Operation 158 [1/1] (0.00ns)   --->   "call void @_ssdm_op_Write.ap_auto.volatile.i32P(i32* %ant_conf_fast_div_bias, i32 2)" [extr_.linuxdriversnetwirelessathath9kantenna.c_ath_ant_div_conf_fast_divbias_with_main.c:153]   --->   Operation 158 'write' <Predicate = (icmp_ln127 & or_ln129 == 19 & !icmp_ln150_1) | (icmp_ln127 & or_ln129 == 19 & !icmp_ln150)> <Delay = 0.00>
ST_3 : Operation 159 [1/1] (0.00ns)   --->   "br label %53"   --->   Operation 159 'br' <Predicate = (icmp_ln127 & or_ln129 == 19 & !icmp_ln150_1) | (icmp_ln127 & or_ln129 == 19 & !icmp_ln150)> <Delay = 0.00>
ST_3 : Operation 160 [1/1] (0.00ns)   --->   "call void @_ssdm_op_Write.ap_auto.volatile.i32P(i32* %ant_conf_fast_div_bias, i32 1)" [extr_.linuxdriversnetwirelessathath9kantenna.c_ath_ant_div_conf_fast_divbias_with_main.c:151]   --->   Operation 160 'write' <Predicate = (icmp_ln127 & or_ln129 == 19 & icmp_ln150 & icmp_ln150_1)> <Delay = 0.00>
ST_3 : Operation 161 [1/1] (0.00ns)   --->   "br label %53" [extr_.linuxdriversnetwirelessathath9kantenna.c_ath_ant_div_conf_fast_divbias_with_main.c:151]   --->   Operation 161 'br' <Predicate = (icmp_ln127 & or_ln129 == 19 & icmp_ln150 & icmp_ln150_1)> <Delay = 0.00>
ST_3 : Operation 162 [1/1] (0.00ns)   --->   "br label %._crit_edge9" [extr_.linuxdriversnetwirelessathath9kantenna.c_ath_ant_div_conf_fast_divbias_with_main.c:154]   --->   Operation 162 'br' <Predicate = (icmp_ln127 & or_ln129 == 19)> <Delay = 0.00>
ST_3 : Operation 163 [1/1] (0.00ns)   --->   "call void @_ssdm_op_Write.ap_auto.volatile.i32P(i32* %ant_conf_fast_div_bias, i32 1)" [extr_.linuxdriversnetwirelessathath9kantenna.c_ath_ant_div_conf_fast_divbias_with_main.c:147]   --->   Operation 163 'write' <Predicate = (icmp_ln127 & or_ln129 == 18)> <Delay = 0.00>
ST_3 : Operation 164 [1/1] (0.00ns)   --->   "br label %._crit_edge9" [extr_.linuxdriversnetwirelessathath9kantenna.c_ath_ant_div_conf_fast_divbias_with_main.c:148]   --->   Operation 164 'br' <Predicate = (icmp_ln127 & or_ln129 == 18)> <Delay = 0.00>
ST_3 : Operation 165 [1/1] (0.00ns)   --->   "%antcomb_scan_read_4 = call i32 @_ssdm_op_Read.ap_auto.volatile.i32P(i32* %antcomb_scan)" [extr_.linuxdriversnetwirelessathath9kantenna.c_ath_ant_div_conf_fast_divbias_with_main.c:141]   --->   Operation 165 'read' 'antcomb_scan_read_4' <Predicate = (icmp_ln127 & or_ln129 == 16)> <Delay = 0.00>
ST_3 : Operation 166 [1/1] (1.54ns)   --->   "%icmp_ln141 = icmp eq i32 %antcomb_scan_read_4, 0" [extr_.linuxdriversnetwirelessathath9kantenna.c_ath_ant_div_conf_fast_divbias_with_main.c:141]   --->   Operation 166 'icmp' 'icmp_ln141' <Predicate = (icmp_ln127 & or_ln129 == 16)> <Delay = 1.54> <Core = "Cmp">   --->   Core 25 'Cmp' <Latency = 0> <II = 1> <Delay = 1.54> <FuncUnit> <Opcode : 'icmp'> <InPorts = 2> <OutPorts = 1>
ST_3 : Operation 167 [1/1] (0.00ns)   --->   "br i1 %icmp_ln141, label %46, label %._crit_edge10" [extr_.linuxdriversnetwirelessathath9kantenna.c_ath_ant_div_conf_fast_divbias_with_main.c:141]   --->   Operation 167 'br' <Predicate = (icmp_ln127 & or_ln129 == 16)> <Delay = 0.00>
ST_3 : Operation 168 [1/1] (0.00ns)   --->   "%antcomb_ant_ratio_re = call i32 @_ssdm_op_Read.ap_auto.volatile.i32P(i32* %antcomb_ant_ratio)" [extr_.linuxdriversnetwirelessathath9kantenna.c_ath_ant_div_conf_fast_divbias_with_main.c:141]   --->   Operation 168 'read' 'antcomb_ant_ratio_re' <Predicate = (icmp_ln127 & or_ln129 == 16 & icmp_ln141)> <Delay = 0.00>
ST_3 : Operation 169 [1/1] (1.54ns)   --->   "%icmp_ln141_1 = icmp slt i32 %antcomb_ant_ratio_re, %alt_ratio_read" [extr_.linuxdriversnetwirelessathath9kantenna.c_ath_ant_div_conf_fast_divbias_with_main.c:141]   --->   Operation 169 'icmp' 'icmp_ln141_1' <Predicate = (icmp_ln127 & or_ln129 == 16 & icmp_ln141)> <Delay = 1.54> <Core = "Cmp">   --->   Core 25 'Cmp' <Latency = 0> <II = 1> <Delay = 1.54> <FuncUnit> <Opcode : 'icmp'> <InPorts = 2> <OutPorts = 1>
ST_3 : Operation 170 [1/1] (0.00ns)   --->   "br i1 %icmp_ln141_1, label %47, label %._crit_edge10" [extr_.linuxdriversnetwirelessathath9kantenna.c_ath_ant_div_conf_fast_divbias_with_main.c:141]   --->   Operation 170 'br' <Predicate = (icmp_ln127 & or_ln129 == 16 & icmp_ln141)> <Delay = 0.00>
ST_3 : Operation 171 [1/1] (0.00ns)   --->   "call void @_ssdm_op_Write.ap_auto.volatile.i32P(i32* %ant_conf_fast_div_bias, i32 2)" [extr_.linuxdriversnetwirelessathath9kantenna.c_ath_ant_div_conf_fast_divbias_with_main.c:144]   --->   Operation 171 'write' <Predicate = (icmp_ln127 & or_ln129 == 16 & !icmp_ln141_1) | (icmp_ln127 & or_ln129 == 16 & !icmp_ln141)> <Delay = 0.00>
ST_3 : Operation 172 [1/1] (0.00ns)   --->   "br label %48"   --->   Operation 172 'br' <Predicate = (icmp_ln127 & or_ln129 == 16 & !icmp_ln141_1) | (icmp_ln127 & or_ln129 == 16 & !icmp_ln141)> <Delay = 0.00>
ST_3 : Operation 173 [1/1] (0.00ns)   --->   "call void @_ssdm_op_Write.ap_auto.volatile.i32P(i32* %ant_conf_fast_div_bias, i32 1)" [extr_.linuxdriversnetwirelessathath9kantenna.c_ath_ant_div_conf_fast_divbias_with_main.c:142]   --->   Operation 173 'write' <Predicate = (icmp_ln127 & or_ln129 == 16 & icmp_ln141 & icmp_ln141_1)> <Delay = 0.00>
ST_3 : Operation 174 [1/1] (0.00ns)   --->   "br label %48" [extr_.linuxdriversnetwirelessathath9kantenna.c_ath_ant_div_conf_fast_divbias_with_main.c:142]   --->   Operation 174 'br' <Predicate = (icmp_ln127 & or_ln129 == 16 & icmp_ln141 & icmp_ln141_1)> <Delay = 0.00>
ST_3 : Operation 175 [1/1] (0.00ns)   --->   "br label %._crit_edge9" [extr_.linuxdriversnetwirelessathath9kantenna.c_ath_ant_div_conf_fast_divbias_with_main.c:145]   --->   Operation 175 'br' <Predicate = (icmp_ln127 & or_ln129 == 16)> <Delay = 0.00>
ST_3 : Operation 176 [1/1] (0.00ns)   --->   "call void @_ssdm_op_Write.ap_auto.volatile.i32P(i32* %ant_conf_fast_div_bias, i32 1)" [extr_.linuxdriversnetwirelessathath9kantenna.c_ath_ant_div_conf_fast_divbias_with_main.c:138]   --->   Operation 176 'write' <Predicate = (icmp_ln127 & or_ln129 == 3)> <Delay = 0.00>
ST_3 : Operation 177 [1/1] (0.00ns)   --->   "br label %._crit_edge9" [extr_.linuxdriversnetwirelessathath9kantenna.c_ath_ant_div_conf_fast_divbias_with_main.c:139]   --->   Operation 177 'br' <Predicate = (icmp_ln127 & or_ln129 == 3)> <Delay = 0.00>
ST_3 : Operation 178 [1/1] (0.00ns)   --->   "call void @_ssdm_op_Write.ap_auto.volatile.i32P(i32* %ant_conf_fast_div_bias, i32 1)" [extr_.linuxdriversnetwirelessathath9kantenna.c_ath_ant_div_conf_fast_divbias_with_main.c:135]   --->   Operation 178 'write' <Predicate = (icmp_ln127 & or_ln129 == 2)> <Delay = 0.00>
ST_3 : Operation 179 [1/1] (0.00ns)   --->   "br label %._crit_edge9" [extr_.linuxdriversnetwirelessathath9kantenna.c_ath_ant_div_conf_fast_divbias_with_main.c:136]   --->   Operation 179 'br' <Predicate = (icmp_ln127 & or_ln129 == 2)> <Delay = 0.00>
ST_3 : Operation 180 [1/1] (0.00ns)   --->   "call void @_ssdm_op_Write.ap_auto.volatile.i32P(i32* %ant_conf_fast_div_bias, i32 1)" [extr_.linuxdriversnetwirelessathath9kantenna.c_ath_ant_div_conf_fast_divbias_with_main.c:132]   --->   Operation 180 'write' <Predicate = (icmp_ln127 & or_ln129 == 1)> <Delay = 0.00>
ST_3 : Operation 181 [1/1] (0.00ns)   --->   "br label %._crit_edge9" [extr_.linuxdriversnetwirelessathath9kantenna.c_ath_ant_div_conf_fast_divbias_with_main.c:133]   --->   Operation 181 'br' <Predicate = (icmp_ln127 & or_ln129 == 1)> <Delay = 0.00>
ST_3 : Operation 182 [1/1] (0.00ns)   --->   "%antcomb_fast_div_bia = call i32 @_ssdm_op_Read.ap_auto.volatile.i32P(i32* %antcomb_fast_div_bias)" [extr_.linuxdriversnetwirelessathath9kantenna.c_ath_ant_div_conf_fast_divbias_with_main.c:183]   --->   Operation 182 'read' 'antcomb_fast_div_bia' <Predicate = (icmp_ln127)> <Delay = 0.00>
ST_3 : Operation 183 [1/1] (1.54ns)   --->   "%icmp_ln183 = icmp eq i32 %antcomb_fast_div_bia, 0" [extr_.linuxdriversnetwirelessathath9kantenna.c_ath_ant_div_conf_fast_divbias_with_main.c:183]   --->   Operation 183 'icmp' 'icmp_ln183' <Predicate = (icmp_ln127)> <Delay = 1.54> <Core = "Cmp">   --->   Core 25 'Cmp' <Latency = 0> <II = 1> <Delay = 1.54> <FuncUnit> <Opcode : 'icmp'> <InPorts = 2> <OutPorts = 1>
ST_3 : Operation 184 [1/1] (0.00ns)   --->   "br i1 %icmp_ln183, label %._crit_edge18, label %66" [extr_.linuxdriversnetwirelessathath9kantenna.c_ath_ant_div_conf_fast_divbias_with_main.c:183]   --->   Operation 184 'br' <Predicate = (icmp_ln127)> <Delay = 0.00>

State 4 <SV = 3> <Delay = 1.77>
ST_4 : Operation 185 [1/1] (0.00ns)   --->   "%ant_conf_div_group_r_3 = call i32 @_ssdm_op_Read.ap_auto.volatile.i32P(i32* %ant_conf_div_group)" [extr_.linuxdriversnetwirelessathath9kantenna.c_ath_ant_div_conf_fast_divbias_with_main.c:185]   --->   Operation 185 'read' 'ant_conf_div_group_r_3' <Predicate = (!icmp_ln25 & !icmp_ln68 & !icmp_ln127)> <Delay = 0.00>
ST_4 : Operation 186 [1/1] (1.54ns)   --->   "%icmp_ln185 = icmp eq i32 %ant_conf_div_group_r_3, 3" [extr_.linuxdriversnetwirelessathath9kantenna.c_ath_ant_div_conf_fast_divbias_with_main.c:185]   --->   Operation 186 'icmp' 'icmp_ln185' <Predicate = (!icmp_ln25 & !icmp_ln68 & !icmp_ln127)> <Delay = 1.54> <Core = "Cmp">   --->   Core 25 'Cmp' <Latency = 0> <II = 1> <Delay = 1.54> <FuncUnit> <Opcode : 'icmp'> <InPorts = 2> <OutPorts = 1>
ST_4 : Operation 187 [1/1] (0.00ns)   --->   "br i1 %icmp_ln185, label %68, label %._crit_edge19" [extr_.linuxdriversnetwirelessathath9kantenna.c_ath_ant_div_conf_fast_divbias_with_main.c:185]   --->   Operation 187 'br' <Predicate = (!icmp_ln25 & !icmp_ln68 & !icmp_ln127)> <Delay = 0.00>
ST_4 : Operation 188 [1/1] (0.00ns)   --->   "%ant_conf_main_lna_co_3 = call i32 @_ssdm_op_Read.ap_auto.volatile.i32P(i32* %ant_conf_main_lna_conf)" [extr_.linuxdriversnetwirelessathath9kantenna.c_ath_ant_div_conf_fast_divbias_with_main.c:186]   --->   Operation 188 'read' 'ant_conf_main_lna_co_3' <Predicate = (!icmp_ln25 & !icmp_ln68 & !icmp_ln127 & icmp_ln185)> <Delay = 0.00>
ST_4 : Operation 189 [1/1] (0.00ns) (grouped into LUT with out node or_ln186)   --->   "%shl_ln186 = shl i32 %ant_conf_main_lna_co_3, 4" [extr_.linuxdriversnetwirelessathath9kantenna.c_ath_ant_div_conf_fast_divbias_with_main.c:186]   --->   Operation 189 'shl' 'shl_ln186' <Predicate = (!icmp_ln25 & !icmp_ln68 & !icmp_ln127 & icmp_ln185)> <Delay = 0.00>
ST_4 : Operation 190 [1/1] (0.00ns)   --->   "%ant_conf_alt_lna_con_3 = call i32 @_ssdm_op_Read.ap_auto.volatile.i32P(i32* %ant_conf_alt_lna_conf)" [extr_.linuxdriversnetwirelessathath9kantenna.c_ath_ant_div_conf_fast_divbias_with_main.c:186]   --->   Operation 190 'read' 'ant_conf_alt_lna_con_3' <Predicate = (!icmp_ln25 & !icmp_ln68 & !icmp_ln127 & icmp_ln185)> <Delay = 0.00>
ST_4 : Operation 191 [1/1] (0.66ns) (out node of the LUT)   --->   "%or_ln186 = or i32 %ant_conf_alt_lna_con_3, %shl_ln186" [extr_.linuxdriversnetwirelessathath9kantenna.c_ath_ant_div_conf_fast_divbias_with_main.c:186]   --->   Operation 191 'or' 'or_ln186' <Predicate = (!icmp_ln25 & !icmp_ln68 & !icmp_ln127 & icmp_ln185)> <Delay = 0.66> <Core = "LogicGate">   --->   Core 27 'LogicGate' <Latency = 0> <II = 1> <Delay = 0.66> <FuncUnit> <Opcode : 'and' 'or' 'xor'> <InPorts = 2> <OutPorts = 1>
ST_4 : Operation 192 [1/1] (1.11ns)   --->   "switch i32 %or_ln186, label %._crit_edge20 [
    i32 1, label %69
    i32 2, label %70
    i32 3, label %71
    i32 16, label %72
    i32 18, label %73
    i32 19, label %74
    i32 32, label %75
    i32 33, label %76
    i32 35, label %77
    i32 48, label %78
    i32 49, label %79
    i32 50, label %80
  ]" [extr_.linuxdriversnetwirelessathath9kantenna.c_ath_ant_div_conf_fast_divbias_with_main.c:186]   --->   Operation 192 'switch' <Predicate = (!icmp_ln25 & !icmp_ln68 & !icmp_ln127 & icmp_ln185)> <Delay = 1.11>
ST_4 : Operation 193 [1/1] (0.00ns)   --->   "call void @_ssdm_op_Write.ap_auto.volatile.i32P(i32* %ant_conf_fast_div_bias, i32 1)" [extr_.linuxdriversnetwirelessathath9kantenna.c_ath_ant_div_conf_fast_divbias_with_main.c:222]   --->   Operation 193 'write' <Predicate = (!icmp_ln25 & !icmp_ln68 & !icmp_ln127 & icmp_ln185 & or_ln186 == 50)> <Delay = 0.00>
ST_4 : Operation 194 [1/1] (0.00ns)   --->   "br label %._crit_edge20" [extr_.linuxdriversnetwirelessathath9kantenna.c_ath_ant_div_conf_fast_divbias_with_main.c:223]   --->   Operation 194 'br' <Predicate = (!icmp_ln25 & !icmp_ln68 & !icmp_ln127 & icmp_ln185 & or_ln186 == 50)> <Delay = 0.00>
ST_4 : Operation 195 [1/1] (0.00ns)   --->   "call void @_ssdm_op_Write.ap_auto.volatile.i32P(i32* %ant_conf_fast_div_bias, i32 6)" [extr_.linuxdriversnetwirelessathath9kantenna.c_ath_ant_div_conf_fast_divbias_with_main.c:219]   --->   Operation 195 'write' <Predicate = (!icmp_ln25 & !icmp_ln68 & !icmp_ln127 & icmp_ln185 & or_ln186 == 49)> <Delay = 0.00>
ST_4 : Operation 196 [1/1] (0.00ns)   --->   "br label %._crit_edge20" [extr_.linuxdriversnetwirelessathath9kantenna.c_ath_ant_div_conf_fast_divbias_with_main.c:220]   --->   Operation 196 'br' <Predicate = (!icmp_ln25 & !icmp_ln68 & !icmp_ln127 & icmp_ln185 & or_ln186 == 49)> <Delay = 0.00>
ST_4 : Operation 197 [1/1] (0.00ns)   --->   "call void @_ssdm_op_Write.ap_auto.volatile.i32P(i32* %ant_conf_fast_div_bias, i32 1)" [extr_.linuxdriversnetwirelessathath9kantenna.c_ath_ant_div_conf_fast_divbias_with_main.c:216]   --->   Operation 197 'write' <Predicate = (!icmp_ln25 & !icmp_ln68 & !icmp_ln127 & icmp_ln185 & or_ln186 == 48)> <Delay = 0.00>
ST_4 : Operation 198 [1/1] (0.00ns)   --->   "br label %._crit_edge20" [extr_.linuxdriversnetwirelessathath9kantenna.c_ath_ant_div_conf_fast_divbias_with_main.c:217]   --->   Operation 198 'br' <Predicate = (!icmp_ln25 & !icmp_ln68 & !icmp_ln127 & icmp_ln185 & or_ln186 == 48)> <Delay = 0.00>
ST_4 : Operation 199 [1/1] (0.00ns)   --->   "call void @_ssdm_op_Write.ap_auto.volatile.i32P(i32* %ant_conf_fast_div_bias, i32 3)" [extr_.linuxdriversnetwirelessathath9kantenna.c_ath_ant_div_conf_fast_divbias_with_main.c:213]   --->   Operation 199 'write' <Predicate = (!icmp_ln25 & !icmp_ln68 & !icmp_ln127 & icmp_ln185 & or_ln186 == 35)> <Delay = 0.00>
ST_4 : Operation 200 [1/1] (0.00ns)   --->   "br label %._crit_edge20" [extr_.linuxdriversnetwirelessathath9kantenna.c_ath_ant_div_conf_fast_divbias_with_main.c:214]   --->   Operation 200 'br' <Predicate = (!icmp_ln25 & !icmp_ln68 & !icmp_ln127 & icmp_ln185 & or_ln186 == 35)> <Delay = 0.00>
ST_4 : Operation 201 [1/1] (0.00ns)   --->   "call void @_ssdm_op_Write.ap_auto.volatile.i32P(i32* %ant_conf_fast_div_bias, i32 3)" [extr_.linuxdriversnetwirelessathath9kantenna.c_ath_ant_div_conf_fast_divbias_with_main.c:210]   --->   Operation 201 'write' <Predicate = (!icmp_ln25 & !icmp_ln68 & !icmp_ln127 & icmp_ln185 & or_ln186 == 33)> <Delay = 0.00>
ST_4 : Operation 202 [1/1] (0.00ns)   --->   "br label %._crit_edge20" [extr_.linuxdriversnetwirelessathath9kantenna.c_ath_ant_div_conf_fast_divbias_with_main.c:211]   --->   Operation 202 'br' <Predicate = (!icmp_ln25 & !icmp_ln68 & !icmp_ln127 & icmp_ln185 & or_ln186 == 33)> <Delay = 0.00>
ST_4 : Operation 203 [1/1] (0.00ns)   --->   "call void @_ssdm_op_Write.ap_auto.volatile.i32P(i32* %ant_conf_fast_div_bias, i32 3)" [extr_.linuxdriversnetwirelessathath9kantenna.c_ath_ant_div_conf_fast_divbias_with_main.c:207]   --->   Operation 203 'write' <Predicate = (!icmp_ln25 & !icmp_ln68 & !icmp_ln127 & icmp_ln185 & or_ln186 == 32)> <Delay = 0.00>
ST_4 : Operation 204 [1/1] (0.00ns)   --->   "br label %._crit_edge20" [extr_.linuxdriversnetwirelessathath9kantenna.c_ath_ant_div_conf_fast_divbias_with_main.c:208]   --->   Operation 204 'br' <Predicate = (!icmp_ln25 & !icmp_ln68 & !icmp_ln127 & icmp_ln185 & or_ln186 == 32)> <Delay = 0.00>
ST_4 : Operation 205 [1/1] (0.00ns)   --->   "call void @_ssdm_op_Write.ap_auto.volatile.i32P(i32* %ant_conf_fast_div_bias, i32 2)" [extr_.linuxdriversnetwirelessathath9kantenna.c_ath_ant_div_conf_fast_divbias_with_main.c:204]   --->   Operation 205 'write' <Predicate = (!icmp_ln25 & !icmp_ln68 & !icmp_ln127 & icmp_ln185 & or_ln186 == 19)> <Delay = 0.00>
ST_4 : Operation 206 [1/1] (0.00ns)   --->   "br label %._crit_edge20" [extr_.linuxdriversnetwirelessathath9kantenna.c_ath_ant_div_conf_fast_divbias_with_main.c:205]   --->   Operation 206 'br' <Predicate = (!icmp_ln25 & !icmp_ln68 & !icmp_ln127 & icmp_ln185 & or_ln186 == 19)> <Delay = 0.00>
ST_4 : Operation 207 [1/1] (0.00ns)   --->   "call void @_ssdm_op_Write.ap_auto.volatile.i32P(i32* %ant_conf_fast_div_bias, i32 63)" [extr_.linuxdriversnetwirelessathath9kantenna.c_ath_ant_div_conf_fast_divbias_with_main.c:201]   --->   Operation 207 'write' <Predicate = (!icmp_ln25 & !icmp_ln68 & !icmp_ln127 & icmp_ln185 & or_ln186 == 18)> <Delay = 0.00>
ST_4 : Operation 208 [1/1] (0.00ns)   --->   "br label %._crit_edge20" [extr_.linuxdriversnetwirelessathath9kantenna.c_ath_ant_div_conf_fast_divbias_with_main.c:202]   --->   Operation 208 'br' <Predicate = (!icmp_ln25 & !icmp_ln68 & !icmp_ln127 & icmp_ln185 & or_ln186 == 18)> <Delay = 0.00>
ST_4 : Operation 209 [1/1] (0.00ns)   --->   "call void @_ssdm_op_Write.ap_auto.volatile.i32P(i32* %ant_conf_fast_div_bias, i32 2)" [extr_.linuxdriversnetwirelessathath9kantenna.c_ath_ant_div_conf_fast_divbias_with_main.c:198]   --->   Operation 209 'write' <Predicate = (!icmp_ln25 & !icmp_ln68 & !icmp_ln127 & icmp_ln185 & or_ln186 == 16)> <Delay = 0.00>
ST_4 : Operation 210 [1/1] (0.00ns)   --->   "br label %._crit_edge20" [extr_.linuxdriversnetwirelessathath9kantenna.c_ath_ant_div_conf_fast_divbias_with_main.c:199]   --->   Operation 210 'br' <Predicate = (!icmp_ln25 & !icmp_ln68 & !icmp_ln127 & icmp_ln185 & or_ln186 == 16)> <Delay = 0.00>
ST_4 : Operation 211 [1/1] (0.00ns)   --->   "call void @_ssdm_op_Write.ap_auto.volatile.i32P(i32* %ant_conf_fast_div_bias, i32 1)" [extr_.linuxdriversnetwirelessathath9kantenna.c_ath_ant_div_conf_fast_divbias_with_main.c:195]   --->   Operation 211 'write' <Predicate = (!icmp_ln25 & !icmp_ln68 & !icmp_ln127 & icmp_ln185 & or_ln186 == 3)> <Delay = 0.00>
ST_4 : Operation 212 [1/1] (0.00ns)   --->   "br label %._crit_edge20" [extr_.linuxdriversnetwirelessathath9kantenna.c_ath_ant_div_conf_fast_divbias_with_main.c:196]   --->   Operation 212 'br' <Predicate = (!icmp_ln25 & !icmp_ln68 & !icmp_ln127 & icmp_ln185 & or_ln186 == 3)> <Delay = 0.00>
ST_4 : Operation 213 [1/1] (0.00ns)   --->   "call void @_ssdm_op_Write.ap_auto.volatile.i32P(i32* %ant_conf_fast_div_bias, i32 57)" [extr_.linuxdriversnetwirelessathath9kantenna.c_ath_ant_div_conf_fast_divbias_with_main.c:192]   --->   Operation 213 'write' <Predicate = (!icmp_ln25 & !icmp_ln68 & !icmp_ln127 & icmp_ln185 & or_ln186 == 2)> <Delay = 0.00>
ST_4 : Operation 214 [1/1] (0.00ns)   --->   "br label %._crit_edge20" [extr_.linuxdriversnetwirelessathath9kantenna.c_ath_ant_div_conf_fast_divbias_with_main.c:193]   --->   Operation 214 'br' <Predicate = (!icmp_ln25 & !icmp_ln68 & !icmp_ln127 & icmp_ln185 & or_ln186 == 2)> <Delay = 0.00>
ST_4 : Operation 215 [1/1] (0.00ns)   --->   "call void @_ssdm_op_Write.ap_auto.volatile.i32P(i32* %ant_conf_fast_div_bias, i32 1)" [extr_.linuxdriversnetwirelessathath9kantenna.c_ath_ant_div_conf_fast_divbias_with_main.c:189]   --->   Operation 215 'write' <Predicate = (!icmp_ln25 & !icmp_ln68 & !icmp_ln127 & icmp_ln185 & or_ln186 == 1)> <Delay = 0.00>
ST_4 : Operation 216 [1/1] (0.00ns)   --->   "br label %._crit_edge20" [extr_.linuxdriversnetwirelessathath9kantenna.c_ath_ant_div_conf_fast_divbias_with_main.c:190]   --->   Operation 216 'br' <Predicate = (!icmp_ln25 & !icmp_ln68 & !icmp_ln127 & icmp_ln185 & or_ln186 == 1)> <Delay = 0.00>
ST_4 : Operation 217 [1/1] (0.00ns)   --->   "br label %._crit_edge19" [extr_.linuxdriversnetwirelessathath9kantenna.c_ath_ant_div_conf_fast_divbias_with_main.c:227]   --->   Operation 217 'br' <Predicate = (!icmp_ln25 & !icmp_ln68 & !icmp_ln127 & icmp_ln185)> <Delay = 0.00>
ST_4 : Operation 218 [1/1] (0.00ns)   --->   "br label %81"   --->   Operation 218 'br' <Predicate = (!icmp_ln25 & !icmp_ln68 & !icmp_ln127)> <Delay = 0.00>
ST_4 : Operation 219 [1/1] (0.00ns)   --->   "%antcomb_fast_div_bia_1 = call i32 @_ssdm_op_Read.ap_auto.volatile.i32P(i32* %antcomb_fast_div_bias)" [extr_.linuxdriversnetwirelessathath9kantenna.c_ath_ant_div_conf_fast_divbias_with_main.c:184]   --->   Operation 219 'read' 'antcomb_fast_div_bia_1' <Predicate = (!icmp_ln25 & !icmp_ln68 & icmp_ln127 & !icmp_ln183)> <Delay = 0.00>
ST_4 : Operation 220 [1/1] (0.00ns)   --->   "call void @_ssdm_op_Write.ap_auto.volatile.i32P(i32* %ant_conf_fast_div_bias, i32 %antcomb_fast_div_bia_1)" [extr_.linuxdriversnetwirelessathath9kantenna.c_ath_ant_div_conf_fast_divbias_with_main.c:184]   --->   Operation 220 'write' <Predicate = (!icmp_ln25 & !icmp_ln68 & icmp_ln127 & !icmp_ln183)> <Delay = 0.00>
ST_4 : Operation 221 [1/1] (0.00ns)   --->   "br label %._crit_edge18" [extr_.linuxdriversnetwirelessathath9kantenna.c_ath_ant_div_conf_fast_divbias_with_main.c:184]   --->   Operation 221 'br' <Predicate = (!icmp_ln25 & !icmp_ln68 & icmp_ln127 & !icmp_ln183)> <Delay = 0.00>
ST_4 : Operation 222 [1/1] (0.00ns)   --->   "br label %81" [extr_.linuxdriversnetwirelessathath9kantenna.c_ath_ant_div_conf_fast_divbias_with_main.c:185]   --->   Operation 222 'br' <Predicate = (!icmp_ln25 & !icmp_ln68 & icmp_ln127)> <Delay = 0.00>
ST_4 : Operation 223 [1/1] (0.00ns)   --->   "br label %82"   --->   Operation 223 'br' <Predicate = (!icmp_ln25 & !icmp_ln68)> <Delay = 0.00>
ST_4 : Operation 224 [1/1] (0.00ns)   --->   "br label %83"   --->   Operation 224 'br' <Predicate = (!icmp_ln25)> <Delay = 0.00>
ST_4 : Operation 225 [1/1] (0.00ns)   --->   "ret void" [extr_.linuxdriversnetwirelessathath9kantenna.c_ath_ant_div_conf_fast_divbias_with_main.c:228]   --->   Operation 225 'ret' <Predicate = true> <Delay = 0.00>

State 5 <SV = 2> <Delay = 0.00>
ST_5 : Operation 226 [1/1] (0.00ns)   --->   "br label %82" [extr_.linuxdriversnetwirelessathath9kantenna.c_ath_ant_div_conf_fast_divbias_with_main.c:127]   --->   Operation 226 'br' <Predicate = true> <Delay = 0.00>

State 6 <SV = 1> <Delay = 0.00>
ST_6 : Operation 227 [1/1] (0.00ns)   --->   "br label %83" [extr_.linuxdriversnetwirelessathath9kantenna.c_ath_ant_div_conf_fast_divbias_with_main.c:68]   --->   Operation 227 'br' <Predicate = true> <Delay = 0.00>


============================================================
+ Verbose Summary: Timing violations
============================================================
Target clock period: 10ns, clock uncertainty: 1.25ns.

 <State 1>: 1.78ns
The critical path consists of the following:
	wire read on port 'ant_conf_main_lna_conf' (extr_.linuxdriversnetwirelessathath9kantenna.c_ath_ant_div_conf_fast_divbias_with_main.c:27) [280]  (0 ns)
	'shl' operation ('shl_ln27', extr_.linuxdriversnetwirelessathath9kantenna.c_ath_ant_div_conf_fast_divbias_with_main.c:27) [281]  (0 ns)
	'or' operation ('or_ln27', extr_.linuxdriversnetwirelessathath9kantenna.c_ath_ant_div_conf_fast_divbias_with_main.c:27) [283]  (0.66 ns)
	blocking operation 1.12 ns on control path)

 <State 2>: 2.16ns
The critical path consists of the following:
	wire read on port 'antcomb_scan' (extr_.linuxdriversnetwirelessathath9kantenna.c_ath_ant_div_conf_fast_divbias_with_main.c:109) [209]  (0 ns)
	'icmp' operation ('icmp_ln109', extr_.linuxdriversnetwirelessathath9kantenna.c_ath_ant_div_conf_fast_divbias_with_main.c:109) [210]  (1.55 ns)
	'and' operation ('and_ln109', extr_.linuxdriversnetwirelessathath9kantenna.c_ath_ant_div_conf_fast_divbias_with_main.c:109) [211]  (0.616 ns)

 <State 3>: 1.78ns
The critical path consists of the following:
	wire read on port 'ant_conf_main_lna_conf' (extr_.linuxdriversnetwirelessathath9kantenna.c_ath_ant_div_conf_fast_divbias_with_main.c:129) [88]  (0 ns)
	'shl' operation ('shl_ln129', extr_.linuxdriversnetwirelessathath9kantenna.c_ath_ant_div_conf_fast_divbias_with_main.c:129) [89]  (0 ns)
	'or' operation ('or_ln129', extr_.linuxdriversnetwirelessathath9kantenna.c_ath_ant_div_conf_fast_divbias_with_main.c:129) [91]  (0.66 ns)
	blocking operation 1.12 ns on control path)

 <State 4>: 1.78ns
The critical path consists of the following:
	wire read on port 'ant_conf_main_lna_conf' (extr_.linuxdriversnetwirelessathath9kantenna.c_ath_ant_div_conf_fast_divbias_with_main.c:186) [42]  (0 ns)
	'shl' operation ('shl_ln186', extr_.linuxdriversnetwirelessathath9kantenna.c_ath_ant_div_conf_fast_divbias_with_main.c:186) [43]  (0 ns)
	'or' operation ('or_ln186', extr_.linuxdriversnetwirelessathath9kantenna.c_ath_ant_div_conf_fast_divbias_with_main.c:186) [45]  (0.66 ns)
	blocking operation 1.12 ns on control path)

 <State 5>: 0ns
The critical path consists of the following:

 <State 6>: 0ns
The critical path consists of the following:


============================================================
+ Verbose Summary: Binding
============================================================
N/A
* FSMD analyzer results:
  - Output states:
 - Input state : 
  - Chain level:
	State 1
	State 2
	State 3
	State 4
	State 5
	State 6


============================================================
+ Verbose Summary: Datapath Resource usage 
============================================================
N/A
