

================================================================
== Vivado HLS Report for 'SiS_Generic_ConvertCRData'
================================================================
* Date:           Sun May 24 19:55:10 2020

* Version:        2019.1 (Build 2552052 on Fri May 24 15:28:33 MDT 2019)
* Project:        proj_extr_.linuxdriversvideofbdevsisinit.c_SiS_Generic_ConvertCRData_with_main.c
* Solution:       solution1
* Product family: kintex7
* Target device:  xc7k160t-fbg484-1


================================================================
== Performance Estimates
================================================================
+ Timing (ns): 
    * Summary: 
    +--------+-------+----------+------------+
    |  Clock | Target| Estimated| Uncertainty|
    +--------+-------+----------+------------+
    |ap_clk  |  10.00|     8.477|        1.25|
    +--------+-------+----------+------------+

+ Latency (clock cycles): 
    * Summary: 
    +-----+-----+-----+-----+---------+
    |  Latency  |  Interval | Pipeline|
    | min | max | min | max |   Type  |
    +-----+-----+-----+-----+---------+
    |    6|    6|    6|    6|   none  |
    +-----+-----+-----+-----+---------+

    + Detail: 
        * Instance: 
        N/A

        * Loop: 
        N/A



================================================================
== Utilization Estimates
================================================================
* Summary: 
+-----------------+---------+-------+--------+--------+-----+
|       Name      | BRAM_18K| DSP48E|   FF   |   LUT  | URAM|
+-----------------+---------+-------+--------+--------+-----+
|DSP              |        -|      -|       -|       -|    -|
|Expression       |        -|      -|       0|     511|    -|
|FIFO             |        -|      -|       -|       -|    -|
|Instance         |        -|      -|       -|       -|    -|
|Memory           |        -|      -|       -|       -|    -|
|Multiplexer      |        -|      -|       -|     159|    -|
|Register         |        -|      -|     136|       -|    -|
+-----------------+---------+-------+--------+--------+-----+
|Total            |        0|      0|     136|     670|    0|
+-----------------+---------+-------+--------+--------+-----+
|Available        |      650|    600|  202800|  101400|    0|
+-----------------+---------+-------+--------+--------+-----+
|Utilization (%)  |        0|      0|   ~0   |   ~0   |    0|
+-----------------+---------+-------+--------+--------+-----+

+ Detail: 
    * Instance: 
    N/A

    * DSP48E: 
    N/A

    * Memory: 
    N/A

    * FIFO: 
    N/A

    * Expression: 
    +--------------------------+----------+-------+---+----+------------+------------+
    |       Variable Name      | Operation| DSP48E| FF| LUT| Bitwidth P0| Bitwidth P1|
    +--------------------------+----------+-------+---+----+------------+------------+
    |E_1_fu_693_p2             |     +    |      0|  0|  19|           1|          12|
    |E_fu_405_p2               |     +    |      0|  0|  18|           1|          11|
    |add_ln65_fu_578_p2        |     +    |      0|  0|  19|          12|          12|
    |add_ln66_fu_660_p2        |     +    |      0|  0|  22|           6|          15|
    |D_fu_837_p2               |     -    |      0|  0|  13|          13|          13|
    |F_fu_718_p2               |     -    |      0|  0|  19|          12|          12|
    |p_neg_fu_547_p2           |     -    |      0|  0|  13|           2|          12|
    |sub_ln112_fu_831_p2       |     -    |      0|  0|  13|          13|          13|
    |sub_ln40_fu_422_p2        |     -    |      0|  0|  18|          11|          11|
    |sub_ln62_fu_553_p2        |     -    |      0|  0|  13|          12|          12|
    |temp_1_fu_517_p2          |     -    |      0|  0|  15|           7|           7|
    |temp_3_fu_748_p2          |     -    |      0|  0|  17|          10|          10|
    |temp_4_fu_796_p2          |     -    |      0|  0|  15|           6|           6|
    |temp_fu_472_p2            |     -    |      0|  0|  16|           9|           9|
    |and_ln119_fu_872_p2       |    and   |      0|  0|   6|           1|           1|
    |icmp_ln105_fu_754_p2      |   icmp   |      0|  0|  13|          10|           1|
    |icmp_ln110_fu_802_p2      |   icmp   |      0|  0|  11|           6|           1|
    |icmp_ln119_1_fu_854_p2    |   icmp   |      0|  0|  18|          32|           8|
    |icmp_ln119_2_fu_860_p2    |   icmp   |      0|  0|  18|          32|           8|
    |icmp_ln119_fu_848_p2      |   icmp   |      0|  0|  18|          32|           9|
    |icmp_ln57_fu_478_p2       |   icmp   |      0|  0|  13|           9|           1|
    |icmp_ln60_fu_523_p2       |   icmp   |      0|  0|  11|           7|           1|
    |icmp_ln64_fu_559_p2       |   icmp   |      0|  0|  18|          32|           1|
    |or_ln119_fu_866_p2        |    or    |      0|  0|   6|           1|           1|
    |select_ln105_fu_766_p3    |  select  |      0|  0|  10|           1|          10|
    |select_ln119_1_fu_886_p3  |  select  |      0|  0|  15|           1|          15|
    |select_ln119_2_fu_899_p3  |  select  |      0|  0|  15|           1|           4|
    |select_ln119_3_fu_907_p3  |  select  |      0|  0|  15|           1|          15|
    |select_ln119_4_fu_920_p3  |  select  |      0|  0|  10|           1|           6|
    |select_ln119_5_fu_928_p3  |  select  |      0|  0|  10|           1|          10|
    |select_ln119_fu_878_p3    |  select  |      0|  0|  15|           1|           5|
    |select_ln57_fu_498_p3     |  select  |      0|  0|  10|           1|          10|
    |temp_6_fu_535_p3          |  select  |      0|  0|   7|           1|           7|
    |temp_7_fu_814_p3          |  select  |      0|  0|   6|           1|           6|
    |xor_ln105_fu_760_p2       |    xor   |      0|  0|  11|          10|          11|
    |xor_ln110_fu_808_p2       |    xor   |      0|  0|   7|           6|           7|
    |xor_ln57_fu_488_p2        |    xor   |      0|  0|  10|           9|          10|
    |xor_ln60_fu_529_p2        |    xor   |      0|  0|   8|           7|           8|
    +--------------------------+----------+-------+---+----+------------+------------+
    |Total                     |          |      0|  0| 511|         319|         311|
    +--------------------------+----------+-------+---+----+------------+------------+

    * Multiplexer: 
    +-------------------------------+----+-----------+-----+-----------+
    |              Name             | LUT| Input Size| Bits| Total Bits|
    +-------------------------------+----+-----------+-----+-----------+
    |ap_NS_fsm                      |  41|          8|    1|          8|
    |ap_phi_mux_p_01_phi_fu_342_p4  |  15|          3|   32|         96|
    |crdata_address0                |  38|          7|   10|         70|
    |crdata_address1                |  38|          7|   10|         70|
    |p_0_reg_329                    |   9|          2|   32|         64|
    |reg_356                        |   9|          2|    8|         16|
    |reg_361                        |   9|          2|    8|         16|
    +-------------------------------+----+-----------+-----+-----------+
    |Total                          | 159|         31|  101|        340|
    +-------------------------------+----+-----------+-----+-----------+

    * Register: 
    +----------------------+----+----+-----+-----------+
    |         Name         | FF | LUT| Bits| Const Bits|
    +----------------------+----+----+-----+-----------+
    |add_ln65_reg_1045     |  12|   0|   12|          0|
    |ap_CS_fsm             |   7|   0|    7|          0|
    |icmp_ln64_reg_1026    |   1|   0|    1|          0|
    |p_0_reg_329           |  32|   0|   32|          0|
    |reg_356               |   8|   0|    8|          0|
    |reg_361               |   8|   0|    8|          0|
    |sext_ln57_1_reg_1011  |  12|   0|   12|          0|
    |sub_ln40_reg_1006     |  11|   0|   11|          0|
    |sub_ln62_reg_1021     |  12|   0|   12|          0|
    |temp_6_reg_1016       |   7|   0|    7|          0|
    |tmp_10_reg_1066       |   1|   0|    1|          0|
    |tmp_11_reg_1076       |   1|   0|    1|          0|
    |tmp_12_reg_1081       |   1|   0|    1|          0|
    |tmp_13_reg_1086       |   1|   0|    1|          0|
    |tmp_15_reg_1091       |   1|   0|    1|          0|
    |tmp_16_reg_1096       |   1|   0|    1|          0|
    |tmp_2_reg_961         |   2|   0|    2|          0|
    |tmp_5_reg_991         |   1|   0|    1|          0|
    |tmp_6_reg_1055        |   1|   0|    1|          0|
    |tmp_9_reg_1061        |   1|   0|    1|          0|
    |tmp_reg_951           |   2|   0|    2|          0|
    |trunc_ln40_reg_971    |   6|   0|    6|          0|
    |trunc_ln49_2_reg_986  |   2|   0|    2|          0|
    |trunc_ln92_reg_1101   |   5|   0|    5|          0|
    +----------------------+----+----+-----+-----------+
    |Total                 | 136|   0|  136|          0|
    +----------------------+----+----+-----+-----------+



================================================================
== Interface
================================================================
* Summary: 
+-------------------------+-----+-----+------------+---------------------------+--------------+
|        RTL Ports        | Dir | Bits|  Protocol  |       Source Object       |    C Type    |
+-------------------------+-----+-----+------------+---------------------------+--------------+
|ap_clk                   |  in |    1| ap_ctrl_hs | SiS_Generic_ConvertCRData | return value |
|ap_rst                   |  in |    1| ap_ctrl_hs | SiS_Generic_ConvertCRData | return value |
|ap_start                 |  in |    1| ap_ctrl_hs | SiS_Generic_ConvertCRData | return value |
|ap_done                  | out |    1| ap_ctrl_hs | SiS_Generic_ConvertCRData | return value |
|ap_idle                  | out |    1| ap_ctrl_hs | SiS_Generic_ConvertCRData | return value |
|ap_ready                 | out |    1| ap_ctrl_hs | SiS_Generic_ConvertCRData | return value |
|SiS_Pr_dummy             |  in |   32|   ap_none  |        SiS_Pr_dummy       |    pointer   |
|crdata_address0          | out |   10|  ap_memory |           crdata          |     array    |
|crdata_ce0               | out |    1|  ap_memory |           crdata          |     array    |
|crdata_q0                |  in |    8|  ap_memory |           crdata          |     array    |
|crdata_address1          | out |   10|  ap_memory |           crdata          |     array    |
|crdata_ce1               | out |    1|  ap_memory |           crdata          |     array    |
|crdata_q1                |  in |    8|  ap_memory |           crdata          |     array    |
|xres                     |  in |   32|   ap_none  |            xres           |    scalar    |
|yres                     |  in |   32|   ap_none  |            yres           |    scalar    |
|var_xres                 | out |   32|   ap_vld   |          var_xres         |    pointer   |
|var_xres_ap_vld          | out |    1|   ap_vld   |          var_xres         |    pointer   |
|var_left_margin          | out |   32|   ap_vld   |      var_left_margin      |    pointer   |
|var_left_margin_ap_vld   | out |    1|   ap_vld   |      var_left_margin      |    pointer   |
|var_right_margin         | out |   32|   ap_vld   |      var_right_margin     |    pointer   |
|var_right_margin_ap_vld  | out |    1|   ap_vld   |      var_right_margin     |    pointer   |
|var_hsync_len            | out |   32|   ap_vld   |       var_hsync_len       |    pointer   |
|var_hsync_len_ap_vld     | out |    1|   ap_vld   |       var_hsync_len       |    pointer   |
|var_yres                 | out |   32|   ap_vld   |          var_yres         |    pointer   |
|var_yres_ap_vld          | out |    1|   ap_vld   |          var_yres         |    pointer   |
|var_upper_margin         | out |   32|   ap_vld   |      var_upper_margin     |    pointer   |
|var_upper_margin_ap_vld  | out |    1|   ap_vld   |      var_upper_margin     |    pointer   |
|var_lower_margin         | out |   32|   ap_vld   |      var_lower_margin     |    pointer   |
|var_lower_margin_ap_vld  | out |    1|   ap_vld   |      var_lower_margin     |    pointer   |
|var_vsync_len            | out |   32|   ap_vld   |       var_vsync_len       |    pointer   |
|var_vsync_len_ap_vld     | out |    1|   ap_vld   |       var_vsync_len       |    pointer   |
|writeres                 |  in |   32|   ap_none  |          writeres         |    scalar    |
+-------------------------+-----+-----+------------+---------------------------+--------------+

