==============================================================
Vivado(TM) HLS - High-Level Synthesis from C, C++ and SystemC v2019.1 (64-bit)
Copyright 1986-2019 Xilinx, Inc. All Rights Reserved.
==============================================================
INFO: [SYN 201-201] Setting up clock 'default' with a period of 5ns.
INFO: [SYN 201-201] Setting up clock 'default' with a period of 10ns.
INFO: [SCHED 204-61] Option 'relax_ii_for_timing' is enabled, will increase II to preserve clock frequency constraints.
INFO: [HLS 200-10] Analyzing design file 'extr_.linuxdriversgpudrmmediatekmtk_drm_ddp.c_mtk_ddp_mout_en_with_main.c' ... 
INFO: [HLS 200-111] Finished Linking Time (s): cpu = 00:00:57 ; elapsed = 00:06:38 . Memory (MB): peak = 832.453 ; gain = 132.133 ; free physical = 14177 ; free virtual = 43656
INFO: [HLS 200-111] Finished Checking Pragmas Time (s): cpu = 00:00:57 ; elapsed = 00:06:38 . Memory (MB): peak = 832.453 ; gain = 132.133 ; free physical = 14177 ; free virtual = 43656
INFO: [HLS 200-10] Starting code transformations ...
INFO: [HLS 200-111] Finished Standard Transforms Time (s): cpu = 00:00:59 ; elapsed = 00:06:40 . Memory (MB): peak = 832.453 ; gain = 132.133 ; free physical = 14177 ; free virtual = 43657
INFO: [HLS 200-10] Checking synthesizability ...
INFO: [HLS 200-111] Finished Checking Synthesizability Time (s): cpu = 00:00:59 ; elapsed = 00:06:40 . Memory (MB): peak = 832.453 ; gain = 132.133 ; free physical = 14177 ; free virtual = 43657
INFO: [XFORM 203-602] Inlining function 'mtk_ddp_mout_en' into 'main' (extr_.linuxdriversgpudrmmediatekmtk_drm_ddp.c_mtk_ddp_mout_en_with_main.c:146) automatically.
INFO: [HLS 200-111] Finished Pre-synthesis Time (s): cpu = 00:00:59 ; elapsed = 00:06:40 . Memory (MB): peak = 832.453 ; gain = 132.133 ; free physical = 14175 ; free virtual = 43654
INFO: [HLS 200-111] Finished Architecture Synthesis Time (s): cpu = 00:00:59 ; elapsed = 00:06:40 . Memory (MB): peak = 832.453 ; gain = 132.133 ; free physical = 14175 ; free virtual = 43654
INFO: [HLS 200-10] Starting hardware synthesis ...
INFO: [HLS 200-10] Synthesizing 'main' ...
INFO: [HLS 200-10] ----------------------------------------------------------------
INFO: [HLS 200-42] -- Implementing module 'main' 
INFO: [HLS 200-10] ----------------------------------------------------------------
INFO: [SCHED 204-11] Starting scheduling ...
INFO: [SCHED 204-11] Finished scheduling.
INFO: [HLS 200-111]  Elapsed time: 206.89 seconds; current allocated memory: 115.287 MB.
INFO: [BIND 205-100] Starting micro-architecture generation ...
INFO: [BIND 205-101] Performing variable lifetime analysis.
INFO: [BIND 205-101] Exploring resource sharing.
INFO: [BIND 205-101] Binding ...
INFO: [BIND 205-100] Finished micro-architecture generation.
INFO: [HLS 200-111]  Elapsed time: 0.02 seconds; current allocated memory: 115.316 MB.
INFO: [HLS 200-10] ----------------------------------------------------------------
INFO: [HLS 200-10] -- Generating RTL for module 'main' 
INFO: [HLS 200-10] ----------------------------------------------------------------
INFO: [RTGEN 206-500] Setting interface mode on function 'main' to 'ap_ctrl_hs'.
INFO: [RTGEN 206-100] Finished creating RTL model for 'main'.
INFO: [HLS 200-111]  Elapsed time: 0.01 seconds; current allocated memory: 115.360 MB.
INFO: [HLS 200-111] Finished generating all RTL models Time (s): cpu = 00:01:00 ; elapsed = 00:06:40 . Memory (MB): peak = 832.453 ; gain = 132.133 ; free physical = 14171 ; free virtual = 43650
INFO: [VHDL 208-304] Generating VHDL RTL for main.
INFO: [VLOG 209-307] Generating Verilog RTL for main.
INFO: [HLS 200-10] Opening solution '/home/vivado/HLStools/vivado/214_revisao/proj_extr_.linuxdriversgpudrmmediatekmtk_drm_ddp.c_mtk_ddp_mout_en_with_main.c/sol'.
==============================================================
Vivado(TM) HLS - High-Level Synthesis from C, C++ and SystemC v2019.1 (64-bit)
Copyright 1986-2019 Xilinx, Inc. All Rights Reserved.
==============================================================
INFO: [SYN 201-201] Setting up clock 'default' with a period of 10ns.
INFO: [SYN 201-201] Setting up clock 'default' with a period of 5ns.
INFO: [SYN 201-201] Setting up clock 'default' with a period of 10ns.
INFO: [SCHED 204-61] Option 'relax_ii_for_timing' is enabled, will increase II to preserve clock frequency constraints.
INFO: [HLS 200-10] Analyzing design file 'extr_.linuxdriversgpudrmmediatekmtk_drm_ddp.c_mtk_ddp_mout_en_with_main.c' ... 
INFO: [HLS 200-111] Finished Linking Time (s): cpu = 00:01:12 ; elapsed = 00:07:15 . Memory (MB): peak = 832.453 ; gain = 132.133 ; free physical = 14170 ; free virtual = 43650
INFO: [HLS 200-111] Finished Checking Pragmas Time (s): cpu = 00:01:12 ; elapsed = 00:07:15 . Memory (MB): peak = 832.453 ; gain = 132.133 ; free physical = 14170 ; free virtual = 43650
INFO: [HLS 200-10] Starting code transformations ...
ERROR: [SYNCHK 200-79] Static function 'mtk_ddp_mout_en' cannot be set as the top model.
ERROR: [HLS 200-70] Synthesizability check failed.
INFO: [HLS 200-10] Opening project '/home/vivado/HLStools/vivado/214_revisao/proj_extr_.linuxdriversgpudrmradeonr100.c_r100_cs_track_clear_with_main.c'.
INFO: [HLS 200-10] Creating and opening solution '/home/vivado/HLStools/vivado/214_revisao/proj_extr_.linuxdriversgpudrmradeonr100.c_r100_cs_track_clear_with_main.c/sol'.
