

================================================================
== Vivado HLS Report for 'ath_ant_div_conf_fast_divbias'
================================================================
* Date:           Thu Jul  2 17:22:43 2020

* Version:        2019.1 (Build 2552052 on Fri May 24 15:28:33 MDT 2019)
* Project:        proj_extr_.linuxdriversnetwirelessathath9kantenna.c_ath_ant_div_conf_fast_divbias_with_main.c
* Solution:       solution1
* Product family: kintex7
* Target device:  xc7k160t-fbg484-1


================================================================
== Performance Estimates
================================================================
+ Timing (ns): 
    * Summary: 
    +--------+-------+----------+------------+
    |  Clock | Target| Estimated| Uncertainty|
    +--------+-------+----------+------------+
    |ap_clk  |  10.00|     2.162|        1.25|
    +--------+-------+----------+------------+

+ Latency (clock cycles): 
    * Summary: 
    +-----+-----+-----+-----+---------+
    |  Latency  |  Interval | Pipeline|
    | min | max | min | max |   Type  |
    +-----+-----+-----+-----+---------+
    |    2|    3|    2|    3|   none  |
    +-----+-----+-----+-----+---------+

    + Detail: 
        * Instance: 
        N/A

        * Loop: 
        N/A



================================================================
== Utilization Estimates
================================================================
* Summary: 
+-----------------+---------+-------+--------+--------+-----+
|       Name      | BRAM_18K| DSP48E|   FF   |   LUT  | URAM|
+-----------------+---------+-------+--------+--------+-----+
|DSP              |        -|      -|       -|       -|    -|
|Expression       |        -|      -|       0|     278|    -|
|FIFO             |        -|      -|       -|       -|    -|
|Instance         |        -|      -|       -|       -|    -|
|Memory           |        -|      -|       -|       -|    -|
|Multiplexer      |        -|      -|       -|      91|    -|
|Register         |        -|      -|      11|       -|    -|
+-----------------+---------+-------+--------+--------+-----+
|Total            |        0|      0|      11|     369|    0|
+-----------------+---------+-------+--------+--------+-----+
|Available        |      650|    600|  202800|  101400|    0|
+-----------------+---------+-------+--------+--------+-----+
|Utilization (%)  |        0|      0|   ~0   |   ~0   |    0|
+-----------------+---------+-------+--------+--------+-----+

+ Detail: 
    * Instance: 
    N/A

    * DSP48E: 
    N/A

    * Memory: 
    N/A

    * FIFO: 
    N/A

    * Expression: 
    +-----------------------+----------+-------+---+----+------------+------------+
    |     Variable Name     | Operation| DSP48E| FF| LUT| Bitwidth P0| Bitwidth P1|
    +-----------------------+----------+-------+---+----+------------+------------+
    |grp_fu_154_p2          |    and   |      0|  0|   6|           1|           1|
    |grp_fu_148_p2          |   icmp   |      0|  0|  18|          32|           1|
    |grp_fu_159_p2          |   icmp   |      0|  0|  18|          32|          32|
    |icmp_ln127_fu_206_p2   |   icmp   |      0|  0|  18|          32|           2|
    |icmp_ln183_fu_224_p2   |   icmp   |      0|  0|  18|          32|           1|
    |icmp_ln185_fu_230_p2   |   icmp   |      0|  0|  18|          32|           2|
    |icmp_ln25_fu_164_p2    |   icmp   |      0|  0|  18|          32|           1|
    |icmp_ln68_fu_188_p2    |   icmp   |      0|  0|  18|          32|           1|
    |icmp_ln82_1_fu_170_p2  |   icmp   |      0|  0|  18|          32|           1|
    |or_ln129_fu_218_p2     |    or    |      0|  0|  32|          32|          32|
    |or_ln186_fu_242_p2     |    or    |      0|  0|  32|          32|          32|
    |or_ln27_fu_182_p2      |    or    |      0|  0|  32|          32|          32|
    |or_ln70_fu_200_p2      |    or    |      0|  0|  32|          32|          32|
    +-----------------------+----------+-------+---+----+------------+------------+
    |Total                  |          |      0|  0| 278|         385|         170|
    +-----------------------+----------+-------+---+----+------------+------------+

    * Multiplexer: 
    +------------------------+----+-----------+-----+-----------+
    |          Name          | LUT| Input Size| Bits| Total Bits|
    +------------------------+----+-----------+-----+-----------+
    |ant_conf_fast_div_bias  |  53|         12|   32|        384|
    |ap_NS_fsm               |  38|          7|    1|          7|
    +------------------------+----+-----------+-----+-----------+
    |Total                   |  91|         19|   33|        391|
    +------------------------+----+-----------+-----+-----------+

    * Register: 
    +---------------------+---+----+-----+-----------+
    |         Name        | FF| LUT| Bits| Const Bits|
    +---------------------+---+----+-----+-----------+
    |ap_CS_fsm            |  6|   0|    6|          0|
    |icmp_ln127_reg_284   |  1|   0|    1|          0|
    |icmp_ln183_reg_315   |  1|   0|    1|          0|
    |icmp_ln25_reg_253    |  1|   0|    1|          0|
    |icmp_ln68_reg_265    |  1|   0|    1|          0|
    |icmp_ln82_1_reg_257  |  1|   0|    1|          0|
    +---------------------+---+----+-----+-----------+
    |Total                | 11|   0|   11|          0|
    +---------------------+---+----+-----+-----------+



================================================================
== Interface
================================================================
* Summary: 
+-------------------------------+-----+-----+------------+-------------------------------+--------------+
|           RTL Ports           | Dir | Bits|  Protocol  |         Source Object         |    C Type    |
+-------------------------------+-----+-----+------------+-------------------------------+--------------+
|ap_clk                         |  in |    1| ap_ctrl_hs | ath_ant_div_conf_fast_divbias | return value |
|ap_rst                         |  in |    1| ap_ctrl_hs | ath_ant_div_conf_fast_divbias | return value |
|ap_start                       |  in |    1| ap_ctrl_hs | ath_ant_div_conf_fast_divbias | return value |
|ap_done                        | out |    1| ap_ctrl_hs | ath_ant_div_conf_fast_divbias | return value |
|ap_idle                        | out |    1| ap_ctrl_hs | ath_ant_div_conf_fast_divbias | return value |
|ap_ready                       | out |    1| ap_ctrl_hs | ath_ant_div_conf_fast_divbias | return value |
|ant_conf_div_group             |  in |   32|   ap_none  |       ant_conf_div_group      |    pointer   |
|ant_conf_main_lna_conf         |  in |   32|   ap_none  |     ant_conf_main_lna_conf    |    pointer   |
|ant_conf_alt_lna_conf          |  in |   32|   ap_none  |     ant_conf_alt_lna_conf     |    pointer   |
|ant_conf_fast_div_bias         | out |   32|   ap_vld   |     ant_conf_fast_div_bias    |    pointer   |
|ant_conf_fast_div_bias_ap_vld  | out |    1|   ap_vld   |     ant_conf_fast_div_bias    |    pointer   |
|ant_conf_alt_gaintb            | out |   32|   ap_vld   |      ant_conf_alt_gaintb      |    pointer   |
|ant_conf_alt_gaintb_ap_vld     | out |    1|   ap_vld   |      ant_conf_alt_gaintb      |    pointer   |
|ant_conf_main_gaintb           | out |   32|   ap_vld   |      ant_conf_main_gaintb     |    pointer   |
|ant_conf_main_gaintb_ap_vld    | out |    1|   ap_vld   |      ant_conf_main_gaintb     |    pointer   |
|antcomb_ant_ratio              |  in |   32|   ap_none  |       antcomb_ant_ratio       |    pointer   |
|antcomb_fast_div_bias          |  in |   32|   ap_none  |     antcomb_fast_div_bias     |    pointer   |
|antcomb_scan                   |  in |   32|   ap_none  |          antcomb_scan         |    pointer   |
|alt_ratio                      |  in |   32|   ap_none  |           alt_ratio           |    scalar    |
+-------------------------------+-----+-----+------------+-------------------------------+--------------+

