#-----------------------------------------------------------
# xsim v2019.1 (64-bit)
# SW Build 2552052 on Fri May 24 14:47:09 MDT 2019
# IP Build 2548770 on Fri May 24 18:01:18 MDT 2019
# Start of session at: Mon Apr 27 13:46:13 2020
# Process ID: 57259
# Current directory: /home/dalila/HLStools/vivado/ready/Fir/proj/sol/sim/verilog
# Command line: xsim -mode tcl -source {xsim.dir/fir/xsim_script.tcl}
# Log file: /home/dalila/HLStools/vivado/ready/Fir/proj/sol/sim/verilog/xsim.log
# Journal file: /home/dalila/HLStools/vivado/ready/Fir/proj/sol/sim/verilog/xsim.jou
#-----------------------------------------------------------
source xsim.dir/fir/xsim_script.tcl
# xsim {fir} -autoloadwcfg -tclbatch {fir.tcl}
Vivado Simulator 2019.1
Time resolution is 1 ps
source fir.tcl
## run all
////////////////////////////////////////////////////////////////////////////////////
// Inter-Transaction Progress: Completed Transaction / Total Transaction
// Intra-Transaction Progress: Measured Latency / Latency Estimation * 100%
//
// RTL Simulation : "Inter-Transaction Progress" ["Intra-Transaction Progress"] @ "Simulation Time"
////////////////////////////////////////////////////////////////////////////////////
// RTL Simulation : 0 / 1 [0.00%] @ "125000"
// RTL Simulation : 1 / 1 [100.00%] @ "20202165000"
////////////////////////////////////////////////////////////////////////////////////
$finish called at time : 20202205 ns : File "/home/dalila/HLStools/vivado/ready/Fir/proj/sol/sim/verilog/fir.autotb.v" Line 359
run: Time (s): cpu = 00:00:00 ; elapsed = 00:00:09 . Memory (MB): peak = 1391.113 ; gain = 0.000 ; free physical = 41735 ; free virtual = 125735
## quit
INFO: [Common 17-206] Exiting xsim at Mon Apr 27 13:46:30 2020...
