==============================================================
Vivado(TM) HLS - High-Level Synthesis from C, C++ and SystemC v2019.1 (64-bit)
Copyright 1986-2019 Xilinx, Inc. All Rights Reserved.
==============================================================
INFO: [SYN 201-201] Setting up clock 'default' with a period of 5ns.
INFO: [SYN 201-201] Setting up clock 'default' with a period of 10ns.
INFO: [SCHED 204-61] Option 'relax_ii_for_timing' is enabled, will increase II to preserve clock frequency constraints.
INFO: [HLS 200-10] Analyzing design file 'extr_.linuxdriversmediacommonv4l2-tpgv4l2-tpg-core.c_tpg_s_fourcc_with_main.c' ... 
INFO: [HLS 200-111] Finished Linking Time (s): cpu = 00:01:10 ; elapsed = 00:03:04 . Memory (MB): peak = 832.453 ; gain = 132.133 ; free physical = 21915 ; free virtual = 44654
INFO: [HLS 200-111] Finished Checking Pragmas Time (s): cpu = 00:01:10 ; elapsed = 00:03:04 . Memory (MB): peak = 832.453 ; gain = 132.133 ; free physical = 21916 ; free virtual = 44654
INFO: [HLS 200-10] Starting code transformations ...
INFO: [HLS 200-111] Finished Standard Transforms Time (s): cpu = 00:01:11 ; elapsed = 00:03:05 . Memory (MB): peak = 832.453 ; gain = 132.133 ; free physical = 21917 ; free virtual = 44655
INFO: [HLS 200-10] Checking synthesizability ...
INFO: [XFORM 203-602] Inlining function 'tpg_s_fourcc' into 'main' (extr_.linuxdriversmediacommonv4l2-tpgv4l2-tpg-core.c_tpg_s_fourcc_with_main.c:331) automatically.
WARNING: [SYNCHK 200-77] The top function 'main' has no outputs. Possible cause(s) are: (1) Output parameters are passed by value; (2) intended outputs (parameters or global variables) are never written; (3) there are infinite loops.
INFO: [SYNCHK 200-10] 0 error(s), 1 warning(s).
INFO: [HLS 200-111] Finished Checking Synthesizability Time (s): cpu = 00:01:11 ; elapsed = 00:03:05 . Memory (MB): peak = 832.453 ; gain = 132.133 ; free physical = 21917 ; free virtual = 44655
INFO: [HLS 200-111] Finished Pre-synthesis Time (s): cpu = 00:01:12 ; elapsed = 00:03:05 . Memory (MB): peak = 832.453 ; gain = 132.133 ; free physical = 21917 ; free virtual = 44656
INFO: [HLS 200-111] Finished Architecture Synthesis Time (s): cpu = 00:01:12 ; elapsed = 00:03:05 . Memory (MB): peak = 832.453 ; gain = 132.133 ; free physical = 21917 ; free virtual = 44656
INFO: [HLS 200-10] Starting hardware synthesis ...
INFO: [HLS 200-10] Synthesizing 'main' ...
INFO: [HLS 200-10] ----------------------------------------------------------------
INFO: [HLS 200-42] -- Implementing module 'main' 
INFO: [HLS 200-10] ----------------------------------------------------------------
INFO: [SCHED 204-11] Starting scheduling ...
INFO: [SCHED 204-11] Finished scheduling.
INFO: [HLS 200-111]  Elapsed time: 56.23 seconds; current allocated memory: 103.338 MB.
INFO: [BIND 205-100] Starting micro-architecture generation ...
INFO: [BIND 205-101] Performing variable lifetime analysis.
INFO: [BIND 205-101] Exploring resource sharing.
INFO: [BIND 205-101] Binding ...
INFO: [BIND 205-100] Finished micro-architecture generation.
INFO: [HLS 200-111]  Elapsed time: 0.01 seconds; current allocated memory: 103.364 MB.
INFO: [HLS 200-10] ----------------------------------------------------------------
INFO: [HLS 200-10] -- Generating RTL for module 'main' 
INFO: [HLS 200-10] ----------------------------------------------------------------
INFO: [RTGEN 206-500] Setting interface mode on function 'main' to 'ap_ctrl_hs'.
WARNING: [RTGEN 206-101] Setting dangling out port 'main/ap_return' to 0.
INFO: [RTGEN 206-100] Finished creating RTL model for 'main'.
INFO: [HLS 200-111]  Elapsed time: 0.01 seconds; current allocated memory: 103.383 MB.
INFO: [HLS 200-111] Finished generating all RTL models Time (s): cpu = 00:01:12 ; elapsed = 00:03:06 . Memory (MB): peak = 832.453 ; gain = 132.133 ; free physical = 21917 ; free virtual = 44656
INFO: [VHDL 208-304] Generating VHDL RTL for main.
INFO: [VLOG 209-307] Generating Verilog RTL for main.
INFO: [HLS 200-10] Creating and opening project '/home/vivado/aut/proj_extr_.opensslcryptoasn1a_utf8.c_UTF8_getc_with_main.c'.
INFO: [HLS 200-10] Adding design file 'extr_.opensslcryptoasn1a_utf8.c_UTF8_getc_with_main.c' to the project
INFO: [HLS 200-10] Creating and opening solution '/home/vivado/aut/proj_extr_.opensslcryptoasn1a_utf8.c_UTF8_getc_with_main.c/solution1'.
==============================================================
Vivado(TM) HLS - High-Level Synthesis from C, C++ and SystemC v2019.1 (64-bit)
Copyright 1986-2019 Xilinx, Inc. All Rights Reserved.
==============================================================
INFO: [SYN 201-201] Setting up clock 'default' with a period of 10ns.
INFO: [SCHED 204-61] Option 'relax_ii_for_timing' is enabled, will increase II to preserve clock frequency constraints.
INFO: [HLS 200-10] Analyzing design file 'extr_.linuxdriversmediacommonv4l2-tpgv4l2-tpg-core.c_tpg_s_fourcc_with_main.c' ... 
INFO: [HLS 200-111] Finished Linking Time (s): cpu = 00:03:25 ; elapsed = 00:20:05 . Memory (MB): peak = 908.328 ; gain = 208.008 ; free physical = 26998 ; free virtual = 37425
INFO: [HLS 200-111] Finished Checking Pragmas Time (s): cpu = 00:03:25 ; elapsed = 00:20:05 . Memory (MB): peak = 908.328 ; gain = 208.008 ; free physical = 26998 ; free virtual = 37425
INFO: [HLS 200-10] Starting code transformations ...
INFO: [HLS 200-111] Finished Standard Transforms Time (s): cpu = 00:03:27 ; elapsed = 00:20:07 . Memory (MB): peak = 908.328 ; gain = 208.008 ; free physical = 26998 ; free virtual = 37426
INFO: [HLS 200-10] Checking synthesizability ...
ERROR: [SYNCHK 200-11] extr_.linuxdriversmediacommonv4l2-tpgv4l2-tpg-core.c_tpg_s_fourcc_with_main.c:88: Argument 'tpg.vdownsampling' of function 'tpg_s_fourcc' (extr_.linuxdriversmediacommonv4l2-tpgv4l2-tpg-core.c_tpg_s_fourcc_with_main.c:88) has an unsynthesizable type (possible cause(s): pointer to pointer or global pointer).
ERROR: [SYNCHK 200-61] extr_.linuxdriversmediacommonv4l2-tpgv4l2-tpg-core.c_tpg_s_fourcc_with_main.c:98: unsupported memory access on variable 'tpg.hmask' which is (or contains) an array with unknown size at compile time.
INFO: [SYNCHK 200-10] 2 error(s), 0 warning(s).
ERROR: [HLS 200-70] Synthesizability check failed.
INFO: [SCHED 204-61] Option 'relax_ii_for_timing' is enabled, will increase II to preserve clock frequency constraints.
INFO: [HLS 200-10] Analyzing design file 'extr_.linuxdriversmediacommonv4l2-tpgv4l2-tpg-core.c_tpg_s_fourcc_with_main.c' ... 
INFO: [HLS 200-111] Finished Linking Time (s): cpu = 00:03:40 ; elapsed = 00:20:56 . Memory (MB): peak = 908.328 ; gain = 208.008 ; free physical = 26998 ; free virtual = 37426
INFO: [HLS 200-111] Finished Checking Pragmas Time (s): cpu = 00:03:40 ; elapsed = 00:20:56 . Memory (MB): peak = 908.328 ; gain = 208.008 ; free physical = 26998 ; free virtual = 37426
INFO: [HLS 200-10] Starting code transformations ...
INFO: [HLS 200-111] Finished Standard Transforms Time (s): cpu = 00:03:42 ; elapsed = 00:20:57 . Memory (MB): peak = 908.328 ; gain = 208.008 ; free physical = 26998 ; free virtual = 37426
INFO: [HLS 200-10] Checking synthesizability ...
ERROR: [SYNCHK 200-11] extr_.linuxdriversmediacommonv4l2-tpgv4l2-tpg-core.c_tpg_s_fourcc_with_main.c:88: Argument 'tpg.vdownsampling' of function 'tpg_s_fourcc' (extr_.linuxdriversmediacommonv4l2-tpgv4l2-tpg-core.c_tpg_s_fourcc_with_main.c:88) has an unsynthesizable type (possible cause(s): pointer to pointer or global pointer).
ERROR: [SYNCHK 200-61] extr_.linuxdriversmediacommonv4l2-tpgv4l2-tpg-core.c_tpg_s_fourcc_with_main.c:98: unsupported memory access on variable 'tpg.hmask' which is (or contains) an array with unknown size at compile time.
INFO: [SYNCHK 200-10] 2 error(s), 0 warning(s).
ERROR: [HLS 200-70] Synthesizability check failed.
INFO: [HLS 200-10] Opening project '/home/vivado/HLStools/vivado/214_revisao/proj_extr_.linuxdriversmediadvb-frontendsmb86a16.c_smrt_info_get_with_main.c'.
INFO: [HLS 200-10] Opening solution '/home/vivado/HLStools/vivado/214_revisao/proj_extr_.linuxdriversmediadvb-frontendsmb86a16.c_smrt_info_get_with_main.c/solution1'.
