==============================================================
Vivado(TM) HLS - High-Level Synthesis from C, C++ and SystemC v2019.1 (64-bit)
Copyright 1986-2019 Xilinx, Inc. All Rights Reserved.
==============================================================
==============================================================
Vivado(TM) HLS - High-Level Synthesis from C, C++ and SystemC v2019.1 (64-bit)
Copyright 1986-2019 Xilinx, Inc. All Rights Reserved.
==============================================================
INFO: [SYN 201-201] Setting up clock 'default' with a period of 10ns.
INFO: [SCHED 204-61] Option 'relax_ii_for_timing' is enabled, will increase II to preserve clock frequency constraints.
INFO: [HLS 200-10] Analyzing design file 'extr_.Craftdepsglfwsrccontext.c__glfwChooseFBConfig_with_main.c' ... 
WARNING: [HLS 200-40] In file included from extr_.Craftdepsglfwsrccontext.c__glfwChooseFBConfig_with_main.c:1:
extr_.Craftdepsglfwsrccontext.c__glfwChooseFBConfig_with_main.c:34:17: warning: assigning to 'const _GLFWfbconfig *' (aka 'const struct TYPE_5__ *') from 'const volatile _GLFWfbconfig *' (aka 'const volatile struct TYPE_5__ *') discards qualifiers [-Wincompatible-pointer-types]
        current = alternatives + i;
                ^ ~~~~~~~~~~~~~~~~
1 warning generated.
INFO: [HLS 200-111] Finished Linking Time (s): cpu = 00:00:56 ; elapsed = 00:07:42 . Memory (MB): peak = 899.422 ; gain = 199.102 ; free physical = 30480 ; free virtual = 39653
INFO: [HLS 200-111] Finished Checking Pragmas Time (s): cpu = 00:00:56 ; elapsed = 00:07:42 . Memory (MB): peak = 899.422 ; gain = 199.102 ; free physical = 30480 ; free virtual = 39653
INFO: [HLS 200-10] Starting code transformations ...
INFO: [HLS 200-111] Finished Standard Transforms Time (s): cpu = 00:00:57 ; elapsed = 00:07:44 . Memory (MB): peak = 899.422 ; gain = 199.102 ; free physical = 30480 ; free virtual = 39654
INFO: [HLS 200-10] Checking synthesizability ...
ERROR: [SYNCHK 200-75] extr_.Craftdepsglfwsrccontext.c__glfwChooseFBConfig_with_main.c:21: function '_glfwChooseFBConfig' returns a pointer value; please inline this function or change return to an argument.
INFO: [SYNCHK 200-10] 1 error(s), 0 warning(s).
ERROR: [HLS 200-70] Synthesizability check failed.
INFO: [HLS 200-10] Opening project '/home/vivado/HLStools/vivado/new214/NAO/proj_extr_.Craftdepsglfwsrcmir_window.c_toGLFWKeyCode_with_main.c'.
INFO: [HLS 200-10] Opening solution '/home/vivado/HLStools/vivado/new214/NAO/proj_extr_.Craftdepsglfwsrcmir_window.c_toGLFWKeyCode_with_main.c/sol'.
