

================================================================
== Vivado HLS Report for 'Mat4Multiply'
================================================================
* Date:           Sun May 24 18:23:29 2020

* Version:        2019.1 (Build 2552052 on Fri May 24 15:28:33 MDT 2019)
* Project:        proj_extr_.labenginecoderenderergl2tr_extramath.c_Mat4Multiply_with_main.c
* Solution:       solution1
* Product family: kintex7
* Target device:  xc7k160t-fbg484-1


================================================================
== Performance Estimates
================================================================
+ Timing (ns): 
    * Summary: 
    +--------+-------+----------+------------+
    |  Clock | Target| Estimated| Uncertainty|
    +--------+-------+----------+------------+
    |ap_clk  |  10.00|     8.365|        1.25|
    +--------+-------+----------+------------+

+ Latency (clock cycles): 
    * Summary: 
    +-----+-----+-----+-----+---------+
    |  Latency  |  Interval | Pipeline|
    | min | max | min | max |   Type  |
    +-----+-----+-----+-----+---------+
    |   13|   13|   13|   13|   none  |
    +-----+-----+-----+-----+---------+

    + Detail: 
        * Instance: 
        N/A

        * Loop: 
        N/A

============================================================
+ Verbose Summary: Synthesis Manager
============================================================
InlineROM: 1
ExposeGlobal: 0
============================================================
+ Verbose Summary: CDFG Model
============================================================
IsTopModel: 1
ResetActiveHigh: 1
IsCombinational: 0
IsDatapathOnly: 0
HasWiredReturn: 1
HasMFsm: 0
HasVarLatency: 1
IsPipeline: 0
IsRtlPipelined: 0
IsInstanceOverlapped: 0
IsDontTouch: 0
HasImplIP: 0
IsGatedGlobalClock: 0


============================================================
+ Verbose Summary: Schedule
============================================================
* Number of FSM states : 14
* Pipeline : 0
* Dataflow Pipeline: 0

* FSM state transitions: 
1 --> 2 
2 --> 3 
3 --> 4 
4 --> 5 
5 --> 6 
6 --> 7 
7 --> 8 
8 --> 9 
9 --> 10 
10 --> 11 
11 --> 12 
12 --> 13 
13 --> 14 
14 --> 

* FSM state operations: 

State 1 <SV = 0> <Delay = 2.66>
ST_1 : Operation 15 [1/1] (0.00ns)   --->   "%in1_addr = getelementptr [1000 x i32]* %in1, i64 0, i64 0" [extr_.labenginecoderenderergl2tr_extramath.c_Mat4Multiply_with_main.c:16]   --->   Operation 15 'getelementptr' 'in1_addr' <Predicate = true> <Delay = 0.00>
ST_1 : Operation 16 [2/2] (2.66ns)   --->   "%in1_load = load i32* %in1_addr, align 4" [extr_.labenginecoderenderergl2tr_extramath.c_Mat4Multiply_with_main.c:18]   --->   Operation 16 'load' 'in1_load' <Predicate = true> <Delay = 2.66> <Core = "RAM">   --->   Core 37 'RAM' <Latency = 1> <II = 1> <Delay = 2.66> <Storage> <Opcode : 'load' 'store'> <Ports = 2> <Width = 32> <Depth = 1000> <RAM>
ST_1 : Operation 17 [1/1] (0.00ns)   --->   "%in1_addr_1 = getelementptr [1000 x i32]* %in1, i64 0, i64 4" [extr_.labenginecoderenderergl2tr_extramath.c_Mat4Multiply_with_main.c:18]   --->   Operation 17 'getelementptr' 'in1_addr_1' <Predicate = true> <Delay = 0.00>
ST_1 : Operation 18 [2/2] (2.66ns)   --->   "%in1_load_1 = load i32* %in1_addr_1, align 4" [extr_.labenginecoderenderergl2tr_extramath.c_Mat4Multiply_with_main.c:18]   --->   Operation 18 'load' 'in1_load_1' <Predicate = true> <Delay = 2.66> <Core = "RAM">   --->   Core 37 'RAM' <Latency = 1> <II = 1> <Delay = 2.66> <Storage> <Opcode : 'load' 'store'> <Ports = 2> <Width = 32> <Depth = 1000> <RAM>

State 2 <SV = 1> <Delay = 2.66>
ST_2 : Operation 19 [1/1] (0.00ns)   --->   "%in2_addr = getelementptr [1000 x i32]* %in2, i64 0, i64 0" [extr_.labenginecoderenderergl2tr_extramath.c_Mat4Multiply_with_main.c:16]   --->   Operation 19 'getelementptr' 'in2_addr' <Predicate = true> <Delay = 0.00>
ST_2 : Operation 20 [1/2] (2.66ns)   --->   "%in1_load = load i32* %in1_addr, align 4" [extr_.labenginecoderenderergl2tr_extramath.c_Mat4Multiply_with_main.c:18]   --->   Operation 20 'load' 'in1_load' <Predicate = true> <Delay = 2.66> <Core = "RAM">   --->   Core 37 'RAM' <Latency = 1> <II = 1> <Delay = 2.66> <Storage> <Opcode : 'load' 'store'> <Ports = 2> <Width = 32> <Depth = 1000> <RAM>
ST_2 : Operation 21 [2/2] (2.66ns)   --->   "%in2_load = load i32* %in2_addr, align 4" [extr_.labenginecoderenderergl2tr_extramath.c_Mat4Multiply_with_main.c:18]   --->   Operation 21 'load' 'in2_load' <Predicate = true> <Delay = 2.66> <Core = "RAM">   --->   Core 37 'RAM' <Latency = 1> <II = 1> <Delay = 2.66> <Storage> <Opcode : 'load' 'store'> <Ports = 2> <Width = 32> <Depth = 1000> <RAM>
ST_2 : Operation 22 [1/2] (2.66ns)   --->   "%in1_load_1 = load i32* %in1_addr_1, align 4" [extr_.labenginecoderenderergl2tr_extramath.c_Mat4Multiply_with_main.c:18]   --->   Operation 22 'load' 'in1_load_1' <Predicate = true> <Delay = 2.66> <Core = "RAM">   --->   Core 37 'RAM' <Latency = 1> <II = 1> <Delay = 2.66> <Storage> <Opcode : 'load' 'store'> <Ports = 2> <Width = 32> <Depth = 1000> <RAM>
ST_2 : Operation 23 [1/1] (0.00ns)   --->   "%in2_addr_1 = getelementptr [1000 x i32]* %in2, i64 0, i64 1" [extr_.labenginecoderenderergl2tr_extramath.c_Mat4Multiply_with_main.c:18]   --->   Operation 23 'getelementptr' 'in2_addr_1' <Predicate = true> <Delay = 0.00>
ST_2 : Operation 24 [2/2] (2.66ns)   --->   "%in2_load_1 = load i32* %in2_addr_1, align 4" [extr_.labenginecoderenderergl2tr_extramath.c_Mat4Multiply_with_main.c:18]   --->   Operation 24 'load' 'in2_load_1' <Predicate = true> <Delay = 2.66> <Core = "RAM">   --->   Core 37 'RAM' <Latency = 1> <II = 1> <Delay = 2.66> <Storage> <Opcode : 'load' 'store'> <Ports = 2> <Width = 32> <Depth = 1000> <RAM>
ST_2 : Operation 25 [1/1] (0.00ns)   --->   "%in1_addr_2 = getelementptr [1000 x i32]* %in1, i64 0, i64 8" [extr_.labenginecoderenderergl2tr_extramath.c_Mat4Multiply_with_main.c:18]   --->   Operation 25 'getelementptr' 'in1_addr_2' <Predicate = true> <Delay = 0.00>
ST_2 : Operation 26 [2/2] (2.66ns)   --->   "%in1_load_2 = load i32* %in1_addr_2, align 4" [extr_.labenginecoderenderergl2tr_extramath.c_Mat4Multiply_with_main.c:18]   --->   Operation 26 'load' 'in1_load_2' <Predicate = true> <Delay = 2.66> <Core = "RAM">   --->   Core 37 'RAM' <Latency = 1> <II = 1> <Delay = 2.66> <Storage> <Opcode : 'load' 'store'> <Ports = 2> <Width = 32> <Depth = 1000> <RAM>
ST_2 : Operation 27 [1/1] (0.00ns)   --->   "%in1_addr_3 = getelementptr [1000 x i32]* %in1, i64 0, i64 12" [extr_.labenginecoderenderergl2tr_extramath.c_Mat4Multiply_with_main.c:18]   --->   Operation 27 'getelementptr' 'in1_addr_3' <Predicate = true> <Delay = 0.00>
ST_2 : Operation 28 [2/2] (2.66ns)   --->   "%in1_load_3 = load i32* %in1_addr_3, align 4" [extr_.labenginecoderenderergl2tr_extramath.c_Mat4Multiply_with_main.c:18]   --->   Operation 28 'load' 'in1_load_3' <Predicate = true> <Delay = 2.66> <Core = "RAM">   --->   Core 37 'RAM' <Latency = 1> <II = 1> <Delay = 2.66> <Storage> <Opcode : 'load' 'store'> <Ports = 2> <Width = 32> <Depth = 1000> <RAM>

State 3 <SV = 2> <Delay = 2.66>
ST_3 : Operation 29 [1/2] (2.66ns)   --->   "%in2_load = load i32* %in2_addr, align 4" [extr_.labenginecoderenderergl2tr_extramath.c_Mat4Multiply_with_main.c:18]   --->   Operation 29 'load' 'in2_load' <Predicate = true> <Delay = 2.66> <Core = "RAM">   --->   Core 37 'RAM' <Latency = 1> <II = 1> <Delay = 2.66> <Storage> <Opcode : 'load' 'store'> <Ports = 2> <Width = 32> <Depth = 1000> <RAM>
ST_3 : Operation 30 [1/2] (2.66ns)   --->   "%in2_load_1 = load i32* %in2_addr_1, align 4" [extr_.labenginecoderenderergl2tr_extramath.c_Mat4Multiply_with_main.c:18]   --->   Operation 30 'load' 'in2_load_1' <Predicate = true> <Delay = 2.66> <Core = "RAM">   --->   Core 37 'RAM' <Latency = 1> <II = 1> <Delay = 2.66> <Storage> <Opcode : 'load' 'store'> <Ports = 2> <Width = 32> <Depth = 1000> <RAM>
ST_3 : Operation 31 [1/2] (2.66ns)   --->   "%in1_load_2 = load i32* %in1_addr_2, align 4" [extr_.labenginecoderenderergl2tr_extramath.c_Mat4Multiply_with_main.c:18]   --->   Operation 31 'load' 'in1_load_2' <Predicate = true> <Delay = 2.66> <Core = "RAM">   --->   Core 37 'RAM' <Latency = 1> <II = 1> <Delay = 2.66> <Storage> <Opcode : 'load' 'store'> <Ports = 2> <Width = 32> <Depth = 1000> <RAM>
ST_3 : Operation 32 [1/1] (0.00ns)   --->   "%in2_addr_2 = getelementptr [1000 x i32]* %in2, i64 0, i64 2" [extr_.labenginecoderenderergl2tr_extramath.c_Mat4Multiply_with_main.c:18]   --->   Operation 32 'getelementptr' 'in2_addr_2' <Predicate = true> <Delay = 0.00>
ST_3 : Operation 33 [2/2] (2.66ns)   --->   "%in2_load_2 = load i32* %in2_addr_2, align 4" [extr_.labenginecoderenderergl2tr_extramath.c_Mat4Multiply_with_main.c:18]   --->   Operation 33 'load' 'in2_load_2' <Predicate = true> <Delay = 2.66> <Core = "RAM">   --->   Core 37 'RAM' <Latency = 1> <II = 1> <Delay = 2.66> <Storage> <Opcode : 'load' 'store'> <Ports = 2> <Width = 32> <Depth = 1000> <RAM>
ST_3 : Operation 34 [1/2] (2.66ns)   --->   "%in1_load_3 = load i32* %in1_addr_3, align 4" [extr_.labenginecoderenderergl2tr_extramath.c_Mat4Multiply_with_main.c:18]   --->   Operation 34 'load' 'in1_load_3' <Predicate = true> <Delay = 2.66> <Core = "RAM">   --->   Core 37 'RAM' <Latency = 1> <II = 1> <Delay = 2.66> <Storage> <Opcode : 'load' 'store'> <Ports = 2> <Width = 32> <Depth = 1000> <RAM>
ST_3 : Operation 35 [1/1] (0.00ns)   --->   "%in2_addr_3 = getelementptr [1000 x i32]* %in2, i64 0, i64 3" [extr_.labenginecoderenderergl2tr_extramath.c_Mat4Multiply_with_main.c:18]   --->   Operation 35 'getelementptr' 'in2_addr_3' <Predicate = true> <Delay = 0.00>
ST_3 : Operation 36 [2/2] (2.66ns)   --->   "%in2_load_3 = load i32* %in2_addr_3, align 4" [extr_.labenginecoderenderergl2tr_extramath.c_Mat4Multiply_with_main.c:18]   --->   Operation 36 'load' 'in2_load_3' <Predicate = true> <Delay = 2.66> <Core = "RAM">   --->   Core 37 'RAM' <Latency = 1> <II = 1> <Delay = 2.66> <Storage> <Opcode : 'load' 'store'> <Ports = 2> <Width = 32> <Depth = 1000> <RAM>
ST_3 : Operation 37 [1/1] (0.00ns)   --->   "%in1_addr_4 = getelementptr [1000 x i32]* %in1, i64 0, i64 1" [extr_.labenginecoderenderergl2tr_extramath.c_Mat4Multiply_with_main.c:19]   --->   Operation 37 'getelementptr' 'in1_addr_4' <Predicate = true> <Delay = 0.00>
ST_3 : Operation 38 [2/2] (2.66ns)   --->   "%in1_load_4 = load i32* %in1_addr_4, align 4" [extr_.labenginecoderenderergl2tr_extramath.c_Mat4Multiply_with_main.c:19]   --->   Operation 38 'load' 'in1_load_4' <Predicate = true> <Delay = 2.66> <Core = "RAM">   --->   Core 37 'RAM' <Latency = 1> <II = 1> <Delay = 2.66> <Storage> <Opcode : 'load' 'store'> <Ports = 2> <Width = 32> <Depth = 1000> <RAM>
ST_3 : Operation 39 [1/1] (0.00ns)   --->   "%in1_addr_5 = getelementptr [1000 x i32]* %in1, i64 0, i64 5" [extr_.labenginecoderenderergl2tr_extramath.c_Mat4Multiply_with_main.c:19]   --->   Operation 39 'getelementptr' 'in1_addr_5' <Predicate = true> <Delay = 0.00>
ST_3 : Operation 40 [2/2] (2.66ns)   --->   "%in1_load_5 = load i32* %in1_addr_5, align 4" [extr_.labenginecoderenderergl2tr_extramath.c_Mat4Multiply_with_main.c:19]   --->   Operation 40 'load' 'in1_load_5' <Predicate = true> <Delay = 2.66> <Core = "RAM">   --->   Core 37 'RAM' <Latency = 1> <II = 1> <Delay = 2.66> <Storage> <Opcode : 'load' 'store'> <Ports = 2> <Width = 32> <Depth = 1000> <RAM>

State 4 <SV = 3> <Delay = 2.66>
ST_4 : Operation 41 [1/2] (2.66ns)   --->   "%in2_load_2 = load i32* %in2_addr_2, align 4" [extr_.labenginecoderenderergl2tr_extramath.c_Mat4Multiply_with_main.c:18]   --->   Operation 41 'load' 'in2_load_2' <Predicate = true> <Delay = 2.66> <Core = "RAM">   --->   Core 37 'RAM' <Latency = 1> <II = 1> <Delay = 2.66> <Storage> <Opcode : 'load' 'store'> <Ports = 2> <Width = 32> <Depth = 1000> <RAM>
ST_4 : Operation 42 [1/2] (2.66ns)   --->   "%in2_load_3 = load i32* %in2_addr_3, align 4" [extr_.labenginecoderenderergl2tr_extramath.c_Mat4Multiply_with_main.c:18]   --->   Operation 42 'load' 'in2_load_3' <Predicate = true> <Delay = 2.66> <Core = "RAM">   --->   Core 37 'RAM' <Latency = 1> <II = 1> <Delay = 2.66> <Storage> <Opcode : 'load' 'store'> <Ports = 2> <Width = 32> <Depth = 1000> <RAM>
ST_4 : Operation 43 [1/2] (2.66ns)   --->   "%in1_load_4 = load i32* %in1_addr_4, align 4" [extr_.labenginecoderenderergl2tr_extramath.c_Mat4Multiply_with_main.c:19]   --->   Operation 43 'load' 'in1_load_4' <Predicate = true> <Delay = 2.66> <Core = "RAM">   --->   Core 37 'RAM' <Latency = 1> <II = 1> <Delay = 2.66> <Storage> <Opcode : 'load' 'store'> <Ports = 2> <Width = 32> <Depth = 1000> <RAM>
ST_4 : Operation 44 [1/2] (2.66ns)   --->   "%in1_load_5 = load i32* %in1_addr_5, align 4" [extr_.labenginecoderenderergl2tr_extramath.c_Mat4Multiply_with_main.c:19]   --->   Operation 44 'load' 'in1_load_5' <Predicate = true> <Delay = 2.66> <Core = "RAM">   --->   Core 37 'RAM' <Latency = 1> <II = 1> <Delay = 2.66> <Storage> <Opcode : 'load' 'store'> <Ports = 2> <Width = 32> <Depth = 1000> <RAM>
ST_4 : Operation 45 [1/1] (0.00ns)   --->   "%in1_addr_6 = getelementptr [1000 x i32]* %in1, i64 0, i64 9" [extr_.labenginecoderenderergl2tr_extramath.c_Mat4Multiply_with_main.c:19]   --->   Operation 45 'getelementptr' 'in1_addr_6' <Predicate = true> <Delay = 0.00>
ST_4 : Operation 46 [2/2] (2.66ns)   --->   "%in1_load_6 = load i32* %in1_addr_6, align 4" [extr_.labenginecoderenderergl2tr_extramath.c_Mat4Multiply_with_main.c:19]   --->   Operation 46 'load' 'in1_load_6' <Predicate = true> <Delay = 2.66> <Core = "RAM">   --->   Core 37 'RAM' <Latency = 1> <II = 1> <Delay = 2.66> <Storage> <Opcode : 'load' 'store'> <Ports = 2> <Width = 32> <Depth = 1000> <RAM>
ST_4 : Operation 47 [1/1] (0.00ns)   --->   "%in1_addr_7 = getelementptr [1000 x i32]* %in1, i64 0, i64 13" [extr_.labenginecoderenderergl2tr_extramath.c_Mat4Multiply_with_main.c:19]   --->   Operation 47 'getelementptr' 'in1_addr_7' <Predicate = true> <Delay = 0.00>
ST_4 : Operation 48 [2/2] (2.66ns)   --->   "%in1_load_7 = load i32* %in1_addr_7, align 4" [extr_.labenginecoderenderergl2tr_extramath.c_Mat4Multiply_with_main.c:19]   --->   Operation 48 'load' 'in1_load_7' <Predicate = true> <Delay = 2.66> <Core = "RAM">   --->   Core 37 'RAM' <Latency = 1> <II = 1> <Delay = 2.66> <Storage> <Opcode : 'load' 'store'> <Ports = 2> <Width = 32> <Depth = 1000> <RAM>
ST_4 : Operation 49 [1/1] (0.00ns)   --->   "%in2_addr_4 = getelementptr [1000 x i32]* %in2, i64 0, i64 4" [extr_.labenginecoderenderergl2tr_extramath.c_Mat4Multiply_with_main.c:23]   --->   Operation 49 'getelementptr' 'in2_addr_4' <Predicate = true> <Delay = 0.00>
ST_4 : Operation 50 [2/2] (2.66ns)   --->   "%in2_load_4 = load i32* %in2_addr_4, align 4" [extr_.labenginecoderenderergl2tr_extramath.c_Mat4Multiply_with_main.c:23]   --->   Operation 50 'load' 'in2_load_4' <Predicate = true> <Delay = 2.66> <Core = "RAM">   --->   Core 37 'RAM' <Latency = 1> <II = 1> <Delay = 2.66> <Storage> <Opcode : 'load' 'store'> <Ports = 2> <Width = 32> <Depth = 1000> <RAM>
ST_4 : Operation 51 [1/1] (0.00ns)   --->   "%in2_addr_5 = getelementptr [1000 x i32]* %in2, i64 0, i64 5" [extr_.labenginecoderenderergl2tr_extramath.c_Mat4Multiply_with_main.c:23]   --->   Operation 51 'getelementptr' 'in2_addr_5' <Predicate = true> <Delay = 0.00>
ST_4 : Operation 52 [2/2] (2.66ns)   --->   "%in2_load_5 = load i32* %in2_addr_5, align 4" [extr_.labenginecoderenderergl2tr_extramath.c_Mat4Multiply_with_main.c:23]   --->   Operation 52 'load' 'in2_load_5' <Predicate = true> <Delay = 2.66> <Core = "RAM">   --->   Core 37 'RAM' <Latency = 1> <II = 1> <Delay = 2.66> <Storage> <Opcode : 'load' 'store'> <Ports = 2> <Width = 32> <Depth = 1000> <RAM>

State 5 <SV = 4> <Delay = 2.66>
ST_5 : Operation 53 [1/2] (2.66ns)   --->   "%in1_load_6 = load i32* %in1_addr_6, align 4" [extr_.labenginecoderenderergl2tr_extramath.c_Mat4Multiply_with_main.c:19]   --->   Operation 53 'load' 'in1_load_6' <Predicate = true> <Delay = 2.66> <Core = "RAM">   --->   Core 37 'RAM' <Latency = 1> <II = 1> <Delay = 2.66> <Storage> <Opcode : 'load' 'store'> <Ports = 2> <Width = 32> <Depth = 1000> <RAM>
ST_5 : Operation 54 [1/2] (2.66ns)   --->   "%in1_load_7 = load i32* %in1_addr_7, align 4" [extr_.labenginecoderenderergl2tr_extramath.c_Mat4Multiply_with_main.c:19]   --->   Operation 54 'load' 'in1_load_7' <Predicate = true> <Delay = 2.66> <Core = "RAM">   --->   Core 37 'RAM' <Latency = 1> <II = 1> <Delay = 2.66> <Storage> <Opcode : 'load' 'store'> <Ports = 2> <Width = 32> <Depth = 1000> <RAM>
ST_5 : Operation 55 [1/1] (0.00ns)   --->   "%in1_addr_8 = getelementptr [1000 x i32]* %in1, i64 0, i64 2" [extr_.labenginecoderenderergl2tr_extramath.c_Mat4Multiply_with_main.c:20]   --->   Operation 55 'getelementptr' 'in1_addr_8' <Predicate = true> <Delay = 0.00>
ST_5 : Operation 56 [2/2] (2.66ns)   --->   "%in1_load_8 = load i32* %in1_addr_8, align 4" [extr_.labenginecoderenderergl2tr_extramath.c_Mat4Multiply_with_main.c:20]   --->   Operation 56 'load' 'in1_load_8' <Predicate = true> <Delay = 2.66> <Core = "RAM">   --->   Core 37 'RAM' <Latency = 1> <II = 1> <Delay = 2.66> <Storage> <Opcode : 'load' 'store'> <Ports = 2> <Width = 32> <Depth = 1000> <RAM>
ST_5 : Operation 57 [1/1] (0.00ns)   --->   "%in1_addr_9 = getelementptr [1000 x i32]* %in1, i64 0, i64 6" [extr_.labenginecoderenderergl2tr_extramath.c_Mat4Multiply_with_main.c:20]   --->   Operation 57 'getelementptr' 'in1_addr_9' <Predicate = true> <Delay = 0.00>
ST_5 : Operation 58 [2/2] (2.66ns)   --->   "%in1_load_9 = load i32* %in1_addr_9, align 4" [extr_.labenginecoderenderergl2tr_extramath.c_Mat4Multiply_with_main.c:20]   --->   Operation 58 'load' 'in1_load_9' <Predicate = true> <Delay = 2.66> <Core = "RAM">   --->   Core 37 'RAM' <Latency = 1> <II = 1> <Delay = 2.66> <Storage> <Opcode : 'load' 'store'> <Ports = 2> <Width = 32> <Depth = 1000> <RAM>
ST_5 : Operation 59 [1/2] (2.66ns)   --->   "%in2_load_4 = load i32* %in2_addr_4, align 4" [extr_.labenginecoderenderergl2tr_extramath.c_Mat4Multiply_with_main.c:23]   --->   Operation 59 'load' 'in2_load_4' <Predicate = true> <Delay = 2.66> <Core = "RAM">   --->   Core 37 'RAM' <Latency = 1> <II = 1> <Delay = 2.66> <Storage> <Opcode : 'load' 'store'> <Ports = 2> <Width = 32> <Depth = 1000> <RAM>
ST_5 : Operation 60 [1/2] (2.66ns)   --->   "%in2_load_5 = load i32* %in2_addr_5, align 4" [extr_.labenginecoderenderergl2tr_extramath.c_Mat4Multiply_with_main.c:23]   --->   Operation 60 'load' 'in2_load_5' <Predicate = true> <Delay = 2.66> <Core = "RAM">   --->   Core 37 'RAM' <Latency = 1> <II = 1> <Delay = 2.66> <Storage> <Opcode : 'load' 'store'> <Ports = 2> <Width = 32> <Depth = 1000> <RAM>
ST_5 : Operation 61 [1/1] (0.00ns)   --->   "%in2_addr_6 = getelementptr [1000 x i32]* %in2, i64 0, i64 6" [extr_.labenginecoderenderergl2tr_extramath.c_Mat4Multiply_with_main.c:23]   --->   Operation 61 'getelementptr' 'in2_addr_6' <Predicate = true> <Delay = 0.00>
ST_5 : Operation 62 [2/2] (2.66ns)   --->   "%in2_load_6 = load i32* %in2_addr_6, align 4" [extr_.labenginecoderenderergl2tr_extramath.c_Mat4Multiply_with_main.c:23]   --->   Operation 62 'load' 'in2_load_6' <Predicate = true> <Delay = 2.66> <Core = "RAM">   --->   Core 37 'RAM' <Latency = 1> <II = 1> <Delay = 2.66> <Storage> <Opcode : 'load' 'store'> <Ports = 2> <Width = 32> <Depth = 1000> <RAM>
ST_5 : Operation 63 [1/1] (0.00ns)   --->   "%in2_addr_7 = getelementptr [1000 x i32]* %in2, i64 0, i64 7" [extr_.labenginecoderenderergl2tr_extramath.c_Mat4Multiply_with_main.c:23]   --->   Operation 63 'getelementptr' 'in2_addr_7' <Predicate = true> <Delay = 0.00>
ST_5 : Operation 64 [2/2] (2.66ns)   --->   "%in2_load_7 = load i32* %in2_addr_7, align 4" [extr_.labenginecoderenderergl2tr_extramath.c_Mat4Multiply_with_main.c:23]   --->   Operation 64 'load' 'in2_load_7' <Predicate = true> <Delay = 2.66> <Core = "RAM">   --->   Core 37 'RAM' <Latency = 1> <II = 1> <Delay = 2.66> <Storage> <Opcode : 'load' 'store'> <Ports = 2> <Width = 32> <Depth = 1000> <RAM>

State 6 <SV = 5> <Delay = 8.36>
ST_6 : Operation 65 [1/1] (6.58ns)   --->   "%mul_ln18 = mul nsw i32 %in2_load, %in1_load" [extr_.labenginecoderenderergl2tr_extramath.c_Mat4Multiply_with_main.c:18]   --->   Operation 65 'mul' 'mul_ln18' <Predicate = true> <Delay = 6.58> <Core = "Mul">   --->   Core 16 'Mul' <Latency = 0> <II = 1> <Delay = 6.58> <FuncUnit> <Opcode : 'mul'> <InPorts = 2> <OutPorts = 1>
ST_6 : Operation 66 [1/1] (6.58ns)   --->   "%mul_ln18_1 = mul nsw i32 %in2_load_1, %in1_load_1" [extr_.labenginecoderenderergl2tr_extramath.c_Mat4Multiply_with_main.c:18]   --->   Operation 66 'mul' 'mul_ln18_1' <Predicate = true> <Delay = 6.58> <Core = "Mul">   --->   Core 16 'Mul' <Latency = 0> <II = 1> <Delay = 6.58> <FuncUnit> <Opcode : 'mul'> <InPorts = 2> <OutPorts = 1>
ST_6 : Operation 67 [1/1] (6.58ns)   --->   "%mul_ln18_2 = mul nsw i32 %in2_load_2, %in1_load_2" [extr_.labenginecoderenderergl2tr_extramath.c_Mat4Multiply_with_main.c:18]   --->   Operation 67 'mul' 'mul_ln18_2' <Predicate = true> <Delay = 6.58> <Core = "Mul">   --->   Core 16 'Mul' <Latency = 0> <II = 1> <Delay = 6.58> <FuncUnit> <Opcode : 'mul'> <InPorts = 2> <OutPorts = 1>
ST_6 : Operation 68 [1/1] (6.58ns)   --->   "%mul_ln18_3 = mul nsw i32 %in2_load_3, %in1_load_3" [extr_.labenginecoderenderergl2tr_extramath.c_Mat4Multiply_with_main.c:18]   --->   Operation 68 'mul' 'mul_ln18_3' <Predicate = true> <Delay = 6.58> <Core = "Mul">   --->   Core 16 'Mul' <Latency = 0> <II = 1> <Delay = 6.58> <FuncUnit> <Opcode : 'mul'> <InPorts = 2> <OutPorts = 1>
ST_6 : Operation 69 [1/1] (1.78ns)   --->   "%add_ln18_1 = add i32 %mul_ln18_2, %mul_ln18_3" [extr_.labenginecoderenderergl2tr_extramath.c_Mat4Multiply_with_main.c:18]   --->   Operation 69 'add' 'add_ln18_1' <Predicate = true> <Delay = 1.78> <Core = "AddSub">   --->   Core 14 'AddSub' <Latency = 0> <II = 1> <Delay = 1.78> <FuncUnit> <Opcode : 'add' 'sub'> <InPorts = 2> <OutPorts = 1>
ST_6 : Operation 70 [1/1] (6.58ns)   --->   "%mul_ln19 = mul nsw i32 %in2_load, %in1_load_4" [extr_.labenginecoderenderergl2tr_extramath.c_Mat4Multiply_with_main.c:19]   --->   Operation 70 'mul' 'mul_ln19' <Predicate = true> <Delay = 6.58> <Core = "Mul">   --->   Core 16 'Mul' <Latency = 0> <II = 1> <Delay = 6.58> <FuncUnit> <Opcode : 'mul'> <InPorts = 2> <OutPorts = 1>
ST_6 : Operation 71 [1/1] (6.58ns)   --->   "%mul_ln19_1 = mul nsw i32 %in2_load_1, %in1_load_5" [extr_.labenginecoderenderergl2tr_extramath.c_Mat4Multiply_with_main.c:19]   --->   Operation 71 'mul' 'mul_ln19_1' <Predicate = true> <Delay = 6.58> <Core = "Mul">   --->   Core 16 'Mul' <Latency = 0> <II = 1> <Delay = 6.58> <FuncUnit> <Opcode : 'mul'> <InPorts = 2> <OutPorts = 1>
ST_6 : Operation 72 [1/1] (6.58ns)   --->   "%mul_ln19_2 = mul nsw i32 %in2_load_2, %in1_load_6" [extr_.labenginecoderenderergl2tr_extramath.c_Mat4Multiply_with_main.c:19]   --->   Operation 72 'mul' 'mul_ln19_2' <Predicate = true> <Delay = 6.58> <Core = "Mul">   --->   Core 16 'Mul' <Latency = 0> <II = 1> <Delay = 6.58> <FuncUnit> <Opcode : 'mul'> <InPorts = 2> <OutPorts = 1>
ST_6 : Operation 73 [1/1] (6.58ns)   --->   "%mul_ln19_3 = mul nsw i32 %in2_load_3, %in1_load_7" [extr_.labenginecoderenderergl2tr_extramath.c_Mat4Multiply_with_main.c:19]   --->   Operation 73 'mul' 'mul_ln19_3' <Predicate = true> <Delay = 6.58> <Core = "Mul">   --->   Core 16 'Mul' <Latency = 0> <II = 1> <Delay = 6.58> <FuncUnit> <Opcode : 'mul'> <InPorts = 2> <OutPorts = 1>
ST_6 : Operation 74 [1/1] (1.78ns)   --->   "%add_ln19_1 = add i32 %mul_ln19_2, %mul_ln19_3" [extr_.labenginecoderenderergl2tr_extramath.c_Mat4Multiply_with_main.c:19]   --->   Operation 74 'add' 'add_ln19_1' <Predicate = true> <Delay = 1.78> <Core = "AddSub">   --->   Core 14 'AddSub' <Latency = 0> <II = 1> <Delay = 1.78> <FuncUnit> <Opcode : 'add' 'sub'> <InPorts = 2> <OutPorts = 1>
ST_6 : Operation 75 [1/2] (2.66ns)   --->   "%in1_load_8 = load i32* %in1_addr_8, align 4" [extr_.labenginecoderenderergl2tr_extramath.c_Mat4Multiply_with_main.c:20]   --->   Operation 75 'load' 'in1_load_8' <Predicate = true> <Delay = 2.66> <Core = "RAM">   --->   Core 37 'RAM' <Latency = 1> <II = 1> <Delay = 2.66> <Storage> <Opcode : 'load' 'store'> <Ports = 2> <Width = 32> <Depth = 1000> <RAM>
ST_6 : Operation 76 [1/2] (2.66ns)   --->   "%in1_load_9 = load i32* %in1_addr_9, align 4" [extr_.labenginecoderenderergl2tr_extramath.c_Mat4Multiply_with_main.c:20]   --->   Operation 76 'load' 'in1_load_9' <Predicate = true> <Delay = 2.66> <Core = "RAM">   --->   Core 37 'RAM' <Latency = 1> <II = 1> <Delay = 2.66> <Storage> <Opcode : 'load' 'store'> <Ports = 2> <Width = 32> <Depth = 1000> <RAM>
ST_6 : Operation 77 [1/1] (0.00ns)   --->   "%in1_addr_10 = getelementptr [1000 x i32]* %in1, i64 0, i64 10" [extr_.labenginecoderenderergl2tr_extramath.c_Mat4Multiply_with_main.c:20]   --->   Operation 77 'getelementptr' 'in1_addr_10' <Predicate = true> <Delay = 0.00>
ST_6 : Operation 78 [2/2] (2.66ns)   --->   "%in1_load_10 = load i32* %in1_addr_10, align 4" [extr_.labenginecoderenderergl2tr_extramath.c_Mat4Multiply_with_main.c:20]   --->   Operation 78 'load' 'in1_load_10' <Predicate = true> <Delay = 2.66> <Core = "RAM">   --->   Core 37 'RAM' <Latency = 1> <II = 1> <Delay = 2.66> <Storage> <Opcode : 'load' 'store'> <Ports = 2> <Width = 32> <Depth = 1000> <RAM>
ST_6 : Operation 79 [1/1] (0.00ns)   --->   "%in1_addr_11 = getelementptr [1000 x i32]* %in1, i64 0, i64 14" [extr_.labenginecoderenderergl2tr_extramath.c_Mat4Multiply_with_main.c:20]   --->   Operation 79 'getelementptr' 'in1_addr_11' <Predicate = true> <Delay = 0.00>
ST_6 : Operation 80 [2/2] (2.66ns)   --->   "%in1_load_11 = load i32* %in1_addr_11, align 4" [extr_.labenginecoderenderergl2tr_extramath.c_Mat4Multiply_with_main.c:20]   --->   Operation 80 'load' 'in1_load_11' <Predicate = true> <Delay = 2.66> <Core = "RAM">   --->   Core 37 'RAM' <Latency = 1> <II = 1> <Delay = 2.66> <Storage> <Opcode : 'load' 'store'> <Ports = 2> <Width = 32> <Depth = 1000> <RAM>
ST_6 : Operation 81 [1/2] (2.66ns)   --->   "%in2_load_6 = load i32* %in2_addr_6, align 4" [extr_.labenginecoderenderergl2tr_extramath.c_Mat4Multiply_with_main.c:23]   --->   Operation 81 'load' 'in2_load_6' <Predicate = true> <Delay = 2.66> <Core = "RAM">   --->   Core 37 'RAM' <Latency = 1> <II = 1> <Delay = 2.66> <Storage> <Opcode : 'load' 'store'> <Ports = 2> <Width = 32> <Depth = 1000> <RAM>
ST_6 : Operation 82 [1/2] (2.66ns)   --->   "%in2_load_7 = load i32* %in2_addr_7, align 4" [extr_.labenginecoderenderergl2tr_extramath.c_Mat4Multiply_with_main.c:23]   --->   Operation 82 'load' 'in2_load_7' <Predicate = true> <Delay = 2.66> <Core = "RAM">   --->   Core 37 'RAM' <Latency = 1> <II = 1> <Delay = 2.66> <Storage> <Opcode : 'load' 'store'> <Ports = 2> <Width = 32> <Depth = 1000> <RAM>
ST_6 : Operation 83 [1/1] (0.00ns)   --->   "%in2_addr_8 = getelementptr [1000 x i32]* %in2, i64 0, i64 8" [extr_.labenginecoderenderergl2tr_extramath.c_Mat4Multiply_with_main.c:28]   --->   Operation 83 'getelementptr' 'in2_addr_8' <Predicate = true> <Delay = 0.00>
ST_6 : Operation 84 [2/2] (2.66ns)   --->   "%in2_load_8 = load i32* %in2_addr_8, align 4" [extr_.labenginecoderenderergl2tr_extramath.c_Mat4Multiply_with_main.c:28]   --->   Operation 84 'load' 'in2_load_8' <Predicate = true> <Delay = 2.66> <Core = "RAM">   --->   Core 37 'RAM' <Latency = 1> <II = 1> <Delay = 2.66> <Storage> <Opcode : 'load' 'store'> <Ports = 2> <Width = 32> <Depth = 1000> <RAM>
ST_6 : Operation 85 [1/1] (0.00ns)   --->   "%in2_addr_9 = getelementptr [1000 x i32]* %in2, i64 0, i64 9" [extr_.labenginecoderenderergl2tr_extramath.c_Mat4Multiply_with_main.c:28]   --->   Operation 85 'getelementptr' 'in2_addr_9' <Predicate = true> <Delay = 0.00>
ST_6 : Operation 86 [2/2] (2.66ns)   --->   "%in2_load_9 = load i32* %in2_addr_9, align 4" [extr_.labenginecoderenderergl2tr_extramath.c_Mat4Multiply_with_main.c:28]   --->   Operation 86 'load' 'in2_load_9' <Predicate = true> <Delay = 2.66> <Core = "RAM">   --->   Core 37 'RAM' <Latency = 1> <II = 1> <Delay = 2.66> <Storage> <Opcode : 'load' 'store'> <Ports = 2> <Width = 32> <Depth = 1000> <RAM>

State 7 <SV = 6> <Delay = 8.36>
ST_7 : Operation 87 [1/1] (0.00ns)   --->   "%out_addr = getelementptr [1000 x i32]* %out_r, i64 0, i64 0" [extr_.labenginecoderenderergl2tr_extramath.c_Mat4Multiply_with_main.c:16]   --->   Operation 87 'getelementptr' 'out_addr' <Predicate = true> <Delay = 0.00>
ST_7 : Operation 88 [1/1] (0.00ns) (grouped into TernaryAdder)   --->   "%add_ln18 = add i32 %mul_ln18_1, %mul_ln18" [extr_.labenginecoderenderergl2tr_extramath.c_Mat4Multiply_with_main.c:18]   --->   Operation 88 'add' 'add_ln18' <Predicate = true> <Delay = 0.00> <Core = "TAddSub">   --->   Core 83 'TAddSub' <Latency = 0> <II = 1> <Delay = 1.38> <IPBlock> <Opcode : 'add' 'sub'> <InPorts = 3> <OutPorts = 1> <Sync> <CReg>
ST_7 : Operation 89 [1/1] (2.77ns) (root node of TernaryAdder)   --->   "%add_ln18_2 = add i32 %add_ln18_1, %add_ln18" [extr_.labenginecoderenderergl2tr_extramath.c_Mat4Multiply_with_main.c:18]   --->   Operation 89 'add' 'add_ln18_2' <Predicate = true> <Delay = 2.77> <Core = "TAddSub">   --->   Core 83 'TAddSub' <Latency = 0> <II = 1> <Delay = 1.38> <IPBlock> <Opcode : 'add' 'sub'> <InPorts = 3> <OutPorts = 1> <Sync> <CReg>
ST_7 : Operation 90 [1/1] (2.66ns)   --->   "store i32 %add_ln18_2, i32* %out_addr, align 4" [extr_.labenginecoderenderergl2tr_extramath.c_Mat4Multiply_with_main.c:18]   --->   Operation 90 'store' <Predicate = true> <Delay = 2.66> <Core = "RAM">   --->   Core 37 'RAM' <Latency = 1> <II = 1> <Delay = 2.66> <Storage> <Opcode : 'load' 'store'> <Ports = 2> <Width = 32> <Depth = 1000> <RAM>
ST_7 : Operation 91 [1/1] (0.00ns) (grouped into TernaryAdder)   --->   "%add_ln19 = add i32 %mul_ln19_1, %mul_ln19" [extr_.labenginecoderenderergl2tr_extramath.c_Mat4Multiply_with_main.c:19]   --->   Operation 91 'add' 'add_ln19' <Predicate = true> <Delay = 0.00> <Core = "TAddSub">   --->   Core 83 'TAddSub' <Latency = 0> <II = 1> <Delay = 1.38> <IPBlock> <Opcode : 'add' 'sub'> <InPorts = 3> <OutPorts = 1> <Sync> <CReg>
ST_7 : Operation 92 [1/1] (2.77ns) (root node of TernaryAdder)   --->   "%add_ln19_2 = add i32 %add_ln19_1, %add_ln19" [extr_.labenginecoderenderergl2tr_extramath.c_Mat4Multiply_with_main.c:19]   --->   Operation 92 'add' 'add_ln19_2' <Predicate = true> <Delay = 2.77> <Core = "TAddSub">   --->   Core 83 'TAddSub' <Latency = 0> <II = 1> <Delay = 1.38> <IPBlock> <Opcode : 'add' 'sub'> <InPorts = 3> <OutPorts = 1> <Sync> <CReg>
ST_7 : Operation 93 [1/1] (0.00ns)   --->   "%out_addr_1 = getelementptr [1000 x i32]* %out_r, i64 0, i64 1" [extr_.labenginecoderenderergl2tr_extramath.c_Mat4Multiply_with_main.c:19]   --->   Operation 93 'getelementptr' 'out_addr_1' <Predicate = true> <Delay = 0.00>
ST_7 : Operation 94 [1/1] (2.66ns)   --->   "store i32 %add_ln19_2, i32* %out_addr_1, align 4" [extr_.labenginecoderenderergl2tr_extramath.c_Mat4Multiply_with_main.c:19]   --->   Operation 94 'store' <Predicate = true> <Delay = 2.66> <Core = "RAM">   --->   Core 37 'RAM' <Latency = 1> <II = 1> <Delay = 2.66> <Storage> <Opcode : 'load' 'store'> <Ports = 2> <Width = 32> <Depth = 1000> <RAM>
ST_7 : Operation 95 [1/2] (2.66ns)   --->   "%in1_load_10 = load i32* %in1_addr_10, align 4" [extr_.labenginecoderenderergl2tr_extramath.c_Mat4Multiply_with_main.c:20]   --->   Operation 95 'load' 'in1_load_10' <Predicate = true> <Delay = 2.66> <Core = "RAM">   --->   Core 37 'RAM' <Latency = 1> <II = 1> <Delay = 2.66> <Storage> <Opcode : 'load' 'store'> <Ports = 2> <Width = 32> <Depth = 1000> <RAM>
ST_7 : Operation 96 [1/2] (2.66ns)   --->   "%in1_load_11 = load i32* %in1_addr_11, align 4" [extr_.labenginecoderenderergl2tr_extramath.c_Mat4Multiply_with_main.c:20]   --->   Operation 96 'load' 'in1_load_11' <Predicate = true> <Delay = 2.66> <Core = "RAM">   --->   Core 37 'RAM' <Latency = 1> <II = 1> <Delay = 2.66> <Storage> <Opcode : 'load' 'store'> <Ports = 2> <Width = 32> <Depth = 1000> <RAM>
ST_7 : Operation 97 [1/1] (0.00ns)   --->   "%in1_addr_12 = getelementptr [1000 x i32]* %in1, i64 0, i64 3" [extr_.labenginecoderenderergl2tr_extramath.c_Mat4Multiply_with_main.c:21]   --->   Operation 97 'getelementptr' 'in1_addr_12' <Predicate = true> <Delay = 0.00>
ST_7 : Operation 98 [2/2] (2.66ns)   --->   "%in1_load_12 = load i32* %in1_addr_12, align 4" [extr_.labenginecoderenderergl2tr_extramath.c_Mat4Multiply_with_main.c:21]   --->   Operation 98 'load' 'in1_load_12' <Predicate = true> <Delay = 2.66> <Core = "RAM">   --->   Core 37 'RAM' <Latency = 1> <II = 1> <Delay = 2.66> <Storage> <Opcode : 'load' 'store'> <Ports = 2> <Width = 32> <Depth = 1000> <RAM>
ST_7 : Operation 99 [1/1] (0.00ns)   --->   "%in1_addr_13 = getelementptr [1000 x i32]* %in1, i64 0, i64 7" [extr_.labenginecoderenderergl2tr_extramath.c_Mat4Multiply_with_main.c:21]   --->   Operation 99 'getelementptr' 'in1_addr_13' <Predicate = true> <Delay = 0.00>
ST_7 : Operation 100 [2/2] (2.66ns)   --->   "%in1_load_13 = load i32* %in1_addr_13, align 4" [extr_.labenginecoderenderergl2tr_extramath.c_Mat4Multiply_with_main.c:21]   --->   Operation 100 'load' 'in1_load_13' <Predicate = true> <Delay = 2.66> <Core = "RAM">   --->   Core 37 'RAM' <Latency = 1> <II = 1> <Delay = 2.66> <Storage> <Opcode : 'load' 'store'> <Ports = 2> <Width = 32> <Depth = 1000> <RAM>
ST_7 : Operation 101 [1/1] (6.58ns)   --->   "%mul_ln23 = mul nsw i32 %in2_load_4, %in1_load" [extr_.labenginecoderenderergl2tr_extramath.c_Mat4Multiply_with_main.c:23]   --->   Operation 101 'mul' 'mul_ln23' <Predicate = true> <Delay = 6.58> <Core = "Mul">   --->   Core 16 'Mul' <Latency = 0> <II = 1> <Delay = 6.58> <FuncUnit> <Opcode : 'mul'> <InPorts = 2> <OutPorts = 1>
ST_7 : Operation 102 [1/1] (6.58ns)   --->   "%mul_ln23_1 = mul nsw i32 %in2_load_5, %in1_load_1" [extr_.labenginecoderenderergl2tr_extramath.c_Mat4Multiply_with_main.c:23]   --->   Operation 102 'mul' 'mul_ln23_1' <Predicate = true> <Delay = 6.58> <Core = "Mul">   --->   Core 16 'Mul' <Latency = 0> <II = 1> <Delay = 6.58> <FuncUnit> <Opcode : 'mul'> <InPorts = 2> <OutPorts = 1>
ST_7 : Operation 103 [1/1] (6.58ns)   --->   "%mul_ln23_2 = mul nsw i32 %in2_load_6, %in1_load_2" [extr_.labenginecoderenderergl2tr_extramath.c_Mat4Multiply_with_main.c:23]   --->   Operation 103 'mul' 'mul_ln23_2' <Predicate = true> <Delay = 6.58> <Core = "Mul">   --->   Core 16 'Mul' <Latency = 0> <II = 1> <Delay = 6.58> <FuncUnit> <Opcode : 'mul'> <InPorts = 2> <OutPorts = 1>
ST_7 : Operation 104 [1/1] (6.58ns)   --->   "%mul_ln23_3 = mul nsw i32 %in2_load_7, %in1_load_3" [extr_.labenginecoderenderergl2tr_extramath.c_Mat4Multiply_with_main.c:23]   --->   Operation 104 'mul' 'mul_ln23_3' <Predicate = true> <Delay = 6.58> <Core = "Mul">   --->   Core 16 'Mul' <Latency = 0> <II = 1> <Delay = 6.58> <FuncUnit> <Opcode : 'mul'> <InPorts = 2> <OutPorts = 1>
ST_7 : Operation 105 [1/1] (1.78ns)   --->   "%add_ln23_1 = add i32 %mul_ln23_2, %mul_ln23_3" [extr_.labenginecoderenderergl2tr_extramath.c_Mat4Multiply_with_main.c:23]   --->   Operation 105 'add' 'add_ln23_1' <Predicate = true> <Delay = 1.78> <Core = "AddSub">   --->   Core 14 'AddSub' <Latency = 0> <II = 1> <Delay = 1.78> <FuncUnit> <Opcode : 'add' 'sub'> <InPorts = 2> <OutPorts = 1>
ST_7 : Operation 106 [1/1] (6.58ns)   --->   "%mul_ln24 = mul nsw i32 %in2_load_4, %in1_load_4" [extr_.labenginecoderenderergl2tr_extramath.c_Mat4Multiply_with_main.c:24]   --->   Operation 106 'mul' 'mul_ln24' <Predicate = true> <Delay = 6.58> <Core = "Mul">   --->   Core 16 'Mul' <Latency = 0> <II = 1> <Delay = 6.58> <FuncUnit> <Opcode : 'mul'> <InPorts = 2> <OutPorts = 1>
ST_7 : Operation 107 [1/1] (6.58ns)   --->   "%mul_ln24_1 = mul nsw i32 %in2_load_5, %in1_load_5" [extr_.labenginecoderenderergl2tr_extramath.c_Mat4Multiply_with_main.c:24]   --->   Operation 107 'mul' 'mul_ln24_1' <Predicate = true> <Delay = 6.58> <Core = "Mul">   --->   Core 16 'Mul' <Latency = 0> <II = 1> <Delay = 6.58> <FuncUnit> <Opcode : 'mul'> <InPorts = 2> <OutPorts = 1>
ST_7 : Operation 108 [1/1] (6.58ns)   --->   "%mul_ln24_2 = mul nsw i32 %in2_load_6, %in1_load_6" [extr_.labenginecoderenderergl2tr_extramath.c_Mat4Multiply_with_main.c:24]   --->   Operation 108 'mul' 'mul_ln24_2' <Predicate = true> <Delay = 6.58> <Core = "Mul">   --->   Core 16 'Mul' <Latency = 0> <II = 1> <Delay = 6.58> <FuncUnit> <Opcode : 'mul'> <InPorts = 2> <OutPorts = 1>
ST_7 : Operation 109 [1/1] (6.58ns)   --->   "%mul_ln24_3 = mul nsw i32 %in2_load_7, %in1_load_7" [extr_.labenginecoderenderergl2tr_extramath.c_Mat4Multiply_with_main.c:24]   --->   Operation 109 'mul' 'mul_ln24_3' <Predicate = true> <Delay = 6.58> <Core = "Mul">   --->   Core 16 'Mul' <Latency = 0> <II = 1> <Delay = 6.58> <FuncUnit> <Opcode : 'mul'> <InPorts = 2> <OutPorts = 1>
ST_7 : Operation 110 [1/1] (1.78ns)   --->   "%add_ln24_1 = add i32 %mul_ln24_2, %mul_ln24_3" [extr_.labenginecoderenderergl2tr_extramath.c_Mat4Multiply_with_main.c:24]   --->   Operation 110 'add' 'add_ln24_1' <Predicate = true> <Delay = 1.78> <Core = "AddSub">   --->   Core 14 'AddSub' <Latency = 0> <II = 1> <Delay = 1.78> <FuncUnit> <Opcode : 'add' 'sub'> <InPorts = 2> <OutPorts = 1>
ST_7 : Operation 111 [1/2] (2.66ns)   --->   "%in2_load_8 = load i32* %in2_addr_8, align 4" [extr_.labenginecoderenderergl2tr_extramath.c_Mat4Multiply_with_main.c:28]   --->   Operation 111 'load' 'in2_load_8' <Predicate = true> <Delay = 2.66> <Core = "RAM">   --->   Core 37 'RAM' <Latency = 1> <II = 1> <Delay = 2.66> <Storage> <Opcode : 'load' 'store'> <Ports = 2> <Width = 32> <Depth = 1000> <RAM>
ST_7 : Operation 112 [1/2] (2.66ns)   --->   "%in2_load_9 = load i32* %in2_addr_9, align 4" [extr_.labenginecoderenderergl2tr_extramath.c_Mat4Multiply_with_main.c:28]   --->   Operation 112 'load' 'in2_load_9' <Predicate = true> <Delay = 2.66> <Core = "RAM">   --->   Core 37 'RAM' <Latency = 1> <II = 1> <Delay = 2.66> <Storage> <Opcode : 'load' 'store'> <Ports = 2> <Width = 32> <Depth = 1000> <RAM>
ST_7 : Operation 113 [1/1] (0.00ns)   --->   "%in2_addr_10 = getelementptr [1000 x i32]* %in2, i64 0, i64 10" [extr_.labenginecoderenderergl2tr_extramath.c_Mat4Multiply_with_main.c:28]   --->   Operation 113 'getelementptr' 'in2_addr_10' <Predicate = true> <Delay = 0.00>
ST_7 : Operation 114 [2/2] (2.66ns)   --->   "%in2_load_10 = load i32* %in2_addr_10, align 4" [extr_.labenginecoderenderergl2tr_extramath.c_Mat4Multiply_with_main.c:28]   --->   Operation 114 'load' 'in2_load_10' <Predicate = true> <Delay = 2.66> <Core = "RAM">   --->   Core 37 'RAM' <Latency = 1> <II = 1> <Delay = 2.66> <Storage> <Opcode : 'load' 'store'> <Ports = 2> <Width = 32> <Depth = 1000> <RAM>
ST_7 : Operation 115 [1/1] (0.00ns)   --->   "%in2_addr_11 = getelementptr [1000 x i32]* %in2, i64 0, i64 11" [extr_.labenginecoderenderergl2tr_extramath.c_Mat4Multiply_with_main.c:28]   --->   Operation 115 'getelementptr' 'in2_addr_11' <Predicate = true> <Delay = 0.00>
ST_7 : Operation 116 [2/2] (2.66ns)   --->   "%in2_load_11 = load i32* %in2_addr_11, align 4" [extr_.labenginecoderenderergl2tr_extramath.c_Mat4Multiply_with_main.c:28]   --->   Operation 116 'load' 'in2_load_11' <Predicate = true> <Delay = 2.66> <Core = "RAM">   --->   Core 37 'RAM' <Latency = 1> <II = 1> <Delay = 2.66> <Storage> <Opcode : 'load' 'store'> <Ports = 2> <Width = 32> <Depth = 1000> <RAM>

State 8 <SV = 7> <Delay = 8.36>
ST_8 : Operation 117 [1/1] (6.58ns)   --->   "%mul_ln20 = mul nsw i32 %in2_load, %in1_load_8" [extr_.labenginecoderenderergl2tr_extramath.c_Mat4Multiply_with_main.c:20]   --->   Operation 117 'mul' 'mul_ln20' <Predicate = true> <Delay = 6.58> <Core = "Mul">   --->   Core 16 'Mul' <Latency = 0> <II = 1> <Delay = 6.58> <FuncUnit> <Opcode : 'mul'> <InPorts = 2> <OutPorts = 1>
ST_8 : Operation 118 [1/1] (6.58ns)   --->   "%mul_ln20_1 = mul nsw i32 %in2_load_1, %in1_load_9" [extr_.labenginecoderenderergl2tr_extramath.c_Mat4Multiply_with_main.c:20]   --->   Operation 118 'mul' 'mul_ln20_1' <Predicate = true> <Delay = 6.58> <Core = "Mul">   --->   Core 16 'Mul' <Latency = 0> <II = 1> <Delay = 6.58> <FuncUnit> <Opcode : 'mul'> <InPorts = 2> <OutPorts = 1>
ST_8 : Operation 119 [1/1] (6.58ns)   --->   "%mul_ln20_2 = mul nsw i32 %in2_load_2, %in1_load_10" [extr_.labenginecoderenderergl2tr_extramath.c_Mat4Multiply_with_main.c:20]   --->   Operation 119 'mul' 'mul_ln20_2' <Predicate = true> <Delay = 6.58> <Core = "Mul">   --->   Core 16 'Mul' <Latency = 0> <II = 1> <Delay = 6.58> <FuncUnit> <Opcode : 'mul'> <InPorts = 2> <OutPorts = 1>
ST_8 : Operation 120 [1/1] (6.58ns)   --->   "%mul_ln20_3 = mul nsw i32 %in2_load_3, %in1_load_11" [extr_.labenginecoderenderergl2tr_extramath.c_Mat4Multiply_with_main.c:20]   --->   Operation 120 'mul' 'mul_ln20_3' <Predicate = true> <Delay = 6.58> <Core = "Mul">   --->   Core 16 'Mul' <Latency = 0> <II = 1> <Delay = 6.58> <FuncUnit> <Opcode : 'mul'> <InPorts = 2> <OutPorts = 1>
ST_8 : Operation 121 [1/1] (1.78ns)   --->   "%add_ln20_1 = add i32 %mul_ln20_2, %mul_ln20_3" [extr_.labenginecoderenderergl2tr_extramath.c_Mat4Multiply_with_main.c:20]   --->   Operation 121 'add' 'add_ln20_1' <Predicate = true> <Delay = 1.78> <Core = "AddSub">   --->   Core 14 'AddSub' <Latency = 0> <II = 1> <Delay = 1.78> <FuncUnit> <Opcode : 'add' 'sub'> <InPorts = 2> <OutPorts = 1>
ST_8 : Operation 122 [1/2] (2.66ns)   --->   "%in1_load_12 = load i32* %in1_addr_12, align 4" [extr_.labenginecoderenderergl2tr_extramath.c_Mat4Multiply_with_main.c:21]   --->   Operation 122 'load' 'in1_load_12' <Predicate = true> <Delay = 2.66> <Core = "RAM">   --->   Core 37 'RAM' <Latency = 1> <II = 1> <Delay = 2.66> <Storage> <Opcode : 'load' 'store'> <Ports = 2> <Width = 32> <Depth = 1000> <RAM>
ST_8 : Operation 123 [1/2] (2.66ns)   --->   "%in1_load_13 = load i32* %in1_addr_13, align 4" [extr_.labenginecoderenderergl2tr_extramath.c_Mat4Multiply_with_main.c:21]   --->   Operation 123 'load' 'in1_load_13' <Predicate = true> <Delay = 2.66> <Core = "RAM">   --->   Core 37 'RAM' <Latency = 1> <II = 1> <Delay = 2.66> <Storage> <Opcode : 'load' 'store'> <Ports = 2> <Width = 32> <Depth = 1000> <RAM>
ST_8 : Operation 124 [1/1] (0.00ns)   --->   "%in1_addr_14 = getelementptr [1000 x i32]* %in1, i64 0, i64 11" [extr_.labenginecoderenderergl2tr_extramath.c_Mat4Multiply_with_main.c:21]   --->   Operation 124 'getelementptr' 'in1_addr_14' <Predicate = true> <Delay = 0.00>
ST_8 : Operation 125 [2/2] (2.66ns)   --->   "%in1_load_14 = load i32* %in1_addr_14, align 4" [extr_.labenginecoderenderergl2tr_extramath.c_Mat4Multiply_with_main.c:21]   --->   Operation 125 'load' 'in1_load_14' <Predicate = true> <Delay = 2.66> <Core = "RAM">   --->   Core 37 'RAM' <Latency = 1> <II = 1> <Delay = 2.66> <Storage> <Opcode : 'load' 'store'> <Ports = 2> <Width = 32> <Depth = 1000> <RAM>
ST_8 : Operation 126 [1/1] (0.00ns)   --->   "%in1_addr_15 = getelementptr [1000 x i32]* %in1, i64 0, i64 15" [extr_.labenginecoderenderergl2tr_extramath.c_Mat4Multiply_with_main.c:21]   --->   Operation 126 'getelementptr' 'in1_addr_15' <Predicate = true> <Delay = 0.00>
ST_8 : Operation 127 [2/2] (2.66ns)   --->   "%in1_load_15 = load i32* %in1_addr_15, align 4" [extr_.labenginecoderenderergl2tr_extramath.c_Mat4Multiply_with_main.c:21]   --->   Operation 127 'load' 'in1_load_15' <Predicate = true> <Delay = 2.66> <Core = "RAM">   --->   Core 37 'RAM' <Latency = 1> <II = 1> <Delay = 2.66> <Storage> <Opcode : 'load' 'store'> <Ports = 2> <Width = 32> <Depth = 1000> <RAM>
ST_8 : Operation 128 [1/1] (0.00ns) (grouped into TernaryAdder)   --->   "%add_ln23 = add i32 %mul_ln23_1, %mul_ln23" [extr_.labenginecoderenderergl2tr_extramath.c_Mat4Multiply_with_main.c:23]   --->   Operation 128 'add' 'add_ln23' <Predicate = true> <Delay = 0.00> <Core = "TAddSub">   --->   Core 83 'TAddSub' <Latency = 0> <II = 1> <Delay = 1.38> <IPBlock> <Opcode : 'add' 'sub'> <InPorts = 3> <OutPorts = 1> <Sync> <CReg>
ST_8 : Operation 129 [1/1] (2.77ns) (root node of TernaryAdder)   --->   "%add_ln23_2 = add i32 %add_ln23_1, %add_ln23" [extr_.labenginecoderenderergl2tr_extramath.c_Mat4Multiply_with_main.c:23]   --->   Operation 129 'add' 'add_ln23_2' <Predicate = true> <Delay = 2.77> <Core = "TAddSub">   --->   Core 83 'TAddSub' <Latency = 0> <II = 1> <Delay = 1.38> <IPBlock> <Opcode : 'add' 'sub'> <InPorts = 3> <OutPorts = 1> <Sync> <CReg>
ST_8 : Operation 130 [1/1] (0.00ns)   --->   "%out_addr_4 = getelementptr [1000 x i32]* %out_r, i64 0, i64 4" [extr_.labenginecoderenderergl2tr_extramath.c_Mat4Multiply_with_main.c:23]   --->   Operation 130 'getelementptr' 'out_addr_4' <Predicate = true> <Delay = 0.00>
ST_8 : Operation 131 [1/1] (2.66ns)   --->   "store i32 %add_ln23_2, i32* %out_addr_4, align 4" [extr_.labenginecoderenderergl2tr_extramath.c_Mat4Multiply_with_main.c:23]   --->   Operation 131 'store' <Predicate = true> <Delay = 2.66> <Core = "RAM">   --->   Core 37 'RAM' <Latency = 1> <II = 1> <Delay = 2.66> <Storage> <Opcode : 'load' 'store'> <Ports = 2> <Width = 32> <Depth = 1000> <RAM>
ST_8 : Operation 132 [1/1] (0.00ns) (grouped into TernaryAdder)   --->   "%add_ln24 = add i32 %mul_ln24_1, %mul_ln24" [extr_.labenginecoderenderergl2tr_extramath.c_Mat4Multiply_with_main.c:24]   --->   Operation 132 'add' 'add_ln24' <Predicate = true> <Delay = 0.00> <Core = "TAddSub">   --->   Core 83 'TAddSub' <Latency = 0> <II = 1> <Delay = 1.38> <IPBlock> <Opcode : 'add' 'sub'> <InPorts = 3> <OutPorts = 1> <Sync> <CReg>
ST_8 : Operation 133 [1/1] (2.77ns) (root node of TernaryAdder)   --->   "%add_ln24_2 = add i32 %add_ln24_1, %add_ln24" [extr_.labenginecoderenderergl2tr_extramath.c_Mat4Multiply_with_main.c:24]   --->   Operation 133 'add' 'add_ln24_2' <Predicate = true> <Delay = 2.77> <Core = "TAddSub">   --->   Core 83 'TAddSub' <Latency = 0> <II = 1> <Delay = 1.38> <IPBlock> <Opcode : 'add' 'sub'> <InPorts = 3> <OutPorts = 1> <Sync> <CReg>
ST_8 : Operation 134 [1/1] (0.00ns)   --->   "%out_addr_5 = getelementptr [1000 x i32]* %out_r, i64 0, i64 5" [extr_.labenginecoderenderergl2tr_extramath.c_Mat4Multiply_with_main.c:24]   --->   Operation 134 'getelementptr' 'out_addr_5' <Predicate = true> <Delay = 0.00>
ST_8 : Operation 135 [1/1] (2.66ns)   --->   "store i32 %add_ln24_2, i32* %out_addr_5, align 4" [extr_.labenginecoderenderergl2tr_extramath.c_Mat4Multiply_with_main.c:24]   --->   Operation 135 'store' <Predicate = true> <Delay = 2.66> <Core = "RAM">   --->   Core 37 'RAM' <Latency = 1> <II = 1> <Delay = 2.66> <Storage> <Opcode : 'load' 'store'> <Ports = 2> <Width = 32> <Depth = 1000> <RAM>
ST_8 : Operation 136 [1/1] (6.58ns)   --->   "%mul_ln25 = mul nsw i32 %in2_load_4, %in1_load_8" [extr_.labenginecoderenderergl2tr_extramath.c_Mat4Multiply_with_main.c:25]   --->   Operation 136 'mul' 'mul_ln25' <Predicate = true> <Delay = 6.58> <Core = "Mul">   --->   Core 16 'Mul' <Latency = 0> <II = 1> <Delay = 6.58> <FuncUnit> <Opcode : 'mul'> <InPorts = 2> <OutPorts = 1>
ST_8 : Operation 137 [1/1] (6.58ns)   --->   "%mul_ln25_1 = mul nsw i32 %in2_load_5, %in1_load_9" [extr_.labenginecoderenderergl2tr_extramath.c_Mat4Multiply_with_main.c:25]   --->   Operation 137 'mul' 'mul_ln25_1' <Predicate = true> <Delay = 6.58> <Core = "Mul">   --->   Core 16 'Mul' <Latency = 0> <II = 1> <Delay = 6.58> <FuncUnit> <Opcode : 'mul'> <InPorts = 2> <OutPorts = 1>
ST_8 : Operation 138 [1/1] (6.58ns)   --->   "%mul_ln25_2 = mul nsw i32 %in2_load_6, %in1_load_10" [extr_.labenginecoderenderergl2tr_extramath.c_Mat4Multiply_with_main.c:25]   --->   Operation 138 'mul' 'mul_ln25_2' <Predicate = true> <Delay = 6.58> <Core = "Mul">   --->   Core 16 'Mul' <Latency = 0> <II = 1> <Delay = 6.58> <FuncUnit> <Opcode : 'mul'> <InPorts = 2> <OutPorts = 1>
ST_8 : Operation 139 [1/1] (6.58ns)   --->   "%mul_ln25_3 = mul nsw i32 %in2_load_7, %in1_load_11" [extr_.labenginecoderenderergl2tr_extramath.c_Mat4Multiply_with_main.c:25]   --->   Operation 139 'mul' 'mul_ln25_3' <Predicate = true> <Delay = 6.58> <Core = "Mul">   --->   Core 16 'Mul' <Latency = 0> <II = 1> <Delay = 6.58> <FuncUnit> <Opcode : 'mul'> <InPorts = 2> <OutPorts = 1>
ST_8 : Operation 140 [1/1] (1.78ns)   --->   "%add_ln25_1 = add i32 %mul_ln25_2, %mul_ln25_3" [extr_.labenginecoderenderergl2tr_extramath.c_Mat4Multiply_with_main.c:25]   --->   Operation 140 'add' 'add_ln25_1' <Predicate = true> <Delay = 1.78> <Core = "AddSub">   --->   Core 14 'AddSub' <Latency = 0> <II = 1> <Delay = 1.78> <FuncUnit> <Opcode : 'add' 'sub'> <InPorts = 2> <OutPorts = 1>
ST_8 : Operation 141 [1/2] (2.66ns)   --->   "%in2_load_10 = load i32* %in2_addr_10, align 4" [extr_.labenginecoderenderergl2tr_extramath.c_Mat4Multiply_with_main.c:28]   --->   Operation 141 'load' 'in2_load_10' <Predicate = true> <Delay = 2.66> <Core = "RAM">   --->   Core 37 'RAM' <Latency = 1> <II = 1> <Delay = 2.66> <Storage> <Opcode : 'load' 'store'> <Ports = 2> <Width = 32> <Depth = 1000> <RAM>
ST_8 : Operation 142 [1/2] (2.66ns)   --->   "%in2_load_11 = load i32* %in2_addr_11, align 4" [extr_.labenginecoderenderergl2tr_extramath.c_Mat4Multiply_with_main.c:28]   --->   Operation 142 'load' 'in2_load_11' <Predicate = true> <Delay = 2.66> <Core = "RAM">   --->   Core 37 'RAM' <Latency = 1> <II = 1> <Delay = 2.66> <Storage> <Opcode : 'load' 'store'> <Ports = 2> <Width = 32> <Depth = 1000> <RAM>
ST_8 : Operation 143 [1/1] (0.00ns)   --->   "%in2_addr_12 = getelementptr [1000 x i32]* %in2, i64 0, i64 12" [extr_.labenginecoderenderergl2tr_extramath.c_Mat4Multiply_with_main.c:33]   --->   Operation 143 'getelementptr' 'in2_addr_12' <Predicate = true> <Delay = 0.00>
ST_8 : Operation 144 [2/2] (2.66ns)   --->   "%in2_load_12 = load i32* %in2_addr_12, align 4" [extr_.labenginecoderenderergl2tr_extramath.c_Mat4Multiply_with_main.c:33]   --->   Operation 144 'load' 'in2_load_12' <Predicate = true> <Delay = 2.66> <Core = "RAM">   --->   Core 37 'RAM' <Latency = 1> <II = 1> <Delay = 2.66> <Storage> <Opcode : 'load' 'store'> <Ports = 2> <Width = 32> <Depth = 1000> <RAM>
ST_8 : Operation 145 [1/1] (0.00ns)   --->   "%in2_addr_13 = getelementptr [1000 x i32]* %in2, i64 0, i64 13" [extr_.labenginecoderenderergl2tr_extramath.c_Mat4Multiply_with_main.c:33]   --->   Operation 145 'getelementptr' 'in2_addr_13' <Predicate = true> <Delay = 0.00>
ST_8 : Operation 146 [2/2] (2.66ns)   --->   "%in2_load_13 = load i32* %in2_addr_13, align 4" [extr_.labenginecoderenderergl2tr_extramath.c_Mat4Multiply_with_main.c:33]   --->   Operation 146 'load' 'in2_load_13' <Predicate = true> <Delay = 2.66> <Core = "RAM">   --->   Core 37 'RAM' <Latency = 1> <II = 1> <Delay = 2.66> <Storage> <Opcode : 'load' 'store'> <Ports = 2> <Width = 32> <Depth = 1000> <RAM>

State 9 <SV = 8> <Delay = 8.36>
ST_9 : Operation 147 [1/1] (0.00ns) (grouped into TernaryAdder)   --->   "%add_ln20 = add i32 %mul_ln20_1, %mul_ln20" [extr_.labenginecoderenderergl2tr_extramath.c_Mat4Multiply_with_main.c:20]   --->   Operation 147 'add' 'add_ln20' <Predicate = true> <Delay = 0.00> <Core = "TAddSub">   --->   Core 83 'TAddSub' <Latency = 0> <II = 1> <Delay = 1.38> <IPBlock> <Opcode : 'add' 'sub'> <InPorts = 3> <OutPorts = 1> <Sync> <CReg>
ST_9 : Operation 148 [1/1] (2.77ns) (root node of TernaryAdder)   --->   "%add_ln20_2 = add i32 %add_ln20_1, %add_ln20" [extr_.labenginecoderenderergl2tr_extramath.c_Mat4Multiply_with_main.c:20]   --->   Operation 148 'add' 'add_ln20_2' <Predicate = true> <Delay = 2.77> <Core = "TAddSub">   --->   Core 83 'TAddSub' <Latency = 0> <II = 1> <Delay = 1.38> <IPBlock> <Opcode : 'add' 'sub'> <InPorts = 3> <OutPorts = 1> <Sync> <CReg>
ST_9 : Operation 149 [1/1] (0.00ns)   --->   "%out_addr_2 = getelementptr [1000 x i32]* %out_r, i64 0, i64 2" [extr_.labenginecoderenderergl2tr_extramath.c_Mat4Multiply_with_main.c:20]   --->   Operation 149 'getelementptr' 'out_addr_2' <Predicate = true> <Delay = 0.00>
ST_9 : Operation 150 [1/1] (2.66ns)   --->   "store i32 %add_ln20_2, i32* %out_addr_2, align 4" [extr_.labenginecoderenderergl2tr_extramath.c_Mat4Multiply_with_main.c:20]   --->   Operation 150 'store' <Predicate = true> <Delay = 2.66> <Core = "RAM">   --->   Core 37 'RAM' <Latency = 1> <II = 1> <Delay = 2.66> <Storage> <Opcode : 'load' 'store'> <Ports = 2> <Width = 32> <Depth = 1000> <RAM>
ST_9 : Operation 151 [1/2] (2.66ns)   --->   "%in1_load_14 = load i32* %in1_addr_14, align 4" [extr_.labenginecoderenderergl2tr_extramath.c_Mat4Multiply_with_main.c:21]   --->   Operation 151 'load' 'in1_load_14' <Predicate = true> <Delay = 2.66> <Core = "RAM">   --->   Core 37 'RAM' <Latency = 1> <II = 1> <Delay = 2.66> <Storage> <Opcode : 'load' 'store'> <Ports = 2> <Width = 32> <Depth = 1000> <RAM>
ST_9 : Operation 152 [1/2] (2.66ns)   --->   "%in1_load_15 = load i32* %in1_addr_15, align 4" [extr_.labenginecoderenderergl2tr_extramath.c_Mat4Multiply_with_main.c:21]   --->   Operation 152 'load' 'in1_load_15' <Predicate = true> <Delay = 2.66> <Core = "RAM">   --->   Core 37 'RAM' <Latency = 1> <II = 1> <Delay = 2.66> <Storage> <Opcode : 'load' 'store'> <Ports = 2> <Width = 32> <Depth = 1000> <RAM>
ST_9 : Operation 153 [1/1] (0.00ns) (grouped into TernaryAdder)   --->   "%add_ln25 = add i32 %mul_ln25_1, %mul_ln25" [extr_.labenginecoderenderergl2tr_extramath.c_Mat4Multiply_with_main.c:25]   --->   Operation 153 'add' 'add_ln25' <Predicate = true> <Delay = 0.00> <Core = "TAddSub">   --->   Core 83 'TAddSub' <Latency = 0> <II = 1> <Delay = 1.38> <IPBlock> <Opcode : 'add' 'sub'> <InPorts = 3> <OutPorts = 1> <Sync> <CReg>
ST_9 : Operation 154 [1/1] (2.77ns) (root node of TernaryAdder)   --->   "%add_ln25_2 = add i32 %add_ln25_1, %add_ln25" [extr_.labenginecoderenderergl2tr_extramath.c_Mat4Multiply_with_main.c:25]   --->   Operation 154 'add' 'add_ln25_2' <Predicate = true> <Delay = 2.77> <Core = "TAddSub">   --->   Core 83 'TAddSub' <Latency = 0> <II = 1> <Delay = 1.38> <IPBlock> <Opcode : 'add' 'sub'> <InPorts = 3> <OutPorts = 1> <Sync> <CReg>
ST_9 : Operation 155 [1/1] (0.00ns)   --->   "%out_addr_6 = getelementptr [1000 x i32]* %out_r, i64 0, i64 6" [extr_.labenginecoderenderergl2tr_extramath.c_Mat4Multiply_with_main.c:25]   --->   Operation 155 'getelementptr' 'out_addr_6' <Predicate = true> <Delay = 0.00>
ST_9 : Operation 156 [1/1] (2.66ns)   --->   "store i32 %add_ln25_2, i32* %out_addr_6, align 4" [extr_.labenginecoderenderergl2tr_extramath.c_Mat4Multiply_with_main.c:25]   --->   Operation 156 'store' <Predicate = true> <Delay = 2.66> <Core = "RAM">   --->   Core 37 'RAM' <Latency = 1> <II = 1> <Delay = 2.66> <Storage> <Opcode : 'load' 'store'> <Ports = 2> <Width = 32> <Depth = 1000> <RAM>
ST_9 : Operation 157 [1/1] (6.58ns)   --->   "%mul_ln28 = mul nsw i32 %in2_load_8, %in1_load" [extr_.labenginecoderenderergl2tr_extramath.c_Mat4Multiply_with_main.c:28]   --->   Operation 157 'mul' 'mul_ln28' <Predicate = true> <Delay = 6.58> <Core = "Mul">   --->   Core 16 'Mul' <Latency = 0> <II = 1> <Delay = 6.58> <FuncUnit> <Opcode : 'mul'> <InPorts = 2> <OutPorts = 1>
ST_9 : Operation 158 [1/1] (6.58ns)   --->   "%mul_ln28_1 = mul nsw i32 %in2_load_9, %in1_load_1" [extr_.labenginecoderenderergl2tr_extramath.c_Mat4Multiply_with_main.c:28]   --->   Operation 158 'mul' 'mul_ln28_1' <Predicate = true> <Delay = 6.58> <Core = "Mul">   --->   Core 16 'Mul' <Latency = 0> <II = 1> <Delay = 6.58> <FuncUnit> <Opcode : 'mul'> <InPorts = 2> <OutPorts = 1>
ST_9 : Operation 159 [1/1] (6.58ns)   --->   "%mul_ln28_2 = mul nsw i32 %in2_load_10, %in1_load_2" [extr_.labenginecoderenderergl2tr_extramath.c_Mat4Multiply_with_main.c:28]   --->   Operation 159 'mul' 'mul_ln28_2' <Predicate = true> <Delay = 6.58> <Core = "Mul">   --->   Core 16 'Mul' <Latency = 0> <II = 1> <Delay = 6.58> <FuncUnit> <Opcode : 'mul'> <InPorts = 2> <OutPorts = 1>
ST_9 : Operation 160 [1/1] (6.58ns)   --->   "%mul_ln28_3 = mul nsw i32 %in2_load_11, %in1_load_3" [extr_.labenginecoderenderergl2tr_extramath.c_Mat4Multiply_with_main.c:28]   --->   Operation 160 'mul' 'mul_ln28_3' <Predicate = true> <Delay = 6.58> <Core = "Mul">   --->   Core 16 'Mul' <Latency = 0> <II = 1> <Delay = 6.58> <FuncUnit> <Opcode : 'mul'> <InPorts = 2> <OutPorts = 1>
ST_9 : Operation 161 [1/1] (1.78ns)   --->   "%add_ln28_1 = add i32 %mul_ln28_2, %mul_ln28_3" [extr_.labenginecoderenderergl2tr_extramath.c_Mat4Multiply_with_main.c:28]   --->   Operation 161 'add' 'add_ln28_1' <Predicate = true> <Delay = 1.78> <Core = "AddSub">   --->   Core 14 'AddSub' <Latency = 0> <II = 1> <Delay = 1.78> <FuncUnit> <Opcode : 'add' 'sub'> <InPorts = 2> <OutPorts = 1>
ST_9 : Operation 162 [1/1] (6.58ns)   --->   "%mul_ln29 = mul nsw i32 %in2_load_8, %in1_load_4" [extr_.labenginecoderenderergl2tr_extramath.c_Mat4Multiply_with_main.c:29]   --->   Operation 162 'mul' 'mul_ln29' <Predicate = true> <Delay = 6.58> <Core = "Mul">   --->   Core 16 'Mul' <Latency = 0> <II = 1> <Delay = 6.58> <FuncUnit> <Opcode : 'mul'> <InPorts = 2> <OutPorts = 1>
ST_9 : Operation 163 [1/1] (6.58ns)   --->   "%mul_ln29_1 = mul nsw i32 %in2_load_9, %in1_load_5" [extr_.labenginecoderenderergl2tr_extramath.c_Mat4Multiply_with_main.c:29]   --->   Operation 163 'mul' 'mul_ln29_1' <Predicate = true> <Delay = 6.58> <Core = "Mul">   --->   Core 16 'Mul' <Latency = 0> <II = 1> <Delay = 6.58> <FuncUnit> <Opcode : 'mul'> <InPorts = 2> <OutPorts = 1>
ST_9 : Operation 164 [1/1] (6.58ns)   --->   "%mul_ln29_2 = mul nsw i32 %in2_load_10, %in1_load_6" [extr_.labenginecoderenderergl2tr_extramath.c_Mat4Multiply_with_main.c:29]   --->   Operation 164 'mul' 'mul_ln29_2' <Predicate = true> <Delay = 6.58> <Core = "Mul">   --->   Core 16 'Mul' <Latency = 0> <II = 1> <Delay = 6.58> <FuncUnit> <Opcode : 'mul'> <InPorts = 2> <OutPorts = 1>
ST_9 : Operation 165 [1/1] (6.58ns)   --->   "%mul_ln29_3 = mul nsw i32 %in2_load_11, %in1_load_7" [extr_.labenginecoderenderergl2tr_extramath.c_Mat4Multiply_with_main.c:29]   --->   Operation 165 'mul' 'mul_ln29_3' <Predicate = true> <Delay = 6.58> <Core = "Mul">   --->   Core 16 'Mul' <Latency = 0> <II = 1> <Delay = 6.58> <FuncUnit> <Opcode : 'mul'> <InPorts = 2> <OutPorts = 1>
ST_9 : Operation 166 [1/1] (1.78ns)   --->   "%add_ln29_1 = add i32 %mul_ln29_2, %mul_ln29_3" [extr_.labenginecoderenderergl2tr_extramath.c_Mat4Multiply_with_main.c:29]   --->   Operation 166 'add' 'add_ln29_1' <Predicate = true> <Delay = 1.78> <Core = "AddSub">   --->   Core 14 'AddSub' <Latency = 0> <II = 1> <Delay = 1.78> <FuncUnit> <Opcode : 'add' 'sub'> <InPorts = 2> <OutPorts = 1>
ST_9 : Operation 167 [1/2] (2.66ns)   --->   "%in2_load_12 = load i32* %in2_addr_12, align 4" [extr_.labenginecoderenderergl2tr_extramath.c_Mat4Multiply_with_main.c:33]   --->   Operation 167 'load' 'in2_load_12' <Predicate = true> <Delay = 2.66> <Core = "RAM">   --->   Core 37 'RAM' <Latency = 1> <II = 1> <Delay = 2.66> <Storage> <Opcode : 'load' 'store'> <Ports = 2> <Width = 32> <Depth = 1000> <RAM>
ST_9 : Operation 168 [1/2] (2.66ns)   --->   "%in2_load_13 = load i32* %in2_addr_13, align 4" [extr_.labenginecoderenderergl2tr_extramath.c_Mat4Multiply_with_main.c:33]   --->   Operation 168 'load' 'in2_load_13' <Predicate = true> <Delay = 2.66> <Core = "RAM">   --->   Core 37 'RAM' <Latency = 1> <II = 1> <Delay = 2.66> <Storage> <Opcode : 'load' 'store'> <Ports = 2> <Width = 32> <Depth = 1000> <RAM>
ST_9 : Operation 169 [1/1] (0.00ns)   --->   "%in2_addr_14 = getelementptr [1000 x i32]* %in2, i64 0, i64 14" [extr_.labenginecoderenderergl2tr_extramath.c_Mat4Multiply_with_main.c:33]   --->   Operation 169 'getelementptr' 'in2_addr_14' <Predicate = true> <Delay = 0.00>
ST_9 : Operation 170 [2/2] (2.66ns)   --->   "%in2_load_14 = load i32* %in2_addr_14, align 4" [extr_.labenginecoderenderergl2tr_extramath.c_Mat4Multiply_with_main.c:33]   --->   Operation 170 'load' 'in2_load_14' <Predicate = true> <Delay = 2.66> <Core = "RAM">   --->   Core 37 'RAM' <Latency = 1> <II = 1> <Delay = 2.66> <Storage> <Opcode : 'load' 'store'> <Ports = 2> <Width = 32> <Depth = 1000> <RAM>
ST_9 : Operation 171 [1/1] (0.00ns)   --->   "%in2_addr_15 = getelementptr [1000 x i32]* %in2, i64 0, i64 15" [extr_.labenginecoderenderergl2tr_extramath.c_Mat4Multiply_with_main.c:33]   --->   Operation 171 'getelementptr' 'in2_addr_15' <Predicate = true> <Delay = 0.00>
ST_9 : Operation 172 [2/2] (2.66ns)   --->   "%in2_load_15 = load i32* %in2_addr_15, align 4" [extr_.labenginecoderenderergl2tr_extramath.c_Mat4Multiply_with_main.c:33]   --->   Operation 172 'load' 'in2_load_15' <Predicate = true> <Delay = 2.66> <Core = "RAM">   --->   Core 37 'RAM' <Latency = 1> <II = 1> <Delay = 2.66> <Storage> <Opcode : 'load' 'store'> <Ports = 2> <Width = 32> <Depth = 1000> <RAM>

State 10 <SV = 9> <Delay = 8.36>
ST_10 : Operation 173 [1/1] (6.58ns)   --->   "%mul_ln21 = mul nsw i32 %in2_load, %in1_load_12" [extr_.labenginecoderenderergl2tr_extramath.c_Mat4Multiply_with_main.c:21]   --->   Operation 173 'mul' 'mul_ln21' <Predicate = true> <Delay = 6.58> <Core = "Mul">   --->   Core 16 'Mul' <Latency = 0> <II = 1> <Delay = 6.58> <FuncUnit> <Opcode : 'mul'> <InPorts = 2> <OutPorts = 1>
ST_10 : Operation 174 [1/1] (6.58ns)   --->   "%mul_ln21_1 = mul nsw i32 %in2_load_1, %in1_load_13" [extr_.labenginecoderenderergl2tr_extramath.c_Mat4Multiply_with_main.c:21]   --->   Operation 174 'mul' 'mul_ln21_1' <Predicate = true> <Delay = 6.58> <Core = "Mul">   --->   Core 16 'Mul' <Latency = 0> <II = 1> <Delay = 6.58> <FuncUnit> <Opcode : 'mul'> <InPorts = 2> <OutPorts = 1>
ST_10 : Operation 175 [1/1] (6.58ns)   --->   "%mul_ln21_2 = mul nsw i32 %in2_load_2, %in1_load_14" [extr_.labenginecoderenderergl2tr_extramath.c_Mat4Multiply_with_main.c:21]   --->   Operation 175 'mul' 'mul_ln21_2' <Predicate = true> <Delay = 6.58> <Core = "Mul">   --->   Core 16 'Mul' <Latency = 0> <II = 1> <Delay = 6.58> <FuncUnit> <Opcode : 'mul'> <InPorts = 2> <OutPorts = 1>
ST_10 : Operation 176 [1/1] (6.58ns)   --->   "%mul_ln21_3 = mul nsw i32 %in2_load_3, %in1_load_15" [extr_.labenginecoderenderergl2tr_extramath.c_Mat4Multiply_with_main.c:21]   --->   Operation 176 'mul' 'mul_ln21_3' <Predicate = true> <Delay = 6.58> <Core = "Mul">   --->   Core 16 'Mul' <Latency = 0> <II = 1> <Delay = 6.58> <FuncUnit> <Opcode : 'mul'> <InPorts = 2> <OutPorts = 1>
ST_10 : Operation 177 [1/1] (1.78ns)   --->   "%add_ln21_1 = add i32 %mul_ln21_2, %mul_ln21_3" [extr_.labenginecoderenderergl2tr_extramath.c_Mat4Multiply_with_main.c:21]   --->   Operation 177 'add' 'add_ln21_1' <Predicate = true> <Delay = 1.78> <Core = "AddSub">   --->   Core 14 'AddSub' <Latency = 0> <II = 1> <Delay = 1.78> <FuncUnit> <Opcode : 'add' 'sub'> <InPorts = 2> <OutPorts = 1>
ST_10 : Operation 178 [1/1] (6.58ns)   --->   "%mul_ln26 = mul nsw i32 %in2_load_4, %in1_load_12" [extr_.labenginecoderenderergl2tr_extramath.c_Mat4Multiply_with_main.c:26]   --->   Operation 178 'mul' 'mul_ln26' <Predicate = true> <Delay = 6.58> <Core = "Mul">   --->   Core 16 'Mul' <Latency = 0> <II = 1> <Delay = 6.58> <FuncUnit> <Opcode : 'mul'> <InPorts = 2> <OutPorts = 1>
ST_10 : Operation 179 [1/1] (6.58ns)   --->   "%mul_ln26_1 = mul nsw i32 %in2_load_5, %in1_load_13" [extr_.labenginecoderenderergl2tr_extramath.c_Mat4Multiply_with_main.c:26]   --->   Operation 179 'mul' 'mul_ln26_1' <Predicate = true> <Delay = 6.58> <Core = "Mul">   --->   Core 16 'Mul' <Latency = 0> <II = 1> <Delay = 6.58> <FuncUnit> <Opcode : 'mul'> <InPorts = 2> <OutPorts = 1>
ST_10 : Operation 180 [1/1] (6.58ns)   --->   "%mul_ln26_2 = mul nsw i32 %in2_load_6, %in1_load_14" [extr_.labenginecoderenderergl2tr_extramath.c_Mat4Multiply_with_main.c:26]   --->   Operation 180 'mul' 'mul_ln26_2' <Predicate = true> <Delay = 6.58> <Core = "Mul">   --->   Core 16 'Mul' <Latency = 0> <II = 1> <Delay = 6.58> <FuncUnit> <Opcode : 'mul'> <InPorts = 2> <OutPorts = 1>
ST_10 : Operation 181 [1/1] (6.58ns)   --->   "%mul_ln26_3 = mul nsw i32 %in2_load_7, %in1_load_15" [extr_.labenginecoderenderergl2tr_extramath.c_Mat4Multiply_with_main.c:26]   --->   Operation 181 'mul' 'mul_ln26_3' <Predicate = true> <Delay = 6.58> <Core = "Mul">   --->   Core 16 'Mul' <Latency = 0> <II = 1> <Delay = 6.58> <FuncUnit> <Opcode : 'mul'> <InPorts = 2> <OutPorts = 1>
ST_10 : Operation 182 [1/1] (1.78ns)   --->   "%add_ln26_1 = add i32 %mul_ln26_2, %mul_ln26_3" [extr_.labenginecoderenderergl2tr_extramath.c_Mat4Multiply_with_main.c:26]   --->   Operation 182 'add' 'add_ln26_1' <Predicate = true> <Delay = 1.78> <Core = "AddSub">   --->   Core 14 'AddSub' <Latency = 0> <II = 1> <Delay = 1.78> <FuncUnit> <Opcode : 'add' 'sub'> <InPorts = 2> <OutPorts = 1>
ST_10 : Operation 183 [1/1] (0.00ns) (grouped into TernaryAdder)   --->   "%add_ln28 = add i32 %mul_ln28_1, %mul_ln28" [extr_.labenginecoderenderergl2tr_extramath.c_Mat4Multiply_with_main.c:28]   --->   Operation 183 'add' 'add_ln28' <Predicate = true> <Delay = 0.00> <Core = "TAddSub">   --->   Core 83 'TAddSub' <Latency = 0> <II = 1> <Delay = 1.38> <IPBlock> <Opcode : 'add' 'sub'> <InPorts = 3> <OutPorts = 1> <Sync> <CReg>
ST_10 : Operation 184 [1/1] (2.77ns) (root node of TernaryAdder)   --->   "%add_ln28_2 = add i32 %add_ln28_1, %add_ln28" [extr_.labenginecoderenderergl2tr_extramath.c_Mat4Multiply_with_main.c:28]   --->   Operation 184 'add' 'add_ln28_2' <Predicate = true> <Delay = 2.77> <Core = "TAddSub">   --->   Core 83 'TAddSub' <Latency = 0> <II = 1> <Delay = 1.38> <IPBlock> <Opcode : 'add' 'sub'> <InPorts = 3> <OutPorts = 1> <Sync> <CReg>
ST_10 : Operation 185 [1/1] (0.00ns)   --->   "%out_addr_8 = getelementptr [1000 x i32]* %out_r, i64 0, i64 8" [extr_.labenginecoderenderergl2tr_extramath.c_Mat4Multiply_with_main.c:28]   --->   Operation 185 'getelementptr' 'out_addr_8' <Predicate = true> <Delay = 0.00>
ST_10 : Operation 186 [1/1] (2.66ns)   --->   "store i32 %add_ln28_2, i32* %out_addr_8, align 4" [extr_.labenginecoderenderergl2tr_extramath.c_Mat4Multiply_with_main.c:28]   --->   Operation 186 'store' <Predicate = true> <Delay = 2.66> <Core = "RAM">   --->   Core 37 'RAM' <Latency = 1> <II = 1> <Delay = 2.66> <Storage> <Opcode : 'load' 'store'> <Ports = 2> <Width = 32> <Depth = 1000> <RAM>
ST_10 : Operation 187 [1/1] (0.00ns) (grouped into TernaryAdder)   --->   "%add_ln29 = add i32 %mul_ln29_1, %mul_ln29" [extr_.labenginecoderenderergl2tr_extramath.c_Mat4Multiply_with_main.c:29]   --->   Operation 187 'add' 'add_ln29' <Predicate = true> <Delay = 0.00> <Core = "TAddSub">   --->   Core 83 'TAddSub' <Latency = 0> <II = 1> <Delay = 1.38> <IPBlock> <Opcode : 'add' 'sub'> <InPorts = 3> <OutPorts = 1> <Sync> <CReg>
ST_10 : Operation 188 [1/1] (2.77ns) (root node of TernaryAdder)   --->   "%add_ln29_2 = add i32 %add_ln29_1, %add_ln29" [extr_.labenginecoderenderergl2tr_extramath.c_Mat4Multiply_with_main.c:29]   --->   Operation 188 'add' 'add_ln29_2' <Predicate = true> <Delay = 2.77> <Core = "TAddSub">   --->   Core 83 'TAddSub' <Latency = 0> <II = 1> <Delay = 1.38> <IPBlock> <Opcode : 'add' 'sub'> <InPorts = 3> <OutPorts = 1> <Sync> <CReg>
ST_10 : Operation 189 [1/1] (0.00ns)   --->   "%out_addr_9 = getelementptr [1000 x i32]* %out_r, i64 0, i64 9" [extr_.labenginecoderenderergl2tr_extramath.c_Mat4Multiply_with_main.c:29]   --->   Operation 189 'getelementptr' 'out_addr_9' <Predicate = true> <Delay = 0.00>
ST_10 : Operation 190 [1/1] (2.66ns)   --->   "store i32 %add_ln29_2, i32* %out_addr_9, align 4" [extr_.labenginecoderenderergl2tr_extramath.c_Mat4Multiply_with_main.c:29]   --->   Operation 190 'store' <Predicate = true> <Delay = 2.66> <Core = "RAM">   --->   Core 37 'RAM' <Latency = 1> <II = 1> <Delay = 2.66> <Storage> <Opcode : 'load' 'store'> <Ports = 2> <Width = 32> <Depth = 1000> <RAM>
ST_10 : Operation 191 [1/1] (6.58ns)   --->   "%mul_ln30 = mul nsw i32 %in2_load_8, %in1_load_8" [extr_.labenginecoderenderergl2tr_extramath.c_Mat4Multiply_with_main.c:30]   --->   Operation 191 'mul' 'mul_ln30' <Predicate = true> <Delay = 6.58> <Core = "Mul">   --->   Core 16 'Mul' <Latency = 0> <II = 1> <Delay = 6.58> <FuncUnit> <Opcode : 'mul'> <InPorts = 2> <OutPorts = 1>
ST_10 : Operation 192 [1/1] (6.58ns)   --->   "%mul_ln30_1 = mul nsw i32 %in2_load_9, %in1_load_9" [extr_.labenginecoderenderergl2tr_extramath.c_Mat4Multiply_with_main.c:30]   --->   Operation 192 'mul' 'mul_ln30_1' <Predicate = true> <Delay = 6.58> <Core = "Mul">   --->   Core 16 'Mul' <Latency = 0> <II = 1> <Delay = 6.58> <FuncUnit> <Opcode : 'mul'> <InPorts = 2> <OutPorts = 1>
ST_10 : Operation 193 [1/1] (6.58ns)   --->   "%mul_ln30_2 = mul nsw i32 %in2_load_10, %in1_load_10" [extr_.labenginecoderenderergl2tr_extramath.c_Mat4Multiply_with_main.c:30]   --->   Operation 193 'mul' 'mul_ln30_2' <Predicate = true> <Delay = 6.58> <Core = "Mul">   --->   Core 16 'Mul' <Latency = 0> <II = 1> <Delay = 6.58> <FuncUnit> <Opcode : 'mul'> <InPorts = 2> <OutPorts = 1>
ST_10 : Operation 194 [1/1] (6.58ns)   --->   "%mul_ln30_3 = mul nsw i32 %in2_load_11, %in1_load_11" [extr_.labenginecoderenderergl2tr_extramath.c_Mat4Multiply_with_main.c:30]   --->   Operation 194 'mul' 'mul_ln30_3' <Predicate = true> <Delay = 6.58> <Core = "Mul">   --->   Core 16 'Mul' <Latency = 0> <II = 1> <Delay = 6.58> <FuncUnit> <Opcode : 'mul'> <InPorts = 2> <OutPorts = 1>
ST_10 : Operation 195 [1/1] (1.78ns)   --->   "%add_ln30_1 = add i32 %mul_ln30_2, %mul_ln30_3" [extr_.labenginecoderenderergl2tr_extramath.c_Mat4Multiply_with_main.c:30]   --->   Operation 195 'add' 'add_ln30_1' <Predicate = true> <Delay = 1.78> <Core = "AddSub">   --->   Core 14 'AddSub' <Latency = 0> <II = 1> <Delay = 1.78> <FuncUnit> <Opcode : 'add' 'sub'> <InPorts = 2> <OutPorts = 1>
ST_10 : Operation 196 [1/1] (6.58ns)   --->   "%mul_ln31 = mul nsw i32 %in2_load_8, %in1_load_12" [extr_.labenginecoderenderergl2tr_extramath.c_Mat4Multiply_with_main.c:31]   --->   Operation 196 'mul' 'mul_ln31' <Predicate = true> <Delay = 6.58> <Core = "Mul">   --->   Core 16 'Mul' <Latency = 0> <II = 1> <Delay = 6.58> <FuncUnit> <Opcode : 'mul'> <InPorts = 2> <OutPorts = 1>
ST_10 : Operation 197 [1/1] (6.58ns)   --->   "%mul_ln31_1 = mul nsw i32 %in2_load_9, %in1_load_13" [extr_.labenginecoderenderergl2tr_extramath.c_Mat4Multiply_with_main.c:31]   --->   Operation 197 'mul' 'mul_ln31_1' <Predicate = true> <Delay = 6.58> <Core = "Mul">   --->   Core 16 'Mul' <Latency = 0> <II = 1> <Delay = 6.58> <FuncUnit> <Opcode : 'mul'> <InPorts = 2> <OutPorts = 1>
ST_10 : Operation 198 [1/1] (6.58ns)   --->   "%mul_ln31_2 = mul nsw i32 %in2_load_10, %in1_load_14" [extr_.labenginecoderenderergl2tr_extramath.c_Mat4Multiply_with_main.c:31]   --->   Operation 198 'mul' 'mul_ln31_2' <Predicate = true> <Delay = 6.58> <Core = "Mul">   --->   Core 16 'Mul' <Latency = 0> <II = 1> <Delay = 6.58> <FuncUnit> <Opcode : 'mul'> <InPorts = 2> <OutPorts = 1>
ST_10 : Operation 199 [1/1] (6.58ns)   --->   "%mul_ln31_3 = mul nsw i32 %in2_load_11, %in1_load_15" [extr_.labenginecoderenderergl2tr_extramath.c_Mat4Multiply_with_main.c:31]   --->   Operation 199 'mul' 'mul_ln31_3' <Predicate = true> <Delay = 6.58> <Core = "Mul">   --->   Core 16 'Mul' <Latency = 0> <II = 1> <Delay = 6.58> <FuncUnit> <Opcode : 'mul'> <InPorts = 2> <OutPorts = 1>
ST_10 : Operation 200 [1/1] (1.78ns)   --->   "%add_ln31_1 = add i32 %mul_ln31_2, %mul_ln31_3" [extr_.labenginecoderenderergl2tr_extramath.c_Mat4Multiply_with_main.c:31]   --->   Operation 200 'add' 'add_ln31_1' <Predicate = true> <Delay = 1.78> <Core = "AddSub">   --->   Core 14 'AddSub' <Latency = 0> <II = 1> <Delay = 1.78> <FuncUnit> <Opcode : 'add' 'sub'> <InPorts = 2> <OutPorts = 1>
ST_10 : Operation 201 [1/1] (6.58ns)   --->   "%mul_ln33 = mul nsw i32 %in2_load_12, %in1_load" [extr_.labenginecoderenderergl2tr_extramath.c_Mat4Multiply_with_main.c:33]   --->   Operation 201 'mul' 'mul_ln33' <Predicate = true> <Delay = 6.58> <Core = "Mul">   --->   Core 16 'Mul' <Latency = 0> <II = 1> <Delay = 6.58> <FuncUnit> <Opcode : 'mul'> <InPorts = 2> <OutPorts = 1>
ST_10 : Operation 202 [1/1] (6.58ns)   --->   "%mul_ln33_1 = mul nsw i32 %in2_load_13, %in1_load_1" [extr_.labenginecoderenderergl2tr_extramath.c_Mat4Multiply_with_main.c:33]   --->   Operation 202 'mul' 'mul_ln33_1' <Predicate = true> <Delay = 6.58> <Core = "Mul">   --->   Core 16 'Mul' <Latency = 0> <II = 1> <Delay = 6.58> <FuncUnit> <Opcode : 'mul'> <InPorts = 2> <OutPorts = 1>
ST_10 : Operation 203 [1/2] (2.66ns)   --->   "%in2_load_14 = load i32* %in2_addr_14, align 4" [extr_.labenginecoderenderergl2tr_extramath.c_Mat4Multiply_with_main.c:33]   --->   Operation 203 'load' 'in2_load_14' <Predicate = true> <Delay = 2.66> <Core = "RAM">   --->   Core 37 'RAM' <Latency = 1> <II = 1> <Delay = 2.66> <Storage> <Opcode : 'load' 'store'> <Ports = 2> <Width = 32> <Depth = 1000> <RAM>
ST_10 : Operation 204 [1/2] (2.66ns)   --->   "%in2_load_15 = load i32* %in2_addr_15, align 4" [extr_.labenginecoderenderergl2tr_extramath.c_Mat4Multiply_with_main.c:33]   --->   Operation 204 'load' 'in2_load_15' <Predicate = true> <Delay = 2.66> <Core = "RAM">   --->   Core 37 'RAM' <Latency = 1> <II = 1> <Delay = 2.66> <Storage> <Opcode : 'load' 'store'> <Ports = 2> <Width = 32> <Depth = 1000> <RAM>
ST_10 : Operation 205 [1/1] (6.58ns)   --->   "%mul_ln34 = mul nsw i32 %in2_load_12, %in1_load_4" [extr_.labenginecoderenderergl2tr_extramath.c_Mat4Multiply_with_main.c:34]   --->   Operation 205 'mul' 'mul_ln34' <Predicate = true> <Delay = 6.58> <Core = "Mul">   --->   Core 16 'Mul' <Latency = 0> <II = 1> <Delay = 6.58> <FuncUnit> <Opcode : 'mul'> <InPorts = 2> <OutPorts = 1>
ST_10 : Operation 206 [1/1] (6.58ns)   --->   "%mul_ln34_1 = mul nsw i32 %in2_load_13, %in1_load_5" [extr_.labenginecoderenderergl2tr_extramath.c_Mat4Multiply_with_main.c:34]   --->   Operation 206 'mul' 'mul_ln34_1' <Predicate = true> <Delay = 6.58> <Core = "Mul">   --->   Core 16 'Mul' <Latency = 0> <II = 1> <Delay = 6.58> <FuncUnit> <Opcode : 'mul'> <InPorts = 2> <OutPorts = 1>
ST_10 : Operation 207 [1/1] (6.58ns)   --->   "%mul_ln35 = mul nsw i32 %in2_load_12, %in1_load_8" [extr_.labenginecoderenderergl2tr_extramath.c_Mat4Multiply_with_main.c:35]   --->   Operation 207 'mul' 'mul_ln35' <Predicate = true> <Delay = 6.58> <Core = "Mul">   --->   Core 16 'Mul' <Latency = 0> <II = 1> <Delay = 6.58> <FuncUnit> <Opcode : 'mul'> <InPorts = 2> <OutPorts = 1>
ST_10 : Operation 208 [1/1] (6.58ns)   --->   "%mul_ln35_1 = mul nsw i32 %in2_load_13, %in1_load_9" [extr_.labenginecoderenderergl2tr_extramath.c_Mat4Multiply_with_main.c:35]   --->   Operation 208 'mul' 'mul_ln35_1' <Predicate = true> <Delay = 6.58> <Core = "Mul">   --->   Core 16 'Mul' <Latency = 0> <II = 1> <Delay = 6.58> <FuncUnit> <Opcode : 'mul'> <InPorts = 2> <OutPorts = 1>
ST_10 : Operation 209 [1/1] (6.58ns)   --->   "%mul_ln36 = mul nsw i32 %in2_load_12, %in1_load_12" [extr_.labenginecoderenderergl2tr_extramath.c_Mat4Multiply_with_main.c:36]   --->   Operation 209 'mul' 'mul_ln36' <Predicate = true> <Delay = 6.58> <Core = "Mul">   --->   Core 16 'Mul' <Latency = 0> <II = 1> <Delay = 6.58> <FuncUnit> <Opcode : 'mul'> <InPorts = 2> <OutPorts = 1>
ST_10 : Operation 210 [1/1] (6.58ns)   --->   "%mul_ln36_1 = mul nsw i32 %in2_load_13, %in1_load_13" [extr_.labenginecoderenderergl2tr_extramath.c_Mat4Multiply_with_main.c:36]   --->   Operation 210 'mul' 'mul_ln36_1' <Predicate = true> <Delay = 6.58> <Core = "Mul">   --->   Core 16 'Mul' <Latency = 0> <II = 1> <Delay = 6.58> <FuncUnit> <Opcode : 'mul'> <InPorts = 2> <OutPorts = 1>

State 11 <SV = 10> <Delay = 8.36>
ST_11 : Operation 211 [1/1] (0.00ns) (grouped into TernaryAdder)   --->   "%add_ln21 = add i32 %mul_ln21_1, %mul_ln21" [extr_.labenginecoderenderergl2tr_extramath.c_Mat4Multiply_with_main.c:21]   --->   Operation 211 'add' 'add_ln21' <Predicate = true> <Delay = 0.00> <Core = "TAddSub">   --->   Core 83 'TAddSub' <Latency = 0> <II = 1> <Delay = 1.38> <IPBlock> <Opcode : 'add' 'sub'> <InPorts = 3> <OutPorts = 1> <Sync> <CReg>
ST_11 : Operation 212 [1/1] (2.77ns) (root node of TernaryAdder)   --->   "%add_ln21_2 = add i32 %add_ln21_1, %add_ln21" [extr_.labenginecoderenderergl2tr_extramath.c_Mat4Multiply_with_main.c:21]   --->   Operation 212 'add' 'add_ln21_2' <Predicate = true> <Delay = 2.77> <Core = "TAddSub">   --->   Core 83 'TAddSub' <Latency = 0> <II = 1> <Delay = 1.38> <IPBlock> <Opcode : 'add' 'sub'> <InPorts = 3> <OutPorts = 1> <Sync> <CReg>
ST_11 : Operation 213 [1/1] (0.00ns)   --->   "%out_addr_3 = getelementptr [1000 x i32]* %out_r, i64 0, i64 3" [extr_.labenginecoderenderergl2tr_extramath.c_Mat4Multiply_with_main.c:21]   --->   Operation 213 'getelementptr' 'out_addr_3' <Predicate = true> <Delay = 0.00>
ST_11 : Operation 214 [1/1] (2.66ns)   --->   "store i32 %add_ln21_2, i32* %out_addr_3, align 4" [extr_.labenginecoderenderergl2tr_extramath.c_Mat4Multiply_with_main.c:21]   --->   Operation 214 'store' <Predicate = true> <Delay = 2.66> <Core = "RAM">   --->   Core 37 'RAM' <Latency = 1> <II = 1> <Delay = 2.66> <Storage> <Opcode : 'load' 'store'> <Ports = 2> <Width = 32> <Depth = 1000> <RAM>
ST_11 : Operation 215 [1/1] (0.00ns) (grouped into TernaryAdder)   --->   "%add_ln26 = add i32 %mul_ln26_1, %mul_ln26" [extr_.labenginecoderenderergl2tr_extramath.c_Mat4Multiply_with_main.c:26]   --->   Operation 215 'add' 'add_ln26' <Predicate = true> <Delay = 0.00> <Core = "TAddSub">   --->   Core 83 'TAddSub' <Latency = 0> <II = 1> <Delay = 1.38> <IPBlock> <Opcode : 'add' 'sub'> <InPorts = 3> <OutPorts = 1> <Sync> <CReg>
ST_11 : Operation 216 [1/1] (2.77ns) (root node of TernaryAdder)   --->   "%add_ln26_2 = add i32 %add_ln26_1, %add_ln26" [extr_.labenginecoderenderergl2tr_extramath.c_Mat4Multiply_with_main.c:26]   --->   Operation 216 'add' 'add_ln26_2' <Predicate = true> <Delay = 2.77> <Core = "TAddSub">   --->   Core 83 'TAddSub' <Latency = 0> <II = 1> <Delay = 1.38> <IPBlock> <Opcode : 'add' 'sub'> <InPorts = 3> <OutPorts = 1> <Sync> <CReg>
ST_11 : Operation 217 [1/1] (0.00ns)   --->   "%out_addr_7 = getelementptr [1000 x i32]* %out_r, i64 0, i64 7" [extr_.labenginecoderenderergl2tr_extramath.c_Mat4Multiply_with_main.c:26]   --->   Operation 217 'getelementptr' 'out_addr_7' <Predicate = true> <Delay = 0.00>
ST_11 : Operation 218 [1/1] (2.66ns)   --->   "store i32 %add_ln26_2, i32* %out_addr_7, align 4" [extr_.labenginecoderenderergl2tr_extramath.c_Mat4Multiply_with_main.c:26]   --->   Operation 218 'store' <Predicate = true> <Delay = 2.66> <Core = "RAM">   --->   Core 37 'RAM' <Latency = 1> <II = 1> <Delay = 2.66> <Storage> <Opcode : 'load' 'store'> <Ports = 2> <Width = 32> <Depth = 1000> <RAM>
ST_11 : Operation 219 [1/1] (0.00ns) (grouped into TernaryAdder)   --->   "%add_ln30 = add i32 %mul_ln30_1, %mul_ln30" [extr_.labenginecoderenderergl2tr_extramath.c_Mat4Multiply_with_main.c:30]   --->   Operation 219 'add' 'add_ln30' <Predicate = true> <Delay = 0.00> <Core = "TAddSub">   --->   Core 83 'TAddSub' <Latency = 0> <II = 1> <Delay = 1.38> <IPBlock> <Opcode : 'add' 'sub'> <InPorts = 3> <OutPorts = 1> <Sync> <CReg>
ST_11 : Operation 220 [1/1] (2.77ns) (root node of TernaryAdder)   --->   "%add_ln30_2 = add i32 %add_ln30_1, %add_ln30" [extr_.labenginecoderenderergl2tr_extramath.c_Mat4Multiply_with_main.c:30]   --->   Operation 220 'add' 'add_ln30_2' <Predicate = true> <Delay = 2.77> <Core = "TAddSub">   --->   Core 83 'TAddSub' <Latency = 0> <II = 1> <Delay = 1.38> <IPBlock> <Opcode : 'add' 'sub'> <InPorts = 3> <OutPorts = 1> <Sync> <CReg>
ST_11 : Operation 221 [1/1] (0.00ns) (grouped into TernaryAdder)   --->   "%add_ln31 = add i32 %mul_ln31_1, %mul_ln31" [extr_.labenginecoderenderergl2tr_extramath.c_Mat4Multiply_with_main.c:31]   --->   Operation 221 'add' 'add_ln31' <Predicate = true> <Delay = 0.00> <Core = "TAddSub">   --->   Core 83 'TAddSub' <Latency = 0> <II = 1> <Delay = 1.38> <IPBlock> <Opcode : 'add' 'sub'> <InPorts = 3> <OutPorts = 1> <Sync> <CReg>
ST_11 : Operation 222 [1/1] (2.77ns) (root node of TernaryAdder)   --->   "%add_ln31_2 = add i32 %add_ln31_1, %add_ln31" [extr_.labenginecoderenderergl2tr_extramath.c_Mat4Multiply_with_main.c:31]   --->   Operation 222 'add' 'add_ln31_2' <Predicate = true> <Delay = 2.77> <Core = "TAddSub">   --->   Core 83 'TAddSub' <Latency = 0> <II = 1> <Delay = 1.38> <IPBlock> <Opcode : 'add' 'sub'> <InPorts = 3> <OutPorts = 1> <Sync> <CReg>
ST_11 : Operation 223 [1/1] (6.58ns)   --->   "%mul_ln33_2 = mul nsw i32 %in2_load_14, %in1_load_2" [extr_.labenginecoderenderergl2tr_extramath.c_Mat4Multiply_with_main.c:33]   --->   Operation 223 'mul' 'mul_ln33_2' <Predicate = true> <Delay = 6.58> <Core = "Mul">   --->   Core 16 'Mul' <Latency = 0> <II = 1> <Delay = 6.58> <FuncUnit> <Opcode : 'mul'> <InPorts = 2> <OutPorts = 1>
ST_11 : Operation 224 [1/1] (6.58ns)   --->   "%mul_ln33_3 = mul nsw i32 %in2_load_15, %in1_load_3" [extr_.labenginecoderenderergl2tr_extramath.c_Mat4Multiply_with_main.c:33]   --->   Operation 224 'mul' 'mul_ln33_3' <Predicate = true> <Delay = 6.58> <Core = "Mul">   --->   Core 16 'Mul' <Latency = 0> <II = 1> <Delay = 6.58> <FuncUnit> <Opcode : 'mul'> <InPorts = 2> <OutPorts = 1>
ST_11 : Operation 225 [1/1] (1.78ns)   --->   "%add_ln33_1 = add i32 %mul_ln33_2, %mul_ln33_3" [extr_.labenginecoderenderergl2tr_extramath.c_Mat4Multiply_with_main.c:33]   --->   Operation 225 'add' 'add_ln33_1' <Predicate = true> <Delay = 1.78> <Core = "AddSub">   --->   Core 14 'AddSub' <Latency = 0> <II = 1> <Delay = 1.78> <FuncUnit> <Opcode : 'add' 'sub'> <InPorts = 2> <OutPorts = 1>
ST_11 : Operation 226 [1/1] (6.58ns)   --->   "%mul_ln34_2 = mul nsw i32 %in2_load_14, %in1_load_6" [extr_.labenginecoderenderergl2tr_extramath.c_Mat4Multiply_with_main.c:34]   --->   Operation 226 'mul' 'mul_ln34_2' <Predicate = true> <Delay = 6.58> <Core = "Mul">   --->   Core 16 'Mul' <Latency = 0> <II = 1> <Delay = 6.58> <FuncUnit> <Opcode : 'mul'> <InPorts = 2> <OutPorts = 1>
ST_11 : Operation 227 [1/1] (6.58ns)   --->   "%mul_ln34_3 = mul nsw i32 %in2_load_15, %in1_load_7" [extr_.labenginecoderenderergl2tr_extramath.c_Mat4Multiply_with_main.c:34]   --->   Operation 227 'mul' 'mul_ln34_3' <Predicate = true> <Delay = 6.58> <Core = "Mul">   --->   Core 16 'Mul' <Latency = 0> <II = 1> <Delay = 6.58> <FuncUnit> <Opcode : 'mul'> <InPorts = 2> <OutPorts = 1>
ST_11 : Operation 228 [1/1] (1.78ns)   --->   "%add_ln34_1 = add i32 %mul_ln34_2, %mul_ln34_3" [extr_.labenginecoderenderergl2tr_extramath.c_Mat4Multiply_with_main.c:34]   --->   Operation 228 'add' 'add_ln34_1' <Predicate = true> <Delay = 1.78> <Core = "AddSub">   --->   Core 14 'AddSub' <Latency = 0> <II = 1> <Delay = 1.78> <FuncUnit> <Opcode : 'add' 'sub'> <InPorts = 2> <OutPorts = 1>
ST_11 : Operation 229 [1/1] (6.58ns)   --->   "%mul_ln35_2 = mul nsw i32 %in2_load_14, %in1_load_10" [extr_.labenginecoderenderergl2tr_extramath.c_Mat4Multiply_with_main.c:35]   --->   Operation 229 'mul' 'mul_ln35_2' <Predicate = true> <Delay = 6.58> <Core = "Mul">   --->   Core 16 'Mul' <Latency = 0> <II = 1> <Delay = 6.58> <FuncUnit> <Opcode : 'mul'> <InPorts = 2> <OutPorts = 1>
ST_11 : Operation 230 [1/1] (6.58ns)   --->   "%mul_ln35_3 = mul nsw i32 %in2_load_15, %in1_load_11" [extr_.labenginecoderenderergl2tr_extramath.c_Mat4Multiply_with_main.c:35]   --->   Operation 230 'mul' 'mul_ln35_3' <Predicate = true> <Delay = 6.58> <Core = "Mul">   --->   Core 16 'Mul' <Latency = 0> <II = 1> <Delay = 6.58> <FuncUnit> <Opcode : 'mul'> <InPorts = 2> <OutPorts = 1>
ST_11 : Operation 231 [1/1] (1.78ns)   --->   "%add_ln35_1 = add i32 %mul_ln35_2, %mul_ln35_3" [extr_.labenginecoderenderergl2tr_extramath.c_Mat4Multiply_with_main.c:35]   --->   Operation 231 'add' 'add_ln35_1' <Predicate = true> <Delay = 1.78> <Core = "AddSub">   --->   Core 14 'AddSub' <Latency = 0> <II = 1> <Delay = 1.78> <FuncUnit> <Opcode : 'add' 'sub'> <InPorts = 2> <OutPorts = 1>
ST_11 : Operation 232 [1/1] (6.58ns)   --->   "%mul_ln36_2 = mul nsw i32 %in2_load_14, %in1_load_14" [extr_.labenginecoderenderergl2tr_extramath.c_Mat4Multiply_with_main.c:36]   --->   Operation 232 'mul' 'mul_ln36_2' <Predicate = true> <Delay = 6.58> <Core = "Mul">   --->   Core 16 'Mul' <Latency = 0> <II = 1> <Delay = 6.58> <FuncUnit> <Opcode : 'mul'> <InPorts = 2> <OutPorts = 1>
ST_11 : Operation 233 [1/1] (6.58ns)   --->   "%mul_ln36_3 = mul nsw i32 %in2_load_15, %in1_load_15" [extr_.labenginecoderenderergl2tr_extramath.c_Mat4Multiply_with_main.c:36]   --->   Operation 233 'mul' 'mul_ln36_3' <Predicate = true> <Delay = 6.58> <Core = "Mul">   --->   Core 16 'Mul' <Latency = 0> <II = 1> <Delay = 6.58> <FuncUnit> <Opcode : 'mul'> <InPorts = 2> <OutPorts = 1>
ST_11 : Operation 234 [1/1] (1.78ns)   --->   "%add_ln36_1 = add i32 %mul_ln36_2, %mul_ln36_3" [extr_.labenginecoderenderergl2tr_extramath.c_Mat4Multiply_with_main.c:36]   --->   Operation 234 'add' 'add_ln36_1' <Predicate = true> <Delay = 1.78> <Core = "AddSub">   --->   Core 14 'AddSub' <Latency = 0> <II = 1> <Delay = 1.78> <FuncUnit> <Opcode : 'add' 'sub'> <InPorts = 2> <OutPorts = 1>

State 12 <SV = 11> <Delay = 2.77>
ST_12 : Operation 235 [1/1] (0.00ns)   --->   "%out_addr_10 = getelementptr [1000 x i32]* %out_r, i64 0, i64 10" [extr_.labenginecoderenderergl2tr_extramath.c_Mat4Multiply_with_main.c:30]   --->   Operation 235 'getelementptr' 'out_addr_10' <Predicate = true> <Delay = 0.00>
ST_12 : Operation 236 [1/1] (2.66ns)   --->   "store i32 %add_ln30_2, i32* %out_addr_10, align 4" [extr_.labenginecoderenderergl2tr_extramath.c_Mat4Multiply_with_main.c:30]   --->   Operation 236 'store' <Predicate = true> <Delay = 2.66> <Core = "RAM">   --->   Core 37 'RAM' <Latency = 1> <II = 1> <Delay = 2.66> <Storage> <Opcode : 'load' 'store'> <Ports = 2> <Width = 32> <Depth = 1000> <RAM>
ST_12 : Operation 237 [1/1] (0.00ns)   --->   "%out_addr_11 = getelementptr [1000 x i32]* %out_r, i64 0, i64 11" [extr_.labenginecoderenderergl2tr_extramath.c_Mat4Multiply_with_main.c:31]   --->   Operation 237 'getelementptr' 'out_addr_11' <Predicate = true> <Delay = 0.00>
ST_12 : Operation 238 [1/1] (2.66ns)   --->   "store i32 %add_ln31_2, i32* %out_addr_11, align 4" [extr_.labenginecoderenderergl2tr_extramath.c_Mat4Multiply_with_main.c:31]   --->   Operation 238 'store' <Predicate = true> <Delay = 2.66> <Core = "RAM">   --->   Core 37 'RAM' <Latency = 1> <II = 1> <Delay = 2.66> <Storage> <Opcode : 'load' 'store'> <Ports = 2> <Width = 32> <Depth = 1000> <RAM>
ST_12 : Operation 239 [1/1] (0.00ns) (grouped into TernaryAdder)   --->   "%add_ln33 = add i32 %mul_ln33_1, %mul_ln33" [extr_.labenginecoderenderergl2tr_extramath.c_Mat4Multiply_with_main.c:33]   --->   Operation 239 'add' 'add_ln33' <Predicate = true> <Delay = 0.00> <Core = "TAddSub">   --->   Core 83 'TAddSub' <Latency = 0> <II = 1> <Delay = 1.38> <IPBlock> <Opcode : 'add' 'sub'> <InPorts = 3> <OutPorts = 1> <Sync> <CReg>
ST_12 : Operation 240 [1/1] (2.77ns) (root node of TernaryAdder)   --->   "%add_ln33_2 = add i32 %add_ln33_1, %add_ln33" [extr_.labenginecoderenderergl2tr_extramath.c_Mat4Multiply_with_main.c:33]   --->   Operation 240 'add' 'add_ln33_2' <Predicate = true> <Delay = 2.77> <Core = "TAddSub">   --->   Core 83 'TAddSub' <Latency = 0> <II = 1> <Delay = 1.38> <IPBlock> <Opcode : 'add' 'sub'> <InPorts = 3> <OutPorts = 1> <Sync> <CReg>
ST_12 : Operation 241 [1/1] (0.00ns) (grouped into TernaryAdder)   --->   "%add_ln34 = add i32 %mul_ln34_1, %mul_ln34" [extr_.labenginecoderenderergl2tr_extramath.c_Mat4Multiply_with_main.c:34]   --->   Operation 241 'add' 'add_ln34' <Predicate = true> <Delay = 0.00> <Core = "TAddSub">   --->   Core 83 'TAddSub' <Latency = 0> <II = 1> <Delay = 1.38> <IPBlock> <Opcode : 'add' 'sub'> <InPorts = 3> <OutPorts = 1> <Sync> <CReg>
ST_12 : Operation 242 [1/1] (2.77ns) (root node of TernaryAdder)   --->   "%add_ln34_2 = add i32 %add_ln34_1, %add_ln34" [extr_.labenginecoderenderergl2tr_extramath.c_Mat4Multiply_with_main.c:34]   --->   Operation 242 'add' 'add_ln34_2' <Predicate = true> <Delay = 2.77> <Core = "TAddSub">   --->   Core 83 'TAddSub' <Latency = 0> <II = 1> <Delay = 1.38> <IPBlock> <Opcode : 'add' 'sub'> <InPorts = 3> <OutPorts = 1> <Sync> <CReg>
ST_12 : Operation 243 [1/1] (0.00ns) (grouped into TernaryAdder)   --->   "%add_ln35 = add i32 %mul_ln35_1, %mul_ln35" [extr_.labenginecoderenderergl2tr_extramath.c_Mat4Multiply_with_main.c:35]   --->   Operation 243 'add' 'add_ln35' <Predicate = true> <Delay = 0.00> <Core = "TAddSub">   --->   Core 83 'TAddSub' <Latency = 0> <II = 1> <Delay = 1.38> <IPBlock> <Opcode : 'add' 'sub'> <InPorts = 3> <OutPorts = 1> <Sync> <CReg>
ST_12 : Operation 244 [1/1] (2.77ns) (root node of TernaryAdder)   --->   "%add_ln35_2 = add i32 %add_ln35_1, %add_ln35" [extr_.labenginecoderenderergl2tr_extramath.c_Mat4Multiply_with_main.c:35]   --->   Operation 244 'add' 'add_ln35_2' <Predicate = true> <Delay = 2.77> <Core = "TAddSub">   --->   Core 83 'TAddSub' <Latency = 0> <II = 1> <Delay = 1.38> <IPBlock> <Opcode : 'add' 'sub'> <InPorts = 3> <OutPorts = 1> <Sync> <CReg>
ST_12 : Operation 245 [1/1] (0.00ns) (grouped into TernaryAdder)   --->   "%add_ln36 = add i32 %mul_ln36_1, %mul_ln36" [extr_.labenginecoderenderergl2tr_extramath.c_Mat4Multiply_with_main.c:36]   --->   Operation 245 'add' 'add_ln36' <Predicate = true> <Delay = 0.00> <Core = "TAddSub">   --->   Core 83 'TAddSub' <Latency = 0> <II = 1> <Delay = 1.38> <IPBlock> <Opcode : 'add' 'sub'> <InPorts = 3> <OutPorts = 1> <Sync> <CReg>
ST_12 : Operation 246 [1/1] (2.77ns) (root node of TernaryAdder)   --->   "%add_ln36_2 = add i32 %add_ln36_1, %add_ln36" [extr_.labenginecoderenderergl2tr_extramath.c_Mat4Multiply_with_main.c:36]   --->   Operation 246 'add' 'add_ln36_2' <Predicate = true> <Delay = 2.77> <Core = "TAddSub">   --->   Core 83 'TAddSub' <Latency = 0> <II = 1> <Delay = 1.38> <IPBlock> <Opcode : 'add' 'sub'> <InPorts = 3> <OutPorts = 1> <Sync> <CReg>

State 13 <SV = 12> <Delay = 2.66>
ST_13 : Operation 247 [1/1] (0.00ns)   --->   "%out_addr_12 = getelementptr [1000 x i32]* %out_r, i64 0, i64 12" [extr_.labenginecoderenderergl2tr_extramath.c_Mat4Multiply_with_main.c:33]   --->   Operation 247 'getelementptr' 'out_addr_12' <Predicate = true> <Delay = 0.00>
ST_13 : Operation 248 [1/1] (2.66ns)   --->   "store i32 %add_ln33_2, i32* %out_addr_12, align 4" [extr_.labenginecoderenderergl2tr_extramath.c_Mat4Multiply_with_main.c:33]   --->   Operation 248 'store' <Predicate = true> <Delay = 2.66> <Core = "RAM">   --->   Core 37 'RAM' <Latency = 1> <II = 1> <Delay = 2.66> <Storage> <Opcode : 'load' 'store'> <Ports = 2> <Width = 32> <Depth = 1000> <RAM>
ST_13 : Operation 249 [1/1] (0.00ns)   --->   "%out_addr_13 = getelementptr [1000 x i32]* %out_r, i64 0, i64 13" [extr_.labenginecoderenderergl2tr_extramath.c_Mat4Multiply_with_main.c:34]   --->   Operation 249 'getelementptr' 'out_addr_13' <Predicate = true> <Delay = 0.00>
ST_13 : Operation 250 [1/1] (2.66ns)   --->   "store i32 %add_ln34_2, i32* %out_addr_13, align 4" [extr_.labenginecoderenderergl2tr_extramath.c_Mat4Multiply_with_main.c:34]   --->   Operation 250 'store' <Predicate = true> <Delay = 2.66> <Core = "RAM">   --->   Core 37 'RAM' <Latency = 1> <II = 1> <Delay = 2.66> <Storage> <Opcode : 'load' 'store'> <Ports = 2> <Width = 32> <Depth = 1000> <RAM>

State 14 <SV = 13> <Delay = 2.66>
ST_14 : Operation 251 [1/1] (0.00ns)   --->   "call void (...)* @_ssdm_op_SpecBitsMap([1000 x i32]* %in1) nounwind, !map !13"   --->   Operation 251 'specbitsmap' <Predicate = true> <Delay = 0.00>
ST_14 : Operation 252 [1/1] (0.00ns)   --->   "call void (...)* @_ssdm_op_SpecBitsMap([1000 x i32]* %in2) nounwind, !map !19"   --->   Operation 252 'specbitsmap' <Predicate = true> <Delay = 0.00>
ST_14 : Operation 253 [1/1] (0.00ns)   --->   "call void (...)* @_ssdm_op_SpecBitsMap([1000 x i32]* %out_r) nounwind, !map !23"   --->   Operation 253 'specbitsmap' <Predicate = true> <Delay = 0.00>
ST_14 : Operation 254 [1/1] (0.00ns)   --->   "call void (...)* @_ssdm_op_SpecTopModule([13 x i8]* @Mat4Multiply_str) nounwind"   --->   Operation 254 'spectopmodule' <Predicate = true> <Delay = 0.00>
ST_14 : Operation 255 [1/1] (0.00ns)   --->   "%out_addr_14 = getelementptr [1000 x i32]* %out_r, i64 0, i64 14" [extr_.labenginecoderenderergl2tr_extramath.c_Mat4Multiply_with_main.c:35]   --->   Operation 255 'getelementptr' 'out_addr_14' <Predicate = true> <Delay = 0.00>
ST_14 : Operation 256 [1/1] (2.66ns)   --->   "store i32 %add_ln35_2, i32* %out_addr_14, align 4" [extr_.labenginecoderenderergl2tr_extramath.c_Mat4Multiply_with_main.c:35]   --->   Operation 256 'store' <Predicate = true> <Delay = 2.66> <Core = "RAM">   --->   Core 37 'RAM' <Latency = 1> <II = 1> <Delay = 2.66> <Storage> <Opcode : 'load' 'store'> <Ports = 2> <Width = 32> <Depth = 1000> <RAM>
ST_14 : Operation 257 [1/1] (0.00ns)   --->   "%out_addr_15 = getelementptr [1000 x i32]* %out_r, i64 0, i64 15" [extr_.labenginecoderenderergl2tr_extramath.c_Mat4Multiply_with_main.c:36]   --->   Operation 257 'getelementptr' 'out_addr_15' <Predicate = true> <Delay = 0.00>
ST_14 : Operation 258 [1/1] (2.66ns)   --->   "store i32 %add_ln36_2, i32* %out_addr_15, align 4" [extr_.labenginecoderenderergl2tr_extramath.c_Mat4Multiply_with_main.c:36]   --->   Operation 258 'store' <Predicate = true> <Delay = 2.66> <Core = "RAM">   --->   Core 37 'RAM' <Latency = 1> <II = 1> <Delay = 2.66> <Storage> <Opcode : 'load' 'store'> <Ports = 2> <Width = 32> <Depth = 1000> <RAM>
ST_14 : Operation 259 [1/1] (0.00ns)   --->   "ret void" [extr_.labenginecoderenderergl2tr_extramath.c_Mat4Multiply_with_main.c:37]   --->   Operation 259 'ret' <Predicate = true> <Delay = 0.00>


============================================================
+ Verbose Summary: Timing violations
============================================================
Target clock period: 10ns, clock uncertainty: 1.25ns.

 <State 1>: 2.66ns
The critical path consists of the following:
	'getelementptr' operation ('in1_addr', extr_.labenginecoderenderergl2tr_extramath.c_Mat4Multiply_with_main.c:16) [9]  (0 ns)
	'load' operation ('in1_load', extr_.labenginecoderenderergl2tr_extramath.c_Mat4Multiply_with_main.c:18) on array 'in1' [11]  (2.66 ns)

 <State 2>: 2.66ns
The critical path consists of the following:
	'getelementptr' operation ('in2_addr', extr_.labenginecoderenderergl2tr_extramath.c_Mat4Multiply_with_main.c:16) [8]  (0 ns)
	'load' operation ('in2_load', extr_.labenginecoderenderergl2tr_extramath.c_Mat4Multiply_with_main.c:18) on array 'in2' [12]  (2.66 ns)

 <State 3>: 2.66ns
The critical path consists of the following:
	'load' operation ('in2_load', extr_.labenginecoderenderergl2tr_extramath.c_Mat4Multiply_with_main.c:18) on array 'in2' [12]  (2.66 ns)

 <State 4>: 2.66ns
The critical path consists of the following:
	'load' operation ('in2_load_2', extr_.labenginecoderenderergl2tr_extramath.c_Mat4Multiply_with_main.c:18) on array 'in2' [22]  (2.66 ns)

 <State 5>: 2.66ns
The critical path consists of the following:
	'load' operation ('in1_load_6', extr_.labenginecoderenderergl2tr_extramath.c_Mat4Multiply_with_main.c:19) on array 'in1' [40]  (2.66 ns)

 <State 6>: 8.37ns
The critical path consists of the following:
	'mul' operation ('mul_ln18_2', extr_.labenginecoderenderergl2tr_extramath.c_Mat4Multiply_with_main.c:18) [23]  (6.58 ns)
	'add' operation ('add_ln18_1', extr_.labenginecoderenderergl2tr_extramath.c_Mat4Multiply_with_main.c:18) [30]  (1.78 ns)

 <State 7>: 8.37ns
The critical path consists of the following:
	'mul' operation ('mul_ln23_2', extr_.labenginecoderenderergl2tr_extramath.c_Mat4Multiply_with_main.c:23) [92]  (6.58 ns)
	'add' operation ('add_ln23_1', extr_.labenginecoderenderergl2tr_extramath.c_Mat4Multiply_with_main.c:23) [97]  (1.78 ns)

 <State 8>: 8.37ns
The critical path consists of the following:
	'mul' operation ('mul_ln20_2', extr_.labenginecoderenderergl2tr_extramath.c_Mat4Multiply_with_main.c:20) [58]  (6.58 ns)
	'add' operation ('add_ln20_1', extr_.labenginecoderenderergl2tr_extramath.c_Mat4Multiply_with_main.c:20) [63]  (1.78 ns)

 <State 9>: 8.37ns
The critical path consists of the following:
	'mul' operation ('mul_ln28_2', extr_.labenginecoderenderergl2tr_extramath.c_Mat4Multiply_with_main.c:28) [136]  (6.58 ns)
	'add' operation ('add_ln28_1', extr_.labenginecoderenderergl2tr_extramath.c_Mat4Multiply_with_main.c:28) [141]  (1.78 ns)

 <State 10>: 8.37ns
The critical path consists of the following:
	'mul' operation ('mul_ln21_2', extr_.labenginecoderenderergl2tr_extramath.c_Mat4Multiply_with_main.c:21) [75]  (6.58 ns)
	'add' operation ('add_ln21_1', extr_.labenginecoderenderergl2tr_extramath.c_Mat4Multiply_with_main.c:21) [80]  (1.78 ns)

 <State 11>: 8.37ns
The critical path consists of the following:
	'mul' operation ('mul_ln33_2', extr_.labenginecoderenderergl2tr_extramath.c_Mat4Multiply_with_main.c:33) [180]  (6.58 ns)
	'add' operation ('add_ln33_1', extr_.labenginecoderenderergl2tr_extramath.c_Mat4Multiply_with_main.c:33) [185]  (1.78 ns)

 <State 12>: 2.78ns
The critical path consists of the following:
	'add' operation ('add_ln33', extr_.labenginecoderenderergl2tr_extramath.c_Mat4Multiply_with_main.c:33) [184]  (0 ns)
	'add' operation ('add_ln33_2', extr_.labenginecoderenderergl2tr_extramath.c_Mat4Multiply_with_main.c:33) [186]  (2.78 ns)

 <State 13>: 2.66ns
The critical path consists of the following:
	'getelementptr' operation ('out_addr_12', extr_.labenginecoderenderergl2tr_extramath.c_Mat4Multiply_with_main.c:33) [187]  (0 ns)
	'store' operation ('store_ln33', extr_.labenginecoderenderergl2tr_extramath.c_Mat4Multiply_with_main.c:33) of variable 'add_ln33_2', extr_.labenginecoderenderergl2tr_extramath.c_Mat4Multiply_with_main.c:33 on array 'out_r' [188]  (2.66 ns)

 <State 14>: 2.66ns
The critical path consists of the following:
	'getelementptr' operation ('out_addr_14', extr_.labenginecoderenderergl2tr_extramath.c_Mat4Multiply_with_main.c:35) [205]  (0 ns)
	'store' operation ('store_ln35', extr_.labenginecoderenderergl2tr_extramath.c_Mat4Multiply_with_main.c:35) of variable 'add_ln35_2', extr_.labenginecoderenderergl2tr_extramath.c_Mat4Multiply_with_main.c:35 on array 'out_r' [206]  (2.66 ns)


============================================================
+ Verbose Summary: Binding
============================================================
N/A
* FSMD analyzer results:
  - Output states:
 - Input state : 
  - Chain level:
	State 1
	State 2
	State 3
	State 4
	State 5
	State 6
	State 7
	State 8
	State 9
	State 10
	State 11
	State 12
	State 13
	State 14


============================================================
+ Verbose Summary: Datapath Resource usage 
============================================================
N/A
