==============================================================
Vivado(TM) HLS - High-Level Synthesis from C, C++ and SystemC v2019.1 (64-bit)
Copyright 1986-2019 Xilinx, Inc. All Rights Reserved.
==============================================================
INFO: [HLS 200-10] Setting target device to 'xc7k160t-fbg484-1'
INFO: [SYN 201-201] Setting up clock 'default' with a period of 5ns.
INFO: [SYN 201-201] Setting up clock 'default' with a period of 10ns.
INFO: [SCHED 204-61] Option 'relax_ii_for_timing' is enabled, will increase II to preserve clock frequency constraints.
INFO: [HLS 200-10] Analyzing design file 'extr_.anypixelfirmwaredisplayThirdPartySPLsrcstm32f0xx_rcc.c_RCC_GetClocksFreq_with_main.c' ... 
WARNING: [HLS 200-40] In file included from extr_.anypixelfirmwaredisplayThirdPartySPLsrcstm32f0xx_rcc.c_RCC_GetClocksFreq_with_main.c:1:
extr_.anypixelfirmwaredisplayThirdPartySPLsrcstm32f0xx_rcc.c_RCC_GetClocksFreq_with_main.c:81:36: warning: incompatible pointer to integer conversion assigning to 'volatile int' from 'void *' [-Wint-conversion]
      RCC_Clocks->SYSCLK_Frequency = HSI48_VALUE;
                                   ^ ~~~~~~~~~~~
extr_.anypixelfirmwaredisplayThirdPartySPLsrcstm32f0xx_rcc.c_RCC_GetClocksFreq_with_main.c:132:34: warning: incompatible pointer to integer conversion assigning to 'volatile int' from 'void *' [-Wint-conversion]
    RCC_Clocks->CECCLK_Frequency = LSE_VALUE;
                                 ^ ~~~~~~~~~
extr_.anypixelfirmwaredisplayThirdPartySPLsrcstm32f0xx_rcc.c_RCC_GetClocksFreq_with_main.c:161:37: warning: incompatible pointer to integer conversion assigning to 'volatile int' from 'void *' [-Wint-conversion]
    RCC_Clocks->USART1CLK_Frequency = LSE_VALUE;
                                    ^ ~~~~~~~~~
extr_.anypixelfirmwaredisplayThirdPartySPLsrcstm32f0xx_rcc.c_RCC_GetClocksFreq_with_main.c:183:37: warning: incompatible pointer to integer conversion assigning to 'volatile int' from 'void *' [-Wint-conversion]
    RCC_Clocks->USART2CLK_Frequency = LSE_VALUE;
                                    ^ ~~~~~~~~~
extr_.anypixelfirmwaredisplayThirdPartySPLsrcstm32f0xx_rcc.c_RCC_GetClocksFreq_with_main.c:195:34: warning: incompatible pointer to integer conversion assigning to 'volatile int' from 'void *' [-Wint-conversion]
    RCC_Clocks->USBCLK_Frequency = HSI48_VALUE;
                                 ^ ~~~~~~~~~~~
5 warnings generated.
==============================================================
Vivado(TM) HLS - High-Level Synthesis from C, C++ and SystemC v2019.1 (64-bit)
Copyright 1986-2019 Xilinx, Inc. All Rights Reserved.
==============================================================
INFO: [SYN 201-201] Setting up clock 'default' with a period of 10ns.
INFO: [HLS 200-10] Setting target device to 'xc7k160t-fbg484-1'
INFO: [SCHED 204-61] Option 'relax_ii_for_timing' is enabled, will increase II to preserve clock frequency constraints.
WARNING: [HLS 200-40] Cannot find source file extr_.anypixelfirmwaredisplayThirdPartySPLsrcstm32f0xx_rcc.c_RCC_GetClocksFreq_with_main.c; skipping it.
ERROR: [HLS 200-70] Cannot find any design unit to elaborate.
INFO: [HLS 200-10] Adding design file 'extr_.anypixelfirmwaredisplayThirdPartySPLsrcstm32f0xx_rcc.c_RCC_GetClocksFreq_with_main.c' to the project
INFO: [SCHED 204-61] Option 'relax_ii_for_timing' is enabled, will increase II to preserve clock frequency constraints.
INFO: [HLS 200-10] Analyzing design file 'extr_.anypixelfirmwaredisplayThirdPartySPLsrcstm32f0xx_rcc.c_RCC_GetClocksFreq_with_main.c' ... 
WARNING: [HLS 200-40] In file included from extr_.anypixelfirmwaredisplayThirdPartySPLsrcstm32f0xx_rcc.c_RCC_GetClocksFreq_with_main.c:1:
extr_.anypixelfirmwaredisplayThirdPartySPLsrcstm32f0xx_rcc.c_RCC_GetClocksFreq_with_main.c:81:36: warning: incompatible pointer to integer conversion assigning to 'volatile int' from 'void *' [-Wint-conversion]
      RCC_Clocks->SYSCLK_Frequency = HSI48_VALUE;
                                   ^ ~~~~~~~~~~~
extr_.anypixelfirmwaredisplayThirdPartySPLsrcstm32f0xx_rcc.c_RCC_GetClocksFreq_with_main.c:132:34: warning: incompatible pointer to integer conversion assigning to 'volatile int' from 'void *' [-Wint-conversion]
    RCC_Clocks->CECCLK_Frequency = LSE_VALUE;
                                 ^ ~~~~~~~~~
extr_.anypixelfirmwaredisplayThirdPartySPLsrcstm32f0xx_rcc.c_RCC_GetClocksFreq_with_main.c:161:37: warning: incompatible pointer to integer conversion assigning to 'volatile int' from 'void *' [-Wint-conversion]
    RCC_Clocks->USART1CLK_Frequency = LSE_VALUE;
                                    ^ ~~~~~~~~~
extr_.anypixelfirmwaredisplayThirdPartySPLsrcstm32f0xx_rcc.c_RCC_GetClocksFreq_with_main.c:183:37: warning: incompatible pointer to integer conversion assigning to 'volatile int' from 'void *' [-Wint-conversion]
    RCC_Clocks->USART2CLK_Frequency = LSE_VALUE;
                                    ^ ~~~~~~~~~
extr_.anypixelfirmwaredisplayThirdPartySPLsrcstm32f0xx_rcc.c_RCC_GetClocksFreq_with_main.c:195:34: warning: incompatible pointer to integer conversion assigning to 'volatile int' from 'void *' [-Wint-conversion]
    RCC_Clocks->USBCLK_Frequency = HSI48_VALUE;
                                 ^ ~~~~~~~~~~~
5 warnings generated.
INFO: [HLS 200-111] Finished Linking Time (s): cpu = 00:00:13 ; elapsed = 00:01:50 . Memory (MB): peak = 899.422 ; gain = 199.102 ; free physical = 18098 ; free virtual = 36942
INFO: [HLS 200-111] Finished Checking Pragmas Time (s): cpu = 00:00:13 ; elapsed = 00:01:50 . Memory (MB): peak = 899.422 ; gain = 199.102 ; free physical = 18098 ; free virtual = 36942
INFO: [HLS 200-10] Starting code transformations ...
INFO: [HLS 200-111] Finished Standard Transforms Time (s): cpu = 00:00:15 ; elapsed = 00:01:51 . Memory (MB): peak = 899.422 ; gain = 199.102 ; free physical = 18097 ; free virtual = 36941
INFO: [HLS 200-10] Checking synthesizability ...
ERROR: [SYNCHK 200-41] extr_.anypixelfirmwaredisplayThirdPartySPLsrcstm32f0xx_rcc.c_RCC_GetClocksFreq_with_main.c:81: unsupported pointer reinterpretation from type 'i8*' to type 'i64' on variable 'HSI48_VALUE'.
ERROR: [SYNCHK 200-61] extr_.anypixelfirmwaredisplayThirdPartySPLsrcstm32f0xx_rcc.c_RCC_GetClocksFreq_with_main.c:91: unsupported memory access on variable 'APBAHBPrescTable' which is (or contains) an array with unknown size at compile time.
INFO: [SYNCHK 200-10] 2 error(s), 0 warning(s).
ERROR: [HLS 200-70] Synthesizability check failed.
INFO: [HLS 200-10] Opening project '/home/vivado/HLStools/vivado/new214/NAO/proj_extr_.BGAQRCode-Androidzbarsrcmainjnilibiconv-1.15libcp50221_0212_ext.h_cp50221_0212_ext_wctomb_with_main.c'.
INFO: [HLS 200-10] Opening project '/home/vivado/HLStools/vivado/new214/NAO/proj_extr_.BGAQRCode-Androidzbarsrcmainjnilibiconv-1.15libcp50221_0212_ext.h_cp50221_0212_ext_wctomb_with_main.c'.
INFO: [HLS 200-10] Opening solution '/home/vivado/HLStools/vivado/new214/NAO/proj_extr_.BGAQRCode-Androidzbarsrcmainjnilibiconv-1.15libcp50221_0212_ext.h_cp50221_0212_ext_wctomb_with_main.c/sol'.
==============================================================
Vivado(TM) HLS - High-Level Synthesis from C, C++ and SystemC v2019.1 (64-bit)
Copyright 1986-2019 Xilinx, Inc. All Rights Reserved.
==============================================================
INFO: [SYN 201-201] Setting up clock 'default' with a period of 10ns.
INFO: [HLS 200-10] Setting target device to 'xc7k160t-fbg484-1'
INFO: [SCHED 204-61] Option 'relax_ii_for_timing' is enabled, will increase II to preserve clock frequency constraints.
INFO: [HLS 200-10] Analyzing design file 'extr_.anypixelfirmwaredisplayThirdPartySPLsrcstm32f0xx_rcc.c_RCC_GetClocksFreq_with_main.c' ... 
WARNING: [HLS 200-40] In file included from extr_.anypixelfirmwaredisplayThirdPartySPLsrcstm32f0xx_rcc.c_RCC_GetClocksFreq_with_main.c:1:
extr_.anypixelfirmwaredisplayThirdPartySPLsrcstm32f0xx_rcc.c_RCC_GetClocksFreq_with_main.c:81:36: warning: incompatible pointer to integer conversion assigning to 'volatile int' from 'void *' [-Wint-conversion]
      RCC_Clocks->SYSCLK_Frequency = HSI48_VALUE;
                                   ^ ~~~~~~~~~~~
extr_.anypixelfirmwaredisplayThirdPartySPLsrcstm32f0xx_rcc.c_RCC_GetClocksFreq_with_main.c:132:34: warning: incompatible pointer to integer conversion assigning to 'volatile int' from 'void *' [-Wint-conversion]
    RCC_Clocks->CECCLK_Frequency = LSE_VALUE;
                                 ^ ~~~~~~~~~
extr_.anypixelfirmwaredisplayThirdPartySPLsrcstm32f0xx_rcc.c_RCC_GetClocksFreq_with_main.c:161:37: warning: incompatible pointer to integer conversion assigning to 'volatile int' from 'void *' [-Wint-conversion]
    RCC_Clocks->USART1CLK_Frequency = LSE_VALUE;
                                    ^ ~~~~~~~~~
extr_.anypixelfirmwaredisplayThirdPartySPLsrcstm32f0xx_rcc.c_RCC_GetClocksFreq_with_main.c:183:37: warning: incompatible pointer to integer conversion assigning to 'volatile int' from 'void *' [-Wint-conversion]
    RCC_Clocks->USART2CLK_Frequency = LSE_VALUE;
                                    ^ ~~~~~~~~~
extr_.anypixelfirmwaredisplayThirdPartySPLsrcstm32f0xx_rcc.c_RCC_GetClocksFreq_with_main.c:195:34: warning: incompatible pointer to integer conversion assigning to 'volatile int' from 'void *' [-Wint-conversion]
    RCC_Clocks->USBCLK_Frequency = HSI48_VALUE;
                                 ^ ~~~~~~~~~~~
5 warnings generated.
