==============================================================
Vivado(TM) HLS - High-Level Synthesis from C, C++ and SystemC v2019.1 (64-bit)
Copyright 1986-2019 Xilinx, Inc. All Rights Reserved.
==============================================================
INFO: [HLS 200-10] Setting target device to 'xc7k160t-fbg484-1'
INFO: [SYN 201-201] Setting up clock 'default' with a period of 5ns.
INFO: [SYN 201-201] Setting up clock 'default' with a period of 10ns.
INFO: [SCHED 204-61] Option 'relax_ii_for_timing' is enabled, will increase II to preserve clock frequency constraints.
INFO: [HLS 200-10] Analyzing design file 'extr_.linuxdriversmediav4l2-corev4l2-ctrls.c_v4l2_ctrl_get_name_with_main.c' ... 
INFO: [HLS 200-111] Finished Linking Time (s): cpu = 00:00:13 ; elapsed = 00:01:39 . Memory (MB): peak = 832.453 ; gain = 132.133 ; free physical = 22018 ; free virtual = 44695
INFO: [HLS 200-111] Finished Checking Pragmas Time (s): cpu = 00:00:13 ; elapsed = 00:01:39 . Memory (MB): peak = 832.453 ; gain = 132.133 ; free physical = 22018 ; free virtual = 44695
INFO: [HLS 200-10] Starting code transformations ...
INFO: [HLS 200-111] Finished Standard Transforms Time (s): cpu = 00:00:15 ; elapsed = 00:01:41 . Memory (MB): peak = 832.453 ; gain = 132.133 ; free physical = 22015 ; free virtual = 44693
INFO: [HLS 200-10] Checking synthesizability ...
INFO: [XFORM 203-602] Inlining function 'v4l2_ctrl_get_name' into 'main' (extr_.linuxdriversmediav4l2-corev4l2-ctrls.c_v4l2_ctrl_get_name_with_main.c:718) automatically.
INFO: [HLS 200-111] Finished Checking Synthesizability Time (s): cpu = 00:00:15 ; elapsed = 00:01:41 . Memory (MB): peak = 832.453 ; gain = 132.133 ; free physical = 22015 ; free virtual = 44693
INFO: [HLS 200-111] Finished Pre-synthesis Time (s): cpu = 00:00:15 ; elapsed = 00:01:41 . Memory (MB): peak = 832.453 ; gain = 132.133 ; free physical = 21998 ; free virtual = 44676
INFO: [HLS 200-111] Finished Architecture Synthesis Time (s): cpu = 00:00:15 ; elapsed = 00:01:41 . Memory (MB): peak = 832.453 ; gain = 132.133 ; free physical = 21998 ; free virtual = 44676
INFO: [HLS 200-10] Starting hardware synthesis ...
INFO: [HLS 200-10] Synthesizing 'main' ...
INFO: [HLS 200-10] ----------------------------------------------------------------
INFO: [HLS 200-42] -- Implementing module 'main' 
INFO: [HLS 200-10] ----------------------------------------------------------------
INFO: [SCHED 204-11] Starting scheduling ...
INFO: [SCHED 204-11] Finished scheduling.
INFO: [HLS 200-111]  Elapsed time: 100.67 seconds; current allocated memory: 94.775 MB.
INFO: [BIND 205-100] Starting micro-architecture generation ...
INFO: [BIND 205-101] Performing variable lifetime analysis.
INFO: [BIND 205-101] Exploring resource sharing.
INFO: [BIND 205-101] Binding ...
INFO: [BIND 205-100] Finished micro-architecture generation.
INFO: [HLS 200-111]  Elapsed time: 0 seconds; current allocated memory: 94.826 MB.
INFO: [HLS 200-10] ----------------------------------------------------------------
INFO: [HLS 200-10] -- Generating RTL for module 'main' 
INFO: [HLS 200-10] ----------------------------------------------------------------
INFO: [RTGEN 206-500] Setting interface mode on function 'main' to 'ap_ctrl_hs'.
INFO: [RTGEN 206-100] Finished creating RTL model for 'main'.
INFO: [HLS 200-111]  Elapsed time: 0.01 seconds; current allocated memory: 94.923 MB.
INFO: [HLS 200-111] Finished generating all RTL models Time (s): cpu = 00:00:15 ; elapsed = 00:01:41 . Memory (MB): peak = 832.453 ; gain = 132.133 ; free physical = 21998 ; free virtual = 44675
INFO: [VHDL 208-304] Generating VHDL RTL for main.
INFO: [VLOG 209-307] Generating Verilog RTL for main.
INFO: [HLS 200-10] Creating and opening project '/home/vivado/aut/proj_extr_.FFmpeglibavcodecmpegvideo_motion.c_put_obmc_with_main.c'.
INFO: [HLS 200-10] Adding design file 'extr_.FFmpeglibavcodecmpegvideo_motion.c_put_obmc_with_main.c' to the project
INFO: [HLS 200-10] Creating and opening solution '/home/vivado/aut/proj_extr_.FFmpeglibavcodecmpegvideo_motion.c_put_obmc_with_main.c/solution1'.
==============================================================
Vivado(TM) HLS - High-Level Synthesis from C, C++ and SystemC v2019.1 (64-bit)
Copyright 1986-2019 Xilinx, Inc. All Rights Reserved.
==============================================================
INFO: [SYN 201-201] Setting up clock 'default' with a period of 10ns.
INFO: [SCHED 204-61] Option 'relax_ii_for_timing' is enabled, will increase II to preserve clock frequency constraints.
INFO: [HLS 200-10] Analyzing design file 'extr_.linuxdriversmediav4l2-corev4l2-ctrls.c_v4l2_ctrl_get_name_with_main.c' ... 
INFO: [HLS 200-111] Finished Linking Time (s): cpu = 00:05:12 ; elapsed = 00:30:04 . Memory (MB): peak = 908.328 ; gain = 208.008 ; free physical = 26974 ; free virtual = 37412
INFO: [HLS 200-111] Finished Checking Pragmas Time (s): cpu = 00:05:12 ; elapsed = 00:30:04 . Memory (MB): peak = 908.328 ; gain = 208.008 ; free physical = 26974 ; free virtual = 37412
INFO: [HLS 200-10] Starting code transformations ...
INFO: [HLS 200-111] Finished Standard Transforms Time (s): cpu = 00:05:14 ; elapsed = 00:30:06 . Memory (MB): peak = 908.328 ; gain = 208.008 ; free physical = 26975 ; free virtual = 37412
INFO: [HLS 200-10] Checking synthesizability ...
ERROR: [SYNCHK 200-75] extr_.linuxdriversmediav4l2-corev4l2-ctrls.c_v4l2_ctrl_get_name_with_main.c:344: function 'v4l2_ctrl_get_name' returns a pointer value; please inline this function or change return to an argument.
INFO: [SYNCHK 200-10] 1 error(s), 0 warning(s).
ERROR: [HLS 200-70] Synthesizability check failed.
INFO: [HLS 200-10] Opening project '/home/vivado/HLStools/vivado/214_revisao/proj_extr_.linuxdriversnetethernetbroadcombnx2xbnx2x_reg.h_calc_crc8_with_main.c'.
ERROR: [HLS 200-70] The name 'solution1/' contains illegal character '/' 
INFO: [HLS 200-10] Opening solution '/home/vivado/HLStools/vivado/214_revisao/proj_extr_.linuxdriversnetethernetbroadcombnx2xbnx2x_reg.h_calc_crc8_with_main.c/solution1'.
