==============================================================
Vivado(TM) HLS - High-Level Synthesis from C, C++ and SystemC v2019.1 (64-bit)
Copyright 1986-2019 Xilinx, Inc. All Rights Reserved.
==============================================================
INFO: [HLS 200-10] Adding design file 'extr_.Craftdepsglfwsrcmir_window.c_toGLFWKeyCode_with_main.c' to the project
INFO: [HLS 200-10] Setting target device to 'xc7k160t-fbg484-1'
INFO: [SYN 201-201] Setting up clock 'default' with a period of 5ns.
INFO: [SYN 201-201] Setting up clock 'default' with a period of 10ns.
INFO: [SCHED 204-61] Option 'relax_ii_for_timing' is enabled, will increase II to preserve clock frequency constraints.
INFO: [HLS 200-10] Analyzing design file 'extr_.Craftdepsglfwsrcmir_window.c_toGLFWKeyCode_with_main.c' ... 
INFO: [HLS 200-111] Finished Linking Time (s): cpu = 00:00:13 ; elapsed = 00:03:47 . Memory (MB): peak = 832.453 ; gain = 132.133 ; free physical = 18023 ; free virtual = 36860
INFO: [HLS 200-111] Finished Checking Pragmas Time (s): cpu = 00:00:13 ; elapsed = 00:03:47 . Memory (MB): peak = 832.453 ; gain = 132.133 ; free physical = 18023 ; free virtual = 36860
INFO: [HLS 200-10] Starting code transformations ...
ERROR: [SYNCHK 200-79] Static function 'toGLFWKeyCode' cannot be set as the top model.
ERROR: [HLS 200-70] Synthesizability check failed.
INFO: [HLS 200-10] Creating and opening project '/home/vivado/HLStools/vivado/new214/proj_extr_.Craftdepsglfwsrcwl_init.c_toGLFWKeyCode_with_main.c'.
INFO: [HLS 200-10] Creating and opening solution '/home/vivado/HLStools/vivado/new214/proj_extr_.Craftdepsglfwsrcwl_init.c_toGLFWKeyCode_with_main.c/sol'.
==============================================================
Vivado(TM) HLS - High-Level Synthesis from C, C++ and SystemC v2019.1 (64-bit)
Copyright 1986-2019 Xilinx, Inc. All Rights Reserved.
==============================================================
INFO: [SYN 201-201] Setting up clock 'default' with a period of 10ns.
INFO: [SCHED 204-61] Option 'relax_ii_for_timing' is enabled, will increase II to preserve clock frequency constraints.
INFO: [HLS 200-10] Analyzing design file 'extr_.Craftdepsglfwsrcmir_window.c_toGLFWKeyCode_with_main.c' ... 
INFO: [HLS 200-111] Finished Linking Time (s): cpu = 00:01:10 ; elapsed = 00:08:27 . Memory (MB): peak = 899.422 ; gain = 199.102 ; free physical = 30479 ; free virtual = 39652
INFO: [HLS 200-111] Finished Checking Pragmas Time (s): cpu = 00:01:10 ; elapsed = 00:08:27 . Memory (MB): peak = 899.422 ; gain = 199.102 ; free physical = 30479 ; free virtual = 39652
INFO: [HLS 200-10] Starting code transformations ...
ERROR: [SYNCHK 200-79] Static function 'toGLFWKeyCode' cannot be set as the top model.
ERROR: [HLS 200-70] Synthesizability check failed.
INFO: [HLS 200-10] Opening project '/home/vivado/HLStools/vivado/new214/NAO/proj_extr_.darknetsrcimage.c_draw_box_with_main.c'.
INFO: [HLS 200-10] Opening solution '/home/vivado/HLStools/vivado/new214/NAO/proj_extr_.darknetsrcimage.c_draw_box_with_main.c/sol'.
