==============================================================
Vivado(TM) HLS - High-Level Synthesis from C, C++ and SystemC v2019.1 (64-bit)
Copyright 1986-2019 Xilinx, Inc. All Rights Reserved.
==============================================================
INFO: [SYN 201-201] Setting up clock 'default' with a period of 5ns.
INFO: [SYN 201-201] Setting up clock 'default' with a period of 10ns.
INFO: [SCHED 204-61] Option 'relax_ii_for_timing' is enabled, will increase II to preserve clock frequency constraints.
INFO: [HLS 200-10] Analyzing design file 'extr_.BGAQRCode-Androidzbarsrcmainjnilibiconv-1.15libhkscs1999.h_hkscs1999_wctomb_with_main.c' ... 
INFO: [HLS 200-111] Finished Linking Time (s): cpu = 00:00:27 ; elapsed = 00:00:41 . Memory (MB): peak = 832.453 ; gain = 132.133 ; free physical = 21886 ; free virtual = 44664
INFO: [HLS 200-111] Finished Checking Pragmas Time (s): cpu = 00:00:27 ; elapsed = 00:00:41 . Memory (MB): peak = 832.453 ; gain = 132.133 ; free physical = 21886 ; free virtual = 44664
INFO: [HLS 200-10] Starting code transformations ...
INFO: [HLS 200-111] Finished Standard Transforms Time (s): cpu = 00:00:29 ; elapsed = 00:00:43 . Memory (MB): peak = 832.453 ; gain = 132.133 ; free physical = 21886 ; free virtual = 44665
INFO: [HLS 200-10] Checking synthesizability ...
ERROR: [SYNCHK 200-11] extr_.BGAQRCode-Androidzbarsrcmainjnilibiconv-1.15libhkscs1999.h_hkscs1999_wctomb_with_main.c:43: Constant 'hkscs1999_uni2indx_page00' has an unsynthesizable type '%struct.TYPE_16__.0.1.2 = type { i16, i16 }P*' (possible cause(s): pointer to pointer or global pointer).
ERROR: [SYNCHK 200-11] extr_.BGAQRCode-Androidzbarsrcmainjnilibiconv-1.15libhkscs1999.h_hkscs1999_wctomb_with_main.c:43: Constant 'hkscs1999_uni2indx_page00' has an unsynthesizable type '%struct.TYPE_16__.0.1.2 = type { i16, i16 }P*' (possible cause(s): structure variable cannot be decomposed due to (1) unsupported type conversion; (2) memory copy operation; (3) function pointer used in struct; (4) unsupported pointer comparison).
ERROR: [SYNCHK 200-43] extr_.BGAQRCode-Androidzbarsrcmainjnilibiconv-1.15libhkscs1999.h_hkscs1999_wctomb_with_main.c:82: use or assignment of a non-static pointer 'summary' (this pointer may refer to different memory locations).
ERROR: [SYNCHK 200-42] extr_.BGAQRCode-Androidzbarsrcmainjnilibiconv-1.15libhkscs1999.h_hkscs1999_wctomb_with_main.c:70: pointer comparison is not supported.
ERROR: [SYNCHK 200-61] extr_.BGAQRCode-Androidzbarsrcmainjnilibiconv-1.15libhkscs1999.h_hkscs1999_wctomb_with_main.c:82: unsupported memory access on variable 'hkscs1999_2charset' which is (or contains) an array with unknown size at compile time.
INFO: [SYNCHK 200-10] 5 error(s), 0 warning(s).
ERROR: [HLS 200-70] Synthesizability check failed.
INFO: [HLS 200-10] Creating and opening project '/home/vivado/aut/proj_extr_.labenginecoderenderergl2tr_model_iqm.c_Matrix34Multiply_with_main.c'.
INFO: [HLS 200-10] Adding design file 'extr_.labenginecoderenderergl2tr_model_iqm.c_Matrix34Multiply_with_main.c' to the project
INFO: [HLS 200-10] Creating and opening solution '/home/vivado/aut/proj_extr_.labenginecoderenderergl2tr_model_iqm.c_Matrix34Multiply_with_main.c/solution1'.
