==============================================================
Vivado(TM) HLS - High-Level Synthesis from C, C++ and SystemC v2019.1 (64-bit)
Copyright 1986-2019 Xilinx, Inc. All Rights Reserved.
==============================================================
INFO: [SYN 201-201] Setting up clock 'default' with a period of 5ns.
INFO: [SYN 201-201] Setting up clock 'default' with a period of 10ns.
INFO: [SCHED 204-61] Option 'relax_ii_for_timing' is enabled, will increase II to preserve clock frequency constraints.
INFO: [HLS 200-10] Analyzing design file 'extr_.linuxdriversnetethernetatherosatlxatl1.c_atl1_inc_smb_with_main.c' ... 
INFO: [HLS 200-111] Finished Linking Time (s): cpu = 00:01:39 ; elapsed = 00:02:54 . Memory (MB): peak = 832.453 ; gain = 132.133 ; free physical = 21868 ; free virtual = 44649
INFO: [HLS 200-111] Finished Checking Pragmas Time (s): cpu = 00:01:39 ; elapsed = 00:02:54 . Memory (MB): peak = 832.453 ; gain = 132.133 ; free physical = 21868 ; free virtual = 44649
INFO: [HLS 200-10] Starting code transformations ...
INFO: [HLS 200-111] Finished Standard Transforms Time (s): cpu = 00:01:40 ; elapsed = 00:02:56 . Memory (MB): peak = 832.453 ; gain = 132.133 ; free physical = 21868 ; free virtual = 44649
INFO: [HLS 200-10] Checking synthesizability ...
ERROR: [SYNCHK 200-11] extr_.linuxdriversnetethernetatherosatlxatl1.c_atl1_inc_smb_with_main.c:25: Argument 'adapter.smb.smb.tx_pause' of function 'atl1_inc_smb' (extr_.linuxdriversnetethernetatherosatlxatl1.c_atl1_inc_smb_with_main.c:25) has an unsynthesizable type (possible cause(s): pointer to pointer or global pointer).
WARNING: [SYNCHK 200-77] The top function 'main' has no outputs. Possible cause(s) are: (1) Output parameters are passed by value; (2) intended outputs (parameters or global variables) are never written; (3) there are infinite loops.
INFO: [SYNCHK 200-10] 1 error(s), 1 warning(s).
ERROR: [HLS 200-70] Synthesizability check failed.
INFO: [HLS 200-10] Creating and opening project '/home/vivado/aut/proj_extr_.kphp-kdbhintsutf8_utils.c_translit_from_en_to_ru_with_main.c'.
INFO: [HLS 200-10] Adding design file 'extr_.kphp-kdbhintsutf8_utils.c_translit_from_en_to_ru_with_main.c' to the project
INFO: [HLS 200-10] Creating and opening solution '/home/vivado/aut/proj_extr_.kphp-kdbhintsutf8_utils.c_translit_from_en_to_ru_with_main.c/solution1'.
==============================================================
Vivado(TM) HLS - High-Level Synthesis from C, C++ and SystemC v2019.1 (64-bit)
Copyright 1986-2019 Xilinx, Inc. All Rights Reserved.
==============================================================
==============================================================
Vivado(TM) HLS - High-Level Synthesis from C, C++ and SystemC v2019.1 (64-bit)
Copyright 1986-2019 Xilinx, Inc. All Rights Reserved.
==============================================================
