

================================================================
== Vivado HLS Report for 'p_eia608_from_utf8'
================================================================
* Date:           Wed Apr  1 18:51:23 2020

* Version:        2019.1 (Build 2552052 on Fri May 24 15:28:33 MDT 2019)
* Project:        proj_extr_.obs-studiodepslibcaptionsrceia608_from_utf8.c__eia608_from_utf8_with_main.c
* Solution:       sol
* Product family: kintex7
* Target device:  xc7k160t-fbg484-1


================================================================
== Performance Estimates
================================================================
+ Timing (ns): 
    * Summary: 
    +--------+-------+----------+------------+
    |  Clock | Target| Estimated| Uncertainty|
    +--------+-------+----------+------------+
    |ap_clk  |  10.00|     3.817|        1.25|
    +--------+-------+----------+------------+

+ Latency (clock cycles): 
    * Summary: 
    +-----+-----+-----+-----+---------+
    |  Latency  |  Interval | Pipeline|
    | min | max | min | max |   Type  |
    +-----+-----+-----+-----+---------+
    |    1|    1|    1|    1|   none  |
    +-----+-----+-----+-----+---------+

    + Detail: 
        * Instance: 
        N/A

        * Loop: 
        N/A



================================================================
== Utilization Estimates
================================================================
* Summary: 
+-----------------+---------+-------+--------+--------+-----+
|       Name      | BRAM_18K| DSP48E|   FF   |   LUT  | URAM|
+-----------------+---------+-------+--------+--------+-----+
|DSP              |        -|      -|       -|       -|    -|
|Expression       |        -|      -|       0|     301|    -|
|FIFO             |        -|      -|       -|       -|    -|
|Instance         |        -|      -|       -|       -|    -|
|Memory           |        -|      -|       -|       -|    -|
|Multiplexer      |        -|      -|       -|     416|    -|
|Register         |        -|      -|      16|       -|    -|
+-----------------+---------+-------+--------+--------+-----+
|Total            |        0|      0|      16|     717|    0|
+-----------------+---------+-------+--------+--------+-----+
|Available        |      650|    600|  202800|  101400|    0|
+-----------------+---------+-------+--------+--------+-----+
|Utilization (%)  |        0|      0|   ~0   |   ~0   |    0|
+-----------------+---------+-------+--------+--------+-----+

+ Detail: 
    * Instance: 
    N/A

    * DSP48E: 
    N/A

    * Memory: 
    N/A

    * FIFO: 
    N/A

    * Expression: 
    +-----------------------+----------+-------+---+----+------------+------------+
    |     Variable Name     | Operation| DSP48E| FF| LUT| Bitwidth P0| Bitwidth P1|
    +-----------------------+----------+-------+---+----+------------+------------+
    |icmp_ln28_fu_780_p2    |   icmp   |      0|  0|  11|           8|           7|
    |icmp_ln29_fu_888_p2    |   icmp   |      0|  0|  11|           8|           6|
    |icmp_ln30_fu_926_p2    |   icmp   |      0|  0|  11|           8|           6|
    |icmp_ln31_fu_944_p2    |   icmp   |      0|  0|  11|           8|           1|
    |icmp_ln32_fu_960_p2    |   icmp   |      0|  0|   9|           3|           1|
    |icmp_ln35_fu_932_p2    |   icmp   |      0|  0|  11|           8|           6|
    |icmp_ln36_fu_938_p2    |   icmp   |      0|  0|  11|           8|           6|
    |icmp_ln40_fu_894_p2    |   icmp   |      0|  0|  11|           8|           7|
    |icmp_ln41_fu_920_p2    |   icmp   |      0|  0|  11|           8|           7|
    |icmp_ln422_fu_864_p2   |   icmp   |      0|  0|  11|           8|           8|
    |icmp_ln423_fu_870_p2   |   icmp   |      0|  0|  11|           8|           8|
    |icmp_ln436_fu_858_p2   |   icmp   |      0|  0|  11|           8|           8|
    |icmp_ln440_fu_852_p2   |   icmp   |      0|  0|  11|           8|           8|
    |icmp_ln44_fu_900_p2    |   icmp   |      0|  0|  11|           8|           7|
    |icmp_ln45_fu_906_p2    |   icmp   |      0|  0|  11|           8|           7|
    |icmp_ln51_fu_794_p2    |   icmp   |      0|  0|  11|           8|           7|
    |icmp_ln52_fu_820_p2    |   icmp   |      0|  0|  11|           8|           7|
    |icmp_ln53_fu_826_p2    |   icmp   |      0|  0|  11|           8|           7|
    |icmp_ln56_fu_800_p2    |   icmp   |      0|  0|  11|           8|           7|
    |icmp_ln57_fu_806_p2    |   icmp   |      0|  0|  11|           8|           7|
    |icmp_ln61_fu_840_p2    |   icmp   |      0|  0|  11|           8|           7|
    |icmp_ln62_fu_876_p2    |   icmp   |      0|  0|  11|           8|           7|
    |icmp_ln63_fu_882_p2    |   icmp   |      0|  0|  11|           8|           7|
    |icmp_ln66_fu_846_p2    |   icmp   |      0|  0|  11|           8|           6|
    |select_ln45_fu_912_p3  |  select  |      0|  0|  13|           1|          13|
    |select_ln53_fu_832_p3  |  select  |      0|  0|  13|           1|          13|
    |select_ln57_fu_812_p3  |  select  |      0|  0|  13|           1|          13|
    +-----------------------+----------+-------+---+----+------------+------------+
    |Total                  |          |      0|  0| 301|         190|         194|
    +-----------------------+----------+-------+---+----+------------+------------+

    * Multiplexer: 
    +-----------------------+-----+-----------+-----+-----------+
    |          Name         | LUT | Input Size| Bits| Total Bits|
    +-----------------------+-----+-----------+-----+-----------+
    |UnifiedRetVal_reg_382  |  401|         92|   14|       1288|
    |ap_NS_fsm              |   15|          3|    1|          3|
    +-----------------------+-----+-----------+-----+-----------+
    |Total                  |  416|         95|   15|       1291|
    +-----------------------+-----+-----------+-----+-----------+

    * Register: 
    +-----------------------+----+----+-----+-----------+
    |          Name         | FF | LUT| Bits| Const Bits|
    +-----------------------+----+----+-----+-----------+
    |UnifiedRetVal_reg_382  |  14|   0|   16|          2|
    |ap_CS_fsm              |   2|   0|    2|          0|
    +-----------------------+----+----+-----+-----------+
    |Total                  |  16|   0|   18|          2|
    +-----------------------+----+----+-----+-----------+



================================================================
== Interface
================================================================
* Summary: 
+-----------+-----+-----+------------+-------------------+--------------+
| RTL Ports | Dir | Bits|  Protocol  |   Source Object   |    C Type    |
+-----------+-----+-----+------------+-------------------+--------------+
|ap_clk     |  in |    1| ap_ctrl_hs | _eia608_from_utf8 | return value |
|ap_rst     |  in |    1| ap_ctrl_hs | _eia608_from_utf8 | return value |
|ap_start   |  in |    1| ap_ctrl_hs | _eia608_from_utf8 | return value |
|ap_done    | out |    1| ap_ctrl_hs | _eia608_from_utf8 | return value |
|ap_idle    | out |    1| ap_ctrl_hs | _eia608_from_utf8 | return value |
|ap_ready   | out |    1| ap_ctrl_hs | _eia608_from_utf8 | return value |
|ap_return  | out |   32| ap_ctrl_hs | _eia608_from_utf8 | return value |
|s          |  in |   32|   ap_none  |         s         |    pointer   |
+-----------+-----+-----+------------+-------------------+--------------+

