#
# An unexpected error has occurred (11)
#
Stack:
/lib/x86_64-linux-gnu/libc.so.6(+0x3ef20) [0x7fe2434cff20]
/opt/xilinx/Vivado/2019.1/lib/lnx64.o/libLLVM-3.1.so(llvm::ValueEnumerator::getGlobalBasicBlockID(llvm::BasicBlock const*) const+0x339) [0x7fe231b00b99]
/opt/xilinx/Vivado/2019.1/lib/lnx64.o/libLLVM-3.1.so(+0x5880c9) [0x7fe231af60c9]
/opt/xilinx/Vivado/2019.1/lib/lnx64.o/libLLVM-3.1.so(+0x58b073) [0x7fe231af9073]
/opt/xilinx/Vivado/2019.1/lib/lnx64.o/libLLVM-3.1.so(llvm::WriteBitcodeToFile(llvm::Module const*, llvm::raw_ostream&)+0x148) [0x7fe231afbf58]
/opt/xilinx/Vivado/2019.1/lib/lnx64.o/libLLVM-3.1.so(+0x590b73) [0x7fe231afeb73]
/opt/xilinx/Vivado/2019.1/lib/lnx64.o/libLLVM-3.1.so(llvm::MPPassManager::runOnModule(llvm::Module&)+0x182) [0x7fe231d63682]
/opt/xilinx/Vivado/2019.1/lib/lnx64.o/libLLVM-3.1.so(llvm::PassManagerImpl::run(llvm::Module&)+0xac) [0x7fe231d6383c]
/opt/xilinx/Vivado/2019.1/lib/lnx64.o/libhls_main.so(+0xfa6d8) [0x7fe232f0e6d8]
/opt/xilinx/Vivado/2019.1/lib/lnx64.o/libhls_support.so(xpcl::TclCommand::callbackInternal(int, Tcl_Obj* const*)+0x5f1) [0x7fe232bdcac1]
/opt/xilinx/Vivado/2019.1/lib/lnx64.o/libhls_support.so(xpcl::TclCommand::callback(int, Tcl_Obj* const*)+0x2b) [0x7fe232be1b5b]
/opt/xilinx/Vivado/2019.1/lib/lnx64.o/libtcl8.5.so(+0x334af) [0x7fe23eece4af]
/opt/xilinx/Vivado/2019.1/lib/lnx64.o/libtcl8.5.so(+0x76875) [0x7fe23ef11875]
/opt/xilinx/Vivado/2019.1/lib/lnx64.o/libtcl8.5.so(+0x7e029) [0x7fe23ef19029]
/opt/xilinx/Vivado/2019.1/lib/lnx64.o/libtcl8.5.so(TclEvalObjEx+0x76) [0x7fe23eed0156]
/opt/xilinx/Vivado/2019.1/lib/lnx64.o/librdi_commontasks.so(+0x1ebc27) [0x7fe23398ac27]
/opt/xilinx/Vivado/2019.1/lib/lnx64.o/libtcl8.5.so(+0x334af) [0x7fe23eece4af]
/opt/xilinx/Vivado/2019.1/lib/lnx64.o/libtcl8.5.so(+0x76875) [0x7fe23ef11875]
/opt/xilinx/Vivado/2019.1/lib/lnx64.o/libtcl8.5.so(TclObjInterpProcCore+0x420) [0x7fe23ef52df0]
/opt/xilinx/Vivado/2019.1/lib/lnx64.o/libtcl8.5.so(+0x334af) [0x7fe23eece4af]
/opt/xilinx/Vivado/2019.1/lib/lnx64.o/libtcl8.5.so(+0x76875) [0x7fe23ef11875]
/opt/xilinx/Vivado/2019.1/lib/lnx64.o/libtcl8.5.so(+0x7e029) [0x7fe23ef19029]
/opt/xilinx/Vivado/2019.1/lib/lnx64.o/libtcl8.5.so(TclEvalObjEx+0x76) [0x7fe23eed0156]
/opt/xilinx/Vivado/2019.1/lib/lnx64.o/librdi_commontasks.so(+0x1ebc27) [0x7fe23398ac27]
/opt/xilinx/Vivado/2019.1/lib/lnx64.o/libtcl8.5.so(+0x334af) [0x7fe23eece4af]
/opt/xilinx/Vivado/2019.1/lib/lnx64.o/libtcl8.5.so(+0x76875) [0x7fe23ef11875]
/opt/xilinx/Vivado/2019.1/lib/lnx64.o/libtcl8.5.so(TclObjInterpProcCore+0x420) [0x7fe23ef52df0]
/opt/xilinx/Vivado/2019.1/lib/lnx64.o/libtcl8.5.so(+0x334af) [0x7fe23eece4af]
/opt/xilinx/Vivado/2019.1/lib/lnx64.o/libtcl8.5.so(+0x76875) [0x7fe23ef11875]
/opt/xilinx/Vivado/2019.1/lib/lnx64.o/libtcl8.5.so(TclObjInterpProcCore+0x420) [0x7fe23ef52df0]
/opt/xilinx/Vivado/2019.1/lib/lnx64.o/libtcl8.5.so(+0x334af) [0x7fe23eece4af]
/opt/xilinx/Vivado/2019.1/lib/lnx64.o/libtcl8.5.so(+0x76875) [0x7fe23ef11875]
/opt/xilinx/Vivado/2019.1/lib/lnx64.o/libtcl8.5.so(+0x7e029) [0x7fe23ef19029]
/opt/xilinx/Vivado/2019.1/lib/lnx64.o/libtcl8.5.so(TclEvalObjEx+0x76) [0x7fe23eed0156]
/opt/xilinx/Vivado/2019.1/lib/lnx64.o/librdi_commontasks.so(+0x1ebc27) [0x7fe23398ac27]
/opt/xilinx/Vivado/2019.1/lib/lnx64.o/libtcl8.5.so(+0x334af) [0x7fe23eece4af]
/opt/xilinx/Vivado/2019.1/lib/lnx64.o/libtcl8.5.so(+0x76875) [0x7fe23ef11875]
/opt/xilinx/Vivado/2019.1/lib/lnx64.o/libtcl8.5.so(Tcl_ExprObj+0xf8) [0x7fe23ef18c08]
/opt/xilinx/Vivado/2019.1/lib/lnx64.o/libtcl8.5.so(Tcl_ExprBooleanObj+0x16) [0x7fe23eecee96]
/opt/xilinx/Vivado/2019.1/lib/lnx64.o/libtcl8.5.so(+0x3e6de) [0x7fe23eed96de]
/opt/xilinx/Vivado/2019.1/lib/lnx64.o/libtcl8.5.so(+0x334af) [0x7fe23eece4af]
/opt/xilinx/Vivado/2019.1/lib/lnx64.o/libtcl8.5.so(+0x34b38) [0x7fe23eecfb38]
/opt/xilinx/Vivado/2019.1/lib/lnx64.o/libtcl8.5.so(Tcl_EvalEx+0x13) [0x7fe23eed00a3]
/opt/xilinx/Vivado/2019.1/lib/lnx64.o/libtcl8.5.so(Tcl_Eval+0x15) [0x7fe23eed00c5]
/opt/xilinx/Vivado/2019.1/lib/lnx64.o/libhls_main.so(+0xab4d2) [0x7fe232ebf4d2]
/opt/xilinx/Vivado/2019.1/lib/lnx64.o/libhls_support.so(xpcl::TclCommand::callbackInternal(int, Tcl_Obj* const*)+0x24c) [0x7fe232bdc71c]
/opt/xilinx/Vivado/2019.1/lib/lnx64.o/libhls_support.so(xpcl::TclCommand::callback(int, Tcl_Obj* const*)+0x2b) [0x7fe232be1b5b]
/opt/xilinx/Vivado/2019.1/lib/lnx64.o/libtcl8.5.so(+0x334af) [0x7fe23eece4af]
/opt/xilinx/Vivado/2019.1/lib/lnx64.o/libtcl8.5.so(+0x76875) [0x7fe23ef11875]
/opt/xilinx/Vivado/2019.1/lib/lnx64.o/libtcl8.5.so(TclObjInterpProcCore+0x420) [0x7fe23ef52df0]
/opt/xilinx/Vivado/2019.1/lib/lnx64.o/libtcl8.5.so(+0x334af) [0x7fe23eece4af]
/opt/xilinx/Vivado/2019.1/lib/lnx64.o/libtcl8.5.so(+0x76875) [0x7fe23ef11875]
/opt/xilinx/Vivado/2019.1/lib/lnx64.o/libtcl8.5.so(+0x7e029) [0x7fe23ef19029]
/opt/xilinx/Vivado/2019.1/lib/lnx64.o/libtcl8.5.so(TclEvalObjEx+0x76) [0x7fe23eed0156]
/opt/xilinx/Vivado/2019.1/lib/lnx64.o/librdi_commontasks.so(+0x1ebc27) [0x7fe23398ac27]
/opt/xilinx/Vivado/2019.1/lib/lnx64.o/libtcl8.5.so(+0x334af) [0x7fe23eece4af]
/opt/xilinx/Vivado/2019.1/lib/lnx64.o/libtcl8.5.so(+0x76875) [0x7fe23ef11875]
/opt/xilinx/Vivado/2019.1/lib/lnx64.o/libtcl8.5.so(Tcl_ExprObj+0xf8) [0x7fe23ef18c08]
/opt/xilinx/Vivado/2019.1/lib/lnx64.o/libtcl8.5.so(Tcl_ExprBooleanObj+0x16) [0x7fe23eecee96]
/opt/xilinx/Vivado/2019.1/lib/lnx64.o/libtcl8.5.so(+0x3e6de) [0x7fe23eed96de]
/opt/xilinx/Vivado/2019.1/lib/lnx64.o/libtcl8.5.so(+0x334af) [0x7fe23eece4af]
/opt/xilinx/Vivado/2019.1/lib/lnx64.o/libtcl8.5.so(+0x34b38) [0x7fe23eecfb38]
/opt/xilinx/Vivado/2019.1/lib/lnx64.o/libtcl8.5.so(Tcl_EvalEx+0x13) [0x7fe23eed00a3]
/opt/xilinx/Vivado/2019.1/lib/lnx64.o/libtcl8.5.so(Tcl_Eval+0x15) [0x7fe23eed00c5]
/opt/xilinx/Vivado/2019.1/lib/lnx64.o/libhls_main.so(+0xab4d2) [0x7fe232ebf4d2]
/opt/xilinx/Vivado/2019.1/lib/lnx64.o/libhls_support.so(xpcl::TclCommand::callbackInternal(int, Tcl_Obj* const*)+0x24c) [0x7fe232bdc71c]
/opt/xilinx/Vivado/2019.1/lib/lnx64.o/libhls_support.so(xpcl::TclCommand::callback(int, Tcl_Obj* const*)+0x2b) [0x7fe232be1b5b]
/opt/xilinx/Vivado/2019.1/lib/lnx64.o/libtcl8.5.so(+0x334af) [0x7fe23eece4af]
/opt/xilinx/Vivado/2019.1/lib/lnx64.o/libtcl8.5.so(+0x76875) [0x7fe23ef11875]
/opt/xilinx/Vivado/2019.1/lib/lnx64.o/libtcl8.5.so(TclObjInterpProcCore+0x420) [0x7fe23ef52df0]
/opt/xilinx/Vivado/2019.1/lib/lnx64.o/libtcl8.5.so(+0x334af) [0x7fe23eece4af]
/opt/xilinx/Vivado/2019.1/lib/lnx64.o/libtcl8.5.so(+0x76875) [0x7fe23ef11875]
/opt/xilinx/Vivado/2019.1/lib/lnx64.o/libtcl8.5.so(+0x7e029) [0x7fe23ef19029]
/opt/xilinx/Vivado/2019.1/lib/lnx64.o/libtcl8.5.so(TclEvalObjEx+0x76) [0x7fe23eed0156]
/opt/xilinx/Vivado/2019.1/lib/lnx64.o/librdi_commontasks.so(+0x1ebc27) [0x7fe23398ac27]
/opt/xilinx/Vivado/2019.1/lib/lnx64.o/libtcl8.5.so(+0x334af) [0x7fe23eece4af]
/opt/xilinx/Vivado/2019.1/lib/lnx64.o/libtcl8.5.so(+0x76875) [0x7fe23ef11875]
/opt/xilinx/Vivado/2019.1/lib/lnx64.o/libtcl8.5.so(Tcl_ExprObj+0xf8) [0x7fe23ef18c08]
/opt/xilinx/Vivado/2019.1/lib/lnx64.o/libtcl8.5.so(Tcl_ExprBooleanObj+0x16) [0x7fe23eecee96]
/opt/xilinx/Vivado/2019.1/lib/lnx64.o/libtcl8.5.so(+0x3e6de) [0x7fe23eed96de]
/opt/xilinx/Vivado/2019.1/lib/lnx64.o/libtcl8.5.so(+0x334af) [0x7fe23eece4af]
/opt/xilinx/Vivado/2019.1/lib/lnx64.o/libtcl8.5.so(+0x34b38) [0x7fe23eecfb38]
/opt/xilinx/Vivado/2019.1/lib/lnx64.o/libtcl8.5.so(Tcl_EvalEx+0x13) [0x7fe23eed00a3]
/opt/xilinx/Vivado/2019.1/lib/lnx64.o/libtcl8.5.so(Tcl_Eval+0x15) [0x7fe23eed00c5]
/opt/xilinx/Vivado/2019.1/lib/lnx64.o/libhls_main.so(+0xab4d2) [0x7fe232ebf4d2]
/opt/xilinx/Vivado/2019.1/lib/lnx64.o/libhls_support.so(xpcl::TclCommand::callbackInternal(int, Tcl_Obj* const*)+0x24c) [0x7fe232bdc71c]
/opt/xilinx/Vivado/2019.1/lib/lnx64.o/libhls_support.so(xpcl::TclCommand::callback(int, Tcl_Obj* const*)+0x2b) [0x7fe232be1b5b]
/opt/xilinx/Vivado/2019.1/lib/lnx64.o/libtcl8.5.so(+0x334af) [0x7fe23eece4af]
/opt/xilinx/Vivado/2019.1/lib/lnx64.o/libtcl8.5.so(+0x76875) [0x7fe23ef11875]
/opt/xilinx/Vivado/2019.1/lib/lnx64.o/libtcl8.5.so(+0x7e029) [0x7fe23ef19029]
/opt/xilinx/Vivado/2019.1/lib/lnx64.o/libtcl8.5.so(TclEvalObjEx+0x76) [0x7fe23eed0156]
/opt/xilinx/Vivado/2019.1/lib/lnx64.o/librdi_commontasks.so(+0x1eca82) [0x7fe23398ba82]
/opt/xilinx/Vivado/2019.1/lib/lnx64.o/libtcl8.5.so(+0x334af) [0x7fe23eece4af]
/opt/xilinx/Vivado/2019.1/lib/lnx64.o/libtcl8.5.so(+0x34b38) [0x7fe23eecfb38]
/opt/xilinx/Vivado/2019.1/lib/lnx64.o/libtcl8.5.so(Tcl_EvalEx+0x13) [0x7fe23eed00a3]
/opt/xilinx/Vivado/2019.1/lib/lnx64.o/libtcl8.5.so(Tcl_FSEvalFileEx+0x1da) [0x7fe23ef34c5a]
/opt/xilinx/Vivado/2019.1/lib/lnx64.o/libhls_main.so(ApSourceTclFile(std::__cxx11::basic_string<char, std::char_traits<char>, std::allocator<char> > const&, char const*)+0x77) [0x7fe232eb30a7]
/opt/xilinx/Vivado/2019.1/lib/lnx64.o/libhls_main.so(+0xa4ed9) [0x7fe232eb8ed9]
/opt/xilinx/Vivado/2019.1/lib/lnx64.o/libhls_support.so(xpcl::TclCommand::callbackInternal(int, Tcl_Obj* const*)+0x24c) [0x7fe232bdc71c]
/opt/xilinx/Vivado/2019.1/lib/lnx64.o/libhls_support.so(xpcl::TclCommand::callback(int, Tcl_Obj* const*)+0x2b) [0x7fe232be1b5b]
/opt/xilinx/Vivado/2019.1/lib/lnx64.o/libtcl8.5.so(+0x334af) [0x7fe23eece4af]
/opt/xilinx/Vivado/2019.1/lib/lnx64.o/libtcl8.5.so(+0x76875) [0x7fe23ef11875]
/opt/xilinx/Vivado/2019.1/lib/lnx64.o/libtcl8.5.so(+0x7e029) [0x7fe23ef19029]
/opt/xilinx/Vivado/2019.1/lib/lnx64.o/libtcl8.5.so(TclEvalObjEx+0x76) [0x7fe23eed0156]
/opt/xilinx/Vivado/2019.1/lib/lnx64.o/librdi_commontasks.so(+0x1ebc27) [0x7fe23398ac27]
/opt/xilinx/Vivado/2019.1/lib/lnx64.o/libtcl8.5.so(+0x334af) [0x7fe23eece4af]
/opt/xilinx/Vivado/2019.1/lib/lnx64.o/libtcl8.5.so(+0x76875) [0x7fe23ef11875]
/opt/xilinx/Vivado/2019.1/lib/lnx64.o/libtcl8.5.so(+0x7e029) [0x7fe23ef19029]
/opt/xilinx/Vivado/2019.1/lib/lnx64.o/libtcl8.5.so(TclEvalObjEx+0x76) [0x7fe23eed0156]
/opt/xilinx/Vivado/2019.1/lib/lnx64.o/libtcl8.5.so(+0xb7557) [0x7fe23ef52557]
/opt/xilinx/Vivado/2019.1/lib/lnx64.o/libtcl8.5.so(+0x334af) [0x7fe23eece4af]
/opt/xilinx/Vivado/2019.1/lib/lnx64.o/libtcl8.5.so(+0x76875) [0x7fe23ef11875]
/opt/xilinx/Vivado/2019.1/lib/lnx64.o/libtcl8.5.so(TclObjInterpProcCore+0x420) [0x7fe23ef52df0]
/opt/xilinx/Vivado/2019.1/lib/lnx64.o/libtcl8.5.so(+0x334af) [0x7fe23eece4af]
/opt/xilinx/Vivado/2019.1/lib/lnx64.o/libtcl8.5.so(+0x76875) [0x7fe23ef11875]
/opt/xilinx/Vivado/2019.1/lib/lnx64.o/libtcl8.5.so(+0x7e029) [0x7fe23ef19029]
/opt/xilinx/Vivado/2019.1/lib/lnx64.o/libtcl8.5.so(TclEvalObjEx+0x76) [0x7fe23eed0156]
/opt/xilinx/Vivado/2019.1/lib/lnx64.o/libtcl8.5.so(TclChannelEventScriptInvoker+0x39) [0x7fe23ef275c9]
/opt/xilinx/Vivado/2019.1/lib/lnx64.o/libtcl8.5.so(Tcl_NotifyChannel+0x121) [0x7fe23ef2b541]
/opt/xilinx/Vivado/2019.1/lib/lnx64.o/libtcl8.5.so(+0xdd597) [0x7fe23ef78597]
/opt/xilinx/Vivado/2019.1/lib/lnx64.o/libtcl8.5.so(Tcl_ServiceEvent+0x7f) [0x7fe23ef42b0f]
/opt/xilinx/Vivado/2019.1/lib/lnx64.o/libtcl8.5.so(Tcl_DoOneEvent+0x154) [0x7fe23ef42e44]
/opt/xilinx/Vivado/2019.1/lib/lnx64.o/libtcl8.5.so(+0x74450) [0x7fe23ef0f450]
/opt/xilinx/Vivado/2019.1/lib/lnx64.o/libtcl8.5.so(+0x334af) [0x7fe23eece4af]
/opt/xilinx/Vivado/2019.1/lib/lnx64.o/libtcl8.5.so(+0x76875) [0x7fe23ef11875]
/opt/xilinx/Vivado/2019.1/lib/lnx64.o/libtcl8.5.so(TclObjInterpProcCore+0x420) [0x7fe23ef52df0]
/opt/xilinx/Vivado/2019.1/lib/lnx64.o/libtcl8.5.so(+0x334af) [0x7fe23eece4af]
/opt/xilinx/Vivado/2019.1/lib/lnx64.o/libtcl8.5.so(+0x76875) [0x7fe23ef11875]
/opt/xilinx/Vivado/2019.1/lib/lnx64.o/libtcl8.5.so(TclObjInterpProcCore+0x420) [0x7fe23ef52df0]
/opt/xilinx/Vivado/2019.1/lib/lnx64.o/libtcl8.5.so(+0x334af) [0x7fe23eece4af]
/opt/xilinx/Vivado/2019.1/lib/lnx64.o/libtcl8.5.so(+0x76875) [0x7fe23ef11875]
/opt/xilinx/Vivado/2019.1/lib/lnx64.o/libtcl8.5.so(+0x7e029) [0x7fe23ef19029]
/opt/xilinx/Vivado/2019.1/lib/lnx64.o/libtcl8.5.so(TclEvalObjEx+0x76) [0x7fe23eed0156]
/opt/xilinx/Vivado/2019.1/lib/lnx64.o/librdi_commontasks.so(+0x1ebc27) [0x7fe23398ac27]
/opt/xilinx/Vivado/2019.1/lib/lnx64.o/libtcl8.5.so(+0x334af) [0x7fe23eece4af]
/opt/xilinx/Vivado/2019.1/lib/lnx64.o/libtcl8.5.so(+0x76875) [0x7fe23ef11875]
/opt/xilinx/Vivado/2019.1/lib/lnx64.o/libtcl8.5.so(Tcl_ExprObj+0xf8) [0x7fe23ef18c08]
/opt/xilinx/Vivado/2019.1/lib/lnx64.o/libtcl8.5.so(Tcl_ExprBooleanObj+0x16) [0x7fe23eecee96]
/opt/xilinx/Vivado/2019.1/lib/lnx64.o/libtcl8.5.so(+0x3e6de) [0x7fe23eed96de]
/opt/xilinx/Vivado/2019.1/lib/lnx64.o/libtcl8.5.so(+0x334af) [0x7fe23eece4af]
/opt/xilinx/Vivado/2019.1/lib/lnx64.o/libtcl8.5.so(+0x34b38) [0x7fe23eecfb38]
/opt/xilinx/Vivado/2019.1/lib/lnx64.o/libtcl8.5.so(Tcl_EvalEx+0x13) [0x7fe23eed00a3]
/opt/xilinx/Vivado/2019.1/lib/lnx64.o/libtcl8.5.so(Tcl_Eval+0x15) [0x7fe23eed00c5]
/opt/xilinx/Vivado/2019.1/lib/lnx64.o/libhls_main.so(+0xab4d2) [0x7fe232ebf4d2]
/opt/xilinx/Vivado/2019.1/lib/lnx64.o/libhls_support.so(xpcl::TclCommand::callbackInternal(int, Tcl_Obj* const*)+0x24c) [0x7fe232bdc71c]
/opt/xilinx/Vivado/2019.1/lib/lnx64.o/libhls_support.so(xpcl::TclCommand::callback(int, Tcl_Obj* const*)+0x2b) [0x7fe232be1b5b]
/opt/xilinx/Vivado/2019.1/lib/lnx64.o/libtcl8.5.so(+0x334af) [0x7fe23eece4af]
/opt/xilinx/Vivado/2019.1/lib/lnx64.o/libtcl8.5.so(+0x34b38) [0x7fe23eecfb38]
/opt/xilinx/Vivado/2019.1/lib/lnx64.o/libtcl8.5.so(Tcl_EvalEx+0x13) [0x7fe23eed00a3]
/opt/xilinx/Vivado/2019.1/lib/lnx64.o/libtcl8.5.so(TclEvalObjEx+0x1e0) [0x7fe23eed02c0]
/opt/xilinx/Vivado/2019.1/lib/lnx64.o/libtcl8.5.so(+0x3b375) [0x7fe23eed6375]
/opt/xilinx/Vivado/2019.1/lib/lnx64.o/libtcl8.5.so(+0x334af) [0x7fe23eece4af]
/opt/xilinx/Vivado/2019.1/lib/lnx64.o/libtcl8.5.so(+0x76875) [0x7fe23ef11875]
/opt/xilinx/Vivado/2019.1/lib/lnx64.o/libtcl8.5.so(+0x7e029) [0x7fe23ef19029]
/opt/xilinx/Vivado/2019.1/lib/lnx64.o/libtcl8.5.so(TclEvalObjEx+0x76) [0x7fe23eed0156]
/opt/xilinx/Vivado/2019.1/lib/lnx64.o/librdi_commontasks.so(+0x1ebc27) [0x7fe23398ac27]
/opt/xilinx/Vivado/2019.1/lib/lnx64.o/libtcl8.5.so(+0x334af) [0x7fe23eece4af]
/opt/xilinx/Vivado/2019.1/lib/lnx64.o/libtcl8.5.so(+0x76875) [0x7fe23ef11875]
/opt/xilinx/Vivado/2019.1/lib/lnx64.o/libtcl8.5.so(TclObjInterpProcCore+0x420) [0x7fe23ef52df0]
/opt/xilinx/Vivado/2019.1/lib/lnx64.o/libtcl8.5.so(+0x334af) [0x7fe23eece4af]
/opt/xilinx/Vivado/2019.1/lib/lnx64.o/libtcl8.5.so(+0x76875) [0x7fe23ef11875]
/opt/xilinx/Vivado/2019.1/lib/lnx64.o/libtcl8.5.so(TclObjInterpProcCore+0x420) [0x7fe23ef52df0]
/opt/xilinx/Vivado/2019.1/lib/lnx64.o/libtcl8.5.so(+0x334af) [0x7fe23eece4af]
/opt/xilinx/Vivado/2019.1/lib/lnx64.o/libtcl8.5.so(+0x34b38) [0x7fe23eecfb38]
/opt/xilinx/Vivado/2019.1/lib/lnx64.o/libtcl8.5.so(Tcl_EvalEx+0x13) [0x7fe23eed00a3]
/opt/xilinx/Vivado/2019.1/lib/lnx64.o/libtcl8.5.so(Tcl_Eval+0x15) [0x7fe23eed00c5]
/opt/xilinx/Vivado/2019.1/lib/lnx64.o/libhls_support.so(+0x719e4) [0x7fe232bd99e4]
/opt/xilinx/Vivado/2019.1/lib/lnx64.o/libhls_support.so(xpcl::TclManager::tclMain(Tcl_Interp*)+0xc) [0x7fe232bd9adc]
/opt/xilinx/Vivado/2019.1/lib/lnx64.o/librdi_hlstasks.so(+0xf15f) [0x7fe23a9a315f]
/opt/xilinx/Vivado/2019.1/lib/lnx64.o/librdi_common.so(+0x8068e2) [0x7fe2448378e2]
/opt/xilinx/Vivado/2019.1/lib/lnx64.o/libtcl8.5.so(+0x334af) [0x7fe23eece4af]
/opt/xilinx/Vivado/2019.1/lib/lnx64.o/libtcl8.5.so(+0x34b38) [0x7fe23eecfb38]
/opt/xilinx/Vivado/2019.1/lib/lnx64.o/libtcl8.5.so(Tcl_EvalEx+0x13) [0x7fe23eed00a3]
/opt/xilinx/Vivado/2019.1/lib/lnx64.o/libtcl8.5.so(TclEvalObjEx+0x3cf) [0x7fe23eed04af]
/opt/xilinx/Vivado/2019.1/lib/lnx64.o/libtcl8.5.so(+0xb74a9) [0x7fe23ef524a9]
/opt/xilinx/Vivado/2019.1/lib/lnx64.o/libtcl8.5.so(+0x334af) [0x7fe23eece4af]
/opt/xilinx/Vivado/2019.1/lib/lnx64.o/libtcl8.5.so(+0x76875) [0x7fe23ef11875]
/opt/xilinx/Vivado/2019.1/lib/lnx64.o/libtcl8.5.so(TclObjInterpProcCore+0x420) [0x7fe23ef52df0]
/opt/xilinx/Vivado/2019.1/lib/lnx64.o/libtcl8.5.so(+0x334af) [0x7fe23eece4af]
/opt/xilinx/Vivado/2019.1/lib/lnx64.o/libtcl8.5.so(+0x76875) [0x7fe23ef11875]
/opt/xilinx/Vivado/2019.1/lib/lnx64.o/libtcl8.5.so(+0x7e029) [0x7fe23ef19029]
/opt/xilinx/Vivado/2019.1/lib/lnx64.o/libtcl8.5.so(TclEvalObjEx+0x76) [0x7fe23eed0156]
/opt/xilinx/Vivado/2019.1/lib/lnx64.o/librdi_commontasks.so(+0x1ebcc4) [0x7fe23398acc4]
/opt/xilinx/Vivado/2019.1/lib/lnx64.o/libtcl8.5.so(+0x334af) [0x7fe23eece4af]
/opt/xilinx/Vivado/2019.1/lib/lnx64.o/libtcl8.5.so(+0x34b38) [0x7fe23eecfb38]
/opt/xilinx/Vivado/2019.1/lib/lnx64.o/libtcl8.5.so(+0xad486) [0x7fe23ef48486]
/opt/xilinx/Vivado/2019.1/lib/lnx64.o/libtcl8.5.so(+0x346c5) [0x7fe23eecf6c5]
/opt/xilinx/Vivado/2019.1/lib/lnx64.o/libtcl8.5.so(Tcl_EvalEx+0x13) [0x7fe23eed00a3]
/opt/xilinx/Vivado/2019.1/lib/lnx64.o/libtcl8.5.so(Tcl_FSEvalFileEx+0x1da) [0x7fe23ef34c5a]
/opt/xilinx/Vivado/2019.1/lib/lnx64.o/librdi_commontasks.so(+0x208e5d) [0x7fe2339a7e5d]
/opt/xilinx/Vivado/2019.1/lib/lnx64.o/librdi_common.so(+0x8068e2) [0x7fe2448378e2]
/opt/xilinx/Vivado/2019.1/lib/lnx64.o/libtcl8.5.so(+0x334af) [0x7fe23eece4af]
/opt/xilinx/Vivado/2019.1/lib/lnx64.o/libtcl8.5.so(Tcl_EvalObjv+0x32) [0x7fe23eece5e2]
/opt/xilinx/Vivado/2019.1/lib/lnx64.o/libtcl8.5.so(TclEvalObjEx+0x322) [0x7fe23eed0402]
/opt/xilinx/Vivado/2019.1/lib/lnx64.o/librdi_commontasks.so(+0x23ab2f) [0x7fe2339d9b2f]
/opt/xilinx/Vivado/2019.1/lib/lnx64.o/librdi_commontasks.so(+0x23c1fe) [0x7fe2339db1fe]
/opt/xilinx/Vivado/2019.1/lib/lnx64.o/librdi_common.so(+0x8068e2) [0x7fe2448378e2]
