

================================================================
== Vivado HLS Report for 'smrt_info_get'
================================================================
* Date:           Sun May 24 19:09:46 2020

* Version:        2019.1 (Build 2552052 on Fri May 24 15:28:33 MDT 2019)
* Project:        proj_extr_.linuxdriversmediadvb-frontendsmb86a16.c_smrt_info_get_with_main.c
* Solution:       solution1
* Product family: kintex7
* Target device:  xc7k160t-fbg484-1


================================================================
== Performance Estimates
================================================================
+ Timing (ns): 
    * Summary: 
    +--------+-------+----------+------------+
    |  Clock | Target| Estimated| Uncertainty|
    +--------+-------+----------+------------+
    |ap_clk  |  10.00|     1.546|        1.25|
    +--------+-------+----------+------------+

+ Latency (clock cycles): 
    * Summary: 
    +-----+-----+-----+-----+---------+
    |  Latency  |  Interval | Pipeline|
    | min | max | min | max |   Type  |
    +-----+-----+-----+-----+---------+
    |    0|    0|    0|    0|   none  |
    +-----+-----+-----+-----+---------+

    + Detail: 
        * Instance: 
        N/A

        * Loop: 
        N/A



================================================================
== Utilization Estimates
================================================================
* Summary: 
+-----------------+---------+-------+--------+--------+-----+
|       Name      | BRAM_18K| DSP48E|   FF   |   LUT  | URAM|
+-----------------+---------+-------+--------+--------+-----+
|DSP              |        -|      -|       -|       -|    -|
|Expression       |        -|      -|       0|     414|    -|
|FIFO             |        -|      -|       -|       -|    -|
|Instance         |        -|      -|       -|       -|    -|
|Memory           |        -|      -|       -|       -|    -|
|Multiplexer      |        -|      -|       -|      89|    -|
|Register         |        -|      -|       -|       -|    -|
+-----------------+---------+-------+--------+--------+-----+
|Total            |        0|      0|       0|     503|    0|
+-----------------+---------+-------+--------+--------+-----+
|Available        |      650|    600|  202800|  101400|    0|
+-----------------+---------+-------+--------+--------+-----+
|Utilization (%)  |        0|      0|       0|   ~0   |    0|
+-----------------+---------+-------+--------+--------+-----+

+ Detail: 
    * Instance: 
    N/A

    * DSP48E: 
    N/A

    * Memory: 
    N/A

    * FIFO: 
    N/A

    * Expression: 
    +---------------------+----------+-------+---+----+------------+------------+
    |    Variable Name    | Operation| DSP48E| FF| LUT| Bitwidth P0| Bitwidth P1|
    +---------------------+----------+-------+---+----+------------+------------+
    |icmp_ln18_fu_200_p2  |   icmp   |      0|  0|  18|          32|          16|
    |icmp_ln20_fu_206_p2  |   icmp   |      0|  0|  18|          32|          15|
    |icmp_ln22_fu_212_p2  |   icmp   |      0|  0|  18|          32|          15|
    |icmp_ln24_fu_218_p2  |   icmp   |      0|  0|  18|          32|          15|
    |icmp_ln26_fu_224_p2  |   icmp   |      0|  0|  18|          32|          15|
    |icmp_ln28_fu_230_p2  |   icmp   |      0|  0|  18|          32|          14|
    |icmp_ln30_fu_236_p2  |   icmp   |      0|  0|  18|          32|          14|
    |icmp_ln32_fu_242_p2  |   icmp   |      0|  0|  18|          32|          14|
    |icmp_ln34_fu_248_p2  |   icmp   |      0|  0|  18|          32|          14|
    |icmp_ln36_fu_254_p2  |   icmp   |      0|  0|  18|          32|          13|
    |icmp_ln38_fu_260_p2  |   icmp   |      0|  0|  18|          32|          13|
    |icmp_ln40_fu_266_p2  |   icmp   |      0|  0|  18|          32|          13|
    |icmp_ln42_fu_272_p2  |   icmp   |      0|  0|  18|          32|          13|
    |icmp_ln44_fu_278_p2  |   icmp   |      0|  0|  18|          32|          12|
    |icmp_ln46_fu_284_p2  |   icmp   |      0|  0|  18|          32|          12|
    |icmp_ln48_fu_290_p2  |   icmp   |      0|  0|  18|          32|          12|
    |icmp_ln50_fu_296_p2  |   icmp   |      0|  0|  18|          32|          12|
    |icmp_ln52_fu_302_p2  |   icmp   |      0|  0|  18|          32|          11|
    |icmp_ln54_fu_308_p2  |   icmp   |      0|  0|  18|          32|          11|
    |icmp_ln56_fu_314_p2  |   icmp   |      0|  0|  18|          32|          11|
    |icmp_ln58_fu_320_p2  |   icmp   |      0|  0|  18|          32|          11|
    |icmp_ln60_fu_326_p2  |   icmp   |      0|  0|  18|          32|          10|
    |icmp_ln62_fu_332_p2  |   icmp   |      0|  0|  18|          32|          10|
    +---------------------+----------+-------+---+----+------------+------------+
    |Total                |          |      0|  0| 414|         736|         296|
    +---------------------+----------+-------+---+----+------------+------------+

    * Multiplexer: 
    +------------------------------------+----+-----------+-----+-----------+
    |                Name                | LUT| Input Size| Bits| Total Bits|
    +------------------------------------+----+-----------+-----+-----------+
    |ap_phi_mux_phi_ln68_phi_fu_129_p46  |  15|          3|   17|         51|
    |state_csel                          |  15|          3|   32|         96|
    |state_deci                          |  38|          7|   32|        224|
    |state_rsel                          |  21|          4|   32|        128|
    +------------------------------------+----+-----------+-----+-----------+
    |Total                               |  89|         17|  113|        499|
    +------------------------------------+----+-----------+-----+-----------+

    * Register: 
    N/A



================================================================
== Interface
================================================================
* Summary: 
+-------------------------+-----+-----+------------+------------------+--------------+
|        RTL Ports        | Dir | Bits|  Protocol  |   Source Object  |    C Type    |
+-------------------------+-----+-----+------------+------------------+--------------+
|ap_start                 |  in |    1| ap_ctrl_hs |   smrt_info_get  | return value |
|ap_done                  | out |    1| ap_ctrl_hs |   smrt_info_get  | return value |
|ap_idle                  | out |    1| ap_ctrl_hs |   smrt_info_get  | return value |
|ap_ready                 | out |    1| ap_ctrl_hs |   smrt_info_get  | return value |
|state_deci               | out |   32|   ap_vld   |    state_deci    |    pointer   |
|state_deci_ap_vld        | out |    1|   ap_vld   |    state_deci    |    pointer   |
|state_csel               | out |   32|   ap_vld   |    state_csel    |    pointer   |
|state_csel_ap_vld        | out |    1|   ap_vld   |    state_csel    |    pointer   |
|state_rsel               | out |   32|   ap_vld   |    state_rsel    |    pointer   |
|state_rsel_ap_vld        | out |    1|   ap_vld   |    state_rsel    |    pointer   |
|state_master_clk         | out |   32|   ap_vld   | state_master_clk |    pointer   |
|state_master_clk_ap_vld  | out |    1|   ap_vld   | state_master_clk |    pointer   |
|rate                     |  in |   32|   ap_none  |       rate       |    scalar    |
+-------------------------+-----+-----+------------+------------------+--------------+

