

================================================================
== Vivado HLS Report for 'store_slice16_c'
================================================================
* Date:           Tue May 26 00:53:49 2020

* Version:        2019.1 (Build 2552052 on Fri May 24 15:28:33 MDT 2019)
* Project:        proj_extr_.FFmpeglibavfiltervf_spp.c_store_slice16_c_with_main.c
* Solution:       solution1
* Product family: kintex7
* Target device:  xc7k160t-fbg484-1


================================================================
== Performance Estimates
================================================================
+ Timing (ns): 
    * Summary: 
    +--------+-------+----------+------------+
    |  Clock | Target| Estimated| Uncertainty|
    +--------+-------+----------+------------+
    |ap_clk  |  10.00|     8.619|        1.25|
    +--------+-------+----------+------------+

+ Latency (clock cycles): 
    * Summary: 
    +-----+-----+-----+-----+---------+
    |  Latency  |  Interval | Pipeline|
    | min | max | min | max |   Type  |
    +-----+-----+-----+-----+---------+
    |    ?|    ?|    ?|    ?|   none  |
    +-----+-----+-----+-----+---------+

    + Detail: 
        * Instance: 
        N/A

        * Loop: 
        +-------------+-----+-----+----------+-----------+-----------+------+----------+
        |             |  Latency  | Iteration|  Initiation Interval  | Trip |          |
        |  Loop Name  | min | max |  Latency |  achieved |   target  | Count| Pipelined|
        +-------------+-----+-----+----------+-----------+-----------+------+----------+
        |- Loop 1     |    ?|    ?|         ?|          -|          -|     ?|    no    |
        | + Loop 1.1  |    ?|    ?|         9|          -|          -|     ?|    no    |
        +-------------+-----+-----+----------+-----------+-----------+------+----------+

============================================================
+ Verbose Summary: Synthesis Manager
============================================================
InlineROM: 1
ExposeGlobal: 0
============================================================
+ Verbose Summary: CDFG Model
============================================================
IsTopModel: 1
ResetActiveHigh: 1
IsCombinational: 0
IsDatapathOnly: 0
HasWiredReturn: 1
HasMFsm: 0
HasVarLatency: 1
IsPipeline: 0
IsRtlPipelined: 0
IsInstanceOverlapped: 0
IsDontTouch: 0
HasImplIP: 0
IsGatedGlobalClock: 0


============================================================
+ Verbose Summary: Schedule
============================================================
* Number of FSM states : 11
* Pipeline : 0
* Dataflow Pipeline: 0

* FSM state transitions: 
1 --> 2 
2 --> 3 
3 --> 4 2 
4 --> 5 
5 --> 6 
6 --> 7 
7 --> 8 
8 --> 9 
9 --> 10 
10 --> 11 
11 --> 3 

* FSM state operations: 

State 1 <SV = 0> <Delay = 2.36>
ST_1 : Operation 12 [1/1] (0.00ns)   --->   "call void (...)* @_ssdm_op_SpecBitsMap([8 x i32]* %dst) nounwind, !map !13"   --->   Operation 12 'specbitsmap' <Predicate = true> <Delay = 0.00>
ST_1 : Operation 13 [1/1] (0.00ns)   --->   "call void (...)* @_ssdm_op_SpecBitsMap([8 x i32]* %src) nounwind, !map !19"   --->   Operation 13 'specbitsmap' <Predicate = true> <Delay = 0.00>
ST_1 : Operation 14 [1/1] (0.00ns)   --->   "call void (...)* @_ssdm_op_SpecBitsMap(i32 %dst_linesize) nounwind, !map !23"   --->   Operation 14 'specbitsmap' <Predicate = true> <Delay = 0.00>
ST_1 : Operation 15 [1/1] (0.00ns)   --->   "call void (...)* @_ssdm_op_SpecBitsMap(i32 %src_linesize) nounwind, !map !29"   --->   Operation 15 'specbitsmap' <Predicate = true> <Delay = 0.00>
ST_1 : Operation 16 [1/1] (0.00ns)   --->   "call void (...)* @_ssdm_op_SpecBitsMap(i32 %width) nounwind, !map !33"   --->   Operation 16 'specbitsmap' <Predicate = true> <Delay = 0.00>
ST_1 : Operation 17 [1/1] (0.00ns)   --->   "call void (...)* @_ssdm_op_SpecBitsMap(i32 %height) nounwind, !map !37"   --->   Operation 17 'specbitsmap' <Predicate = true> <Delay = 0.00>
ST_1 : Operation 18 [1/1] (0.00ns)   --->   "call void (...)* @_ssdm_op_SpecBitsMap(i32 %log2_scale) nounwind, !map !41"   --->   Operation 18 'specbitsmap' <Predicate = true> <Delay = 0.00>
ST_1 : Operation 19 [1/1] (0.00ns)   --->   "call void (...)* @_ssdm_op_SpecBitsMap([64 x i32]* %dither) nounwind, !map !45"   --->   Operation 19 'specbitsmap' <Predicate = true> <Delay = 0.00>
ST_1 : Operation 20 [1/1] (0.00ns)   --->   "call void (...)* @_ssdm_op_SpecBitsMap(i32 %depth) nounwind, !map !50"   --->   Operation 20 'specbitsmap' <Predicate = true> <Delay = 0.00>
ST_1 : Operation 21 [1/1] (0.00ns)   --->   "call void (...)* @_ssdm_op_SpecTopModule([16 x i8]* @store_slice16_c_str) nounwind"   --->   Operation 21 'spectopmodule' <Predicate = true> <Delay = 0.00>
ST_1 : Operation 22 [1/1] (0.00ns)   --->   "%depth_read = call i32 @_ssdm_op_Read.ap_auto.i32(i32 %depth) nounwind" [extr_.FFmpeglibavfiltervf_spp.c_store_slice16_c_with_main.c:18]   --->   Operation 22 'read' 'depth_read' <Predicate = true> <Delay = 0.00>
ST_1 : Operation 23 [1/1] (0.00ns)   --->   "%log2_scale_read = call i32 @_ssdm_op_Read.ap_auto.i32(i32 %log2_scale) nounwind" [extr_.FFmpeglibavfiltervf_spp.c_store_slice16_c_with_main.c:18]   --->   Operation 23 'read' 'log2_scale_read' <Predicate = true> <Delay = 0.00>
ST_1 : Operation 24 [1/1] (0.00ns)   --->   "%height_read = call i32 @_ssdm_op_Read.ap_auto.i32(i32 %height) nounwind" [extr_.FFmpeglibavfiltervf_spp.c_store_slice16_c_with_main.c:18]   --->   Operation 24 'read' 'height_read' <Predicate = true> <Delay = 0.00>
ST_1 : Operation 25 [1/1] (0.00ns)   --->   "%width_read = call i32 @_ssdm_op_Read.ap_auto.i32(i32 %width) nounwind" [extr_.FFmpeglibavfiltervf_spp.c_store_slice16_c_with_main.c:18]   --->   Operation 25 'read' 'width_read' <Predicate = true> <Delay = 0.00>
ST_1 : Operation 26 [1/1] (0.00ns)   --->   "%src_linesize_read = call i32 @_ssdm_op_Read.ap_auto.i32(i32 %src_linesize) nounwind" [extr_.FFmpeglibavfiltervf_spp.c_store_slice16_c_with_main.c:18]   --->   Operation 26 'read' 'src_linesize_read' <Predicate = true> <Delay = 0.00>
ST_1 : Operation 27 [1/1] (0.00ns)   --->   "%dst_linesize_read = call i32 @_ssdm_op_Read.ap_auto.i32(i32 %dst_linesize) nounwind" [extr_.FFmpeglibavfiltervf_spp.c_store_slice16_c_with_main.c:18]   --->   Operation 27 'read' 'dst_linesize_read' <Predicate = true> <Delay = 0.00>
ST_1 : Operation 28 [1/1] (2.36ns)   --->   "%mask = shl i32 -1, %depth_read" [extr_.FFmpeglibavfiltervf_spp.c_store_slice16_c_with_main.c:24]   --->   Operation 28 'shl' 'mask' <Predicate = true> <Delay = 2.36> <Core = "Shift">   --->   Core 28 'Shift' <Latency = 0> <II = 1> <Delay = 2.36> <FuncUnit> <Opcode : 'shl' 'lshr' 'ashr'> <InPorts = 2> <OutPorts = 1>
ST_1 : Operation 29 [1/1] (1.06ns)   --->   "br label %.loopexit" [extr_.FFmpeglibavfiltervf_spp.c_store_slice16_c_with_main.c:33]   --->   Operation 29 'br' <Predicate = true> <Delay = 1.06>

State 2 <SV = 1> <Delay = 4.09>
ST_2 : Operation 30 [1/1] (0.00ns)   --->   "%y_0 = phi i31 [ 0, %0 ], [ %y, %.loopexit.loopexit ]"   --->   Operation 30 'phi' 'y_0' <Predicate = true> <Delay = 0.00>
ST_2 : Operation 31 [1/1] (0.00ns)   --->   "%phi_mul = phi i32 [ 0, %0 ], [ %add_ln33_1, %.loopexit.loopexit ]" [extr_.FFmpeglibavfiltervf_spp.c_store_slice16_c_with_main.c:33]   --->   Operation 31 'phi' 'phi_mul' <Predicate = true> <Delay = 0.00>
ST_2 : Operation 32 [1/1] (0.00ns)   --->   "%phi_mul1 = phi i32 [ 0, %0 ], [ %add_ln33, %.loopexit.loopexit ]" [extr_.FFmpeglibavfiltervf_spp.c_store_slice16_c_with_main.c:33]   --->   Operation 32 'phi' 'phi_mul1' <Predicate = true> <Delay = 0.00>
ST_2 : Operation 33 [1/1] (1.78ns)   --->   "%add_ln33 = add i32 %phi_mul1, %dst_linesize_read" [extr_.FFmpeglibavfiltervf_spp.c_store_slice16_c_with_main.c:33]   --->   Operation 33 'add' 'add_ln33' <Predicate = true> <Delay = 1.78> <Core = "AddSub">   --->   Core 14 'AddSub' <Latency = 0> <II = 1> <Delay = 1.78> <FuncUnit> <Opcode : 'add' 'sub'> <InPorts = 2> <OutPorts = 1>
ST_2 : Operation 34 [1/1] (1.78ns)   --->   "%add_ln33_1 = add i32 %phi_mul, %src_linesize_read" [extr_.FFmpeglibavfiltervf_spp.c_store_slice16_c_with_main.c:33]   --->   Operation 34 'add' 'add_ln33_1' <Predicate = true> <Delay = 1.78> <Core = "AddSub">   --->   Core 14 'AddSub' <Latency = 0> <II = 1> <Delay = 1.78> <FuncUnit> <Opcode : 'add' 'sub'> <InPorts = 2> <OutPorts = 1>
ST_2 : Operation 35 [1/1] (0.00ns)   --->   "%zext_ln33 = zext i31 %y_0 to i32" [extr_.FFmpeglibavfiltervf_spp.c_store_slice16_c_with_main.c:33]   --->   Operation 35 'zext' 'zext_ln33' <Predicate = true> <Delay = 0.00>
ST_2 : Operation 36 [1/1] (1.54ns)   --->   "%icmp_ln33 = icmp slt i32 %zext_ln33, %height_read" [extr_.FFmpeglibavfiltervf_spp.c_store_slice16_c_with_main.c:33]   --->   Operation 36 'icmp' 'icmp_ln33' <Predicate = true> <Delay = 1.54> <Core = "Cmp">   --->   Core 25 'Cmp' <Latency = 0> <II = 1> <Delay = 1.54> <FuncUnit> <Opcode : 'icmp'> <InPorts = 2> <OutPorts = 1>
ST_2 : Operation 37 [1/1] (1.76ns)   --->   "%y = add i31 %y_0, 1" [extr_.FFmpeglibavfiltervf_spp.c_store_slice16_c_with_main.c:33]   --->   Operation 37 'add' 'y' <Predicate = true> <Delay = 1.76> <Core = "AddSub">   --->   Core 14 'AddSub' <Latency = 0> <II = 1> <Delay = 1.78> <FuncUnit> <Opcode : 'add' 'sub'> <InPorts = 2> <OutPorts = 1>
ST_2 : Operation 38 [1/1] (0.00ns)   --->   "br i1 %icmp_ln33, label %1, label %3" [extr_.FFmpeglibavfiltervf_spp.c_store_slice16_c_with_main.c:33]   --->   Operation 38 'br' <Predicate = true> <Delay = 0.00>
ST_2 : Operation 39 [1/1] (0.00ns)   --->   "%tmp = call i34 @_ssdm_op_BitConcatenate.i34.i31.i3(i31 %y_0, i3 0)" [extr_.FFmpeglibavfiltervf_spp.c_store_slice16_c_with_main.c:34]   --->   Operation 39 'bitconcatenate' 'tmp' <Predicate = (icmp_ln33)> <Delay = 0.00>
ST_2 : Operation 40 [1/1] (0.00ns)   --->   "%zext_ln34 = zext i34 %tmp to i64" [extr_.FFmpeglibavfiltervf_spp.c_store_slice16_c_with_main.c:34]   --->   Operation 40 'zext' 'zext_ln34' <Predicate = (icmp_ln33)> <Delay = 0.00>
ST_2 : Operation 41 [1/1] (0.00ns)   --->   "%d = getelementptr [64 x i32]* %dither, i64 0, i64 %zext_ln34" [extr_.FFmpeglibavfiltervf_spp.c_store_slice16_c_with_main.c:34]   --->   Operation 41 'getelementptr' 'd' <Predicate = (icmp_ln33)> <Delay = 0.00>
ST_2 : Operation 42 [1/1] (0.00ns)   --->   "%or_ln38_1 = or i34 %tmp, 1" [extr_.FFmpeglibavfiltervf_spp.c_store_slice16_c_with_main.c:38]   --->   Operation 42 'or' 'or_ln38_1' <Predicate = (icmp_ln33)> <Delay = 0.00>
ST_2 : Operation 43 [1/1] (0.00ns)   --->   "%tmp_1 = call i64 @_ssdm_op_BitConcatenate.i64.i30.i34(i30 0, i34 %or_ln38_1)" [extr_.FFmpeglibavfiltervf_spp.c_store_slice16_c_with_main.c:38]   --->   Operation 43 'bitconcatenate' 'tmp_1' <Predicate = (icmp_ln33)> <Delay = 0.00>
ST_2 : Operation 44 [1/1] (0.00ns)   --->   "%dither_addr = getelementptr [64 x i32]* %dither, i64 0, i64 %tmp_1" [extr_.FFmpeglibavfiltervf_spp.c_store_slice16_c_with_main.c:38]   --->   Operation 44 'getelementptr' 'dither_addr' <Predicate = (icmp_ln33)> <Delay = 0.00>
ST_2 : Operation 45 [1/1] (0.00ns)   --->   "%or_ln39_1 = or i34 %tmp, 2" [extr_.FFmpeglibavfiltervf_spp.c_store_slice16_c_with_main.c:39]   --->   Operation 45 'or' 'or_ln39_1' <Predicate = (icmp_ln33)> <Delay = 0.00>
ST_2 : Operation 46 [1/1] (0.00ns)   --->   "%tmp_2 = call i64 @_ssdm_op_BitConcatenate.i64.i30.i34(i30 0, i34 %or_ln39_1)" [extr_.FFmpeglibavfiltervf_spp.c_store_slice16_c_with_main.c:39]   --->   Operation 46 'bitconcatenate' 'tmp_2' <Predicate = (icmp_ln33)> <Delay = 0.00>
ST_2 : Operation 47 [1/1] (0.00ns)   --->   "%dither_addr_1 = getelementptr [64 x i32]* %dither, i64 0, i64 %tmp_2" [extr_.FFmpeglibavfiltervf_spp.c_store_slice16_c_with_main.c:39]   --->   Operation 47 'getelementptr' 'dither_addr_1' <Predicate = (icmp_ln33)> <Delay = 0.00>
ST_2 : Operation 48 [1/1] (0.00ns)   --->   "%or_ln40_1 = or i34 %tmp, 3" [extr_.FFmpeglibavfiltervf_spp.c_store_slice16_c_with_main.c:40]   --->   Operation 48 'or' 'or_ln40_1' <Predicate = (icmp_ln33)> <Delay = 0.00>
ST_2 : Operation 49 [1/1] (0.00ns)   --->   "%tmp_3 = call i64 @_ssdm_op_BitConcatenate.i64.i30.i34(i30 0, i34 %or_ln40_1)" [extr_.FFmpeglibavfiltervf_spp.c_store_slice16_c_with_main.c:40]   --->   Operation 49 'bitconcatenate' 'tmp_3' <Predicate = (icmp_ln33)> <Delay = 0.00>
ST_2 : Operation 50 [1/1] (0.00ns)   --->   "%dither_addr_2 = getelementptr [64 x i32]* %dither, i64 0, i64 %tmp_3" [extr_.FFmpeglibavfiltervf_spp.c_store_slice16_c_with_main.c:40]   --->   Operation 50 'getelementptr' 'dither_addr_2' <Predicate = (icmp_ln33)> <Delay = 0.00>
ST_2 : Operation 51 [1/1] (0.00ns)   --->   "%or_ln41_1 = or i34 %tmp, 4" [extr_.FFmpeglibavfiltervf_spp.c_store_slice16_c_with_main.c:41]   --->   Operation 51 'or' 'or_ln41_1' <Predicate = (icmp_ln33)> <Delay = 0.00>
ST_2 : Operation 52 [1/1] (0.00ns)   --->   "%tmp_4 = call i64 @_ssdm_op_BitConcatenate.i64.i30.i34(i30 0, i34 %or_ln41_1)" [extr_.FFmpeglibavfiltervf_spp.c_store_slice16_c_with_main.c:41]   --->   Operation 52 'bitconcatenate' 'tmp_4' <Predicate = (icmp_ln33)> <Delay = 0.00>
ST_2 : Operation 53 [1/1] (0.00ns)   --->   "%dither_addr_3 = getelementptr [64 x i32]* %dither, i64 0, i64 %tmp_4" [extr_.FFmpeglibavfiltervf_spp.c_store_slice16_c_with_main.c:41]   --->   Operation 53 'getelementptr' 'dither_addr_3' <Predicate = (icmp_ln33)> <Delay = 0.00>
ST_2 : Operation 54 [1/1] (0.00ns)   --->   "%or_ln42_1 = or i34 %tmp, 5" [extr_.FFmpeglibavfiltervf_spp.c_store_slice16_c_with_main.c:42]   --->   Operation 54 'or' 'or_ln42_1' <Predicate = (icmp_ln33)> <Delay = 0.00>
ST_2 : Operation 55 [1/1] (0.00ns)   --->   "%tmp_5 = call i64 @_ssdm_op_BitConcatenate.i64.i30.i34(i30 0, i34 %or_ln42_1)" [extr_.FFmpeglibavfiltervf_spp.c_store_slice16_c_with_main.c:42]   --->   Operation 55 'bitconcatenate' 'tmp_5' <Predicate = (icmp_ln33)> <Delay = 0.00>
ST_2 : Operation 56 [1/1] (0.00ns)   --->   "%dither_addr_4 = getelementptr [64 x i32]* %dither, i64 0, i64 %tmp_5" [extr_.FFmpeglibavfiltervf_spp.c_store_slice16_c_with_main.c:42]   --->   Operation 56 'getelementptr' 'dither_addr_4' <Predicate = (icmp_ln33)> <Delay = 0.00>
ST_2 : Operation 57 [1/1] (0.00ns)   --->   "%or_ln43_1 = or i34 %tmp, 6" [extr_.FFmpeglibavfiltervf_spp.c_store_slice16_c_with_main.c:43]   --->   Operation 57 'or' 'or_ln43_1' <Predicate = (icmp_ln33)> <Delay = 0.00>
ST_2 : Operation 58 [1/1] (0.00ns)   --->   "%tmp_6 = call i64 @_ssdm_op_BitConcatenate.i64.i30.i34(i30 0, i34 %or_ln43_1)" [extr_.FFmpeglibavfiltervf_spp.c_store_slice16_c_with_main.c:43]   --->   Operation 58 'bitconcatenate' 'tmp_6' <Predicate = (icmp_ln33)> <Delay = 0.00>
ST_2 : Operation 59 [1/1] (0.00ns)   --->   "%dither_addr_5 = getelementptr [64 x i32]* %dither, i64 0, i64 %tmp_6" [extr_.FFmpeglibavfiltervf_spp.c_store_slice16_c_with_main.c:43]   --->   Operation 59 'getelementptr' 'dither_addr_5' <Predicate = (icmp_ln33)> <Delay = 0.00>
ST_2 : Operation 60 [1/1] (0.00ns)   --->   "%or_ln44_1 = or i34 %tmp, 7" [extr_.FFmpeglibavfiltervf_spp.c_store_slice16_c_with_main.c:44]   --->   Operation 60 'or' 'or_ln44_1' <Predicate = (icmp_ln33)> <Delay = 0.00>
ST_2 : Operation 61 [1/1] (0.00ns)   --->   "%tmp_7 = call i64 @_ssdm_op_BitConcatenate.i64.i30.i34(i30 0, i34 %or_ln44_1)" [extr_.FFmpeglibavfiltervf_spp.c_store_slice16_c_with_main.c:44]   --->   Operation 61 'bitconcatenate' 'tmp_7' <Predicate = (icmp_ln33)> <Delay = 0.00>
ST_2 : Operation 62 [1/1] (0.00ns)   --->   "%dither_addr_6 = getelementptr [64 x i32]* %dither, i64 0, i64 %tmp_7" [extr_.FFmpeglibavfiltervf_spp.c_store_slice16_c_with_main.c:44]   --->   Operation 62 'getelementptr' 'dither_addr_6' <Predicate = (icmp_ln33)> <Delay = 0.00>
ST_2 : Operation 63 [1/1] (0.00ns) (grouped into LUT with out node select_ln35_1)   --->   "%tmp_8 = call i1 @_ssdm_op_BitSelect.i1.i32.i32(i32 %width_read, i32 31)" [extr_.FFmpeglibavfiltervf_spp.c_store_slice16_c_with_main.c:35]   --->   Operation 63 'bitselect' 'tmp_8' <Predicate = (icmp_ln33)> <Delay = 0.00>
ST_2 : Operation 64 [1/1] (1.78ns)   --->   "%add_ln35 = add i32 %width_read, 7" [extr_.FFmpeglibavfiltervf_spp.c_store_slice16_c_with_main.c:35]   --->   Operation 64 'add' 'add_ln35' <Predicate = (icmp_ln33)> <Delay = 1.78> <Core = "AddSub">   --->   Core 14 'AddSub' <Latency = 0> <II = 1> <Delay = 1.78> <FuncUnit> <Opcode : 'add' 'sub'> <InPorts = 2> <OutPorts = 1>
ST_2 : Operation 65 [1/1] (0.00ns) (grouped into LUT with out node select_ln35_1)   --->   "%tmp_9 = call i1 @_ssdm_op_BitSelect.i1.i32.i32(i32 %add_ln35, i32 31)" [extr_.FFmpeglibavfiltervf_spp.c_store_slice16_c_with_main.c:35]   --->   Operation 65 'bitselect' 'tmp_9' <Predicate = (icmp_ln33)> <Delay = 0.00>
ST_2 : Operation 66 [1/1] (1.78ns)   --->   "%sub_ln35 = sub i32 -7, %width_read" [extr_.FFmpeglibavfiltervf_spp.c_store_slice16_c_with_main.c:35]   --->   Operation 66 'sub' 'sub_ln35' <Predicate = (icmp_ln33)> <Delay = 1.78> <Core = "AddSub">   --->   Core 14 'AddSub' <Latency = 0> <II = 1> <Delay = 1.78> <FuncUnit> <Opcode : 'add' 'sub'> <InPorts = 2> <OutPorts = 1>
ST_2 : Operation 67 [1/1] (0.00ns)   --->   "%p_lshr = call i29 @_ssdm_op_PartSelect.i29.i32.i32.i32(i32 %sub_ln35, i32 3, i32 31)" [extr_.FFmpeglibavfiltervf_spp.c_store_slice16_c_with_main.c:35]   --->   Operation 67 'partselect' 'p_lshr' <Predicate = (icmp_ln33)> <Delay = 0.00>
ST_2 : Operation 68 [1/1] (1.72ns)   --->   "%sub_ln35_1 = sub i29 0, %p_lshr" [extr_.FFmpeglibavfiltervf_spp.c_store_slice16_c_with_main.c:35]   --->   Operation 68 'sub' 'sub_ln35_1' <Predicate = (icmp_ln33)> <Delay = 1.72> <Core = "AddSub">   --->   Core 14 'AddSub' <Latency = 0> <II = 1> <Delay = 1.78> <FuncUnit> <Opcode : 'add' 'sub'> <InPorts = 2> <OutPorts = 1>
ST_2 : Operation 69 [1/1] (0.00ns) (grouped into LUT with out node select_ln35_1)   --->   "%tmp_10 = call i29 @_ssdm_op_PartSelect.i29.i32.i32.i32(i32 %add_ln35, i32 3, i32 31)" [extr_.FFmpeglibavfiltervf_spp.c_store_slice16_c_with_main.c:35]   --->   Operation 69 'partselect' 'tmp_10' <Predicate = (icmp_ln33)> <Delay = 0.00>
ST_2 : Operation 70 [1/1] (0.00ns) (grouped into LUT with out node select_ln35_1)   --->   "%select_ln35 = select i1 %tmp_9, i29 %sub_ln35_1, i29 %tmp_10" [extr_.FFmpeglibavfiltervf_spp.c_store_slice16_c_with_main.c:35]   --->   Operation 70 'select' 'select_ln35' <Predicate = (icmp_ln33)> <Delay = 0.00> <Core = "Sel">   --->   Core 26 'Sel' <Latency = 0> <II = 1> <Delay = 0.59> <FuncUnit> <Opcode : 'select'> <InPorts = 3> <OutPorts = 1>
ST_2 : Operation 71 [1/1] (0.58ns) (out node of the LUT)   --->   "%select_ln35_1 = select i1 %tmp_8, i29 0, i29 %select_ln35" [extr_.FFmpeglibavfiltervf_spp.c_store_slice16_c_with_main.c:35]   --->   Operation 71 'select' 'select_ln35_1' <Predicate = (icmp_ln33)> <Delay = 0.58> <Core = "Sel">   --->   Core 26 'Sel' <Latency = 0> <II = 1> <Delay = 0.59> <FuncUnit> <Opcode : 'select'> <InPorts = 3> <OutPorts = 1>
ST_2 : Operation 72 [1/1] (0.00ns)   --->   "%tmp_11 = call i32 @_ssdm_op_BitConcatenate.i32.i29.i3(i29 %select_ln35_1, i3 0)" [extr_.FFmpeglibavfiltervf_spp.c_store_slice16_c_with_main.c:35]   --->   Operation 72 'bitconcatenate' 'tmp_11' <Predicate = (icmp_ln33)> <Delay = 0.00>
ST_2 : Operation 73 [1/1] (1.06ns)   --->   "br label %2" [extr_.FFmpeglibavfiltervf_spp.c_store_slice16_c_with_main.c:35]   --->   Operation 73 'br' <Predicate = (icmp_ln33)> <Delay = 1.06>
ST_2 : Operation 74 [1/1] (0.00ns)   --->   "ret void" [extr_.FFmpeglibavfiltervf_spp.c_store_slice16_c_with_main.c:47]   --->   Operation 74 'ret' <Predicate = (!icmp_ln33)> <Delay = 0.00>

State 3 <SV = 2> <Delay = 3.21>
ST_3 : Operation 75 [1/1] (0.00ns)   --->   "%x_0 = phi i32 [ 0, %1 ], [ %x, %_ifconv ]"   --->   Operation 75 'phi' 'x_0' <Predicate = true> <Delay = 0.00>
ST_3 : Operation 76 [1/1] (1.54ns)   --->   "%icmp_ln35 = icmp eq i32 %x_0, %tmp_11" [extr_.FFmpeglibavfiltervf_spp.c_store_slice16_c_with_main.c:35]   --->   Operation 76 'icmp' 'icmp_ln35' <Predicate = true> <Delay = 1.54> <Core = "Cmp">   --->   Core 25 'Cmp' <Latency = 0> <II = 1> <Delay = 1.54> <FuncUnit> <Opcode : 'icmp'> <InPorts = 2> <OutPorts = 1>
ST_3 : Operation 77 [1/1] (0.00ns)   --->   "br i1 %icmp_ln35, label %.loopexit.loopexit, label %_ifconv" [extr_.FFmpeglibavfiltervf_spp.c_store_slice16_c_with_main.c:35]   --->   Operation 77 'br' <Predicate = true> <Delay = 0.00>
ST_3 : Operation 78 [1/1] (1.78ns)   --->   "%add_ln37 = add i32 %phi_mul, %x_0" [extr_.FFmpeglibavfiltervf_spp.c_store_slice16_c_with_main.c:37]   --->   Operation 78 'add' 'add_ln37' <Predicate = (!icmp_ln35)> <Delay = 1.78> <Core = "AddSub">   --->   Core 14 'AddSub' <Latency = 0> <II = 1> <Delay = 1.78> <FuncUnit> <Opcode : 'add' 'sub'> <InPorts = 2> <OutPorts = 1>
ST_3 : Operation 79 [1/1] (0.00ns)   --->   "%sext_ln37 = sext i32 %add_ln37 to i64" [extr_.FFmpeglibavfiltervf_spp.c_store_slice16_c_with_main.c:37]   --->   Operation 79 'sext' 'sext_ln37' <Predicate = (!icmp_ln35)> <Delay = 0.00>
ST_3 : Operation 80 [1/1] (0.00ns)   --->   "%src_addr = getelementptr [8 x i32]* %src, i64 0, i64 %sext_ln37" [extr_.FFmpeglibavfiltervf_spp.c_store_slice16_c_with_main.c:37]   --->   Operation 80 'getelementptr' 'src_addr' <Predicate = (!icmp_ln35)> <Delay = 0.00>
ST_3 : Operation 81 [2/2] (1.42ns)   --->   "%src_load = load i32* %src_addr, align 4" [extr_.FFmpeglibavfiltervf_spp.c_store_slice16_c_with_main.c:37]   --->   Operation 81 'load' 'src_load' <Predicate = (!icmp_ln35)> <Delay = 1.42> <Core = "RAM">   --->   Core 37 'RAM' <Latency = 1> <II = 1> <Delay = 1.42> <Storage> <Opcode : 'load' 'store'> <Ports = 2> <Width = 32> <Depth = 8> <RAM>
ST_3 : Operation 82 [2/2] (2.66ns)   --->   "%d_load = load i32* %d, align 4" [extr_.FFmpeglibavfiltervf_spp.c_store_slice16_c_with_main.c:37]   --->   Operation 82 'load' 'd_load' <Predicate = (!icmp_ln35)> <Delay = 2.66> <Core = "RAM">   --->   Core 37 'RAM' <Latency = 1> <II = 1> <Delay = 1.42> <Storage> <Opcode : 'load' 'store'> <Ports = 2> <Width = 32> <Depth = 8> <RAM>
ST_3 : Operation 83 [1/1] (0.00ns)   --->   "br label %.loopexit"   --->   Operation 83 'br' <Predicate = (icmp_ln35)> <Delay = 0.00>

State 4 <SV = 3> <Delay = 8.61>
ST_4 : Operation 84 [1/2] (1.42ns)   --->   "%src_load = load i32* %src_addr, align 4" [extr_.FFmpeglibavfiltervf_spp.c_store_slice16_c_with_main.c:37]   --->   Operation 84 'load' 'src_load' <Predicate = true> <Delay = 1.42> <Core = "RAM">   --->   Core 37 'RAM' <Latency = 1> <II = 1> <Delay = 1.42> <Storage> <Opcode : 'load' 'store'> <Ports = 2> <Width = 32> <Depth = 8> <RAM>
ST_4 : Operation 85 [1/1] (0.00ns) (grouped into LUT with out node add_ln37_1)   --->   "%shl_ln37 = shl i32 %src_load, %log2_scale_read" [extr_.FFmpeglibavfiltervf_spp.c_store_slice16_c_with_main.c:37]   --->   Operation 85 'shl' 'shl_ln37' <Predicate = true> <Delay = 0.00> <Core = "Shift">   --->   Core 28 'Shift' <Latency = 0> <II = 1> <Delay = 2.36> <FuncUnit> <Opcode : 'shl' 'lshr' 'ashr'> <InPorts = 2> <OutPorts = 1>
ST_4 : Operation 86 [1/2] (2.66ns)   --->   "%d_load = load i32* %d, align 4" [extr_.FFmpeglibavfiltervf_spp.c_store_slice16_c_with_main.c:37]   --->   Operation 86 'load' 'd_load' <Predicate = true> <Delay = 2.66> <Core = "RAM">   --->   Core 37 'RAM' <Latency = 1> <II = 1> <Delay = 1.42> <Storage> <Opcode : 'load' 'store'> <Ports = 2> <Width = 32> <Depth = 8> <RAM>
ST_4 : Operation 87 [1/1] (0.00ns) (grouped into LUT with out node add_ln37_1)   --->   "%trunc_ln = call i31 @_ssdm_op_PartSelect.i31.i32.i32.i32(i32 %d_load, i32 1, i32 31)" [extr_.FFmpeglibavfiltervf_spp.c_store_slice16_c_with_main.c:37]   --->   Operation 87 'partselect' 'trunc_ln' <Predicate = true> <Delay = 0.00>
ST_4 : Operation 88 [1/1] (0.00ns) (grouped into LUT with out node add_ln37_1)   --->   "%sext_ln37_2 = sext i31 %trunc_ln to i32" [extr_.FFmpeglibavfiltervf_spp.c_store_slice16_c_with_main.c:37]   --->   Operation 88 'sext' 'sext_ln37_2' <Predicate = true> <Delay = 0.00>
ST_4 : Operation 89 [1/1] (2.36ns) (out node of the LUT)   --->   "%add_ln37_1 = add nsw i32 %shl_ln37, %sext_ln37_2" [extr_.FFmpeglibavfiltervf_spp.c_store_slice16_c_with_main.c:37]   --->   Operation 89 'add' 'add_ln37_1' <Predicate = true> <Delay = 2.36> <Core = "AddSub">   --->   Core 14 'AddSub' <Latency = 0> <II = 1> <Delay = 1.78> <FuncUnit> <Opcode : 'add' 'sub'> <InPorts = 2> <OutPorts = 1>
ST_4 : Operation 90 [1/1] (0.00ns)   --->   "%trunc_ln37_1 = call i27 @_ssdm_op_PartSelect.i27.i32.i32.i32(i32 %add_ln37_1, i32 5, i32 31)" [extr_.FFmpeglibavfiltervf_spp.c_store_slice16_c_with_main.c:37]   --->   Operation 90 'partselect' 'trunc_ln37_1' <Predicate = true> <Delay = 0.00>
ST_4 : Operation 91 [1/1] (0.00ns) (grouped into LUT with out node icmp_ln37)   --->   "%temp = sext i27 %trunc_ln37_1 to i32" [extr_.FFmpeglibavfiltervf_spp.c_store_slice16_c_with_main.c:37]   --->   Operation 91 'sext' 'temp' <Predicate = true> <Delay = 0.00>
ST_4 : Operation 92 [1/1] (0.00ns) (grouped into LUT with out node icmp_ln37)   --->   "%and_ln37 = and i32 %mask, %temp" [extr_.FFmpeglibavfiltervf_spp.c_store_slice16_c_with_main.c:37]   --->   Operation 92 'and' 'and_ln37' <Predicate = true> <Delay = 0.00> <Core = "LogicGate">   --->   Core 27 'LogicGate' <Latency = 0> <II = 1> <Delay = 0.61> <FuncUnit> <Opcode : 'and' 'or' 'xor'> <InPorts = 2> <OutPorts = 1>
ST_4 : Operation 93 [1/1] (1.54ns) (out node of the LUT)   --->   "%icmp_ln37 = icmp eq i32 %and_ln37, 0" [extr_.FFmpeglibavfiltervf_spp.c_store_slice16_c_with_main.c:37]   --->   Operation 93 'icmp' 'icmp_ln37' <Predicate = true> <Delay = 1.54> <Core = "Cmp">   --->   Core 25 'Cmp' <Latency = 0> <II = 1> <Delay = 1.54> <FuncUnit> <Opcode : 'icmp'> <InPorts = 2> <OutPorts = 1>
ST_4 : Operation 94 [1/1] (0.00ns) (grouped into LUT with out node temp_2)   --->   "%tmp_12 = call i1 @_ssdm_op_BitSelect.i1.i32.i32(i32 %add_ln37_1, i32 31)" [extr_.FFmpeglibavfiltervf_spp.c_store_slice16_c_with_main.c:37]   --->   Operation 94 'bitselect' 'tmp_12' <Predicate = true> <Delay = 0.00>
ST_4 : Operation 95 [1/1] (0.00ns) (grouped into LUT with out node temp_2)   --->   "%temp_1 = xor i1 %tmp_12, true" [extr_.FFmpeglibavfiltervf_spp.c_store_slice16_c_with_main.c:37]   --->   Operation 95 'xor' 'temp_1' <Predicate = true> <Delay = 0.00> <Core = "LogicGate">   --->   Core 27 'LogicGate' <Latency = 0> <II = 1> <Delay = 0.61> <FuncUnit> <Opcode : 'and' 'or' 'xor'> <InPorts = 2> <OutPorts = 1>
ST_4 : Operation 96 [1/1] (0.00ns) (grouped into LUT with out node temp_2)   --->   "%select_ln37 = select i1 %temp_1, i27 -1, i27 0" [extr_.FFmpeglibavfiltervf_spp.c_store_slice16_c_with_main.c:37]   --->   Operation 96 'select' 'select_ln37' <Predicate = true> <Delay = 0.00> <Core = "Sel">   --->   Core 26 'Sel' <Latency = 0> <II = 1> <Delay = 0.59> <FuncUnit> <Opcode : 'select'> <InPorts = 3> <OutPorts = 1>
ST_4 : Operation 97 [1/1] (0.62ns) (out node of the LUT)   --->   "%temp_2 = select i1 %icmp_ln37, i27 %trunc_ln37_1, i27 %select_ln37" [extr_.FFmpeglibavfiltervf_spp.c_store_slice16_c_with_main.c:37]   --->   Operation 97 'select' 'temp_2' <Predicate = true> <Delay = 0.62> <Core = "Sel">   --->   Core 26 'Sel' <Latency = 0> <II = 1> <Delay = 0.59> <FuncUnit> <Opcode : 'select'> <InPorts = 3> <OutPorts = 1>
ST_4 : Operation 98 [1/1] (0.00ns)   --->   "%sext_ln37_4 = sext i27 %temp_2 to i32" [extr_.FFmpeglibavfiltervf_spp.c_store_slice16_c_with_main.c:37]   --->   Operation 98 'sext' 'sext_ln37_4' <Predicate = true> <Delay = 0.00>
ST_4 : Operation 99 [1/1] (1.78ns)   --->   "%add_ln37_2 = add i32 %phi_mul1, %x_0" [extr_.FFmpeglibavfiltervf_spp.c_store_slice16_c_with_main.c:37]   --->   Operation 99 'add' 'add_ln37_2' <Predicate = true> <Delay = 1.78> <Core = "AddSub">   --->   Core 14 'AddSub' <Latency = 0> <II = 1> <Delay = 1.78> <FuncUnit> <Opcode : 'add' 'sub'> <InPorts = 2> <OutPorts = 1>
ST_4 : Operation 100 [1/1] (0.00ns)   --->   "%sext_ln37_1 = sext i32 %add_ln37_2 to i64" [extr_.FFmpeglibavfiltervf_spp.c_store_slice16_c_with_main.c:37]   --->   Operation 100 'sext' 'sext_ln37_1' <Predicate = true> <Delay = 0.00>
ST_4 : Operation 101 [1/1] (0.00ns)   --->   "%dst_addr = getelementptr [8 x i32]* %dst, i64 0, i64 %sext_ln37_1" [extr_.FFmpeglibavfiltervf_spp.c_store_slice16_c_with_main.c:37]   --->   Operation 101 'getelementptr' 'dst_addr' <Predicate = true> <Delay = 0.00>
ST_4 : Operation 102 [1/1] (1.42ns)   --->   "store i32 %sext_ln37_4, i32* %dst_addr, align 4" [extr_.FFmpeglibavfiltervf_spp.c_store_slice16_c_with_main.c:37]   --->   Operation 102 'store' <Predicate = true> <Delay = 1.42> <Core = "RAM">   --->   Core 37 'RAM' <Latency = 1> <II = 1> <Delay = 1.42> <Storage> <Opcode : 'load' 'store'> <Ports = 2> <Width = 32> <Depth = 8> <RAM>
ST_4 : Operation 103 [1/1] (0.00ns)   --->   "%or_ln38 = or i32 %x_0, 1" [extr_.FFmpeglibavfiltervf_spp.c_store_slice16_c_with_main.c:38]   --->   Operation 103 'or' 'or_ln38' <Predicate = true> <Delay = 0.00>
ST_4 : Operation 104 [1/1] (1.78ns)   --->   "%add_ln38 = add i32 %or_ln38, %phi_mul" [extr_.FFmpeglibavfiltervf_spp.c_store_slice16_c_with_main.c:38]   --->   Operation 104 'add' 'add_ln38' <Predicate = true> <Delay = 1.78> <Core = "AddSub">   --->   Core 14 'AddSub' <Latency = 0> <II = 1> <Delay = 1.78> <FuncUnit> <Opcode : 'add' 'sub'> <InPorts = 2> <OutPorts = 1>
ST_4 : Operation 105 [1/1] (0.00ns)   --->   "%sext_ln38 = sext i32 %add_ln38 to i64" [extr_.FFmpeglibavfiltervf_spp.c_store_slice16_c_with_main.c:38]   --->   Operation 105 'sext' 'sext_ln38' <Predicate = true> <Delay = 0.00>
ST_4 : Operation 106 [1/1] (0.00ns)   --->   "%src_addr_1 = getelementptr [8 x i32]* %src, i64 0, i64 %sext_ln38" [extr_.FFmpeglibavfiltervf_spp.c_store_slice16_c_with_main.c:38]   --->   Operation 106 'getelementptr' 'src_addr_1' <Predicate = true> <Delay = 0.00>
ST_4 : Operation 107 [2/2] (1.42ns)   --->   "%src_load_1 = load i32* %src_addr_1, align 4" [extr_.FFmpeglibavfiltervf_spp.c_store_slice16_c_with_main.c:38]   --->   Operation 107 'load' 'src_load_1' <Predicate = true> <Delay = 1.42> <Core = "RAM">   --->   Core 37 'RAM' <Latency = 1> <II = 1> <Delay = 1.42> <Storage> <Opcode : 'load' 'store'> <Ports = 2> <Width = 32> <Depth = 8> <RAM>
ST_4 : Operation 108 [2/2] (2.66ns)   --->   "%dither_load = load i32* %dither_addr, align 4" [extr_.FFmpeglibavfiltervf_spp.c_store_slice16_c_with_main.c:38]   --->   Operation 108 'load' 'dither_load' <Predicate = true> <Delay = 2.66> <Core = "RAM">   --->   Core 37 'RAM' <Latency = 1> <II = 1> <Delay = 1.42> <Storage> <Opcode : 'load' 'store'> <Ports = 2> <Width = 32> <Depth = 8> <RAM>

State 5 <SV = 4> <Delay = 8.61>
ST_5 : Operation 109 [1/2] (1.42ns)   --->   "%src_load_1 = load i32* %src_addr_1, align 4" [extr_.FFmpeglibavfiltervf_spp.c_store_slice16_c_with_main.c:38]   --->   Operation 109 'load' 'src_load_1' <Predicate = true> <Delay = 1.42> <Core = "RAM">   --->   Core 37 'RAM' <Latency = 1> <II = 1> <Delay = 1.42> <Storage> <Opcode : 'load' 'store'> <Ports = 2> <Width = 32> <Depth = 8> <RAM>
ST_5 : Operation 110 [1/1] (0.00ns) (grouped into LUT with out node add_ln38_1)   --->   "%shl_ln38 = shl i32 %src_load_1, %log2_scale_read" [extr_.FFmpeglibavfiltervf_spp.c_store_slice16_c_with_main.c:38]   --->   Operation 110 'shl' 'shl_ln38' <Predicate = true> <Delay = 0.00> <Core = "Shift">   --->   Core 28 'Shift' <Latency = 0> <II = 1> <Delay = 2.36> <FuncUnit> <Opcode : 'shl' 'lshr' 'ashr'> <InPorts = 2> <OutPorts = 1>
ST_5 : Operation 111 [1/2] (2.66ns)   --->   "%dither_load = load i32* %dither_addr, align 4" [extr_.FFmpeglibavfiltervf_spp.c_store_slice16_c_with_main.c:38]   --->   Operation 111 'load' 'dither_load' <Predicate = true> <Delay = 2.66> <Core = "RAM">   --->   Core 37 'RAM' <Latency = 1> <II = 1> <Delay = 1.42> <Storage> <Opcode : 'load' 'store'> <Ports = 2> <Width = 32> <Depth = 8> <RAM>
ST_5 : Operation 112 [1/1] (0.00ns) (grouped into LUT with out node add_ln38_1)   --->   "%trunc_ln1 = call i31 @_ssdm_op_PartSelect.i31.i32.i32.i32(i32 %dither_load, i32 1, i32 31)" [extr_.FFmpeglibavfiltervf_spp.c_store_slice16_c_with_main.c:38]   --->   Operation 112 'partselect' 'trunc_ln1' <Predicate = true> <Delay = 0.00>
ST_5 : Operation 113 [1/1] (0.00ns) (grouped into LUT with out node add_ln38_1)   --->   "%sext_ln38_2 = sext i31 %trunc_ln1 to i32" [extr_.FFmpeglibavfiltervf_spp.c_store_slice16_c_with_main.c:38]   --->   Operation 113 'sext' 'sext_ln38_2' <Predicate = true> <Delay = 0.00>
ST_5 : Operation 114 [1/1] (2.36ns) (out node of the LUT)   --->   "%add_ln38_1 = add nsw i32 %shl_ln38, %sext_ln38_2" [extr_.FFmpeglibavfiltervf_spp.c_store_slice16_c_with_main.c:38]   --->   Operation 114 'add' 'add_ln38_1' <Predicate = true> <Delay = 2.36> <Core = "AddSub">   --->   Core 14 'AddSub' <Latency = 0> <II = 1> <Delay = 1.78> <FuncUnit> <Opcode : 'add' 'sub'> <InPorts = 2> <OutPorts = 1>
ST_5 : Operation 115 [1/1] (0.00ns)   --->   "%trunc_ln38_1 = call i27 @_ssdm_op_PartSelect.i27.i32.i32.i32(i32 %add_ln38_1, i32 5, i32 31)" [extr_.FFmpeglibavfiltervf_spp.c_store_slice16_c_with_main.c:38]   --->   Operation 115 'partselect' 'trunc_ln38_1' <Predicate = true> <Delay = 0.00>
ST_5 : Operation 116 [1/1] (0.00ns) (grouped into LUT with out node icmp_ln38)   --->   "%temp_3 = sext i27 %trunc_ln38_1 to i32" [extr_.FFmpeglibavfiltervf_spp.c_store_slice16_c_with_main.c:38]   --->   Operation 116 'sext' 'temp_3' <Predicate = true> <Delay = 0.00>
ST_5 : Operation 117 [1/1] (0.00ns) (grouped into LUT with out node icmp_ln38)   --->   "%and_ln38 = and i32 %mask, %temp_3" [extr_.FFmpeglibavfiltervf_spp.c_store_slice16_c_with_main.c:38]   --->   Operation 117 'and' 'and_ln38' <Predicate = true> <Delay = 0.00> <Core = "LogicGate">   --->   Core 27 'LogicGate' <Latency = 0> <II = 1> <Delay = 0.61> <FuncUnit> <Opcode : 'and' 'or' 'xor'> <InPorts = 2> <OutPorts = 1>
ST_5 : Operation 118 [1/1] (1.54ns) (out node of the LUT)   --->   "%icmp_ln38 = icmp eq i32 %and_ln38, 0" [extr_.FFmpeglibavfiltervf_spp.c_store_slice16_c_with_main.c:38]   --->   Operation 118 'icmp' 'icmp_ln38' <Predicate = true> <Delay = 1.54> <Core = "Cmp">   --->   Core 25 'Cmp' <Latency = 0> <II = 1> <Delay = 1.54> <FuncUnit> <Opcode : 'icmp'> <InPorts = 2> <OutPorts = 1>
ST_5 : Operation 119 [1/1] (0.00ns) (grouped into LUT with out node temp_5)   --->   "%tmp_13 = call i1 @_ssdm_op_BitSelect.i1.i32.i32(i32 %add_ln38_1, i32 31)" [extr_.FFmpeglibavfiltervf_spp.c_store_slice16_c_with_main.c:38]   --->   Operation 119 'bitselect' 'tmp_13' <Predicate = true> <Delay = 0.00>
ST_5 : Operation 120 [1/1] (0.00ns) (grouped into LUT with out node temp_5)   --->   "%temp_4 = xor i1 %tmp_13, true" [extr_.FFmpeglibavfiltervf_spp.c_store_slice16_c_with_main.c:38]   --->   Operation 120 'xor' 'temp_4' <Predicate = true> <Delay = 0.00> <Core = "LogicGate">   --->   Core 27 'LogicGate' <Latency = 0> <II = 1> <Delay = 0.61> <FuncUnit> <Opcode : 'and' 'or' 'xor'> <InPorts = 2> <OutPorts = 1>
ST_5 : Operation 121 [1/1] (0.00ns) (grouped into LUT with out node temp_5)   --->   "%select_ln38 = select i1 %temp_4, i27 -1, i27 0" [extr_.FFmpeglibavfiltervf_spp.c_store_slice16_c_with_main.c:38]   --->   Operation 121 'select' 'select_ln38' <Predicate = true> <Delay = 0.00> <Core = "Sel">   --->   Core 26 'Sel' <Latency = 0> <II = 1> <Delay = 0.59> <FuncUnit> <Opcode : 'select'> <InPorts = 3> <OutPorts = 1>
ST_5 : Operation 122 [1/1] (0.62ns) (out node of the LUT)   --->   "%temp_5 = select i1 %icmp_ln38, i27 %trunc_ln38_1, i27 %select_ln38" [extr_.FFmpeglibavfiltervf_spp.c_store_slice16_c_with_main.c:38]   --->   Operation 122 'select' 'temp_5' <Predicate = true> <Delay = 0.62> <Core = "Sel">   --->   Core 26 'Sel' <Latency = 0> <II = 1> <Delay = 0.59> <FuncUnit> <Opcode : 'select'> <InPorts = 3> <OutPorts = 1>
ST_5 : Operation 123 [1/1] (0.00ns)   --->   "%sext_ln38_4 = sext i27 %temp_5 to i32" [extr_.FFmpeglibavfiltervf_spp.c_store_slice16_c_with_main.c:38]   --->   Operation 123 'sext' 'sext_ln38_4' <Predicate = true> <Delay = 0.00>
ST_5 : Operation 124 [1/1] (1.78ns)   --->   "%add_ln38_2 = add i32 %or_ln38, %phi_mul1" [extr_.FFmpeglibavfiltervf_spp.c_store_slice16_c_with_main.c:38]   --->   Operation 124 'add' 'add_ln38_2' <Predicate = true> <Delay = 1.78> <Core = "AddSub">   --->   Core 14 'AddSub' <Latency = 0> <II = 1> <Delay = 1.78> <FuncUnit> <Opcode : 'add' 'sub'> <InPorts = 2> <OutPorts = 1>
ST_5 : Operation 125 [1/1] (0.00ns)   --->   "%sext_ln38_1 = sext i32 %add_ln38_2 to i64" [extr_.FFmpeglibavfiltervf_spp.c_store_slice16_c_with_main.c:38]   --->   Operation 125 'sext' 'sext_ln38_1' <Predicate = true> <Delay = 0.00>
ST_5 : Operation 126 [1/1] (0.00ns)   --->   "%dst_addr_1 = getelementptr [8 x i32]* %dst, i64 0, i64 %sext_ln38_1" [extr_.FFmpeglibavfiltervf_spp.c_store_slice16_c_with_main.c:38]   --->   Operation 126 'getelementptr' 'dst_addr_1' <Predicate = true> <Delay = 0.00>
ST_5 : Operation 127 [1/1] (1.42ns)   --->   "store i32 %sext_ln38_4, i32* %dst_addr_1, align 4" [extr_.FFmpeglibavfiltervf_spp.c_store_slice16_c_with_main.c:38]   --->   Operation 127 'store' <Predicate = true> <Delay = 1.42> <Core = "RAM">   --->   Core 37 'RAM' <Latency = 1> <II = 1> <Delay = 1.42> <Storage> <Opcode : 'load' 'store'> <Ports = 2> <Width = 32> <Depth = 8> <RAM>
ST_5 : Operation 128 [1/1] (0.00ns)   --->   "%or_ln39 = or i32 %x_0, 2" [extr_.FFmpeglibavfiltervf_spp.c_store_slice16_c_with_main.c:39]   --->   Operation 128 'or' 'or_ln39' <Predicate = true> <Delay = 0.00>
ST_5 : Operation 129 [1/1] (1.78ns)   --->   "%add_ln39 = add i32 %or_ln39, %phi_mul" [extr_.FFmpeglibavfiltervf_spp.c_store_slice16_c_with_main.c:39]   --->   Operation 129 'add' 'add_ln39' <Predicate = true> <Delay = 1.78> <Core = "AddSub">   --->   Core 14 'AddSub' <Latency = 0> <II = 1> <Delay = 1.78> <FuncUnit> <Opcode : 'add' 'sub'> <InPorts = 2> <OutPorts = 1>
ST_5 : Operation 130 [1/1] (0.00ns)   --->   "%sext_ln39 = sext i32 %add_ln39 to i64" [extr_.FFmpeglibavfiltervf_spp.c_store_slice16_c_with_main.c:39]   --->   Operation 130 'sext' 'sext_ln39' <Predicate = true> <Delay = 0.00>
ST_5 : Operation 131 [1/1] (0.00ns)   --->   "%src_addr_2 = getelementptr [8 x i32]* %src, i64 0, i64 %sext_ln39" [extr_.FFmpeglibavfiltervf_spp.c_store_slice16_c_with_main.c:39]   --->   Operation 131 'getelementptr' 'src_addr_2' <Predicate = true> <Delay = 0.00>
ST_5 : Operation 132 [2/2] (1.42ns)   --->   "%src_load_2 = load i32* %src_addr_2, align 4" [extr_.FFmpeglibavfiltervf_spp.c_store_slice16_c_with_main.c:39]   --->   Operation 132 'load' 'src_load_2' <Predicate = true> <Delay = 1.42> <Core = "RAM">   --->   Core 37 'RAM' <Latency = 1> <II = 1> <Delay = 1.42> <Storage> <Opcode : 'load' 'store'> <Ports = 2> <Width = 32> <Depth = 8> <RAM>
ST_5 : Operation 133 [2/2] (2.66ns)   --->   "%dither_load_1 = load i32* %dither_addr_1, align 4" [extr_.FFmpeglibavfiltervf_spp.c_store_slice16_c_with_main.c:39]   --->   Operation 133 'load' 'dither_load_1' <Predicate = true> <Delay = 2.66> <Core = "RAM">   --->   Core 37 'RAM' <Latency = 1> <II = 1> <Delay = 1.42> <Storage> <Opcode : 'load' 'store'> <Ports = 2> <Width = 32> <Depth = 8> <RAM>

State 6 <SV = 5> <Delay = 8.61>
ST_6 : Operation 134 [1/2] (1.42ns)   --->   "%src_load_2 = load i32* %src_addr_2, align 4" [extr_.FFmpeglibavfiltervf_spp.c_store_slice16_c_with_main.c:39]   --->   Operation 134 'load' 'src_load_2' <Predicate = true> <Delay = 1.42> <Core = "RAM">   --->   Core 37 'RAM' <Latency = 1> <II = 1> <Delay = 1.42> <Storage> <Opcode : 'load' 'store'> <Ports = 2> <Width = 32> <Depth = 8> <RAM>
ST_6 : Operation 135 [1/1] (0.00ns) (grouped into LUT with out node add_ln39_1)   --->   "%shl_ln39 = shl i32 %src_load_2, %log2_scale_read" [extr_.FFmpeglibavfiltervf_spp.c_store_slice16_c_with_main.c:39]   --->   Operation 135 'shl' 'shl_ln39' <Predicate = true> <Delay = 0.00> <Core = "Shift">   --->   Core 28 'Shift' <Latency = 0> <II = 1> <Delay = 2.36> <FuncUnit> <Opcode : 'shl' 'lshr' 'ashr'> <InPorts = 2> <OutPorts = 1>
ST_6 : Operation 136 [1/2] (2.66ns)   --->   "%dither_load_1 = load i32* %dither_addr_1, align 4" [extr_.FFmpeglibavfiltervf_spp.c_store_slice16_c_with_main.c:39]   --->   Operation 136 'load' 'dither_load_1' <Predicate = true> <Delay = 2.66> <Core = "RAM">   --->   Core 37 'RAM' <Latency = 1> <II = 1> <Delay = 1.42> <Storage> <Opcode : 'load' 'store'> <Ports = 2> <Width = 32> <Depth = 8> <RAM>
ST_6 : Operation 137 [1/1] (0.00ns) (grouped into LUT with out node add_ln39_1)   --->   "%trunc_ln2 = call i31 @_ssdm_op_PartSelect.i31.i32.i32.i32(i32 %dither_load_1, i32 1, i32 31)" [extr_.FFmpeglibavfiltervf_spp.c_store_slice16_c_with_main.c:39]   --->   Operation 137 'partselect' 'trunc_ln2' <Predicate = true> <Delay = 0.00>
ST_6 : Operation 138 [1/1] (0.00ns) (grouped into LUT with out node add_ln39_1)   --->   "%sext_ln39_2 = sext i31 %trunc_ln2 to i32" [extr_.FFmpeglibavfiltervf_spp.c_store_slice16_c_with_main.c:39]   --->   Operation 138 'sext' 'sext_ln39_2' <Predicate = true> <Delay = 0.00>
ST_6 : Operation 139 [1/1] (2.36ns) (out node of the LUT)   --->   "%add_ln39_1 = add nsw i32 %shl_ln39, %sext_ln39_2" [extr_.FFmpeglibavfiltervf_spp.c_store_slice16_c_with_main.c:39]   --->   Operation 139 'add' 'add_ln39_1' <Predicate = true> <Delay = 2.36> <Core = "AddSub">   --->   Core 14 'AddSub' <Latency = 0> <II = 1> <Delay = 1.78> <FuncUnit> <Opcode : 'add' 'sub'> <InPorts = 2> <OutPorts = 1>
ST_6 : Operation 140 [1/1] (0.00ns)   --->   "%trunc_ln39_1 = call i27 @_ssdm_op_PartSelect.i27.i32.i32.i32(i32 %add_ln39_1, i32 5, i32 31)" [extr_.FFmpeglibavfiltervf_spp.c_store_slice16_c_with_main.c:39]   --->   Operation 140 'partselect' 'trunc_ln39_1' <Predicate = true> <Delay = 0.00>
ST_6 : Operation 141 [1/1] (0.00ns) (grouped into LUT with out node icmp_ln39)   --->   "%temp_6 = sext i27 %trunc_ln39_1 to i32" [extr_.FFmpeglibavfiltervf_spp.c_store_slice16_c_with_main.c:39]   --->   Operation 141 'sext' 'temp_6' <Predicate = true> <Delay = 0.00>
ST_6 : Operation 142 [1/1] (0.00ns) (grouped into LUT with out node icmp_ln39)   --->   "%and_ln39 = and i32 %mask, %temp_6" [extr_.FFmpeglibavfiltervf_spp.c_store_slice16_c_with_main.c:39]   --->   Operation 142 'and' 'and_ln39' <Predicate = true> <Delay = 0.00> <Core = "LogicGate">   --->   Core 27 'LogicGate' <Latency = 0> <II = 1> <Delay = 0.61> <FuncUnit> <Opcode : 'and' 'or' 'xor'> <InPorts = 2> <OutPorts = 1>
ST_6 : Operation 143 [1/1] (1.54ns) (out node of the LUT)   --->   "%icmp_ln39 = icmp eq i32 %and_ln39, 0" [extr_.FFmpeglibavfiltervf_spp.c_store_slice16_c_with_main.c:39]   --->   Operation 143 'icmp' 'icmp_ln39' <Predicate = true> <Delay = 1.54> <Core = "Cmp">   --->   Core 25 'Cmp' <Latency = 0> <II = 1> <Delay = 1.54> <FuncUnit> <Opcode : 'icmp'> <InPorts = 2> <OutPorts = 1>
ST_6 : Operation 144 [1/1] (0.00ns) (grouped into LUT with out node temp_8)   --->   "%tmp_14 = call i1 @_ssdm_op_BitSelect.i1.i32.i32(i32 %add_ln39_1, i32 31)" [extr_.FFmpeglibavfiltervf_spp.c_store_slice16_c_with_main.c:39]   --->   Operation 144 'bitselect' 'tmp_14' <Predicate = true> <Delay = 0.00>
ST_6 : Operation 145 [1/1] (0.00ns) (grouped into LUT with out node temp_8)   --->   "%temp_7 = xor i1 %tmp_14, true" [extr_.FFmpeglibavfiltervf_spp.c_store_slice16_c_with_main.c:39]   --->   Operation 145 'xor' 'temp_7' <Predicate = true> <Delay = 0.00> <Core = "LogicGate">   --->   Core 27 'LogicGate' <Latency = 0> <II = 1> <Delay = 0.61> <FuncUnit> <Opcode : 'and' 'or' 'xor'> <InPorts = 2> <OutPorts = 1>
ST_6 : Operation 146 [1/1] (0.00ns) (grouped into LUT with out node temp_8)   --->   "%select_ln39 = select i1 %temp_7, i27 -1, i27 0" [extr_.FFmpeglibavfiltervf_spp.c_store_slice16_c_with_main.c:39]   --->   Operation 146 'select' 'select_ln39' <Predicate = true> <Delay = 0.00> <Core = "Sel">   --->   Core 26 'Sel' <Latency = 0> <II = 1> <Delay = 0.59> <FuncUnit> <Opcode : 'select'> <InPorts = 3> <OutPorts = 1>
ST_6 : Operation 147 [1/1] (0.62ns) (out node of the LUT)   --->   "%temp_8 = select i1 %icmp_ln39, i27 %trunc_ln39_1, i27 %select_ln39" [extr_.FFmpeglibavfiltervf_spp.c_store_slice16_c_with_main.c:39]   --->   Operation 147 'select' 'temp_8' <Predicate = true> <Delay = 0.62> <Core = "Sel">   --->   Core 26 'Sel' <Latency = 0> <II = 1> <Delay = 0.59> <FuncUnit> <Opcode : 'select'> <InPorts = 3> <OutPorts = 1>
ST_6 : Operation 148 [1/1] (0.00ns)   --->   "%sext_ln39_4 = sext i27 %temp_8 to i32" [extr_.FFmpeglibavfiltervf_spp.c_store_slice16_c_with_main.c:39]   --->   Operation 148 'sext' 'sext_ln39_4' <Predicate = true> <Delay = 0.00>
ST_6 : Operation 149 [1/1] (1.78ns)   --->   "%add_ln39_2 = add i32 %or_ln39, %phi_mul1" [extr_.FFmpeglibavfiltervf_spp.c_store_slice16_c_with_main.c:39]   --->   Operation 149 'add' 'add_ln39_2' <Predicate = true> <Delay = 1.78> <Core = "AddSub">   --->   Core 14 'AddSub' <Latency = 0> <II = 1> <Delay = 1.78> <FuncUnit> <Opcode : 'add' 'sub'> <InPorts = 2> <OutPorts = 1>
ST_6 : Operation 150 [1/1] (0.00ns)   --->   "%sext_ln39_1 = sext i32 %add_ln39_2 to i64" [extr_.FFmpeglibavfiltervf_spp.c_store_slice16_c_with_main.c:39]   --->   Operation 150 'sext' 'sext_ln39_1' <Predicate = true> <Delay = 0.00>
ST_6 : Operation 151 [1/1] (0.00ns)   --->   "%dst_addr_2 = getelementptr [8 x i32]* %dst, i64 0, i64 %sext_ln39_1" [extr_.FFmpeglibavfiltervf_spp.c_store_slice16_c_with_main.c:39]   --->   Operation 151 'getelementptr' 'dst_addr_2' <Predicate = true> <Delay = 0.00>
ST_6 : Operation 152 [1/1] (1.42ns)   --->   "store i32 %sext_ln39_4, i32* %dst_addr_2, align 4" [extr_.FFmpeglibavfiltervf_spp.c_store_slice16_c_with_main.c:39]   --->   Operation 152 'store' <Predicate = true> <Delay = 1.42> <Core = "RAM">   --->   Core 37 'RAM' <Latency = 1> <II = 1> <Delay = 1.42> <Storage> <Opcode : 'load' 'store'> <Ports = 2> <Width = 32> <Depth = 8> <RAM>
ST_6 : Operation 153 [1/1] (0.00ns)   --->   "%or_ln40 = or i32 %x_0, 3" [extr_.FFmpeglibavfiltervf_spp.c_store_slice16_c_with_main.c:40]   --->   Operation 153 'or' 'or_ln40' <Predicate = true> <Delay = 0.00>
ST_6 : Operation 154 [1/1] (1.78ns)   --->   "%add_ln40 = add i32 %or_ln40, %phi_mul" [extr_.FFmpeglibavfiltervf_spp.c_store_slice16_c_with_main.c:40]   --->   Operation 154 'add' 'add_ln40' <Predicate = true> <Delay = 1.78> <Core = "AddSub">   --->   Core 14 'AddSub' <Latency = 0> <II = 1> <Delay = 1.78> <FuncUnit> <Opcode : 'add' 'sub'> <InPorts = 2> <OutPorts = 1>
ST_6 : Operation 155 [1/1] (0.00ns)   --->   "%sext_ln40 = sext i32 %add_ln40 to i64" [extr_.FFmpeglibavfiltervf_spp.c_store_slice16_c_with_main.c:40]   --->   Operation 155 'sext' 'sext_ln40' <Predicate = true> <Delay = 0.00>
ST_6 : Operation 156 [1/1] (0.00ns)   --->   "%src_addr_3 = getelementptr [8 x i32]* %src, i64 0, i64 %sext_ln40" [extr_.FFmpeglibavfiltervf_spp.c_store_slice16_c_with_main.c:40]   --->   Operation 156 'getelementptr' 'src_addr_3' <Predicate = true> <Delay = 0.00>
ST_6 : Operation 157 [2/2] (1.42ns)   --->   "%src_load_3 = load i32* %src_addr_3, align 4" [extr_.FFmpeglibavfiltervf_spp.c_store_slice16_c_with_main.c:40]   --->   Operation 157 'load' 'src_load_3' <Predicate = true> <Delay = 1.42> <Core = "RAM">   --->   Core 37 'RAM' <Latency = 1> <II = 1> <Delay = 1.42> <Storage> <Opcode : 'load' 'store'> <Ports = 2> <Width = 32> <Depth = 8> <RAM>
ST_6 : Operation 158 [2/2] (2.66ns)   --->   "%dither_load_2 = load i32* %dither_addr_2, align 4" [extr_.FFmpeglibavfiltervf_spp.c_store_slice16_c_with_main.c:40]   --->   Operation 158 'load' 'dither_load_2' <Predicate = true> <Delay = 2.66> <Core = "RAM">   --->   Core 37 'RAM' <Latency = 1> <II = 1> <Delay = 1.42> <Storage> <Opcode : 'load' 'store'> <Ports = 2> <Width = 32> <Depth = 8> <RAM>

State 7 <SV = 6> <Delay = 8.61>
ST_7 : Operation 159 [1/2] (1.42ns)   --->   "%src_load_3 = load i32* %src_addr_3, align 4" [extr_.FFmpeglibavfiltervf_spp.c_store_slice16_c_with_main.c:40]   --->   Operation 159 'load' 'src_load_3' <Predicate = true> <Delay = 1.42> <Core = "RAM">   --->   Core 37 'RAM' <Latency = 1> <II = 1> <Delay = 1.42> <Storage> <Opcode : 'load' 'store'> <Ports = 2> <Width = 32> <Depth = 8> <RAM>
ST_7 : Operation 160 [1/1] (0.00ns) (grouped into LUT with out node add_ln40_1)   --->   "%shl_ln40 = shl i32 %src_load_3, %log2_scale_read" [extr_.FFmpeglibavfiltervf_spp.c_store_slice16_c_with_main.c:40]   --->   Operation 160 'shl' 'shl_ln40' <Predicate = true> <Delay = 0.00> <Core = "Shift">   --->   Core 28 'Shift' <Latency = 0> <II = 1> <Delay = 2.36> <FuncUnit> <Opcode : 'shl' 'lshr' 'ashr'> <InPorts = 2> <OutPorts = 1>
ST_7 : Operation 161 [1/2] (2.66ns)   --->   "%dither_load_2 = load i32* %dither_addr_2, align 4" [extr_.FFmpeglibavfiltervf_spp.c_store_slice16_c_with_main.c:40]   --->   Operation 161 'load' 'dither_load_2' <Predicate = true> <Delay = 2.66> <Core = "RAM">   --->   Core 37 'RAM' <Latency = 1> <II = 1> <Delay = 1.42> <Storage> <Opcode : 'load' 'store'> <Ports = 2> <Width = 32> <Depth = 8> <RAM>
ST_7 : Operation 162 [1/1] (0.00ns) (grouped into LUT with out node add_ln40_1)   --->   "%trunc_ln3 = call i31 @_ssdm_op_PartSelect.i31.i32.i32.i32(i32 %dither_load_2, i32 1, i32 31)" [extr_.FFmpeglibavfiltervf_spp.c_store_slice16_c_with_main.c:40]   --->   Operation 162 'partselect' 'trunc_ln3' <Predicate = true> <Delay = 0.00>
ST_7 : Operation 163 [1/1] (0.00ns) (grouped into LUT with out node add_ln40_1)   --->   "%sext_ln40_2 = sext i31 %trunc_ln3 to i32" [extr_.FFmpeglibavfiltervf_spp.c_store_slice16_c_with_main.c:40]   --->   Operation 163 'sext' 'sext_ln40_2' <Predicate = true> <Delay = 0.00>
ST_7 : Operation 164 [1/1] (2.36ns) (out node of the LUT)   --->   "%add_ln40_1 = add nsw i32 %shl_ln40, %sext_ln40_2" [extr_.FFmpeglibavfiltervf_spp.c_store_slice16_c_with_main.c:40]   --->   Operation 164 'add' 'add_ln40_1' <Predicate = true> <Delay = 2.36> <Core = "AddSub">   --->   Core 14 'AddSub' <Latency = 0> <II = 1> <Delay = 1.78> <FuncUnit> <Opcode : 'add' 'sub'> <InPorts = 2> <OutPorts = 1>
ST_7 : Operation 165 [1/1] (0.00ns)   --->   "%trunc_ln40_1 = call i27 @_ssdm_op_PartSelect.i27.i32.i32.i32(i32 %add_ln40_1, i32 5, i32 31)" [extr_.FFmpeglibavfiltervf_spp.c_store_slice16_c_with_main.c:40]   --->   Operation 165 'partselect' 'trunc_ln40_1' <Predicate = true> <Delay = 0.00>
ST_7 : Operation 166 [1/1] (0.00ns) (grouped into LUT with out node icmp_ln40)   --->   "%temp_9 = sext i27 %trunc_ln40_1 to i32" [extr_.FFmpeglibavfiltervf_spp.c_store_slice16_c_with_main.c:40]   --->   Operation 166 'sext' 'temp_9' <Predicate = true> <Delay = 0.00>
ST_7 : Operation 167 [1/1] (0.00ns) (grouped into LUT with out node icmp_ln40)   --->   "%and_ln40 = and i32 %mask, %temp_9" [extr_.FFmpeglibavfiltervf_spp.c_store_slice16_c_with_main.c:40]   --->   Operation 167 'and' 'and_ln40' <Predicate = true> <Delay = 0.00> <Core = "LogicGate">   --->   Core 27 'LogicGate' <Latency = 0> <II = 1> <Delay = 0.61> <FuncUnit> <Opcode : 'and' 'or' 'xor'> <InPorts = 2> <OutPorts = 1>
ST_7 : Operation 168 [1/1] (1.54ns) (out node of the LUT)   --->   "%icmp_ln40 = icmp eq i32 %and_ln40, 0" [extr_.FFmpeglibavfiltervf_spp.c_store_slice16_c_with_main.c:40]   --->   Operation 168 'icmp' 'icmp_ln40' <Predicate = true> <Delay = 1.54> <Core = "Cmp">   --->   Core 25 'Cmp' <Latency = 0> <II = 1> <Delay = 1.54> <FuncUnit> <Opcode : 'icmp'> <InPorts = 2> <OutPorts = 1>
ST_7 : Operation 169 [1/1] (0.00ns) (grouped into LUT with out node temp_11)   --->   "%tmp_15 = call i1 @_ssdm_op_BitSelect.i1.i32.i32(i32 %add_ln40_1, i32 31)" [extr_.FFmpeglibavfiltervf_spp.c_store_slice16_c_with_main.c:40]   --->   Operation 169 'bitselect' 'tmp_15' <Predicate = true> <Delay = 0.00>
ST_7 : Operation 170 [1/1] (0.00ns) (grouped into LUT with out node temp_11)   --->   "%temp_10 = xor i1 %tmp_15, true" [extr_.FFmpeglibavfiltervf_spp.c_store_slice16_c_with_main.c:40]   --->   Operation 170 'xor' 'temp_10' <Predicate = true> <Delay = 0.00> <Core = "LogicGate">   --->   Core 27 'LogicGate' <Latency = 0> <II = 1> <Delay = 0.61> <FuncUnit> <Opcode : 'and' 'or' 'xor'> <InPorts = 2> <OutPorts = 1>
ST_7 : Operation 171 [1/1] (0.00ns) (grouped into LUT with out node temp_11)   --->   "%select_ln40 = select i1 %temp_10, i27 -1, i27 0" [extr_.FFmpeglibavfiltervf_spp.c_store_slice16_c_with_main.c:40]   --->   Operation 171 'select' 'select_ln40' <Predicate = true> <Delay = 0.00> <Core = "Sel">   --->   Core 26 'Sel' <Latency = 0> <II = 1> <Delay = 0.59> <FuncUnit> <Opcode : 'select'> <InPorts = 3> <OutPorts = 1>
ST_7 : Operation 172 [1/1] (0.62ns) (out node of the LUT)   --->   "%temp_11 = select i1 %icmp_ln40, i27 %trunc_ln40_1, i27 %select_ln40" [extr_.FFmpeglibavfiltervf_spp.c_store_slice16_c_with_main.c:40]   --->   Operation 172 'select' 'temp_11' <Predicate = true> <Delay = 0.62> <Core = "Sel">   --->   Core 26 'Sel' <Latency = 0> <II = 1> <Delay = 0.59> <FuncUnit> <Opcode : 'select'> <InPorts = 3> <OutPorts = 1>
ST_7 : Operation 173 [1/1] (0.00ns)   --->   "%sext_ln40_4 = sext i27 %temp_11 to i32" [extr_.FFmpeglibavfiltervf_spp.c_store_slice16_c_with_main.c:40]   --->   Operation 173 'sext' 'sext_ln40_4' <Predicate = true> <Delay = 0.00>
ST_7 : Operation 174 [1/1] (1.78ns)   --->   "%add_ln40_2 = add i32 %or_ln40, %phi_mul1" [extr_.FFmpeglibavfiltervf_spp.c_store_slice16_c_with_main.c:40]   --->   Operation 174 'add' 'add_ln40_2' <Predicate = true> <Delay = 1.78> <Core = "AddSub">   --->   Core 14 'AddSub' <Latency = 0> <II = 1> <Delay = 1.78> <FuncUnit> <Opcode : 'add' 'sub'> <InPorts = 2> <OutPorts = 1>
ST_7 : Operation 175 [1/1] (0.00ns)   --->   "%sext_ln40_1 = sext i32 %add_ln40_2 to i64" [extr_.FFmpeglibavfiltervf_spp.c_store_slice16_c_with_main.c:40]   --->   Operation 175 'sext' 'sext_ln40_1' <Predicate = true> <Delay = 0.00>
ST_7 : Operation 176 [1/1] (0.00ns)   --->   "%dst_addr_3 = getelementptr [8 x i32]* %dst, i64 0, i64 %sext_ln40_1" [extr_.FFmpeglibavfiltervf_spp.c_store_slice16_c_with_main.c:40]   --->   Operation 176 'getelementptr' 'dst_addr_3' <Predicate = true> <Delay = 0.00>
ST_7 : Operation 177 [1/1] (1.42ns)   --->   "store i32 %sext_ln40_4, i32* %dst_addr_3, align 4" [extr_.FFmpeglibavfiltervf_spp.c_store_slice16_c_with_main.c:40]   --->   Operation 177 'store' <Predicate = true> <Delay = 1.42> <Core = "RAM">   --->   Core 37 'RAM' <Latency = 1> <II = 1> <Delay = 1.42> <Storage> <Opcode : 'load' 'store'> <Ports = 2> <Width = 32> <Depth = 8> <RAM>
ST_7 : Operation 178 [1/1] (0.00ns)   --->   "%or_ln41 = or i32 %x_0, 4" [extr_.FFmpeglibavfiltervf_spp.c_store_slice16_c_with_main.c:41]   --->   Operation 178 'or' 'or_ln41' <Predicate = true> <Delay = 0.00>
ST_7 : Operation 179 [1/1] (1.78ns)   --->   "%add_ln41 = add i32 %or_ln41, %phi_mul" [extr_.FFmpeglibavfiltervf_spp.c_store_slice16_c_with_main.c:41]   --->   Operation 179 'add' 'add_ln41' <Predicate = true> <Delay = 1.78> <Core = "AddSub">   --->   Core 14 'AddSub' <Latency = 0> <II = 1> <Delay = 1.78> <FuncUnit> <Opcode : 'add' 'sub'> <InPorts = 2> <OutPorts = 1>
ST_7 : Operation 180 [1/1] (0.00ns)   --->   "%sext_ln41 = sext i32 %add_ln41 to i64" [extr_.FFmpeglibavfiltervf_spp.c_store_slice16_c_with_main.c:41]   --->   Operation 180 'sext' 'sext_ln41' <Predicate = true> <Delay = 0.00>
ST_7 : Operation 181 [1/1] (0.00ns)   --->   "%src_addr_4 = getelementptr [8 x i32]* %src, i64 0, i64 %sext_ln41" [extr_.FFmpeglibavfiltervf_spp.c_store_slice16_c_with_main.c:41]   --->   Operation 181 'getelementptr' 'src_addr_4' <Predicate = true> <Delay = 0.00>
ST_7 : Operation 182 [2/2] (1.42ns)   --->   "%src_load_4 = load i32* %src_addr_4, align 4" [extr_.FFmpeglibavfiltervf_spp.c_store_slice16_c_with_main.c:41]   --->   Operation 182 'load' 'src_load_4' <Predicate = true> <Delay = 1.42> <Core = "RAM">   --->   Core 37 'RAM' <Latency = 1> <II = 1> <Delay = 1.42> <Storage> <Opcode : 'load' 'store'> <Ports = 2> <Width = 32> <Depth = 8> <RAM>
ST_7 : Operation 183 [2/2] (2.66ns)   --->   "%dither_load_3 = load i32* %dither_addr_3, align 4" [extr_.FFmpeglibavfiltervf_spp.c_store_slice16_c_with_main.c:41]   --->   Operation 183 'load' 'dither_load_3' <Predicate = true> <Delay = 2.66> <Core = "RAM">   --->   Core 37 'RAM' <Latency = 1> <II = 1> <Delay = 1.42> <Storage> <Opcode : 'load' 'store'> <Ports = 2> <Width = 32> <Depth = 8> <RAM>

State 8 <SV = 7> <Delay = 8.61>
ST_8 : Operation 184 [1/2] (1.42ns)   --->   "%src_load_4 = load i32* %src_addr_4, align 4" [extr_.FFmpeglibavfiltervf_spp.c_store_slice16_c_with_main.c:41]   --->   Operation 184 'load' 'src_load_4' <Predicate = true> <Delay = 1.42> <Core = "RAM">   --->   Core 37 'RAM' <Latency = 1> <II = 1> <Delay = 1.42> <Storage> <Opcode : 'load' 'store'> <Ports = 2> <Width = 32> <Depth = 8> <RAM>
ST_8 : Operation 185 [1/1] (0.00ns) (grouped into LUT with out node add_ln41_1)   --->   "%shl_ln41 = shl i32 %src_load_4, %log2_scale_read" [extr_.FFmpeglibavfiltervf_spp.c_store_slice16_c_with_main.c:41]   --->   Operation 185 'shl' 'shl_ln41' <Predicate = true> <Delay = 0.00> <Core = "Shift">   --->   Core 28 'Shift' <Latency = 0> <II = 1> <Delay = 2.36> <FuncUnit> <Opcode : 'shl' 'lshr' 'ashr'> <InPorts = 2> <OutPorts = 1>
ST_8 : Operation 186 [1/2] (2.66ns)   --->   "%dither_load_3 = load i32* %dither_addr_3, align 4" [extr_.FFmpeglibavfiltervf_spp.c_store_slice16_c_with_main.c:41]   --->   Operation 186 'load' 'dither_load_3' <Predicate = true> <Delay = 2.66> <Core = "RAM">   --->   Core 37 'RAM' <Latency = 1> <II = 1> <Delay = 1.42> <Storage> <Opcode : 'load' 'store'> <Ports = 2> <Width = 32> <Depth = 8> <RAM>
ST_8 : Operation 187 [1/1] (0.00ns) (grouped into LUT with out node add_ln41_1)   --->   "%trunc_ln4 = call i31 @_ssdm_op_PartSelect.i31.i32.i32.i32(i32 %dither_load_3, i32 1, i32 31)" [extr_.FFmpeglibavfiltervf_spp.c_store_slice16_c_with_main.c:41]   --->   Operation 187 'partselect' 'trunc_ln4' <Predicate = true> <Delay = 0.00>
ST_8 : Operation 188 [1/1] (0.00ns) (grouped into LUT with out node add_ln41_1)   --->   "%sext_ln41_2 = sext i31 %trunc_ln4 to i32" [extr_.FFmpeglibavfiltervf_spp.c_store_slice16_c_with_main.c:41]   --->   Operation 188 'sext' 'sext_ln41_2' <Predicate = true> <Delay = 0.00>
ST_8 : Operation 189 [1/1] (2.36ns) (out node of the LUT)   --->   "%add_ln41_1 = add nsw i32 %shl_ln41, %sext_ln41_2" [extr_.FFmpeglibavfiltervf_spp.c_store_slice16_c_with_main.c:41]   --->   Operation 189 'add' 'add_ln41_1' <Predicate = true> <Delay = 2.36> <Core = "AddSub">   --->   Core 14 'AddSub' <Latency = 0> <II = 1> <Delay = 1.78> <FuncUnit> <Opcode : 'add' 'sub'> <InPorts = 2> <OutPorts = 1>
ST_8 : Operation 190 [1/1] (0.00ns)   --->   "%trunc_ln41_1 = call i27 @_ssdm_op_PartSelect.i27.i32.i32.i32(i32 %add_ln41_1, i32 5, i32 31)" [extr_.FFmpeglibavfiltervf_spp.c_store_slice16_c_with_main.c:41]   --->   Operation 190 'partselect' 'trunc_ln41_1' <Predicate = true> <Delay = 0.00>
ST_8 : Operation 191 [1/1] (0.00ns) (grouped into LUT with out node icmp_ln41)   --->   "%temp_12 = sext i27 %trunc_ln41_1 to i32" [extr_.FFmpeglibavfiltervf_spp.c_store_slice16_c_with_main.c:41]   --->   Operation 191 'sext' 'temp_12' <Predicate = true> <Delay = 0.00>
ST_8 : Operation 192 [1/1] (0.00ns) (grouped into LUT with out node icmp_ln41)   --->   "%and_ln41 = and i32 %mask, %temp_12" [extr_.FFmpeglibavfiltervf_spp.c_store_slice16_c_with_main.c:41]   --->   Operation 192 'and' 'and_ln41' <Predicate = true> <Delay = 0.00> <Core = "LogicGate">   --->   Core 27 'LogicGate' <Latency = 0> <II = 1> <Delay = 0.61> <FuncUnit> <Opcode : 'and' 'or' 'xor'> <InPorts = 2> <OutPorts = 1>
ST_8 : Operation 193 [1/1] (1.54ns) (out node of the LUT)   --->   "%icmp_ln41 = icmp eq i32 %and_ln41, 0" [extr_.FFmpeglibavfiltervf_spp.c_store_slice16_c_with_main.c:41]   --->   Operation 193 'icmp' 'icmp_ln41' <Predicate = true> <Delay = 1.54> <Core = "Cmp">   --->   Core 25 'Cmp' <Latency = 0> <II = 1> <Delay = 1.54> <FuncUnit> <Opcode : 'icmp'> <InPorts = 2> <OutPorts = 1>
ST_8 : Operation 194 [1/1] (0.00ns) (grouped into LUT with out node temp_14)   --->   "%tmp_16 = call i1 @_ssdm_op_BitSelect.i1.i32.i32(i32 %add_ln41_1, i32 31)" [extr_.FFmpeglibavfiltervf_spp.c_store_slice16_c_with_main.c:41]   --->   Operation 194 'bitselect' 'tmp_16' <Predicate = true> <Delay = 0.00>
ST_8 : Operation 195 [1/1] (0.00ns) (grouped into LUT with out node temp_14)   --->   "%temp_13 = xor i1 %tmp_16, true" [extr_.FFmpeglibavfiltervf_spp.c_store_slice16_c_with_main.c:41]   --->   Operation 195 'xor' 'temp_13' <Predicate = true> <Delay = 0.00> <Core = "LogicGate">   --->   Core 27 'LogicGate' <Latency = 0> <II = 1> <Delay = 0.61> <FuncUnit> <Opcode : 'and' 'or' 'xor'> <InPorts = 2> <OutPorts = 1>
ST_8 : Operation 196 [1/1] (0.00ns) (grouped into LUT with out node temp_14)   --->   "%select_ln41 = select i1 %temp_13, i27 -1, i27 0" [extr_.FFmpeglibavfiltervf_spp.c_store_slice16_c_with_main.c:41]   --->   Operation 196 'select' 'select_ln41' <Predicate = true> <Delay = 0.00> <Core = "Sel">   --->   Core 26 'Sel' <Latency = 0> <II = 1> <Delay = 0.59> <FuncUnit> <Opcode : 'select'> <InPorts = 3> <OutPorts = 1>
ST_8 : Operation 197 [1/1] (0.62ns) (out node of the LUT)   --->   "%temp_14 = select i1 %icmp_ln41, i27 %trunc_ln41_1, i27 %select_ln41" [extr_.FFmpeglibavfiltervf_spp.c_store_slice16_c_with_main.c:41]   --->   Operation 197 'select' 'temp_14' <Predicate = true> <Delay = 0.62> <Core = "Sel">   --->   Core 26 'Sel' <Latency = 0> <II = 1> <Delay = 0.59> <FuncUnit> <Opcode : 'select'> <InPorts = 3> <OutPorts = 1>
ST_8 : Operation 198 [1/1] (0.00ns)   --->   "%sext_ln41_4 = sext i27 %temp_14 to i32" [extr_.FFmpeglibavfiltervf_spp.c_store_slice16_c_with_main.c:41]   --->   Operation 198 'sext' 'sext_ln41_4' <Predicate = true> <Delay = 0.00>
ST_8 : Operation 199 [1/1] (1.78ns)   --->   "%add_ln41_2 = add i32 %or_ln41, %phi_mul1" [extr_.FFmpeglibavfiltervf_spp.c_store_slice16_c_with_main.c:41]   --->   Operation 199 'add' 'add_ln41_2' <Predicate = true> <Delay = 1.78> <Core = "AddSub">   --->   Core 14 'AddSub' <Latency = 0> <II = 1> <Delay = 1.78> <FuncUnit> <Opcode : 'add' 'sub'> <InPorts = 2> <OutPorts = 1>
ST_8 : Operation 200 [1/1] (0.00ns)   --->   "%sext_ln41_1 = sext i32 %add_ln41_2 to i64" [extr_.FFmpeglibavfiltervf_spp.c_store_slice16_c_with_main.c:41]   --->   Operation 200 'sext' 'sext_ln41_1' <Predicate = true> <Delay = 0.00>
ST_8 : Operation 201 [1/1] (0.00ns)   --->   "%dst_addr_4 = getelementptr [8 x i32]* %dst, i64 0, i64 %sext_ln41_1" [extr_.FFmpeglibavfiltervf_spp.c_store_slice16_c_with_main.c:41]   --->   Operation 201 'getelementptr' 'dst_addr_4' <Predicate = true> <Delay = 0.00>
ST_8 : Operation 202 [1/1] (1.42ns)   --->   "store i32 %sext_ln41_4, i32* %dst_addr_4, align 4" [extr_.FFmpeglibavfiltervf_spp.c_store_slice16_c_with_main.c:41]   --->   Operation 202 'store' <Predicate = true> <Delay = 1.42> <Core = "RAM">   --->   Core 37 'RAM' <Latency = 1> <II = 1> <Delay = 1.42> <Storage> <Opcode : 'load' 'store'> <Ports = 2> <Width = 32> <Depth = 8> <RAM>
ST_8 : Operation 203 [1/1] (0.00ns)   --->   "%or_ln42 = or i32 %x_0, 5" [extr_.FFmpeglibavfiltervf_spp.c_store_slice16_c_with_main.c:42]   --->   Operation 203 'or' 'or_ln42' <Predicate = true> <Delay = 0.00>
ST_8 : Operation 204 [1/1] (1.78ns)   --->   "%add_ln42 = add i32 %or_ln42, %phi_mul" [extr_.FFmpeglibavfiltervf_spp.c_store_slice16_c_with_main.c:42]   --->   Operation 204 'add' 'add_ln42' <Predicate = true> <Delay = 1.78> <Core = "AddSub">   --->   Core 14 'AddSub' <Latency = 0> <II = 1> <Delay = 1.78> <FuncUnit> <Opcode : 'add' 'sub'> <InPorts = 2> <OutPorts = 1>
ST_8 : Operation 205 [1/1] (0.00ns)   --->   "%sext_ln42 = sext i32 %add_ln42 to i64" [extr_.FFmpeglibavfiltervf_spp.c_store_slice16_c_with_main.c:42]   --->   Operation 205 'sext' 'sext_ln42' <Predicate = true> <Delay = 0.00>
ST_8 : Operation 206 [1/1] (0.00ns)   --->   "%src_addr_5 = getelementptr [8 x i32]* %src, i64 0, i64 %sext_ln42" [extr_.FFmpeglibavfiltervf_spp.c_store_slice16_c_with_main.c:42]   --->   Operation 206 'getelementptr' 'src_addr_5' <Predicate = true> <Delay = 0.00>
ST_8 : Operation 207 [2/2] (1.42ns)   --->   "%src_load_5 = load i32* %src_addr_5, align 4" [extr_.FFmpeglibavfiltervf_spp.c_store_slice16_c_with_main.c:42]   --->   Operation 207 'load' 'src_load_5' <Predicate = true> <Delay = 1.42> <Core = "RAM">   --->   Core 37 'RAM' <Latency = 1> <II = 1> <Delay = 1.42> <Storage> <Opcode : 'load' 'store'> <Ports = 2> <Width = 32> <Depth = 8> <RAM>
ST_8 : Operation 208 [2/2] (2.66ns)   --->   "%dither_load_4 = load i32* %dither_addr_4, align 4" [extr_.FFmpeglibavfiltervf_spp.c_store_slice16_c_with_main.c:42]   --->   Operation 208 'load' 'dither_load_4' <Predicate = true> <Delay = 2.66> <Core = "RAM">   --->   Core 37 'RAM' <Latency = 1> <II = 1> <Delay = 1.42> <Storage> <Opcode : 'load' 'store'> <Ports = 2> <Width = 32> <Depth = 8> <RAM>

State 9 <SV = 8> <Delay = 8.61>
ST_9 : Operation 209 [1/2] (1.42ns)   --->   "%src_load_5 = load i32* %src_addr_5, align 4" [extr_.FFmpeglibavfiltervf_spp.c_store_slice16_c_with_main.c:42]   --->   Operation 209 'load' 'src_load_5' <Predicate = true> <Delay = 1.42> <Core = "RAM">   --->   Core 37 'RAM' <Latency = 1> <II = 1> <Delay = 1.42> <Storage> <Opcode : 'load' 'store'> <Ports = 2> <Width = 32> <Depth = 8> <RAM>
ST_9 : Operation 210 [1/1] (0.00ns) (grouped into LUT with out node add_ln42_1)   --->   "%shl_ln42 = shl i32 %src_load_5, %log2_scale_read" [extr_.FFmpeglibavfiltervf_spp.c_store_slice16_c_with_main.c:42]   --->   Operation 210 'shl' 'shl_ln42' <Predicate = true> <Delay = 0.00> <Core = "Shift">   --->   Core 28 'Shift' <Latency = 0> <II = 1> <Delay = 2.36> <FuncUnit> <Opcode : 'shl' 'lshr' 'ashr'> <InPorts = 2> <OutPorts = 1>
ST_9 : Operation 211 [1/2] (2.66ns)   --->   "%dither_load_4 = load i32* %dither_addr_4, align 4" [extr_.FFmpeglibavfiltervf_spp.c_store_slice16_c_with_main.c:42]   --->   Operation 211 'load' 'dither_load_4' <Predicate = true> <Delay = 2.66> <Core = "RAM">   --->   Core 37 'RAM' <Latency = 1> <II = 1> <Delay = 1.42> <Storage> <Opcode : 'load' 'store'> <Ports = 2> <Width = 32> <Depth = 8> <RAM>
ST_9 : Operation 212 [1/1] (0.00ns) (grouped into LUT with out node add_ln42_1)   --->   "%trunc_ln5 = call i31 @_ssdm_op_PartSelect.i31.i32.i32.i32(i32 %dither_load_4, i32 1, i32 31)" [extr_.FFmpeglibavfiltervf_spp.c_store_slice16_c_with_main.c:42]   --->   Operation 212 'partselect' 'trunc_ln5' <Predicate = true> <Delay = 0.00>
ST_9 : Operation 213 [1/1] (0.00ns) (grouped into LUT with out node add_ln42_1)   --->   "%sext_ln42_2 = sext i31 %trunc_ln5 to i32" [extr_.FFmpeglibavfiltervf_spp.c_store_slice16_c_with_main.c:42]   --->   Operation 213 'sext' 'sext_ln42_2' <Predicate = true> <Delay = 0.00>
ST_9 : Operation 214 [1/1] (2.36ns) (out node of the LUT)   --->   "%add_ln42_1 = add nsw i32 %shl_ln42, %sext_ln42_2" [extr_.FFmpeglibavfiltervf_spp.c_store_slice16_c_with_main.c:42]   --->   Operation 214 'add' 'add_ln42_1' <Predicate = true> <Delay = 2.36> <Core = "AddSub">   --->   Core 14 'AddSub' <Latency = 0> <II = 1> <Delay = 1.78> <FuncUnit> <Opcode : 'add' 'sub'> <InPorts = 2> <OutPorts = 1>
ST_9 : Operation 215 [1/1] (0.00ns)   --->   "%trunc_ln42_1 = call i27 @_ssdm_op_PartSelect.i27.i32.i32.i32(i32 %add_ln42_1, i32 5, i32 31)" [extr_.FFmpeglibavfiltervf_spp.c_store_slice16_c_with_main.c:42]   --->   Operation 215 'partselect' 'trunc_ln42_1' <Predicate = true> <Delay = 0.00>
ST_9 : Operation 216 [1/1] (0.00ns) (grouped into LUT with out node icmp_ln42)   --->   "%temp_15 = sext i27 %trunc_ln42_1 to i32" [extr_.FFmpeglibavfiltervf_spp.c_store_slice16_c_with_main.c:42]   --->   Operation 216 'sext' 'temp_15' <Predicate = true> <Delay = 0.00>
ST_9 : Operation 217 [1/1] (0.00ns) (grouped into LUT with out node icmp_ln42)   --->   "%and_ln42 = and i32 %mask, %temp_15" [extr_.FFmpeglibavfiltervf_spp.c_store_slice16_c_with_main.c:42]   --->   Operation 217 'and' 'and_ln42' <Predicate = true> <Delay = 0.00> <Core = "LogicGate">   --->   Core 27 'LogicGate' <Latency = 0> <II = 1> <Delay = 0.61> <FuncUnit> <Opcode : 'and' 'or' 'xor'> <InPorts = 2> <OutPorts = 1>
ST_9 : Operation 218 [1/1] (1.54ns) (out node of the LUT)   --->   "%icmp_ln42 = icmp eq i32 %and_ln42, 0" [extr_.FFmpeglibavfiltervf_spp.c_store_slice16_c_with_main.c:42]   --->   Operation 218 'icmp' 'icmp_ln42' <Predicate = true> <Delay = 1.54> <Core = "Cmp">   --->   Core 25 'Cmp' <Latency = 0> <II = 1> <Delay = 1.54> <FuncUnit> <Opcode : 'icmp'> <InPorts = 2> <OutPorts = 1>
ST_9 : Operation 219 [1/1] (0.00ns) (grouped into LUT with out node temp_17)   --->   "%tmp_17 = call i1 @_ssdm_op_BitSelect.i1.i32.i32(i32 %add_ln42_1, i32 31)" [extr_.FFmpeglibavfiltervf_spp.c_store_slice16_c_with_main.c:42]   --->   Operation 219 'bitselect' 'tmp_17' <Predicate = true> <Delay = 0.00>
ST_9 : Operation 220 [1/1] (0.00ns) (grouped into LUT with out node temp_17)   --->   "%temp_16 = xor i1 %tmp_17, true" [extr_.FFmpeglibavfiltervf_spp.c_store_slice16_c_with_main.c:42]   --->   Operation 220 'xor' 'temp_16' <Predicate = true> <Delay = 0.00> <Core = "LogicGate">   --->   Core 27 'LogicGate' <Latency = 0> <II = 1> <Delay = 0.61> <FuncUnit> <Opcode : 'and' 'or' 'xor'> <InPorts = 2> <OutPorts = 1>
ST_9 : Operation 221 [1/1] (0.00ns) (grouped into LUT with out node temp_17)   --->   "%select_ln42 = select i1 %temp_16, i27 -1, i27 0" [extr_.FFmpeglibavfiltervf_spp.c_store_slice16_c_with_main.c:42]   --->   Operation 221 'select' 'select_ln42' <Predicate = true> <Delay = 0.00> <Core = "Sel">   --->   Core 26 'Sel' <Latency = 0> <II = 1> <Delay = 0.59> <FuncUnit> <Opcode : 'select'> <InPorts = 3> <OutPorts = 1>
ST_9 : Operation 222 [1/1] (0.62ns) (out node of the LUT)   --->   "%temp_17 = select i1 %icmp_ln42, i27 %trunc_ln42_1, i27 %select_ln42" [extr_.FFmpeglibavfiltervf_spp.c_store_slice16_c_with_main.c:42]   --->   Operation 222 'select' 'temp_17' <Predicate = true> <Delay = 0.62> <Core = "Sel">   --->   Core 26 'Sel' <Latency = 0> <II = 1> <Delay = 0.59> <FuncUnit> <Opcode : 'select'> <InPorts = 3> <OutPorts = 1>
ST_9 : Operation 223 [1/1] (0.00ns)   --->   "%sext_ln42_4 = sext i27 %temp_17 to i32" [extr_.FFmpeglibavfiltervf_spp.c_store_slice16_c_with_main.c:42]   --->   Operation 223 'sext' 'sext_ln42_4' <Predicate = true> <Delay = 0.00>
ST_9 : Operation 224 [1/1] (1.78ns)   --->   "%add_ln42_2 = add i32 %or_ln42, %phi_mul1" [extr_.FFmpeglibavfiltervf_spp.c_store_slice16_c_with_main.c:42]   --->   Operation 224 'add' 'add_ln42_2' <Predicate = true> <Delay = 1.78> <Core = "AddSub">   --->   Core 14 'AddSub' <Latency = 0> <II = 1> <Delay = 1.78> <FuncUnit> <Opcode : 'add' 'sub'> <InPorts = 2> <OutPorts = 1>
ST_9 : Operation 225 [1/1] (0.00ns)   --->   "%sext_ln42_1 = sext i32 %add_ln42_2 to i64" [extr_.FFmpeglibavfiltervf_spp.c_store_slice16_c_with_main.c:42]   --->   Operation 225 'sext' 'sext_ln42_1' <Predicate = true> <Delay = 0.00>
ST_9 : Operation 226 [1/1] (0.00ns)   --->   "%dst_addr_5 = getelementptr [8 x i32]* %dst, i64 0, i64 %sext_ln42_1" [extr_.FFmpeglibavfiltervf_spp.c_store_slice16_c_with_main.c:42]   --->   Operation 226 'getelementptr' 'dst_addr_5' <Predicate = true> <Delay = 0.00>
ST_9 : Operation 227 [1/1] (1.42ns)   --->   "store i32 %sext_ln42_4, i32* %dst_addr_5, align 4" [extr_.FFmpeglibavfiltervf_spp.c_store_slice16_c_with_main.c:42]   --->   Operation 227 'store' <Predicate = true> <Delay = 1.42> <Core = "RAM">   --->   Core 37 'RAM' <Latency = 1> <II = 1> <Delay = 1.42> <Storage> <Opcode : 'load' 'store'> <Ports = 2> <Width = 32> <Depth = 8> <RAM>
ST_9 : Operation 228 [1/1] (0.00ns)   --->   "%or_ln43 = or i32 %x_0, 6" [extr_.FFmpeglibavfiltervf_spp.c_store_slice16_c_with_main.c:43]   --->   Operation 228 'or' 'or_ln43' <Predicate = true> <Delay = 0.00>
ST_9 : Operation 229 [1/1] (1.78ns)   --->   "%add_ln43 = add i32 %or_ln43, %phi_mul" [extr_.FFmpeglibavfiltervf_spp.c_store_slice16_c_with_main.c:43]   --->   Operation 229 'add' 'add_ln43' <Predicate = true> <Delay = 1.78> <Core = "AddSub">   --->   Core 14 'AddSub' <Latency = 0> <II = 1> <Delay = 1.78> <FuncUnit> <Opcode : 'add' 'sub'> <InPorts = 2> <OutPorts = 1>
ST_9 : Operation 230 [1/1] (0.00ns)   --->   "%sext_ln43 = sext i32 %add_ln43 to i64" [extr_.FFmpeglibavfiltervf_spp.c_store_slice16_c_with_main.c:43]   --->   Operation 230 'sext' 'sext_ln43' <Predicate = true> <Delay = 0.00>
ST_9 : Operation 231 [1/1] (0.00ns)   --->   "%src_addr_6 = getelementptr [8 x i32]* %src, i64 0, i64 %sext_ln43" [extr_.FFmpeglibavfiltervf_spp.c_store_slice16_c_with_main.c:43]   --->   Operation 231 'getelementptr' 'src_addr_6' <Predicate = true> <Delay = 0.00>
ST_9 : Operation 232 [2/2] (1.42ns)   --->   "%src_load_6 = load i32* %src_addr_6, align 4" [extr_.FFmpeglibavfiltervf_spp.c_store_slice16_c_with_main.c:43]   --->   Operation 232 'load' 'src_load_6' <Predicate = true> <Delay = 1.42> <Core = "RAM">   --->   Core 37 'RAM' <Latency = 1> <II = 1> <Delay = 1.42> <Storage> <Opcode : 'load' 'store'> <Ports = 2> <Width = 32> <Depth = 8> <RAM>
ST_9 : Operation 233 [2/2] (2.66ns)   --->   "%dither_load_5 = load i32* %dither_addr_5, align 4" [extr_.FFmpeglibavfiltervf_spp.c_store_slice16_c_with_main.c:43]   --->   Operation 233 'load' 'dither_load_5' <Predicate = true> <Delay = 2.66> <Core = "RAM">   --->   Core 37 'RAM' <Latency = 1> <II = 1> <Delay = 1.42> <Storage> <Opcode : 'load' 'store'> <Ports = 2> <Width = 32> <Depth = 8> <RAM>
ST_9 : Operation 234 [1/1] (1.78ns)   --->   "%add_ln43_2 = add i32 %or_ln43, %phi_mul1" [extr_.FFmpeglibavfiltervf_spp.c_store_slice16_c_with_main.c:43]   --->   Operation 234 'add' 'add_ln43_2' <Predicate = true> <Delay = 1.78> <Core = "AddSub">   --->   Core 14 'AddSub' <Latency = 0> <II = 1> <Delay = 1.78> <FuncUnit> <Opcode : 'add' 'sub'> <InPorts = 2> <OutPorts = 1>
ST_9 : Operation 235 [1/1] (0.00ns)   --->   "%or_ln44 = or i32 %x_0, 7" [extr_.FFmpeglibavfiltervf_spp.c_store_slice16_c_with_main.c:44]   --->   Operation 235 'or' 'or_ln44' <Predicate = true> <Delay = 0.00>
ST_9 : Operation 236 [1/1] (1.78ns)   --->   "%add_ln44 = add i32 %or_ln44, %phi_mul" [extr_.FFmpeglibavfiltervf_spp.c_store_slice16_c_with_main.c:44]   --->   Operation 236 'add' 'add_ln44' <Predicate = true> <Delay = 1.78> <Core = "AddSub">   --->   Core 14 'AddSub' <Latency = 0> <II = 1> <Delay = 1.78> <FuncUnit> <Opcode : 'add' 'sub'> <InPorts = 2> <OutPorts = 1>
ST_9 : Operation 237 [1/1] (0.00ns)   --->   "%sext_ln44 = sext i32 %add_ln44 to i64" [extr_.FFmpeglibavfiltervf_spp.c_store_slice16_c_with_main.c:44]   --->   Operation 237 'sext' 'sext_ln44' <Predicate = true> <Delay = 0.00>
ST_9 : Operation 238 [1/1] (0.00ns)   --->   "%src_addr_7 = getelementptr [8 x i32]* %src, i64 0, i64 %sext_ln44" [extr_.FFmpeglibavfiltervf_spp.c_store_slice16_c_with_main.c:44]   --->   Operation 238 'getelementptr' 'src_addr_7' <Predicate = true> <Delay = 0.00>
ST_9 : Operation 239 [2/2] (1.42ns)   --->   "%src_load_7 = load i32* %src_addr_7, align 4" [extr_.FFmpeglibavfiltervf_spp.c_store_slice16_c_with_main.c:44]   --->   Operation 239 'load' 'src_load_7' <Predicate = true> <Delay = 1.42> <Core = "RAM">   --->   Core 37 'RAM' <Latency = 1> <II = 1> <Delay = 1.42> <Storage> <Opcode : 'load' 'store'> <Ports = 2> <Width = 32> <Depth = 8> <RAM>
ST_9 : Operation 240 [2/2] (2.66ns)   --->   "%dither_load_6 = load i32* %dither_addr_6, align 4" [extr_.FFmpeglibavfiltervf_spp.c_store_slice16_c_with_main.c:44]   --->   Operation 240 'load' 'dither_load_6' <Predicate = true> <Delay = 2.66> <Core = "RAM">   --->   Core 37 'RAM' <Latency = 1> <II = 1> <Delay = 1.42> <Storage> <Opcode : 'load' 'store'> <Ports = 2> <Width = 32> <Depth = 8> <RAM>
ST_9 : Operation 241 [1/1] (1.78ns)   --->   "%add_ln44_2 = add i32 %or_ln44, %phi_mul1" [extr_.FFmpeglibavfiltervf_spp.c_store_slice16_c_with_main.c:44]   --->   Operation 241 'add' 'add_ln44_2' <Predicate = true> <Delay = 1.78> <Core = "AddSub">   --->   Core 14 'AddSub' <Latency = 0> <II = 1> <Delay = 1.78> <FuncUnit> <Opcode : 'add' 'sub'> <InPorts = 2> <OutPorts = 1>
ST_9 : Operation 242 [1/1] (1.78ns)   --->   "%x = add nsw i32 8, %x_0" [extr_.FFmpeglibavfiltervf_spp.c_store_slice16_c_with_main.c:35]   --->   Operation 242 'add' 'x' <Predicate = true> <Delay = 1.78> <Core = "AddSub">   --->   Core 14 'AddSub' <Latency = 0> <II = 1> <Delay = 1.78> <FuncUnit> <Opcode : 'add' 'sub'> <InPorts = 2> <OutPorts = 1>

State 10 <SV = 9> <Delay = 8.61>
ST_10 : Operation 243 [1/2] (1.42ns)   --->   "%src_load_6 = load i32* %src_addr_6, align 4" [extr_.FFmpeglibavfiltervf_spp.c_store_slice16_c_with_main.c:43]   --->   Operation 243 'load' 'src_load_6' <Predicate = true> <Delay = 1.42> <Core = "RAM">   --->   Core 37 'RAM' <Latency = 1> <II = 1> <Delay = 1.42> <Storage> <Opcode : 'load' 'store'> <Ports = 2> <Width = 32> <Depth = 8> <RAM>
ST_10 : Operation 244 [1/1] (0.00ns) (grouped into LUT with out node add_ln43_1)   --->   "%shl_ln43 = shl i32 %src_load_6, %log2_scale_read" [extr_.FFmpeglibavfiltervf_spp.c_store_slice16_c_with_main.c:43]   --->   Operation 244 'shl' 'shl_ln43' <Predicate = true> <Delay = 0.00> <Core = "Shift">   --->   Core 28 'Shift' <Latency = 0> <II = 1> <Delay = 2.36> <FuncUnit> <Opcode : 'shl' 'lshr' 'ashr'> <InPorts = 2> <OutPorts = 1>
ST_10 : Operation 245 [1/2] (2.66ns)   --->   "%dither_load_5 = load i32* %dither_addr_5, align 4" [extr_.FFmpeglibavfiltervf_spp.c_store_slice16_c_with_main.c:43]   --->   Operation 245 'load' 'dither_load_5' <Predicate = true> <Delay = 2.66> <Core = "RAM">   --->   Core 37 'RAM' <Latency = 1> <II = 1> <Delay = 1.42> <Storage> <Opcode : 'load' 'store'> <Ports = 2> <Width = 32> <Depth = 8> <RAM>
ST_10 : Operation 246 [1/1] (0.00ns) (grouped into LUT with out node add_ln43_1)   --->   "%trunc_ln6 = call i31 @_ssdm_op_PartSelect.i31.i32.i32.i32(i32 %dither_load_5, i32 1, i32 31)" [extr_.FFmpeglibavfiltervf_spp.c_store_slice16_c_with_main.c:43]   --->   Operation 246 'partselect' 'trunc_ln6' <Predicate = true> <Delay = 0.00>
ST_10 : Operation 247 [1/1] (0.00ns) (grouped into LUT with out node add_ln43_1)   --->   "%sext_ln43_2 = sext i31 %trunc_ln6 to i32" [extr_.FFmpeglibavfiltervf_spp.c_store_slice16_c_with_main.c:43]   --->   Operation 247 'sext' 'sext_ln43_2' <Predicate = true> <Delay = 0.00>
ST_10 : Operation 248 [1/1] (2.36ns) (out node of the LUT)   --->   "%add_ln43_1 = add nsw i32 %shl_ln43, %sext_ln43_2" [extr_.FFmpeglibavfiltervf_spp.c_store_slice16_c_with_main.c:43]   --->   Operation 248 'add' 'add_ln43_1' <Predicate = true> <Delay = 2.36> <Core = "AddSub">   --->   Core 14 'AddSub' <Latency = 0> <II = 1> <Delay = 1.78> <FuncUnit> <Opcode : 'add' 'sub'> <InPorts = 2> <OutPorts = 1>
ST_10 : Operation 249 [1/1] (0.00ns)   --->   "%trunc_ln43_1 = call i27 @_ssdm_op_PartSelect.i27.i32.i32.i32(i32 %add_ln43_1, i32 5, i32 31)" [extr_.FFmpeglibavfiltervf_spp.c_store_slice16_c_with_main.c:43]   --->   Operation 249 'partselect' 'trunc_ln43_1' <Predicate = true> <Delay = 0.00>
ST_10 : Operation 250 [1/1] (0.00ns) (grouped into LUT with out node icmp_ln43)   --->   "%temp_18 = sext i27 %trunc_ln43_1 to i32" [extr_.FFmpeglibavfiltervf_spp.c_store_slice16_c_with_main.c:43]   --->   Operation 250 'sext' 'temp_18' <Predicate = true> <Delay = 0.00>
ST_10 : Operation 251 [1/1] (0.00ns) (grouped into LUT with out node icmp_ln43)   --->   "%and_ln43 = and i32 %mask, %temp_18" [extr_.FFmpeglibavfiltervf_spp.c_store_slice16_c_with_main.c:43]   --->   Operation 251 'and' 'and_ln43' <Predicate = true> <Delay = 0.00> <Core = "LogicGate">   --->   Core 27 'LogicGate' <Latency = 0> <II = 1> <Delay = 0.61> <FuncUnit> <Opcode : 'and' 'or' 'xor'> <InPorts = 2> <OutPorts = 1>
ST_10 : Operation 252 [1/1] (1.54ns) (out node of the LUT)   --->   "%icmp_ln43 = icmp eq i32 %and_ln43, 0" [extr_.FFmpeglibavfiltervf_spp.c_store_slice16_c_with_main.c:43]   --->   Operation 252 'icmp' 'icmp_ln43' <Predicate = true> <Delay = 1.54> <Core = "Cmp">   --->   Core 25 'Cmp' <Latency = 0> <II = 1> <Delay = 1.54> <FuncUnit> <Opcode : 'icmp'> <InPorts = 2> <OutPorts = 1>
ST_10 : Operation 253 [1/1] (0.00ns) (grouped into LUT with out node temp_20)   --->   "%tmp_18 = call i1 @_ssdm_op_BitSelect.i1.i32.i32(i32 %add_ln43_1, i32 31)" [extr_.FFmpeglibavfiltervf_spp.c_store_slice16_c_with_main.c:43]   --->   Operation 253 'bitselect' 'tmp_18' <Predicate = true> <Delay = 0.00>
ST_10 : Operation 254 [1/1] (0.00ns) (grouped into LUT with out node temp_20)   --->   "%temp_19 = xor i1 %tmp_18, true" [extr_.FFmpeglibavfiltervf_spp.c_store_slice16_c_with_main.c:43]   --->   Operation 254 'xor' 'temp_19' <Predicate = true> <Delay = 0.00> <Core = "LogicGate">   --->   Core 27 'LogicGate' <Latency = 0> <II = 1> <Delay = 0.61> <FuncUnit> <Opcode : 'and' 'or' 'xor'> <InPorts = 2> <OutPorts = 1>
ST_10 : Operation 255 [1/1] (0.00ns) (grouped into LUT with out node temp_20)   --->   "%select_ln43 = select i1 %temp_19, i27 -1, i27 0" [extr_.FFmpeglibavfiltervf_spp.c_store_slice16_c_with_main.c:43]   --->   Operation 255 'select' 'select_ln43' <Predicate = true> <Delay = 0.00> <Core = "Sel">   --->   Core 26 'Sel' <Latency = 0> <II = 1> <Delay = 0.59> <FuncUnit> <Opcode : 'select'> <InPorts = 3> <OutPorts = 1>
ST_10 : Operation 256 [1/1] (0.62ns) (out node of the LUT)   --->   "%temp_20 = select i1 %icmp_ln43, i27 %trunc_ln43_1, i27 %select_ln43" [extr_.FFmpeglibavfiltervf_spp.c_store_slice16_c_with_main.c:43]   --->   Operation 256 'select' 'temp_20' <Predicate = true> <Delay = 0.62> <Core = "Sel">   --->   Core 26 'Sel' <Latency = 0> <II = 1> <Delay = 0.59> <FuncUnit> <Opcode : 'select'> <InPorts = 3> <OutPorts = 1>
ST_10 : Operation 257 [1/1] (0.00ns)   --->   "%sext_ln43_4 = sext i27 %temp_20 to i32" [extr_.FFmpeglibavfiltervf_spp.c_store_slice16_c_with_main.c:43]   --->   Operation 257 'sext' 'sext_ln43_4' <Predicate = true> <Delay = 0.00>
ST_10 : Operation 258 [1/1] (0.00ns)   --->   "%sext_ln43_1 = sext i32 %add_ln43_2 to i64" [extr_.FFmpeglibavfiltervf_spp.c_store_slice16_c_with_main.c:43]   --->   Operation 258 'sext' 'sext_ln43_1' <Predicate = true> <Delay = 0.00>
ST_10 : Operation 259 [1/1] (0.00ns)   --->   "%dst_addr_6 = getelementptr [8 x i32]* %dst, i64 0, i64 %sext_ln43_1" [extr_.FFmpeglibavfiltervf_spp.c_store_slice16_c_with_main.c:43]   --->   Operation 259 'getelementptr' 'dst_addr_6' <Predicate = true> <Delay = 0.00>
ST_10 : Operation 260 [1/1] (1.42ns)   --->   "store i32 %sext_ln43_4, i32* %dst_addr_6, align 4" [extr_.FFmpeglibavfiltervf_spp.c_store_slice16_c_with_main.c:43]   --->   Operation 260 'store' <Predicate = true> <Delay = 1.42> <Core = "RAM">   --->   Core 37 'RAM' <Latency = 1> <II = 1> <Delay = 1.42> <Storage> <Opcode : 'load' 'store'> <Ports = 2> <Width = 32> <Depth = 8> <RAM>
ST_10 : Operation 261 [1/2] (1.42ns)   --->   "%src_load_7 = load i32* %src_addr_7, align 4" [extr_.FFmpeglibavfiltervf_spp.c_store_slice16_c_with_main.c:44]   --->   Operation 261 'load' 'src_load_7' <Predicate = true> <Delay = 1.42> <Core = "RAM">   --->   Core 37 'RAM' <Latency = 1> <II = 1> <Delay = 1.42> <Storage> <Opcode : 'load' 'store'> <Ports = 2> <Width = 32> <Depth = 8> <RAM>
ST_10 : Operation 262 [1/1] (0.00ns) (grouped into LUT with out node add_ln44_1)   --->   "%shl_ln44 = shl i32 %src_load_7, %log2_scale_read" [extr_.FFmpeglibavfiltervf_spp.c_store_slice16_c_with_main.c:44]   --->   Operation 262 'shl' 'shl_ln44' <Predicate = true> <Delay = 0.00> <Core = "Shift">   --->   Core 28 'Shift' <Latency = 0> <II = 1> <Delay = 2.36> <FuncUnit> <Opcode : 'shl' 'lshr' 'ashr'> <InPorts = 2> <OutPorts = 1>
ST_10 : Operation 263 [1/2] (2.66ns)   --->   "%dither_load_6 = load i32* %dither_addr_6, align 4" [extr_.FFmpeglibavfiltervf_spp.c_store_slice16_c_with_main.c:44]   --->   Operation 263 'load' 'dither_load_6' <Predicate = true> <Delay = 2.66> <Core = "RAM">   --->   Core 37 'RAM' <Latency = 1> <II = 1> <Delay = 1.42> <Storage> <Opcode : 'load' 'store'> <Ports = 2> <Width = 32> <Depth = 8> <RAM>
ST_10 : Operation 264 [1/1] (0.00ns) (grouped into LUT with out node add_ln44_1)   --->   "%trunc_ln7 = call i31 @_ssdm_op_PartSelect.i31.i32.i32.i32(i32 %dither_load_6, i32 1, i32 31)" [extr_.FFmpeglibavfiltervf_spp.c_store_slice16_c_with_main.c:44]   --->   Operation 264 'partselect' 'trunc_ln7' <Predicate = true> <Delay = 0.00>
ST_10 : Operation 265 [1/1] (0.00ns) (grouped into LUT with out node add_ln44_1)   --->   "%sext_ln44_2 = sext i31 %trunc_ln7 to i32" [extr_.FFmpeglibavfiltervf_spp.c_store_slice16_c_with_main.c:44]   --->   Operation 265 'sext' 'sext_ln44_2' <Predicate = true> <Delay = 0.00>
ST_10 : Operation 266 [1/1] (2.36ns) (out node of the LUT)   --->   "%add_ln44_1 = add nsw i32 %shl_ln44, %sext_ln44_2" [extr_.FFmpeglibavfiltervf_spp.c_store_slice16_c_with_main.c:44]   --->   Operation 266 'add' 'add_ln44_1' <Predicate = true> <Delay = 2.36> <Core = "AddSub">   --->   Core 14 'AddSub' <Latency = 0> <II = 1> <Delay = 1.78> <FuncUnit> <Opcode : 'add' 'sub'> <InPorts = 2> <OutPorts = 1>
ST_10 : Operation 267 [1/1] (0.00ns)   --->   "%trunc_ln44_1 = call i27 @_ssdm_op_PartSelect.i27.i32.i32.i32(i32 %add_ln44_1, i32 5, i32 31)" [extr_.FFmpeglibavfiltervf_spp.c_store_slice16_c_with_main.c:44]   --->   Operation 267 'partselect' 'trunc_ln44_1' <Predicate = true> <Delay = 0.00>
ST_10 : Operation 268 [1/1] (0.00ns) (grouped into LUT with out node icmp_ln44)   --->   "%temp_21 = sext i27 %trunc_ln44_1 to i32" [extr_.FFmpeglibavfiltervf_spp.c_store_slice16_c_with_main.c:44]   --->   Operation 268 'sext' 'temp_21' <Predicate = true> <Delay = 0.00>
ST_10 : Operation 269 [1/1] (0.00ns) (grouped into LUT with out node icmp_ln44)   --->   "%and_ln44 = and i32 %mask, %temp_21" [extr_.FFmpeglibavfiltervf_spp.c_store_slice16_c_with_main.c:44]   --->   Operation 269 'and' 'and_ln44' <Predicate = true> <Delay = 0.00> <Core = "LogicGate">   --->   Core 27 'LogicGate' <Latency = 0> <II = 1> <Delay = 0.61> <FuncUnit> <Opcode : 'and' 'or' 'xor'> <InPorts = 2> <OutPorts = 1>
ST_10 : Operation 270 [1/1] (1.54ns) (out node of the LUT)   --->   "%icmp_ln44 = icmp eq i32 %and_ln44, 0" [extr_.FFmpeglibavfiltervf_spp.c_store_slice16_c_with_main.c:44]   --->   Operation 270 'icmp' 'icmp_ln44' <Predicate = true> <Delay = 1.54> <Core = "Cmp">   --->   Core 25 'Cmp' <Latency = 0> <II = 1> <Delay = 1.54> <FuncUnit> <Opcode : 'icmp'> <InPorts = 2> <OutPorts = 1>
ST_10 : Operation 271 [1/1] (0.00ns) (grouped into LUT with out node temp_23)   --->   "%tmp_19 = call i1 @_ssdm_op_BitSelect.i1.i32.i32(i32 %add_ln44_1, i32 31)" [extr_.FFmpeglibavfiltervf_spp.c_store_slice16_c_with_main.c:44]   --->   Operation 271 'bitselect' 'tmp_19' <Predicate = true> <Delay = 0.00>
ST_10 : Operation 272 [1/1] (0.00ns) (grouped into LUT with out node temp_23)   --->   "%temp_22 = xor i1 %tmp_19, true" [extr_.FFmpeglibavfiltervf_spp.c_store_slice16_c_with_main.c:44]   --->   Operation 272 'xor' 'temp_22' <Predicate = true> <Delay = 0.00> <Core = "LogicGate">   --->   Core 27 'LogicGate' <Latency = 0> <II = 1> <Delay = 0.61> <FuncUnit> <Opcode : 'and' 'or' 'xor'> <InPorts = 2> <OutPorts = 1>
ST_10 : Operation 273 [1/1] (0.00ns) (grouped into LUT with out node temp_23)   --->   "%select_ln44 = select i1 %temp_22, i27 -1, i27 0" [extr_.FFmpeglibavfiltervf_spp.c_store_slice16_c_with_main.c:44]   --->   Operation 273 'select' 'select_ln44' <Predicate = true> <Delay = 0.00> <Core = "Sel">   --->   Core 26 'Sel' <Latency = 0> <II = 1> <Delay = 0.59> <FuncUnit> <Opcode : 'select'> <InPorts = 3> <OutPorts = 1>
ST_10 : Operation 274 [1/1] (0.62ns) (out node of the LUT)   --->   "%temp_23 = select i1 %icmp_ln44, i27 %trunc_ln44_1, i27 %select_ln44" [extr_.FFmpeglibavfiltervf_spp.c_store_slice16_c_with_main.c:44]   --->   Operation 274 'select' 'temp_23' <Predicate = true> <Delay = 0.62> <Core = "Sel">   --->   Core 26 'Sel' <Latency = 0> <II = 1> <Delay = 0.59> <FuncUnit> <Opcode : 'select'> <InPorts = 3> <OutPorts = 1>

State 11 <SV = 10> <Delay = 1.42>
ST_11 : Operation 275 [1/1] (0.00ns)   --->   "%sext_ln44_4 = sext i27 %temp_23 to i32" [extr_.FFmpeglibavfiltervf_spp.c_store_slice16_c_with_main.c:44]   --->   Operation 275 'sext' 'sext_ln44_4' <Predicate = true> <Delay = 0.00>
ST_11 : Operation 276 [1/1] (0.00ns)   --->   "%sext_ln44_1 = sext i32 %add_ln44_2 to i64" [extr_.FFmpeglibavfiltervf_spp.c_store_slice16_c_with_main.c:44]   --->   Operation 276 'sext' 'sext_ln44_1' <Predicate = true> <Delay = 0.00>
ST_11 : Operation 277 [1/1] (0.00ns)   --->   "%dst_addr_7 = getelementptr [8 x i32]* %dst, i64 0, i64 %sext_ln44_1" [extr_.FFmpeglibavfiltervf_spp.c_store_slice16_c_with_main.c:44]   --->   Operation 277 'getelementptr' 'dst_addr_7' <Predicate = true> <Delay = 0.00>
ST_11 : Operation 278 [1/1] (1.42ns)   --->   "store i32 %sext_ln44_4, i32* %dst_addr_7, align 4" [extr_.FFmpeglibavfiltervf_spp.c_store_slice16_c_with_main.c:44]   --->   Operation 278 'store' <Predicate = true> <Delay = 1.42> <Core = "RAM">   --->   Core 37 'RAM' <Latency = 1> <II = 1> <Delay = 1.42> <Storage> <Opcode : 'load' 'store'> <Ports = 2> <Width = 32> <Depth = 8> <RAM>
ST_11 : Operation 279 [1/1] (0.00ns)   --->   "br label %2" [extr_.FFmpeglibavfiltervf_spp.c_store_slice16_c_with_main.c:35]   --->   Operation 279 'br' <Predicate = true> <Delay = 0.00>


============================================================
+ Verbose Summary: Timing violations
============================================================
Target clock period: 10ns, clock uncertainty: 1.25ns.

 <State 1>: 2.36ns
The critical path consists of the following:
	wire read on port 'depth' (extr_.FFmpeglibavfiltervf_spp.c_store_slice16_c_with_main.c:18) [20]  (0 ns)
	'shl' operation ('mask', extr_.FFmpeglibavfiltervf_spp.c_store_slice16_c_with_main.c:24) [26]  (2.36 ns)

 <State 2>: 4.1ns
The critical path consists of the following:
	'sub' operation ('sub_ln35', extr_.FFmpeglibavfiltervf_spp.c_store_slice16_c_with_main.c:35) [66]  (1.78 ns)
	'sub' operation ('sub_ln35_1', extr_.FFmpeglibavfiltervf_spp.c_store_slice16_c_with_main.c:35) [68]  (1.73 ns)
	'select' operation ('select_ln35', extr_.FFmpeglibavfiltervf_spp.c_store_slice16_c_with_main.c:35) [70]  (0 ns)
	'select' operation ('select_ln35_1', extr_.FFmpeglibavfiltervf_spp.c_store_slice16_c_with_main.c:35) [71]  (0.584 ns)

 <State 3>: 3.21ns
The critical path consists of the following:
	'phi' operation ('x') with incoming values : ('x', extr_.FFmpeglibavfiltervf_spp.c_store_slice16_c_with_main.c:35) [75]  (0 ns)
	'add' operation ('add_ln37', extr_.FFmpeglibavfiltervf_spp.c_store_slice16_c_with_main.c:37) [79]  (1.78 ns)
	'getelementptr' operation ('src_addr', extr_.FFmpeglibavfiltervf_spp.c_store_slice16_c_with_main.c:37) [81]  (0 ns)
	'load' operation ('src_load', extr_.FFmpeglibavfiltervf_spp.c_store_slice16_c_with_main.c:37) on array 'src' [82]  (1.43 ns)

 <State 4>: 8.62ns
The critical path consists of the following:
	'load' operation ('d_load', extr_.FFmpeglibavfiltervf_spp.c_store_slice16_c_with_main.c:37) on array 'dither' [84]  (2.66 ns)
	'add' operation ('add_ln37_1', extr_.FFmpeglibavfiltervf_spp.c_store_slice16_c_with_main.c:37) [87]  (2.36 ns)
	'and' operation ('and_ln37', extr_.FFmpeglibavfiltervf_spp.c_store_slice16_c_with_main.c:37) [90]  (0 ns)
	'icmp' operation ('icmp_ln37', extr_.FFmpeglibavfiltervf_spp.c_store_slice16_c_with_main.c:37) [91]  (1.55 ns)
	'select' operation ('temp', extr_.FFmpeglibavfiltervf_spp.c_store_slice16_c_with_main.c:37) [95]  (0.62 ns)
	'store' operation ('store_ln37', extr_.FFmpeglibavfiltervf_spp.c_store_slice16_c_with_main.c:37) of variable 'sext_ln37_4', extr_.FFmpeglibavfiltervf_spp.c_store_slice16_c_with_main.c:37 on array 'dst' [100]  (1.43 ns)

 <State 5>: 8.62ns
The critical path consists of the following:
	'load' operation ('dither_load', extr_.FFmpeglibavfiltervf_spp.c_store_slice16_c_with_main.c:38) on array 'dither' [107]  (2.66 ns)
	'add' operation ('add_ln38_1', extr_.FFmpeglibavfiltervf_spp.c_store_slice16_c_with_main.c:38) [110]  (2.36 ns)
	'and' operation ('and_ln38', extr_.FFmpeglibavfiltervf_spp.c_store_slice16_c_with_main.c:38) [113]  (0 ns)
	'icmp' operation ('icmp_ln38', extr_.FFmpeglibavfiltervf_spp.c_store_slice16_c_with_main.c:38) [114]  (1.55 ns)
	'select' operation ('temp', extr_.FFmpeglibavfiltervf_spp.c_store_slice16_c_with_main.c:38) [118]  (0.62 ns)
	'store' operation ('store_ln38', extr_.FFmpeglibavfiltervf_spp.c_store_slice16_c_with_main.c:38) of variable 'sext_ln38_4', extr_.FFmpeglibavfiltervf_spp.c_store_slice16_c_with_main.c:38 on array 'dst' [123]  (1.43 ns)

 <State 6>: 8.62ns
The critical path consists of the following:
	'load' operation ('dither_load_1', extr_.FFmpeglibavfiltervf_spp.c_store_slice16_c_with_main.c:39) on array 'dither' [130]  (2.66 ns)
	'add' operation ('add_ln39_1', extr_.FFmpeglibavfiltervf_spp.c_store_slice16_c_with_main.c:39) [133]  (2.36 ns)
	'and' operation ('and_ln39', extr_.FFmpeglibavfiltervf_spp.c_store_slice16_c_with_main.c:39) [136]  (0 ns)
	'icmp' operation ('icmp_ln39', extr_.FFmpeglibavfiltervf_spp.c_store_slice16_c_with_main.c:39) [137]  (1.55 ns)
	'select' operation ('temp', extr_.FFmpeglibavfiltervf_spp.c_store_slice16_c_with_main.c:39) [141]  (0.62 ns)
	'store' operation ('store_ln39', extr_.FFmpeglibavfiltervf_spp.c_store_slice16_c_with_main.c:39) of variable 'sext_ln39_4', extr_.FFmpeglibavfiltervf_spp.c_store_slice16_c_with_main.c:39 on array 'dst' [146]  (1.43 ns)

 <State 7>: 8.62ns
The critical path consists of the following:
	'load' operation ('dither_load_2', extr_.FFmpeglibavfiltervf_spp.c_store_slice16_c_with_main.c:40) on array 'dither' [153]  (2.66 ns)
	'add' operation ('add_ln40_1', extr_.FFmpeglibavfiltervf_spp.c_store_slice16_c_with_main.c:40) [156]  (2.36 ns)
	'and' operation ('and_ln40', extr_.FFmpeglibavfiltervf_spp.c_store_slice16_c_with_main.c:40) [159]  (0 ns)
	'icmp' operation ('icmp_ln40', extr_.FFmpeglibavfiltervf_spp.c_store_slice16_c_with_main.c:40) [160]  (1.55 ns)
	'select' operation ('temp', extr_.FFmpeglibavfiltervf_spp.c_store_slice16_c_with_main.c:40) [164]  (0.62 ns)
	'store' operation ('store_ln40', extr_.FFmpeglibavfiltervf_spp.c_store_slice16_c_with_main.c:40) of variable 'sext_ln40_4', extr_.FFmpeglibavfiltervf_spp.c_store_slice16_c_with_main.c:40 on array 'dst' [169]  (1.43 ns)

 <State 8>: 8.62ns
The critical path consists of the following:
	'load' operation ('dither_load_3', extr_.FFmpeglibavfiltervf_spp.c_store_slice16_c_with_main.c:41) on array 'dither' [176]  (2.66 ns)
	'add' operation ('add_ln41_1', extr_.FFmpeglibavfiltervf_spp.c_store_slice16_c_with_main.c:41) [179]  (2.36 ns)
	'and' operation ('and_ln41', extr_.FFmpeglibavfiltervf_spp.c_store_slice16_c_with_main.c:41) [182]  (0 ns)
	'icmp' operation ('icmp_ln41', extr_.FFmpeglibavfiltervf_spp.c_store_slice16_c_with_main.c:41) [183]  (1.55 ns)
	'select' operation ('temp', extr_.FFmpeglibavfiltervf_spp.c_store_slice16_c_with_main.c:41) [187]  (0.62 ns)
	'store' operation ('store_ln41', extr_.FFmpeglibavfiltervf_spp.c_store_slice16_c_with_main.c:41) of variable 'sext_ln41_4', extr_.FFmpeglibavfiltervf_spp.c_store_slice16_c_with_main.c:41 on array 'dst' [192]  (1.43 ns)

 <State 9>: 8.62ns
The critical path consists of the following:
	'load' operation ('dither_load_4', extr_.FFmpeglibavfiltervf_spp.c_store_slice16_c_with_main.c:42) on array 'dither' [199]  (2.66 ns)
	'add' operation ('add_ln42_1', extr_.FFmpeglibavfiltervf_spp.c_store_slice16_c_with_main.c:42) [202]  (2.36 ns)
	'and' operation ('and_ln42', extr_.FFmpeglibavfiltervf_spp.c_store_slice16_c_with_main.c:42) [205]  (0 ns)
	'icmp' operation ('icmp_ln42', extr_.FFmpeglibavfiltervf_spp.c_store_slice16_c_with_main.c:42) [206]  (1.55 ns)
	'select' operation ('temp', extr_.FFmpeglibavfiltervf_spp.c_store_slice16_c_with_main.c:42) [210]  (0.62 ns)
	'store' operation ('store_ln42', extr_.FFmpeglibavfiltervf_spp.c_store_slice16_c_with_main.c:42) of variable 'sext_ln42_4', extr_.FFmpeglibavfiltervf_spp.c_store_slice16_c_with_main.c:42 on array 'dst' [215]  (1.43 ns)

 <State 10>: 8.62ns
The critical path consists of the following:
	'load' operation ('dither_load_5', extr_.FFmpeglibavfiltervf_spp.c_store_slice16_c_with_main.c:43) on array 'dither' [222]  (2.66 ns)
	'add' operation ('add_ln43_1', extr_.FFmpeglibavfiltervf_spp.c_store_slice16_c_with_main.c:43) [225]  (2.36 ns)
	'and' operation ('and_ln43', extr_.FFmpeglibavfiltervf_spp.c_store_slice16_c_with_main.c:43) [228]  (0 ns)
	'icmp' operation ('icmp_ln43', extr_.FFmpeglibavfiltervf_spp.c_store_slice16_c_with_main.c:43) [229]  (1.55 ns)
	'select' operation ('temp', extr_.FFmpeglibavfiltervf_spp.c_store_slice16_c_with_main.c:43) [233]  (0.62 ns)
	'store' operation ('store_ln43', extr_.FFmpeglibavfiltervf_spp.c_store_slice16_c_with_main.c:43) of variable 'sext_ln43_4', extr_.FFmpeglibavfiltervf_spp.c_store_slice16_c_with_main.c:43 on array 'dst' [238]  (1.43 ns)

 <State 11>: 1.43ns
The critical path consists of the following:
	'store' operation ('store_ln44', extr_.FFmpeglibavfiltervf_spp.c_store_slice16_c_with_main.c:44) of variable 'sext_ln44_4', extr_.FFmpeglibavfiltervf_spp.c_store_slice16_c_with_main.c:44 on array 'dst' [261]  (1.43 ns)


============================================================
+ Verbose Summary: Binding
============================================================
N/A
* FSMD analyzer results:
  - Output states:
 - Input state : 
  - Chain level:
	State 1
	State 2
	State 3
	State 4
	State 5
	State 6
	State 7
	State 8
	State 9
	State 10
	State 11


============================================================
+ Verbose Summary: Datapath Resource usage 
============================================================
N/A
