#-----------------------------------------------------------
# xsim v2019.1 (64-bit)
# SW Build 2552052 on Fri May 24 14:47:09 MDT 2019
# IP Build 2548770 on Fri May 24 18:01:18 MDT 2019
# Start of session at: Mon Apr 27 14:42:23 2020
# Process ID: 60981
# Current directory: /home/dalila/HLStools/vivado/ready/Kmeans/proj/sol/sim/verilog
# Command line: xsim -mode tcl -source {xsim.dir/kmeans/xsim_script.tcl}
# Log file: /home/dalila/HLStools/vivado/ready/Kmeans/proj/sol/sim/verilog/xsim.log
# Journal file: /home/dalila/HLStools/vivado/ready/Kmeans/proj/sol/sim/verilog/xsim.jou
#-----------------------------------------------------------
source xsim.dir/kmeans/xsim_script.tcl
# xsim {kmeans} -autoloadwcfg -tclbatch {kmeans.tcl}
Vivado Simulator 2019.1
Time resolution is 1 ps
source kmeans.tcl
## run all
////////////////////////////////////////////////////////////////////////////////////
// Inter-Transaction Progress: Completed Transaction / Total Transaction
// Intra-Transaction Progress: Measured Latency / Latency Estimation * 100%
//
// RTL Simulation : "Inter-Transaction Progress" ["Intra-Transaction Progress"] @ "Simulation Time"
////////////////////////////////////////////////////////////////////////////////////
// RTL Simulation : 0 / 1 [n/a] @ "125000"
// RTL Simulation : 1 / 1 [n/a] @ "9202165000"
////////////////////////////////////////////////////////////////////////////////////
$finish called at time : 9202205 ns : File "/home/dalila/HLStools/vivado/ready/Kmeans/proj/sol/sim/verilog/kmeans.autotb.v" Line 479
run: Time (s): cpu = 00:00:00 ; elapsed = 00:00:06 . Memory (MB): peak = 1391.113 ; gain = 0.000 ; free physical = 41397 ; free virtual = 125437
## quit
INFO: [Common 17-206] Exiting xsim at Mon Apr 27 14:42:36 2020...
