#
# An unexpected error has occurred (11)
#
Stack:
/lib/x86_64-linux-gnu/libc.so.6(+0x3ef20) [0x7fac45ed3f20]
/opt/xilinx/Vivado/2019.1/lib/lnx64.o/libLLVM-3.1.so(+0x58805f) [0x7fac2ef8e05f]
/opt/xilinx/Vivado/2019.1/lib/lnx64.o/libLLVM-3.1.so(+0x58b073) [0x7fac2ef91073]
/opt/xilinx/Vivado/2019.1/lib/lnx64.o/libLLVM-3.1.so(llvm::WriteBitcodeToFile(llvm::Module const*, llvm::raw_ostream&)+0x148) [0x7fac2ef93f58]
/opt/xilinx/Vivado/2019.1/lib/lnx64.o/libLLVM-3.1.so(+0x590b73) [0x7fac2ef96b73]
/opt/xilinx/Vivado/2019.1/lib/lnx64.o/libLLVM-3.1.so(llvm::MPPassManager::runOnModule(llvm::Module&)+0x182) [0x7fac2f1fb682]
/opt/xilinx/Vivado/2019.1/lib/lnx64.o/libLLVM-3.1.so(llvm::PassManagerImpl::run(llvm::Module&)+0xac) [0x7fac2f1fb83c]
/opt/xilinx/Vivado/2019.1/lib/lnx64.o/libhls_main.so(+0xfa6d8) [0x7fac358e36d8]
/opt/xilinx/Vivado/2019.1/lib/lnx64.o/libhls_support.so(xpcl::TclCommand::callbackInternal(int, Tcl_Obj* const*)+0x5f1) [0x7fac355b1ac1]
/opt/xilinx/Vivado/2019.1/lib/lnx64.o/libhls_support.so(xpcl::TclCommand::callback(int, Tcl_Obj* const*)+0x2b) [0x7fac355b6b5b]
/opt/xilinx/Vivado/2019.1/lib/lnx64.o/libtcl8.5.so(+0x334af) [0x7fac418d24af]
/opt/xilinx/Vivado/2019.1/lib/lnx64.o/libtcl8.5.so(+0x76875) [0x7fac41915875]
/opt/xilinx/Vivado/2019.1/lib/lnx64.o/libtcl8.5.so(+0x7e029) [0x7fac4191d029]
/opt/xilinx/Vivado/2019.1/lib/lnx64.o/libtcl8.5.so(TclEvalObjEx+0x76) [0x7fac418d4156]
/opt/xilinx/Vivado/2019.1/lib/lnx64.o/librdi_commontasks.so(+0x1ebc27) [0x7fac36589c27]
/opt/xilinx/Vivado/2019.1/lib/lnx64.o/libtcl8.5.so(+0x334af) [0x7fac418d24af]
/opt/xilinx/Vivado/2019.1/lib/lnx64.o/libtcl8.5.so(+0x76875) [0x7fac41915875]
/opt/xilinx/Vivado/2019.1/lib/lnx64.o/libtcl8.5.so(TclObjInterpProcCore+0x420) [0x7fac41956df0]
/opt/xilinx/Vivado/2019.1/lib/lnx64.o/libtcl8.5.so(+0x334af) [0x7fac418d24af]
/opt/xilinx/Vivado/2019.1/lib/lnx64.o/libtcl8.5.so(+0x76875) [0x7fac41915875]
/opt/xilinx/Vivado/2019.1/lib/lnx64.o/libtcl8.5.so(+0x7e029) [0x7fac4191d029]
/opt/xilinx/Vivado/2019.1/lib/lnx64.o/libtcl8.5.so(TclEvalObjEx+0x76) [0x7fac418d4156]
/opt/xilinx/Vivado/2019.1/lib/lnx64.o/librdi_commontasks.so(+0x1ebc27) [0x7fac36589c27]
/opt/xilinx/Vivado/2019.1/lib/lnx64.o/libtcl8.5.so(+0x334af) [0x7fac418d24af]
/opt/xilinx/Vivado/2019.1/lib/lnx64.o/libtcl8.5.so(+0x76875) [0x7fac41915875]
/opt/xilinx/Vivado/2019.1/lib/lnx64.o/libtcl8.5.so(TclObjInterpProcCore+0x420) [0x7fac41956df0]
/opt/xilinx/Vivado/2019.1/lib/lnx64.o/libtcl8.5.so(+0x334af) [0x7fac418d24af]
/opt/xilinx/Vivado/2019.1/lib/lnx64.o/libtcl8.5.so(+0x76875) [0x7fac41915875]
/opt/xilinx/Vivado/2019.1/lib/lnx64.o/libtcl8.5.so(TclObjInterpProcCore+0x420) [0x7fac41956df0]
/opt/xilinx/Vivado/2019.1/lib/lnx64.o/libtcl8.5.so(+0x334af) [0x7fac418d24af]
/opt/xilinx/Vivado/2019.1/lib/lnx64.o/libtcl8.5.so(+0x76875) [0x7fac41915875]
/opt/xilinx/Vivado/2019.1/lib/lnx64.o/libtcl8.5.so(+0x7e029) [0x7fac4191d029]
/opt/xilinx/Vivado/2019.1/lib/lnx64.o/libtcl8.5.so(TclEvalObjEx+0x76) [0x7fac418d4156]
/opt/xilinx/Vivado/2019.1/lib/lnx64.o/librdi_commontasks.so(+0x1ebc27) [0x7fac36589c27]
/opt/xilinx/Vivado/2019.1/lib/lnx64.o/libtcl8.5.so(+0x334af) [0x7fac418d24af]
/opt/xilinx/Vivado/2019.1/lib/lnx64.o/libtcl8.5.so(+0x76875) [0x7fac41915875]
/opt/xilinx/Vivado/2019.1/lib/lnx64.o/libtcl8.5.so(Tcl_ExprObj+0xf8) [0x7fac4191cc08]
/opt/xilinx/Vivado/2019.1/lib/lnx64.o/libtcl8.5.so(Tcl_ExprBooleanObj+0x16) [0x7fac418d2e96]
/opt/xilinx/Vivado/2019.1/lib/lnx64.o/libtcl8.5.so(+0x3e6de) [0x7fac418dd6de]
/opt/xilinx/Vivado/2019.1/lib/lnx64.o/libtcl8.5.so(+0x334af) [0x7fac418d24af]
/opt/xilinx/Vivado/2019.1/lib/lnx64.o/libtcl8.5.so(+0x34b38) [0x7fac418d3b38]
/opt/xilinx/Vivado/2019.1/lib/lnx64.o/libtcl8.5.so(Tcl_EvalEx+0x13) [0x7fac418d40a3]
/opt/xilinx/Vivado/2019.1/lib/lnx64.o/libtcl8.5.so(Tcl_Eval+0x15) [0x7fac418d40c5]
/opt/xilinx/Vivado/2019.1/lib/lnx64.o/libhls_main.so(+0xab4d2) [0x7fac358944d2]
/opt/xilinx/Vivado/2019.1/lib/lnx64.o/libhls_support.so(xpcl::TclCommand::callbackInternal(int, Tcl_Obj* const*)+0x24c) [0x7fac355b171c]
/opt/xilinx/Vivado/2019.1/lib/lnx64.o/libhls_support.so(xpcl::TclCommand::callback(int, Tcl_Obj* const*)+0x2b) [0x7fac355b6b5b]
/opt/xilinx/Vivado/2019.1/lib/lnx64.o/libtcl8.5.so(+0x334af) [0x7fac418d24af]
/opt/xilinx/Vivado/2019.1/lib/lnx64.o/libtcl8.5.so(+0x76875) [0x7fac41915875]
/opt/xilinx/Vivado/2019.1/lib/lnx64.o/libtcl8.5.so(TclObjInterpProcCore+0x420) [0x7fac41956df0]
/opt/xilinx/Vivado/2019.1/lib/lnx64.o/libtcl8.5.so(+0x334af) [0x7fac418d24af]
/opt/xilinx/Vivado/2019.1/lib/lnx64.o/libtcl8.5.so(+0x76875) [0x7fac41915875]
/opt/xilinx/Vivado/2019.1/lib/lnx64.o/libtcl8.5.so(+0x7e029) [0x7fac4191d029]
/opt/xilinx/Vivado/2019.1/lib/lnx64.o/libtcl8.5.so(TclEvalObjEx+0x76) [0x7fac418d4156]
/opt/xilinx/Vivado/2019.1/lib/lnx64.o/librdi_commontasks.so(+0x1ebc27) [0x7fac36589c27]
/opt/xilinx/Vivado/2019.1/lib/lnx64.o/libtcl8.5.so(+0x334af) [0x7fac418d24af]
/opt/xilinx/Vivado/2019.1/lib/lnx64.o/libtcl8.5.so(+0x76875) [0x7fac41915875]
/opt/xilinx/Vivado/2019.1/lib/lnx64.o/libtcl8.5.so(Tcl_ExprObj+0xf8) [0x7fac4191cc08]
/opt/xilinx/Vivado/2019.1/lib/lnx64.o/libtcl8.5.so(Tcl_ExprBooleanObj+0x16) [0x7fac418d2e96]
/opt/xilinx/Vivado/2019.1/lib/lnx64.o/libtcl8.5.so(+0x3e6de) [0x7fac418dd6de]
/opt/xilinx/Vivado/2019.1/lib/lnx64.o/libtcl8.5.so(+0x334af) [0x7fac418d24af]
/opt/xilinx/Vivado/2019.1/lib/lnx64.o/libtcl8.5.so(+0x34b38) [0x7fac418d3b38]
/opt/xilinx/Vivado/2019.1/lib/lnx64.o/libtcl8.5.so(Tcl_EvalEx+0x13) [0x7fac418d40a3]
/opt/xilinx/Vivado/2019.1/lib/lnx64.o/libtcl8.5.so(Tcl_Eval+0x15) [0x7fac418d40c5]
/opt/xilinx/Vivado/2019.1/lib/lnx64.o/libhls_main.so(+0xab4d2) [0x7fac358944d2]
/opt/xilinx/Vivado/2019.1/lib/lnx64.o/libhls_support.so(xpcl::TclCommand::callbackInternal(int, Tcl_Obj* const*)+0x24c) [0x7fac355b171c]
/opt/xilinx/Vivado/2019.1/lib/lnx64.o/libhls_support.so(xpcl::TclCommand::callback(int, Tcl_Obj* const*)+0x2b) [0x7fac355b6b5b]
/opt/xilinx/Vivado/2019.1/lib/lnx64.o/libtcl8.5.so(+0x334af) [0x7fac418d24af]
/opt/xilinx/Vivado/2019.1/lib/lnx64.o/libtcl8.5.so(+0x76875) [0x7fac41915875]
/opt/xilinx/Vivado/2019.1/lib/lnx64.o/libtcl8.5.so(TclObjInterpProcCore+0x420) [0x7fac41956df0]
/opt/xilinx/Vivado/2019.1/lib/lnx64.o/libtcl8.5.so(+0x334af) [0x7fac418d24af]
/opt/xilinx/Vivado/2019.1/lib/lnx64.o/libtcl8.5.so(+0x76875) [0x7fac41915875]
/opt/xilinx/Vivado/2019.1/lib/lnx64.o/libtcl8.5.so(+0x7e029) [0x7fac4191d029]
/opt/xilinx/Vivado/2019.1/lib/lnx64.o/libtcl8.5.so(TclEvalObjEx+0x76) [0x7fac418d4156]
/opt/xilinx/Vivado/2019.1/lib/lnx64.o/librdi_commontasks.so(+0x1ebc27) [0x7fac36589c27]
/opt/xilinx/Vivado/2019.1/lib/lnx64.o/libtcl8.5.so(+0x334af) [0x7fac418d24af]
/opt/xilinx/Vivado/2019.1/lib/lnx64.o/libtcl8.5.so(+0x76875) [0x7fac41915875]
/opt/xilinx/Vivado/2019.1/lib/lnx64.o/libtcl8.5.so(Tcl_ExprObj+0xf8) [0x7fac4191cc08]
/opt/xilinx/Vivado/2019.1/lib/lnx64.o/libtcl8.5.so(Tcl_ExprBooleanObj+0x16) [0x7fac418d2e96]
/opt/xilinx/Vivado/2019.1/lib/lnx64.o/libtcl8.5.so(+0x3e6de) [0x7fac418dd6de]
/opt/xilinx/Vivado/2019.1/lib/lnx64.o/libtcl8.5.so(+0x334af) [0x7fac418d24af]
/opt/xilinx/Vivado/2019.1/lib/lnx64.o/libtcl8.5.so(+0x34b38) [0x7fac418d3b38]
/opt/xilinx/Vivado/2019.1/lib/lnx64.o/libtcl8.5.so(Tcl_EvalEx+0x13) [0x7fac418d40a3]
/opt/xilinx/Vivado/2019.1/lib/lnx64.o/libtcl8.5.so(Tcl_Eval+0x15) [0x7fac418d40c5]
/opt/xilinx/Vivado/2019.1/lib/lnx64.o/libhls_main.so(+0xab4d2) [0x7fac358944d2]
/opt/xilinx/Vivado/2019.1/lib/lnx64.o/libhls_support.so(xpcl::TclCommand::callbackInternal(int, Tcl_Obj* const*)+0x24c) [0x7fac355b171c]
/opt/xilinx/Vivado/2019.1/lib/lnx64.o/libhls_support.so(xpcl::TclCommand::callback(int, Tcl_Obj* const*)+0x2b) [0x7fac355b6b5b]
/opt/xilinx/Vivado/2019.1/lib/lnx64.o/libtcl8.5.so(+0x334af) [0x7fac418d24af]
/opt/xilinx/Vivado/2019.1/lib/lnx64.o/libtcl8.5.so(+0x76875) [0x7fac41915875]
/opt/xilinx/Vivado/2019.1/lib/lnx64.o/libtcl8.5.so(+0x7e029) [0x7fac4191d029]
/opt/xilinx/Vivado/2019.1/lib/lnx64.o/libtcl8.5.so(TclEvalObjEx+0x76) [0x7fac418d4156]
/opt/xilinx/Vivado/2019.1/lib/lnx64.o/librdi_commontasks.so(+0x1eca82) [0x7fac3658aa82]
/opt/xilinx/Vivado/2019.1/lib/lnx64.o/libtcl8.5.so(+0x334af) [0x7fac418d24af]
/opt/xilinx/Vivado/2019.1/lib/lnx64.o/libtcl8.5.so(+0x34b38) [0x7fac418d3b38]
/opt/xilinx/Vivado/2019.1/lib/lnx64.o/libtcl8.5.so(Tcl_EvalEx+0x13) [0x7fac418d40a3]
/opt/xilinx/Vivado/2019.1/lib/lnx64.o/libtcl8.5.so(Tcl_FSEvalFileEx+0x1da) [0x7fac41938c5a]
/opt/xilinx/Vivado/2019.1/lib/lnx64.o/libhls_main.so(ApSourceTclFile(std::__cxx11::basic_string<char, std::char_traits<char>, std::allocator<char> > const&, char const*)+0x77) [0x7fac358880a7]
/opt/xilinx/Vivado/2019.1/lib/lnx64.o/libhls_main.so(+0xa4ed9) [0x7fac3588ded9]
/opt/xilinx/Vivado/2019.1/lib/lnx64.o/libhls_support.so(xpcl::TclCommand::callbackInternal(int, Tcl_Obj* const*)+0x24c) [0x7fac355b171c]
/opt/xilinx/Vivado/2019.1/lib/lnx64.o/libhls_support.so(xpcl::TclCommand::callback(int, Tcl_Obj* const*)+0x2b) [0x7fac355b6b5b]
/opt/xilinx/Vivado/2019.1/lib/lnx64.o/libtcl8.5.so(+0x334af) [0x7fac418d24af]
/opt/xilinx/Vivado/2019.1/lib/lnx64.o/libtcl8.5.so(+0x76875) [0x7fac41915875]
/opt/xilinx/Vivado/2019.1/lib/lnx64.o/libtcl8.5.so(+0x7e029) [0x7fac4191d029]
/opt/xilinx/Vivado/2019.1/lib/lnx64.o/libtcl8.5.so(TclEvalObjEx+0x76) [0x7fac418d4156]
/opt/xilinx/Vivado/2019.1/lib/lnx64.o/librdi_commontasks.so(+0x1ebc27) [0x7fac36589c27]
/opt/xilinx/Vivado/2019.1/lib/lnx64.o/libtcl8.5.so(+0x334af) [0x7fac418d24af]
/opt/xilinx/Vivado/2019.1/lib/lnx64.o/libtcl8.5.so(+0x76875) [0x7fac41915875]
/opt/xilinx/Vivado/2019.1/lib/lnx64.o/libtcl8.5.so(+0x7e029) [0x7fac4191d029]
/opt/xilinx/Vivado/2019.1/lib/lnx64.o/libtcl8.5.so(TclEvalObjEx+0x76) [0x7fac418d4156]
/opt/xilinx/Vivado/2019.1/lib/lnx64.o/libtcl8.5.so(+0xb7557) [0x7fac41956557]
/opt/xilinx/Vivado/2019.1/lib/lnx64.o/libtcl8.5.so(+0x334af) [0x7fac418d24af]
/opt/xilinx/Vivado/2019.1/lib/lnx64.o/libtcl8.5.so(+0x76875) [0x7fac41915875]
/opt/xilinx/Vivado/2019.1/lib/lnx64.o/libtcl8.5.so(TclObjInterpProcCore+0x420) [0x7fac41956df0]
/opt/xilinx/Vivado/2019.1/lib/lnx64.o/libtcl8.5.so(+0x334af) [0x7fac418d24af]
/opt/xilinx/Vivado/2019.1/lib/lnx64.o/libtcl8.5.so(+0x76875) [0x7fac41915875]
/opt/xilinx/Vivado/2019.1/lib/lnx64.o/libtcl8.5.so(+0x7e029) [0x7fac4191d029]
/opt/xilinx/Vivado/2019.1/lib/lnx64.o/libtcl8.5.so(TclEvalObjEx+0x76) [0x7fac418d4156]
/opt/xilinx/Vivado/2019.1/lib/lnx64.o/libtcl8.5.so(TclChannelEventScriptInvoker+0x39) [0x7fac4192b5c9]
/opt/xilinx/Vivado/2019.1/lib/lnx64.o/libtcl8.5.so(Tcl_NotifyChannel+0x121) [0x7fac4192f541]
/opt/xilinx/Vivado/2019.1/lib/lnx64.o/libtcl8.5.so(+0xdd597) [0x7fac4197c597]
/opt/xilinx/Vivado/2019.1/lib/lnx64.o/libtcl8.5.so(Tcl_ServiceEvent+0x7f) [0x7fac41946b0f]
/opt/xilinx/Vivado/2019.1/lib/lnx64.o/libtcl8.5.so(Tcl_DoOneEvent+0x154) [0x7fac41946e44]
/opt/xilinx/Vivado/2019.1/lib/lnx64.o/libtcl8.5.so(+0x74450) [0x7fac41913450]
/opt/xilinx/Vivado/2019.1/lib/lnx64.o/libtcl8.5.so(+0x334af) [0x7fac418d24af]
/opt/xilinx/Vivado/2019.1/lib/lnx64.o/libtcl8.5.so(+0x76875) [0x7fac41915875]
/opt/xilinx/Vivado/2019.1/lib/lnx64.o/libtcl8.5.so(TclObjInterpProcCore+0x420) [0x7fac41956df0]
/opt/xilinx/Vivado/2019.1/lib/lnx64.o/libtcl8.5.so(+0x334af) [0x7fac418d24af]
/opt/xilinx/Vivado/2019.1/lib/lnx64.o/libtcl8.5.so(+0x76875) [0x7fac41915875]
/opt/xilinx/Vivado/2019.1/lib/lnx64.o/libtcl8.5.so(TclObjInterpProcCore+0x420) [0x7fac41956df0]
/opt/xilinx/Vivado/2019.1/lib/lnx64.o/libtcl8.5.so(+0x334af) [0x7fac418d24af]
/opt/xilinx/Vivado/2019.1/lib/lnx64.o/libtcl8.5.so(+0x76875) [0x7fac41915875]
/opt/xilinx/Vivado/2019.1/lib/lnx64.o/libtcl8.5.so(+0x7e029) [0x7fac4191d029]
/opt/xilinx/Vivado/2019.1/lib/lnx64.o/libtcl8.5.so(TclEvalObjEx+0x76) [0x7fac418d4156]
/opt/xilinx/Vivado/2019.1/lib/lnx64.o/librdi_commontasks.so(+0x1ebc27) [0x7fac36589c27]
/opt/xilinx/Vivado/2019.1/lib/lnx64.o/libtcl8.5.so(+0x334af) [0x7fac418d24af]
/opt/xilinx/Vivado/2019.1/lib/lnx64.o/libtcl8.5.so(+0x76875) [0x7fac41915875]
/opt/xilinx/Vivado/2019.1/lib/lnx64.o/libtcl8.5.so(Tcl_ExprObj+0xf8) [0x7fac4191cc08]
/opt/xilinx/Vivado/2019.1/lib/lnx64.o/libtcl8.5.so(Tcl_ExprBooleanObj+0x16) [0x7fac418d2e96]
/opt/xilinx/Vivado/2019.1/lib/lnx64.o/libtcl8.5.so(+0x3e6de) [0x7fac418dd6de]
/opt/xilinx/Vivado/2019.1/lib/lnx64.o/libtcl8.5.so(+0x334af) [0x7fac418d24af]
/opt/xilinx/Vivado/2019.1/lib/lnx64.o/libtcl8.5.so(+0x34b38) [0x7fac418d3b38]
/opt/xilinx/Vivado/2019.1/lib/lnx64.o/libtcl8.5.so(Tcl_EvalEx+0x13) [0x7fac418d40a3]
/opt/xilinx/Vivado/2019.1/lib/lnx64.o/libtcl8.5.so(Tcl_Eval+0x15) [0x7fac418d40c5]
/opt/xilinx/Vivado/2019.1/lib/lnx64.o/libhls_main.so(+0xab4d2) [0x7fac358944d2]
/opt/xilinx/Vivado/2019.1/lib/lnx64.o/libhls_support.so(xpcl::TclCommand::callbackInternal(int, Tcl_Obj* const*)+0x24c) [0x7fac355b171c]
/opt/xilinx/Vivado/2019.1/lib/lnx64.o/libhls_support.so(xpcl::TclCommand::callback(int, Tcl_Obj* const*)+0x2b) [0x7fac355b6b5b]
/opt/xilinx/Vivado/2019.1/lib/lnx64.o/libtcl8.5.so(+0x334af) [0x7fac418d24af]
/opt/xilinx/Vivado/2019.1/lib/lnx64.o/libtcl8.5.so(+0x34b38) [0x7fac418d3b38]
/opt/xilinx/Vivado/2019.1/lib/lnx64.o/libtcl8.5.so(Tcl_EvalEx+0x13) [0x7fac418d40a3]
/opt/xilinx/Vivado/2019.1/lib/lnx64.o/libtcl8.5.so(TclEvalObjEx+0x1e0) [0x7fac418d42c0]
/opt/xilinx/Vivado/2019.1/lib/lnx64.o/libtcl8.5.so(+0x3b375) [0x7fac418da375]
/opt/xilinx/Vivado/2019.1/lib/lnx64.o/libtcl8.5.so(+0x334af) [0x7fac418d24af]
/opt/xilinx/Vivado/2019.1/lib/lnx64.o/libtcl8.5.so(+0x76875) [0x7fac41915875]
/opt/xilinx/Vivado/2019.1/lib/lnx64.o/libtcl8.5.so(+0x7e029) [0x7fac4191d029]
/opt/xilinx/Vivado/2019.1/lib/lnx64.o/libtcl8.5.so(TclEvalObjEx+0x76) [0x7fac418d4156]
/opt/xilinx/Vivado/2019.1/lib/lnx64.o/librdi_commontasks.so(+0x1ebc27) [0x7fac36589c27]
/opt/xilinx/Vivado/2019.1/lib/lnx64.o/libtcl8.5.so(+0x334af) [0x7fac418d24af]
/opt/xilinx/Vivado/2019.1/lib/lnx64.o/libtcl8.5.so(+0x76875) [0x7fac41915875]
/opt/xilinx/Vivado/2019.1/lib/lnx64.o/libtcl8.5.so(TclObjInterpProcCore+0x420) [0x7fac41956df0]
/opt/xilinx/Vivado/2019.1/lib/lnx64.o/libtcl8.5.so(+0x334af) [0x7fac418d24af]
/opt/xilinx/Vivado/2019.1/lib/lnx64.o/libtcl8.5.so(+0x76875) [0x7fac41915875]
/opt/xilinx/Vivado/2019.1/lib/lnx64.o/libtcl8.5.so(TclObjInterpProcCore+0x420) [0x7fac41956df0]
/opt/xilinx/Vivado/2019.1/lib/lnx64.o/libtcl8.5.so(+0x334af) [0x7fac418d24af]
/opt/xilinx/Vivado/2019.1/lib/lnx64.o/libtcl8.5.so(+0x34b38) [0x7fac418d3b38]
/opt/xilinx/Vivado/2019.1/lib/lnx64.o/libtcl8.5.so(Tcl_EvalEx+0x13) [0x7fac418d40a3]
/opt/xilinx/Vivado/2019.1/lib/lnx64.o/libtcl8.5.so(Tcl_Eval+0x15) [0x7fac418d40c5]
/opt/xilinx/Vivado/2019.1/lib/lnx64.o/libhls_support.so(+0x719e4) [0x7fac355ae9e4]
/opt/xilinx/Vivado/2019.1/lib/lnx64.o/libhls_support.so(xpcl::TclManager::tclMain(Tcl_Interp*)+0xc) [0x7fac355aeadc]
/opt/xilinx/Vivado/2019.1/lib/lnx64.o/librdi_hlstasks.so(+0xf15f) [0x7fac3d3a715f]
/opt/xilinx/Vivado/2019.1/lib/lnx64.o/librdi_common.so(+0x8068e2) [0x7fac4723b8e2]
/opt/xilinx/Vivado/2019.1/lib/lnx64.o/libtcl8.5.so(+0x334af) [0x7fac418d24af]
/opt/xilinx/Vivado/2019.1/lib/lnx64.o/libtcl8.5.so(+0x34b38) [0x7fac418d3b38]
/opt/xilinx/Vivado/2019.1/lib/lnx64.o/libtcl8.5.so(Tcl_EvalEx+0x13) [0x7fac418d40a3]
/opt/xilinx/Vivado/2019.1/lib/lnx64.o/libtcl8.5.so(TclEvalObjEx+0x3cf) [0x7fac418d44af]
/opt/xilinx/Vivado/2019.1/lib/lnx64.o/libtcl8.5.so(+0xb74a9) [0x7fac419564a9]
/opt/xilinx/Vivado/2019.1/lib/lnx64.o/libtcl8.5.so(+0x334af) [0x7fac418d24af]
/opt/xilinx/Vivado/2019.1/lib/lnx64.o/libtcl8.5.so(+0x76875) [0x7fac41915875]
/opt/xilinx/Vivado/2019.1/lib/lnx64.o/libtcl8.5.so(TclObjInterpProcCore+0x420) [0x7fac41956df0]
/opt/xilinx/Vivado/2019.1/lib/lnx64.o/libtcl8.5.so(+0x334af) [0x7fac418d24af]
/opt/xilinx/Vivado/2019.1/lib/lnx64.o/libtcl8.5.so(+0x76875) [0x7fac41915875]
/opt/xilinx/Vivado/2019.1/lib/lnx64.o/libtcl8.5.so(+0x7e029) [0x7fac4191d029]
/opt/xilinx/Vivado/2019.1/lib/lnx64.o/libtcl8.5.so(TclEvalObjEx+0x76) [0x7fac418d4156]
/opt/xilinx/Vivado/2019.1/lib/lnx64.o/librdi_commontasks.so(+0x1ebcc4) [0x7fac36589cc4]
/opt/xilinx/Vivado/2019.1/lib/lnx64.o/libtcl8.5.so(+0x334af) [0x7fac418d24af]
/opt/xilinx/Vivado/2019.1/lib/lnx64.o/libtcl8.5.so(+0x34b38) [0x7fac418d3b38]
/opt/xilinx/Vivado/2019.1/lib/lnx64.o/libtcl8.5.so(+0xad486) [0x7fac4194c486]
/opt/xilinx/Vivado/2019.1/lib/lnx64.o/libtcl8.5.so(+0x346c5) [0x7fac418d36c5]
/opt/xilinx/Vivado/2019.1/lib/lnx64.o/libtcl8.5.so(Tcl_EvalEx+0x13) [0x7fac418d40a3]
/opt/xilinx/Vivado/2019.1/lib/lnx64.o/libtcl8.5.so(Tcl_FSEvalFileEx+0x1da) [0x7fac41938c5a]
/opt/xilinx/Vivado/2019.1/lib/lnx64.o/librdi_commontasks.so(+0x208e5d) [0x7fac365a6e5d]
/opt/xilinx/Vivado/2019.1/lib/lnx64.o/librdi_common.so(+0x8068e2) [0x7fac4723b8e2]
/opt/xilinx/Vivado/2019.1/lib/lnx64.o/libtcl8.5.so(+0x334af) [0x7fac418d24af]
/opt/xilinx/Vivado/2019.1/lib/lnx64.o/libtcl8.5.so(Tcl_EvalObjv+0x32) [0x7fac418d25e2]
/opt/xilinx/Vivado/2019.1/lib/lnx64.o/libtcl8.5.so(TclEvalObjEx+0x322) [0x7fac418d4402]
/opt/xilinx/Vivado/2019.1/lib/lnx64.o/librdi_commontasks.so(+0x23ab2f) [0x7fac365d8b2f]
/opt/xilinx/Vivado/2019.1/lib/lnx64.o/librdi_commontasks.so(+0x23c1fe) [0x7fac365da1fe]
/opt/xilinx/Vivado/2019.1/lib/lnx64.o/librdi_common.so(+0x8068e2) [0x7fac4723b8e2]
/opt/xilinx/Vivado/2019.1/lib/lnx64.o/libtcl8.5.so(+0x334af) [0x7fac418d24af]
