#
# An unexpected error has occurred (11)
#
Stack:
/lib/x86_64-linux-gnu/libc.so.6(+0x3ef20) [0x7f74aee0ef20]
/opt/xilinx/Vivado/2019.1/lib/lnx64.o/libLLVM-3.1.so(llvm::ValueEnumerator::EnumerateType(llvm::Type*)+0x128) [0x7f749d48f488]
/opt/xilinx/Vivado/2019.1/lib/lnx64.o/libLLVM-3.1.so(llvm::ValueEnumerator::EnumerateValue(llvm::Value const*)+0x302) [0x7f749d490a42]
/opt/xilinx/Vivado/2019.1/lib/lnx64.o/libLLVM-3.1.so(llvm::ValueEnumerator::EnumerateValue(llvm::Value const*)+0x39a) [0x7f749d490ada]
/opt/xilinx/Vivado/2019.1/lib/lnx64.o/libLLVM-3.1.so(llvm::ValueEnumerator::EnumerateValue(llvm::Value const*)+0x39a) [0x7f749d490ada]
/opt/xilinx/Vivado/2019.1/lib/lnx64.o/libLLVM-3.1.so(llvm::ValueEnumerator::ValueEnumerator(llvm::Module const*)+0x489) [0x7f749d494889]
/opt/xilinx/Vivado/2019.1/lib/lnx64.o/libLLVM-3.1.so(+0x58aae4) [0x7f749d486ae4]
/opt/xilinx/Vivado/2019.1/lib/lnx64.o/libLLVM-3.1.so(llvm::WriteBitcodeToFile(llvm::Module const*, llvm::raw_ostream&)+0x148) [0x7f749d489f58]
/opt/xilinx/Vivado/2019.1/lib/lnx64.o/libLLVM-3.1.so(+0x590b73) [0x7f749d48cb73]
/opt/xilinx/Vivado/2019.1/lib/lnx64.o/libLLVM-3.1.so(llvm::MPPassManager::runOnModule(llvm::Module&)+0x182) [0x7f749d6f1682]
/opt/xilinx/Vivado/2019.1/lib/lnx64.o/libLLVM-3.1.so(llvm::PassManagerImpl::run(llvm::Module&)+0xac) [0x7f749d6f183c]
/opt/xilinx/Vivado/2019.1/lib/lnx64.o/libhls_main.so(+0xfa6d8) [0x7f749e89c6d8]
/opt/xilinx/Vivado/2019.1/lib/lnx64.o/libhls_support.so(xpcl::TclCommand::callbackInternal(int, Tcl_Obj* const*)+0x5f1) [0x7f749e56aac1]
/opt/xilinx/Vivado/2019.1/lib/lnx64.o/libhls_support.so(xpcl::TclCommand::callback(int, Tcl_Obj* const*)+0x2b) [0x7f749e56fb5b]
/opt/xilinx/Vivado/2019.1/lib/lnx64.o/libtcl8.5.so(+0x334af) [0x7f74aa80d4af]
/opt/xilinx/Vivado/2019.1/lib/lnx64.o/libtcl8.5.so(+0x76875) [0x7f74aa850875]
/opt/xilinx/Vivado/2019.1/lib/lnx64.o/libtcl8.5.so(+0x7e029) [0x7f74aa858029]
/opt/xilinx/Vivado/2019.1/lib/lnx64.o/libtcl8.5.so(TclEvalObjEx+0x76) [0x7f74aa80f156]
/opt/xilinx/Vivado/2019.1/lib/lnx64.o/librdi_commontasks.so(+0x1ebc27) [0x7f749f778c27]
/opt/xilinx/Vivado/2019.1/lib/lnx64.o/libtcl8.5.so(+0x334af) [0x7f74aa80d4af]
/opt/xilinx/Vivado/2019.1/lib/lnx64.o/libtcl8.5.so(+0x76875) [0x7f74aa850875]
/opt/xilinx/Vivado/2019.1/lib/lnx64.o/libtcl8.5.so(TclObjInterpProcCore+0x420) [0x7f74aa891df0]
/opt/xilinx/Vivado/2019.1/lib/lnx64.o/libtcl8.5.so(+0x334af) [0x7f74aa80d4af]
/opt/xilinx/Vivado/2019.1/lib/lnx64.o/libtcl8.5.so(+0x76875) [0x7f74aa850875]
/opt/xilinx/Vivado/2019.1/lib/lnx64.o/libtcl8.5.so(+0x7e029) [0x7f74aa858029]
/opt/xilinx/Vivado/2019.1/lib/lnx64.o/libtcl8.5.so(TclEvalObjEx+0x76) [0x7f74aa80f156]
/opt/xilinx/Vivado/2019.1/lib/lnx64.o/librdi_commontasks.so(+0x1ebc27) [0x7f749f778c27]
/opt/xilinx/Vivado/2019.1/lib/lnx64.o/libtcl8.5.so(+0x334af) [0x7f74aa80d4af]
/opt/xilinx/Vivado/2019.1/lib/lnx64.o/libtcl8.5.so(+0x76875) [0x7f74aa850875]
/opt/xilinx/Vivado/2019.1/lib/lnx64.o/libtcl8.5.so(TclObjInterpProcCore+0x420) [0x7f74aa891df0]
/opt/xilinx/Vivado/2019.1/lib/lnx64.o/libtcl8.5.so(+0x334af) [0x7f74aa80d4af]
/opt/xilinx/Vivado/2019.1/lib/lnx64.o/libtcl8.5.so(+0x76875) [0x7f74aa850875]
/opt/xilinx/Vivado/2019.1/lib/lnx64.o/libtcl8.5.so(TclObjInterpProcCore+0x420) [0x7f74aa891df0]
/opt/xilinx/Vivado/2019.1/lib/lnx64.o/libtcl8.5.so(+0x334af) [0x7f74aa80d4af]
/opt/xilinx/Vivado/2019.1/lib/lnx64.o/libtcl8.5.so(+0x76875) [0x7f74aa850875]
/opt/xilinx/Vivado/2019.1/lib/lnx64.o/libtcl8.5.so(+0x7e029) [0x7f74aa858029]
/opt/xilinx/Vivado/2019.1/lib/lnx64.o/libtcl8.5.so(TclEvalObjEx+0x76) [0x7f74aa80f156]
/opt/xilinx/Vivado/2019.1/lib/lnx64.o/librdi_commontasks.so(+0x1ebc27) [0x7f749f778c27]
/opt/xilinx/Vivado/2019.1/lib/lnx64.o/libtcl8.5.so(+0x334af) [0x7f74aa80d4af]
/opt/xilinx/Vivado/2019.1/lib/lnx64.o/libtcl8.5.so(+0x76875) [0x7f74aa850875]
/opt/xilinx/Vivado/2019.1/lib/lnx64.o/libtcl8.5.so(Tcl_ExprObj+0xf8) [0x7f74aa857c08]
/opt/xilinx/Vivado/2019.1/lib/lnx64.o/libtcl8.5.so(Tcl_ExprBooleanObj+0x16) [0x7f74aa80de96]
/opt/xilinx/Vivado/2019.1/lib/lnx64.o/libtcl8.5.so(+0x3e6de) [0x7f74aa8186de]
/opt/xilinx/Vivado/2019.1/lib/lnx64.o/libtcl8.5.so(+0x334af) [0x7f74aa80d4af]
/opt/xilinx/Vivado/2019.1/lib/lnx64.o/libtcl8.5.so(+0x34b38) [0x7f74aa80eb38]
/opt/xilinx/Vivado/2019.1/lib/lnx64.o/libtcl8.5.so(Tcl_EvalEx+0x13) [0x7f74aa80f0a3]
/opt/xilinx/Vivado/2019.1/lib/lnx64.o/libtcl8.5.so(Tcl_Eval+0x15) [0x7f74aa80f0c5]
/opt/xilinx/Vivado/2019.1/lib/lnx64.o/libhls_main.so(+0xab4d2) [0x7f749e84d4d2]
/opt/xilinx/Vivado/2019.1/lib/lnx64.o/libhls_support.so(xpcl::TclCommand::callbackInternal(int, Tcl_Obj* const*)+0x24c) [0x7f749e56a71c]
/opt/xilinx/Vivado/2019.1/lib/lnx64.o/libhls_support.so(xpcl::TclCommand::callback(int, Tcl_Obj* const*)+0x2b) [0x7f749e56fb5b]
/opt/xilinx/Vivado/2019.1/lib/lnx64.o/libtcl8.5.so(+0x334af) [0x7f74aa80d4af]
/opt/xilinx/Vivado/2019.1/lib/lnx64.o/libtcl8.5.so(+0x76875) [0x7f74aa850875]
/opt/xilinx/Vivado/2019.1/lib/lnx64.o/libtcl8.5.so(TclObjInterpProcCore+0x420) [0x7f74aa891df0]
/opt/xilinx/Vivado/2019.1/lib/lnx64.o/libtcl8.5.so(+0x334af) [0x7f74aa80d4af]
/opt/xilinx/Vivado/2019.1/lib/lnx64.o/libtcl8.5.so(+0x76875) [0x7f74aa850875]
/opt/xilinx/Vivado/2019.1/lib/lnx64.o/libtcl8.5.so(+0x7e029) [0x7f74aa858029]
/opt/xilinx/Vivado/2019.1/lib/lnx64.o/libtcl8.5.so(TclEvalObjEx+0x76) [0x7f74aa80f156]
/opt/xilinx/Vivado/2019.1/lib/lnx64.o/librdi_commontasks.so(+0x1ebc27) [0x7f749f778c27]
/opt/xilinx/Vivado/2019.1/lib/lnx64.o/libtcl8.5.so(+0x334af) [0x7f74aa80d4af]
/opt/xilinx/Vivado/2019.1/lib/lnx64.o/libtcl8.5.so(+0x76875) [0x7f74aa850875]
/opt/xilinx/Vivado/2019.1/lib/lnx64.o/libtcl8.5.so(Tcl_ExprObj+0xf8) [0x7f74aa857c08]
/opt/xilinx/Vivado/2019.1/lib/lnx64.o/libtcl8.5.so(Tcl_ExprBooleanObj+0x16) [0x7f74aa80de96]
/opt/xilinx/Vivado/2019.1/lib/lnx64.o/libtcl8.5.so(+0x3e6de) [0x7f74aa8186de]
/opt/xilinx/Vivado/2019.1/lib/lnx64.o/libtcl8.5.so(+0x334af) [0x7f74aa80d4af]
/opt/xilinx/Vivado/2019.1/lib/lnx64.o/libtcl8.5.so(+0x34b38) [0x7f74aa80eb38]
/opt/xilinx/Vivado/2019.1/lib/lnx64.o/libtcl8.5.so(Tcl_EvalEx+0x13) [0x7f74aa80f0a3]
/opt/xilinx/Vivado/2019.1/lib/lnx64.o/libtcl8.5.so(Tcl_Eval+0x15) [0x7f74aa80f0c5]
/opt/xilinx/Vivado/2019.1/lib/lnx64.o/libhls_main.so(+0xab4d2) [0x7f749e84d4d2]
/opt/xilinx/Vivado/2019.1/lib/lnx64.o/libhls_support.so(xpcl::TclCommand::callbackInternal(int, Tcl_Obj* const*)+0x24c) [0x7f749e56a71c]
/opt/xilinx/Vivado/2019.1/lib/lnx64.o/libhls_support.so(xpcl::TclCommand::callback(int, Tcl_Obj* const*)+0x2b) [0x7f749e56fb5b]
/opt/xilinx/Vivado/2019.1/lib/lnx64.o/libtcl8.5.so(+0x334af) [0x7f74aa80d4af]
/opt/xilinx/Vivado/2019.1/lib/lnx64.o/libtcl8.5.so(+0x76875) [0x7f74aa850875]
/opt/xilinx/Vivado/2019.1/lib/lnx64.o/libtcl8.5.so(TclObjInterpProcCore+0x420) [0x7f74aa891df0]
/opt/xilinx/Vivado/2019.1/lib/lnx64.o/libtcl8.5.so(+0x334af) [0x7f74aa80d4af]
/opt/xilinx/Vivado/2019.1/lib/lnx64.o/libtcl8.5.so(+0x76875) [0x7f74aa850875]
/opt/xilinx/Vivado/2019.1/lib/lnx64.o/libtcl8.5.so(+0x7e029) [0x7f74aa858029]
/opt/xilinx/Vivado/2019.1/lib/lnx64.o/libtcl8.5.so(TclEvalObjEx+0x76) [0x7f74aa80f156]
/opt/xilinx/Vivado/2019.1/lib/lnx64.o/librdi_commontasks.so(+0x1ebc27) [0x7f749f778c27]
/opt/xilinx/Vivado/2019.1/lib/lnx64.o/libtcl8.5.so(+0x334af) [0x7f74aa80d4af]
/opt/xilinx/Vivado/2019.1/lib/lnx64.o/libtcl8.5.so(+0x76875) [0x7f74aa850875]
/opt/xilinx/Vivado/2019.1/lib/lnx64.o/libtcl8.5.so(Tcl_ExprObj+0xf8) [0x7f74aa857c08]
/opt/xilinx/Vivado/2019.1/lib/lnx64.o/libtcl8.5.so(Tcl_ExprBooleanObj+0x16) [0x7f74aa80de96]
/opt/xilinx/Vivado/2019.1/lib/lnx64.o/libtcl8.5.so(+0x3e6de) [0x7f74aa8186de]
/opt/xilinx/Vivado/2019.1/lib/lnx64.o/libtcl8.5.so(+0x334af) [0x7f74aa80d4af]
/opt/xilinx/Vivado/2019.1/lib/lnx64.o/libtcl8.5.so(+0x34b38) [0x7f74aa80eb38]
/opt/xilinx/Vivado/2019.1/lib/lnx64.o/libtcl8.5.so(Tcl_EvalEx+0x13) [0x7f74aa80f0a3]
/opt/xilinx/Vivado/2019.1/lib/lnx64.o/libtcl8.5.so(Tcl_Eval+0x15) [0x7f74aa80f0c5]
/opt/xilinx/Vivado/2019.1/lib/lnx64.o/libhls_main.so(+0xab4d2) [0x7f749e84d4d2]
/opt/xilinx/Vivado/2019.1/lib/lnx64.o/libhls_support.so(xpcl::TclCommand::callbackInternal(int, Tcl_Obj* const*)+0x24c) [0x7f749e56a71c]
/opt/xilinx/Vivado/2019.1/lib/lnx64.o/libhls_support.so(xpcl::TclCommand::callback(int, Tcl_Obj* const*)+0x2b) [0x7f749e56fb5b]
/opt/xilinx/Vivado/2019.1/lib/lnx64.o/libtcl8.5.so(+0x334af) [0x7f74aa80d4af]
/opt/xilinx/Vivado/2019.1/lib/lnx64.o/libtcl8.5.so(+0x76875) [0x7f74aa850875]
/opt/xilinx/Vivado/2019.1/lib/lnx64.o/libtcl8.5.so(+0x7e029) [0x7f74aa858029]
/opt/xilinx/Vivado/2019.1/lib/lnx64.o/libtcl8.5.so(TclEvalObjEx+0x76) [0x7f74aa80f156]
/opt/xilinx/Vivado/2019.1/lib/lnx64.o/librdi_commontasks.so(+0x1eca82) [0x7f749f779a82]
/opt/xilinx/Vivado/2019.1/lib/lnx64.o/libtcl8.5.so(+0x334af) [0x7f74aa80d4af]
/opt/xilinx/Vivado/2019.1/lib/lnx64.o/libtcl8.5.so(+0x34b38) [0x7f74aa80eb38]
/opt/xilinx/Vivado/2019.1/lib/lnx64.o/libtcl8.5.so(Tcl_EvalEx+0x13) [0x7f74aa80f0a3]
/opt/xilinx/Vivado/2019.1/lib/lnx64.o/libtcl8.5.so(Tcl_FSEvalFileEx+0x1da) [0x7f74aa873c5a]
/opt/xilinx/Vivado/2019.1/lib/lnx64.o/libhls_main.so(ApSourceTclFile(std::__cxx11::basic_string<char, std::char_traits<char>, std::allocator<char> > const&, char const*)+0x77) [0x7f749e8410a7]
/opt/xilinx/Vivado/2019.1/lib/lnx64.o/libhls_main.so(+0xa4ed9) [0x7f749e846ed9]
/opt/xilinx/Vivado/2019.1/lib/lnx64.o/libhls_support.so(xpcl::TclCommand::callbackInternal(int, Tcl_Obj* const*)+0x24c) [0x7f749e56a71c]
/opt/xilinx/Vivado/2019.1/lib/lnx64.o/libhls_support.so(xpcl::TclCommand::callback(int, Tcl_Obj* const*)+0x2b) [0x7f749e56fb5b]
/opt/xilinx/Vivado/2019.1/lib/lnx64.o/libtcl8.5.so(+0x334af) [0x7f74aa80d4af]
/opt/xilinx/Vivado/2019.1/lib/lnx64.o/libtcl8.5.so(+0x76875) [0x7f74aa850875]
/opt/xilinx/Vivado/2019.1/lib/lnx64.o/libtcl8.5.so(+0x7e029) [0x7f74aa858029]
/opt/xilinx/Vivado/2019.1/lib/lnx64.o/libtcl8.5.so(TclEvalObjEx+0x76) [0x7f74aa80f156]
/opt/xilinx/Vivado/2019.1/lib/lnx64.o/librdi_commontasks.so(+0x1ebc27) [0x7f749f778c27]
/opt/xilinx/Vivado/2019.1/lib/lnx64.o/libtcl8.5.so(+0x334af) [0x7f74aa80d4af]
/opt/xilinx/Vivado/2019.1/lib/lnx64.o/libtcl8.5.so(+0x76875) [0x7f74aa850875]
/opt/xilinx/Vivado/2019.1/lib/lnx64.o/libtcl8.5.so(+0x7e029) [0x7f74aa858029]
/opt/xilinx/Vivado/2019.1/lib/lnx64.o/libtcl8.5.so(TclEvalObjEx+0x76) [0x7f74aa80f156]
/opt/xilinx/Vivado/2019.1/lib/lnx64.o/libtcl8.5.so(+0xb7557) [0x7f74aa891557]
/opt/xilinx/Vivado/2019.1/lib/lnx64.o/libtcl8.5.so(+0x334af) [0x7f74aa80d4af]
/opt/xilinx/Vivado/2019.1/lib/lnx64.o/libtcl8.5.so(+0x76875) [0x7f74aa850875]
/opt/xilinx/Vivado/2019.1/lib/lnx64.o/libtcl8.5.so(TclObjInterpProcCore+0x420) [0x7f74aa891df0]
/opt/xilinx/Vivado/2019.1/lib/lnx64.o/libtcl8.5.so(+0x334af) [0x7f74aa80d4af]
/opt/xilinx/Vivado/2019.1/lib/lnx64.o/libtcl8.5.so(+0x76875) [0x7f74aa850875]
/opt/xilinx/Vivado/2019.1/lib/lnx64.o/libtcl8.5.so(+0x7e029) [0x7f74aa858029]
/opt/xilinx/Vivado/2019.1/lib/lnx64.o/libtcl8.5.so(TclEvalObjEx+0x76) [0x7f74aa80f156]
/opt/xilinx/Vivado/2019.1/lib/lnx64.o/libtcl8.5.so(TclChannelEventScriptInvoker+0x39) [0x7f74aa8665c9]
/opt/xilinx/Vivado/2019.1/lib/lnx64.o/libtcl8.5.so(Tcl_NotifyChannel+0x121) [0x7f74aa86a541]
/opt/xilinx/Vivado/2019.1/lib/lnx64.o/libtcl8.5.so(+0xdd597) [0x7f74aa8b7597]
/opt/xilinx/Vivado/2019.1/lib/lnx64.o/libtcl8.5.so(Tcl_ServiceEvent+0x7f) [0x7f74aa881b0f]
/opt/xilinx/Vivado/2019.1/lib/lnx64.o/libtcl8.5.so(Tcl_DoOneEvent+0x154) [0x7f74aa881e44]
/opt/xilinx/Vivado/2019.1/lib/lnx64.o/libtcl8.5.so(+0x74450) [0x7f74aa84e450]
/opt/xilinx/Vivado/2019.1/lib/lnx64.o/libtcl8.5.so(+0x334af) [0x7f74aa80d4af]
/opt/xilinx/Vivado/2019.1/lib/lnx64.o/libtcl8.5.so(+0x76875) [0x7f74aa850875]
/opt/xilinx/Vivado/2019.1/lib/lnx64.o/libtcl8.5.so(TclObjInterpProcCore+0x420) [0x7f74aa891df0]
/opt/xilinx/Vivado/2019.1/lib/lnx64.o/libtcl8.5.so(+0x334af) [0x7f74aa80d4af]
/opt/xilinx/Vivado/2019.1/lib/lnx64.o/libtcl8.5.so(+0x76875) [0x7f74aa850875]
/opt/xilinx/Vivado/2019.1/lib/lnx64.o/libtcl8.5.so(TclObjInterpProcCore+0x420) [0x7f74aa891df0]
/opt/xilinx/Vivado/2019.1/lib/lnx64.o/libtcl8.5.so(+0x334af) [0x7f74aa80d4af]
/opt/xilinx/Vivado/2019.1/lib/lnx64.o/libtcl8.5.so(+0x76875) [0x7f74aa850875]
/opt/xilinx/Vivado/2019.1/lib/lnx64.o/libtcl8.5.so(+0x7e029) [0x7f74aa858029]
/opt/xilinx/Vivado/2019.1/lib/lnx64.o/libtcl8.5.so(TclEvalObjEx+0x76) [0x7f74aa80f156]
/opt/xilinx/Vivado/2019.1/lib/lnx64.o/librdi_commontasks.so(+0x1ebc27) [0x7f749f778c27]
/opt/xilinx/Vivado/2019.1/lib/lnx64.o/libtcl8.5.so(+0x334af) [0x7f74aa80d4af]
/opt/xilinx/Vivado/2019.1/lib/lnx64.o/libtcl8.5.so(+0x76875) [0x7f74aa850875]
/opt/xilinx/Vivado/2019.1/lib/lnx64.o/libtcl8.5.so(Tcl_ExprObj+0xf8) [0x7f74aa857c08]
/opt/xilinx/Vivado/2019.1/lib/lnx64.o/libtcl8.5.so(Tcl_ExprBooleanObj+0x16) [0x7f74aa80de96]
/opt/xilinx/Vivado/2019.1/lib/lnx64.o/libtcl8.5.so(+0x3e6de) [0x7f74aa8186de]
/opt/xilinx/Vivado/2019.1/lib/lnx64.o/libtcl8.5.so(+0x334af) [0x7f74aa80d4af]
/opt/xilinx/Vivado/2019.1/lib/lnx64.o/libtcl8.5.so(+0x34b38) [0x7f74aa80eb38]
/opt/xilinx/Vivado/2019.1/lib/lnx64.o/libtcl8.5.so(Tcl_EvalEx+0x13) [0x7f74aa80f0a3]
/opt/xilinx/Vivado/2019.1/lib/lnx64.o/libtcl8.5.so(Tcl_Eval+0x15) [0x7f74aa80f0c5]
/opt/xilinx/Vivado/2019.1/lib/lnx64.o/libhls_main.so(+0xab4d2) [0x7f749e84d4d2]
/opt/xilinx/Vivado/2019.1/lib/lnx64.o/libhls_support.so(xpcl::TclCommand::callbackInternal(int, Tcl_Obj* const*)+0x24c) [0x7f749e56a71c]
/opt/xilinx/Vivado/2019.1/lib/lnx64.o/libhls_support.so(xpcl::TclCommand::callback(int, Tcl_Obj* const*)+0x2b) [0x7f749e56fb5b]
/opt/xilinx/Vivado/2019.1/lib/lnx64.o/libtcl8.5.so(+0x334af) [0x7f74aa80d4af]
/opt/xilinx/Vivado/2019.1/lib/lnx64.o/libtcl8.5.so(+0x34b38) [0x7f74aa80eb38]
/opt/xilinx/Vivado/2019.1/lib/lnx64.o/libtcl8.5.so(Tcl_EvalEx+0x13) [0x7f74aa80f0a3]
/opt/xilinx/Vivado/2019.1/lib/lnx64.o/libtcl8.5.so(TclEvalObjEx+0x1e0) [0x7f74aa80f2c0]
/opt/xilinx/Vivado/2019.1/lib/lnx64.o/libtcl8.5.so(+0x3b375) [0x7f74aa815375]
/opt/xilinx/Vivado/2019.1/lib/lnx64.o/libtcl8.5.so(+0x334af) [0x7f74aa80d4af]
/opt/xilinx/Vivado/2019.1/lib/lnx64.o/libtcl8.5.so(+0x76875) [0x7f74aa850875]
/opt/xilinx/Vivado/2019.1/lib/lnx64.o/libtcl8.5.so(+0x7e029) [0x7f74aa858029]
/opt/xilinx/Vivado/2019.1/lib/lnx64.o/libtcl8.5.so(TclEvalObjEx+0x76) [0x7f74aa80f156]
/opt/xilinx/Vivado/2019.1/lib/lnx64.o/librdi_commontasks.so(+0x1ebc27) [0x7f749f778c27]
/opt/xilinx/Vivado/2019.1/lib/lnx64.o/libtcl8.5.so(+0x334af) [0x7f74aa80d4af]
/opt/xilinx/Vivado/2019.1/lib/lnx64.o/libtcl8.5.so(+0x76875) [0x7f74aa850875]
/opt/xilinx/Vivado/2019.1/lib/lnx64.o/libtcl8.5.so(TclObjInterpProcCore+0x420) [0x7f74aa891df0]
/opt/xilinx/Vivado/2019.1/lib/lnx64.o/libtcl8.5.so(+0x334af) [0x7f74aa80d4af]
/opt/xilinx/Vivado/2019.1/lib/lnx64.o/libtcl8.5.so(+0x76875) [0x7f74aa850875]
/opt/xilinx/Vivado/2019.1/lib/lnx64.o/libtcl8.5.so(TclObjInterpProcCore+0x420) [0x7f74aa891df0]
/opt/xilinx/Vivado/2019.1/lib/lnx64.o/libtcl8.5.so(+0x334af) [0x7f74aa80d4af]
/opt/xilinx/Vivado/2019.1/lib/lnx64.o/libtcl8.5.so(+0x34b38) [0x7f74aa80eb38]
/opt/xilinx/Vivado/2019.1/lib/lnx64.o/libtcl8.5.so(Tcl_EvalEx+0x13) [0x7f74aa80f0a3]
/opt/xilinx/Vivado/2019.1/lib/lnx64.o/libtcl8.5.so(Tcl_Eval+0x15) [0x7f74aa80f0c5]
/opt/xilinx/Vivado/2019.1/lib/lnx64.o/libhls_support.so(+0x719e4) [0x7f749e5679e4]
/opt/xilinx/Vivado/2019.1/lib/lnx64.o/libhls_support.so(xpcl::TclManager::tclMain(Tcl_Interp*)+0xc) [0x7f749e567adc]
/opt/xilinx/Vivado/2019.1/lib/lnx64.o/librdi_hlstasks.so(+0xf15f) [0x7f74a62e215f]
/opt/xilinx/Vivado/2019.1/lib/lnx64.o/librdi_common.so(+0x8068e2) [0x7f74b01768e2]
/opt/xilinx/Vivado/2019.1/lib/lnx64.o/libtcl8.5.so(+0x334af) [0x7f74aa80d4af]
/opt/xilinx/Vivado/2019.1/lib/lnx64.o/libtcl8.5.so(+0x34b38) [0x7f74aa80eb38]
/opt/xilinx/Vivado/2019.1/lib/lnx64.o/libtcl8.5.so(Tcl_EvalEx+0x13) [0x7f74aa80f0a3]
/opt/xilinx/Vivado/2019.1/lib/lnx64.o/libtcl8.5.so(TclEvalObjEx+0x3cf) [0x7f74aa80f4af]
/opt/xilinx/Vivado/2019.1/lib/lnx64.o/libtcl8.5.so(+0xb74a9) [0x7f74aa8914a9]
/opt/xilinx/Vivado/2019.1/lib/lnx64.o/libtcl8.5.so(+0x334af) [0x7f74aa80d4af]
/opt/xilinx/Vivado/2019.1/lib/lnx64.o/libtcl8.5.so(+0x76875) [0x7f74aa850875]
/opt/xilinx/Vivado/2019.1/lib/lnx64.o/libtcl8.5.so(TclObjInterpProcCore+0x420) [0x7f74aa891df0]
/opt/xilinx/Vivado/2019.1/lib/lnx64.o/libtcl8.5.so(+0x334af) [0x7f74aa80d4af]
/opt/xilinx/Vivado/2019.1/lib/lnx64.o/libtcl8.5.so(+0x76875) [0x7f74aa850875]
/opt/xilinx/Vivado/2019.1/lib/lnx64.o/libtcl8.5.so(+0x7e029) [0x7f74aa858029]
/opt/xilinx/Vivado/2019.1/lib/lnx64.o/libtcl8.5.so(TclEvalObjEx+0x76) [0x7f74aa80f156]
/opt/xilinx/Vivado/2019.1/lib/lnx64.o/librdi_commontasks.so(+0x1ebcc4) [0x7f749f778cc4]
/opt/xilinx/Vivado/2019.1/lib/lnx64.o/libtcl8.5.so(+0x334af) [0x7f74aa80d4af]
/opt/xilinx/Vivado/2019.1/lib/lnx64.o/libtcl8.5.so(+0x34b38) [0x7f74aa80eb38]
/opt/xilinx/Vivado/2019.1/lib/lnx64.o/libtcl8.5.so(+0xad486) [0x7f74aa887486]
/opt/xilinx/Vivado/2019.1/lib/lnx64.o/libtcl8.5.so(+0x346c5) [0x7f74aa80e6c5]
/opt/xilinx/Vivado/2019.1/lib/lnx64.o/libtcl8.5.so(Tcl_EvalEx+0x13) [0x7f74aa80f0a3]
/opt/xilinx/Vivado/2019.1/lib/lnx64.o/libtcl8.5.so(Tcl_FSEvalFileEx+0x1da) [0x7f74aa873c5a]
/opt/xilinx/Vivado/2019.1/lib/lnx64.o/librdi_commontasks.so(+0x208e5d) [0x7f749f795e5d]
/opt/xilinx/Vivado/2019.1/lib/lnx64.o/librdi_common.so(+0x8068e2) [0x7f74b01768e2]
/opt/xilinx/Vivado/2019.1/lib/lnx64.o/libtcl8.5.so(+0x334af) [0x7f74aa80d4af]
/opt/xilinx/Vivado/2019.1/lib/lnx64.o/libtcl8.5.so(Tcl_EvalObjv+0x32) [0x7f74aa80d5e2]
/opt/xilinx/Vivado/2019.1/lib/lnx64.o/libtcl8.5.so(TclEvalObjEx+0x322) [0x7f74aa80f402]
