

================================================================
== Vivado HLS Report for 'ivtv_yuv_window_setup'
================================================================
* Date:           Sun May 24 19:13:11 2020

* Version:        2019.1 (Build 2552052 on Fri May 24 15:28:33 MDT 2019)
* Project:        proj_extr_.linuxdriversmediapciivtvivtv-yuv.c_ivtv_yuv_window_setup_with_main.c
* Solution:       solution1
* Product family: kintex7
* Target device:  xc7k160t-fbg484-1


================================================================
== Performance Estimates
================================================================
+ Timing (ns): 
    * Summary: 
    +--------+-------+----------+------------+
    |  Clock | Target| Estimated| Uncertainty|
    +--------+-------+----------+------------+
    |ap_clk  |  10.00|     8.523|        1.25|
    +--------+-------+----------+------------+

+ Latency (clock cycles): 
    * Summary: 
    +-----+-----+-----+-----+---------+
    |  Latency  |  Interval | Pipeline|
    | min | max | min | max |   Type  |
    +-----+-----+-----+-----+---------+
    |    1|   39|    1|   39|   none  |
    +-----+-----+-----+-----+---------+

    + Detail: 
        * Instance: 
        N/A

        * Loop: 
        N/A



================================================================
== Utilization Estimates
================================================================
* Summary: 
+-----------------+---------+-------+--------+--------+-----+
|       Name      | BRAM_18K| DSP48E|   FF   |   LUT  | URAM|
+-----------------+---------+-------+--------+--------+-----+
|DSP              |        -|      -|       -|       -|    -|
|Expression       |        -|     12|       0|    2984|    -|
|FIFO             |        -|      -|       -|       -|    -|
|Instance         |        -|      -|     788|     476|    -|
|Memory           |        -|      -|       -|       -|    -|
|Multiplexer      |        -|      -|       -|     454|    -|
|Register         |        -|      -|    1272|       -|    -|
+-----------------+---------+-------+--------+--------+-----+
|Total            |        0|     12|    2060|    3914|    0|
+-----------------+---------+-------+--------+--------+-----+
|Available        |      650|    600|  202800|  101400|    0|
+-----------------+---------+-------+--------+--------+-----+
|Utilization (%)  |        0|      2|       1|       3|    0|
+-----------------+---------+-------+--------+--------+-----+

+ Detail: 
    * Instance: 
    +-----------------------------------------------------+--------------------------------------------------+---------+-------+-----+-----+-----+
    |                       Instance                      |                      Module                      | BRAM_18K| DSP48E|  FF | LUT | URAM|
    +-----------------------------------------------------+--------------------------------------------------+---------+-------+-----+-----+-----+
    |ivtv_yuv_window_setup_sdiv_32ns_32ns_32_36_seq_1_U1  |ivtv_yuv_window_setup_sdiv_32ns_32ns_32_36_seq_1  |        0|      0|  394|  238|    0|
    |ivtv_yuv_window_setup_sdiv_32ns_32ns_32_36_seq_1_U2  |ivtv_yuv_window_setup_sdiv_32ns_32ns_32_36_seq_1  |        0|      0|  394|  238|    0|
    +-----------------------------------------------------+--------------------------------------------------+---------+-------+-----+-----+-----+
    |Total                                                |                                                  |        0|      0|  788|  476|    0|
    +-----------------------------------------------------+--------------------------------------------------+---------+-------+-----+-----+-----+

    * DSP48E: 
    N/A

    * Memory: 
    N/A

    * FIFO: 
    N/A

    * Expression: 
    +---------------------------+----------+-------+---+----+------------+------------+
    |       Variable Name       | Operation| DSP48E| FF| LUT| Bitwidth P0| Bitwidth P1|
    +---------------------------+----------+-------+---+----+------------+------------+
    |mul_ln70_fu_1136_p2        |     *    |      3|  0|  21|          32|          32|
    |mul_ln81_fu_1154_p2        |     *    |      3|  0|  21|          32|          32|
    |mul_ln88_fu_1168_p2        |     *    |      3|  0|  21|          32|          32|
    |mul_ln99_fu_1186_p2        |     *    |      3|  0|  21|          32|          32|
    |add_ln104_fu_1039_p2       |     +    |      0|  0|  39|          32|          32|
    |add_ln105_fu_1045_p2       |     +    |      0|  0|  39|          32|          32|
    |add_ln113_fu_1330_p2       |     +    |      0|  0|  39|          32|          32|
    |add_ln122_fu_1368_p2       |     +    |      0|  0|  39|          32|          32|
    |add_ln134_fu_1611_p2       |     +    |      0|  0|  39|          32|          32|
    |add_ln139_fu_1688_p2       |     +    |      0|  0|  39|          32|          32|
    |add_ln38_fu_663_p2         |     +    |      0|  0|  39|          32|          32|
    |add_ln41_fu_681_p2         |     +    |      0|  0|  38|          31|          31|
    |add_ln52_fu_822_p2         |     +    |      0|  0|  39|          32|          32|
    |add_ln55_fu_842_p2         |     +    |      0|  0|  38|          31|          31|
    |add_ln70_fu_1235_p2        |     +    |      0|  0|  39|          32|          32|
    |add_ln78_fu_959_p2         |     +    |      0|  0|  32|          32|          32|
    |add_ln88_fu_1284_p2        |     +    |      0|  0|  39|          32|          32|
    |add_ln96_fu_1015_p2        |     +    |      0|  0|  32|          32|          32|
    |osd_crop_1_fu_796_p2       |     -    |      0|  0|  39|          32|          32|
    |osd_crop_2_fu_919_p2       |     -    |      0|  0|  39|          32|          32|
    |osd_crop_3_fu_965_p2       |     -    |      0|  0|  32|          32|          32|
    |osd_crop_4_fu_977_p2       |     -    |      0|  0|  39|          32|          32|
    |osd_crop_5_fu_1021_p2      |     -    |      0|  0|  32|          32|          32|
    |osd_crop_fu_637_p2         |     -    |      0|  0|  39|          32|          32|
    |sub_ln131_1_fu_1557_p2     |     -    |      0|  0|  38|           1|          31|
    |sub_ln131_fu_1410_p2       |     -    |      0|  0|  39|           1|          32|
    |sub_ln133_1_fu_1586_p2     |     -    |      0|  0|  38|           1|          31|
    |sub_ln133_fu_1444_p2       |     -    |      0|  0|  39|           1|          32|
    |sub_ln136_1_fu_1634_p2     |     -    |      0|  0|  38|           1|          31|
    |sub_ln136_fu_1468_p2       |     -    |      0|  0|  39|           1|          32|
    |sub_ln138_1_fu_1663_p2     |     -    |      0|  0|  38|           1|          31|
    |sub_ln138_fu_1502_p2       |     -    |      0|  0|  39|           1|          32|
    |sub_ln71_fu_1241_p2        |     -    |      0|  0|  39|          32|          32|
    |sub_ln72_fu_931_p2         |     -    |      0|  0|  39|          32|          32|
    |sub_ln75_fu_937_p2         |     -    |      0|  0|  39|          32|          32|
    |sub_ln80_fu_1150_p2        |     -    |      0|  0|  39|          32|          32|
    |sub_ln81_fu_1268_p2        |     -    |      0|  0|  39|          32|          32|
    |sub_ln89_fu_1289_p2        |     -    |      0|  0|  39|          32|          32|
    |sub_ln90_fu_989_p2         |     -    |      0|  0|  39|          32|          32|
    |sub_ln93_fu_994_p2         |     -    |      0|  0|  39|          32|          32|
    |sub_ln98_fu_1182_p2        |     -    |      0|  0|  39|          32|          32|
    |sub_ln99_fu_1313_p2        |     -    |      0|  0|  39|          32|          32|
    |icmp_ln102_fu_1033_p2      |   icmp   |      0|  0|  18|          32|           1|
    |icmp_ln131_fu_1577_p2      |   icmp   |      0|  0|  18|          32|          32|
    |icmp_ln136_fu_1654_p2      |   icmp   |      0|  0|  18|          32|          32|
    |icmp_ln143_1_fu_1714_p2    |   icmp   |      0|  0|  18|          32|           2|
    |icmp_ln143_2_fu_1720_p2    |   icmp   |      0|  0|  18|          32|           2|
    |icmp_ln143_3_fu_1726_p2    |   icmp   |      0|  0|  18|          32|           2|
    |icmp_ln143_fu_1708_p2      |   icmp   |      0|  0|  18|          32|           2|
    |icmp_ln155_1_fu_1756_p2    |   icmp   |      0|  0|  18|          32|          32|
    |icmp_ln155_2_fu_1762_p2    |   icmp   |      0|  0|  18|          32|          32|
    |icmp_ln155_3_fu_1768_p2    |   icmp   |      0|  0|  18|          32|          32|
    |icmp_ln155_4_fu_1774_p2    |   icmp   |      0|  0|  18|          32|          32|
    |icmp_ln155_5_fu_1779_p2    |   icmp   |      0|  0|  18|          32|          32|
    |icmp_ln155_6_fu_1784_p2    |   icmp   |      0|  0|  18|          32|          32|
    |icmp_ln155_7_fu_1790_p2    |   icmp   |      0|  0|  18|          32|          32|
    |icmp_ln155_8_fu_1796_p2    |   icmp   |      0|  0|  18|          32|          32|
    |icmp_ln155_fu_1750_p2      |   icmp   |      0|  0|  18|          32|          32|
    |icmp_ln37_fu_643_p2        |   icmp   |      0|  0|  18|          32|           1|
    |icmp_ln45_1_fu_765_p2      |   icmp   |      0|  0|  21|          35|          35|
    |icmp_ln45_fu_753_p2        |   icmp   |      0|  0|  21|          35|          35|
    |icmp_ln50_fu_802_p2        |   icmp   |      0|  0|  18|          32|           1|
    |icmp_ln60_1_fu_859_p2      |   icmp   |      0|  0|  18|          32|           2|
    |icmp_ln60_2_fu_865_p2      |   icmp   |      0|  0|  18|          32|           2|
    |icmp_ln60_3_fu_871_p2      |   icmp   |      0|  0|  18|          32|           2|
    |icmp_ln60_fu_853_p2        |   icmp   |      0|  0|  18|          32|           2|
    |icmp_ln68_fu_925_p2        |   icmp   |      0|  0|  18|          32|           1|
    |icmp_ln78_fu_971_p2        |   icmp   |      0|  0|  18|          32|           1|
    |icmp_ln86_fu_983_p2        |   icmp   |      0|  0|  18|          32|           1|
    |icmp_ln96_fu_1027_p2       |   icmp   |      0|  0|  18|          32|           1|
    |or_ln143_1_fu_1738_p2      |    or    |      0|  0|   6|           1|           1|
    |or_ln143_2_fu_1744_p2      |    or    |      0|  0|   6|           1|           1|
    |or_ln143_fu_1732_p2        |    or    |      0|  0|   6|           1|           1|
    |or_ln37_fu_691_p2          |    or    |      0|  0|   6|           1|           1|
    |or_ln60_1_fu_883_p2        |    or    |      0|  0|   6|           1|           1|
    |or_ln60_2_fu_889_p2        |    or    |      0|  0|   6|           1|           1|
    |or_ln60_fu_877_p2          |    or    |      0|  0|   6|           1|           1|
    |select_ln102_1_fu_1128_p3  |  select  |      0|  0|  31|           1|          31|
    |select_ln102_fu_1081_p3    |  select  |      0|  0|  31|           1|          31|
    |select_ln131_1_fu_1617_p3  |  select  |      0|  0|  32|           1|          32|
    |select_ln131_2_fu_1623_p3  |  select  |      0|  0|  32|           1|          32|
    |select_ln131_fu_1566_p3    |  select  |      0|  0|  31|           1|          31|
    |select_ln133_fu_1592_p3    |  select  |      0|  0|  31|           1|          31|
    |select_ln136_1_fu_1694_p3  |  select  |      0|  0|  32|           1|          32|
    |select_ln136_2_fu_1700_p3  |  select  |      0|  0|  32|           1|          32|
    |select_ln136_fu_1643_p3    |  select  |      0|  0|  31|           1|          31|
    |select_ln138_fu_1669_p3    |  select  |      0|  0|  31|           1|          31|
    |select_ln31_fu_587_p3      |  select  |      0|  0|  31|           1|           1|
    |select_ln33_fu_613_p3      |  select  |      0|  0|  31|           1|           1|
    |select_ln37_1_fu_705_p3    |  select  |      0|  0|  32|           1|          32|
    |select_ln37_2_fu_713_p3    |  select  |      0|  0|  32|           1|          32|
    |select_ln37_3_fu_721_p3    |  select  |      0|  0|  32|           1|          32|
    |select_ln37_fu_697_p3      |  select  |      0|  0|  32|           1|          32|
    |select_ln45_fu_777_p3      |  select  |      0|  0|   2|           1|           1|
    |select_ln68_1_fu_1247_p3   |  select  |      0|  0|  32|           1|          32|
    |select_ln68_2_fu_1258_p3   |  select  |      0|  0|  32|           1|          32|
    |select_ln68_3_fu_951_p3    |  select  |      0|  0|  32|           1|          32|
    |select_ln68_fu_943_p3      |  select  |      0|  0|  32|           1|           1|
    |select_ln78_1_fu_1226_p3   |  select  |      0|  0|  31|           1|          31|
    |select_ln78_fu_1274_p3     |  select  |      0|  0|  32|           1|          32|
    |select_ln86_1_fu_1294_p3   |  select  |      0|  0|  32|           1|          32|
    |select_ln86_2_fu_1304_p3   |  select  |      0|  0|  32|           1|          32|
    |select_ln86_3_fu_1008_p3   |  select  |      0|  0|  32|           1|          32|
    |select_ln86_fu_1000_p3     |  select  |      0|  0|  32|           1|           1|
    |select_ln96_1_fu_1210_p3   |  select  |      0|  0|  31|           1|          31|
    |select_ln96_fu_1319_p3     |  select  |      0|  0|  32|           1|          32|
    |xor_ln45_1_fu_771_p2       |    xor   |      0|  0|   6|           1|           2|
    |xor_ln45_fu_759_p2         |    xor   |      0|  0|   6|           1|           2|
    +---------------------------+----------+-------+---+----+------------+------------+
    |Total                      |          |     12|  0|2984|        2034|        2559|
    +---------------------------+----------+-------+---+----+------------+------------+

    * Multiplexer: 
    +-----------------------------------------+-----+-----------+-----+-----------+
    |                   Name                  | LUT | Input Size| Bits| Total Bits|
    +-----------------------------------------+-----+-----------+-----+-----------+
    |ap_NS_fsm                                |  181|         41|    1|         41|
    |ap_phi_mux_empty_4_phi_fu_393_p6         |   15|          3|   32|         96|
    |ap_phi_mux_empty_5_phi_fu_407_p6         |   15|          3|   32|         96|
    |ap_phi_mux_f_src_h_flag_0_phi_fu_366_p6  |   15|          3|    1|          3|
    |ap_phi_mux_f_src_y_flag_1_phi_fu_339_p6  |   15|          3|    1|          3|
    |ap_phi_mux_f_src_y_new_1_phi_fu_352_p6   |   15|          3|   32|         96|
    |empty_4_reg_390                          |    9|          2|   32|         64|
    |empty_5_reg_404                          |    9|          2|   32|         64|
    |empty_reg_378                            |    9|          2|   32|         64|
    |f_dst_h_new_2_reg_560                    |    9|          2|   32|         64|
    |f_dst_h_o                                |    9|          2|   32|         64|
    |f_dst_w_new_2_reg_513                    |    9|          2|   32|         64|
    |f_dst_w_o                                |    9|          2|   32|         64|
    |f_dst_x_o                                |    9|          2|   32|         64|
    |f_dst_y_o                                |    9|          2|   32|         64|
    |f_interlaced_y_o                         |    9|          2|   32|         64|
    |f_src_h_flag_2_reg_527                   |    9|          2|    1|          2|
    |f_src_h_new_2_reg_545                    |    9|          2|   32|         64|
    |f_src_h_o                                |    9|          2|   32|         64|
    |f_src_w_flag_2_reg_482                   |    9|          2|    1|          2|
    |f_src_w_new_2_reg_499                    |    9|          2|   31|         62|
    |f_src_w_o                                |    9|          2|   32|         64|
    |f_src_x_flag_2_reg_418                   |    9|          2|    1|          2|
    |f_src_x_new_2_reg_435                    |    9|          2|   32|         64|
    |f_src_x_o                                |    9|          2|   32|         64|
    |f_src_y_flag_2_reg_449                   |    9|          2|    1|          2|
    |f_src_y_new_2_reg_467                    |    9|          2|   32|         64|
    |f_src_y_o                                |    9|          2|   32|         64|
    +-----------------------------------------+-----+-----------+-----+-----------+
    |Total                                    |  454|        100|  678|       1493|
    +-----------------------------------------+-----+-----------+-----+-----------+

    * Register: 
    +-------------------------+----+----+-----+-----------+
    |           Name          | FF | LUT| Bits| Const Bits|
    +-------------------------+----+----+-----+-----------+
    |and_ln3_reg_1989         |  31|   0|   32|          1|
    |and_ln7_reg_1999         |  31|   0|   32|          1|
    |and_ln8_reg_2020         |  30|   0|   32|          2|
    |and_ln9_reg_2046         |  30|   0|   32|          2|
    |ap_CS_fsm                |  40|   0|   40|          0|
    |empty_4_reg_390          |  32|   0|   32|          0|
    |empty_5_reg_404          |  32|   0|   32|          0|
    |empty_reg_378            |  32|   0|   32|          0|
    |f_dst_h_new_2_reg_560    |  32|   0|   32|          0|
    |f_dst_w_new_2_reg_513    |  32|   0|   32|          0|
    |f_src_h_flag_2_reg_527   |   1|   0|    1|          0|
    |f_src_h_new_2_reg_545    |  32|   0|   32|          0|
    |f_src_w_flag_2_reg_482   |   1|   0|    1|          0|
    |f_src_w_new_2_reg_499    |  31|   0|   32|          1|
    |f_src_x_flag_2_reg_418   |   1|   0|    1|          0|
    |f_src_x_new_2_reg_435    |  32|   0|   32|          0|
    |f_src_y_flag_2_reg_449   |   1|   0|    1|          0|
    |f_src_y_new_2_reg_467    |  32|   0|   32|          0|
    |icmp_ln68_reg_1877       |   1|   0|    1|          0|
    |icmp_ln78_reg_1899       |   1|   0|    1|          0|
    |icmp_ln86_reg_1916       |   1|   0|    1|          0|
    |icmp_ln96_reg_1933       |   1|   0|    1|          0|
    |osd_crop_2_reg_1872      |  32|   0|   32|          0|
    |osd_crop_3_reg_1893      |  32|   0|   32|          0|
    |osd_crop_4_reg_1911      |  32|   0|   32|          0|
    |osd_crop_5_reg_1927      |  32|   0|   32|          0|
    |osd_scale_1_reg_1905     |  32|   0|   32|          0|
    |osd_scale_reg_1861       |  32|   0|   32|          0|
    |select_ln102_1_reg_1949  |  31|   0|   31|          0|
    |select_ln37_1_reg_1822   |  32|   0|   32|          0|
    |select_ln37_2_reg_1828   |  32|   0|   32|          0|
    |select_ln37_3_reg_1834   |  32|   0|   32|          0|
    |select_ln68_3_reg_1883   |  32|   0|   32|          0|
    |select_ln78_1_reg_1979   |  31|   0|   31|          0|
    |select_ln86_3_reg_1922   |  32|   0|   32|          0|
    |select_ln96_1_reg_1974   |  31|   0|   31|          0|
    |tmp_10_reg_1944          |  31|   0|   31|          0|
    |tmp_13_reg_1994          |  31|   0|   31|          0|
    |tmp_15_reg_2004          |   1|   0|    1|          0|
    |tmp_16_reg_2010          |  30|   0|   30|          0|
    |tmp_17_reg_2015          |  30|   0|   30|          0|
    |tmp_18_reg_2025          |  30|   0|   30|          0|
    |tmp_19_reg_2030          |   1|   0|    1|          0|
    |tmp_20_reg_2036          |  30|   0|   30|          0|
    |tmp_21_reg_2041          |  30|   0|   30|          0|
    |tmp_22_reg_2051          |  30|   0|   30|          0|
    |tmp_5_reg_1939           |  31|   0|   31|          0|
    |tmp_8_reg_1984           |  31|   0|   31|          0|
    |trunc_ln6_reg_1954       |  16|   0|   16|          0|
    |trunc_ln8_reg_1959       |  16|   0|   16|          0|
    |trunc_ln9_reg_1964       |  16|   0|   16|          0|
    |trunc_ln_reg_1969        |  16|   0|   16|          0|
    +-------------------------+----+----+-----+-----------+
    |Total                    |1272|   0| 1279|          7|
    +-------------------------+----+----+-----+-----------+



================================================================
== Interface
================================================================
* Summary: 
+-------------------------------------------+-----+-----+------------+-------------------------------------------+--------------+
|                 RTL Ports                 | Dir | Bits|  Protocol  |               Source Object               |    C Type    |
+-------------------------------------------+-----+-----+------------+-------------------------------------------+--------------+
|ap_clk                                     |  in |    1| ap_ctrl_hs |           ivtv_yuv_window_setup           | return value |
|ap_rst                                     |  in |    1| ap_ctrl_hs |           ivtv_yuv_window_setup           | return value |
|ap_start                                   |  in |    1| ap_ctrl_hs |           ivtv_yuv_window_setup           | return value |
|ap_done                                    | out |    1| ap_ctrl_hs |           ivtv_yuv_window_setup           | return value |
|ap_idle                                    | out |    1| ap_ctrl_hs |           ivtv_yuv_window_setup           | return value |
|ap_ready                                   | out |    1| ap_ctrl_hs |           ivtv_yuv_window_setup           | return value |
|ap_return                                  | out |   32| ap_ctrl_hs |           ivtv_yuv_window_setup           | return value |
|itv_yuv_info_osd_x_offset                  |  in |   32|   ap_none  |         itv_yuv_info_osd_x_offset         |    pointer   |
|itv_yuv_info_osd_y_offset                  |  in |   32|   ap_none  |         itv_yuv_info_osd_y_offset         |    pointer   |
|itv_yuv_info_track_osd                     |  in |   32|   ap_none  |           itv_yuv_info_track_osd          |    pointer   |
|itv_yuv_info_old_frame_info_src_x          |  in |   32|   ap_none  |     itv_yuv_info_old_frame_info_src_x     |    pointer   |
|itv_yuv_info_old_frame_info_src_y          |  in |   32|   ap_none  |     itv_yuv_info_old_frame_info_src_y     |    pointer   |
|itv_yuv_info_old_frame_info_src_w          |  in |   32|   ap_none  |     itv_yuv_info_old_frame_info_src_w     |    pointer   |
|itv_yuv_info_old_frame_info_dst_w          |  in |   32|   ap_none  |     itv_yuv_info_old_frame_info_dst_w     |    pointer   |
|itv_yuv_info_old_frame_info_src_h          |  in |   32|   ap_none  |     itv_yuv_info_old_frame_info_src_h     |    pointer   |
|itv_yuv_info_old_frame_info_dst_h          |  in |   32|   ap_none  |     itv_yuv_info_old_frame_info_dst_h     |    pointer   |
|itv_yuv_info_old_frame_info_interlaced_y   |  in |   32|   ap_none  |  itv_yuv_info_old_frame_info_interlaced_y |    pointer   |
|itv_yuv_info_old_frame_info_pan_y          |  in |   32|   ap_none  |     itv_yuv_info_old_frame_info_pan_y     |    pointer   |
|itv_yuv_info_old_frame_info_dst_y          |  in |   32|   ap_none  |     itv_yuv_info_old_frame_info_dst_y     |    pointer   |
|itv_yuv_info_old_frame_info_vis_h          |  in |   32|   ap_none  |     itv_yuv_info_old_frame_info_vis_h     |    pointer   |
|itv_yuv_info_old_frame_info_pan_x          |  in |   32|   ap_none  |     itv_yuv_info_old_frame_info_pan_x     |    pointer   |
|itv_yuv_info_old_frame_info_dst_x          |  in |   32|   ap_none  |     itv_yuv_info_old_frame_info_dst_x     |    pointer   |
|itv_yuv_info_old_frame_info_vis_w          |  in |   32|   ap_none  |     itv_yuv_info_old_frame_info_vis_w     |    pointer   |
|itv_yuv_info_old_frame_info_lace_mode      |  in |   32|   ap_none  |   itv_yuv_info_old_frame_info_lace_mode   |    pointer   |
|itv_yuv_info_old_frame_info_interlaced_uv  |  in |   32|   ap_none  | itv_yuv_info_old_frame_info_interlaced_uv |    pointer   |
|f_src_x_i                                  |  in |   32|   ap_ovld  |                  f_src_x                  |    pointer   |
|f_src_x_o                                  | out |   32|   ap_ovld  |                  f_src_x                  |    pointer   |
|f_src_x_o_ap_vld                           | out |    1|   ap_ovld  |                  f_src_x                  |    pointer   |
|f_src_y_i                                  |  in |   32|   ap_ovld  |                  f_src_y                  |    pointer   |
|f_src_y_o                                  | out |   32|   ap_ovld  |                  f_src_y                  |    pointer   |
|f_src_y_o_ap_vld                           | out |    1|   ap_ovld  |                  f_src_y                  |    pointer   |
|f_src_w_i                                  |  in |   32|   ap_ovld  |                  f_src_w                  |    pointer   |
|f_src_w_o                                  | out |   32|   ap_ovld  |                  f_src_w                  |    pointer   |
|f_src_w_o_ap_vld                           | out |    1|   ap_ovld  |                  f_src_w                  |    pointer   |
|f_dst_w_i                                  |  in |   32|   ap_ovld  |                  f_dst_w                  |    pointer   |
|f_dst_w_o                                  | out |   32|   ap_ovld  |                  f_dst_w                  |    pointer   |
|f_dst_w_o_ap_vld                           | out |    1|   ap_ovld  |                  f_dst_w                  |    pointer   |
|f_src_h_i                                  |  in |   32|   ap_ovld  |                  f_src_h                  |    pointer   |
|f_src_h_o                                  | out |   32|   ap_ovld  |                  f_src_h                  |    pointer   |
|f_src_h_o_ap_vld                           | out |    1|   ap_ovld  |                  f_src_h                  |    pointer   |
|f_dst_h_i                                  |  in |   32|   ap_ovld  |                  f_dst_h                  |    pointer   |
|f_dst_h_o                                  | out |   32|   ap_ovld  |                  f_dst_h                  |    pointer   |
|f_dst_h_o_ap_vld                           | out |    1|   ap_ovld  |                  f_dst_h                  |    pointer   |
|f_interlaced_y_i                           |  in |   32|   ap_ovld  |               f_interlaced_y              |    pointer   |
|f_interlaced_y_o                           | out |   32|   ap_ovld  |               f_interlaced_y              |    pointer   |
|f_interlaced_y_o_ap_vld                    | out |    1|   ap_ovld  |               f_interlaced_y              |    pointer   |
|f_pan_y                                    |  in |   32|   ap_none  |                  f_pan_y                  |    pointer   |
|f_dst_y_i                                  |  in |   32|   ap_ovld  |                  f_dst_y                  |    pointer   |
|f_dst_y_o                                  | out |   32|   ap_ovld  |                  f_dst_y                  |    pointer   |
|f_dst_y_o_ap_vld                           | out |    1|   ap_ovld  |                  f_dst_y                  |    pointer   |
|f_vis_h                                    |  in |   32|   ap_none  |                  f_vis_h                  |    pointer   |
|f_pan_x                                    |  in |   32|   ap_none  |                  f_pan_x                  |    pointer   |
|f_dst_x_i                                  |  in |   32|   ap_ovld  |                  f_dst_x                  |    pointer   |
|f_dst_x_o                                  | out |   32|   ap_ovld  |                  f_dst_x                  |    pointer   |
|f_dst_x_o_ap_vld                           | out |    1|   ap_ovld  |                  f_dst_x                  |    pointer   |
|f_vis_w                                    |  in |   32|   ap_none  |                  f_vis_w                  |    pointer   |
|f_lace_mode                                |  in |   32|   ap_none  |                f_lace_mode                |    pointer   |
|f_interlaced_uv                            |  in |   32|   ap_none  |              f_interlaced_uv              |    pointer   |
+-------------------------------------------+-----+-----+------------+-------------------------------------------+--------------+

