==============================================================
Vivado(TM) HLS - High-Level Synthesis from C, C++ and SystemC v2019.1 (64-bit)
Copyright 1986-2019 Xilinx, Inc. All Rights Reserved.
==============================================================
INFO: [HLS 200-10] Setting target device to 'xc7k160t-fbg484-1'
INFO: [SYN 201-201] Setting up clock 'default' with a period of 5ns.
INFO: [SYN 201-201] Setting up clock 'default' with a period of 10ns.
INFO: [SCHED 204-61] Option 'relax_ii_for_timing' is enabled, will increase II to preserve clock frequency constraints.
INFO: [HLS 200-10] Analyzing design file 'extr_.reactosdllcpldeskpreview.c_CalculateItemSize_with_main.c' ... 
WARNING: [HLS 200-40] In file included from extr_.reactosdllcpldeskpreview.c_CalculateItemSize_with_main.c:1:
extr_.reactosdllcpldeskpreview.c_CalculateItemSize_with_main.c:142:1: warning: control reaches end of non-void function [-Wreturn-type]
}
^
1 warning generated.
INFO: [HLS 200-111] Finished Linking Time (s): cpu = 00:00:13 ; elapsed = 00:00:29 . Memory (MB): peak = 832.453 ; gain = 132.133 ; free physical = 22212 ; free virtual = 44705
INFO: [HLS 200-111] Finished Checking Pragmas Time (s): cpu = 00:00:13 ; elapsed = 00:00:29 . Memory (MB): peak = 832.453 ; gain = 132.133 ; free physical = 22212 ; free virtual = 44705
INFO: [HLS 200-10] Starting code transformations ...
INFO: [HLS 200-111] Finished Standard Transforms Time (s): cpu = 00:00:15 ; elapsed = 00:00:30 . Memory (MB): peak = 832.453 ; gain = 132.133 ; free physical = 22210 ; free virtual = 44703
INFO: [HLS 200-10] Checking synthesizability ...
INFO: [HLS 200-111] Finished Checking Synthesizability Time (s): cpu = 00:00:15 ; elapsed = 00:00:30 . Memory (MB): peak = 832.453 ; gain = 132.133 ; free physical = 22210 ; free virtual = 44703
INFO: [XFORM 203-11] Balancing expressions in function 'CalculateItemSize' (extr_.reactosdllcpldeskpreview.c_CalculateItemSize_with_main.c:50)...12 expression(s) balanced.
INFO: [HLS 200-111] Finished Pre-synthesis Time (s): cpu = 00:00:15 ; elapsed = 00:00:31 . Memory (MB): peak = 832.453 ; gain = 132.133 ; free physical = 22192 ; free virtual = 44686
INFO: [HLS 200-111] Finished Architecture Synthesis Time (s): cpu = 00:00:15 ; elapsed = 00:00:31 . Memory (MB): peak = 832.453 ; gain = 132.133 ; free physical = 22191 ; free virtual = 44684
INFO: [HLS 200-10] Starting hardware synthesis ...
INFO: [HLS 200-10] Synthesizing 'main' ...
INFO: [HLS 200-10] ----------------------------------------------------------------
INFO: [HLS 200-42] -- Implementing module 'main' 
INFO: [HLS 200-10] ----------------------------------------------------------------
INFO: [SCHED 204-11] Starting scheduling ...
INFO: [SCHED 204-11] Finished scheduling.
INFO: [HLS 200-111]  Elapsed time: 30.8 seconds; current allocated memory: 107.412 MB.
INFO: [BIND 205-100] Starting micro-architecture generation ...
INFO: [BIND 205-101] Performing variable lifetime analysis.
INFO: [BIND 205-101] Exploring resource sharing.
INFO: [BIND 205-101] Binding ...
INFO: [BIND 205-100] Finished micro-architecture generation.
INFO: [HLS 200-111]  Elapsed time: 0.01 seconds; current allocated memory: 107.445 MB.
INFO: [HLS 200-10] ----------------------------------------------------------------
INFO: [HLS 200-10] -- Generating RTL for module 'main' 
INFO: [HLS 200-10] ----------------------------------------------------------------
INFO: [RTGEN 206-500] Setting interface mode on function 'main' to 'ap_ctrl_hs'.
INFO: [RTGEN 206-100] Finished creating RTL model for 'main'.
INFO: [HLS 200-111]  Elapsed time: 0.01 seconds; current allocated memory: 107.542 MB.
INFO: [HLS 200-111] Finished generating all RTL models Time (s): cpu = 00:00:16 ; elapsed = 00:00:31 . Memory (MB): peak = 832.453 ; gain = 132.133 ; free physical = 22184 ; free virtual = 44678
INFO: [VHDL 208-304] Generating VHDL RTL for main.
INFO: [VLOG 209-307] Generating Verilog RTL for main.
INFO: [HLS 200-10] Creating and opening project '/home/vivado/aut/proj_extr_.linuxdriversvideofbdevsisinit.c_SiS_GetModeID_LCD_with_main.c'.
INFO: [HLS 200-10] Adding design file 'extr_.linuxdriversvideofbdevsisinit.c_SiS_GetModeID_LCD_with_main.c' to the project
INFO: [HLS 200-10] Creating and opening solution '/home/vivado/aut/proj_extr_.linuxdriversvideofbdevsisinit.c_SiS_GetModeID_LCD_with_main.c/solution1'.
