==============================================================
Vivado(TM) HLS - High-Level Synthesis from C, C++ and SystemC v2019.1 (64-bit)
Copyright 1986-2019 Xilinx, Inc. All Rights Reserved.
==============================================================
INFO: [HLS 200-10] Setting target device to 'xc7k160t-fbg484-1'
INFO: [SYN 201-201] Setting up clock 'default' with a period of 5ns.
INFO: [SYN 201-201] Setting up clock 'default' with a period of 10ns.
INFO: [SCHED 204-61] Option 'relax_ii_for_timing' is enabled, will increase II to preserve clock frequency constraints.
INFO: [HLS 200-10] Analyzing design file 'extr_.labq3map2q3map2mesh.c_PutMeshOnCurve_with_main.c' ... 
INFO: [HLS 200-111] Finished Linking Time (s): cpu = 00:00:13 ; elapsed = 00:01:56 . Memory (MB): peak = 832.453 ; gain = 132.133 ; free physical = 14428 ; free virtual = 43881
INFO: [HLS 200-111] Finished Checking Pragmas Time (s): cpu = 00:00:13 ; elapsed = 00:01:56 . Memory (MB): peak = 832.453 ; gain = 132.133 ; free physical = 14428 ; free virtual = 43881
INFO: [HLS 200-10] Starting code transformations ...
INFO: [HLS 200-111] Finished Standard Transforms Time (s): cpu = 00:00:15 ; elapsed = 00:01:58 . Memory (MB): peak = 832.453 ; gain = 132.133 ; free physical = 14427 ; free virtual = 43880
INFO: [HLS 200-10] Checking synthesizability ...
ERROR: [SYNCHK 200-11] Argument 'in.verts.xyz' of function 'PutMeshOnCurve' (extr_.labq3map2q3map2mesh.c_PutMeshOnCurve_with_main.c:21) has an unsynthesizable type (possible cause(s): pointer to pointer or global pointer).
ERROR: [SYNCHK 200-61] extr_.labq3map2q3map2mesh.c_PutMeshOnCurve_with_main.c:30: unsupported memory access on variable 'in.verts.xyz' which is (or contains) an array with unknown size at compile time.
INFO: [SYNCHK 200-10] 2 error(s), 0 warning(s).
ERROR: [HLS 200-70] Synthesizability check failed.
INFO: [HLS 200-10] Opening project '/home/vivado/HLStools/vivado/214_revisao/proj_extr_.libgit2srchashsha1dcubc_check.c_ubc_check_with_main.c'.
INFO: [HLS 200-10] Creating and opening solution '/home/vivado/HLStools/vivado/214_revisao/proj_extr_.libgit2srchashsha1dcubc_check.c_ubc_check_with_main.c/sol'.
