

================================================================
== Vivado HLS Report for 'cyber2000fb_decode_crtc'
================================================================
* Date:           Tue May 26 02:25:53 2020

* Version:        2019.1 (Build 2552052 on Fri May 24 15:28:33 MDT 2019)
* Project:        proj_extr_.linuxdriversvideofbdevcyber2000fb.c_cyber2000fb_decode_crtc_with_main.c
* Solution:       solution1
* Product family: kintex7
* Target device:  xc7k160t-fbg484-1


================================================================
== Performance Estimates
================================================================
+ Timing (ns): 
    * Summary: 
    +--------+-------+----------+------------+
    |  Clock | Target| Estimated| Uncertainty|
    +--------+-------+----------+------------+
    |ap_clk  |  10.00|     7.859|        1.25|
    +--------+-------+----------+------------+

+ Latency (clock cycles): 
    * Summary: 
    +-----+-----+-----+-----+---------+
    |  Latency  |  Interval | Pipeline|
    | min | max | min | max |   Type  |
    +-----+-----+-----+-----+---------+
    |    2|    9|    2|    9|   none  |
    +-----+-----+-----+-----+---------+

    + Detail: 
        * Instance: 
        N/A

        * Loop: 
        N/A



================================================================
== Utilization Estimates
================================================================
* Summary: 
+-----------------+---------+-------+--------+--------+-----+
|       Name      | BRAM_18K| DSP48E|   FF   |   LUT  | URAM|
+-----------------+---------+-------+--------+--------+-----+
|DSP              |        -|      -|       -|       -|    -|
|Expression       |        -|      -|       0|     893|    -|
|FIFO             |        -|      -|       -|       -|    -|
|Instance         |        -|      -|       -|       -|    -|
|Memory           |        -|      -|       -|       -|    -|
|Multiplexer      |        -|      -|       -|     253|    -|
|Register         |        -|      -|     379|       -|    -|
+-----------------+---------+-------+--------+--------+-----+
|Total            |        0|      0|     379|    1146|    0|
+-----------------+---------+-------+--------+--------+-----+
|Available        |      650|    600|  202800|  101400|    0|
+-----------------+---------+-------+--------+--------+-----+
|Utilization (%)  |        0|      0|   ~0   |       1|    0|
+-----------------+---------+-------+--------+--------+-----+

+ Detail: 
    * Instance: 
    N/A

    * DSP48E: 
    N/A

    * Memory: 
    N/A

    * FIFO: 
    N/A

    * Expression: 
    +------------------------+----------+-------+---+----+------------+------------+
    |      Variable Name     | Operation| DSP48E| FF| LUT| Bitwidth P0| Bitwidth P1|
    +------------------------+----------+-------+---+----+------------+------------+
    |Htotal_fu_485_p2        |     +    |      0|  0|   9|          32|          32|
    |Vblankend_fu_1017_p2    |     +    |      0|  0|  39|           5|          32|
    |Vblankstart_fu_1131_p2  |     +    |      0|  0|  39|           3|          32|
    |Vdispend_fu_755_p2      |     +    |      0|  0|  39|           2|          32|
    |Vsyncstart_fu_622_p2    |     +    |      0|  0|  39|          32|          32|
    |Vtotal_fu_896_p2        |     +    |      0|  0|  39|           3|          32|
    |add_ln37_1_fu_468_p2    |     +    |      0|  0|  39|          32|          32|
    |add_ln37_2_fu_474_p2    |     +    |      0|  0|  16|           9|           9|
    |add_ln37_3_fu_479_p2    |     +    |      0|  0|  16|           9|           9|
    |add_ln37_5_fu_499_p2    |     +    |      0|  0|  16|           9|           9|
    |add_ln37_fu_455_p2      |     +    |      0|  0|   9|          32|          32|
    |add_ln43_fu_572_p2      |     +    |      0|  0|  37|           4|          30|
    |add_ln44_fu_587_p2      |     +    |      0|  0|  37|           2|          30|
    |add_ln46_fu_651_p2      |     +    |      0|  0|  39|          32|          32|
    |add_ln48_1_fu_521_p2    |     +    |      0|  0|   9|           8|           8|
    |add_ln48_2_fu_533_p2    |     +    |      0|  0|   9|           7|           8|
    |add_ln48_fu_527_p2      |     +    |      0|  0|  16|           7|           9|
    |add_ln53_1_fu_725_p2    |     +    |      0|  0|   9|           8|           8|
    |add_ln53_fu_719_p2      |     +    |      0|  0|   9|           8|           8|
    |add_ln58_1_fu_761_p2    |     +    |      0|  0|  18|           2|          11|
    |add_ln58_2_fu_766_p2    |     +    |      0|  0|  17|           2|          10|
    |add_ln58_3_fu_771_p2    |     +    |      0|  0|  16|           2|           9|
    |add_ln59_1_fu_628_p2    |     +    |      0|  0|  18|          11|          11|
    |add_ln59_2_fu_634_p2    |     +    |      0|  0|  17|          10|          10|
    |add_ln59_3_fu_640_p2    |     +    |      0|  0|  16|           9|           9|
    |add_ln60_1_fu_697_p2    |     +    |      0|  0|   9|           4|           4|
    |add_ln60_fu_691_p2      |     +    |      0|  0|   9|           4|           4|
    |add_ln61_10_fu_884_p2   |     +    |      0|  0|   9|          11|          11|
    |add_ln61_11_fu_890_p2   |     +    |      0|  0|   9|          10|          10|
    |add_ln61_13_fu_902_p2   |     +    |      0|  0|   9|           3|          10|
    |add_ln61_14_fu_908_p2   |     +    |      0|  0|   9|           3|          11|
    |add_ln61_15_fu_914_p2   |     +    |      0|  0|   9|           3|           9|
    |add_ln61_1_fu_830_p2    |     +    |      0|  0|   9|          32|          32|
    |add_ln61_2_fu_872_p2    |     +    |      0|  0|   9|          32|          32|
    |add_ln61_3_fu_836_p2    |     +    |      0|  0|  17|          10|          10|
    |add_ln61_4_fu_842_p2    |     +    |      0|  0|  17|          10|          10|
    |add_ln61_5_fu_848_p2    |     +    |      0|  0|  18|          11|          11|
    |add_ln61_6_fu_854_p2    |     +    |      0|  0|  18|          11|          11|
    |add_ln61_7_fu_860_p2    |     +    |      0|  0|  16|           9|           9|
    |add_ln61_8_fu_866_p2    |     +    |      0|  0|  16|           9|           9|
    |add_ln61_9_fu_878_p2    |     +    |      0|  0|   9|           9|           9|
    |add_ln61_fu_800_p2      |     +    |      0|  0|  39|          32|          32|
    |add_ln67_1_fu_1035_p2   |     +    |      0|  0|  18|           3|          11|
    |add_ln67_2_fu_1041_p2   |     +    |      0|  0|  17|           3|          10|
    |add_ln67_3_fu_1047_p2   |     +    |      0|  0|  16|           3|           9|
    |icmp_ln40_fu_505_p2     |   icmp   |      0|  0|  18|          32|          12|
    |icmp_ln64_fu_930_p2     |   icmp   |      0|  0|  18|          21|           1|
    |or_ln71_fu_1075_p2      |    or    |      0|  0|   8|           8|           5|
    +------------------------+----------+-------+---+----+------------+------------+
    |Total                   |          |      0|  0| 893|         553|         748|
    +------------------------+----------+-------+---+----+------------+------------+

    * Multiplexer: 
    +------------------+----+-----------+-----+-----------+
    |       Name       | LUT| Input Size| Bits| Total Bits|
    +------------------+----+-----------+-----+-----------+
    |ap_NS_fsm         |  50|         11|    1|         11|
    |hw_crtc_address0  |  50|         11|   10|        110|
    |hw_crtc_address1  |  47|         10|   10|        100|
    |hw_crtc_d0        |  50|         11|   32|        352|
    |hw_crtc_d1        |  47|         10|   32|        320|
    |hw_crtc_ofl_o     |   9|          2|   32|         64|
    +------------------+----+-----------+-----+-----------+
    |Total             | 253|         55|  117|        957|
    +------------------+----+-----------+-----+-----------+

    * Register: 
    +------------------------+----+----+-----+-----------+
    |          Name          | FF | LUT| Bits| Const Bits|
    +------------------------+----+----+-----+-----------+
    |Vdispend_reg_1212       |  32|   0|   32|          0|
    |Vsyncstart_reg_1182     |  32|   0|   32|          0|
    |Vtotal_reg_1222         |  32|   0|   32|          0|
    |add_ln59_1_reg_1187     |  11|   0|   11|          0|
    |add_ln59_2_reg_1192     |  10|   0|   10|          0|
    |add_ln59_3_reg_1197     |   9|   0|    9|          0|
    |add_ln60_1_reg_1207     |   4|   0|    4|          0|
    |add_ln61_2_reg_1217     |  32|   0|   32|          0|
    |ap_CS_fsm               |  10|   0|   10|          0|
    |icmp_ln40_reg_1148      |   1|   0|    1|          0|
    |icmp_ln64_reg_1227      |   1|   0|    1|          0|
    |reg_439                 |  29|   0|   29|          0|
    |reg_443                 |  32|   0|   32|          0|
    |tmp_10_reg_1261         |   1|   0|    1|          0|
    |tmp_11_reg_1266         |   1|   0|    1|          0|
    |tmp_12_reg_1271         |   1|   0|    1|          0|
    |tmp_2_reg_1231          |   1|   0|    1|          0|
    |tmp_3_reg_1236          |   1|   0|    1|          0|
    |tmp_4_reg_1241          |   1|   0|    1|          0|
    |tmp_6_reg_1246          |   1|   0|    1|          0|
    |tmp_7_reg_1251          |   1|   0|    1|          0|
    |tmp_8_reg_1256          |   1|   0|    1|          0|
    |tmp_reg_1162            |   1|   0|    1|          0|
    |trunc_ln1_reg_1152      |  29|   0|   29|          0|
    |trunc_ln37_reg_1143     |   9|   0|    9|          0|
    |trunc_ln4_reg_1202      |  29|   0|   29|          0|
    |trunc_ln58_1_reg_1172   |  10|   0|   10|          0|
    |trunc_ln58_2_reg_1177   |  11|   0|   11|          0|
    |trunc_ln58_reg_1167     |   9|   0|    9|          0|
    |trunc_ln5_reg_1157      |   5|   0|    5|          0|
    |var_xres_read_reg_1138  |  32|   0|   32|          0|
    +------------------------+----+----+-----+-----------+
    |Total                   | 379|   0|  379|          0|
    +------------------------+----+----+-----+-----------+



================================================================
== Interface
================================================================
* Summary: 
+----------------------+-----+-----+------------+-------------------------+--------------+
|       RTL Ports      | Dir | Bits|  Protocol  |      Source Object      |    C Type    |
+----------------------+-----+-----+------------+-------------------------+--------------+
|ap_clk                |  in |    1| ap_ctrl_hs | cyber2000fb_decode_crtc | return value |
|ap_rst                |  in |    1| ap_ctrl_hs | cyber2000fb_decode_crtc | return value |
|ap_start              |  in |    1| ap_ctrl_hs | cyber2000fb_decode_crtc | return value |
|ap_done               | out |    1| ap_ctrl_hs | cyber2000fb_decode_crtc | return value |
|ap_idle               | out |    1| ap_ctrl_hs | cyber2000fb_decode_crtc | return value |
|ap_ready              | out |    1| ap_ctrl_hs | cyber2000fb_decode_crtc | return value |
|ap_return             | out |   32| ap_ctrl_hs | cyber2000fb_decode_crtc | return value |
|hw_crtc_address0      | out |   10|  ap_memory |         hw_crtc         |     array    |
|hw_crtc_ce0           | out |    1|  ap_memory |         hw_crtc         |     array    |
|hw_crtc_we0           | out |    1|  ap_memory |         hw_crtc         |     array    |
|hw_crtc_d0            | out |   32|  ap_memory |         hw_crtc         |     array    |
|hw_crtc_address1      | out |   10|  ap_memory |         hw_crtc         |     array    |
|hw_crtc_ce1           | out |    1|  ap_memory |         hw_crtc         |     array    |
|hw_crtc_we1           | out |    1|  ap_memory |         hw_crtc         |     array    |
|hw_crtc_d1            | out |   32|  ap_memory |         hw_crtc         |     array    |
|hw_pitch              |  in |   32|   ap_none  |         hw_pitch        |    pointer   |
|hw_crtc_ofl_i         |  in |   32|   ap_ovld  |       hw_crtc_ofl       |    pointer   |
|hw_crtc_ofl_o         | out |   32|   ap_ovld  |       hw_crtc_ofl       |    pointer   |
|hw_crtc_ofl_o_ap_vld  | out |    1|   ap_ovld  |       hw_crtc_ofl       |    pointer   |
|cfb_dummy             |  in |   32|   ap_none  |        cfb_dummy        |    pointer   |
|var_xres              |  in |   32|   ap_none  |         var_xres        |    pointer   |
|var_right_margin      |  in |   32|   ap_none  |     var_right_margin    |    pointer   |
|var_hsync_len         |  in |   32|   ap_none  |      var_hsync_len      |    pointer   |
|var_left_margin       |  in |   32|   ap_none  |     var_left_margin     |    pointer   |
|var_yres              |  in |   32|   ap_none  |         var_yres        |    pointer   |
|var_lower_margin      |  in |   32|   ap_none  |     var_lower_margin    |    pointer   |
|var_vsync_len         |  in |   32|   ap_none  |      var_vsync_len      |    pointer   |
|var_upper_margin      |  in |   32|   ap_none  |     var_upper_margin    |    pointer   |
|var_vmode             |  in |   32|   ap_none  |        var_vmode        |    pointer   |
+----------------------+-----+-----+------------+-------------------------+--------------+

