#-----------------------------------------------------------
# xsim v2019.1 (64-bit)
# SW Build 2552052 on Fri May 24 14:47:09 MDT 2019
# IP Build 2548770 on Fri May 24 18:01:18 MDT 2019
# Start of session at: Mon Apr 27 12:26:38 2020
# Process ID: 51620
# Current directory: /home/dalila/HLStools/vivado/ready/Poly5/proj/sol/sim/verilog
# Command line: xsim -mode tcl -source {xsim.dir/poly5/xsim_script.tcl}
# Log file: /home/dalila/HLStools/vivado/ready/Poly5/proj/sol/sim/verilog/xsim.log
# Journal file: /home/dalila/HLStools/vivado/ready/Poly5/proj/sol/sim/verilog/xsim.jou
#-----------------------------------------------------------
source xsim.dir/poly5/xsim_script.tcl
# xsim {poly5} -autoloadwcfg -tclbatch {poly5.tcl}
Vivado Simulator 2019.1
Time resolution is 1 ps
source poly5.tcl
## run all
////////////////////////////////////////////////////////////////////////////////////
// Inter-Transaction Progress: Completed Transaction / Total Transaction
// Intra-Transaction Progress: Measured Latency / Latency Estimation * 100%
//
// RTL Simulation : "Inter-Transaction Progress" ["Intra-Transaction Progress"] @ "Simulation Time"
////////////////////////////////////////////////////////////////////////////////////
// RTL Simulation : 0 / 1 [0.00%] @ "125000"
// RTL Simulation : 1 / 1 [100.00%] @ "302165000"
////////////////////////////////////////////////////////////////////////////////////
$finish called at time : 302205 ns : File "/home/dalila/HLStools/vivado/ready/Poly5/proj/sol/sim/verilog/poly5.autotb.v" Line 419
## quit
INFO: [Common 17-206] Exiting xsim at Mon Apr 27 12:26:45 2020...
