

================================================================
== Vivado HLS Report for 'calc_value4'
================================================================
* Date:           Sat May 23 20:43:26 2020

* Version:        2019.1 (Build 2552052 on Fri May 24 15:28:33 MDT 2019)
* Project:        proj_extr_.BGAQRCode-Androidzbarsrcmainjnizbardecoderdatabar.c_calc_value4_with_main.c
* Solution:       solution1
* Product family: kintex7
* Target device:  xc7k160t-fbg484-1


================================================================
== Performance Estimates
================================================================
+ Timing (ns): 
    * Summary: 
    +--------+-------+----------+------------+
    |  Clock | Target| Estimated| Uncertainty|
    +--------+-------+----------+------------+
    |ap_clk  |  10.00|     8.599|        1.25|
    +--------+-------+----------+------------+

+ Latency (clock cycles): 
    * Summary: 
    +-----+-----+-----+-----+---------+
    |  Latency  |  Interval | Pipeline|
    | min | max | min | max |   Type  |
    +-----+-----+-----+-----+---------+
    |    1|   10|    1|   10|   none  |
    +-----+-----+-----+-----+---------+

    + Detail: 
        * Instance: 
        N/A

        * Loop: 
        N/A



================================================================
== Utilization Estimates
================================================================
* Summary: 
+-----------------+---------+-------+--------+--------+-----+
|       Name      | BRAM_18K| DSP48E|   FF   |   LUT  | URAM|
+-----------------+---------+-------+--------+--------+-----+
|DSP              |        -|      -|       -|       -|    -|
|Expression       |        -|     48|       0|    2958|    -|
|FIFO             |        -|      -|       -|       -|    -|
|Instance         |        -|      -|       -|       -|    -|
|Memory           |        -|      -|       -|       -|    -|
|Multiplexer      |        -|      -|       -|     221|    -|
|Register         |        -|      -|    1300|       -|    -|
+-----------------+---------+-------+--------+--------+-----+
|Total            |        0|     48|    1300|    3179|    0|
+-----------------+---------+-------+--------+--------+-----+
|Available        |      650|    600|  202800|  101400|    0|
+-----------------+---------+-------+--------+--------+-----+
|Utilization (%)  |        0|      8|   ~0   |       3|    0|
+-----------------+---------+-------+--------+--------+-----+

+ Detail: 
    * Instance: 
    N/A

    * DSP48E: 
    N/A

    * Memory: 
    N/A

    * FIFO: 
    N/A

    * Expression: 
    +------------------------+----------+-------+---+----+------------+------------+
    |      Variable Name     | Operation| DSP48E| FF| LUT| Bitwidth P0| Bitwidth P1|
    +------------------------+----------+-------+---+----+------------+------------+
    |mul_ln28_fu_365_p2      |     *    |      3|  0|  21|          32|          32|
    |mul_ln29_fu_389_p2      |     *    |      3|  0|  21|          32|          32|
    |mul_ln30_fu_537_p2      |     *    |      2|  0|  21|          32|           7|
    |mul_ln33_1_fu_542_p2    |     *    |      3|  0|  21|          32|          32|
    |mul_ln33_fu_406_p2      |     *    |      3|  0|  21|          32|          32|
    |mul_ln34_fu_555_p2      |     *    |      2|  0|  21|          32|           7|
    |mul_ln39_fu_452_p2      |     *    |      3|  0|  21|          32|          32|
    |mul_ln44_1_fu_576_p2    |     *    |      2|  0|  21|          32|           7|
    |mul_ln44_fu_463_p2      |     *    |      3|  0|  21|          32|          32|
    |mul_ln47_1_fu_587_p2    |     *    |      3|  0|  21|          32|          32|
    |mul_ln47_fu_475_p2      |     *    |      3|  0|  21|          32|          32|
    |mul_ln48_1_fu_597_p2    |     *    |      3|  0|  21|          32|          32|
    |mul_ln48_fu_507_p2      |     *    |      3|  0|  21|          32|          32|
    |mul_ln53_fu_699_p2      |     *    |      3|  0|  22|          32|          33|
    |mul_ln63_fu_782_p2      |     *    |      0|  0|  21|           4|          32|
    |mul_ln65_fu_821_p2      |     *    |      0|  0|  21|           4|          32|
    |mul_ln68_fu_937_p2      |     *    |      0|  0|  21|          32|           4|
    |mul_ln70_fu_941_p2      |     *    |      3|  0|  21|          32|          32|
    |sk20_fu_513_p2          |     *    |      3|  0|  21|          32|          32|
    |sk21_fu_517_p2          |     *    |      3|  0|  21|          32|          32|
    |add_ln21_fu_237_p2      |     +    |      0|  0|  39|           2|          32|
    |add_ln28_1_fu_359_p2    |     +    |      0|  0|  39|          32|           2|
    |add_ln28_fu_349_p2      |     +    |      0|  0|  39|          32|           3|
    |add_ln29_fu_371_p2      |     +    |      0|  0|  39|          32|           1|
    |add_ln30_fu_528_p2      |     +    |      0|  0|  15|           7|           3|
    |add_ln33_1_fu_400_p2    |     +    |      0|  0|  39|          32|           3|
    |add_ln33_fu_313_p2      |     +    |      0|  0|  39|          32|           3|
    |add_ln34_1_fu_426_p2    |     +    |      0|  0|  16|           9|           6|
    |add_ln34_2_fu_436_p2    |     +    |      0|  0|  32|          32|          32|
    |add_ln34_fu_546_p2      |     +    |      0|  0|  15|           7|           4|
    |add_ln35_fu_627_p2      |     +    |      0|  0|  32|          32|          32|
    |add_ln39_fu_447_p2      |     +    |      0|  0|  39|          32|           1|
    |add_ln47_1_fu_469_p2    |     +    |      0|  0|  39|          32|           2|
    |add_ln47_fu_582_p2      |     +    |      0|  0|  39|          32|           2|
    |add_ln48_1_fu_503_p2    |     +    |      0|  0|  39|          32|          32|
    |add_ln48_fu_497_p2      |     +    |      0|  0|  32|          32|           4|
    |add_ln51_fu_677_p2      |     +    |      0|  0|  32|          32|          32|
    |add_ln63_fu_773_p2      |     +    |      0|  0|  13|           2|           4|
    |add_ln65_1_fu_812_p2    |     +    |      0|  0|  13|           3|           4|
    |add_ln65_fu_806_p2      |     +    |      0|  0|  39|          32|          32|
    |add_ln66_fu_895_p2      |     +    |      0|  0|  39|           2|          32|
    |add_ln68_fu_911_p2      |     +    |      0|  0|  32|          32|          32|
    |add_ln70_fu_931_p2      |     +    |      0|  0|  39|          32|          32|
    |add_ln81_fu_990_p2      |     +    |      0|  0|  32|          32|           2|
    |k_3_fu_645_p2           |     +    |      0|  0|  39|          32|          32|
    |k_fu_653_p2             |     +    |      0|  0|  32|          32|          32|
    |v_11_fu_996_p2          |     +    |      0|  0|  32|          32|          32|
    |v_12_fu_1038_p2         |     +    |      0|  0|  32|          32|          32|
    |v_14_fu_1056_p2         |     +    |      0|  0|  32|          32|          32|
    |v_1_fu_632_p2           |     +    |      0|  0|  32|          32|          32|
    |v_4_fu_683_p2           |     +    |      0|  0|  32|          32|          32|
    |v_5_fu_840_p2           |     +    |      0|  0|  39|          32|          32|
    |grp_fu_219_p2           |     -    |      0|  0|  39|          32|          32|
    |grp_fu_223_p2           |     -    |      0|  0|  39|          32|          32|
    |k_2_fu_522_p2           |     -    |      0|  0|  39|          32|          32|
    |k_6_fu_649_p2           |     -    |      0|  0|  32|          32|          32|
    |sub_ln30_1_fu_395_p2    |     -    |      0|  0|  39|          32|          32|
    |sub_ln30_2_fu_301_p2    |     -    |      0|  0|  15|           7|           7|
    |sub_ln34_1_fu_331_p2    |     -    |      0|  0|  15|           8|           8|
    |sub_ln34_fu_417_p2      |     -    |      0|  0|  32|          32|          32|
    |sub_ln35_fu_560_p2      |     -    |      0|  0|  39|          32|          32|
    |sub_ln44_fu_571_p2      |     -    |      0|  0|  39|          32|          32|
    |sub_ln48_1_fu_592_p2    |     -    |      0|  0|  39|          32|          32|
    |sub_ln48_2_fu_491_p2    |     -    |      0|  0|  32|          32|          32|
    |sub_ln48_fu_481_p2      |     -    |      0|  0|  39|          32|          32|
    |sub_ln51_1_fu_671_p2    |     -    |      0|  0|  39|           1|          32|
    |sub_ln63_fu_768_p2      |     -    |      0|  0|  39|          32|          32|
    |sub_ln65_fu_756_p2      |     -    |      0|  0|  15|           4|           6|
    |sub_ln68_fu_916_p2      |     -    |      0|  0|  32|          32|          32|
    |sub_ln70_fu_921_p2      |     -    |      0|  0|  39|          32|          32|
    |sub_ln83_fu_1032_p2     |     -    |      0|  0|  32|           2|          32|
    |sub_ln85_fu_1052_p2     |     -    |      0|  0|  32|          32|          32|
    |v_10_fu_952_p2          |     -    |      0|  0|  39|          32|          32|
    |v_7_fu_881_p2           |     -    |      0|  0|  39|          32|          32|
    |v_fu_602_p2             |     -    |      0|  0|  39|          32|          32|
    |and_ln32_1_fu_621_p2    |    and   |      0|  0|   6|           1|           1|
    |and_ln32_fu_616_p2      |    and   |      0|  0|   6|           1|           1|
    |and_ln64_1_fu_872_p2    |    and   |      0|  0|   6|           1|           1|
    |and_ln64_fu_867_p2      |    and   |      0|  0|   6|           1|           1|
    |and_ln82_1_fu_1026_p2   |    and   |      0|  0|   6|           1|           1|
    |and_ln82_fu_1020_p2     |    and   |      0|  0|   6|           1|           1|
    |grp_fu_227_p2           |   icmp   |      0|  0|  18|          32|          32|
    |icmp_ln24_fu_277_p2     |   icmp   |      0|  0|   9|           3|           1|
    |icmp_ln25_fu_283_p2     |   icmp   |      0|  0|  18|          32|          32|
    |icmp_ln32_1_fu_307_p2   |   icmp   |      0|  0|   9|           4|           2|
    |icmp_ln32_2_fu_611_p2   |   icmp   |      0|  0|  18|          32|           3|
    |icmp_ln32_fu_606_p2     |   icmp   |      0|  0|  18|          32|           1|
    |icmp_ln38_fu_337_p2     |   icmp   |      0|  0|  18|          32|          32|
    |icmp_ln42_fu_343_p2     |   icmp   |      0|  0|  18|          32|          32|
    |icmp_ln60_fu_745_p2     |   icmp   |      0|  0|   9|           3|           1|
    |icmp_ln61_fu_751_p2     |   icmp   |      0|  0|  18|          32|          32|
    |icmp_ln64_1_fu_798_p2   |   icmp   |      0|  0|   9|           4|           2|
    |icmp_ln64_2_fu_861_p2   |   icmp   |      0|  0|  18|          30|           1|
    |icmp_ln64_fu_845_p2     |   icmp   |      0|  0|  18|          32|           1|
    |icmp_ln66_fu_901_p2     |   icmp   |      0|  0|  18|          32|          32|
    |icmp_ln78_fu_979_p2     |   icmp   |      0|  0|   9|           3|           1|
    |icmp_ln79_fu_985_p2     |   icmp   |      0|  0|  18|          32|          32|
    |icmp_ln82_1_fu_1008_p2  |   icmp   |      0|  0|   9|           4|           2|
    |icmp_ln82_2_fu_1014_p2  |   icmp   |      0|  0|  18|          32|           2|
    |icmp_ln82_fu_1002_p2    |   icmp   |      0|  0|  18|          32|           1|
    |icmp_ln91_fu_1069_p2    |   icmp   |      0|  0|   9|           4|           1|
    |icmp_ln93_fu_1075_p2    |   icmp   |      0|  0|  18|          32|          32|
    |icmp_ln96_fu_1080_p2    |   icmp   |      0|  0|  18|          32|           1|
    |ap_condition_319        |    or    |      0|  0|   6|           1|           1|
    |ap_condition_346        |    or    |      0|  0|   6|           1|           1|
    |ap_condition_373        |    or    |      0|  0|   6|           1|           1|
    |ap_condition_386        |    or    |      0|  0|   6|           1|           1|
    |or_ln29_fu_383_p2       |    or    |      0|  0|  32|          32|           1|
    |wm21_fu_457_p2          |    or    |      0|  0|  32|          32|           1|
    |k_5_fu_658_p3           |  select  |      0|  0|  32|           1|          32|
    |select_ln38_fu_689_p3   |  select  |      0|  0|  32|           1|          32|
    |select_ln67_fu_945_p3   |  select  |      0|  0|  32|           1|          32|
    |select_ln96_fu_1086_p3  |  select  |      0|  0|  32|           1|           2|
    |v_13_fu_1044_p3         |  select  |      0|  0|  32|           1|          32|
    |v_3_fu_637_p3           |  select  |      0|  0|  32|           1|          32|
    |v_8_fu_887_p3           |  select  |      0|  0|  32|           1|          32|
    |xor_ln70_fu_926_p2      |    xor   |      0|  0|  32|          32|           2|
    +------------------------+----------+-------+---+----+------------+------------+
    |Total                   |          |     48|  0|2958|        2630|        2271|
    +------------------------+----------+-------+---+----+------------+------------+

    * Multiplexer: 
    +----------------------------------------+----+-----------+-----+-----------+
    |                  Name                  | LUT| Input Size| Bits| Total Bits|
    +----------------------------------------+----+-----------+-----+-----------+
    |ap_NS_fsm                               |  53|         12|    1|         12|
    |ap_phi_mux_UnifiedRetVal_phi_fu_212_p4  |  15|          3|   32|         96|
    |ap_phi_mux_p_1_phi_fu_147_p6            |   9|          2|   32|         64|
    |ap_phi_mux_p_2_phi_fu_175_p6            |   9|          2|   32|         64|
    |ap_phi_mux_p_3_phi_fu_201_p4            |  15|          3|   32|         96|
    |ap_phi_mux_v_6_phi_fu_162_p6            |   9|          2|   32|         64|
    |ap_phi_mux_v_9_phi_fu_189_p6            |   9|          2|   32|         64|
    |grp_fu_219_p0                           |  15|          3|   32|         96|
    |grp_fu_219_p1                           |  15|          3|   32|         96|
    |p_01_reg_120                            |   9|          2|   32|         64|
    |p_1_reg_143                             |   9|          2|   32|         64|
    |p_2_reg_171                             |  15|          3|   32|         96|
    |v_2_reg_132                             |   9|          2|   29|         58|
    |v_6_reg_159                             |  15|          3|   32|         96|
    |v_9_reg_186                             |  15|          3|   32|         96|
    +----------------------------------------+----+-----------+-----+-----------+
    |Total                                   | 221|         47|  446|       1126|
    +----------------------------------------+----+-----------+-----+-----------+

    * Register: 
    +----------------------+----+----+-----+-----------+
    |         Name         | FF | LUT| Bits| Const Bits|
    +----------------------+----+----+-----+-----------+
    |add_ln21_reg_1135     |  32|   0|   32|          0|
    |add_ln33_reg_1170     |  32|   0|   32|          0|
    |add_ln34_2_reg_1210   |  32|   0|   32|          0|
    |add_ln48_reg_1230     |  32|   0|   32|          0|
    |add_ln70_reg_1374     |  32|   0|   32|          0|
    |ap_CS_fsm             |  11|   0|   11|          0|
    |icmp_ln24_reg_1151    |   1|   0|    1|          0|
    |icmp_ln25_reg_1155    |   1|   0|    1|          0|
    |icmp_ln32_1_reg_1165  |   1|   0|    1|          0|
    |icmp_ln38_reg_1180    |   1|   0|    1|          0|
    |icmp_ln42_reg_1185    |   1|   0|    1|          0|
    |icmp_ln60_reg_1311    |   1|   0|    1|          0|
    |icmp_ln61_reg_1315    |   1|   0|    1|          0|
    |icmp_ln64_1_reg_1339  |   1|   0|    1|          0|
    |icmp_ln66_reg_1355    |   1|   0|    1|          0|
    |icmp_ln67_reg_1359    |   1|   0|    1|          0|
    |icmp_ln78_reg_1389    |   1|   0|    1|          0|
    |icmp_ln79_reg_1393    |   1|   0|    1|          0|
    |icmp_ln84_reg_1403    |   1|   0|    1|          0|
    |k_2_reg_1245          |  32|   0|   32|          0|
    |lshr_ln1_reg_1344     |  31|   0|   31|          0|
    |lshr_ln_reg_1334      |  31|   0|   31|          0|
    |mul_ln28_reg_1190     |  32|   0|   32|          0|
    |mul_ln29_reg_1195     |  32|   0|   32|          0|
    |mul_ln30_reg_1251     |  32|   0|   32|          0|
    |mul_ln33_reg_1205     |  32|   0|   32|          0|
    |mul_ln34_reg_1256     |  32|   0|   32|          0|
    |mul_ln39_reg_1215     |  32|   0|   32|          0|
    |mul_ln44_1_reg_1266   |  32|   0|   32|          0|
    |mul_ln44_reg_1220     |  32|   0|   32|          0|
    |mul_ln47_1_reg_1271   |  32|   0|   32|          0|
    |mul_ln47_reg_1225     |  32|   0|   32|          0|
    |mul_ln48_1_reg_1276   |  32|   0|   32|          0|
    |mul_ln48_reg_1235     |  32|   0|   32|          0|
    |p_01_reg_120          |  32|   0|   32|          0|
    |p_1_reg_143           |  32|   0|   32|          0|
    |p_2_reg_171           |  32|   0|   32|          0|
    |reg_232               |  32|   0|   32|          0|
    |select_ln38_reg_1281  |  32|   0|   32|          0|
    |shl_ln63_reg_1324     |  31|   0|   32|          1|
    |sk20_reg_1240         |  32|   0|   32|          0|
    |sub_ln30_1_reg_1200   |  32|   0|   32|          0|
    |sub_ln30_2_reg_1159   |   7|   0|    7|          0|
    |sub_ln34_1_reg_1175   |   8|   0|    8|          0|
    |sub_ln35_reg_1261     |  32|   0|   32|          0|
    |sub_ln65_reg_1319     |   6|   0|    6|          0|
    |sub_ln68_reg_1364     |  32|   0|   32|          0|
    |sub_ln70_reg_1369     |  32|   0|   32|          0|
    |sub_ln75_reg_1384     |  32|   0|   32|          0|
    |v_10_reg_1379         |  32|   0|   32|          0|
    |v_13_reg_1397         |  32|   0|   32|          0|
    |v_2_reg_132           |  29|   0|   29|          0|
    |v_6_reg_159           |  32|   0|   32|          0|
    |v_8_reg_1349          |  32|   0|   32|          0|
    |v_9_reg_186           |  32|   0|   32|          0|
    |w1_reg_1297           |   4|   0|    4|          0|
    |zext_ln23_2_reg_1145  |   4|   0|   32|         28|
    |zext_ln57_reg_1291    |  29|   0|   32|          3|
    |zext_ln59_1_reg_1304  |   4|   0|   32|         28|
    |zext_ln63_reg_1329    |   4|   0|   32|         28|
    +----------------------+----+----+-----+-----------+
    |Total                 |1300|   0| 1388|         88|
    +----------------------+----+----+-----+-----------+



================================================================
== Interface
================================================================
* Summary: 
+-----------+-----+-----+------------+--------------+--------------+
| RTL Ports | Dir | Bits|  Protocol  | Source Object|    C Type    |
+-----------+-----+-----+------------+--------------+--------------+
|ap_clk     |  in |    1| ap_ctrl_hs |  calc_value4 | return value |
|ap_rst     |  in |    1| ap_ctrl_hs |  calc_value4 | return value |
|ap_start   |  in |    1| ap_ctrl_hs |  calc_value4 | return value |
|ap_done    | out |    1| ap_ctrl_hs |  calc_value4 | return value |
|ap_idle    | out |    1| ap_ctrl_hs |  calc_value4 | return value |
|ap_ready   | out |    1| ap_ctrl_hs |  calc_value4 | return value |
|ap_return  | out |   32| ap_ctrl_hs |  calc_value4 | return value |
|sig        |  in |   32|   ap_none  |      sig     |    scalar    |
|n          |  in |   32|   ap_none  |       n      |    scalar    |
|wmax       |  in |   32|   ap_none  |     wmax     |    scalar    |
|nonarrow   |  in |   32|   ap_none  |   nonarrow   |    scalar    |
+-----------+-----+-----+------------+--------------+--------------+

