==============================================================
Vivado(TM) HLS - High-Level Synthesis from C, C++ and SystemC v2019.1 (64-bit)
Copyright 1986-2019 Xilinx, Inc. All Rights Reserved.
==============================================================
INFO: [SYN 201-201] Setting up clock 'default' with a period of 5ns.
INFO: [SYN 201-201] Setting up clock 'default' with a period of 10ns.
INFO: [SCHED 204-61] Option 'relax_ii_for_timing' is enabled, will increase II to preserve clock frequency constraints.
INFO: [HLS 200-10] Analyzing design file 'extr_.reactosdllopenglmesatriangle.c_gl_set_triangle_function_with_main.c' ... 
INFO: [HLS 200-111] Finished Linking Time (s): cpu = 00:04:42 ; elapsed = 00:30:22 . Memory (MB): peak = 832.453 ; gain = 132.133 ; free physical = 14048 ; free virtual = 43571
INFO: [HLS 200-111] Finished Checking Pragmas Time (s): cpu = 00:04:42 ; elapsed = 00:30:22 . Memory (MB): peak = 832.453 ; gain = 132.133 ; free physical = 14048 ; free virtual = 43571
INFO: [HLS 200-10] Starting code transformations ...
INFO: [HLS 200-111] Finished Standard Transforms Time (s): cpu = 00:04:44 ; elapsed = 00:30:24 . Memory (MB): peak = 832.453 ; gain = 132.133 ; free physical = 14049 ; free virtual = 43572
INFO: [HLS 200-10] Checking synthesizability ...
ERROR: [SYNCHK 200-11] extr_.reactosdllopenglmesatriangle.c_gl_set_triangle_function_with_main.c:68: Argument 'ctx' of function 'gl_set_triangle_function' (extr_.reactosdllopenglmesatriangle.c_gl_set_triangle_function_with_main.c:68) has an unsynthesizable type (possible cause(s): structure variable cannot be decomposed due to (1) unsupported type conversion; (2) memory copy operation; (3) function pointer used in struct; (4) unsupported pointer comparison).
ERROR: [SYNCHK 200-11] extr_.reactosdllopenglmesatriangle.c_gl_set_triangle_function_with_main.c:70: Argument 'ctx' has an unsynthesizable type '%struct.TYPE_16__.51.58.65 = type { i32, i32, i32, %struct.T...' (possible cause(s): pointer to pointer or global pointer).
ERROR: [SYNCHK 200-42] extr_.reactosdllopenglmesatriangle.c_gl_set_triangle_function_with_main.c:80: pointer comparison is not supported.
INFO: [SYNCHK 200-10] 3 error(s), 0 warning(s).
ERROR: [HLS 200-70] Synthesizability check failed.
INFO: [HLS 200-10] Opening project '/home/vivado/HLStools/vivado/214_revisao/proj_extr_.reactossdklib3rdpartylibxml2parser.c_xmlCheckLanguageID_with_main.c'.
INFO: [HLS 200-10] Creating and opening solution '/home/vivado/HLStools/vivado/214_revisao/proj_extr_.reactossdklib3rdpartylibxml2parser.c_xmlCheckLanguageID_with_main.c/sol'.
