==============================================================
Vivado(TM) HLS - High-Level Synthesis from C, C++ and SystemC v2019.1 (64-bit)
Copyright 1986-2019 Xilinx, Inc. All Rights Reserved.
==============================================================
INFO: [SYN 201-201] Setting up clock 'default' with a period of 5ns.
INFO: [SYN 201-201] Setting up clock 'default' with a period of 10ns.
INFO: [SCHED 204-61] Option 'relax_ii_for_timing' is enabled, will increase II to preserve clock frequency constraints.
INFO: [HLS 200-10] Analyzing design file 'extr_.kphp-kdbvkextcrc32.c_crc32_partial_with_main.c' ... 
INFO: [HLS 200-111] Finished Linking Time (s): cpu = 00:00:28 ; elapsed = 00:00:40 . Memory (MB): peak = 832.453 ; gain = 132.133 ; free physical = 21909 ; free virtual = 44654
INFO: [HLS 200-111] Finished Checking Pragmas Time (s): cpu = 00:00:28 ; elapsed = 00:00:40 . Memory (MB): peak = 832.453 ; gain = 132.133 ; free physical = 21909 ; free virtual = 44654
INFO: [HLS 200-10] Starting code transformations ...
INFO: [HLS 200-111] Finished Standard Transforms Time (s): cpu = 00:00:29 ; elapsed = 00:00:41 . Memory (MB): peak = 832.453 ; gain = 132.133 ; free physical = 21907 ; free virtual = 44652
INFO: [HLS 200-10] Checking synthesizability ...
INFO: [XFORM 203-602] Inlining function 'crc32_partial' into 'main' (extr_.kphp-kdbvkextcrc32.c_crc32_partial_with_main.c:63) automatically.
INFO: [HLS 200-111] Finished Checking Synthesizability Time (s): cpu = 00:00:29 ; elapsed = 00:00:41 . Memory (MB): peak = 832.453 ; gain = 132.133 ; free physical = 21907 ; free virtual = 44653
INFO: [HLS 200-111] Finished Pre-synthesis Time (s): cpu = 00:00:29 ; elapsed = 00:00:41 . Memory (MB): peak = 832.453 ; gain = 132.133 ; free physical = 21899 ; free virtual = 44645
INFO: [HLS 200-111] Finished Architecture Synthesis Time (s): cpu = 00:00:29 ; elapsed = 00:00:41 . Memory (MB): peak = 832.453 ; gain = 132.133 ; free physical = 21900 ; free virtual = 44646
INFO: [HLS 200-10] Starting hardware synthesis ...
INFO: [HLS 200-10] Synthesizing 'main' ...
INFO: [HLS 200-10] ----------------------------------------------------------------
INFO: [HLS 200-42] -- Implementing module 'main' 
INFO: [HLS 200-10] ----------------------------------------------------------------
INFO: [SCHED 204-11] Starting scheduling ...
INFO: [SCHED 204-11] Finished scheduling.
INFO: [HLS 200-111]  Elapsed time: 14.69 seconds; current allocated memory: 101.900 MB.
INFO: [BIND 205-100] Starting micro-architecture generation ...
INFO: [BIND 205-101] Performing variable lifetime analysis.
INFO: [BIND 205-101] Exploring resource sharing.
INFO: [BIND 205-101] Binding ...
INFO: [BIND 205-100] Finished micro-architecture generation.
INFO: [HLS 200-111]  Elapsed time: 0.01 seconds; current allocated memory: 101.926 MB.
INFO: [HLS 200-10] ----------------------------------------------------------------
INFO: [HLS 200-10] -- Generating RTL for module 'main' 
INFO: [HLS 200-10] ----------------------------------------------------------------
INFO: [RTGEN 206-500] Setting interface mode on function 'main' to 'ap_ctrl_hs'.
INFO: [RTGEN 206-100] Finished creating RTL model for 'main'.
INFO: [HLS 200-111]  Elapsed time: 0 seconds; current allocated memory: 101.971 MB.
INFO: [HLS 200-111] Finished generating all RTL models Time (s): cpu = 00:00:30 ; elapsed = 00:00:42 . Memory (MB): peak = 832.453 ; gain = 132.133 ; free physical = 21899 ; free virtual = 44646
INFO: [VHDL 208-304] Generating VHDL RTL for main.
INFO: [VLOG 209-307] Generating Verilog RTL for main.
INFO: [HLS 200-10] Creating and opening project '/home/vivado/aut/proj_extr_.BGAQRCode-Androidzbarsrcmainjnilibiconv-1.15libcp932ext.h_cp932ext_wctomb_with_main.c'.
INFO: [HLS 200-10] Adding design file 'extr_.BGAQRCode-Androidzbarsrcmainjnilibiconv-1.15libcp932ext.h_cp932ext_wctomb_with_main.c' to the project
INFO: [HLS 200-10] Creating and opening solution '/home/vivado/aut/proj_extr_.BGAQRCode-Androidzbarsrcmainjnilibiconv-1.15libcp932ext.h_cp932ext_wctomb_with_main.c/solution1'.
==============================================================
Vivado(TM) HLS - High-Level Synthesis from C, C++ and SystemC v2019.1 (64-bit)
Copyright 1986-2019 Xilinx, Inc. All Rights Reserved.
==============================================================
INFO: [SYN 201-201] Setting up clock 'default' with a period of 10ns.
INFO: [SCHED 204-61] Option 'relax_ii_for_timing' is enabled, will increase II to preserve clock frequency constraints.
INFO: [HLS 200-10] Analyzing design file 'extr_.kphp-kdbvkextcrc32.c_crc32_partial_with_main.c' ... 
INFO: [HLS 200-111] Finished Linking Time (s): cpu = 00:00:15 ; elapsed = 00:06:28 . Memory (MB): peak = 900.414 ; gain = 200.094 ; free physical = 27140 ; free virtual = 37489
INFO: [HLS 200-111] Finished Checking Pragmas Time (s): cpu = 00:00:15 ; elapsed = 00:06:28 . Memory (MB): peak = 900.414 ; gain = 200.094 ; free physical = 27140 ; free virtual = 37489
INFO: [HLS 200-10] Starting code transformations ...
INFO: [HLS 200-111] Finished Standard Transforms Time (s): cpu = 00:00:17 ; elapsed = 00:06:30 . Memory (MB): peak = 900.414 ; gain = 200.094 ; free physical = 27140 ; free virtual = 37489
INFO: [HLS 200-10] Checking synthesizability ...
ERROR: [SYNCHK 200-41] extr_.kphp-kdbvkextcrc32.c_crc32_partial_with_main.c:20: unsupported pointer reinterpretation from type 'i8*' to type 'unsigned int' on variable 'data'.
ERROR: [SYNCHK 200-61] extr_.kphp-kdbvkextcrc32.c_crc32_partial_with_main.c:26: unsupported memory access on variable 'crc32_table0' which is (or contains) an array with unknown size at compile time.
INFO: [SYNCHK 200-10] 2 error(s), 0 warning(s).
ERROR: [HLS 200-70] Synthesizability check failed.
INFO: [SCHED 204-61] Option 'relax_ii_for_timing' is enabled, will increase II to preserve clock frequency constraints.
INFO: [HLS 200-10] Analyzing design file 'extr_.kphp-kdbvkextcrc32.c_crc32_partial_with_main.c' ... 
ERROR: [HLS 200-70] Compilation errors found: In file included from extr_.kphp-kdbvkextcrc32.c_crc32_partial_with_main.c:1:
extr_.kphp-kdbvkextcrc32.c_crc32_partial_with_main.c:26:51: error: invalid operands to binary expression ('unsigned int *' and 'unsigned int *')
    crc ^= (p)[0]; crc = crc32_table0[crc & 0xff] ^ crc32_table1[(crc & 0xff00) >> 8] ^ crc32_table2[(crc & 0xff0000) >> 16] ^ crc32_table[crc >> 24];; crc ^= (p)[1]; crc = crc32_table0[crc & 0xff] ^ crc32_table1[(crc & 0xff00) >> 8] ^ crc32_table2[(crc & 0xff0000) >> 16] ^ crc32_table[crc >> 24];; crc ^= (p)[2]; crc = crc32_table0[crc & 0xff] ^ crc32_table1[(crc & 0xff00) >> 8] ^ crc32_table2[(crc & 0xff0000) >> 16] ^ crc32_table[crc >> 24];; crc ^= (p)[3]; crc = crc32_table0[crc & 0xff] ^ crc32_table1[(crc & 0xff00) >> 8] ^ crc32_table2[(crc & 0xff0000) >> 16] ^ crc32_table[crc >> 24];;;
                         ~~~~~~~~~~~~~~~~~~~~~~~~ ^ ~~~~~~~~~~~~~~~~~~~~~~~~~~~~~~~~~
extr_.kphp-kdbvkextcrc32.c_crc32_partial_with_main.c:26:199: error: invalid operands to binary expression ('unsigned int *' and 'unsigned int *')
    crc ^= (p)[0]; crc = crc32_table0[crc & 0xff] ^ crc32_table1[(crc & 0xff00) >> 8] ^ crc32_table2[(crc & 0xff0000) >> 16] ^ crc32_table[crc >> 24];; crc ^= (p)[1]; crc = crc32_table0[crc & 0xff] ^ crc32_table1[(crc & 0xff00) >> 8] ^ crc32_table2[(crc & 0xff0000) >> 16] ^ crc32_table[crc >> 24];; crc ^= (p)[2]; crc = crc32_table0[crc & 0xff] ^ crc32_table1[(crc & 0xff00) >> 8] ^ crc32_table2[(crc & 0xff0000) >> 16] ^ crc32_table[crc >> 24];; crc ^= (p)[3]; crc = crc32_table0[crc & 0xff] ^ crc32_table1[(crc & 0xff00) >> 8] ^ crc32_table2[(crc & 0xff0000) >> 16] ^ crc32_table[crc >> 24];;;
                                                                                                                                                                             ~~~~~~~~~~~~~~~~~~~~~~~~ ^ ~~~~~~~~~~~~~~~~~~~~~~~~~~~~~~~~~
extr_.kphp-kdbvkextcrc32.c_crc32_partial_with_main.c:26:347: error: invalid operands to binary expression ('unsigned int *' and 'unsigned int *')
    crc ^= (p)[0]; crc = crc32_table0[crc & 0xff] ^ crc32_table1[(crc & 0xff00) >> 8] ^ crc32_table2[(crc & 0xff0000) >> 16] ^ crc32_table[crc >> 24];; crc ^= (p)[1]; crc = crc32_table0[crc & 0xff] ^ crc32_table1[(crc & 0xff00) >> 8] ^ crc32_table2[(crc & 0xff0000) >> 16] ^ crc32_table[crc >> 24];; crc ^= (p)[2]; crc = crc32_table0[crc & 0xff] ^ crc32_table1[(crc & 0xff00) >> 8] ^ crc32_table2[(crc & 0xff0000) >> 16] ^ crc32_table[crc >> 24];; crc ^= (p)[3]; crc = crc32_table0[crc & 0xff] ^ crc32_table1[(crc & 0xff00) >> 8] ^ crc32_table2[(crc & 0xff0000) >> 16] ^ crc32_table[crc >> 24];;;
                                                                                                                                                                                                                                                                                                                                 ~~~~~~~~~~~~~~~~~~~~~~~~ ^ ~~~~~~~~~~~~~~~~~~~~~~~~~~~~~~~~~
extr_.kphp-kdbvkextcrc32.c_crc32_partial_with_main.c:26:495: error: invalid operands to binary expression ('unsigned int *' and 'unsigned int *')
    crc ^= (p)[0]; crc = crc32_table0[crc & 0xff] ^ crc32_table1[(crc & 0xff00) >> 8] ^ crc32_table2[(crc & 0xff0000) >> 16] ^ crc32_table[crc >> 24];; crc ^= (p)[1]; crc = crc32_table0[crc & 0xff] ^ crc32_table1[(crc & 0xff00) >> 8] ^ crc32_table2[(crc & 0xff0000) >> 16] ^ crc32_table[crc >> 24];; crc ^= (p)[2]; crc = crc32_table0[crc & 0xff] ^ crc32_table1[(crc & 0xff00) >> 8] ^ crc32_table2[(crc & 0xff0000) >> 16] ^ crc32_table[crc >> 24];; crc ^= (p)[3]; crc = crc32_table0[crc & 0xff] ^ crc32_table1[(crc & 0xff00) >> 8] ^ crc32_table2[(crc & 0xff0000) >> 16] ^ crc32_table[crc >> 24];;;
                                                                                                                                                                                                                                                                                                                                                                                                                                                                                     ~~~~~~~~~~~~~~~~~~~~~~~~ ^ ~~~~~~~~~~~~~~~~~~~~~~~~~~~~~~~~~
extr_.kphp-kdbvkextcrc32.c_crc32_partial_with_main.c:27:55: error: invalid operands to binary expression ('unsigned int *' and 'unsigned int *')
    crc ^= (p + 4)[0]; crc = crc32_table0[crc & 0xff] ^ crc32_table1[(crc & 0xff00) >> 8] ^ crc32_table2[(crc & 0xff0000) >> 16] ^ crc32_table[crc >> 24];; crc ^= (p + 4)[1]; crc = crc32_table0[crc & 0xff] ^ crc32_table1[(crc & 0xff00) >> 8] ^ crc32_table2[(crc & 0xff0000) >> 16] ^ crc32_table[crc >> 24];; crc ^= (p + 4)[2]; crc = crc32_table0[crc & 0xff] ^ crc32_table1[(crc & 0xff00) >> 8] ^ crc32_table2[(crc & 0xff0000) >> 16] ^ crc32_table[crc >> 24];; crc ^= (p + 4)[3]; crc = crc32_table0[crc & 0xff] ^ crc32_table1[(crc & 0xff00) >> 8] ^ crc32_table2[(crc & 0xff0000) >> 16] ^ crc32_table[crc >> 24];;;
                             ~~~~~~~~~~~~~~~~~~~~~~~~ ^ ~~~~~~~~~~~~~~~~~~~~~~~~~~~~~~~~~
extr_.kphp-kdbvkextcrc32.c_crc32_partial_with_main.c:27:207: error: invalid operands to binary expression ('unsigned int *' and 'unsigned int *')
    crc ^= (p + 4)[0]; crc = crc32_table0[crc & 0xff] ^ crc32_table1[(crc & 0xff00) >> 8] ^ crc32_table2[(crc & 0xff0000) >> 16] ^ crc32_table[crc >> 24];; crc ^= (p + 4)[1]; crc = crc32_table0[crc & 0xff] ^ crc32_table1[(crc & 0xff00) >> 8] ^ crc32_table2[(crc & 0xff0000) >> 16] ^ crc32_table[crc >> 24];; crc ^= (p + 4)[2]; crc = crc32_table0[crc & 0xff] ^ crc32_table1[(crc & 0xff00) >> 8] ^ crc32_table2[(crc & 0xff0000) >> 16] ^ crc32_table[crc >> 24];; crc ^= (p + 4)[3]; crc = crc32_table0[crc & 0xff] ^ crc32_table1[(crc & 0xff00) >> 8] ^ crc32_table2[(crc & 0xff0000) >> 16] ^ crc32_table[crc >> 24];;;
                                                                                                                                                                                     ~~~~~~~~~~~~~~~~~~~~~~~~ ^ ~~~~~~~~~~~~~~~~~~~~~~~~~~~~~~~~~
extr_.kphp-kdbvkextcrc32.c_crc32_partial_with_main.c:27:359: error: invalid operands to binary expression ('unsigned int *' and 'unsigned int *')
    crc ^= (p + 4)[0]; crc = crc32_table0[crc & 0xff] ^ crc32_table1[(crc & 0xff00) >> 8] ^ crc32_table2[(crc & 0xff0000) >> 16] ^ crc32_table[crc >> 24];; crc ^= (p + 4)[1]; crc = crc32_table0[crc & 0xff] ^ crc32_table1[(crc & 0xff00) >> 8] ^ crc32_table2[(crc & 0xff0000) >> 16] ^ crc32_table[crc >> 24];; crc ^= (p + 4)[2]; crc = crc32_table0[crc & 0xff] ^ crc32_table1[(crc & 0xff00) >> 8] ^ crc32_table2[(crc & 0xff0000) >> 16] ^ crc32_table[crc >> 24];; crc ^= (p + 4)[3]; crc = crc32_table0[crc & 0xff] ^ crc32_table1[(crc & 0xff00) >> 8] ^ crc32_table2[(crc & 0xff0000) >> 16] ^ crc32_table[crc >> 24];;;
                                                                                                                                                                                                                                                                                                                                             ~~~~~~~~~~~~~~~~~~~~~~~~ ^ ~~~~~~~~~~~~~~~~~~~~~~~~~~~~~~~~~
extr_.kphp-kdbvkextcrc32.c_crc32_partial_with_main.c:27:511: error: invalid operands to binary expression ('unsigned int *' and 'unsigned int *')
    crc ^= (p + 4)[0]; crc = crc32_table0[crc & 0xff] ^ crc32_table1[(crc & 0xff00) >> 8] ^ crc32_table2[(crc & 0xff0000) >> 16] ^ crc32_table[crc >> 24];; crc ^= (p + 4)[1]; crc = crc32_table0[crc & 0xff] ^ crc32_table1[(crc & 0xff00) >> 8] ^ crc32_table2[(crc & 0xff0000) >> 16] ^ crc32_table[crc >> 24];; crc ^= (p + 4)[2]; crc = crc32_table0[crc & 0xff] ^ crc32_table1[(crc & 0xff00) >> 8] ^ crc32_table2[(crc & 0xff0000) >> 16] ^ crc32_table[crc >> 24];; crc ^= (p + 4)[3]; crc = crc32_table0[crc & 0xff] ^ crc32_table1[(crc & 0xff00) >> 8] ^ crc32_table2[(crc & 0xff0000) >> 16] ^ crc32_table[crc >> 24];;;
                                                                                                                                                                                                                                                                                                                                                                                                                                                                                                     ~~~~~~~~~~~~~~~~~~~~~~~~ ^ ~~~~~~~~~~~~~~~~~~~~~~~~~~~~~~~~~
extr_.kphp-kdbvkextcrc32.c_crc32_partial_with_main.c:31:51: error: invalid operands to binary expression ('unsigned int *' and 'unsigned int *')
    crc ^= (p)[0]; crc = crc32_table0[crc & 0xff] ^ crc32_table1[(crc & 0xff00) >> 8] ^ crc32_table2[(crc & 0xff0000) >> 16] ^ crc32_table[crc >> 24];; crc ^= (p)[1]; crc = crc32_table0[crc & 0xff] ^ crc32_table1[(crc & 0xff00) >> 8] ^ crc32_table2[(crc & 0xff0000) >> 16] ^ crc32_table[crc >> 24];; crc ^= (p)[2]; crc = crc32_table0[crc & 0xff] ^ crc32_table1[(crc & 0xff00) >> 8] ^ crc32_table2[(crc & 0xff0000) >> 16] ^ crc32_table[crc >> 24];; crc ^= (p)[3]; crc = crc32_table0[crc & 0xff] ^ crc32_table1[(crc & 0xff00) >> 8] ^ crc32_table2[(crc & 0xff0000) >> 16] ^ crc32_table[crc >> 24];;;
                         ~~~~~~~~~~~~~~~~~~~~~~~~ ^ ~~~~~~~~~~~~~~~~~~~~~~~~~~~~~~~~~
extr_.kphp-kdbvkextcrc32.c_crc32_partial_with_main.c:31:199: error: invalid operands to binary expression ('unsigned int *' and 'unsigned int *')
    crc ^= (p)[0]; crc = crc32_table0[crc & 0xff] ^ crc32_table1[(crc & 0xff00) >> 8] ^ crc32_table2[(crc & 0xff0000) >> 16] ^ crc32_table[crc >> 24];; crc ^= (p)[1]; crc = crc32_table0[crc & 0xff] ^ crc32_table1[(crc & 0xff00) >> 8] ^ crc32_table2[(crc & 0xff0000) >> 16] ^ crc32_table[crc >> 24];; crc ^= (p)[2]; crc = crc32_table0[crc & 0xff] ^ crc32_table1[(crc & 0xff00) >> 8] ^ crc32_table2[(crc & 0xff0000) >> 16] ^ crc32_table[crc >> 24];; crc ^= (p)[3]; crc = crc32_table0[crc & 0xff] ^ crc32_table1[(crc & 0xff00) >> 8] ^ crc32_table2[(crc & 0xff0000) >> 16] ^ crc32_table[crc >> 24];;;
                                                                                                                                                                             ~~~~~~~~~~~~~~~~~~~~~~~~ ^ ~~~~~~~~~~~~~~~~~~~~~~~~~~~~~~~~~
extr_.kphp-kdbvkextcrc32.c_crc32_partial_with_main.c:31:347: error: invalid operands to binary expression ('unsigned int *' and 'unsigned int *')
    crc ^= (p)[0]; crc = crc32_table0[crc & 0xff] ^ crc32_table1[(crc & 0xff00) >> 8] ^ crc32_table2[(crc & 0xff0000) >> 16] ^ crc32_table[crc >> 24];; crc ^= (p)[1]; crc = crc32_table0[crc & 0xff] ^ crc32_table1[(crc & 0xff00) >> 8] ^ crc32_table2[(crc & 0xff0000) >> 16] ^ crc32_table[crc >> 24];; crc ^= (p)[2]; crc = crc32_table0[crc & 0xff] ^ crc32_table1[(crc & 0xff00) >> 8] ^ crc32_table2[(crc & 0xff0000) >> 16] ^ crc32_table[crc >> 24];; crc ^= (p)[3]; crc = crc32_table0[crc & 0xff] ^ crc32_table1[(crc & 0xff00) >> 8] ^ crc32_table2[(crc & 0xff0000) >> 16] ^ crc32_table[crc >> 24];;;
                                                                                                                                                                                                                                                                                                                                 ~~~~~~~~~~~~~~~~~~~~~~~~ ^ ~~~~~~~~~~~~~~~~~~~~~~~~~~~~~~~~~
extr_.kphp-kdbvkextcrc32.c_crc32_partial_with_main.c:31:495: error: invalid operands to binary expression ('unsigned int *' and 'unsigned int *')
    crc ^= (p)[0]; crc = crc32_table0[crc & 0xff] ^ crc32_table1[(crc & 0xff00) >> 8] ^ crc32_table2[(crc & 0xff0000) >> 16] ^ crc32_table[crc >> 24];; crc ^= (p)[1]; crc = crc32_table0[crc & 0xff] ^ crc32_table1[(crc & 0xff00) >> 8] ^ crc32_table2[(crc & 0xff0000) >> 16] ^ crc32_table[crc >> 24];; crc ^= (p)[2]; crc = crc32_table0[crc & 0xff] ^ crc32_table1[(crc & 0xff00) >> 8] ^ crc32_table2[(crc & 0xff0000) >> 16] ^ crc32_table[crc >> 24];; crc ^= (p)[3]; crc = crc32_table0[crc & 0xff] ^ crc32_table1[(crc & 0xff00) >> 8] ^ crc32_table2[(crc & 0xff0000) >> 16] ^ crc32_table[crc >> 24];;;
                                                                                                                                                                                                                                                                                                                                                                                                                                                                                     ~~~~~~~~~~~~~~~~~~~~~~~~ ^ ~~~~~~~~~~~~~~~~~~~~~~~~~~~~~~~~~
extr_.kphp-kdbvkextcrc32.c_crc32_partial_with_main.c:35:49: error: invalid operands to binary expression ('unsigned int *' and 'unsigned int *')
    crc ^= p[0]; crc = crc32_table0[crc & 0xff] ^ crc32_table1[(crc & 0xff00) >> 8] ^ crc32_table2[(crc & 0xff0000) >> 16] ^ crc32_table[crc >> 24];;
                       ~~~~~~~~~~~~~~~~~~~~~~~~ ^ ~~~~~~~~~~~~~~~~~~~~~~~~~~~~~~~~~
extr_.kphp-kdbvkextcrc32.c_crc32_partial_with_main.c:36:49: error: invalid operands to binary expression ('unsigned int *' and 'unsigned int *')
    crc ^= p[1]; crc = crc32_table0[crc & 0xff] ^ crc32_table1[(crc & 0xff00) >> 8] ^ crc32_table2[(crc & 0xff0000) >> 16] ^ crc32_table[crc >> 24];;
                       ~~~~~~~~~~~~~~~~~~~~~~~~ ^ ~~~~~~~~~~~~~~~~~~~~~~~~~~~~~~~~~
extr_.kphp-kdbvkextcrc32.c_crc32_partial_with_main.c:40:49: error: invalid operands to binary expression ('unsigned int *' and 'unsigned int *')
    crc ^= *p++; crc = crc32_table0[crc & 0xff] ^ crc32_table1[(crc & 0xff00) >> 8] ^ crc32_table2[(crc & 0xff0000) >> 16] ^ crc32_table[crc >> 24];;
                       ~~~~~~~~~~~~~~~~~~~~~~~~ ^ ~~~~~~~~~~~~~~~~~~~~~~~~~~~~~~~~~
extr_.kphp-kdbvkextcrc32.c_crc32_partial_with_main.c:50:44: error: invalid operands to binary expression ('unsigned int *' and 'unsigned int')
    crc = crc32_table[(crc ^ q[0]) & 0xff] ^ (crc >> 8);
          ~~~~~~~~~~~~~~~~~~~~~~~~~~~~~~~~ ^ ~~~~~~~~~~
extr_.kphp-kdbvkextcrc32.c_crc32_partial_with_main.c:51:44: error: invalid operands to binary expression ('unsigned int *' and 'unsigned int')
    crc = crc32_table[(crc ^ q[1]) & 0xff] ^ (crc >> 8);
          ~~~~~~~~~~~~~~~~~~~~~~~~~~~~~~~~ ^ ~~~~~~~~~~
extr_.kphp-kdbvkextcrc32.c_crc32_partial_with_main.c:55:44: error: invalid operands to binary expression ('unsigned int *' and 'unsigned int')
    crc = crc32_table[(crc ^ *q++) & 0xff] ^ (crc >> 8);
          ~~~~~~~~~~~~~~~~~~~~~~~~~~~~~~~~ ^ ~~~~~~~~~~
18 errors generated.
==============================================================
Vivado(TM) HLS - High-Level Synthesis from C, C++ and SystemC v2019.1 (64-bit)
Copyright 1986-2019 Xilinx, Inc. All Rights Reserved.
==============================================================
INFO: [SYN 201-201] Setting up clock 'default' with a period of 10ns.
INFO: [HLS 200-10] Setting target device to 'xc7k160t-fbg484-1'
INFO: [SCHED 204-61] Option 'relax_ii_for_timing' is enabled, will increase II to preserve clock frequency constraints.
INFO: [HLS 200-10] Analyzing design file 'extr_.kphp-kdbvkextcrc32.c_crc32_partial_with_main.c' ... 
INFO: [HLS 200-111] Finished Linking Time (s): cpu = 00:00:13 ; elapsed = 00:01:34 . Memory (MB): peak = 899.422 ; gain = 199.102 ; free physical = 27140 ; free virtual = 37491
INFO: [HLS 200-111] Finished Checking Pragmas Time (s): cpu = 00:00:13 ; elapsed = 00:01:34 . Memory (MB): peak = 899.422 ; gain = 199.102 ; free physical = 27140 ; free virtual = 37491
INFO: [HLS 200-10] Starting code transformations ...
INFO: [HLS 200-111] Finished Standard Transforms Time (s): cpu = 00:00:15 ; elapsed = 00:01:36 . Memory (MB): peak = 899.422 ; gain = 199.102 ; free physical = 27138 ; free virtual = 37489
INFO: [HLS 200-10] Checking synthesizability ...
WARNING: [SYNCHK 200-23] extr_.kphp-kdbvkextcrc32.c_crc32_partial_with_main.c:55: variable-indexed range selection may cause suboptimal QoR.
INFO: [SYNCHK 200-10] 0 error(s), 1 warning(s).
INFO: [HLS 200-111] Finished Checking Synthesizability Time (s): cpu = 00:00:15 ; elapsed = 00:01:36 . Memory (MB): peak = 899.422 ; gain = 199.102 ; free physical = 27138 ; free virtual = 37489
INFO: [HLS 200-111] Finished Pre-synthesis Time (s): cpu = 00:00:15 ; elapsed = 00:01:36 . Memory (MB): peak = 899.422 ; gain = 199.102 ; free physical = 27121 ; free virtual = 37472
INFO: [HLS 200-111] Finished Architecture Synthesis Time (s): cpu = 00:00:15 ; elapsed = 00:01:36 . Memory (MB): peak = 899.422 ; gain = 199.102 ; free physical = 27120 ; free virtual = 37471
INFO: [HLS 200-10] Starting hardware synthesis ...
INFO: [HLS 200-10] Synthesizing 'crc32_partial' ...
INFO: [HLS 200-10] ----------------------------------------------------------------
INFO: [HLS 200-42] -- Implementing module 'crc32_partial' 
INFO: [HLS 200-10] ----------------------------------------------------------------
INFO: [SCHED 204-11] Starting scheduling ...
INFO: [SCHED 204-11] Finished scheduling.
INFO: [HLS 200-111]  Elapsed time: 95.89 seconds; current allocated memory: 96.760 MB.
INFO: [HLS 200-434] Only 0 loops out of a total 1 loops have been pipelined in this design.
INFO: [BIND 205-100] Starting micro-architecture generation ...
INFO: [BIND 205-101] Performing variable lifetime analysis.
INFO: [BIND 205-101] Exploring resource sharing.
INFO: [BIND 205-101] Binding ...
INFO: [BIND 205-100] Finished micro-architecture generation.
INFO: [HLS 200-111]  Elapsed time: 0.04 seconds; current allocated memory: 97.071 MB.
INFO: [HLS 200-10] ----------------------------------------------------------------
INFO: [HLS 200-10] -- Generating RTL for module 'crc32_partial' 
INFO: [HLS 200-10] ----------------------------------------------------------------
INFO: [RTGEN 206-500] Setting interface mode on port 'crc32_partial/data' to 'ap_memory'.
INFO: [RTGEN 206-500] Setting interface mode on port 'crc32_partial/len' to 'ap_none'.
INFO: [RTGEN 206-500] Setting interface mode on port 'crc32_partial/crc' to 'ap_none'.
INFO: [RTGEN 206-500] Setting interface mode on function 'crc32_partial' to 'ap_ctrl_hs'.
WARNING: [RTGEN 206-101] Port 'crc32_partial/data_address0' has no fanin or fanout and is left dangling.
               Please use C simulation to confirm this function argument can be read from or written to.
WARNING: [RTGEN 206-101] Setting dangling out port 'crc32_partial/data_address0' to 0.
WARNING: [RTGEN 206-101] Port 'crc32_partial/data_ce0' has no fanin or fanout and is left dangling.
               Please use C simulation to confirm this function argument can be read from or written to.
WARNING: [RTGEN 206-101] Setting dangling out port 'crc32_partial/data_ce0' to 0.
WARNING: [RTGEN 206-101] Port 'crc32_partial/data_we0' has no fanin or fanout and is left dangling.
               Please use C simulation to confirm this function argument can be read from or written to.
WARNING: [RTGEN 206-101] Setting dangling out port 'crc32_partial/data_we0' to 0.
WARNING: [RTGEN 206-101] Port 'crc32_partial/data_d0' has no fanin or fanout and is left dangling.
               Please use C simulation to confirm this function argument can be read from or written to.
WARNING: [RTGEN 206-101] Setting dangling out port 'crc32_partial/data_d0' to 0.
WARNING: [RTGEN 206-101] Port 'crc32_partial/data_q0' has no fanin or fanout and is left dangling.
               Please use C simulation to confirm this function argument can be read from or written to.
WARNING: [RTGEN 206-101] Port 'crc32_partial/data_address1' has no fanin or fanout and is left dangling.
               Please use C simulation to confirm this function argument can be read from or written to.
WARNING: [RTGEN 206-101] Setting dangling out port 'crc32_partial/data_address1' to 0.
WARNING: [RTGEN 206-101] Port 'crc32_partial/data_ce1' has no fanin or fanout and is left dangling.
               Please use C simulation to confirm this function argument can be read from or written to.
WARNING: [RTGEN 206-101] Setting dangling out port 'crc32_partial/data_ce1' to 0.
WARNING: [RTGEN 206-101] Port 'crc32_partial/data_we1' has no fanin or fanout and is left dangling.
               Please use C simulation to confirm this function argument can be read from or written to.
WARNING: [RTGEN 206-101] Setting dangling out port 'crc32_partial/data_we1' to 0.
WARNING: [RTGEN 206-101] Port 'crc32_partial/data_d1' has no fanin or fanout and is left dangling.
               Please use C simulation to confirm this function argument can be read from or written to.
WARNING: [RTGEN 206-101] Setting dangling out port 'crc32_partial/data_d1' to 0.
WARNING: [RTGEN 206-101] Port 'crc32_partial/data_q1' has no fanin or fanout and is left dangling.
               Please use C simulation to confirm this function argument can be read from or written to.
INFO: [RTGEN 206-100] Finished creating RTL model for 'crc32_partial'.
INFO: [HLS 200-111]  Elapsed time: 0.05 seconds; current allocated memory: 97.366 MB.
INFO: [HLS 200-111] Finished generating all RTL models Time (s): cpu = 00:00:16 ; elapsed = 00:01:37 . Memory (MB): peak = 899.422 ; gain = 199.102 ; free physical = 27115 ; free virtual = 37467
INFO: [VHDL 208-304] Generating VHDL RTL for crc32_partial.
INFO: [VLOG 209-307] Generating Verilog RTL for crc32_partial.
INFO: [HLS 200-10] Opening project '/home/vivado/HLStools/vivado/214_benchmakrs/proj_extr_.labenginecodebspcbrushbsp.c_BoxOnPlaneSide_with_main.c'.
INFO: [HLS 200-10] Opening solution '/home/vivado/HLStools/vivado/214_benchmakrs/proj_extr_.labenginecodebspcbrushbsp.c_BoxOnPlaneSide_with_main.c/solution1'.
