==============================================================
Vivado(TM) HLS - High-Level Synthesis from C, C++ and SystemC v2019.1 (64-bit)
Copyright 1986-2019 Xilinx, Inc. All Rights Reserved.
==============================================================
INFO: [SYN 201-201] Setting up clock 'default' with a period of 5ns.
INFO: [SYN 201-201] Setting up clock 'default' with a period of 10ns.
INFO: [SCHED 204-61] Option 'relax_ii_for_timing' is enabled, will increase II to preserve clock frequency constraints.
INFO: [HLS 200-10] Analyzing design file 'extr_.linuxdriversmediacommoncx2341x.c_cx2341x_set_ctrl_with_main.c' ... 
INFO: [HLS 200-111] Finished Linking Time (s): cpu = 00:01:09 ; elapsed = 00:02:24 . Memory (MB): peak = 832.453 ; gain = 132.133 ; free physical = 21872 ; free virtual = 44652
INFO: [HLS 200-111] Finished Checking Pragmas Time (s): cpu = 00:01:09 ; elapsed = 00:02:24 . Memory (MB): peak = 832.453 ; gain = 132.133 ; free physical = 21872 ; free virtual = 44652
INFO: [HLS 200-10] Starting code transformations ...
INFO: [HLS 200-111] Finished Standard Transforms Time (s): cpu = 00:01:11 ; elapsed = 00:02:26 . Memory (MB): peak = 832.453 ; gain = 132.133 ; free physical = 21872 ; free virtual = 44652
INFO: [HLS 200-10] Checking synthesizability ...
INFO: [HLS 200-111] Finished Checking Synthesizability Time (s): cpu = 00:01:11 ; elapsed = 00:02:26 . Memory (MB): peak = 832.453 ; gain = 132.133 ; free physical = 21872 ; free virtual = 44652
INFO: [XFORM 203-502] Unrolling small iteration loop 'Loop-1' (extr_.linuxdriversmediacommoncx2341x.c_cx2341x_set_ctrl_with_main.c:115) in function 'cx2341x_set_ctrl.1' automatically.
INFO: [XFORM 203-502] Unrolling small iteration loop 'Loop-2' (extr_.linuxdriversmediacommoncx2341x.c_cx2341x_set_ctrl_with_main.c:124) in function 'cx2341x_set_ctrl.1' automatically.
INFO: [HLS 200-489] Unrolling loop 'Loop-1' (extr_.linuxdriversmediacommoncx2341x.c_cx2341x_set_ctrl_with_main.c:115) in function 'cx2341x_set_ctrl.1' completely with a factor of 1.
INFO: [HLS 200-489] Unrolling loop 'Loop-2' (extr_.linuxdriversmediacommoncx2341x.c_cx2341x_set_ctrl_with_main.c:124) in function 'cx2341x_set_ctrl.1' completely with a factor of 1.
INFO: [HLS 200-111] Finished Pre-synthesis Time (s): cpu = 00:01:11 ; elapsed = 00:02:27 . Memory (MB): peak = 832.453 ; gain = 132.133 ; free physical = 21872 ; free virtual = 44652
INFO: [HLS 200-111] Finished Architecture Synthesis Time (s): cpu = 00:01:12 ; elapsed = 00:02:27 . Memory (MB): peak = 832.453 ; gain = 132.133 ; free physical = 21872 ; free virtual = 44652
INFO: [HLS 200-10] Starting hardware synthesis ...
INFO: [HLS 200-10] Synthesizing 'main' ...
INFO: [HLS 200-10] ----------------------------------------------------------------
INFO: [HLS 200-42] -- Implementing module 'main' 
INFO: [HLS 200-10] ----------------------------------------------------------------
INFO: [SCHED 204-11] Starting scheduling ...
INFO: [SCHED 204-11] Finished scheduling.
INFO: [HLS 200-111]  Elapsed time: 15.1 seconds; current allocated memory: 116.033 MB.
INFO: [BIND 205-100] Starting micro-architecture generation ...
INFO: [BIND 205-101] Performing variable lifetime analysis.
INFO: [BIND 205-101] Exploring resource sharing.
INFO: [BIND 205-101] Binding ...
INFO: [BIND 205-100] Finished micro-architecture generation.
INFO: [HLS 200-111]  Elapsed time: 0 seconds; current allocated memory: 116.058 MB.
INFO: [HLS 200-10] ----------------------------------------------------------------
INFO: [HLS 200-10] -- Generating RTL for module 'main' 
INFO: [HLS 200-10] ----------------------------------------------------------------
INFO: [RTGEN 206-500] Setting interface mode on function 'main' to 'ap_ctrl_hs'.
INFO: [RTGEN 206-100] Finished creating RTL model for 'main'.
INFO: [HLS 200-111]  Elapsed time: 0.02 seconds; current allocated memory: 116.104 MB.
INFO: [HLS 200-111] Finished generating all RTL models Time (s): cpu = 00:01:12 ; elapsed = 00:02:27 . Memory (MB): peak = 832.453 ; gain = 132.133 ; free physical = 21868 ; free virtual = 44648
INFO: [VHDL 208-304] Generating VHDL RTL for main.
INFO: [VLOG 209-307] Generating Verilog RTL for main.
INFO: [HLS 200-10] Creating and opening project '/home/vivado/aut/proj_extr_.labenginecoderenderergl2tr_extramath.c_Mat4Multiply_with_main.c'.
INFO: [HLS 200-10] Adding design file 'extr_.labenginecoderenderergl2tr_extramath.c_Mat4Multiply_with_main.c' to the project
INFO: [HLS 200-10] Creating and opening solution '/home/vivado/aut/proj_extr_.labenginecoderenderergl2tr_extramath.c_Mat4Multiply_with_main.c/solution1'.
