==============================================================
Vivado(TM) HLS - High-Level Synthesis from C, C++ and SystemC v2019.1 (64-bit)
Copyright 1986-2019 Xilinx, Inc. All Rights Reserved.
==============================================================
INFO: [SYN 201-201] Setting up clock 'default' with a period of 5ns.
INFO: [SYN 201-201] Setting up clock 'default' with a period of 10ns.
INFO: [SCHED 204-61] Option 'relax_ii_for_timing' is enabled, will increase II to preserve clock frequency constraints.
INFO: [HLS 200-10] Analyzing design file 'extr_.linuxdriversgpudrmradeonr600.c_rs780_pm_init_profile_with_main.c' ... 
INFO: [HLS 200-111] Finished Linking Time (s): cpu = 00:01:40 ; elapsed = 00:10:06 . Memory (MB): peak = 832.453 ; gain = 132.133 ; free physical = 14172 ; free virtual = 43652
INFO: [HLS 200-111] Finished Checking Pragmas Time (s): cpu = 00:01:40 ; elapsed = 00:10:06 . Memory (MB): peak = 832.453 ; gain = 132.133 ; free physical = 14172 ; free virtual = 43652
INFO: [HLS 200-10] Starting code transformations ...
INFO: [HLS 200-111] Finished Standard Transforms Time (s): cpu = 00:01:42 ; elapsed = 00:10:08 . Memory (MB): peak = 832.453 ; gain = 132.133 ; free physical = 14172 ; free virtual = 43652
INFO: [HLS 200-10] Checking synthesizability ...
ERROR: [SYNCHK 200-11] extr_.linuxdriversgpudrmradeonr600.c_rs780_pm_init_profile_with_main.c:27: Argument 'rdev.pm.profiles.dpms_off_ps_idx' of function 'rs780_pm_init_profile' (extr_.linuxdriversgpudrmradeonr600.c_rs780_pm_init_profile_with_main.c:27) has an unsynthesizable type (possible cause(s): pointer to pointer or global pointer).
ERROR: [SYNCHK 200-61] extr_.linuxdriversgpudrmradeonr600.c_rs780_pm_init_profile_with_main.c:31: unsupported memory access on variable 'rdev.pm.profiles.dpms_off_ps_idx' which is (or contains) an array with unknown size at compile time.
INFO: [SYNCHK 200-10] 2 error(s), 0 warning(s).
ERROR: [HLS 200-70] Synthesizability check failed.
INFO: [HLS 200-10] Opening project '/home/vivado/HLStools/vivado/214_revisao/proj_extr_.linuxdriversmediacommoncx2341x.c_cx2341x_set_ctrl_with_main.c'.
ERROR: [HLS 200-101] 'set_top': Not enough required positional arguments.
INFO: [HLS 200-10] Creating and opening solution '/home/vivado/HLStools/vivado/214_revisao/proj_extr_.linuxdriversmediacommoncx2341x.c_cx2341x_set_ctrl_with_main.c/sol'.
