==============================================================
Vivado(TM) HLS - High-Level Synthesis from C, C++ and SystemC v2019.1 (64-bit)
Copyright 1986-2019 Xilinx, Inc. All Rights Reserved.
==============================================================
INFO: [SYN 201-201] Setting up clock 'default' with a period of 5ns.
INFO: [SYN 201-201] Setting up clock 'default' with a period of 10ns.
INFO: [SCHED 204-61] Option 'relax_ii_for_timing' is enabled, will increase II to preserve clock frequency constraints.
INFO: [HLS 200-10] Analyzing design file 'extr_.linuxdriversvideofbdevsisinit301.c_SiS_GetCRT2Ptr_with_main.c' ... 
INFO: [HLS 200-111] Finished Linking Time (s): cpu = 00:00:41 ; elapsed = 00:01:59 . Memory (MB): peak = 832.453 ; gain = 132.133 ; free physical = 21689 ; free virtual = 44535
INFO: [HLS 200-111] Finished Checking Pragmas Time (s): cpu = 00:00:41 ; elapsed = 00:01:59 . Memory (MB): peak = 832.453 ; gain = 132.133 ; free physical = 21689 ; free virtual = 44535
INFO: [HLS 200-10] Starting code transformations ...
INFO: [HLS 200-111] Finished Standard Transforms Time (s): cpu = 00:00:42 ; elapsed = 00:02:01 . Memory (MB): peak = 832.453 ; gain = 132.133 ; free physical = 21690 ; free virtual = 44535
INFO: [HLS 200-10] Checking synthesizability ...
ERROR: [SYNCHK 200-11] extr_.linuxdriversvideofbdevsisinit301.c_SiS_GetCRT2Ptr_with_main.c:68: Argument 'SiS_Pr.SiS_RefIndex.Ext_CRT2CRTC' of function 'SiS_GetCRT2Ptr' (extr_.linuxdriversvideofbdevsisinit301.c_SiS_GetCRT2Ptr_with_main.c:68) has an unsynthesizable type (possible cause(s): pointer to pointer or global pointer).
ERROR: [SYNCHK 200-61] extr_.linuxdriversvideofbdevsisinit301.c_SiS_GetCRT2Ptr_with_main.c:75: unsupported memory access on variable 'SiS_Pr.SiS_SModeIDTable.St_CRT2CRTC' which is (or contains) an array with unknown size at compile time.
WARNING: [SYNCHK 200-77] The top function 'main' has no outputs. Possible cause(s) are: (1) Output parameters are passed by value; (2) intended outputs (parameters or global variables) are never written; (3) there are infinite loops.
INFO: [SYNCHK 200-10] 2 error(s), 1 warning(s).
ERROR: [HLS 200-70] Synthesizability check failed.
INFO: [HLS 200-10] Creating and opening project '/home/vivado/aut/proj_extr_.linuxdriversttyserialip22zilog.c_ip22zilog_convert_to_zs_with_main.c'.
INFO: [HLS 200-10] Adding design file 'extr_.linuxdriversttyserialip22zilog.c_ip22zilog_convert_to_zs_with_main.c' to the project
INFO: [HLS 200-10] Creating and opening solution '/home/vivado/aut/proj_extr_.linuxdriversttyserialip22zilog.c_ip22zilog_convert_to_zs_with_main.c/solution1'.
