==============================================================
Vivado(TM) HLS - High-Level Synthesis from C, C++ and SystemC v2019.1 (64-bit)
Copyright 1986-2019 Xilinx, Inc. All Rights Reserved.
==============================================================
INFO: [SYN 201-201] Setting up clock 'default' with a period of 5ns.
INFO: [SYN 201-201] Setting up clock 'default' with a period of 10ns.
INFO: [SCHED 204-61] Option 'relax_ii_for_timing' is enabled, will increase II to preserve clock frequency constraints.
INFO: [HLS 200-10] Analyzing design file 'extr_.FFmpeglibavcodecttadsp.c_tta_filter_process_c_with_main.c' ... 
INFO: [HLS 200-111] Finished Linking Time (s): cpu = 00:03:17 ; elapsed = 00:06:26 . Memory (MB): peak = 832.453 ; gain = 132.133 ; free physical = 21502 ; free virtual = 44365
INFO: [HLS 200-111] Finished Checking Pragmas Time (s): cpu = 00:03:17 ; elapsed = 00:06:26 . Memory (MB): peak = 832.453 ; gain = 132.133 ; free physical = 21502 ; free virtual = 44365
INFO: [HLS 200-10] Starting code transformations ...
INFO: [HLS 200-111] Finished Standard Transforms Time (s): cpu = 00:03:19 ; elapsed = 00:06:27 . Memory (MB): peak = 832.453 ; gain = 132.133 ; free physical = 21502 ; free virtual = 44365
INFO: [HLS 200-10] Checking synthesizability ...
ERROR: [SYNCHK 200-61] extr_.FFmpeglibavcodecttadsp.c_tta_filter_process_c_with_main.c:20: unsupported memory access on variable 'dx' which is (or contains) an array with unknown size at compile time.
INFO: [SYNCHK 200-10] 1 error(s), 0 warning(s).
ERROR: [HLS 200-70] Synthesizability check failed.
INFO: [HLS 200-10] Creating and opening project '/home/vivado/aut/proj_extr_.linuxdriversvideofbdevrivariva_hw.c_nv10CalcArbitration_with_main.c'.
INFO: [HLS 200-10] Adding design file 'extr_.linuxdriversvideofbdevrivariva_hw.c_nv10CalcArbitration_with_main.c' to the project
INFO: [HLS 200-10] Creating and opening solution '/home/vivado/aut/proj_extr_.linuxdriversvideofbdevrivariva_hw.c_nv10CalcArbitration_with_main.c/solution1'.
==============================================================
Vivado(TM) HLS - High-Level Synthesis from C, C++ and SystemC v2019.1 (64-bit)
Copyright 1986-2019 Xilinx, Inc. All Rights Reserved.
==============================================================
INFO: [SYN 201-201] Setting up clock 'default' with a period of 10ns.
INFO: [SCHED 204-61] Option 'relax_ii_for_timing' is enabled, will increase II to preserve clock frequency constraints.
INFO: [HLS 200-10] Analyzing design file 'extr_.FFmpeglibavcodecttadsp.c_tta_filter_process_c_with_main.c' ... 
INFO: [HLS 200-111] Finished Linking Time (s): cpu = 00:01:18 ; elapsed = 00:06:32 . Memory (MB): peak = 900.414 ; gain = 200.094 ; free physical = 30172 ; free virtual = 39564
INFO: [HLS 200-111] Finished Checking Pragmas Time (s): cpu = 00:01:18 ; elapsed = 00:06:32 . Memory (MB): peak = 900.414 ; gain = 200.094 ; free physical = 30172 ; free virtual = 39564
INFO: [HLS 200-10] Starting code transformations ...
INFO: [HLS 200-111] Finished Standard Transforms Time (s): cpu = 00:01:19 ; elapsed = 00:06:34 . Memory (MB): peak = 900.414 ; gain = 200.094 ; free physical = 30173 ; free virtual = 39564
INFO: [HLS 200-10] Checking synthesizability ...
ERROR: [SYNCHK 200-61] extr_.FFmpeglibavcodecttadsp.c_tta_filter_process_c_with_main.c:20: unsupported memory access on variable 'dx' which is (or contains) an array with unknown size at compile time.
INFO: [SYNCHK 200-10] 1 error(s), 0 warning(s).
ERROR: [HLS 200-70] Synthesizability check failed.
INFO: [SCHED 204-61] Option 'relax_ii_for_timing' is enabled, will increase II to preserve clock frequency constraints.
INFO: [HLS 200-10] Analyzing design file 'extr_.FFmpeglibavcodecttadsp.c_tta_filter_process_c_with_main.c' ... 
INFO: [HLS 200-111] Finished Linking Time (s): cpu = 00:01:31 ; elapsed = 00:07:03 . Memory (MB): peak = 900.414 ; gain = 200.094 ; free physical = 30172 ; free virtual = 39564
INFO: [HLS 200-111] Finished Checking Pragmas Time (s): cpu = 00:01:31 ; elapsed = 00:07:03 . Memory (MB): peak = 900.414 ; gain = 200.094 ; free physical = 30172 ; free virtual = 39564
INFO: [HLS 200-10] Starting code transformations ...
ERROR: [SYNCHK 200-79] Static function 'tta_filter_process_c' cannot be set as the top model.
ERROR: [HLS 200-70] Synthesizability check failed.
INFO: [HLS 200-10] Opening project '/home/vivado/HLStools/vivado/new214/proj_extr_.FFmpeglibavcodecttaencdsp.c_ttaenc_filter_process_c_with_main.c'.
INFO: [HLS 200-10] Opening solution '/home/vivado/HLStools/vivado/new214/proj_extr_.FFmpeglibavcodecttaencdsp.c_ttaenc_filter_process_c_with_main.c/solution1'.
