

================================================================
== Vivado HLS Report for 'gb18030ext_wctomb'
================================================================
* Date:           Mon May 25 23:52:46 2020

* Version:        2019.1 (Build 2552052 on Fri May 24 15:28:33 MDT 2019)
* Project:        proj_extr_.BGAQRCode-Androidzbarsrcmainjnilibiconv-1.15libgb18030ext.h_gb18030ext_wctomb_with_main.c
* Solution:       solution1
* Product family: kintex7
* Target device:  xc7k160t-fbg484-1


================================================================
== Performance Estimates
================================================================
+ Timing (ns): 
    * Summary: 
    +--------+-------+----------+------------+
    |  Clock | Target| Estimated| Uncertainty|
    +--------+-------+----------+------------+
    |ap_clk  |  10.00|     4.026|        1.25|
    +--------+-------+----------+------------+

+ Latency (clock cycles): 
    * Summary: 
    +-----+-----+-----+-----+---------+
    |  Latency  |  Interval | Pipeline|
    | min | max | min | max |   Type  |
    +-----+-----+-----+-----+---------+
    |    1|    1|    1|    1|   none  |
    +-----+-----+-----+-----+---------+

    + Detail: 
        * Instance: 
        N/A

        * Loop: 
        N/A

============================================================
+ Verbose Summary: Synthesis Manager
============================================================
InlineROM: 1
ExposeGlobal: 0
============================================================
+ Verbose Summary: CDFG Model
============================================================
IsTopModel: 1
ResetActiveHigh: 1
IsCombinational: 0
IsDatapathOnly: 0
HasWiredReturn: 1
HasMFsm: 0
HasVarLatency: 1
IsPipeline: 0
IsRtlPipelined: 0
IsInstanceOverlapped: 0
IsDontTouch: 0
HasImplIP: 0
IsGatedGlobalClock: 0


============================================================
+ Verbose Summary: Schedule
============================================================
* Number of FSM states : 2
* Pipeline : 0
* Dataflow Pipeline: 0

* FSM state transitions: 
1 --> 2 
2 --> 

* FSM state operations: 

State 1 <SV = 0> <Delay = 4.02>
ST_1 : Operation 3 [1/1] (0.00ns)   --->   "call void (...)* @_ssdm_op_SpecBitsMap(i32 %conv) nounwind, !map !97"   --->   Operation 3 'specbitsmap' <Predicate = true> <Delay = 0.00>
ST_1 : Operation 4 [1/1] (0.00ns)   --->   "call void (...)* @_ssdm_op_SpecBitsMap([1000 x i8]* %r) nounwind, !map !103"   --->   Operation 4 'specbitsmap' <Predicate = true> <Delay = 0.00>
ST_1 : Operation 5 [1/1] (0.00ns)   --->   "call void (...)* @_ssdm_op_SpecBitsMap(i32 %wc) nounwind, !map !107"   --->   Operation 5 'specbitsmap' <Predicate = true> <Delay = 0.00>
ST_1 : Operation 6 [1/1] (0.00ns)   --->   "call void (...)* @_ssdm_op_SpecBitsMap(i64 %n) nounwind, !map !111"   --->   Operation 6 'specbitsmap' <Predicate = true> <Delay = 0.00>
ST_1 : Operation 7 [1/1] (0.00ns)   --->   "%n_read = call i64 @_ssdm_op_Read.ap_auto.i64(i64 %n) nounwind" [extr_.BGAQRCode-Androidzbarsrcmainjnilibiconv-1.15libgb18030ext.h_gb18030ext_wctomb_with_main.c:34]   --->   Operation 7 'read' 'n_read' <Predicate = true> <Delay = 0.00>
ST_1 : Operation 8 [1/1] (0.00ns)   --->   "%wc_read = call i32 @_ssdm_op_Read.ap_auto.i32(i32 %wc) nounwind" [extr_.BGAQRCode-Androidzbarsrcmainjnilibiconv-1.15libgb18030ext.h_gb18030ext_wctomb_with_main.c:34]   --->   Operation 8 'read' 'wc_read' <Predicate = true> <Delay = 0.00>
ST_1 : Operation 9 [1/1] (0.00ns)   --->   "%r_addr = getelementptr [1000 x i8]* %r, i64 0, i64 0" [extr_.BGAQRCode-Androidzbarsrcmainjnilibiconv-1.15libgb18030ext.h_gb18030ext_wctomb_with_main.c:34]   --->   Operation 9 'getelementptr' 'r_addr' <Predicate = true> <Delay = 0.00>
ST_1 : Operation 10 [1/1] (0.00ns)   --->   "call void (...)* @_ssdm_op_SpecBitsMap(i32 0) nounwind, !map !115"   --->   Operation 10 'specbitsmap' <Predicate = true> <Delay = 0.00>
ST_1 : Operation 11 [1/1] (0.00ns)   --->   "call void (...)* @_ssdm_op_SpecTopModule([18 x i8]* @gb18030ext_wctomb_st) nounwind"   --->   Operation 11 'spectopmodule' <Predicate = true> <Delay = 0.00>
ST_1 : Operation 12 [1/1] (0.00ns)   --->   "%tmp = call i63 @_ssdm_op_PartSelect.i63.i64.i32.i32(i64 %n_read, i32 1, i32 63)" [extr_.BGAQRCode-Androidzbarsrcmainjnilibiconv-1.15libgb18030ext.h_gb18030ext_wctomb_with_main.c:36]   --->   Operation 12 'partselect' 'tmp' <Predicate = true> <Delay = 0.00>
ST_1 : Operation 13 [1/1] (1.68ns)   --->   "%icmp_ln36 = icmp eq i63 %tmp, 0" [extr_.BGAQRCode-Androidzbarsrcmainjnilibiconv-1.15libgb18030ext.h_gb18030ext_wctomb_with_main.c:36]   --->   Operation 13 'icmp' 'icmp_ln36' <Predicate = true> <Delay = 1.68> <Core = "Cmp">   --->   Core 25 'Cmp' <Latency = 0> <II = 1> <Delay = 1.49> <FuncUnit> <Opcode : 'icmp'> <InPorts = 2> <OutPorts = 1>
ST_1 : Operation 14 [1/1] (1.06ns)   --->   "br i1 %icmp_ln36, label %38, label %1" [extr_.BGAQRCode-Androidzbarsrcmainjnilibiconv-1.15libgb18030ext.h_gb18030ext_wctomb_with_main.c:36]   --->   Operation 14 'br' <Predicate = true> <Delay = 1.06>
ST_1 : Operation 15 [1/1] (1.54ns)   --->   "%icmp_ln38 = icmp eq i32 %wc_read, 505" [extr_.BGAQRCode-Androidzbarsrcmainjnilibiconv-1.15libgb18030ext.h_gb18030ext_wctomb_with_main.c:38]   --->   Operation 15 'icmp' 'icmp_ln38' <Predicate = (!icmp_ln36)> <Delay = 1.54> <Core = "Cmp">   --->   Core 25 'Cmp' <Latency = 0> <II = 1> <Delay = 1.49> <FuncUnit> <Opcode : 'icmp'> <InPorts = 2> <OutPorts = 1>
ST_1 : Operation 16 [1/1] (1.86ns)   --->   "br i1 %icmp_ln38, label %._crit_edge, label %2" [extr_.BGAQRCode-Androidzbarsrcmainjnilibiconv-1.15libgb18030ext.h_gb18030ext_wctomb_with_main.c:38]   --->   Operation 16 'br' <Predicate = (!icmp_ln36)> <Delay = 1.86>
ST_1 : Operation 17 [1/1] (1.54ns)   --->   "%icmp_ln40 = icmp eq i32 %wc_read, 7743" [extr_.BGAQRCode-Androidzbarsrcmainjnilibiconv-1.15libgb18030ext.h_gb18030ext_wctomb_with_main.c:40]   --->   Operation 17 'icmp' 'icmp_ln40' <Predicate = (!icmp_ln36 & !icmp_ln38)> <Delay = 1.54> <Core = "Cmp">   --->   Core 25 'Cmp' <Latency = 0> <II = 1> <Delay = 1.49> <FuncUnit> <Opcode : 'icmp'> <InPorts = 2> <OutPorts = 1>
ST_1 : Operation 18 [1/1] (1.86ns)   --->   "br i1 %icmp_ln40, label %._crit_edge, label %3" [extr_.BGAQRCode-Androidzbarsrcmainjnilibiconv-1.15libgb18030ext.h_gb18030ext_wctomb_with_main.c:40]   --->   Operation 18 'br' <Predicate = (!icmp_ln36 & !icmp_ln38)> <Delay = 1.86>
ST_1 : Operation 19 [1/1] (1.54ns)   --->   "%icmp_ln42 = icmp eq i32 %wc_read, 8364" [extr_.BGAQRCode-Androidzbarsrcmainjnilibiconv-1.15libgb18030ext.h_gb18030ext_wctomb_with_main.c:42]   --->   Operation 19 'icmp' 'icmp_ln42' <Predicate = (!icmp_ln36 & !icmp_ln38 & !icmp_ln40)> <Delay = 1.54> <Core = "Cmp">   --->   Core 25 'Cmp' <Latency = 0> <II = 1> <Delay = 1.49> <FuncUnit> <Opcode : 'icmp'> <InPorts = 2> <OutPorts = 1>
ST_1 : Operation 20 [1/1] (1.86ns)   --->   "br i1 %icmp_ln42, label %._crit_edge, label %4" [extr_.BGAQRCode-Androidzbarsrcmainjnilibiconv-1.15libgb18030ext.h_gb18030ext_wctomb_with_main.c:42]   --->   Operation 20 'br' <Predicate = (!icmp_ln36 & !icmp_ln38 & !icmp_ln40)> <Delay = 1.86>
ST_1 : Operation 21 [1/1] (1.54ns)   --->   "%icmp_ln44 = icmp sgt i32 %wc_read, 11903" [extr_.BGAQRCode-Androidzbarsrcmainjnilibiconv-1.15libgb18030ext.h_gb18030ext_wctomb_with_main.c:44]   --->   Operation 21 'icmp' 'icmp_ln44' <Predicate = (!icmp_ln36 & !icmp_ln38 & !icmp_ln40 & !icmp_ln42)> <Delay = 1.54> <Core = "Cmp">   --->   Core 25 'Cmp' <Latency = 0> <II = 1> <Delay = 1.49> <FuncUnit> <Opcode : 'icmp'> <InPorts = 2> <OutPorts = 1>
ST_1 : Operation 22 [1/1] (1.54ns)   --->   "%icmp_ln44_1 = icmp slt i32 %wc_read, 11984" [extr_.BGAQRCode-Androidzbarsrcmainjnilibiconv-1.15libgb18030ext.h_gb18030ext_wctomb_with_main.c:44]   --->   Operation 22 'icmp' 'icmp_ln44_1' <Predicate = (!icmp_ln36 & !icmp_ln38 & !icmp_ln40 & !icmp_ln42)> <Delay = 1.54> <Core = "Cmp">   --->   Core 25 'Cmp' <Latency = 0> <II = 1> <Delay = 1.49> <FuncUnit> <Opcode : 'icmp'> <InPorts = 2> <OutPorts = 1>
ST_1 : Operation 23 [1/1] (0.61ns)   --->   "%and_ln44 = and i1 %icmp_ln44, %icmp_ln44_1" [extr_.BGAQRCode-Androidzbarsrcmainjnilibiconv-1.15libgb18030ext.h_gb18030ext_wctomb_with_main.c:44]   --->   Operation 23 'and' 'and_ln44' <Predicate = (!icmp_ln36 & !icmp_ln38 & !icmp_ln40 & !icmp_ln42)> <Delay = 0.61> <Core = "LogicGate">   --->   Core 27 'LogicGate' <Latency = 0> <II = 1> <Delay = 0.61> <FuncUnit> <Opcode : 'and' 'or' 'xor'> <InPorts = 2> <OutPorts = 1>
ST_1 : Operation 24 [1/1] (1.86ns)   --->   "br i1 %and_ln44, label %._crit_edge, label %5" [extr_.BGAQRCode-Androidzbarsrcmainjnilibiconv-1.15libgb18030ext.h_gb18030ext_wctomb_with_main.c:44]   --->   Operation 24 'br' <Predicate = (!icmp_ln36 & !icmp_ln38 & !icmp_ln40 & !icmp_ln42)> <Delay = 1.86>
ST_1 : Operation 25 [1/1] (1.54ns)   --->   "%icmp_ln46 = icmp sgt i32 %wc_read, 12271" [extr_.BGAQRCode-Androidzbarsrcmainjnilibiconv-1.15libgb18030ext.h_gb18030ext_wctomb_with_main.c:46]   --->   Operation 25 'icmp' 'icmp_ln46' <Predicate = (!icmp_ln36 & !icmp_ln38 & !icmp_ln40 & !icmp_ln42 & !and_ln44)> <Delay = 1.54> <Core = "Cmp">   --->   Core 25 'Cmp' <Latency = 0> <II = 1> <Delay = 1.49> <FuncUnit> <Opcode : 'icmp'> <InPorts = 2> <OutPorts = 1>
ST_1 : Operation 26 [1/1] (1.54ns)   --->   "%icmp_ln46_1 = icmp slt i32 %wc_read, 12288" [extr_.BGAQRCode-Androidzbarsrcmainjnilibiconv-1.15libgb18030ext.h_gb18030ext_wctomb_with_main.c:46]   --->   Operation 26 'icmp' 'icmp_ln46_1' <Predicate = (!icmp_ln36 & !icmp_ln38 & !icmp_ln40 & !icmp_ln42 & !and_ln44)> <Delay = 1.54> <Core = "Cmp">   --->   Core 25 'Cmp' <Latency = 0> <II = 1> <Delay = 1.49> <FuncUnit> <Opcode : 'icmp'> <InPorts = 2> <OutPorts = 1>
ST_1 : Operation 27 [1/1] (0.61ns)   --->   "%and_ln46 = and i1 %icmp_ln46, %icmp_ln46_1" [extr_.BGAQRCode-Androidzbarsrcmainjnilibiconv-1.15libgb18030ext.h_gb18030ext_wctomb_with_main.c:46]   --->   Operation 27 'and' 'and_ln46' <Predicate = (!icmp_ln36 & !icmp_ln38 & !icmp_ln40 & !icmp_ln42 & !and_ln44)> <Delay = 0.61> <Core = "LogicGate">   --->   Core 27 'LogicGate' <Latency = 0> <II = 1> <Delay = 0.61> <FuncUnit> <Opcode : 'and' 'or' 'xor'> <InPorts = 2> <OutPorts = 1>
ST_1 : Operation 28 [1/1] (1.86ns)   --->   "br i1 %and_ln46, label %._crit_edge, label %6" [extr_.BGAQRCode-Androidzbarsrcmainjnilibiconv-1.15libgb18030ext.h_gb18030ext_wctomb_with_main.c:46]   --->   Operation 28 'br' <Predicate = (!icmp_ln36 & !icmp_ln38 & !icmp_ln40 & !icmp_ln42 & !and_ln44)> <Delay = 1.86>
ST_1 : Operation 29 [1/1] (1.54ns)   --->   "%icmp_ln48 = icmp eq i32 %wc_read, 12350" [extr_.BGAQRCode-Androidzbarsrcmainjnilibiconv-1.15libgb18030ext.h_gb18030ext_wctomb_with_main.c:48]   --->   Operation 29 'icmp' 'icmp_ln48' <Predicate = (!icmp_ln36 & !icmp_ln38 & !icmp_ln40 & !icmp_ln42 & !and_ln44 & !and_ln46)> <Delay = 1.54> <Core = "Cmp">   --->   Core 25 'Cmp' <Latency = 0> <II = 1> <Delay = 1.49> <FuncUnit> <Opcode : 'icmp'> <InPorts = 2> <OutPorts = 1>
ST_1 : Operation 30 [1/1] (1.86ns)   --->   "br i1 %icmp_ln48, label %._crit_edge, label %7" [extr_.BGAQRCode-Androidzbarsrcmainjnilibiconv-1.15libgb18030ext.h_gb18030ext_wctomb_with_main.c:48]   --->   Operation 30 'br' <Predicate = (!icmp_ln36 & !icmp_ln38 & !icmp_ln40 & !icmp_ln42 & !and_ln44 & !and_ln46)> <Delay = 1.86>
ST_1 : Operation 31 [1/1] (1.54ns)   --->   "%icmp_ln50 = icmp sgt i32 %wc_read, 13375" [extr_.BGAQRCode-Androidzbarsrcmainjnilibiconv-1.15libgb18030ext.h_gb18030ext_wctomb_with_main.c:50]   --->   Operation 31 'icmp' 'icmp_ln50' <Predicate = (!icmp_ln36 & !icmp_ln38 & !icmp_ln40 & !icmp_ln42 & !and_ln44 & !and_ln46 & !icmp_ln48)> <Delay = 1.54> <Core = "Cmp">   --->   Core 25 'Cmp' <Latency = 0> <II = 1> <Delay = 1.49> <FuncUnit> <Opcode : 'icmp'> <InPorts = 2> <OutPorts = 1>
ST_1 : Operation 32 [1/1] (1.54ns)   --->   "%icmp_ln50_1 = icmp slt i32 %wc_read, 13432" [extr_.BGAQRCode-Androidzbarsrcmainjnilibiconv-1.15libgb18030ext.h_gb18030ext_wctomb_with_main.c:50]   --->   Operation 32 'icmp' 'icmp_ln50_1' <Predicate = (!icmp_ln36 & !icmp_ln38 & !icmp_ln40 & !icmp_ln42 & !and_ln44 & !and_ln46 & !icmp_ln48)> <Delay = 1.54> <Core = "Cmp">   --->   Core 25 'Cmp' <Latency = 0> <II = 1> <Delay = 1.49> <FuncUnit> <Opcode : 'icmp'> <InPorts = 2> <OutPorts = 1>
ST_1 : Operation 33 [1/1] (0.61ns)   --->   "%and_ln50 = and i1 %icmp_ln50, %icmp_ln50_1" [extr_.BGAQRCode-Androidzbarsrcmainjnilibiconv-1.15libgb18030ext.h_gb18030ext_wctomb_with_main.c:50]   --->   Operation 33 'and' 'and_ln50' <Predicate = (!icmp_ln36 & !icmp_ln38 & !icmp_ln40 & !icmp_ln42 & !and_ln44 & !and_ln46 & !icmp_ln48)> <Delay = 0.61> <Core = "LogicGate">   --->   Core 27 'LogicGate' <Latency = 0> <II = 1> <Delay = 0.61> <FuncUnit> <Opcode : 'and' 'or' 'xor'> <InPorts = 2> <OutPorts = 1>
ST_1 : Operation 34 [1/1] (1.86ns)   --->   "br i1 %and_ln50, label %._crit_edge, label %8" [extr_.BGAQRCode-Androidzbarsrcmainjnilibiconv-1.15libgb18030ext.h_gb18030ext_wctomb_with_main.c:50]   --->   Operation 34 'br' <Predicate = (!icmp_ln36 & !icmp_ln38 & !icmp_ln40 & !icmp_ln42 & !and_ln44 & !and_ln46 & !icmp_ln48)> <Delay = 1.86>
ST_1 : Operation 35 [1/1] (1.54ns)   --->   "%icmp_ln52 = icmp eq i32 %wc_read, 13726" [extr_.BGAQRCode-Androidzbarsrcmainjnilibiconv-1.15libgb18030ext.h_gb18030ext_wctomb_with_main.c:52]   --->   Operation 35 'icmp' 'icmp_ln52' <Predicate = (!icmp_ln36 & !icmp_ln38 & !icmp_ln40 & !icmp_ln42 & !and_ln44 & !and_ln46 & !icmp_ln48 & !and_ln50)> <Delay = 1.54> <Core = "Cmp">   --->   Core 25 'Cmp' <Latency = 0> <II = 1> <Delay = 1.49> <FuncUnit> <Opcode : 'icmp'> <InPorts = 2> <OutPorts = 1>
ST_1 : Operation 36 [1/1] (1.86ns)   --->   "br i1 %icmp_ln52, label %._crit_edge, label %9" [extr_.BGAQRCode-Androidzbarsrcmainjnilibiconv-1.15libgb18030ext.h_gb18030ext_wctomb_with_main.c:52]   --->   Operation 36 'br' <Predicate = (!icmp_ln36 & !icmp_ln38 & !icmp_ln40 & !icmp_ln42 & !and_ln44 & !and_ln46 & !icmp_ln48 & !and_ln50)> <Delay = 1.86>
ST_1 : Operation 37 [1/1] (1.54ns)   --->   "%icmp_ln54 = icmp sgt i32 %wc_read, 13831" [extr_.BGAQRCode-Androidzbarsrcmainjnilibiconv-1.15libgb18030ext.h_gb18030ext_wctomb_with_main.c:54]   --->   Operation 37 'icmp' 'icmp_ln54' <Predicate = (!icmp_ln36 & !icmp_ln38 & !icmp_ln40 & !icmp_ln42 & !and_ln44 & !and_ln46 & !icmp_ln48 & !and_ln50 & !icmp_ln52)> <Delay = 1.54> <Core = "Cmp">   --->   Core 25 'Cmp' <Latency = 0> <II = 1> <Delay = 1.49> <FuncUnit> <Opcode : 'icmp'> <InPorts = 2> <OutPorts = 1>
ST_1 : Operation 38 [1/1] (1.54ns)   --->   "%icmp_ln54_1 = icmp slt i32 %wc_read, 13856" [extr_.BGAQRCode-Androidzbarsrcmainjnilibiconv-1.15libgb18030ext.h_gb18030ext_wctomb_with_main.c:54]   --->   Operation 38 'icmp' 'icmp_ln54_1' <Predicate = (!icmp_ln36 & !icmp_ln38 & !icmp_ln40 & !icmp_ln42 & !and_ln44 & !and_ln46 & !icmp_ln48 & !and_ln50 & !icmp_ln52)> <Delay = 1.54> <Core = "Cmp">   --->   Core 25 'Cmp' <Latency = 0> <II = 1> <Delay = 1.49> <FuncUnit> <Opcode : 'icmp'> <InPorts = 2> <OutPorts = 1>
ST_1 : Operation 39 [1/1] (0.61ns)   --->   "%and_ln54 = and i1 %icmp_ln54, %icmp_ln54_1" [extr_.BGAQRCode-Androidzbarsrcmainjnilibiconv-1.15libgb18030ext.h_gb18030ext_wctomb_with_main.c:54]   --->   Operation 39 'and' 'and_ln54' <Predicate = (!icmp_ln36 & !icmp_ln38 & !icmp_ln40 & !icmp_ln42 & !and_ln44 & !and_ln46 & !icmp_ln48 & !and_ln50 & !icmp_ln52)> <Delay = 0.61> <Core = "LogicGate">   --->   Core 27 'LogicGate' <Latency = 0> <II = 1> <Delay = 0.61> <FuncUnit> <Opcode : 'and' 'or' 'xor'> <InPorts = 2> <OutPorts = 1>
ST_1 : Operation 40 [1/1] (1.86ns)   --->   "br i1 %and_ln54, label %._crit_edge, label %10" [extr_.BGAQRCode-Androidzbarsrcmainjnilibiconv-1.15libgb18030ext.h_gb18030ext_wctomb_with_main.c:54]   --->   Operation 40 'br' <Predicate = (!icmp_ln36 & !icmp_ln38 & !icmp_ln40 & !icmp_ln42 & !and_ln44 & !and_ln46 & !icmp_ln48 & !and_ln50 & !icmp_ln52)> <Delay = 1.86>
ST_1 : Operation 41 [1/1] (1.54ns)   --->   "%icmp_ln56 = icmp eq i32 %wc_read, 14616" [extr_.BGAQRCode-Androidzbarsrcmainjnilibiconv-1.15libgb18030ext.h_gb18030ext_wctomb_with_main.c:56]   --->   Operation 41 'icmp' 'icmp_ln56' <Predicate = (!icmp_ln36 & !icmp_ln38 & !icmp_ln40 & !icmp_ln42 & !and_ln44 & !and_ln46 & !icmp_ln48 & !and_ln50 & !icmp_ln52 & !and_ln54)> <Delay = 1.54> <Core = "Cmp">   --->   Core 25 'Cmp' <Latency = 0> <II = 1> <Delay = 1.49> <FuncUnit> <Opcode : 'icmp'> <InPorts = 2> <OutPorts = 1>
ST_1 : Operation 42 [1/1] (1.86ns)   --->   "br i1 %icmp_ln56, label %._crit_edge, label %11" [extr_.BGAQRCode-Androidzbarsrcmainjnilibiconv-1.15libgb18030ext.h_gb18030ext_wctomb_with_main.c:56]   --->   Operation 42 'br' <Predicate = (!icmp_ln36 & !icmp_ln38 & !icmp_ln40 & !icmp_ln42 & !and_ln44 & !and_ln46 & !icmp_ln48 & !and_ln50 & !icmp_ln52 & !and_ln54)> <Delay = 1.86>
ST_1 : Operation 43 [1/1] (1.54ns)   --->   "%icmp_ln58 = icmp eq i32 %wc_read, 14702" [extr_.BGAQRCode-Androidzbarsrcmainjnilibiconv-1.15libgb18030ext.h_gb18030ext_wctomb_with_main.c:58]   --->   Operation 43 'icmp' 'icmp_ln58' <Predicate = (!icmp_ln36 & !icmp_ln38 & !icmp_ln40 & !icmp_ln42 & !and_ln44 & !and_ln46 & !icmp_ln48 & !and_ln50 & !icmp_ln52 & !and_ln54 & !icmp_ln56)> <Delay = 1.54> <Core = "Cmp">   --->   Core 25 'Cmp' <Latency = 0> <II = 1> <Delay = 1.49> <FuncUnit> <Opcode : 'icmp'> <InPorts = 2> <OutPorts = 1>
ST_1 : Operation 44 [1/1] (1.86ns)   --->   "br i1 %icmp_ln58, label %._crit_edge, label %12" [extr_.BGAQRCode-Androidzbarsrcmainjnilibiconv-1.15libgb18030ext.h_gb18030ext_wctomb_with_main.c:58]   --->   Operation 44 'br' <Predicate = (!icmp_ln36 & !icmp_ln38 & !icmp_ln40 & !icmp_ln42 & !and_ln44 & !and_ln46 & !icmp_ln48 & !and_ln50 & !icmp_ln52 & !and_ln54 & !icmp_ln56)> <Delay = 1.86>
ST_1 : Operation 45 [1/1] (1.54ns)   --->   "%icmp_ln60 = icmp sgt i32 %wc_read, 14791" [extr_.BGAQRCode-Androidzbarsrcmainjnilibiconv-1.15libgb18030ext.h_gb18030ext_wctomb_with_main.c:60]   --->   Operation 45 'icmp' 'icmp_ln60' <Predicate = (!icmp_ln36 & !icmp_ln38 & !icmp_ln40 & !icmp_ln42 & !and_ln44 & !and_ln46 & !icmp_ln48 & !and_ln50 & !icmp_ln52 & !and_ln54 & !icmp_ln56 & !icmp_ln58)> <Delay = 1.54> <Core = "Cmp">   --->   Core 25 'Cmp' <Latency = 0> <II = 1> <Delay = 1.49> <FuncUnit> <Opcode : 'icmp'> <InPorts = 2> <OutPorts = 1>
ST_1 : Operation 46 [1/1] (1.54ns)   --->   "%icmp_ln60_1 = icmp slt i32 %wc_read, 14816" [extr_.BGAQRCode-Androidzbarsrcmainjnilibiconv-1.15libgb18030ext.h_gb18030ext_wctomb_with_main.c:60]   --->   Operation 46 'icmp' 'icmp_ln60_1' <Predicate = (!icmp_ln36 & !icmp_ln38 & !icmp_ln40 & !icmp_ln42 & !and_ln44 & !and_ln46 & !icmp_ln48 & !and_ln50 & !icmp_ln52 & !and_ln54 & !icmp_ln56 & !icmp_ln58)> <Delay = 1.54> <Core = "Cmp">   --->   Core 25 'Cmp' <Latency = 0> <II = 1> <Delay = 1.49> <FuncUnit> <Opcode : 'icmp'> <InPorts = 2> <OutPorts = 1>
ST_1 : Operation 47 [1/1] (0.61ns)   --->   "%and_ln60 = and i1 %icmp_ln60, %icmp_ln60_1" [extr_.BGAQRCode-Androidzbarsrcmainjnilibiconv-1.15libgb18030ext.h_gb18030ext_wctomb_with_main.c:60]   --->   Operation 47 'and' 'and_ln60' <Predicate = (!icmp_ln36 & !icmp_ln38 & !icmp_ln40 & !icmp_ln42 & !and_ln44 & !and_ln46 & !icmp_ln48 & !and_ln50 & !icmp_ln52 & !and_ln54 & !icmp_ln56 & !icmp_ln58)> <Delay = 0.61> <Core = "LogicGate">   --->   Core 27 'LogicGate' <Latency = 0> <II = 1> <Delay = 0.61> <FuncUnit> <Opcode : 'and' 'or' 'xor'> <InPorts = 2> <OutPorts = 1>
ST_1 : Operation 48 [1/1] (1.86ns)   --->   "br i1 %and_ln60, label %._crit_edge, label %13" [extr_.BGAQRCode-Androidzbarsrcmainjnilibiconv-1.15libgb18030ext.h_gb18030ext_wctomb_with_main.c:60]   --->   Operation 48 'br' <Predicate = (!icmp_ln36 & !icmp_ln38 & !icmp_ln40 & !icmp_ln42 & !and_ln44 & !and_ln46 & !icmp_ln48 & !and_ln50 & !icmp_ln52 & !and_ln54 & !icmp_ln56 & !icmp_ln58)> <Delay = 1.86>
ST_1 : Operation 49 [1/1] (1.54ns)   --->   "%icmp_ln62 = icmp eq i32 %wc_read, 14963" [extr_.BGAQRCode-Androidzbarsrcmainjnilibiconv-1.15libgb18030ext.h_gb18030ext_wctomb_with_main.c:62]   --->   Operation 49 'icmp' 'icmp_ln62' <Predicate = (!icmp_ln36 & !icmp_ln38 & !icmp_ln40 & !icmp_ln42 & !and_ln44 & !and_ln46 & !icmp_ln48 & !and_ln50 & !icmp_ln52 & !and_ln54 & !icmp_ln56 & !icmp_ln58 & !and_ln60)> <Delay = 1.54> <Core = "Cmp">   --->   Core 25 'Cmp' <Latency = 0> <II = 1> <Delay = 1.49> <FuncUnit> <Opcode : 'icmp'> <InPorts = 2> <OutPorts = 1>
ST_1 : Operation 50 [1/1] (1.86ns)   --->   "br i1 %icmp_ln62, label %._crit_edge, label %14" [extr_.BGAQRCode-Androidzbarsrcmainjnilibiconv-1.15libgb18030ext.h_gb18030ext_wctomb_with_main.c:62]   --->   Operation 50 'br' <Predicate = (!icmp_ln36 & !icmp_ln38 & !icmp_ln40 & !icmp_ln42 & !and_ln44 & !and_ln46 & !icmp_ln48 & !and_ln50 & !icmp_ln52 & !and_ln54 & !icmp_ln56 & !icmp_ln58 & !and_ln60)> <Delay = 1.86>
ST_1 : Operation 51 [1/1] (1.54ns)   --->   "%icmp_ln64 = icmp eq i32 %wc_read, 15182" [extr_.BGAQRCode-Androidzbarsrcmainjnilibiconv-1.15libgb18030ext.h_gb18030ext_wctomb_with_main.c:64]   --->   Operation 51 'icmp' 'icmp_ln64' <Predicate = (!icmp_ln36 & !icmp_ln38 & !icmp_ln40 & !icmp_ln42 & !and_ln44 & !and_ln46 & !icmp_ln48 & !and_ln50 & !icmp_ln52 & !and_ln54 & !icmp_ln56 & !icmp_ln58 & !and_ln60 & !icmp_ln62)> <Delay = 1.54> <Core = "Cmp">   --->   Core 25 'Cmp' <Latency = 0> <II = 1> <Delay = 1.49> <FuncUnit> <Opcode : 'icmp'> <InPorts = 2> <OutPorts = 1>
ST_1 : Operation 52 [1/1] (1.86ns)   --->   "br i1 %icmp_ln64, label %._crit_edge, label %15" [extr_.BGAQRCode-Androidzbarsrcmainjnilibiconv-1.15libgb18030ext.h_gb18030ext_wctomb_with_main.c:64]   --->   Operation 52 'br' <Predicate = (!icmp_ln36 & !icmp_ln38 & !icmp_ln40 & !icmp_ln42 & !and_ln44 & !and_ln46 & !icmp_ln48 & !and_ln50 & !icmp_ln52 & !and_ln54 & !icmp_ln56 & !icmp_ln58 & !and_ln60 & !icmp_ln62)> <Delay = 1.86>
ST_1 : Operation 53 [1/1] (1.54ns)   --->   "%icmp_ln66 = icmp eq i32 %wc_read, 15470" [extr_.BGAQRCode-Androidzbarsrcmainjnilibiconv-1.15libgb18030ext.h_gb18030ext_wctomb_with_main.c:66]   --->   Operation 53 'icmp' 'icmp_ln66' <Predicate = (!icmp_ln36 & !icmp_ln38 & !icmp_ln40 & !icmp_ln42 & !and_ln44 & !and_ln46 & !icmp_ln48 & !and_ln50 & !icmp_ln52 & !and_ln54 & !icmp_ln56 & !icmp_ln58 & !and_ln60 & !icmp_ln62 & !icmp_ln64)> <Delay = 1.54> <Core = "Cmp">   --->   Core 25 'Cmp' <Latency = 0> <II = 1> <Delay = 1.49> <FuncUnit> <Opcode : 'icmp'> <InPorts = 2> <OutPorts = 1>
ST_1 : Operation 54 [1/1] (1.86ns)   --->   "br i1 %icmp_ln66, label %._crit_edge, label %16" [extr_.BGAQRCode-Androidzbarsrcmainjnilibiconv-1.15libgb18030ext.h_gb18030ext_wctomb_with_main.c:66]   --->   Operation 54 'br' <Predicate = (!icmp_ln36 & !icmp_ln38 & !icmp_ln40 & !icmp_ln42 & !and_ln44 & !and_ln46 & !icmp_ln48 & !and_ln50 & !icmp_ln52 & !and_ln54 & !icmp_ln56 & !icmp_ln58 & !and_ln60 & !icmp_ln62 & !icmp_ln64)> <Delay = 1.86>
ST_1 : Operation 55 [1/1] (1.54ns)   --->   "%icmp_ln68 = icmp eq i32 %wc_read, 15584" [extr_.BGAQRCode-Androidzbarsrcmainjnilibiconv-1.15libgb18030ext.h_gb18030ext_wctomb_with_main.c:68]   --->   Operation 55 'icmp' 'icmp_ln68' <Predicate = (!icmp_ln36 & !icmp_ln38 & !icmp_ln40 & !icmp_ln42 & !and_ln44 & !and_ln46 & !icmp_ln48 & !and_ln50 & !icmp_ln52 & !and_ln54 & !icmp_ln56 & !icmp_ln58 & !and_ln60 & !icmp_ln62 & !icmp_ln64 & !icmp_ln66)> <Delay = 1.54> <Core = "Cmp">   --->   Core 25 'Cmp' <Latency = 0> <II = 1> <Delay = 1.49> <FuncUnit> <Opcode : 'icmp'> <InPorts = 2> <OutPorts = 1>
ST_1 : Operation 56 [1/1] (1.86ns)   --->   "br i1 %icmp_ln68, label %._crit_edge, label %17" [extr_.BGAQRCode-Androidzbarsrcmainjnilibiconv-1.15libgb18030ext.h_gb18030ext_wctomb_with_main.c:68]   --->   Operation 56 'br' <Predicate = (!icmp_ln36 & !icmp_ln38 & !icmp_ln40 & !icmp_ln42 & !and_ln44 & !and_ln46 & !icmp_ln48 & !and_ln50 & !icmp_ln52 & !and_ln54 & !icmp_ln56 & !icmp_ln58 & !and_ln60 & !icmp_ln62 & !icmp_ln64 & !icmp_ln66)> <Delay = 1.86>
ST_1 : Operation 57 [1/1] (1.54ns)   --->   "%icmp_ln70 = icmp eq i32 %wc_read, 16470" [extr_.BGAQRCode-Androidzbarsrcmainjnilibiconv-1.15libgb18030ext.h_gb18030ext_wctomb_with_main.c:70]   --->   Operation 57 'icmp' 'icmp_ln70' <Predicate = (!icmp_ln36 & !icmp_ln38 & !icmp_ln40 & !icmp_ln42 & !and_ln44 & !and_ln46 & !icmp_ln48 & !and_ln50 & !icmp_ln52 & !and_ln54 & !icmp_ln56 & !icmp_ln58 & !and_ln60 & !icmp_ln62 & !icmp_ln64 & !icmp_ln66 & !icmp_ln68)> <Delay = 1.54> <Core = "Cmp">   --->   Core 25 'Cmp' <Latency = 0> <II = 1> <Delay = 1.49> <FuncUnit> <Opcode : 'icmp'> <InPorts = 2> <OutPorts = 1>
ST_1 : Operation 58 [1/1] (1.86ns)   --->   "br i1 %icmp_ln70, label %._crit_edge, label %18" [extr_.BGAQRCode-Androidzbarsrcmainjnilibiconv-1.15libgb18030ext.h_gb18030ext_wctomb_with_main.c:70]   --->   Operation 58 'br' <Predicate = (!icmp_ln36 & !icmp_ln38 & !icmp_ln40 & !icmp_ln42 & !and_ln44 & !and_ln46 & !icmp_ln48 & !and_ln50 & !icmp_ln52 & !and_ln54 & !icmp_ln56 & !icmp_ln58 & !and_ln60 & !icmp_ln62 & !icmp_ln64 & !icmp_ln66 & !icmp_ln68)> <Delay = 1.86>
ST_1 : Operation 59 [1/1] (1.54ns)   --->   "%icmp_ln72 = icmp eq i32 %wc_read, 16735" [extr_.BGAQRCode-Androidzbarsrcmainjnilibiconv-1.15libgb18030ext.h_gb18030ext_wctomb_with_main.c:72]   --->   Operation 59 'icmp' 'icmp_ln72' <Predicate = (!icmp_ln36 & !icmp_ln38 & !icmp_ln40 & !icmp_ln42 & !and_ln44 & !and_ln46 & !icmp_ln48 & !and_ln50 & !icmp_ln52 & !and_ln54 & !icmp_ln56 & !icmp_ln58 & !and_ln60 & !icmp_ln62 & !icmp_ln64 & !icmp_ln66 & !icmp_ln68 & !icmp_ln70)> <Delay = 1.54> <Core = "Cmp">   --->   Core 25 'Cmp' <Latency = 0> <II = 1> <Delay = 1.49> <FuncUnit> <Opcode : 'icmp'> <InPorts = 2> <OutPorts = 1>
ST_1 : Operation 60 [1/1] (1.86ns)   --->   "br i1 %icmp_ln72, label %._crit_edge, label %19" [extr_.BGAQRCode-Androidzbarsrcmainjnilibiconv-1.15libgb18030ext.h_gb18030ext_wctomb_with_main.c:72]   --->   Operation 60 'br' <Predicate = (!icmp_ln36 & !icmp_ln38 & !icmp_ln40 & !icmp_ln42 & !and_ln44 & !and_ln46 & !icmp_ln48 & !and_ln50 & !icmp_ln52 & !and_ln54 & !icmp_ln56 & !icmp_ln58 & !and_ln60 & !icmp_ln62 & !icmp_ln64 & !icmp_ln66 & !icmp_ln68 & !icmp_ln70)> <Delay = 1.86>
ST_1 : Operation 61 [1/1] (1.54ns)   --->   "%icmp_ln74 = icmp eq i32 %wc_read, 17207" [extr_.BGAQRCode-Androidzbarsrcmainjnilibiconv-1.15libgb18030ext.h_gb18030ext_wctomb_with_main.c:74]   --->   Operation 61 'icmp' 'icmp_ln74' <Predicate = (!icmp_ln36 & !icmp_ln38 & !icmp_ln40 & !icmp_ln42 & !and_ln44 & !and_ln46 & !icmp_ln48 & !and_ln50 & !icmp_ln52 & !and_ln54 & !icmp_ln56 & !icmp_ln58 & !and_ln60 & !icmp_ln62 & !icmp_ln64 & !icmp_ln66 & !icmp_ln68 & !icmp_ln70 & !icmp_ln72)> <Delay = 1.54> <Core = "Cmp">   --->   Core 25 'Cmp' <Latency = 0> <II = 1> <Delay = 1.49> <FuncUnit> <Opcode : 'icmp'> <InPorts = 2> <OutPorts = 1>
ST_1 : Operation 62 [1/1] (1.86ns)   --->   "br i1 %icmp_ln74, label %._crit_edge, label %20" [extr_.BGAQRCode-Androidzbarsrcmainjnilibiconv-1.15libgb18030ext.h_gb18030ext_wctomb_with_main.c:74]   --->   Operation 62 'br' <Predicate = (!icmp_ln36 & !icmp_ln38 & !icmp_ln40 & !icmp_ln42 & !and_ln44 & !and_ln46 & !icmp_ln48 & !and_ln50 & !icmp_ln52 & !and_ln54 & !icmp_ln56 & !icmp_ln58 & !and_ln60 & !icmp_ln62 & !icmp_ln64 & !icmp_ln66 & !icmp_ln68 & !icmp_ln70 & !icmp_ln72)> <Delay = 1.86>
ST_1 : Operation 63 [1/1] (1.54ns)   --->   "%icmp_ln76 = icmp sgt i32 %wc_read, 17319" [extr_.BGAQRCode-Androidzbarsrcmainjnilibiconv-1.15libgb18030ext.h_gb18030ext_wctomb_with_main.c:76]   --->   Operation 63 'icmp' 'icmp_ln76' <Predicate = (!icmp_ln36 & !icmp_ln38 & !icmp_ln40 & !icmp_ln42 & !and_ln44 & !and_ln46 & !icmp_ln48 & !and_ln50 & !icmp_ln52 & !and_ln54 & !icmp_ln56 & !icmp_ln58 & !and_ln60 & !icmp_ln62 & !icmp_ln64 & !icmp_ln66 & !icmp_ln68 & !icmp_ln70 & !icmp_ln72 & !icmp_ln74)> <Delay = 1.54> <Core = "Cmp">   --->   Core 25 'Cmp' <Latency = 0> <II = 1> <Delay = 1.49> <FuncUnit> <Opcode : 'icmp'> <InPorts = 2> <OutPorts = 1>
ST_1 : Operation 64 [1/1] (1.54ns)   --->   "%icmp_ln76_1 = icmp slt i32 %wc_read, 17376" [extr_.BGAQRCode-Androidzbarsrcmainjnilibiconv-1.15libgb18030ext.h_gb18030ext_wctomb_with_main.c:76]   --->   Operation 64 'icmp' 'icmp_ln76_1' <Predicate = (!icmp_ln36 & !icmp_ln38 & !icmp_ln40 & !icmp_ln42 & !and_ln44 & !and_ln46 & !icmp_ln48 & !and_ln50 & !icmp_ln52 & !and_ln54 & !icmp_ln56 & !icmp_ln58 & !and_ln60 & !icmp_ln62 & !icmp_ln64 & !icmp_ln66 & !icmp_ln68 & !icmp_ln70 & !icmp_ln72 & !icmp_ln74)> <Delay = 1.54> <Core = "Cmp">   --->   Core 25 'Cmp' <Latency = 0> <II = 1> <Delay = 1.49> <FuncUnit> <Opcode : 'icmp'> <InPorts = 2> <OutPorts = 1>
ST_1 : Operation 65 [1/1] (0.61ns)   --->   "%and_ln76 = and i1 %icmp_ln76, %icmp_ln76_1" [extr_.BGAQRCode-Androidzbarsrcmainjnilibiconv-1.15libgb18030ext.h_gb18030ext_wctomb_with_main.c:76]   --->   Operation 65 'and' 'and_ln76' <Predicate = (!icmp_ln36 & !icmp_ln38 & !icmp_ln40 & !icmp_ln42 & !and_ln44 & !and_ln46 & !icmp_ln48 & !and_ln50 & !icmp_ln52 & !and_ln54 & !icmp_ln56 & !icmp_ln58 & !and_ln60 & !icmp_ln62 & !icmp_ln64 & !icmp_ln66 & !icmp_ln68 & !icmp_ln70 & !icmp_ln72 & !icmp_ln74)> <Delay = 0.61> <Core = "LogicGate">   --->   Core 27 'LogicGate' <Latency = 0> <II = 1> <Delay = 0.61> <FuncUnit> <Opcode : 'and' 'or' 'xor'> <InPorts = 2> <OutPorts = 1>
ST_1 : Operation 66 [1/1] (1.86ns)   --->   "br i1 %and_ln76, label %._crit_edge, label %21" [extr_.BGAQRCode-Androidzbarsrcmainjnilibiconv-1.15libgb18030ext.h_gb18030ext_wctomb_with_main.c:76]   --->   Operation 66 'br' <Predicate = (!icmp_ln36 & !icmp_ln38 & !icmp_ln40 & !icmp_ln42 & !and_ln44 & !and_ln46 & !icmp_ln48 & !and_ln50 & !icmp_ln52 & !and_ln54 & !icmp_ln56 & !icmp_ln58 & !and_ln60 & !icmp_ln62 & !icmp_ln64 & !icmp_ln66 & !icmp_ln68 & !icmp_ln70 & !icmp_ln72 & !icmp_ln74)> <Delay = 1.86>
ST_1 : Operation 67 [1/1] (1.54ns)   --->   "%icmp_ln78 = icmp eq i32 %wc_read, 17622" [extr_.BGAQRCode-Androidzbarsrcmainjnilibiconv-1.15libgb18030ext.h_gb18030ext_wctomb_with_main.c:78]   --->   Operation 67 'icmp' 'icmp_ln78' <Predicate = (!icmp_ln36 & !icmp_ln38 & !icmp_ln40 & !icmp_ln42 & !and_ln44 & !and_ln46 & !icmp_ln48 & !and_ln50 & !icmp_ln52 & !and_ln54 & !icmp_ln56 & !icmp_ln58 & !and_ln60 & !icmp_ln62 & !icmp_ln64 & !icmp_ln66 & !icmp_ln68 & !icmp_ln70 & !icmp_ln72 & !icmp_ln74 & !and_ln76)> <Delay = 1.54> <Core = "Cmp">   --->   Core 25 'Cmp' <Latency = 0> <II = 1> <Delay = 1.49> <FuncUnit> <Opcode : 'icmp'> <InPorts = 2> <OutPorts = 1>
ST_1 : Operation 68 [1/1] (1.86ns)   --->   "br i1 %icmp_ln78, label %._crit_edge, label %22" [extr_.BGAQRCode-Androidzbarsrcmainjnilibiconv-1.15libgb18030ext.h_gb18030ext_wctomb_with_main.c:78]   --->   Operation 68 'br' <Predicate = (!icmp_ln36 & !icmp_ln38 & !icmp_ln40 & !icmp_ln42 & !and_ln44 & !and_ln46 & !icmp_ln48 & !and_ln50 & !icmp_ln52 & !and_ln54 & !icmp_ln56 & !icmp_ln58 & !and_ln60 & !icmp_ln62 & !icmp_ln64 & !icmp_ln66 & !icmp_ln68 & !icmp_ln70 & !icmp_ln72 & !icmp_ln74 & !and_ln76)> <Delay = 1.86>
ST_1 : Operation 69 [1/1] (1.54ns)   --->   "%icmp_ln80 = icmp sgt i32 %wc_read, 17991" [extr_.BGAQRCode-Androidzbarsrcmainjnilibiconv-1.15libgb18030ext.h_gb18030ext_wctomb_with_main.c:80]   --->   Operation 69 'icmp' 'icmp_ln80' <Predicate = (!icmp_ln36 & !icmp_ln38 & !icmp_ln40 & !icmp_ln42 & !and_ln44 & !and_ln46 & !icmp_ln48 & !and_ln50 & !icmp_ln52 & !and_ln54 & !icmp_ln56 & !icmp_ln58 & !and_ln60 & !icmp_ln62 & !icmp_ln64 & !icmp_ln66 & !icmp_ln68 & !icmp_ln70 & !icmp_ln72 & !icmp_ln74 & !and_ln76 & !icmp_ln78)> <Delay = 1.54> <Core = "Cmp">   --->   Core 25 'Cmp' <Latency = 0> <II = 1> <Delay = 1.49> <FuncUnit> <Opcode : 'icmp'> <InPorts = 2> <OutPorts = 1>
ST_1 : Operation 70 [1/1] (1.54ns)   --->   "%icmp_ln80_1 = icmp slt i32 %wc_read, 18024" [extr_.BGAQRCode-Androidzbarsrcmainjnilibiconv-1.15libgb18030ext.h_gb18030ext_wctomb_with_main.c:80]   --->   Operation 70 'icmp' 'icmp_ln80_1' <Predicate = (!icmp_ln36 & !icmp_ln38 & !icmp_ln40 & !icmp_ln42 & !and_ln44 & !and_ln46 & !icmp_ln48 & !and_ln50 & !icmp_ln52 & !and_ln54 & !icmp_ln56 & !icmp_ln58 & !and_ln60 & !icmp_ln62 & !icmp_ln64 & !icmp_ln66 & !icmp_ln68 & !icmp_ln70 & !icmp_ln72 & !icmp_ln74 & !and_ln76 & !icmp_ln78)> <Delay = 1.54> <Core = "Cmp">   --->   Core 25 'Cmp' <Latency = 0> <II = 1> <Delay = 1.49> <FuncUnit> <Opcode : 'icmp'> <InPorts = 2> <OutPorts = 1>
ST_1 : Operation 71 [1/1] (0.61ns)   --->   "%and_ln80 = and i1 %icmp_ln80, %icmp_ln80_1" [extr_.BGAQRCode-Androidzbarsrcmainjnilibiconv-1.15libgb18030ext.h_gb18030ext_wctomb_with_main.c:80]   --->   Operation 71 'and' 'and_ln80' <Predicate = (!icmp_ln36 & !icmp_ln38 & !icmp_ln40 & !icmp_ln42 & !and_ln44 & !and_ln46 & !icmp_ln48 & !and_ln50 & !icmp_ln52 & !and_ln54 & !icmp_ln56 & !icmp_ln58 & !and_ln60 & !icmp_ln62 & !icmp_ln64 & !icmp_ln66 & !icmp_ln68 & !icmp_ln70 & !icmp_ln72 & !icmp_ln74 & !and_ln76 & !icmp_ln78)> <Delay = 0.61> <Core = "LogicGate">   --->   Core 27 'LogicGate' <Latency = 0> <II = 1> <Delay = 0.61> <FuncUnit> <Opcode : 'and' 'or' 'xor'> <InPorts = 2> <OutPorts = 1>
ST_1 : Operation 72 [1/1] (1.86ns)   --->   "br i1 %and_ln80, label %._crit_edge, label %23" [extr_.BGAQRCode-Androidzbarsrcmainjnilibiconv-1.15libgb18030ext.h_gb18030ext_wctomb_with_main.c:80]   --->   Operation 72 'br' <Predicate = (!icmp_ln36 & !icmp_ln38 & !icmp_ln40 & !icmp_ln42 & !and_ln44 & !and_ln46 & !icmp_ln48 & !and_ln50 & !icmp_ln52 & !and_ln54 & !icmp_ln56 & !icmp_ln58 & !and_ln60 & !icmp_ln62 & !icmp_ln64 & !icmp_ln66 & !icmp_ln68 & !icmp_ln70 & !icmp_ln72 & !icmp_ln74 & !and_ln76 & !icmp_ln78)> <Delay = 1.86>
ST_1 : Operation 73 [1/1] (1.54ns)   --->   "%icmp_ln82 = icmp sgt i32 %wc_read, 18207" [extr_.BGAQRCode-Androidzbarsrcmainjnilibiconv-1.15libgb18030ext.h_gb18030ext_wctomb_with_main.c:82]   --->   Operation 73 'icmp' 'icmp_ln82' <Predicate = (!icmp_ln36 & !icmp_ln38 & !icmp_ln40 & !icmp_ln42 & !and_ln44 & !and_ln46 & !icmp_ln48 & !and_ln50 & !icmp_ln52 & !and_ln54 & !icmp_ln56 & !icmp_ln58 & !and_ln60 & !icmp_ln62 & !icmp_ln64 & !icmp_ln66 & !icmp_ln68 & !icmp_ln70 & !icmp_ln72 & !icmp_ln74 & !and_ln76 & !icmp_ln78 & !and_ln80)> <Delay = 1.54> <Core = "Cmp">   --->   Core 25 'Cmp' <Latency = 0> <II = 1> <Delay = 1.49> <FuncUnit> <Opcode : 'icmp'> <InPorts = 2> <OutPorts = 1>
ST_1 : Operation 74 [1/1] (1.54ns)   --->   "%icmp_ln82_1 = icmp slt i32 %wc_read, 18224" [extr_.BGAQRCode-Androidzbarsrcmainjnilibiconv-1.15libgb18030ext.h_gb18030ext_wctomb_with_main.c:82]   --->   Operation 74 'icmp' 'icmp_ln82_1' <Predicate = (!icmp_ln36 & !icmp_ln38 & !icmp_ln40 & !icmp_ln42 & !and_ln44 & !and_ln46 & !icmp_ln48 & !and_ln50 & !icmp_ln52 & !and_ln54 & !icmp_ln56 & !icmp_ln58 & !and_ln60 & !icmp_ln62 & !icmp_ln64 & !icmp_ln66 & !icmp_ln68 & !icmp_ln70 & !icmp_ln72 & !icmp_ln74 & !and_ln76 & !icmp_ln78 & !and_ln80)> <Delay = 1.54> <Core = "Cmp">   --->   Core 25 'Cmp' <Latency = 0> <II = 1> <Delay = 1.49> <FuncUnit> <Opcode : 'icmp'> <InPorts = 2> <OutPorts = 1>
ST_1 : Operation 75 [1/1] (0.61ns)   --->   "%and_ln82 = and i1 %icmp_ln82, %icmp_ln82_1" [extr_.BGAQRCode-Androidzbarsrcmainjnilibiconv-1.15libgb18030ext.h_gb18030ext_wctomb_with_main.c:82]   --->   Operation 75 'and' 'and_ln82' <Predicate = (!icmp_ln36 & !icmp_ln38 & !icmp_ln40 & !icmp_ln42 & !and_ln44 & !and_ln46 & !icmp_ln48 & !and_ln50 & !icmp_ln52 & !and_ln54 & !icmp_ln56 & !icmp_ln58 & !and_ln60 & !icmp_ln62 & !icmp_ln64 & !icmp_ln66 & !icmp_ln68 & !icmp_ln70 & !icmp_ln72 & !icmp_ln74 & !and_ln76 & !icmp_ln78 & !and_ln80)> <Delay = 0.61> <Core = "LogicGate">   --->   Core 27 'LogicGate' <Latency = 0> <II = 1> <Delay = 0.61> <FuncUnit> <Opcode : 'and' 'or' 'xor'> <InPorts = 2> <OutPorts = 1>
ST_1 : Operation 76 [1/1] (1.86ns)   --->   "br i1 %and_ln82, label %._crit_edge, label %24" [extr_.BGAQRCode-Androidzbarsrcmainjnilibiconv-1.15libgb18030ext.h_gb18030ext_wctomb_with_main.c:82]   --->   Operation 76 'br' <Predicate = (!icmp_ln36 & !icmp_ln38 & !icmp_ln40 & !icmp_ln42 & !and_ln44 & !and_ln46 & !icmp_ln48 & !and_ln50 & !icmp_ln52 & !and_ln54 & !icmp_ln56 & !icmp_ln58 & !and_ln60 & !icmp_ln62 & !icmp_ln64 & !icmp_ln66 & !icmp_ln68 & !icmp_ln70 & !icmp_ln72 & !icmp_ln74 & !and_ln76 & !icmp_ln78 & !and_ln80)> <Delay = 1.86>
ST_1 : Operation 77 [1/1] (1.54ns)   --->   "%icmp_ln84 = icmp sgt i32 %wc_read, 18295" [extr_.BGAQRCode-Androidzbarsrcmainjnilibiconv-1.15libgb18030ext.h_gb18030ext_wctomb_with_main.c:84]   --->   Operation 77 'icmp' 'icmp_ln84' <Predicate = (!icmp_ln36 & !icmp_ln38 & !icmp_ln40 & !icmp_ln42 & !and_ln44 & !and_ln46 & !icmp_ln48 & !and_ln50 & !icmp_ln52 & !and_ln54 & !icmp_ln56 & !icmp_ln58 & !and_ln60 & !icmp_ln62 & !icmp_ln64 & !icmp_ln66 & !icmp_ln68 & !icmp_ln70 & !icmp_ln72 & !icmp_ln74 & !and_ln76 & !icmp_ln78 & !and_ln80 & !and_ln82)> <Delay = 1.54> <Core = "Cmp">   --->   Core 25 'Cmp' <Latency = 0> <II = 1> <Delay = 1.49> <FuncUnit> <Opcode : 'icmp'> <InPorts = 2> <OutPorts = 1>
ST_1 : Operation 78 [1/1] (1.54ns)   --->   "%icmp_ln84_1 = icmp slt i32 %wc_read, 18320" [extr_.BGAQRCode-Androidzbarsrcmainjnilibiconv-1.15libgb18030ext.h_gb18030ext_wctomb_with_main.c:84]   --->   Operation 78 'icmp' 'icmp_ln84_1' <Predicate = (!icmp_ln36 & !icmp_ln38 & !icmp_ln40 & !icmp_ln42 & !and_ln44 & !and_ln46 & !icmp_ln48 & !and_ln50 & !icmp_ln52 & !and_ln54 & !icmp_ln56 & !icmp_ln58 & !and_ln60 & !icmp_ln62 & !icmp_ln64 & !icmp_ln66 & !icmp_ln68 & !icmp_ln70 & !icmp_ln72 & !icmp_ln74 & !and_ln76 & !icmp_ln78 & !and_ln80 & !and_ln82)> <Delay = 1.54> <Core = "Cmp">   --->   Core 25 'Cmp' <Latency = 0> <II = 1> <Delay = 1.49> <FuncUnit> <Opcode : 'icmp'> <InPorts = 2> <OutPorts = 1>
ST_1 : Operation 79 [1/1] (0.61ns)   --->   "%and_ln84 = and i1 %icmp_ln84, %icmp_ln84_1" [extr_.BGAQRCode-Androidzbarsrcmainjnilibiconv-1.15libgb18030ext.h_gb18030ext_wctomb_with_main.c:84]   --->   Operation 79 'and' 'and_ln84' <Predicate = (!icmp_ln36 & !icmp_ln38 & !icmp_ln40 & !icmp_ln42 & !and_ln44 & !and_ln46 & !icmp_ln48 & !and_ln50 & !icmp_ln52 & !and_ln54 & !icmp_ln56 & !icmp_ln58 & !and_ln60 & !icmp_ln62 & !icmp_ln64 & !icmp_ln66 & !icmp_ln68 & !icmp_ln70 & !icmp_ln72 & !icmp_ln74 & !and_ln76 & !icmp_ln78 & !and_ln80 & !and_ln82)> <Delay = 0.61> <Core = "LogicGate">   --->   Core 27 'LogicGate' <Latency = 0> <II = 1> <Delay = 0.61> <FuncUnit> <Opcode : 'and' 'or' 'xor'> <InPorts = 2> <OutPorts = 1>
ST_1 : Operation 80 [1/1] (1.86ns)   --->   "br i1 %and_ln84, label %._crit_edge, label %25" [extr_.BGAQRCode-Androidzbarsrcmainjnilibiconv-1.15libgb18030ext.h_gb18030ext_wctomb_with_main.c:84]   --->   Operation 80 'br' <Predicate = (!icmp_ln36 & !icmp_ln38 & !icmp_ln40 & !icmp_ln42 & !and_ln44 & !and_ln46 & !icmp_ln48 & !and_ln50 & !icmp_ln52 & !and_ln54 & !icmp_ln56 & !icmp_ln58 & !and_ln60 & !icmp_ln62 & !icmp_ln64 & !icmp_ln66 & !icmp_ln68 & !icmp_ln70 & !icmp_ln72 & !icmp_ln74 & !and_ln76 & !icmp_ln78 & !and_ln80 & !and_ln82)> <Delay = 1.86>
ST_1 : Operation 81 [1/1] (1.54ns)   --->   "%icmp_ln86 = icmp sgt i32 %wc_read, 18751" [extr_.BGAQRCode-Androidzbarsrcmainjnilibiconv-1.15libgb18030ext.h_gb18030ext_wctomb_with_main.c:86]   --->   Operation 81 'icmp' 'icmp_ln86' <Predicate = (!icmp_ln36 & !icmp_ln38 & !icmp_ln40 & !icmp_ln42 & !and_ln44 & !and_ln46 & !icmp_ln48 & !and_ln50 & !icmp_ln52 & !and_ln54 & !icmp_ln56 & !icmp_ln58 & !and_ln60 & !icmp_ln62 & !icmp_ln64 & !icmp_ln66 & !icmp_ln68 & !icmp_ln70 & !icmp_ln72 & !icmp_ln74 & !and_ln76 & !icmp_ln78 & !and_ln80 & !and_ln82 & !and_ln84)> <Delay = 1.54> <Core = "Cmp">   --->   Core 25 'Cmp' <Latency = 0> <II = 1> <Delay = 1.49> <FuncUnit> <Opcode : 'icmp'> <InPorts = 2> <OutPorts = 1>
ST_1 : Operation 82 [1/1] (1.54ns)   --->   "%icmp_ln86_1 = icmp slt i32 %wc_read, 18872" [extr_.BGAQRCode-Androidzbarsrcmainjnilibiconv-1.15libgb18030ext.h_gb18030ext_wctomb_with_main.c:86]   --->   Operation 82 'icmp' 'icmp_ln86_1' <Predicate = (!icmp_ln36 & !icmp_ln38 & !icmp_ln40 & !icmp_ln42 & !and_ln44 & !and_ln46 & !icmp_ln48 & !and_ln50 & !icmp_ln52 & !and_ln54 & !icmp_ln56 & !icmp_ln58 & !and_ln60 & !icmp_ln62 & !icmp_ln64 & !icmp_ln66 & !icmp_ln68 & !icmp_ln70 & !icmp_ln72 & !icmp_ln74 & !and_ln76 & !icmp_ln78 & !and_ln80 & !and_ln82 & !and_ln84)> <Delay = 1.54> <Core = "Cmp">   --->   Core 25 'Cmp' <Latency = 0> <II = 1> <Delay = 1.49> <FuncUnit> <Opcode : 'icmp'> <InPorts = 2> <OutPorts = 1>
ST_1 : Operation 83 [1/1] (0.61ns)   --->   "%and_ln86 = and i1 %icmp_ln86, %icmp_ln86_1" [extr_.BGAQRCode-Androidzbarsrcmainjnilibiconv-1.15libgb18030ext.h_gb18030ext_wctomb_with_main.c:86]   --->   Operation 83 'and' 'and_ln86' <Predicate = (!icmp_ln36 & !icmp_ln38 & !icmp_ln40 & !icmp_ln42 & !and_ln44 & !and_ln46 & !icmp_ln48 & !and_ln50 & !icmp_ln52 & !and_ln54 & !icmp_ln56 & !icmp_ln58 & !and_ln60 & !icmp_ln62 & !icmp_ln64 & !icmp_ln66 & !icmp_ln68 & !icmp_ln70 & !icmp_ln72 & !icmp_ln74 & !and_ln76 & !icmp_ln78 & !and_ln80 & !and_ln82 & !and_ln84)> <Delay = 0.61> <Core = "LogicGate">   --->   Core 27 'LogicGate' <Latency = 0> <II = 1> <Delay = 0.61> <FuncUnit> <Opcode : 'and' 'or' 'xor'> <InPorts = 2> <OutPorts = 1>
ST_1 : Operation 84 [1/1] (1.86ns)   --->   "br i1 %and_ln86, label %._crit_edge, label %26" [extr_.BGAQRCode-Androidzbarsrcmainjnilibiconv-1.15libgb18030ext.h_gb18030ext_wctomb_with_main.c:86]   --->   Operation 84 'br' <Predicate = (!icmp_ln36 & !icmp_ln38 & !icmp_ln40 & !icmp_ln42 & !and_ln44 & !and_ln46 & !icmp_ln48 & !and_ln50 & !icmp_ln52 & !and_ln54 & !icmp_ln56 & !icmp_ln58 & !and_ln60 & !icmp_ln62 & !icmp_ln64 & !icmp_ln66 & !icmp_ln68 & !icmp_ln70 & !icmp_ln72 & !icmp_ln74 & !and_ln76 & !icmp_ln78 & !and_ln80 & !and_ln82 & !and_ln84)> <Delay = 1.86>
ST_1 : Operation 85 [1/1] (1.54ns)   --->   "%icmp_ln88 = icmp sgt i32 %wc_read, 19567" [extr_.BGAQRCode-Androidzbarsrcmainjnilibiconv-1.15libgb18030ext.h_gb18030ext_wctomb_with_main.c:88]   --->   Operation 85 'icmp' 'icmp_ln88' <Predicate = (!icmp_ln36 & !icmp_ln38 & !icmp_ln40 & !icmp_ln42 & !and_ln44 & !and_ln46 & !icmp_ln48 & !and_ln50 & !icmp_ln52 & !and_ln54 & !icmp_ln56 & !icmp_ln58 & !and_ln60 & !icmp_ln62 & !icmp_ln64 & !icmp_ln66 & !icmp_ln68 & !icmp_ln70 & !icmp_ln72 & !icmp_ln74 & !and_ln76 & !icmp_ln78 & !and_ln80 & !and_ln82 & !and_ln84 & !and_ln86)> <Delay = 1.54> <Core = "Cmp">   --->   Core 25 'Cmp' <Latency = 0> <II = 1> <Delay = 1.49> <FuncUnit> <Opcode : 'icmp'> <InPorts = 2> <OutPorts = 1>
ST_1 : Operation 86 [1/1] (1.54ns)   --->   "%icmp_ln88_1 = icmp slt i32 %wc_read, 19624" [extr_.BGAQRCode-Androidzbarsrcmainjnilibiconv-1.15libgb18030ext.h_gb18030ext_wctomb_with_main.c:88]   --->   Operation 86 'icmp' 'icmp_ln88_1' <Predicate = (!icmp_ln36 & !icmp_ln38 & !icmp_ln40 & !icmp_ln42 & !and_ln44 & !and_ln46 & !icmp_ln48 & !and_ln50 & !icmp_ln52 & !and_ln54 & !icmp_ln56 & !icmp_ln58 & !and_ln60 & !icmp_ln62 & !icmp_ln64 & !icmp_ln66 & !icmp_ln68 & !icmp_ln70 & !icmp_ln72 & !icmp_ln74 & !and_ln76 & !icmp_ln78 & !and_ln80 & !and_ln82 & !and_ln84 & !and_ln86)> <Delay = 1.54> <Core = "Cmp">   --->   Core 25 'Cmp' <Latency = 0> <II = 1> <Delay = 1.49> <FuncUnit> <Opcode : 'icmp'> <InPorts = 2> <OutPorts = 1>
ST_1 : Operation 87 [1/1] (0.61ns)   --->   "%and_ln88 = and i1 %icmp_ln88, %icmp_ln88_1" [extr_.BGAQRCode-Androidzbarsrcmainjnilibiconv-1.15libgb18030ext.h_gb18030ext_wctomb_with_main.c:88]   --->   Operation 87 'and' 'and_ln88' <Predicate = (!icmp_ln36 & !icmp_ln38 & !icmp_ln40 & !icmp_ln42 & !and_ln44 & !and_ln46 & !icmp_ln48 & !and_ln50 & !icmp_ln52 & !and_ln54 & !icmp_ln56 & !icmp_ln58 & !and_ln60 & !icmp_ln62 & !icmp_ln64 & !icmp_ln66 & !icmp_ln68 & !icmp_ln70 & !icmp_ln72 & !icmp_ln74 & !and_ln76 & !icmp_ln78 & !and_ln80 & !and_ln82 & !and_ln84 & !and_ln86)> <Delay = 0.61> <Core = "LogicGate">   --->   Core 27 'LogicGate' <Latency = 0> <II = 1> <Delay = 0.61> <FuncUnit> <Opcode : 'and' 'or' 'xor'> <InPorts = 2> <OutPorts = 1>
ST_1 : Operation 88 [1/1] (1.86ns)   --->   "br i1 %and_ln88, label %._crit_edge, label %27" [extr_.BGAQRCode-Androidzbarsrcmainjnilibiconv-1.15libgb18030ext.h_gb18030ext_wctomb_with_main.c:88]   --->   Operation 88 'br' <Predicate = (!icmp_ln36 & !icmp_ln38 & !icmp_ln40 & !icmp_ln42 & !and_ln44 & !and_ln46 & !icmp_ln48 & !and_ln50 & !icmp_ln52 & !and_ln54 & !icmp_ln56 & !icmp_ln58 & !and_ln60 & !icmp_ln62 & !icmp_ln64 & !icmp_ln66 & !icmp_ln68 & !icmp_ln70 & !icmp_ln72 & !icmp_ln74 & !and_ln76 & !icmp_ln78 & !and_ln80 & !and_ln82 & !and_ln84 & !and_ln86)> <Delay = 1.86>
ST_1 : Operation 89 [1/1] (1.54ns)   --->   "%icmp_ln90 = icmp sgt i32 %wc_read, 19727" [extr_.BGAQRCode-Androidzbarsrcmainjnilibiconv-1.15libgb18030ext.h_gb18030ext_wctomb_with_main.c:90]   --->   Operation 89 'icmp' 'icmp_ln90' <Predicate = (!icmp_ln36 & !icmp_ln38 & !icmp_ln40 & !icmp_ln42 & !and_ln44 & !and_ln46 & !icmp_ln48 & !and_ln50 & !icmp_ln52 & !and_ln54 & !icmp_ln56 & !icmp_ln58 & !and_ln60 & !icmp_ln62 & !icmp_ln64 & !icmp_ln66 & !icmp_ln68 & !icmp_ln70 & !icmp_ln72 & !icmp_ln74 & !and_ln76 & !icmp_ln78 & !and_ln80 & !and_ln82 & !and_ln84 & !and_ln86 & !and_ln88)> <Delay = 1.54> <Core = "Cmp">   --->   Core 25 'Cmp' <Latency = 0> <II = 1> <Delay = 1.49> <FuncUnit> <Opcode : 'icmp'> <InPorts = 2> <OutPorts = 1>
ST_1 : Operation 90 [1/1] (1.54ns)   --->   "%icmp_ln90_1 = icmp slt i32 %wc_read, 19744" [extr_.BGAQRCode-Androidzbarsrcmainjnilibiconv-1.15libgb18030ext.h_gb18030ext_wctomb_with_main.c:90]   --->   Operation 90 'icmp' 'icmp_ln90_1' <Predicate = (!icmp_ln36 & !icmp_ln38 & !icmp_ln40 & !icmp_ln42 & !and_ln44 & !and_ln46 & !icmp_ln48 & !and_ln50 & !icmp_ln52 & !and_ln54 & !icmp_ln56 & !icmp_ln58 & !and_ln60 & !icmp_ln62 & !icmp_ln64 & !icmp_ln66 & !icmp_ln68 & !icmp_ln70 & !icmp_ln72 & !icmp_ln74 & !and_ln76 & !icmp_ln78 & !and_ln80 & !and_ln82 & !and_ln84 & !and_ln86 & !and_ln88)> <Delay = 1.54> <Core = "Cmp">   --->   Core 25 'Cmp' <Latency = 0> <II = 1> <Delay = 1.49> <FuncUnit> <Opcode : 'icmp'> <InPorts = 2> <OutPorts = 1>
ST_1 : Operation 91 [1/1] (0.61ns)   --->   "%and_ln90 = and i1 %icmp_ln90, %icmp_ln90_1" [extr_.BGAQRCode-Androidzbarsrcmainjnilibiconv-1.15libgb18030ext.h_gb18030ext_wctomb_with_main.c:90]   --->   Operation 91 'and' 'and_ln90' <Predicate = (!icmp_ln36 & !icmp_ln38 & !icmp_ln40 & !icmp_ln42 & !and_ln44 & !and_ln46 & !icmp_ln48 & !and_ln50 & !icmp_ln52 & !and_ln54 & !icmp_ln56 & !icmp_ln58 & !and_ln60 & !icmp_ln62 & !icmp_ln64 & !icmp_ln66 & !icmp_ln68 & !icmp_ln70 & !icmp_ln72 & !icmp_ln74 & !and_ln76 & !icmp_ln78 & !and_ln80 & !and_ln82 & !and_ln84 & !and_ln86 & !and_ln88)> <Delay = 0.61> <Core = "LogicGate">   --->   Core 27 'LogicGate' <Latency = 0> <II = 1> <Delay = 0.61> <FuncUnit> <Opcode : 'and' 'or' 'xor'> <InPorts = 2> <OutPorts = 1>
ST_1 : Operation 92 [1/1] (1.86ns)   --->   "br i1 %and_ln90, label %._crit_edge, label %28" [extr_.BGAQRCode-Androidzbarsrcmainjnilibiconv-1.15libgb18030ext.h_gb18030ext_wctomb_with_main.c:90]   --->   Operation 92 'br' <Predicate = (!icmp_ln36 & !icmp_ln38 & !icmp_ln40 & !icmp_ln42 & !and_ln44 & !and_ln46 & !icmp_ln48 & !and_ln50 & !icmp_ln52 & !and_ln54 & !icmp_ln56 & !icmp_ln58 & !and_ln60 & !icmp_ln62 & !icmp_ln64 & !icmp_ln66 & !icmp_ln68 & !icmp_ln70 & !icmp_ln72 & !icmp_ln74 & !and_ln76 & !icmp_ln78 & !and_ln80 & !and_ln82 & !and_ln84 & !and_ln86 & !and_ln88)> <Delay = 1.86>
ST_1 : Operation 93 [1/1] (1.54ns)   --->   "%icmp_ln92 = icmp eq i32 %wc_read, 19886" [extr_.BGAQRCode-Androidzbarsrcmainjnilibiconv-1.15libgb18030ext.h_gb18030ext_wctomb_with_main.c:92]   --->   Operation 93 'icmp' 'icmp_ln92' <Predicate = (!icmp_ln36 & !icmp_ln38 & !icmp_ln40 & !icmp_ln42 & !and_ln44 & !and_ln46 & !icmp_ln48 & !and_ln50 & !icmp_ln52 & !and_ln54 & !icmp_ln56 & !icmp_ln58 & !and_ln60 & !icmp_ln62 & !icmp_ln64 & !icmp_ln66 & !icmp_ln68 & !icmp_ln70 & !icmp_ln72 & !icmp_ln74 & !and_ln76 & !icmp_ln78 & !and_ln80 & !and_ln82 & !and_ln84 & !and_ln86 & !and_ln88 & !and_ln90)> <Delay = 1.54> <Core = "Cmp">   --->   Core 25 'Cmp' <Latency = 0> <II = 1> <Delay = 1.49> <FuncUnit> <Opcode : 'icmp'> <InPorts = 2> <OutPorts = 1>
ST_1 : Operation 94 [1/1] (1.86ns)   --->   "br i1 %icmp_ln92, label %._crit_edge, label %29" [extr_.BGAQRCode-Androidzbarsrcmainjnilibiconv-1.15libgb18030ext.h_gb18030ext_wctomb_with_main.c:92]   --->   Operation 94 'br' <Predicate = (!icmp_ln36 & !icmp_ln38 & !icmp_ln40 & !icmp_ln42 & !and_ln44 & !and_ln46 & !icmp_ln48 & !and_ln50 & !icmp_ln52 & !and_ln54 & !icmp_ln56 & !icmp_ln58 & !and_ln60 & !icmp_ln62 & !icmp_ln64 & !icmp_ln66 & !icmp_ln68 & !icmp_ln70 & !icmp_ln72 & !icmp_ln74 & !and_ln76 & !icmp_ln78 & !and_ln80 & !and_ln82 & !and_ln84 & !and_ln86 & !and_ln88 & !and_ln90)> <Delay = 1.86>
ST_1 : Operation 95 [1/1] (1.54ns)   --->   "%icmp_ln94 = icmp sgt i32 %wc_read, 40883" [extr_.BGAQRCode-Androidzbarsrcmainjnilibiconv-1.15libgb18030ext.h_gb18030ext_wctomb_with_main.c:94]   --->   Operation 95 'icmp' 'icmp_ln94' <Predicate = (!icmp_ln36 & !icmp_ln38 & !icmp_ln40 & !icmp_ln42 & !and_ln44 & !and_ln46 & !icmp_ln48 & !and_ln50 & !icmp_ln52 & !and_ln54 & !icmp_ln56 & !icmp_ln58 & !and_ln60 & !icmp_ln62 & !icmp_ln64 & !icmp_ln66 & !icmp_ln68 & !icmp_ln70 & !icmp_ln72 & !icmp_ln74 & !and_ln76 & !icmp_ln78 & !and_ln80 & !and_ln82 & !and_ln84 & !and_ln86 & !and_ln88 & !and_ln90 & !icmp_ln92)> <Delay = 1.54> <Core = "Cmp">   --->   Core 25 'Cmp' <Latency = 0> <II = 1> <Delay = 1.49> <FuncUnit> <Opcode : 'icmp'> <InPorts = 2> <OutPorts = 1>
ST_1 : Operation 96 [1/1] (1.54ns)   --->   "%icmp_ln94_1 = icmp slt i32 %wc_read, 40892" [extr_.BGAQRCode-Androidzbarsrcmainjnilibiconv-1.15libgb18030ext.h_gb18030ext_wctomb_with_main.c:94]   --->   Operation 96 'icmp' 'icmp_ln94_1' <Predicate = (!icmp_ln36 & !icmp_ln38 & !icmp_ln40 & !icmp_ln42 & !and_ln44 & !and_ln46 & !icmp_ln48 & !and_ln50 & !icmp_ln52 & !and_ln54 & !icmp_ln56 & !icmp_ln58 & !and_ln60 & !icmp_ln62 & !icmp_ln64 & !icmp_ln66 & !icmp_ln68 & !icmp_ln70 & !icmp_ln72 & !icmp_ln74 & !and_ln76 & !icmp_ln78 & !and_ln80 & !and_ln82 & !and_ln84 & !and_ln86 & !and_ln88 & !and_ln90 & !icmp_ln92)> <Delay = 1.54> <Core = "Cmp">   --->   Core 25 'Cmp' <Latency = 0> <II = 1> <Delay = 1.49> <FuncUnit> <Opcode : 'icmp'> <InPorts = 2> <OutPorts = 1>
ST_1 : Operation 97 [1/1] (0.61ns)   --->   "%and_ln94 = and i1 %icmp_ln94, %icmp_ln94_1" [extr_.BGAQRCode-Androidzbarsrcmainjnilibiconv-1.15libgb18030ext.h_gb18030ext_wctomb_with_main.c:94]   --->   Operation 97 'and' 'and_ln94' <Predicate = (!icmp_ln36 & !icmp_ln38 & !icmp_ln40 & !icmp_ln42 & !and_ln44 & !and_ln46 & !icmp_ln48 & !and_ln50 & !icmp_ln52 & !and_ln54 & !icmp_ln56 & !icmp_ln58 & !and_ln60 & !icmp_ln62 & !icmp_ln64 & !icmp_ln66 & !icmp_ln68 & !icmp_ln70 & !icmp_ln72 & !icmp_ln74 & !and_ln76 & !icmp_ln78 & !and_ln80 & !and_ln82 & !and_ln84 & !and_ln86 & !and_ln88 & !and_ln90 & !icmp_ln92)> <Delay = 0.61> <Core = "LogicGate">   --->   Core 27 'LogicGate' <Latency = 0> <II = 1> <Delay = 0.61> <FuncUnit> <Opcode : 'and' 'or' 'xor'> <InPorts = 2> <OutPorts = 1>
ST_1 : Operation 98 [1/1] (1.86ns)   --->   "br i1 %and_ln94, label %._crit_edge, label %30" [extr_.BGAQRCode-Androidzbarsrcmainjnilibiconv-1.15libgb18030ext.h_gb18030ext_wctomb_with_main.c:94]   --->   Operation 98 'br' <Predicate = (!icmp_ln36 & !icmp_ln38 & !icmp_ln40 & !icmp_ln42 & !and_ln44 & !and_ln46 & !icmp_ln48 & !and_ln50 & !icmp_ln52 & !and_ln54 & !icmp_ln56 & !icmp_ln58 & !and_ln60 & !icmp_ln62 & !icmp_ln64 & !icmp_ln66 & !icmp_ln68 & !icmp_ln70 & !icmp_ln72 & !icmp_ln74 & !and_ln76 & !icmp_ln78 & !and_ln80 & !and_ln82 & !and_ln84 & !and_ln86 & !and_ln88 & !and_ln90 & !icmp_ln92)> <Delay = 1.86>
ST_1 : Operation 99 [1/1] (1.54ns)   --->   "%icmp_ln96 = icmp sgt i32 %wc_read, 65039" [extr_.BGAQRCode-Androidzbarsrcmainjnilibiconv-1.15libgb18030ext.h_gb18030ext_wctomb_with_main.c:96]   --->   Operation 99 'icmp' 'icmp_ln96' <Predicate = (!icmp_ln36 & !icmp_ln38 & !icmp_ln40 & !icmp_ln42 & !and_ln44 & !and_ln46 & !icmp_ln48 & !and_ln50 & !icmp_ln52 & !and_ln54 & !icmp_ln56 & !icmp_ln58 & !and_ln60 & !icmp_ln62 & !icmp_ln64 & !icmp_ln66 & !icmp_ln68 & !icmp_ln70 & !icmp_ln72 & !icmp_ln74 & !and_ln76 & !icmp_ln78 & !and_ln80 & !and_ln82 & !and_ln84 & !and_ln86 & !and_ln88 & !and_ln90 & !icmp_ln92 & !and_ln94)> <Delay = 1.54> <Core = "Cmp">   --->   Core 25 'Cmp' <Latency = 0> <II = 1> <Delay = 1.49> <FuncUnit> <Opcode : 'icmp'> <InPorts = 2> <OutPorts = 1>
ST_1 : Operation 100 [1/1] (1.54ns)   --->   "%icmp_ln96_1 = icmp slt i32 %wc_read, 65050" [extr_.BGAQRCode-Androidzbarsrcmainjnilibiconv-1.15libgb18030ext.h_gb18030ext_wctomb_with_main.c:96]   --->   Operation 100 'icmp' 'icmp_ln96_1' <Predicate = (!icmp_ln36 & !icmp_ln38 & !icmp_ln40 & !icmp_ln42 & !and_ln44 & !and_ln46 & !icmp_ln48 & !and_ln50 & !icmp_ln52 & !and_ln54 & !icmp_ln56 & !icmp_ln58 & !and_ln60 & !icmp_ln62 & !icmp_ln64 & !icmp_ln66 & !icmp_ln68 & !icmp_ln70 & !icmp_ln72 & !icmp_ln74 & !and_ln76 & !icmp_ln78 & !and_ln80 & !and_ln82 & !and_ln84 & !and_ln86 & !and_ln88 & !and_ln90 & !icmp_ln92 & !and_ln94)> <Delay = 1.54> <Core = "Cmp">   --->   Core 25 'Cmp' <Latency = 0> <II = 1> <Delay = 1.49> <FuncUnit> <Opcode : 'icmp'> <InPorts = 2> <OutPorts = 1>
ST_1 : Operation 101 [1/1] (0.61ns)   --->   "%and_ln96 = and i1 %icmp_ln96, %icmp_ln96_1" [extr_.BGAQRCode-Androidzbarsrcmainjnilibiconv-1.15libgb18030ext.h_gb18030ext_wctomb_with_main.c:96]   --->   Operation 101 'and' 'and_ln96' <Predicate = (!icmp_ln36 & !icmp_ln38 & !icmp_ln40 & !icmp_ln42 & !and_ln44 & !and_ln46 & !icmp_ln48 & !and_ln50 & !icmp_ln52 & !and_ln54 & !icmp_ln56 & !icmp_ln58 & !and_ln60 & !icmp_ln62 & !icmp_ln64 & !icmp_ln66 & !icmp_ln68 & !icmp_ln70 & !icmp_ln72 & !icmp_ln74 & !and_ln76 & !icmp_ln78 & !and_ln80 & !and_ln82 & !and_ln84 & !and_ln86 & !and_ln88 & !and_ln90 & !icmp_ln92 & !and_ln94)> <Delay = 0.61> <Core = "LogicGate">   --->   Core 27 'LogicGate' <Latency = 0> <II = 1> <Delay = 0.61> <FuncUnit> <Opcode : 'and' 'or' 'xor'> <InPorts = 2> <OutPorts = 1>
ST_1 : Operation 102 [1/1] (1.86ns)   --->   "br i1 %and_ln96, label %._crit_edge, label %31" [extr_.BGAQRCode-Androidzbarsrcmainjnilibiconv-1.15libgb18030ext.h_gb18030ext_wctomb_with_main.c:96]   --->   Operation 102 'br' <Predicate = (!icmp_ln36 & !icmp_ln38 & !icmp_ln40 & !icmp_ln42 & !and_ln44 & !and_ln46 & !icmp_ln48 & !and_ln50 & !icmp_ln52 & !and_ln54 & !icmp_ln56 & !icmp_ln58 & !and_ln60 & !icmp_ln62 & !icmp_ln64 & !icmp_ln66 & !icmp_ln68 & !icmp_ln70 & !icmp_ln72 & !icmp_ln74 & !and_ln76 & !icmp_ln78 & !and_ln80 & !and_ln82 & !and_ln84 & !and_ln86 & !and_ln88 & !and_ln90 & !icmp_ln92 & !and_ln94)> <Delay = 1.86>
ST_1 : Operation 103 [1/1] (1.54ns)   --->   "%icmp_ln98 = icmp eq i32 %wc_read, 131207" [extr_.BGAQRCode-Androidzbarsrcmainjnilibiconv-1.15libgb18030ext.h_gb18030ext_wctomb_with_main.c:98]   --->   Operation 103 'icmp' 'icmp_ln98' <Predicate = (!icmp_ln36 & !icmp_ln38 & !icmp_ln40 & !icmp_ln42 & !and_ln44 & !and_ln46 & !icmp_ln48 & !and_ln50 & !icmp_ln52 & !and_ln54 & !icmp_ln56 & !icmp_ln58 & !and_ln60 & !icmp_ln62 & !icmp_ln64 & !icmp_ln66 & !icmp_ln68 & !icmp_ln70 & !icmp_ln72 & !icmp_ln74 & !and_ln76 & !icmp_ln78 & !and_ln80 & !and_ln82 & !and_ln84 & !and_ln86 & !and_ln88 & !and_ln90 & !icmp_ln92 & !and_ln94 & !and_ln96)> <Delay = 1.54> <Core = "Cmp">   --->   Core 25 'Cmp' <Latency = 0> <II = 1> <Delay = 1.49> <FuncUnit> <Opcode : 'icmp'> <InPorts = 2> <OutPorts = 1>
ST_1 : Operation 104 [1/1] (1.86ns)   --->   "br i1 %icmp_ln98, label %._crit_edge, label %32" [extr_.BGAQRCode-Androidzbarsrcmainjnilibiconv-1.15libgb18030ext.h_gb18030ext_wctomb_with_main.c:98]   --->   Operation 104 'br' <Predicate = (!icmp_ln36 & !icmp_ln38 & !icmp_ln40 & !icmp_ln42 & !and_ln44 & !and_ln46 & !icmp_ln48 & !and_ln50 & !icmp_ln52 & !and_ln54 & !icmp_ln56 & !icmp_ln58 & !and_ln60 & !icmp_ln62 & !icmp_ln64 & !icmp_ln66 & !icmp_ln68 & !icmp_ln70 & !icmp_ln72 & !icmp_ln74 & !and_ln76 & !icmp_ln78 & !and_ln80 & !and_ln82 & !and_ln84 & !and_ln86 & !and_ln88 & !and_ln90 & !icmp_ln92 & !and_ln94 & !and_ln96)> <Delay = 1.86>
ST_1 : Operation 105 [1/1] (1.54ns)   --->   "%icmp_ln100 = icmp eq i32 %wc_read, 131209" [extr_.BGAQRCode-Androidzbarsrcmainjnilibiconv-1.15libgb18030ext.h_gb18030ext_wctomb_with_main.c:100]   --->   Operation 105 'icmp' 'icmp_ln100' <Predicate = (!icmp_ln36 & !icmp_ln38 & !icmp_ln40 & !icmp_ln42 & !and_ln44 & !and_ln46 & !icmp_ln48 & !and_ln50 & !icmp_ln52 & !and_ln54 & !icmp_ln56 & !icmp_ln58 & !and_ln60 & !icmp_ln62 & !icmp_ln64 & !icmp_ln66 & !icmp_ln68 & !icmp_ln70 & !icmp_ln72 & !icmp_ln74 & !and_ln76 & !icmp_ln78 & !and_ln80 & !and_ln82 & !and_ln84 & !and_ln86 & !and_ln88 & !and_ln90 & !icmp_ln92 & !and_ln94 & !and_ln96 & !icmp_ln98)> <Delay = 1.54> <Core = "Cmp">   --->   Core 25 'Cmp' <Latency = 0> <II = 1> <Delay = 1.49> <FuncUnit> <Opcode : 'icmp'> <InPorts = 2> <OutPorts = 1>
ST_1 : Operation 106 [1/1] (1.86ns)   --->   "br i1 %icmp_ln100, label %._crit_edge, label %33" [extr_.BGAQRCode-Androidzbarsrcmainjnilibiconv-1.15libgb18030ext.h_gb18030ext_wctomb_with_main.c:100]   --->   Operation 106 'br' <Predicate = (!icmp_ln36 & !icmp_ln38 & !icmp_ln40 & !icmp_ln42 & !and_ln44 & !and_ln46 & !icmp_ln48 & !and_ln50 & !icmp_ln52 & !and_ln54 & !icmp_ln56 & !icmp_ln58 & !and_ln60 & !icmp_ln62 & !icmp_ln64 & !icmp_ln66 & !icmp_ln68 & !icmp_ln70 & !icmp_ln72 & !icmp_ln74 & !and_ln76 & !icmp_ln78 & !and_ln80 & !and_ln82 & !and_ln84 & !and_ln86 & !and_ln88 & !and_ln90 & !icmp_ln92 & !and_ln94 & !and_ln96 & !icmp_ln98)> <Delay = 1.86>
ST_1 : Operation 107 [1/1] (1.54ns)   --->   "%icmp_ln102 = icmp eq i32 %wc_read, 131276" [extr_.BGAQRCode-Androidzbarsrcmainjnilibiconv-1.15libgb18030ext.h_gb18030ext_wctomb_with_main.c:102]   --->   Operation 107 'icmp' 'icmp_ln102' <Predicate = (!icmp_ln36 & !icmp_ln38 & !icmp_ln40 & !icmp_ln42 & !and_ln44 & !and_ln46 & !icmp_ln48 & !and_ln50 & !icmp_ln52 & !and_ln54 & !icmp_ln56 & !icmp_ln58 & !and_ln60 & !icmp_ln62 & !icmp_ln64 & !icmp_ln66 & !icmp_ln68 & !icmp_ln70 & !icmp_ln72 & !icmp_ln74 & !and_ln76 & !icmp_ln78 & !and_ln80 & !and_ln82 & !and_ln84 & !and_ln86 & !and_ln88 & !and_ln90 & !icmp_ln92 & !and_ln94 & !and_ln96 & !icmp_ln98 & !icmp_ln100)> <Delay = 1.54> <Core = "Cmp">   --->   Core 25 'Cmp' <Latency = 0> <II = 1> <Delay = 1.49> <FuncUnit> <Opcode : 'icmp'> <InPorts = 2> <OutPorts = 1>
ST_1 : Operation 108 [1/1] (1.86ns)   --->   "br i1 %icmp_ln102, label %._crit_edge, label %34" [extr_.BGAQRCode-Androidzbarsrcmainjnilibiconv-1.15libgb18030ext.h_gb18030ext_wctomb_with_main.c:102]   --->   Operation 108 'br' <Predicate = (!icmp_ln36 & !icmp_ln38 & !icmp_ln40 & !icmp_ln42 & !and_ln44 & !and_ln46 & !icmp_ln48 & !and_ln50 & !icmp_ln52 & !and_ln54 & !icmp_ln56 & !icmp_ln58 & !and_ln60 & !icmp_ln62 & !icmp_ln64 & !icmp_ln66 & !icmp_ln68 & !icmp_ln70 & !icmp_ln72 & !icmp_ln74 & !and_ln76 & !icmp_ln78 & !and_ln80 & !and_ln82 & !and_ln84 & !and_ln86 & !and_ln88 & !and_ln90 & !icmp_ln92 & !and_ln94 & !and_ln96 & !icmp_ln98 & !icmp_ln100)> <Delay = 1.86>
ST_1 : Operation 109 [1/1] (1.54ns)   --->   "%icmp_ln104 = icmp eq i32 %wc_read, 136663" [extr_.BGAQRCode-Androidzbarsrcmainjnilibiconv-1.15libgb18030ext.h_gb18030ext_wctomb_with_main.c:104]   --->   Operation 109 'icmp' 'icmp_ln104' <Predicate = (!icmp_ln36 & !icmp_ln38 & !icmp_ln40 & !icmp_ln42 & !and_ln44 & !and_ln46 & !icmp_ln48 & !and_ln50 & !icmp_ln52 & !and_ln54 & !icmp_ln56 & !icmp_ln58 & !and_ln60 & !icmp_ln62 & !icmp_ln64 & !icmp_ln66 & !icmp_ln68 & !icmp_ln70 & !icmp_ln72 & !icmp_ln74 & !and_ln76 & !icmp_ln78 & !and_ln80 & !and_ln82 & !and_ln84 & !and_ln86 & !and_ln88 & !and_ln90 & !icmp_ln92 & !and_ln94 & !and_ln96 & !icmp_ln98 & !icmp_ln100 & !icmp_ln102)> <Delay = 1.54> <Core = "Cmp">   --->   Core 25 'Cmp' <Latency = 0> <II = 1> <Delay = 1.49> <FuncUnit> <Opcode : 'icmp'> <InPorts = 2> <OutPorts = 1>
ST_1 : Operation 110 [1/1] (1.86ns)   --->   "br i1 %icmp_ln104, label %._crit_edge, label %35" [extr_.BGAQRCode-Androidzbarsrcmainjnilibiconv-1.15libgb18030ext.h_gb18030ext_wctomb_with_main.c:104]   --->   Operation 110 'br' <Predicate = (!icmp_ln36 & !icmp_ln38 & !icmp_ln40 & !icmp_ln42 & !and_ln44 & !and_ln46 & !icmp_ln48 & !and_ln50 & !icmp_ln52 & !and_ln54 & !icmp_ln56 & !icmp_ln58 & !and_ln60 & !icmp_ln62 & !icmp_ln64 & !icmp_ln66 & !icmp_ln68 & !icmp_ln70 & !icmp_ln72 & !icmp_ln74 & !and_ln76 & !icmp_ln78 & !and_ln80 & !and_ln82 & !and_ln84 & !and_ln86 & !and_ln88 & !and_ln90 & !icmp_ln92 & !and_ln94 & !and_ln96 & !icmp_ln98 & !icmp_ln100 & !icmp_ln102)> <Delay = 1.86>
ST_1 : Operation 111 [1/1] (1.54ns)   --->   "%icmp_ln106 = icmp eq i32 %wc_read, 141711" [extr_.BGAQRCode-Androidzbarsrcmainjnilibiconv-1.15libgb18030ext.h_gb18030ext_wctomb_with_main.c:106]   --->   Operation 111 'icmp' 'icmp_ln106' <Predicate = (!icmp_ln36 & !icmp_ln38 & !icmp_ln40 & !icmp_ln42 & !and_ln44 & !and_ln46 & !icmp_ln48 & !and_ln50 & !icmp_ln52 & !and_ln54 & !icmp_ln56 & !icmp_ln58 & !and_ln60 & !icmp_ln62 & !icmp_ln64 & !icmp_ln66 & !icmp_ln68 & !icmp_ln70 & !icmp_ln72 & !icmp_ln74 & !and_ln76 & !icmp_ln78 & !and_ln80 & !and_ln82 & !and_ln84 & !and_ln86 & !and_ln88 & !and_ln90 & !icmp_ln92 & !and_ln94 & !and_ln96 & !icmp_ln98 & !icmp_ln100 & !icmp_ln102 & !icmp_ln104)> <Delay = 1.54> <Core = "Cmp">   --->   Core 25 'Cmp' <Latency = 0> <II = 1> <Delay = 1.49> <FuncUnit> <Opcode : 'icmp'> <InPorts = 2> <OutPorts = 1>
ST_1 : Operation 112 [1/1] (1.86ns)   --->   "br i1 %icmp_ln106, label %._crit_edge, label %36" [extr_.BGAQRCode-Androidzbarsrcmainjnilibiconv-1.15libgb18030ext.h_gb18030ext_wctomb_with_main.c:106]   --->   Operation 112 'br' <Predicate = (!icmp_ln36 & !icmp_ln38 & !icmp_ln40 & !icmp_ln42 & !and_ln44 & !and_ln46 & !icmp_ln48 & !and_ln50 & !icmp_ln52 & !and_ln54 & !icmp_ln56 & !icmp_ln58 & !and_ln60 & !icmp_ln62 & !icmp_ln64 & !icmp_ln66 & !icmp_ln68 & !icmp_ln70 & !icmp_ln72 & !icmp_ln74 & !and_ln76 & !icmp_ln78 & !and_ln80 & !and_ln82 & !and_ln84 & !and_ln86 & !and_ln88 & !and_ln90 & !icmp_ln92 & !and_ln94 & !and_ln96 & !icmp_ln98 & !icmp_ln100 & !icmp_ln102 & !icmp_ln104)> <Delay = 1.86>
ST_1 : Operation 113 [1/1] (1.54ns)   --->   "%icmp_ln108 = icmp eq i32 %wc_read, 147966" [extr_.BGAQRCode-Androidzbarsrcmainjnilibiconv-1.15libgb18030ext.h_gb18030ext_wctomb_with_main.c:108]   --->   Operation 113 'icmp' 'icmp_ln108' <Predicate = (!icmp_ln36 & !icmp_ln38 & !icmp_ln40 & !icmp_ln42 & !and_ln44 & !and_ln46 & !icmp_ln48 & !and_ln50 & !icmp_ln52 & !and_ln54 & !icmp_ln56 & !icmp_ln58 & !and_ln60 & !icmp_ln62 & !icmp_ln64 & !icmp_ln66 & !icmp_ln68 & !icmp_ln70 & !icmp_ln72 & !icmp_ln74 & !and_ln76 & !icmp_ln78 & !and_ln80 & !and_ln82 & !and_ln84 & !and_ln86 & !and_ln88 & !and_ln90 & !icmp_ln92 & !and_ln94 & !and_ln96 & !icmp_ln98 & !icmp_ln100 & !icmp_ln102 & !icmp_ln104 & !icmp_ln106)> <Delay = 1.54> <Core = "Cmp">   --->   Core 25 'Cmp' <Latency = 0> <II = 1> <Delay = 1.49> <FuncUnit> <Opcode : 'icmp'> <InPorts = 2> <OutPorts = 1>
ST_1 : Operation 114 [1/1] (0.45ns)   --->   "%select_ln108 = select i1 %icmp_ln108, i16 -367, i16 0" [extr_.BGAQRCode-Androidzbarsrcmainjnilibiconv-1.15libgb18030ext.h_gb18030ext_wctomb_with_main.c:108]   --->   Operation 114 'select' 'select_ln108' <Predicate = (!icmp_ln36 & !icmp_ln38 & !icmp_ln40 & !icmp_ln42 & !and_ln44 & !and_ln46 & !icmp_ln48 & !and_ln50 & !icmp_ln52 & !and_ln54 & !icmp_ln56 & !icmp_ln58 & !and_ln60 & !icmp_ln62 & !icmp_ln64 & !icmp_ln66 & !icmp_ln68 & !icmp_ln70 & !icmp_ln72 & !icmp_ln74 & !and_ln76 & !icmp_ln78 & !and_ln80 & !and_ln82 & !and_ln84 & !and_ln86 & !and_ln88 & !and_ln90 & !icmp_ln92 & !and_ln94 & !and_ln96 & !icmp_ln98 & !icmp_ln100 & !icmp_ln102 & !icmp_ln104 & !icmp_ln106)> <Delay = 0.45> <Core = "Sel">   --->   Core 26 'Sel' <Latency = 0> <II = 1> <Delay = 0.45> <FuncUnit> <Opcode : 'select'> <InPorts = 3> <OutPorts = 1>
ST_1 : Operation 115 [1/1] (1.86ns)   --->   "br label %._crit_edge"   --->   Operation 115 'br' <Predicate = (!icmp_ln36 & !icmp_ln38 & !icmp_ln40 & !icmp_ln42 & !and_ln44 & !and_ln46 & !icmp_ln48 & !and_ln50 & !icmp_ln52 & !and_ln54 & !icmp_ln56 & !icmp_ln58 & !and_ln60 & !icmp_ln62 & !icmp_ln64 & !icmp_ln66 & !icmp_ln68 & !icmp_ln70 & !icmp_ln72 & !icmp_ln74 & !and_ln76 & !icmp_ln78 & !and_ln80 & !and_ln82 & !and_ln84 & !and_ln86 & !and_ln88 & !and_ln90 & !icmp_ln92 & !and_ln94 & !and_ln96 & !icmp_ln98 & !icmp_ln100 & !icmp_ln102 & !icmp_ln104 & !icmp_ln106)> <Delay = 1.86>

State 2 <SV = 1> <Delay = 2.66>
ST_2 : Operation 116 [1/1] (0.00ns)   --->   "%c_35 = phi i16 [ %select_ln108, %36 ], [ -22337, %1 ], [ -22340, %2 ], [ -23837, %3 ], [ -22135, %6 ], [ -422, %8 ], [ -416, %10 ], [ -417, %11 ], [ -412, %13 ], [ -408, %14 ], [ -407, %15 ], [ -406, %16 ], [ -401, %17 ], [ -400, %18 ], [ -398, %19 ], [ -389, %21 ], [ -353, %28 ], [ -431, %31 ], [ -430, %32 ], [ -429, %33 ], [ -404, %34 ], [ -394, %35 ], [ 0, %4 ], [ 0, %5 ], [ 0, %7 ], [ 0, %9 ], [ 0, %12 ], [ 0, %20 ], [ 0, %22 ], [ 0, %23 ], [ 0, %24 ], [ 0, %25 ], [ 0, %26 ], [ 0, %27 ], [ 0, %29 ], [ 0, %30 ]" [extr_.BGAQRCode-Androidzbarsrcmainjnilibiconv-1.15libgb18030ext.h_gb18030ext_wctomb_with_main.c:108]   --->   Operation 116 'phi' 'c_35' <Predicate = (!icmp_ln36)> <Delay = 0.00>
ST_2 : Operation 117 [1/1] (1.49ns)   --->   "%icmp_ln110 = icmp eq i16 %c_35, 0" [extr_.BGAQRCode-Androidzbarsrcmainjnilibiconv-1.15libgb18030ext.h_gb18030ext_wctomb_with_main.c:110]   --->   Operation 117 'icmp' 'icmp_ln110' <Predicate = (!icmp_ln36)> <Delay = 1.49> <Core = "Cmp">   --->   Core 25 'Cmp' <Latency = 0> <II = 1> <Delay = 1.49> <FuncUnit> <Opcode : 'icmp'> <InPorts = 2> <OutPorts = 1>
ST_2 : Operation 118 [1/1] (1.06ns)   --->   "br i1 %icmp_ln110, label %38, label %37" [extr_.BGAQRCode-Androidzbarsrcmainjnilibiconv-1.15libgb18030ext.h_gb18030ext_wctomb_with_main.c:110]   --->   Operation 118 'br' <Predicate = (!icmp_ln36)> <Delay = 1.06>
ST_2 : Operation 119 [1/1] (0.00ns)   --->   "%trunc_ln = call i8 @_ssdm_op_PartSelect.i8.i16.i32.i32(i16 %c_35, i32 8, i32 15)" [extr_.BGAQRCode-Androidzbarsrcmainjnilibiconv-1.15libgb18030ext.h_gb18030ext_wctomb_with_main.c:111]   --->   Operation 119 'partselect' 'trunc_ln' <Predicate = (!icmp_ln36 & !icmp_ln110)> <Delay = 0.00>
ST_2 : Operation 120 [1/1] (2.66ns)   --->   "store i8 %trunc_ln, i8* %r_addr, align 1" [extr_.BGAQRCode-Androidzbarsrcmainjnilibiconv-1.15libgb18030ext.h_gb18030ext_wctomb_with_main.c:111]   --->   Operation 120 'store' <Predicate = (!icmp_ln36 & !icmp_ln110)> <Delay = 2.66> <Core = "RAM">   --->   Core 37 'RAM' <Latency = 1> <II = 1> <Delay = 2.66> <Storage> <Opcode : 'load' 'store'> <Ports = 2> <Width = 8> <Depth = 1000> <RAM>
ST_2 : Operation 121 [1/1] (0.00ns)   --->   "%trunc_ln111 = trunc i16 %c_35 to i8" [extr_.BGAQRCode-Androidzbarsrcmainjnilibiconv-1.15libgb18030ext.h_gb18030ext_wctomb_with_main.c:111]   --->   Operation 121 'trunc' 'trunc_ln111' <Predicate = (!icmp_ln36 & !icmp_ln110)> <Delay = 0.00>
ST_2 : Operation 122 [1/1] (0.00ns)   --->   "%r_addr_1 = getelementptr [1000 x i8]* %r, i64 0, i64 1" [extr_.BGAQRCode-Androidzbarsrcmainjnilibiconv-1.15libgb18030ext.h_gb18030ext_wctomb_with_main.c:111]   --->   Operation 122 'getelementptr' 'r_addr_1' <Predicate = (!icmp_ln36 & !icmp_ln110)> <Delay = 0.00>
ST_2 : Operation 123 [1/1] (2.66ns)   --->   "store i8 %trunc_ln111, i8* %r_addr_1, align 1" [extr_.BGAQRCode-Androidzbarsrcmainjnilibiconv-1.15libgb18030ext.h_gb18030ext_wctomb_with_main.c:111]   --->   Operation 123 'store' <Predicate = (!icmp_ln36 & !icmp_ln110)> <Delay = 2.66> <Core = "RAM">   --->   Core 37 'RAM' <Latency = 1> <II = 1> <Delay = 2.66> <Storage> <Opcode : 'load' 'store'> <Ports = 2> <Width = 8> <Depth = 1000> <RAM>
ST_2 : Operation 124 [1/1] (1.06ns)   --->   "br label %38" [extr_.BGAQRCode-Androidzbarsrcmainjnilibiconv-1.15libgb18030ext.h_gb18030ext_wctomb_with_main.c:112]   --->   Operation 124 'br' <Predicate = (!icmp_ln36 & !icmp_ln110)> <Delay = 1.06>
ST_2 : Operation 125 [1/1] (0.00ns)   --->   "%p_0 = phi i2 [ -2, %37 ], [ 0, %._crit_edge ], [ 0, %0 ]"   --->   Operation 125 'phi' 'p_0' <Predicate = true> <Delay = 0.00>
ST_2 : Operation 126 [1/1] (0.00ns)   --->   "%zext_ln117 = zext i2 %p_0 to i32" [extr_.BGAQRCode-Androidzbarsrcmainjnilibiconv-1.15libgb18030ext.h_gb18030ext_wctomb_with_main.c:117]   --->   Operation 126 'zext' 'zext_ln117' <Predicate = true> <Delay = 0.00>
ST_2 : Operation 127 [1/1] (0.00ns)   --->   "ret i32 %zext_ln117" [extr_.BGAQRCode-Androidzbarsrcmainjnilibiconv-1.15libgb18030ext.h_gb18030ext_wctomb_with_main.c:117]   --->   Operation 127 'ret' <Predicate = true> <Delay = 0.00>


============================================================
+ Verbose Summary: Timing violations
============================================================
Target clock period: 10ns, clock uncertainty: 1.25ns.

 <State 1>: 4.03ns
The critical path consists of the following:
	wire read on port 'wc' (extr_.BGAQRCode-Androidzbarsrcmainjnilibiconv-1.15libgb18030ext.h_gb18030ext_wctomb_with_main.c:34) [10]  (0 ns)
	'icmp' operation ('icmp_ln94', extr_.BGAQRCode-Androidzbarsrcmainjnilibiconv-1.15libgb18030ext.h_gb18030ext_wctomb_with_main.c:94) [126]  (1.55 ns)
	'and' operation ('and_ln94', extr_.BGAQRCode-Androidzbarsrcmainjnilibiconv-1.15libgb18030ext.h_gb18030ext_wctomb_with_main.c:94) [128]  (0.616 ns)
	multiplexor before 'phi' operation ('c_35', extr_.BGAQRCode-Androidzbarsrcmainjnilibiconv-1.15libgb18030ext.h_gb18030ext_wctomb_with_main.c:108) with incoming values : ('select_ln108', extr_.BGAQRCode-Androidzbarsrcmainjnilibiconv-1.15libgb18030ext.h_gb18030ext_wctomb_with_main.c:108) [155]  (1.86 ns)

 <State 2>: 2.66ns
The critical path consists of the following:
	'phi' operation ('c_35', extr_.BGAQRCode-Androidzbarsrcmainjnilibiconv-1.15libgb18030ext.h_gb18030ext_wctomb_with_main.c:108) with incoming values : ('select_ln108', extr_.BGAQRCode-Androidzbarsrcmainjnilibiconv-1.15libgb18030ext.h_gb18030ext_wctomb_with_main.c:108) [155]  (0 ns)
	'store' operation ('store_ln111', extr_.BGAQRCode-Androidzbarsrcmainjnilibiconv-1.15libgb18030ext.h_gb18030ext_wctomb_with_main.c:111) of variable 'trunc_ln', extr_.BGAQRCode-Androidzbarsrcmainjnilibiconv-1.15libgb18030ext.h_gb18030ext_wctomb_with_main.c:111 on array 'r' [160]  (2.66 ns)


============================================================
+ Verbose Summary: Binding
============================================================
N/A
* FSMD analyzer results:
  - Output states:
 - Input state : 
  - Chain level:
	State 1
	State 2


============================================================
+ Verbose Summary: Datapath Resource usage 
============================================================
N/A
