==============================================================
Vivado(TM) HLS - High-Level Synthesis from C, C++ and SystemC v2019.1 (64-bit)
Copyright 1986-2019 Xilinx, Inc. All Rights Reserved.
==============================================================
INFO: [HLS 200-10] Setting target device to 'xc7k160t-fbg484-1'
INFO: [SYN 201-201] Setting up clock 'default' with a period of 5ns.
INFO: [SYN 201-201] Setting up clock 'default' with a period of 10ns.
INFO: [SCHED 204-61] Option 'relax_ii_for_timing' is enabled, will increase II to preserve clock frequency constraints.
INFO: [HLS 200-10] Analyzing design file 'extr_.ccvlibccv_util.c__ccv_sparse_matrix_index_for_hash_with_main.c' ... 
INFO: [HLS 200-111] Finished Linking Time (s): cpu = 00:00:13 ; elapsed = 00:01:35 . Memory (MB): peak = 832.453 ; gain = 132.133 ; free physical = 14772 ; free virtual = 44196
INFO: [HLS 200-111] Finished Checking Pragmas Time (s): cpu = 00:00:13 ; elapsed = 00:01:35 . Memory (MB): peak = 832.453 ; gain = 132.133 ; free physical = 14772 ; free virtual = 44196
INFO: [HLS 200-10] Starting code transformations ...
INFO: [HLS 200-111] Finished Standard Transforms Time (s): cpu = 00:00:15 ; elapsed = 00:01:36 . Memory (MB): peak = 832.453 ; gain = 132.133 ; free physical = 14771 ; free virtual = 44195
INFO: [HLS 200-10] Checking synthesizability ...
INFO: [HLS 200-111] Finished Checking Synthesizability Time (s): cpu = 00:00:15 ; elapsed = 00:01:36 . Memory (MB): peak = 832.453 ; gain = 132.133 ; free physical = 14770 ; free virtual = 44194
INFO: [HLS 200-111] Finished Pre-synthesis Time (s): cpu = 00:00:15 ; elapsed = 00:01:37 . Memory (MB): peak = 832.453 ; gain = 132.133 ; free physical = 14752 ; free virtual = 44176
WARNING: [XFORM 203-631] Renaming function '_ccv_sparse_matrix_index_for_hash' to '_ccv_sparse_matrix_i' (extr_.ccvlibccv_util.c__ccv_sparse_matrix_index_for_hash_with_main.c:18:3)
INFO: [HLS 200-111] Finished Architecture Synthesis Time (s): cpu = 00:00:15 ; elapsed = 00:01:37 . Memory (MB): peak = 832.453 ; gain = 132.133 ; free physical = 14748 ; free virtual = 44172
INFO: [HLS 200-10] Starting hardware synthesis ...
INFO: [HLS 200-10] Synthesizing 'main' ...
INFO: [HLS 200-10] ----------------------------------------------------------------
INFO: [HLS 200-42] -- Implementing module 'main' 
INFO: [HLS 200-10] ----------------------------------------------------------------
INFO: [SCHED 204-11] Starting scheduling ...
INFO: [SCHED 204-11] Finished scheduling.
INFO: [HLS 200-111]  Elapsed time: 96.72 seconds; current allocated memory: 110.005 MB.
INFO: [BIND 205-100] Starting micro-architecture generation ...
INFO: [BIND 205-101] Performing variable lifetime analysis.
INFO: [BIND 205-101] Exploring resource sharing.
INFO: [BIND 205-101] Binding ...
INFO: [BIND 205-100] Finished micro-architecture generation.
INFO: [HLS 200-111]  Elapsed time: 0.01 seconds; current allocated memory: 110.042 MB.
INFO: [HLS 200-10] ----------------------------------------------------------------
INFO: [HLS 200-10] -- Generating RTL for module 'main' 
INFO: [HLS 200-10] ----------------------------------------------------------------
INFO: [RTGEN 206-500] Setting interface mode on function 'main' to 'ap_ctrl_hs'.
INFO: [RTGEN 206-100] Finished creating RTL model for 'main'.
INFO: [HLS 200-111]  Elapsed time: 0 seconds; current allocated memory: 110.183 MB.
INFO: [HLS 200-111] Finished generating all RTL models Time (s): cpu = 00:00:16 ; elapsed = 00:01:37 . Memory (MB): peak = 832.453 ; gain = 132.133 ; free physical = 14741 ; free virtual = 44166
INFO: [VHDL 208-304] Generating VHDL RTL for main.
INFO: [VLOG 209-307] Generating Verilog RTL for main.
INFO: [HLS 200-10] Opening solution '/home/vivado/HLStools/vivado/214_revisao/proj_extr_.ccvlibccv_util.c__ccv_sparse_matrix_index_for_hash_with_main.c/sol'.
==============================================================
Vivado(TM) HLS - High-Level Synthesis from C, C++ and SystemC v2019.1 (64-bit)
Copyright 1986-2019 Xilinx, Inc. All Rights Reserved.
==============================================================
