

================================================================
== Vivado HLS Report for 'set_pix_fmt'
================================================================
* Date:           Sun May 24 19:46:56 2020

* Version:        2019.1 (Build 2552052 on Fri May 24 15:28:33 MDT 2019)
* Project:        proj_extr_.linuxdriversvideofbdevpxa168fb.c_set_pix_fmt_with_main.c
* Solution:       solution1
* Product family: kintex7
* Target device:  xc7k160t-fbg484-1


================================================================
== Performance Estimates
================================================================
+ Timing (ns): 
    * Summary: 
    +--------+-------+----------+------------+
    |  Clock | Target| Estimated| Uncertainty|
    +--------+-------+----------+------------+
    |ap_clk  |  10.00|     1.119|        1.25|
    +--------+-------+----------+------------+

+ Latency (clock cycles): 
    * Summary: 
    +-----+-----+-----+-----+---------+
    |  Latency  |  Interval | Pipeline|
    | min | max | min | max |   Type  |
    +-----+-----+-----+-----+---------+
    |    0|    0|    0|    0|   none  |
    +-----+-----+-----+-----+---------+

    + Detail: 
        * Instance: 
        N/A

        * Loop: 
        N/A

============================================================
+ Verbose Summary: Synthesis Manager
============================================================
InlineROM: 1
ExposeGlobal: 0
============================================================
+ Verbose Summary: CDFG Model
============================================================
IsTopModel: 1
ResetActiveHigh: 1
IsCombinational: 0
IsDatapathOnly: 0
HasWiredReturn: 1
HasMFsm: 0
HasVarLatency: 0
IsPipeline: 0
IsRtlPipelined: 0
IsInstanceOverlapped: 0
IsDontTouch: 0
HasImplIP: 0
IsGatedGlobalClock: 0


============================================================
+ Verbose Summary: Schedule
============================================================
* Number of FSM states : 1
* Pipeline : 0
* Dataflow Pipeline: 0

* FSM state transitions: 
1 --> 

* FSM state operations: 

State 1 <SV = 0> <Delay = 1.11>
ST_1 : Operation 2 [1/1] (0.00ns)   --->   "call void (...)* @_ssdm_op_SpecBitsMap(i32* %var_bits_per_pixel), !map !13"   --->   Operation 2 'specbitsmap' <Predicate = true> <Delay = 0.00>
ST_1 : Operation 3 [1/1] (0.00ns)   --->   "call void (...)* @_ssdm_op_SpecBitsMap(i32* %var_transp_offset), !map !19"   --->   Operation 3 'specbitsmap' <Predicate = true> <Delay = 0.00>
ST_1 : Operation 4 [1/1] (0.00ns)   --->   "call void (...)* @_ssdm_op_SpecBitsMap(i32* %var_transp_length), !map !23"   --->   Operation 4 'specbitsmap' <Predicate = true> <Delay = 0.00>
ST_1 : Operation 5 [1/1] (0.00ns)   --->   "call void (...)* @_ssdm_op_SpecBitsMap(i32* %var_blue_offset), !map !27"   --->   Operation 5 'specbitsmap' <Predicate = true> <Delay = 0.00>
ST_1 : Operation 6 [1/1] (0.00ns)   --->   "call void (...)* @_ssdm_op_SpecBitsMap(i32* %var_blue_length), !map !31"   --->   Operation 6 'specbitsmap' <Predicate = true> <Delay = 0.00>
ST_1 : Operation 7 [1/1] (0.00ns)   --->   "call void (...)* @_ssdm_op_SpecBitsMap(i32* %var_green_offset), !map !35"   --->   Operation 7 'specbitsmap' <Predicate = true> <Delay = 0.00>
ST_1 : Operation 8 [1/1] (0.00ns)   --->   "call void (...)* @_ssdm_op_SpecBitsMap(i32* %var_green_length), !map !39"   --->   Operation 8 'specbitsmap' <Predicate = true> <Delay = 0.00>
ST_1 : Operation 9 [1/1] (0.00ns)   --->   "call void (...)* @_ssdm_op_SpecBitsMap(i32* %var_red_offset), !map !43"   --->   Operation 9 'specbitsmap' <Predicate = true> <Delay = 0.00>
ST_1 : Operation 10 [1/1] (0.00ns)   --->   "call void (...)* @_ssdm_op_SpecBitsMap(i32* %var_red_length), !map !47"   --->   Operation 10 'specbitsmap' <Predicate = true> <Delay = 0.00>
ST_1 : Operation 11 [1/1] (0.00ns)   --->   "call void (...)* @_ssdm_op_SpecBitsMap(i32 %pix_fmt), !map !51"   --->   Operation 11 'specbitsmap' <Predicate = true> <Delay = 0.00>
ST_1 : Operation 12 [1/1] (0.00ns)   --->   "call void (...)* @_ssdm_op_SpecTopModule([12 x i8]* @set_pix_fmt_str) nounwind"   --->   Operation 12 'spectopmodule' <Predicate = true> <Delay = 0.00>
ST_1 : Operation 13 [1/1] (0.00ns)   --->   "%pix_fmt_read = call i32 @_ssdm_op_Read.ap_auto.i32(i32 %pix_fmt)" [extr_.linuxdriversvideofbdevpxa168fb.c_set_pix_fmt_with_main.c:33]   --->   Operation 13 'read' 'pix_fmt_read' <Predicate = true> <Delay = 0.00>
ST_1 : Operation 14 [1/1] (1.11ns)   --->   "switch i32 %pix_fmt_read, label %._crit_edge [
    i32 130, label %1
    i32 135, label %2
    i32 131, label %3
    i32 136, label %4
    i32 129, label %5
    i32 134, label %6
    i32 128, label %7
    i32 133, label %8
    i32 132, label %9
  ]" [extr_.linuxdriversvideofbdevpxa168fb.c_set_pix_fmt_with_main.c:35]   --->   Operation 14 'switch' <Predicate = true> <Delay = 1.11>
ST_1 : Operation 15 [1/1] (0.00ns)   --->   "call void @_ssdm_op_Write.ap_auto.i32P(i32* %var_bits_per_pixel, i32 8)" [extr_.linuxdriversvideofbdevpxa168fb.c_set_pix_fmt_with_main.c:93]   --->   Operation 15 'write' <Predicate = (pix_fmt_read == 132)> <Delay = 0.00>
ST_1 : Operation 16 [1/1] (0.00ns)   --->   "call void @_ssdm_op_Write.ap_auto.i32P(i32* %var_red_offset, i32 0)" [extr_.linuxdriversvideofbdevpxa168fb.c_set_pix_fmt_with_main.c:94]   --->   Operation 16 'write' <Predicate = (pix_fmt_read == 132)> <Delay = 0.00>
ST_1 : Operation 17 [1/1] (0.00ns)   --->   "call void @_ssdm_op_Write.ap_auto.i32P(i32* %var_red_length, i32 8)" [extr_.linuxdriversvideofbdevpxa168fb.c_set_pix_fmt_with_main.c:94]   --->   Operation 17 'write' <Predicate = (pix_fmt_read == 132)> <Delay = 0.00>
ST_1 : Operation 18 [1/1] (0.00ns)   --->   "call void @_ssdm_op_Write.ap_auto.i32P(i32* %var_green_offset, i32 0)" [extr_.linuxdriversvideofbdevpxa168fb.c_set_pix_fmt_with_main.c:95]   --->   Operation 18 'write' <Predicate = (pix_fmt_read == 132)> <Delay = 0.00>
ST_1 : Operation 19 [1/1] (0.00ns)   --->   "call void @_ssdm_op_Write.ap_auto.i32P(i32* %var_green_length, i32 8)" [extr_.linuxdriversvideofbdevpxa168fb.c_set_pix_fmt_with_main.c:95]   --->   Operation 19 'write' <Predicate = (pix_fmt_read == 132)> <Delay = 0.00>
ST_1 : Operation 20 [1/1] (0.00ns)   --->   "call void @_ssdm_op_Write.ap_auto.i32P(i32* %var_blue_offset, i32 0)" [extr_.linuxdriversvideofbdevpxa168fb.c_set_pix_fmt_with_main.c:96]   --->   Operation 20 'write' <Predicate = (pix_fmt_read == 132)> <Delay = 0.00>
ST_1 : Operation 21 [1/1] (0.00ns)   --->   "call void @_ssdm_op_Write.ap_auto.i32P(i32* %var_blue_length, i32 8)" [extr_.linuxdriversvideofbdevpxa168fb.c_set_pix_fmt_with_main.c:96]   --->   Operation 21 'write' <Predicate = (pix_fmt_read == 132)> <Delay = 0.00>
ST_1 : Operation 22 [1/1] (0.00ns)   --->   "call void @_ssdm_op_Write.ap_auto.i32P(i32* %var_transp_offset, i32 0)" [extr_.linuxdriversvideofbdevpxa168fb.c_set_pix_fmt_with_main.c:97]   --->   Operation 22 'write' <Predicate = (pix_fmt_read == 132)> <Delay = 0.00>
ST_1 : Operation 23 [1/1] (0.00ns)   --->   "call void @_ssdm_op_Write.ap_auto.i32P(i32* %var_transp_length, i32 0)" [extr_.linuxdriversvideofbdevpxa168fb.c_set_pix_fmt_with_main.c:97]   --->   Operation 23 'write' <Predicate = (pix_fmt_read == 132)> <Delay = 0.00>
ST_1 : Operation 24 [1/1] (0.00ns)   --->   "br label %._crit_edge" [extr_.linuxdriversvideofbdevpxa168fb.c_set_pix_fmt_with_main.c:98]   --->   Operation 24 'br' <Predicate = (pix_fmt_read == 132)> <Delay = 0.00>
ST_1 : Operation 25 [1/1] (0.00ns)   --->   "call void @_ssdm_op_Write.ap_auto.i32P(i32* %var_bits_per_pixel, i32 32)" [extr_.linuxdriversvideofbdevpxa168fb.c_set_pix_fmt_with_main.c:86]   --->   Operation 25 'write' <Predicate = (pix_fmt_read == 133)> <Delay = 0.00>
ST_1 : Operation 26 [1/1] (0.00ns)   --->   "call void @_ssdm_op_Write.ap_auto.i32P(i32* %var_red_offset, i32 0)" [extr_.linuxdriversvideofbdevpxa168fb.c_set_pix_fmt_with_main.c:87]   --->   Operation 26 'write' <Predicate = (pix_fmt_read == 133)> <Delay = 0.00>
ST_1 : Operation 27 [1/1] (0.00ns)   --->   "call void @_ssdm_op_Write.ap_auto.i32P(i32* %var_red_length, i32 8)" [extr_.linuxdriversvideofbdevpxa168fb.c_set_pix_fmt_with_main.c:87]   --->   Operation 27 'write' <Predicate = (pix_fmt_read == 133)> <Delay = 0.00>
ST_1 : Operation 28 [1/1] (0.00ns)   --->   "call void @_ssdm_op_Write.ap_auto.i32P(i32* %var_green_offset, i32 8)" [extr_.linuxdriversvideofbdevpxa168fb.c_set_pix_fmt_with_main.c:88]   --->   Operation 28 'write' <Predicate = (pix_fmt_read == 133)> <Delay = 0.00>
ST_1 : Operation 29 [1/1] (0.00ns)   --->   "call void @_ssdm_op_Write.ap_auto.i32P(i32* %var_green_length, i32 8)" [extr_.linuxdriversvideofbdevpxa168fb.c_set_pix_fmt_with_main.c:88]   --->   Operation 29 'write' <Predicate = (pix_fmt_read == 133)> <Delay = 0.00>
ST_1 : Operation 30 [1/1] (0.00ns)   --->   "call void @_ssdm_op_Write.ap_auto.i32P(i32* %var_blue_offset, i32 16)" [extr_.linuxdriversvideofbdevpxa168fb.c_set_pix_fmt_with_main.c:89]   --->   Operation 30 'write' <Predicate = (pix_fmt_read == 133)> <Delay = 0.00>
ST_1 : Operation 31 [1/1] (0.00ns)   --->   "call void @_ssdm_op_Write.ap_auto.i32P(i32* %var_blue_length, i32 8)" [extr_.linuxdriversvideofbdevpxa168fb.c_set_pix_fmt_with_main.c:89]   --->   Operation 31 'write' <Predicate = (pix_fmt_read == 133)> <Delay = 0.00>
ST_1 : Operation 32 [1/1] (0.00ns)   --->   "call void @_ssdm_op_Write.ap_auto.i32P(i32* %var_transp_offset, i32 24)" [extr_.linuxdriversvideofbdevpxa168fb.c_set_pix_fmt_with_main.c:90]   --->   Operation 32 'write' <Predicate = (pix_fmt_read == 133)> <Delay = 0.00>
ST_1 : Operation 33 [1/1] (0.00ns)   --->   "call void @_ssdm_op_Write.ap_auto.i32P(i32* %var_transp_length, i32 8)" [extr_.linuxdriversvideofbdevpxa168fb.c_set_pix_fmt_with_main.c:90]   --->   Operation 33 'write' <Predicate = (pix_fmt_read == 133)> <Delay = 0.00>
ST_1 : Operation 34 [1/1] (0.00ns)   --->   "br label %._crit_edge" [extr_.linuxdriversvideofbdevpxa168fb.c_set_pix_fmt_with_main.c:91]   --->   Operation 34 'br' <Predicate = (pix_fmt_read == 133)> <Delay = 0.00>
ST_1 : Operation 35 [1/1] (0.00ns)   --->   "call void @_ssdm_op_Write.ap_auto.i32P(i32* %var_bits_per_pixel, i32 32)" [extr_.linuxdriversvideofbdevpxa168fb.c_set_pix_fmt_with_main.c:79]   --->   Operation 35 'write' <Predicate = (pix_fmt_read == 128)> <Delay = 0.00>
ST_1 : Operation 36 [1/1] (0.00ns)   --->   "call void @_ssdm_op_Write.ap_auto.i32P(i32* %var_red_offset, i32 16)" [extr_.linuxdriversvideofbdevpxa168fb.c_set_pix_fmt_with_main.c:80]   --->   Operation 36 'write' <Predicate = (pix_fmt_read == 128)> <Delay = 0.00>
ST_1 : Operation 37 [1/1] (0.00ns)   --->   "call void @_ssdm_op_Write.ap_auto.i32P(i32* %var_red_length, i32 8)" [extr_.linuxdriversvideofbdevpxa168fb.c_set_pix_fmt_with_main.c:80]   --->   Operation 37 'write' <Predicate = (pix_fmt_read == 128)> <Delay = 0.00>
ST_1 : Operation 38 [1/1] (0.00ns)   --->   "call void @_ssdm_op_Write.ap_auto.i32P(i32* %var_green_offset, i32 8)" [extr_.linuxdriversvideofbdevpxa168fb.c_set_pix_fmt_with_main.c:81]   --->   Operation 38 'write' <Predicate = (pix_fmt_read == 128)> <Delay = 0.00>
ST_1 : Operation 39 [1/1] (0.00ns)   --->   "call void @_ssdm_op_Write.ap_auto.i32P(i32* %var_green_length, i32 8)" [extr_.linuxdriversvideofbdevpxa168fb.c_set_pix_fmt_with_main.c:81]   --->   Operation 39 'write' <Predicate = (pix_fmt_read == 128)> <Delay = 0.00>
ST_1 : Operation 40 [1/1] (0.00ns)   --->   "call void @_ssdm_op_Write.ap_auto.i32P(i32* %var_blue_offset, i32 0)" [extr_.linuxdriversvideofbdevpxa168fb.c_set_pix_fmt_with_main.c:82]   --->   Operation 40 'write' <Predicate = (pix_fmt_read == 128)> <Delay = 0.00>
ST_1 : Operation 41 [1/1] (0.00ns)   --->   "call void @_ssdm_op_Write.ap_auto.i32P(i32* %var_blue_length, i32 8)" [extr_.linuxdriversvideofbdevpxa168fb.c_set_pix_fmt_with_main.c:82]   --->   Operation 41 'write' <Predicate = (pix_fmt_read == 128)> <Delay = 0.00>
ST_1 : Operation 42 [1/1] (0.00ns)   --->   "call void @_ssdm_op_Write.ap_auto.i32P(i32* %var_transp_offset, i32 24)" [extr_.linuxdriversvideofbdevpxa168fb.c_set_pix_fmt_with_main.c:83]   --->   Operation 42 'write' <Predicate = (pix_fmt_read == 128)> <Delay = 0.00>
ST_1 : Operation 43 [1/1] (0.00ns)   --->   "call void @_ssdm_op_Write.ap_auto.i32P(i32* %var_transp_length, i32 8)" [extr_.linuxdriversvideofbdevpxa168fb.c_set_pix_fmt_with_main.c:83]   --->   Operation 43 'write' <Predicate = (pix_fmt_read == 128)> <Delay = 0.00>
ST_1 : Operation 44 [1/1] (0.00ns)   --->   "br label %._crit_edge" [extr_.linuxdriversvideofbdevpxa168fb.c_set_pix_fmt_with_main.c:84]   --->   Operation 44 'br' <Predicate = (pix_fmt_read == 128)> <Delay = 0.00>
ST_1 : Operation 45 [1/1] (0.00ns)   --->   "call void @_ssdm_op_Write.ap_auto.i32P(i32* %var_bits_per_pixel, i32 24)" [extr_.linuxdriversvideofbdevpxa168fb.c_set_pix_fmt_with_main.c:72]   --->   Operation 45 'write' <Predicate = (pix_fmt_read == 134)> <Delay = 0.00>
ST_1 : Operation 46 [1/1] (0.00ns)   --->   "call void @_ssdm_op_Write.ap_auto.i32P(i32* %var_red_offset, i32 0)" [extr_.linuxdriversvideofbdevpxa168fb.c_set_pix_fmt_with_main.c:73]   --->   Operation 46 'write' <Predicate = (pix_fmt_read == 134)> <Delay = 0.00>
ST_1 : Operation 47 [1/1] (0.00ns)   --->   "call void @_ssdm_op_Write.ap_auto.i32P(i32* %var_red_length, i32 8)" [extr_.linuxdriversvideofbdevpxa168fb.c_set_pix_fmt_with_main.c:73]   --->   Operation 47 'write' <Predicate = (pix_fmt_read == 134)> <Delay = 0.00>
ST_1 : Operation 48 [1/1] (0.00ns)   --->   "call void @_ssdm_op_Write.ap_auto.i32P(i32* %var_green_offset, i32 8)" [extr_.linuxdriversvideofbdevpxa168fb.c_set_pix_fmt_with_main.c:74]   --->   Operation 48 'write' <Predicate = (pix_fmt_read == 134)> <Delay = 0.00>
ST_1 : Operation 49 [1/1] (0.00ns)   --->   "call void @_ssdm_op_Write.ap_auto.i32P(i32* %var_green_length, i32 8)" [extr_.linuxdriversvideofbdevpxa168fb.c_set_pix_fmt_with_main.c:74]   --->   Operation 49 'write' <Predicate = (pix_fmt_read == 134)> <Delay = 0.00>
ST_1 : Operation 50 [1/1] (0.00ns)   --->   "call void @_ssdm_op_Write.ap_auto.i32P(i32* %var_blue_offset, i32 16)" [extr_.linuxdriversvideofbdevpxa168fb.c_set_pix_fmt_with_main.c:75]   --->   Operation 50 'write' <Predicate = (pix_fmt_read == 134)> <Delay = 0.00>
ST_1 : Operation 51 [1/1] (0.00ns)   --->   "call void @_ssdm_op_Write.ap_auto.i32P(i32* %var_blue_length, i32 8)" [extr_.linuxdriversvideofbdevpxa168fb.c_set_pix_fmt_with_main.c:75]   --->   Operation 51 'write' <Predicate = (pix_fmt_read == 134)> <Delay = 0.00>
ST_1 : Operation 52 [1/1] (0.00ns)   --->   "call void @_ssdm_op_Write.ap_auto.i32P(i32* %var_transp_offset, i32 0)" [extr_.linuxdriversvideofbdevpxa168fb.c_set_pix_fmt_with_main.c:76]   --->   Operation 52 'write' <Predicate = (pix_fmt_read == 134)> <Delay = 0.00>
ST_1 : Operation 53 [1/1] (0.00ns)   --->   "call void @_ssdm_op_Write.ap_auto.i32P(i32* %var_transp_length, i32 0)" [extr_.linuxdriversvideofbdevpxa168fb.c_set_pix_fmt_with_main.c:76]   --->   Operation 53 'write' <Predicate = (pix_fmt_read == 134)> <Delay = 0.00>
ST_1 : Operation 54 [1/1] (0.00ns)   --->   "br label %._crit_edge" [extr_.linuxdriversvideofbdevpxa168fb.c_set_pix_fmt_with_main.c:77]   --->   Operation 54 'br' <Predicate = (pix_fmt_read == 134)> <Delay = 0.00>
ST_1 : Operation 55 [1/1] (0.00ns)   --->   "call void @_ssdm_op_Write.ap_auto.i32P(i32* %var_bits_per_pixel, i32 24)" [extr_.linuxdriversvideofbdevpxa168fb.c_set_pix_fmt_with_main.c:65]   --->   Operation 55 'write' <Predicate = (pix_fmt_read == 129)> <Delay = 0.00>
ST_1 : Operation 56 [1/1] (0.00ns)   --->   "call void @_ssdm_op_Write.ap_auto.i32P(i32* %var_red_offset, i32 16)" [extr_.linuxdriversvideofbdevpxa168fb.c_set_pix_fmt_with_main.c:66]   --->   Operation 56 'write' <Predicate = (pix_fmt_read == 129)> <Delay = 0.00>
ST_1 : Operation 57 [1/1] (0.00ns)   --->   "call void @_ssdm_op_Write.ap_auto.i32P(i32* %var_red_length, i32 8)" [extr_.linuxdriversvideofbdevpxa168fb.c_set_pix_fmt_with_main.c:66]   --->   Operation 57 'write' <Predicate = (pix_fmt_read == 129)> <Delay = 0.00>
ST_1 : Operation 58 [1/1] (0.00ns)   --->   "call void @_ssdm_op_Write.ap_auto.i32P(i32* %var_green_offset, i32 8)" [extr_.linuxdriversvideofbdevpxa168fb.c_set_pix_fmt_with_main.c:67]   --->   Operation 58 'write' <Predicate = (pix_fmt_read == 129)> <Delay = 0.00>
ST_1 : Operation 59 [1/1] (0.00ns)   --->   "call void @_ssdm_op_Write.ap_auto.i32P(i32* %var_green_length, i32 8)" [extr_.linuxdriversvideofbdevpxa168fb.c_set_pix_fmt_with_main.c:67]   --->   Operation 59 'write' <Predicate = (pix_fmt_read == 129)> <Delay = 0.00>
ST_1 : Operation 60 [1/1] (0.00ns)   --->   "call void @_ssdm_op_Write.ap_auto.i32P(i32* %var_blue_offset, i32 0)" [extr_.linuxdriversvideofbdevpxa168fb.c_set_pix_fmt_with_main.c:68]   --->   Operation 60 'write' <Predicate = (pix_fmt_read == 129)> <Delay = 0.00>
ST_1 : Operation 61 [1/1] (0.00ns)   --->   "call void @_ssdm_op_Write.ap_auto.i32P(i32* %var_blue_length, i32 8)" [extr_.linuxdriversvideofbdevpxa168fb.c_set_pix_fmt_with_main.c:68]   --->   Operation 61 'write' <Predicate = (pix_fmt_read == 129)> <Delay = 0.00>
ST_1 : Operation 62 [1/1] (0.00ns)   --->   "call void @_ssdm_op_Write.ap_auto.i32P(i32* %var_transp_offset, i32 0)" [extr_.linuxdriversvideofbdevpxa168fb.c_set_pix_fmt_with_main.c:69]   --->   Operation 62 'write' <Predicate = (pix_fmt_read == 129)> <Delay = 0.00>
ST_1 : Operation 63 [1/1] (0.00ns)   --->   "call void @_ssdm_op_Write.ap_auto.i32P(i32* %var_transp_length, i32 0)" [extr_.linuxdriversvideofbdevpxa168fb.c_set_pix_fmt_with_main.c:69]   --->   Operation 63 'write' <Predicate = (pix_fmt_read == 129)> <Delay = 0.00>
ST_1 : Operation 64 [1/1] (0.00ns)   --->   "br label %._crit_edge" [extr_.linuxdriversvideofbdevpxa168fb.c_set_pix_fmt_with_main.c:70]   --->   Operation 64 'br' <Predicate = (pix_fmt_read == 129)> <Delay = 0.00>
ST_1 : Operation 65 [1/1] (0.00ns)   --->   "call void @_ssdm_op_Write.ap_auto.i32P(i32* %var_bits_per_pixel, i32 16)" [extr_.linuxdriversvideofbdevpxa168fb.c_set_pix_fmt_with_main.c:58]   --->   Operation 65 'write' <Predicate = (pix_fmt_read == 136)> <Delay = 0.00>
ST_1 : Operation 66 [1/1] (0.00ns)   --->   "call void @_ssdm_op_Write.ap_auto.i32P(i32* %var_red_offset, i32 0)" [extr_.linuxdriversvideofbdevpxa168fb.c_set_pix_fmt_with_main.c:59]   --->   Operation 66 'write' <Predicate = (pix_fmt_read == 136)> <Delay = 0.00>
ST_1 : Operation 67 [1/1] (0.00ns)   --->   "call void @_ssdm_op_Write.ap_auto.i32P(i32* %var_red_length, i32 5)" [extr_.linuxdriversvideofbdevpxa168fb.c_set_pix_fmt_with_main.c:59]   --->   Operation 67 'write' <Predicate = (pix_fmt_read == 136)> <Delay = 0.00>
ST_1 : Operation 68 [1/1] (0.00ns)   --->   "call void @_ssdm_op_Write.ap_auto.i32P(i32* %var_green_offset, i32 5)" [extr_.linuxdriversvideofbdevpxa168fb.c_set_pix_fmt_with_main.c:60]   --->   Operation 68 'write' <Predicate = (pix_fmt_read == 136)> <Delay = 0.00>
ST_1 : Operation 69 [1/1] (0.00ns)   --->   "call void @_ssdm_op_Write.ap_auto.i32P(i32* %var_green_length, i32 5)" [extr_.linuxdriversvideofbdevpxa168fb.c_set_pix_fmt_with_main.c:60]   --->   Operation 69 'write' <Predicate = (pix_fmt_read == 136)> <Delay = 0.00>
ST_1 : Operation 70 [1/1] (0.00ns)   --->   "call void @_ssdm_op_Write.ap_auto.i32P(i32* %var_blue_offset, i32 10)" [extr_.linuxdriversvideofbdevpxa168fb.c_set_pix_fmt_with_main.c:61]   --->   Operation 70 'write' <Predicate = (pix_fmt_read == 136)> <Delay = 0.00>
ST_1 : Operation 71 [1/1] (0.00ns)   --->   "call void @_ssdm_op_Write.ap_auto.i32P(i32* %var_blue_length, i32 5)" [extr_.linuxdriversvideofbdevpxa168fb.c_set_pix_fmt_with_main.c:61]   --->   Operation 71 'write' <Predicate = (pix_fmt_read == 136)> <Delay = 0.00>
ST_1 : Operation 72 [1/1] (0.00ns)   --->   "call void @_ssdm_op_Write.ap_auto.i32P(i32* %var_transp_offset, i32 15)" [extr_.linuxdriversvideofbdevpxa168fb.c_set_pix_fmt_with_main.c:62]   --->   Operation 72 'write' <Predicate = (pix_fmt_read == 136)> <Delay = 0.00>
ST_1 : Operation 73 [1/1] (0.00ns)   --->   "call void @_ssdm_op_Write.ap_auto.i32P(i32* %var_transp_length, i32 1)" [extr_.linuxdriversvideofbdevpxa168fb.c_set_pix_fmt_with_main.c:62]   --->   Operation 73 'write' <Predicate = (pix_fmt_read == 136)> <Delay = 0.00>
ST_1 : Operation 74 [1/1] (0.00ns)   --->   "br label %._crit_edge" [extr_.linuxdriversvideofbdevpxa168fb.c_set_pix_fmt_with_main.c:63]   --->   Operation 74 'br' <Predicate = (pix_fmt_read == 136)> <Delay = 0.00>
ST_1 : Operation 75 [1/1] (0.00ns)   --->   "call void @_ssdm_op_Write.ap_auto.i32P(i32* %var_bits_per_pixel, i32 16)" [extr_.linuxdriversvideofbdevpxa168fb.c_set_pix_fmt_with_main.c:51]   --->   Operation 75 'write' <Predicate = (pix_fmt_read == 131)> <Delay = 0.00>
ST_1 : Operation 76 [1/1] (0.00ns)   --->   "call void @_ssdm_op_Write.ap_auto.i32P(i32* %var_red_offset, i32 10)" [extr_.linuxdriversvideofbdevpxa168fb.c_set_pix_fmt_with_main.c:52]   --->   Operation 76 'write' <Predicate = (pix_fmt_read == 131)> <Delay = 0.00>
ST_1 : Operation 77 [1/1] (0.00ns)   --->   "call void @_ssdm_op_Write.ap_auto.i32P(i32* %var_red_length, i32 5)" [extr_.linuxdriversvideofbdevpxa168fb.c_set_pix_fmt_with_main.c:52]   --->   Operation 77 'write' <Predicate = (pix_fmt_read == 131)> <Delay = 0.00>
ST_1 : Operation 78 [1/1] (0.00ns)   --->   "call void @_ssdm_op_Write.ap_auto.i32P(i32* %var_green_offset, i32 5)" [extr_.linuxdriversvideofbdevpxa168fb.c_set_pix_fmt_with_main.c:53]   --->   Operation 78 'write' <Predicate = (pix_fmt_read == 131)> <Delay = 0.00>
ST_1 : Operation 79 [1/1] (0.00ns)   --->   "call void @_ssdm_op_Write.ap_auto.i32P(i32* %var_green_length, i32 5)" [extr_.linuxdriversvideofbdevpxa168fb.c_set_pix_fmt_with_main.c:53]   --->   Operation 79 'write' <Predicate = (pix_fmt_read == 131)> <Delay = 0.00>
ST_1 : Operation 80 [1/1] (0.00ns)   --->   "call void @_ssdm_op_Write.ap_auto.i32P(i32* %var_blue_offset, i32 0)" [extr_.linuxdriversvideofbdevpxa168fb.c_set_pix_fmt_with_main.c:54]   --->   Operation 80 'write' <Predicate = (pix_fmt_read == 131)> <Delay = 0.00>
ST_1 : Operation 81 [1/1] (0.00ns)   --->   "call void @_ssdm_op_Write.ap_auto.i32P(i32* %var_blue_length, i32 5)" [extr_.linuxdriversvideofbdevpxa168fb.c_set_pix_fmt_with_main.c:54]   --->   Operation 81 'write' <Predicate = (pix_fmt_read == 131)> <Delay = 0.00>
ST_1 : Operation 82 [1/1] (0.00ns)   --->   "call void @_ssdm_op_Write.ap_auto.i32P(i32* %var_transp_offset, i32 15)" [extr_.linuxdriversvideofbdevpxa168fb.c_set_pix_fmt_with_main.c:55]   --->   Operation 82 'write' <Predicate = (pix_fmt_read == 131)> <Delay = 0.00>
ST_1 : Operation 83 [1/1] (0.00ns)   --->   "call void @_ssdm_op_Write.ap_auto.i32P(i32* %var_transp_length, i32 1)" [extr_.linuxdriversvideofbdevpxa168fb.c_set_pix_fmt_with_main.c:55]   --->   Operation 83 'write' <Predicate = (pix_fmt_read == 131)> <Delay = 0.00>
ST_1 : Operation 84 [1/1] (0.00ns)   --->   "br label %._crit_edge" [extr_.linuxdriversvideofbdevpxa168fb.c_set_pix_fmt_with_main.c:56]   --->   Operation 84 'br' <Predicate = (pix_fmt_read == 131)> <Delay = 0.00>
ST_1 : Operation 85 [1/1] (0.00ns)   --->   "call void @_ssdm_op_Write.ap_auto.i32P(i32* %var_bits_per_pixel, i32 16)" [extr_.linuxdriversvideofbdevpxa168fb.c_set_pix_fmt_with_main.c:44]   --->   Operation 85 'write' <Predicate = (pix_fmt_read == 135)> <Delay = 0.00>
ST_1 : Operation 86 [1/1] (0.00ns)   --->   "call void @_ssdm_op_Write.ap_auto.i32P(i32* %var_red_offset, i32 0)" [extr_.linuxdriversvideofbdevpxa168fb.c_set_pix_fmt_with_main.c:45]   --->   Operation 86 'write' <Predicate = (pix_fmt_read == 135)> <Delay = 0.00>
ST_1 : Operation 87 [1/1] (0.00ns)   --->   "call void @_ssdm_op_Write.ap_auto.i32P(i32* %var_red_length, i32 5)" [extr_.linuxdriversvideofbdevpxa168fb.c_set_pix_fmt_with_main.c:45]   --->   Operation 87 'write' <Predicate = (pix_fmt_read == 135)> <Delay = 0.00>
ST_1 : Operation 88 [1/1] (0.00ns)   --->   "call void @_ssdm_op_Write.ap_auto.i32P(i32* %var_green_offset, i32 5)" [extr_.linuxdriversvideofbdevpxa168fb.c_set_pix_fmt_with_main.c:46]   --->   Operation 88 'write' <Predicate = (pix_fmt_read == 135)> <Delay = 0.00>
ST_1 : Operation 89 [1/1] (0.00ns)   --->   "call void @_ssdm_op_Write.ap_auto.i32P(i32* %var_green_length, i32 6)" [extr_.linuxdriversvideofbdevpxa168fb.c_set_pix_fmt_with_main.c:46]   --->   Operation 89 'write' <Predicate = (pix_fmt_read == 135)> <Delay = 0.00>
ST_1 : Operation 90 [1/1] (0.00ns)   --->   "call void @_ssdm_op_Write.ap_auto.i32P(i32* %var_blue_offset, i32 11)" [extr_.linuxdriversvideofbdevpxa168fb.c_set_pix_fmt_with_main.c:47]   --->   Operation 90 'write' <Predicate = (pix_fmt_read == 135)> <Delay = 0.00>
ST_1 : Operation 91 [1/1] (0.00ns)   --->   "call void @_ssdm_op_Write.ap_auto.i32P(i32* %var_blue_length, i32 5)" [extr_.linuxdriversvideofbdevpxa168fb.c_set_pix_fmt_with_main.c:47]   --->   Operation 91 'write' <Predicate = (pix_fmt_read == 135)> <Delay = 0.00>
ST_1 : Operation 92 [1/1] (0.00ns)   --->   "call void @_ssdm_op_Write.ap_auto.i32P(i32* %var_transp_offset, i32 0)" [extr_.linuxdriversvideofbdevpxa168fb.c_set_pix_fmt_with_main.c:48]   --->   Operation 92 'write' <Predicate = (pix_fmt_read == 135)> <Delay = 0.00>
ST_1 : Operation 93 [1/1] (0.00ns)   --->   "call void @_ssdm_op_Write.ap_auto.i32P(i32* %var_transp_length, i32 0)" [extr_.linuxdriversvideofbdevpxa168fb.c_set_pix_fmt_with_main.c:48]   --->   Operation 93 'write' <Predicate = (pix_fmt_read == 135)> <Delay = 0.00>
ST_1 : Operation 94 [1/1] (0.00ns)   --->   "br label %._crit_edge" [extr_.linuxdriversvideofbdevpxa168fb.c_set_pix_fmt_with_main.c:49]   --->   Operation 94 'br' <Predicate = (pix_fmt_read == 135)> <Delay = 0.00>
ST_1 : Operation 95 [1/1] (0.00ns)   --->   "call void @_ssdm_op_Write.ap_auto.i32P(i32* %var_bits_per_pixel, i32 16)" [extr_.linuxdriversvideofbdevpxa168fb.c_set_pix_fmt_with_main.c:37]   --->   Operation 95 'write' <Predicate = (pix_fmt_read == 130)> <Delay = 0.00>
ST_1 : Operation 96 [1/1] (0.00ns)   --->   "call void @_ssdm_op_Write.ap_auto.i32P(i32* %var_red_offset, i32 11)" [extr_.linuxdriversvideofbdevpxa168fb.c_set_pix_fmt_with_main.c:38]   --->   Operation 96 'write' <Predicate = (pix_fmt_read == 130)> <Delay = 0.00>
ST_1 : Operation 97 [1/1] (0.00ns)   --->   "call void @_ssdm_op_Write.ap_auto.i32P(i32* %var_red_length, i32 5)" [extr_.linuxdriversvideofbdevpxa168fb.c_set_pix_fmt_with_main.c:38]   --->   Operation 97 'write' <Predicate = (pix_fmt_read == 130)> <Delay = 0.00>
ST_1 : Operation 98 [1/1] (0.00ns)   --->   "call void @_ssdm_op_Write.ap_auto.i32P(i32* %var_green_offset, i32 5)" [extr_.linuxdriversvideofbdevpxa168fb.c_set_pix_fmt_with_main.c:39]   --->   Operation 98 'write' <Predicate = (pix_fmt_read == 130)> <Delay = 0.00>
ST_1 : Operation 99 [1/1] (0.00ns)   --->   "call void @_ssdm_op_Write.ap_auto.i32P(i32* %var_green_length, i32 6)" [extr_.linuxdriversvideofbdevpxa168fb.c_set_pix_fmt_with_main.c:39]   --->   Operation 99 'write' <Predicate = (pix_fmt_read == 130)> <Delay = 0.00>
ST_1 : Operation 100 [1/1] (0.00ns)   --->   "call void @_ssdm_op_Write.ap_auto.i32P(i32* %var_blue_offset, i32 0)" [extr_.linuxdriversvideofbdevpxa168fb.c_set_pix_fmt_with_main.c:40]   --->   Operation 100 'write' <Predicate = (pix_fmt_read == 130)> <Delay = 0.00>
ST_1 : Operation 101 [1/1] (0.00ns)   --->   "call void @_ssdm_op_Write.ap_auto.i32P(i32* %var_blue_length, i32 5)" [extr_.linuxdriversvideofbdevpxa168fb.c_set_pix_fmt_with_main.c:40]   --->   Operation 101 'write' <Predicate = (pix_fmt_read == 130)> <Delay = 0.00>
ST_1 : Operation 102 [1/1] (0.00ns)   --->   "call void @_ssdm_op_Write.ap_auto.i32P(i32* %var_transp_offset, i32 0)" [extr_.linuxdriversvideofbdevpxa168fb.c_set_pix_fmt_with_main.c:41]   --->   Operation 102 'write' <Predicate = (pix_fmt_read == 130)> <Delay = 0.00>
ST_1 : Operation 103 [1/1] (0.00ns)   --->   "call void @_ssdm_op_Write.ap_auto.i32P(i32* %var_transp_length, i32 0)" [extr_.linuxdriversvideofbdevpxa168fb.c_set_pix_fmt_with_main.c:41]   --->   Operation 103 'write' <Predicate = (pix_fmt_read == 130)> <Delay = 0.00>
ST_1 : Operation 104 [1/1] (0.00ns)   --->   "br label %._crit_edge" [extr_.linuxdriversvideofbdevpxa168fb.c_set_pix_fmt_with_main.c:42]   --->   Operation 104 'br' <Predicate = (pix_fmt_read == 130)> <Delay = 0.00>
ST_1 : Operation 105 [1/1] (0.00ns)   --->   "ret void" [extr_.linuxdriversvideofbdevpxa168fb.c_set_pix_fmt_with_main.c:100]   --->   Operation 105 'ret' <Predicate = true> <Delay = 0.00>


============================================================
+ Verbose Summary: Timing violations
============================================================
Target clock period: 10ns, clock uncertainty: 1.25ns.

 <State 1>: 1.12ns
The critical path consists of the following:
	wire read on port 'pix_fmt' (extr_.linuxdriversvideofbdevpxa168fb.c_set_pix_fmt_with_main.c:33) [22]  (0 ns)
	blocking operation 1.12 ns on control path)


============================================================
+ Verbose Summary: Binding
============================================================
N/A
* FSMD analyzer results:
  - Output states:
 - Input state : 
  - Chain level:
	State 1


============================================================
+ Verbose Summary: Datapath Resource usage 
============================================================
N/A
