==============================================================
Vivado(TM) HLS - High-Level Synthesis from C, C++ and SystemC v2019.1 (64-bit)
Copyright 1986-2019 Xilinx, Inc. All Rights Reserved.
==============================================================
INFO: [SYN 201-201] Setting up clock 'default' with a period of 5ns.
INFO: [SYN 201-201] Setting up clock 'default' with a period of 10ns.
INFO: [SCHED 204-61] Option 'relax_ii_for_timing' is enabled, will increase II to preserve clock frequency constraints.
INFO: [HLS 200-10] Analyzing design file 'extr_.opensslcryptoececp_nistp521.c_felem_reduce_with_main.c' ... 
WARNING: [HLS 200-40] In file included from extr_.opensslcryptoececp_nistp521.c_felem_reduce_with_main.c:1:
extr_.opensslcryptoececp_nistp521.c_felem_reduce_with_main.c:37:30: warning: shift count >= width of type [-Wshift-count-overflow]
    out[1] += ((limb) in[0]) >> 58;
                             ^  ~~
extr_.opensslcryptoececp_nistp521.c_felem_reduce_with_main.c:38:31: warning: shift count >= width of type [-Wshift-count-overflow]
    out[1] += (((limb) (in[0] >> 64)) & bottom52bits) << 6;
                              ^  ~~
extr_.opensslcryptoececp_nistp521.c_felem_reduce_with_main.c:43:30: warning: shift count >= width of type [-Wshift-count-overflow]
    out[2] += ((limb) (in[0] >> 64)) >> 52;
                             ^  ~~
extr_.opensslcryptoececp_nistp521.c_felem_reduce_with_main.c:43:38: warning: shift count >= width of type [-Wshift-count-overflow]
    out[2] += ((limb) (in[0] >> 64)) >> 52;
                                     ^  ~~
extr_.opensslcryptoececp_nistp521.c_felem_reduce_with_main.c:45:30: warning: shift count >= width of type [-Wshift-count-overflow]
    out[2] += ((limb) in[1]) >> 58;
                             ^  ~~
extr_.opensslcryptoececp_nistp521.c_felem_reduce_with_main.c:46:31: warning: shift count >= width of type [-Wshift-count-overflow]
    out[2] += (((limb) (in[1] >> 64)) & bottom52bits) << 6;
                              ^  ~~
extr_.opensslcryptoececp_nistp521.c_felem_reduce_with_main.c:47:30: warning: shift count >= width of type [-Wshift-count-overflow]
    out[3] += ((limb) (in[1] >> 64)) >> 52;
                             ^  ~~
extr_.opensslcryptoececp_nistp521.c_felem_reduce_with_main.c:47:38: warning: shift count >= width of type [-Wshift-count-overflow]
    out[3] += ((limb) (in[1] >> 64)) >> 52;
                                     ^  ~~
extr_.opensslcryptoececp_nistp521.c_felem_reduce_with_main.c:49:30: warning: shift count >= width of type [-Wshift-count-overflow]
    out[3] += ((limb) in[2]) >> 58;
                             ^  ~~
extr_.opensslcryptoececp_nistp521.c_felem_reduce_with_main.c:50:31: warning: shift count >= width of type [-Wshift-count-overflow]
    out[3] += (((limb) (in[2] >> 64)) & bottom52bits) << 6;
                              ^  ~~
extr_.opensslcryptoececp_nistp521.c_felem_reduce_with_main.c:51:30: warning: shift count >= width of type [-Wshift-count-overflow]
    out[4] += ((limb) (in[2] >> 64)) >> 52;
                             ^  ~~
extr_.opensslcryptoececp_nistp521.c_felem_reduce_with_main.c:51:38: warning: shift count >= width of type [-Wshift-count-overflow]
    out[4] += ((limb) (in[2] >> 64)) >> 52;
                                     ^  ~~
extr_.opensslcryptoececp_nistp521.c_felem_reduce_with_main.c:53:30: warning: shift count >= width of type [-Wshift-count-overflow]
    out[4] += ((limb) in[3]) >> 58;
                             ^  ~~
extr_.opensslcryptoececp_nistp521.c_felem_reduce_with_main.c:54:31: warning: shift count >= width of type [-Wshift-count-overflow]
    out[4] += (((limb) (in[3] >> 64)) & bottom52bits) << 6;
                              ^  ~~
extr_.opensslcryptoececp_nistp521.c_felem_reduce_with_main.c:55:30: warning: shift count >= width of type [-Wshift-count-overflow]
    out[5] += ((limb) (in[3] >> 64)) >> 52;
                             ^  ~~
extr_.opensslcryptoececp_nistp521.c_felem_reduce_with_main.c:55:38: warning: shift count >= width of type [-Wshift-count-overflow]
    out[5] += ((limb) (in[3] >> 64)) >> 52;
                                     ^  ~~
extr_.opensslcryptoececp_nistp521.c_felem_reduce_with_main.c:57:30: warning: shift count >= width of type [-Wshift-count-overflow]
    out[5] += ((limb) in[4]) >> 58;
                             ^  ~~
extr_.opensslcryptoececp_nistp521.c_felem_reduce_with_main.c:58:31: warning: shift count >= width of type [-Wshift-count-overflow]
    out[5] += (((limb) (in[4] >> 64)) & bottom52bits) << 6;
                              ^  ~~
extr_.opensslcryptoececp_nistp521.c_felem_reduce_with_main.c:59:30: warning: shift count >= width of type [-Wshift-count-overflow]
    out[6] += ((limb) (in[4] >> 64)) >> 52;
                             ^  ~~
extr_.opensslcryptoececp_nistp521.c_felem_reduce_with_main.c:59:38: warning: shift count >= width of type [-Wshift-count-overflow]
    out[6] += ((limb) (in[4] >> 64)) >> 52;
                                     ^  ~~
20 warnings generated.
INFO: [HLS 200-111] Finished Linking Time (s): cpu = 00:02:34 ; elapsed = 00:07:01 . Memory (MB): peak = 832.453 ; gain = 132.133 ; free physical = 21903 ; free virtual = 44647
INFO: [HLS 200-111] Finished Checking Pragmas Time (s): cpu = 00:02:34 ; elapsed = 00:07:01 . Memory (MB): peak = 832.453 ; gain = 132.133 ; free physical = 21903 ; free virtual = 44647
INFO: [HLS 200-10] Starting code transformations ...
INFO: [HLS 200-111] Finished Standard Transforms Time (s): cpu = 00:02:36 ; elapsed = 00:07:03 . Memory (MB): peak = 832.453 ; gain = 132.133 ; free physical = 21903 ; free virtual = 44646
INFO: [HLS 200-10] Checking synthesizability ...
ERROR: [SYNCHK 200-61] extr_.opensslcryptoececp_nistp521.c_felem_reduce_with_main.c:26: unsupported memory access on variable 'in' which is (or contains) an array with unknown size at compile time.
INFO: [SYNCHK 200-10] 1 error(s), 0 warning(s).
ERROR: [HLS 200-70] Synthesizability check failed.
INFO: [HLS 200-10] Creating and opening project '/home/vivado/aut/proj_extr_.Craftdepsglfwsrccontext.c__glfwChooseFBConfig_with_main.c'.
INFO: [HLS 200-10] Adding design file 'extr_.Craftdepsglfwsrccontext.c__glfwChooseFBConfig_with_main.c' to the project
INFO: [HLS 200-10] Creating and opening solution '/home/vivado/aut/proj_extr_.Craftdepsglfwsrccontext.c__glfwChooseFBConfig_with_main.c/solution1'.
