==============================================================
Vivado(TM) HLS - High-Level Synthesis from C, C++ and SystemC v2019.1 (64-bit)
Copyright 1986-2019 Xilinx, Inc. All Rights Reserved.
==============================================================
==============================================================
Vivado(TM) HLS - High-Level Synthesis from C, C++ and SystemC v2019.1 (64-bit)
Copyright 1986-2019 Xilinx, Inc. All Rights Reserved.
==============================================================
==============================================================
Vivado(TM) HLS - High-Level Synthesis from C, C++ and SystemC v2019.1 (64-bit)
Copyright 1986-2019 Xilinx, Inc. All Rights Reserved.
==============================================================
INFO: [SYN 201-201] Setting up clock 'default' with a period of 10ns.
INFO: [HLS 200-10] Setting target device to 'xc7k160t-fbg484-1'
INFO: [SCHED 204-61] Option 'relax_ii_for_timing' is enabled, will increase II to preserve clock frequency constraints.
INFO: [HLS 200-10] Analyzing design file 'extr_.FFmpeglibavcodecac3enc.c_count_frame_bits_with_main.c' ... 
WARNING: [HLS 200-40] In file included from extr_.FFmpeglibavcodecac3enc.c_count_frame_bits_with_main.c:1:
extr_.FFmpeglibavcodecac3enc.c_count_frame_bits_with_main.c:31:20: warning: initializing 'AC3EncOptions *' (aka 'struct TYPE_6__ *') with an expression of type 'volatile TYPE_2__ *' (aka 'volatile struct TYPE_6__ *') discards qualifiers [-Wincompatible-pointer-types]
    AC3EncOptions *opt = &s->options;
                   ^     ~~~~~~~~~~~
1 warning generated.
INFO: [HLS 200-111] Finished Linking Time (s): cpu = 00:00:13 ; elapsed = 00:01:32 . Memory (MB): peak = 899.422 ; gain = 199.102 ; free physical = 30488 ; free virtual = 39666
INFO: [HLS 200-111] Finished Checking Pragmas Time (s): cpu = 00:00:13 ; elapsed = 00:01:32 . Memory (MB): peak = 899.422 ; gain = 199.102 ; free physical = 30488 ; free virtual = 39666
INFO: [HLS 200-10] Starting code transformations ...
ERROR: [SYNCHK 200-79] Static function 'count_frame_bits' cannot be set as the top model.
ERROR: [HLS 200-70] Synthesizability check failed.
INFO: [HLS 200-10] Creating and opening project '/home/vivado/HLStools/vivado/new214/proj_extr_.FFmpeglibavcodecagm.c_fill_pixels_with_main.c'.
INFO: [HLS 200-10] Creating and opening solution '/home/vivado/HLStools/vivado/new214/proj_extr_.FFmpeglibavcodecagm.c_fill_pixels_with_main.c/sol'.
