==============================================================
Vivado(TM) HLS - High-Level Synthesis from C, C++ and SystemC v2019.1 (64-bit)
Copyright 1986-2019 Xilinx, Inc. All Rights Reserved.
==============================================================
INFO: [SYN 201-201] Setting up clock 'default' with a period of 5ns.
INFO: [SYN 201-201] Setting up clock 'default' with a period of 10ns.
INFO: [SCHED 204-61] Option 'relax_ii_for_timing' is enabled, will increase II to preserve clock frequency constraints.
INFO: [HLS 200-10] Analyzing design file 'extr_.FFmpeglibavfiltervf_colorbalance.c_apply_lut16_p_with_main.c' ... 
INFO: [HLS 200-111] Finished Linking Time (s): cpu = 00:02:04 ; elapsed = 00:05:15 . Memory (MB): peak = 832.453 ; gain = 132.133 ; free physical = 21684 ; free virtual = 44531
INFO: [HLS 200-111] Finished Checking Pragmas Time (s): cpu = 00:02:04 ; elapsed = 00:05:15 . Memory (MB): peak = 832.453 ; gain = 132.133 ; free physical = 21684 ; free virtual = 44531
INFO: [HLS 200-10] Starting code transformations ...
INFO: [HLS 200-111] Finished Standard Transforms Time (s): cpu = 00:02:06 ; elapsed = 00:05:17 . Memory (MB): peak = 832.453 ; gain = 132.133 ; free physical = 21684 ; free virtual = 44531
INFO: [HLS 200-10] Checking synthesizability ...
ERROR: [SYNCHK 200-11] extr_.FFmpeglibavfiltervf_colorbalance.c_apply_lut16_p_with_main.c:31: Argument 'ctx.priv.lut' of function 'apply_lut16_p' (extr_.FFmpeglibavfiltervf_colorbalance.c_apply_lut16_p_with_main.c:31) has an unsynthesizable type (possible cause(s): pointer to pointer or global pointer).
ERROR: [SYNCHK 200-41] extr_.FFmpeglibavfiltervf_colorbalance.c_apply_lut16_p_with_main.c:34: unsupported pointer reinterpretation from type 'i8*' to type '%struct.TYPE_7__.22.26.30.32 = type { %struct.TYPE_9__.25.29...' on variable 'arg'.
ERROR: [SYNCHK 200-11] extr_.FFmpeglibavfiltervf_colorbalance.c_apply_lut16_p_with_main.c:35: Argument 'arg' has an unsynthesizable type 'i8*' (possible cause(s): structure variable cannot be decomposed due to (1) unsupported type conversion; (2) memory copy operation; (3) function pointer used in struct; (4) unsupported pointer comparison).
ERROR: [SYNCHK 200-61] extr_.FFmpeglibavfiltervf_colorbalance.c_apply_lut16_p_with_main.c:40: unsupported memory access on variable 'in' which is (or contains) an array with unknown size at compile time.
ERROR: [SYNCHK 200-42] extr_.FFmpeglibavfiltervf_colorbalance.c_apply_lut16_p_with_main.c:54: pointer comparison is not supported.
INFO: [SYNCHK 200-10] 5 error(s), 0 warning(s).
ERROR: [HLS 200-70] Synthesizability check failed.
INFO: [HLS 200-10] Creating and opening project '/home/vivado/aut/proj_extr_.FFmpeglibavcodecac3enc.c_count_frame_bits_with_main.c'.
INFO: [HLS 200-10] Adding design file 'extr_.FFmpeglibavcodecac3enc.c_count_frame_bits_with_main.c' to the project
INFO: [HLS 200-10] Creating and opening solution '/home/vivado/aut/proj_extr_.FFmpeglibavcodecac3enc.c_count_frame_bits_with_main.c/solution1'.
