

================================================================
== Vivado HLS Report for 'nfs_open_file_remove_open_find'
================================================================
* Date:           Wed May 20 03:55:29 2020

* Version:        2019.1 (Build 2552052 on Fri May 24 15:28:33 MDT 2019)
* Project:        proj_extr_.darwin-xnubsdnfsnfs4_vnops.c_nfs_open_file_remove_open_find_with_main.c
* Solution:       sol
* Product family: kintex7
* Target device:  xc7k160t-fbg484-1


================================================================
== Performance Estimates
================================================================
+ Timing (ns): 
    * Summary: 
    +--------+-------+----------+------------+
    |  Clock | Target| Estimated| Uncertainty|
    +--------+-------+----------+------------+
    |ap_clk  |  10.00|     1.546|        1.25|
    +--------+-------+----------+------------+

+ Latency (clock cycles): 
    * Summary: 
    +-----+-----+-----+-----+---------+
    |  Latency  |  Interval | Pipeline|
    | min | max | min | max |   Type  |
    +-----+-----+-----+-----+---------+
    |    0|    0|    0|    0|   none  |
    +-----+-----+-----+-----+---------+

    + Detail: 
        * Instance: 
        N/A

        * Loop: 
        N/A

============================================================
+ Verbose Summary: Synthesis Manager
============================================================
InlineROM: 1
ExposeGlobal: 0
============================================================
+ Verbose Summary: CDFG Model
============================================================
IsTopModel: 1
ResetActiveHigh: 1
IsCombinational: 0
IsDatapathOnly: 0
HasWiredReturn: 1
HasMFsm: 0
HasVarLatency: 0
IsPipeline: 0
IsRtlPipelined: 0
IsInstanceOverlapped: 0
IsDontTouch: 0
HasImplIP: 0
IsGatedGlobalClock: 0


============================================================
+ Verbose Summary: Schedule
============================================================
* Number of FSM states : 1
* Pipeline : 0
* Dataflow Pipeline: 0

* FSM state transitions: 
1 --> 

* FSM state operations: 

State 1 <SV = 0> <Delay = 1.54>
ST_1 : Operation 2 [1/1] (0.00ns)   --->   "call void (...)* @_ssdm_op_SpecBitsMap(i32* %nofp_nof_access), !map !45"   --->   Operation 2 'specbitsmap' <Predicate = true> <Delay = 0.00>
ST_1 : Operation 3 [1/1] (0.00ns)   --->   "call void (...)* @_ssdm_op_SpecBitsMap(i32* %nofp_nof_deny), !map !49"   --->   Operation 3 'specbitsmap' <Predicate = true> <Delay = 0.00>
ST_1 : Operation 4 [1/1] (0.00ns)   --->   "call void (...)* @_ssdm_op_SpecBitsMap(i32* %nofp_nof_r), !map !53"   --->   Operation 4 'specbitsmap' <Predicate = true> <Delay = 0.00>
ST_1 : Operation 5 [1/1] (0.00ns)   --->   "call void (...)* @_ssdm_op_SpecBitsMap(i32* %nofp_nof_d_r), !map !57"   --->   Operation 5 'specbitsmap' <Predicate = true> <Delay = 0.00>
ST_1 : Operation 6 [1/1] (0.00ns)   --->   "call void (...)* @_ssdm_op_SpecBitsMap(i32* %nofp_nof_rw), !map !61"   --->   Operation 6 'specbitsmap' <Predicate = true> <Delay = 0.00>
ST_1 : Operation 7 [1/1] (0.00ns)   --->   "call void (...)* @_ssdm_op_SpecBitsMap(i32* %nofp_nof_d_rw), !map !65"   --->   Operation 7 'specbitsmap' <Predicate = true> <Delay = 0.00>
ST_1 : Operation 8 [1/1] (0.00ns)   --->   "call void (...)* @_ssdm_op_SpecBitsMap(i32* %nofp_nof_r_dw), !map !69"   --->   Operation 8 'specbitsmap' <Predicate = true> <Delay = 0.00>
ST_1 : Operation 9 [1/1] (0.00ns)   --->   "call void (...)* @_ssdm_op_SpecBitsMap(i32* %nofp_nof_d_r_dw), !map !73"   --->   Operation 9 'specbitsmap' <Predicate = true> <Delay = 0.00>
ST_1 : Operation 10 [1/1] (0.00ns)   --->   "call void (...)* @_ssdm_op_SpecBitsMap(i32* %nofp_nof_rw_dw), !map !77"   --->   Operation 10 'specbitsmap' <Predicate = true> <Delay = 0.00>
ST_1 : Operation 11 [1/1] (0.00ns)   --->   "call void (...)* @_ssdm_op_SpecBitsMap(i32* %nofp_nof_d_rw_dw), !map !81"   --->   Operation 11 'specbitsmap' <Predicate = true> <Delay = 0.00>
ST_1 : Operation 12 [1/1] (0.00ns)   --->   "call void (...)* @_ssdm_op_SpecBitsMap(i32* %nofp_nof_r_drw), !map !85"   --->   Operation 12 'specbitsmap' <Predicate = true> <Delay = 0.00>
ST_1 : Operation 13 [1/1] (0.00ns)   --->   "call void (...)* @_ssdm_op_SpecBitsMap(i32* %nofp_nof_d_r_drw), !map !89"   --->   Operation 13 'specbitsmap' <Predicate = true> <Delay = 0.00>
ST_1 : Operation 14 [1/1] (0.00ns)   --->   "call void (...)* @_ssdm_op_SpecBitsMap(i32* %nofp_nof_w), !map !93"   --->   Operation 14 'specbitsmap' <Predicate = true> <Delay = 0.00>
ST_1 : Operation 15 [1/1] (0.00ns)   --->   "call void (...)* @_ssdm_op_SpecBitsMap(i32* %nofp_nof_d_w), !map !97"   --->   Operation 15 'specbitsmap' <Predicate = true> <Delay = 0.00>
ST_1 : Operation 16 [1/1] (0.00ns)   --->   "call void (...)* @_ssdm_op_SpecBitsMap(i32* %nofp_nof_w_dw), !map !101"   --->   Operation 16 'specbitsmap' <Predicate = true> <Delay = 0.00>
ST_1 : Operation 17 [1/1] (0.00ns)   --->   "call void (...)* @_ssdm_op_SpecBitsMap(i32* %nofp_nof_d_w_dw), !map !105"   --->   Operation 17 'specbitsmap' <Predicate = true> <Delay = 0.00>
ST_1 : Operation 18 [1/1] (0.00ns)   --->   "call void (...)* @_ssdm_op_SpecBitsMap(i32* %nofp_nof_w_drw), !map !109"   --->   Operation 18 'specbitsmap' <Predicate = true> <Delay = 0.00>
ST_1 : Operation 19 [1/1] (0.00ns)   --->   "call void (...)* @_ssdm_op_SpecBitsMap(i32* %nofp_nof_d_w_drw), !map !113"   --->   Operation 19 'specbitsmap' <Predicate = true> <Delay = 0.00>
ST_1 : Operation 20 [1/1] (0.00ns)   --->   "call void (...)* @_ssdm_op_SpecBitsMap(i32* %nofp_nof_rw_drw), !map !117"   --->   Operation 20 'specbitsmap' <Predicate = true> <Delay = 0.00>
ST_1 : Operation 21 [1/1] (0.00ns)   --->   "call void (...)* @_ssdm_op_SpecBitsMap(i32* %nofp_nof_d_rw_drw), !map !121"   --->   Operation 21 'specbitsmap' <Predicate = true> <Delay = 0.00>
ST_1 : Operation 22 [1/1] (0.00ns)   --->   "call void (...)* @_ssdm_op_SpecBitsMap(i32 %accessMode), !map !125"   --->   Operation 22 'specbitsmap' <Predicate = true> <Delay = 0.00>
ST_1 : Operation 23 [1/1] (0.00ns)   --->   "call void (...)* @_ssdm_op_SpecBitsMap(i32 %denyMode), !map !131"   --->   Operation 23 'specbitsmap' <Predicate = true> <Delay = 0.00>
ST_1 : Operation 24 [1/1] (0.00ns)   --->   "call void (...)* @_ssdm_op_SpecBitsMap(i32* %newAccessMode), !map !135"   --->   Operation 24 'specbitsmap' <Predicate = true> <Delay = 0.00>
ST_1 : Operation 25 [1/1] (0.00ns)   --->   "call void (...)* @_ssdm_op_SpecBitsMap(i32* %newDenyMode), !map !139"   --->   Operation 25 'specbitsmap' <Predicate = true> <Delay = 0.00>
ST_1 : Operation 26 [1/1] (0.00ns)   --->   "call void (...)* @_ssdm_op_SpecBitsMap(i32* %delegated), !map !143"   --->   Operation 26 'specbitsmap' <Predicate = true> <Delay = 0.00>
ST_1 : Operation 27 [1/1] (0.00ns)   --->   "call void (...)* @_ssdm_op_SpecTopModule([31 x i8]* @nfs_open_file_remove) nounwind"   --->   Operation 27 'spectopmodule' <Predicate = true> <Delay = 0.00>
ST_1 : Operation 28 [1/1] (0.00ns)   --->   "%denyMode_read = call i32 @_ssdm_op_Read.ap_auto.i32(i32 %denyMode)" [extr_.darwin-xnubsdnfsnfs4_vnops.c_nfs_open_file_remove_open_find_with_main.c:26]   --->   Operation 28 'read' 'denyMode_read' <Predicate = true> <Delay = 0.00>
ST_1 : Operation 29 [1/1] (0.00ns)   --->   "%accessMode_read = call i32 @_ssdm_op_Read.ap_auto.i32(i32 %accessMode)" [extr_.darwin-xnubsdnfsnfs4_vnops.c_nfs_open_file_remove_open_find_with_main.c:26]   --->   Operation 29 'read' 'accessMode_read' <Predicate = true> <Delay = 0.00>
ST_1 : Operation 30 [1/1] (0.00ns)   --->   "%nofp_nof_access_read = call i32 @_ssdm_op_Read.ap_auto.volatile.i32P(i32* %nofp_nof_access)" [extr_.darwin-xnubsdnfsnfs4_vnops.c_nfs_open_file_remove_open_find_with_main.c:37]   --->   Operation 30 'read' 'nofp_nof_access_read' <Predicate = true> <Delay = 0.00>
ST_1 : Operation 31 [1/1] (0.00ns)   --->   "call void @_ssdm_op_Write.ap_auto.volatile.i32P(i32* %newAccessMode, i32 %nofp_nof_access_read)" [extr_.darwin-xnubsdnfsnfs4_vnops.c_nfs_open_file_remove_open_find_with_main.c:37]   --->   Operation 31 'write' <Predicate = true> <Delay = 0.00>
ST_1 : Operation 32 [1/1] (0.00ns)   --->   "%nofp_nof_deny_read = call i32 @_ssdm_op_Read.ap_auto.volatile.i32P(i32* %nofp_nof_deny)" [extr_.darwin-xnubsdnfsnfs4_vnops.c_nfs_open_file_remove_open_find_with_main.c:38]   --->   Operation 32 'read' 'nofp_nof_deny_read' <Predicate = true> <Delay = 0.00>
ST_1 : Operation 33 [1/1] (0.00ns)   --->   "call void @_ssdm_op_Write.ap_auto.volatile.i32P(i32* %newDenyMode, i32 %nofp_nof_deny_read)" [extr_.darwin-xnubsdnfsnfs4_vnops.c_nfs_open_file_remove_open_find_with_main.c:38]   --->   Operation 33 'write' <Predicate = true> <Delay = 0.00>
ST_1 : Operation 34 [1/1] (1.54ns)   --->   "%icmp_ln75 = icmp eq i32 %denyMode_read, 0" [extr_.darwin-xnubsdnfsnfs4_vnops.c_nfs_open_file_remove_open_find_with_main.c:75]   --->   Operation 34 'icmp' 'icmp_ln75' <Predicate = true> <Delay = 1.54> <Core = "Cmp">   --->   Core 25 'Cmp' <Latency = 0> <II = 1> <Delay = 1.54> <FuncUnit> <Opcode : 'icmp'> <InPorts = 2> <OutPorts = 1>
ST_1 : Operation 35 [1/1] (1.54ns)   --->   "%icmp_ln76 = icmp eq i32 %accessMode_read, 0" [extr_.darwin-xnubsdnfsnfs4_vnops.c_nfs_open_file_remove_open_find_with_main.c:76]   --->   Operation 35 'icmp' 'icmp_ln76' <Predicate = true> <Delay = 1.54> <Core = "Cmp">   --->   Core 25 'Cmp' <Latency = 0> <II = 1> <Delay = 1.54> <FuncUnit> <Opcode : 'icmp'> <InPorts = 2> <OutPorts = 1>
ST_1 : Operation 36 [1/1] (0.00ns)   --->   "br i1 %icmp_ln75, label %0, label %4" [extr_.darwin-xnubsdnfsnfs4_vnops.c_nfs_open_file_remove_open_find_with_main.c:75]   --->   Operation 36 'br' <Predicate = true> <Delay = 0.00>
ST_1 : Operation 37 [1/1] (0.00ns)   --->   "br i1 %icmp_ln76, label %5, label %6" [extr_.darwin-xnubsdnfsnfs4_vnops.c_nfs_open_file_remove_open_find_with_main.c:94]   --->   Operation 37 'br' <Predicate = (!icmp_ln75)> <Delay = 0.00>
ST_1 : Operation 38 [1/1] (0.00ns)   --->   "call void @_ssdm_op_Write.ap_auto.volatile.i32P(i32* %delegated, i32 0)" [extr_.darwin-xnubsdnfsnfs4_vnops.c_nfs_open_file_remove_open_find_with_main.c:101]   --->   Operation 38 'write' <Predicate = (!icmp_ln75 & !icmp_ln76)> <Delay = 0.00>
ST_1 : Operation 39 [1/1] (0.00ns)   --->   "br label %7"   --->   Operation 39 'br' <Predicate = (!icmp_ln75 & !icmp_ln76)> <Delay = 0.00>
ST_1 : Operation 40 [1/1] (0.00ns)   --->   "%nofp_nof_d_r_drw_rea = call i32 @_ssdm_op_Read.ap_auto.volatile.i32P(i32* %nofp_nof_d_r_drw)" [extr_.darwin-xnubsdnfsnfs4_vnops.c_nfs_open_file_remove_open_find_with_main.c:95]   --->   Operation 40 'read' 'nofp_nof_d_r_drw_rea' <Predicate = (!icmp_ln75 & icmp_ln76)> <Delay = 0.00>
ST_1 : Operation 41 [1/1] (1.54ns)   --->   "%icmp_ln95 = icmp ne i32 %nofp_nof_d_r_drw_rea, 0" [extr_.darwin-xnubsdnfsnfs4_vnops.c_nfs_open_file_remove_open_find_with_main.c:95]   --->   Operation 41 'icmp' 'icmp_ln95' <Predicate = (!icmp_ln75 & icmp_ln76)> <Delay = 1.54> <Core = "Cmp">   --->   Core 25 'Cmp' <Latency = 0> <II = 1> <Delay = 1.54> <FuncUnit> <Opcode : 'icmp'> <InPorts = 2> <OutPorts = 1>
ST_1 : Operation 42 [1/1] (0.00ns)   --->   "%zext_ln95 = zext i1 %icmp_ln95 to i32" [extr_.darwin-xnubsdnfsnfs4_vnops.c_nfs_open_file_remove_open_find_with_main.c:95]   --->   Operation 42 'zext' 'zext_ln95' <Predicate = (!icmp_ln75 & icmp_ln76)> <Delay = 0.00>
ST_1 : Operation 43 [1/1] (0.00ns)   --->   "call void @_ssdm_op_Write.ap_auto.volatile.i32P(i32* %delegated, i32 %zext_ln95)" [extr_.darwin-xnubsdnfsnfs4_vnops.c_nfs_open_file_remove_open_find_with_main.c:95]   --->   Operation 43 'write' <Predicate = (!icmp_ln75 & icmp_ln76)> <Delay = 0.00>
ST_1 : Operation 44 [1/1] (0.00ns)   --->   "br label %7" [extr_.darwin-xnubsdnfsnfs4_vnops.c_nfs_open_file_remove_open_find_with_main.c:95]   --->   Operation 44 'br' <Predicate = (!icmp_ln75 & icmp_ln76)> <Delay = 0.00>
ST_1 : Operation 45 [1/1] (0.00ns)   --->   "br label %8"   --->   Operation 45 'br' <Predicate = (!icmp_ln75)> <Delay = 0.00>
ST_1 : Operation 46 [1/1] (0.00ns)   --->   "br i1 %icmp_ln76, label %1, label %2" [extr_.darwin-xnubsdnfsnfs4_vnops.c_nfs_open_file_remove_open_find_with_main.c:76]   --->   Operation 46 'br' <Predicate = (icmp_ln75)> <Delay = 0.00>
ST_1 : Operation 47 [1/1] (0.00ns)   --->   "call void @_ssdm_op_Write.ap_auto.volatile.i32P(i32* %delegated, i32 0)" [extr_.darwin-xnubsdnfsnfs4_vnops.c_nfs_open_file_remove_open_find_with_main.c:83]   --->   Operation 47 'write' <Predicate = (icmp_ln75 & !icmp_ln76)> <Delay = 0.00>
ST_1 : Operation 48 [1/1] (0.00ns)   --->   "br label %3"   --->   Operation 48 'br' <Predicate = (icmp_ln75 & !icmp_ln76)> <Delay = 0.00>
ST_1 : Operation 49 [1/1] (0.00ns)   --->   "%nofp_nof_d_r_read = call i32 @_ssdm_op_Read.ap_auto.volatile.i32P(i32* %nofp_nof_d_r)" [extr_.darwin-xnubsdnfsnfs4_vnops.c_nfs_open_file_remove_open_find_with_main.c:77]   --->   Operation 49 'read' 'nofp_nof_d_r_read' <Predicate = (icmp_ln75 & icmp_ln76)> <Delay = 0.00>
ST_1 : Operation 50 [1/1] (1.54ns)   --->   "%icmp_ln77 = icmp ne i32 %nofp_nof_d_r_read, 0" [extr_.darwin-xnubsdnfsnfs4_vnops.c_nfs_open_file_remove_open_find_with_main.c:77]   --->   Operation 50 'icmp' 'icmp_ln77' <Predicate = (icmp_ln75 & icmp_ln76)> <Delay = 1.54> <Core = "Cmp">   --->   Core 25 'Cmp' <Latency = 0> <II = 1> <Delay = 1.54> <FuncUnit> <Opcode : 'icmp'> <InPorts = 2> <OutPorts = 1>
ST_1 : Operation 51 [1/1] (0.00ns)   --->   "%zext_ln77 = zext i1 %icmp_ln77 to i32" [extr_.darwin-xnubsdnfsnfs4_vnops.c_nfs_open_file_remove_open_find_with_main.c:77]   --->   Operation 51 'zext' 'zext_ln77' <Predicate = (icmp_ln75 & icmp_ln76)> <Delay = 0.00>
ST_1 : Operation 52 [1/1] (0.00ns)   --->   "call void @_ssdm_op_Write.ap_auto.volatile.i32P(i32* %delegated, i32 %zext_ln77)" [extr_.darwin-xnubsdnfsnfs4_vnops.c_nfs_open_file_remove_open_find_with_main.c:77]   --->   Operation 52 'write' <Predicate = (icmp_ln75 & icmp_ln76)> <Delay = 0.00>
ST_1 : Operation 53 [1/1] (0.00ns)   --->   "br label %3" [extr_.darwin-xnubsdnfsnfs4_vnops.c_nfs_open_file_remove_open_find_with_main.c:77]   --->   Operation 53 'br' <Predicate = (icmp_ln75 & icmp_ln76)> <Delay = 0.00>
ST_1 : Operation 54 [1/1] (0.00ns)   --->   "br label %8" [extr_.darwin-xnubsdnfsnfs4_vnops.c_nfs_open_file_remove_open_find_with_main.c:84]   --->   Operation 54 'br' <Predicate = (icmp_ln75)> <Delay = 0.00>
ST_1 : Operation 55 [1/1] (0.00ns)   --->   "ret void" [extr_.darwin-xnubsdnfsnfs4_vnops.c_nfs_open_file_remove_open_find_with_main.c:103]   --->   Operation 55 'ret' <Predicate = true> <Delay = 0.00>


============================================================
+ Verbose Summary: Timing violations
============================================================
Target clock period: 10ns, clock uncertainty: 1.25ns.

 <State 1>: 1.55ns
The critical path consists of the following:
	wire read on port 'denyMode' (extr_.darwin-xnubsdnfsnfs4_vnops.c_nfs_open_file_remove_open_find_with_main.c:26) [52]  (0 ns)
	'icmp' operation ('icmp_ln75', extr_.darwin-xnubsdnfsnfs4_vnops.c_nfs_open_file_remove_open_find_with_main.c:75) [58]  (1.55 ns)


============================================================
+ Verbose Summary: Binding
============================================================
N/A
* FSMD analyzer results:
  - Output states:
 - Input state : 
  - Chain level:
	State 1


============================================================
+ Verbose Summary: Datapath Resource usage 
============================================================
N/A
