

================================================================
== Vivado HLS Report for 'nfs_open_file_remove_open_find'
================================================================
* Date:           Wed Apr  1 02:49:15 2020

* Version:        2019.1 (Build 2552052 on Fri May 24 15:28:33 MDT 2019)
* Project:        proj_extr_.darwin-xnubsdnfsnfs4_vnops.c_nfs_open_file_remove_open_find_with_main.c
* Solution:       sol
* Product family: kintex7
* Target device:  xc7k160t-fbg484-1


================================================================
== Performance Estimates
================================================================
+ Timing (ns): 
    * Summary: 
    +--------+-------+----------+------------+
    |  Clock | Target| Estimated| Uncertainty|
    +--------+-------+----------+------------+
    |ap_clk  |  10.00|     3.398|        1.25|
    +--------+-------+----------+------------+

+ Latency (clock cycles): 
    * Summary: 
    +-----+-----+-----+-----+---------+
    |  Latency  |  Interval | Pipeline|
    | min | max | min | max |   Type  |
    +-----+-----+-----+-----+---------+
    |    0|    0|    0|    0|   none  |
    +-----+-----+-----+-----+---------+

    + Detail: 
        * Instance: 
        N/A

        * Loop: 
        N/A

============================================================
+ Verbose Summary: Synthesis Manager
============================================================
InlineROM: 1
ExposeGlobal: 0
============================================================
+ Verbose Summary: CDFG Model
============================================================
IsTopModel: 1
ResetActiveHigh: 1
IsCombinational: 0
IsDatapathOnly: 0
HasWiredReturn: 1
HasMFsm: 0
HasVarLatency: 0
IsPipeline: 0
IsRtlPipelined: 0
IsInstanceOverlapped: 0
IsDontTouch: 0
HasImplIP: 0
IsGatedGlobalClock: 0


============================================================
+ Verbose Summary: Schedule
============================================================
* Number of FSM states : 1
* Pipeline : 0
* Dataflow Pipeline: 0

* FSM state transitions: 
1 --> 

* FSM state operations: 

State 1 <SV = 0> <Delay = 3.39>
ST_1 : Operation 2 [1/1] (0.00ns)   --->   "call void (...)* @_ssdm_op_SpecBitsMap(i32* %nofp_nof_access), !map !45"   --->   Operation 2 'specbitsmap' <Predicate = true> <Delay = 0.00>
ST_1 : Operation 3 [1/1] (0.00ns)   --->   "call void (...)* @_ssdm_op_SpecBitsMap(i32* %nofp_nof_deny), !map !49"   --->   Operation 3 'specbitsmap' <Predicate = true> <Delay = 0.00>
ST_1 : Operation 4 [1/1] (0.00ns)   --->   "call void (...)* @_ssdm_op_SpecBitsMap(i32* %nofp_nof_r), !map !53"   --->   Operation 4 'specbitsmap' <Predicate = true> <Delay = 0.00>
ST_1 : Operation 5 [1/1] (0.00ns)   --->   "call void (...)* @_ssdm_op_SpecBitsMap(i32* %nofp_nof_d_r), !map !57"   --->   Operation 5 'specbitsmap' <Predicate = true> <Delay = 0.00>
ST_1 : Operation 6 [1/1] (0.00ns)   --->   "call void (...)* @_ssdm_op_SpecBitsMap(i32* %nofp_nof_rw), !map !61"   --->   Operation 6 'specbitsmap' <Predicate = true> <Delay = 0.00>
ST_1 : Operation 7 [1/1] (0.00ns)   --->   "call void (...)* @_ssdm_op_SpecBitsMap(i32* %nofp_nof_d_rw), !map !65"   --->   Operation 7 'specbitsmap' <Predicate = true> <Delay = 0.00>
ST_1 : Operation 8 [1/1] (0.00ns)   --->   "call void (...)* @_ssdm_op_SpecBitsMap(i32* %nofp_nof_r_dw), !map !69"   --->   Operation 8 'specbitsmap' <Predicate = true> <Delay = 0.00>
ST_1 : Operation 9 [1/1] (0.00ns)   --->   "call void (...)* @_ssdm_op_SpecBitsMap(i32* %nofp_nof_d_r_dw), !map !73"   --->   Operation 9 'specbitsmap' <Predicate = true> <Delay = 0.00>
ST_1 : Operation 10 [1/1] (0.00ns)   --->   "call void (...)* @_ssdm_op_SpecBitsMap(i32* %nofp_nof_rw_dw), !map !77"   --->   Operation 10 'specbitsmap' <Predicate = true> <Delay = 0.00>
ST_1 : Operation 11 [1/1] (0.00ns)   --->   "call void (...)* @_ssdm_op_SpecBitsMap(i32* %nofp_nof_d_rw_dw), !map !81"   --->   Operation 11 'specbitsmap' <Predicate = true> <Delay = 0.00>
ST_1 : Operation 12 [1/1] (0.00ns)   --->   "call void (...)* @_ssdm_op_SpecBitsMap(i32* %nofp_nof_r_drw), !map !85"   --->   Operation 12 'specbitsmap' <Predicate = true> <Delay = 0.00>
ST_1 : Operation 13 [1/1] (0.00ns)   --->   "call void (...)* @_ssdm_op_SpecBitsMap(i32* %nofp_nof_d_r_drw), !map !89"   --->   Operation 13 'specbitsmap' <Predicate = true> <Delay = 0.00>
ST_1 : Operation 14 [1/1] (0.00ns)   --->   "call void (...)* @_ssdm_op_SpecBitsMap(i32* %nofp_nof_w), !map !93"   --->   Operation 14 'specbitsmap' <Predicate = true> <Delay = 0.00>
ST_1 : Operation 15 [1/1] (0.00ns)   --->   "call void (...)* @_ssdm_op_SpecBitsMap(i32* %nofp_nof_d_w), !map !97"   --->   Operation 15 'specbitsmap' <Predicate = true> <Delay = 0.00>
ST_1 : Operation 16 [1/1] (0.00ns)   --->   "call void (...)* @_ssdm_op_SpecBitsMap(i32* %nofp_nof_w_dw), !map !101"   --->   Operation 16 'specbitsmap' <Predicate = true> <Delay = 0.00>
ST_1 : Operation 17 [1/1] (0.00ns)   --->   "call void (...)* @_ssdm_op_SpecBitsMap(i32* %nofp_nof_d_w_dw), !map !105"   --->   Operation 17 'specbitsmap' <Predicate = true> <Delay = 0.00>
ST_1 : Operation 18 [1/1] (0.00ns)   --->   "call void (...)* @_ssdm_op_SpecBitsMap(i32* %nofp_nof_w_drw), !map !109"   --->   Operation 18 'specbitsmap' <Predicate = true> <Delay = 0.00>
ST_1 : Operation 19 [1/1] (0.00ns)   --->   "call void (...)* @_ssdm_op_SpecBitsMap(i32* %nofp_nof_d_w_drw), !map !113"   --->   Operation 19 'specbitsmap' <Predicate = true> <Delay = 0.00>
ST_1 : Operation 20 [1/1] (0.00ns)   --->   "call void (...)* @_ssdm_op_SpecBitsMap(i32* %nofp_nof_rw_drw), !map !117"   --->   Operation 20 'specbitsmap' <Predicate = true> <Delay = 0.00>
ST_1 : Operation 21 [1/1] (0.00ns)   --->   "call void (...)* @_ssdm_op_SpecBitsMap(i32* %nofp_nof_d_rw_drw), !map !121"   --->   Operation 21 'specbitsmap' <Predicate = true> <Delay = 0.00>
ST_1 : Operation 22 [1/1] (0.00ns)   --->   "call void (...)* @_ssdm_op_SpecBitsMap(i32 %accessMode), !map !125"   --->   Operation 22 'specbitsmap' <Predicate = true> <Delay = 0.00>
ST_1 : Operation 23 [1/1] (0.00ns)   --->   "call void (...)* @_ssdm_op_SpecBitsMap(i32 %denyMode), !map !131"   --->   Operation 23 'specbitsmap' <Predicate = true> <Delay = 0.00>
ST_1 : Operation 24 [1/1] (0.00ns)   --->   "call void (...)* @_ssdm_op_SpecBitsMap(i32* %newAccessMode), !map !135"   --->   Operation 24 'specbitsmap' <Predicate = true> <Delay = 0.00>
ST_1 : Operation 25 [1/1] (0.00ns)   --->   "call void (...)* @_ssdm_op_SpecBitsMap(i32* %newDenyMode), !map !139"   --->   Operation 25 'specbitsmap' <Predicate = true> <Delay = 0.00>
ST_1 : Operation 26 [1/1] (0.00ns)   --->   "call void (...)* @_ssdm_op_SpecBitsMap(i32* %delegated), !map !143"   --->   Operation 26 'specbitsmap' <Predicate = true> <Delay = 0.00>
ST_1 : Operation 27 [1/1] (0.00ns)   --->   "call void (...)* @_ssdm_op_SpecTopModule([31 x i8]* @nfs_open_file_remove) nounwind"   --->   Operation 27 'spectopmodule' <Predicate = true> <Delay = 0.00>
ST_1 : Operation 28 [1/1] (0.00ns)   --->   "%denyMode_read = call i32 @_ssdm_op_Read.ap_auto.i32(i32 %denyMode)" [extr_.darwin-xnubsdnfsnfs4_vnops.c_nfs_open_file_remove_open_find_with_main.c:25]   --->   Operation 28 'read' 'denyMode_read' <Predicate = true> <Delay = 0.00>
ST_1 : Operation 29 [1/1] (0.00ns)   --->   "%accessMode_read = call i32 @_ssdm_op_Read.ap_auto.i32(i32 %accessMode)" [extr_.darwin-xnubsdnfsnfs4_vnops.c_nfs_open_file_remove_open_find_with_main.c:25]   --->   Operation 29 'read' 'accessMode_read' <Predicate = true> <Delay = 0.00>
ST_1 : Operation 30 [1/1] (0.00ns)   --->   "%nofp_nof_access_read = call i32 @_ssdm_op_Read.ap_auto.i32P(i32* %nofp_nof_access)" [extr_.darwin-xnubsdnfsnfs4_vnops.c_nfs_open_file_remove_open_find_with_main.c:36]   --->   Operation 30 'read' 'nofp_nof_access_read' <Predicate = true> <Delay = 0.00>
ST_1 : Operation 31 [1/1] (0.00ns)   --->   "%nofp_nof_deny_read = call i32 @_ssdm_op_Read.ap_auto.i32P(i32* %nofp_nof_deny)" [extr_.darwin-xnubsdnfsnfs4_vnops.c_nfs_open_file_remove_open_find_with_main.c:37]   --->   Operation 31 'read' 'nofp_nof_deny_read' <Predicate = true> <Delay = 0.00>
ST_1 : Operation 32 [1/1] (0.00ns)   --->   "%nofp_nof_d_r_read = call i32 @_ssdm_op_Read.ap_auto.i32P(i32* %nofp_nof_d_r)" [extr_.darwin-xnubsdnfsnfs4_vnops.c_nfs_open_file_remove_open_find_with_main.c:39]   --->   Operation 32 'read' 'nofp_nof_d_r_read' <Predicate = true> <Delay = 0.00>
ST_1 : Operation 33 [1/1] (0.00ns)   --->   "%nofp_nof_d_r_drw_rea = call i32 @_ssdm_op_Read.ap_auto.i32P(i32* %nofp_nof_d_r_drw)" [extr_.darwin-xnubsdnfsnfs4_vnops.c_nfs_open_file_remove_open_find_with_main.c:39]   --->   Operation 33 'read' 'nofp_nof_d_r_drw_rea' <Predicate = true> <Delay = 0.00>
ST_1 : Operation 34 [1/1] (0.00ns)   --->   "call void @_ssdm_op_Write.ap_auto.i32P(i32* %newAccessMode, i32 %nofp_nof_access_read)" [extr_.darwin-xnubsdnfsnfs4_vnops.c_nfs_open_file_remove_open_find_with_main.c:36]   --->   Operation 34 'write' <Predicate = true> <Delay = 0.00>
ST_1 : Operation 35 [1/1] (1.54ns)   --->   "%icmp_ln74 = icmp eq i32 %denyMode_read, 0" [extr_.darwin-xnubsdnfsnfs4_vnops.c_nfs_open_file_remove_open_find_with_main.c:74]   --->   Operation 35 'icmp' 'icmp_ln74' <Predicate = true> <Delay = 1.54> <Core = "Cmp">   --->   Core 25 'Cmp' <Latency = 0> <II = 1> <Delay = 1.54> <FuncUnit> <Opcode : 'icmp'> <InPorts = 2> <OutPorts = 1>
ST_1 : Operation 36 [1/1] (0.00ns)   --->   "call void @_ssdm_op_Write.ap_auto.i32P(i32* %newDenyMode, i32 %nofp_nof_deny_read)" [extr_.darwin-xnubsdnfsnfs4_vnops.c_nfs_open_file_remove_open_find_with_main.c:37]   --->   Operation 36 'write' <Predicate = true> <Delay = 0.00>
ST_1 : Operation 37 [1/1] (1.54ns)   --->   "%icmp_ln84 = icmp eq i32 %accessMode_read, 0" [extr_.darwin-xnubsdnfsnfs4_vnops.c_nfs_open_file_remove_open_find_with_main.c:84]   --->   Operation 37 'icmp' 'icmp_ln84' <Predicate = true> <Delay = 1.54> <Core = "Cmp">   --->   Core 25 'Cmp' <Latency = 0> <II = 1> <Delay = 1.54> <FuncUnit> <Opcode : 'icmp'> <InPorts = 2> <OutPorts = 1>
ST_1 : Operation 38 [1/1] (1.54ns)   --->   "%icmp_ln76 = icmp ne i32 %nofp_nof_d_r_read, 0" [extr_.darwin-xnubsdnfsnfs4_vnops.c_nfs_open_file_remove_open_find_with_main.c:76]   --->   Operation 38 'icmp' 'icmp_ln76' <Predicate = (!or_ln75_1)> <Delay = 1.54> <Core = "Cmp">   --->   Core 25 'Cmp' <Latency = 0> <II = 1> <Delay = 1.54> <FuncUnit> <Opcode : 'icmp'> <InPorts = 2> <OutPorts = 1>
ST_1 : Operation 39 [1/1] (1.54ns)   --->   "%icmp_ln94 = icmp ne i32 %nofp_nof_d_r_drw_rea, 0" [extr_.darwin-xnubsdnfsnfs4_vnops.c_nfs_open_file_remove_open_find_with_main.c:94]   --->   Operation 39 'icmp' 'icmp_ln94' <Predicate = (or_ln75_1)> <Delay = 1.54> <Core = "Cmp">   --->   Core 25 'Cmp' <Latency = 0> <II = 1> <Delay = 1.54> <FuncUnit> <Opcode : 'icmp'> <InPorts = 2> <OutPorts = 1>
ST_1 : Operation 40 [1/1] (0.00ns) (grouped into LUT with out node icmp_ln75)   --->   "%or_ln75 = or i32 %denyMode_read, %accessMode_read" [extr_.darwin-xnubsdnfsnfs4_vnops.c_nfs_open_file_remove_open_find_with_main.c:75]   --->   Operation 40 'or' 'or_ln75' <Predicate = (!or_ln75_1)> <Delay = 0.00> <Core = "LogicGate">   --->   Core 27 'LogicGate' <Latency = 0> <II = 1> <Delay = 0.61> <FuncUnit> <Opcode : 'and' 'or' 'xor'> <InPorts = 2> <OutPorts = 1>
ST_1 : Operation 41 [1/1] (1.54ns) (out node of the LUT)   --->   "%icmp_ln75 = icmp eq i32 %or_ln75, 0" [extr_.darwin-xnubsdnfsnfs4_vnops.c_nfs_open_file_remove_open_find_with_main.c:75]   --->   Operation 41 'icmp' 'icmp_ln75' <Predicate = (!or_ln75_1)> <Delay = 1.54> <Core = "Cmp">   --->   Core 25 'Cmp' <Latency = 0> <II = 1> <Delay = 1.54> <FuncUnit> <Opcode : 'icmp'> <InPorts = 2> <OutPorts = 1>
ST_1 : Operation 42 [1/1] (0.00ns) (grouped into LUT with out node or_ln75_1)   --->   "%xor_ln74 = xor i1 %icmp_ln74, true" [extr_.darwin-xnubsdnfsnfs4_vnops.c_nfs_open_file_remove_open_find_with_main.c:74]   --->   Operation 42 'xor' 'xor_ln74' <Predicate = true> <Delay = 0.00> <Core = "LogicGate">   --->   Core 27 'LogicGate' <Latency = 0> <II = 1> <Delay = 0.61> <FuncUnit> <Opcode : 'and' 'or' 'xor'> <InPorts = 2> <OutPorts = 1>
ST_1 : Operation 43 [1/1] (0.00ns) (grouped into LUT with out node or_ln75_1)   --->   "%and_ln84 = and i1 %icmp_ln84, %xor_ln74" [extr_.darwin-xnubsdnfsnfs4_vnops.c_nfs_open_file_remove_open_find_with_main.c:84]   --->   Operation 43 'and' 'and_ln84' <Predicate = true> <Delay = 0.00> <Core = "LogicGate">   --->   Core 27 'LogicGate' <Latency = 0> <II = 1> <Delay = 0.61> <FuncUnit> <Opcode : 'and' 'or' 'xor'> <InPorts = 2> <OutPorts = 1>
ST_1 : Operation 44 [1/1] (1.54ns)   --->   "%icmp_ln75_1 = icmp ne i32 %accessMode_read, 0" [extr_.darwin-xnubsdnfsnfs4_vnops.c_nfs_open_file_remove_open_find_with_main.c:75]   --->   Operation 44 'icmp' 'icmp_ln75_1' <Predicate = true> <Delay = 1.54> <Core = "Cmp">   --->   Core 25 'Cmp' <Latency = 0> <II = 1> <Delay = 1.54> <FuncUnit> <Opcode : 'icmp'> <InPorts = 2> <OutPorts = 1>
ST_1 : Operation 45 [1/1] (0.61ns)   --->   "%and_ln75 = and i1 %icmp_ln74, %icmp_ln75_1" [extr_.darwin-xnubsdnfsnfs4_vnops.c_nfs_open_file_remove_open_find_with_main.c:75]   --->   Operation 45 'and' 'and_ln75' <Predicate = true> <Delay = 0.61> <Core = "LogicGate">   --->   Core 27 'LogicGate' <Latency = 0> <II = 1> <Delay = 0.61> <FuncUnit> <Opcode : 'and' 'or' 'xor'> <InPorts = 2> <OutPorts = 1>
ST_1 : Operation 46 [1/1] (0.00ns) (grouped into LUT with out node select_ln75)   --->   "%xor_ln75 = xor i1 %and_ln75, true" [extr_.darwin-xnubsdnfsnfs4_vnops.c_nfs_open_file_remove_open_find_with_main.c:75]   --->   Operation 46 'xor' 'xor_ln75' <Predicate = (or_ln75_1)> <Delay = 0.00> <Core = "LogicGate">   --->   Core 27 'LogicGate' <Latency = 0> <II = 1> <Delay = 0.61> <FuncUnit> <Opcode : 'and' 'or' 'xor'> <InPorts = 2> <OutPorts = 1>
ST_1 : Operation 47 [1/1] (0.00ns) (grouped into LUT with out node select_ln75)   --->   "%and_ln75_1 = and i1 %icmp_ln94, %xor_ln75" [extr_.darwin-xnubsdnfsnfs4_vnops.c_nfs_open_file_remove_open_find_with_main.c:75]   --->   Operation 47 'and' 'and_ln75_1' <Predicate = (or_ln75_1)> <Delay = 0.00> <Core = "LogicGate">   --->   Core 27 'LogicGate' <Latency = 0> <II = 1> <Delay = 0.61> <FuncUnit> <Opcode : 'and' 'or' 'xor'> <InPorts = 2> <OutPorts = 1>
ST_1 : Operation 48 [1/1] (0.61ns) (out node of the LUT)   --->   "%or_ln75_1 = or i1 %and_ln75, %and_ln84" [extr_.darwin-xnubsdnfsnfs4_vnops.c_nfs_open_file_remove_open_find_with_main.c:75]   --->   Operation 48 'or' 'or_ln75_1' <Predicate = true> <Delay = 0.61> <Core = "LogicGate">   --->   Core 27 'LogicGate' <Latency = 0> <II = 1> <Delay = 0.61> <FuncUnit> <Opcode : 'and' 'or' 'xor'> <InPorts = 2> <OutPorts = 1>
ST_1 : Operation 49 [1/1] (0.00ns) (grouped into LUT with out node select_ln75)   --->   "%and_ln75_2 = and i1 %icmp_ln75, %icmp_ln76" [extr_.darwin-xnubsdnfsnfs4_vnops.c_nfs_open_file_remove_open_find_with_main.c:75]   --->   Operation 49 'and' 'and_ln75_2' <Predicate = (!or_ln75_1)> <Delay = 0.00> <Core = "LogicGate">   --->   Core 27 'LogicGate' <Latency = 0> <II = 1> <Delay = 0.61> <FuncUnit> <Opcode : 'and' 'or' 'xor'> <InPorts = 2> <OutPorts = 1>
ST_1 : Operation 50 [1/1] (0.62ns) (out node of the LUT)   --->   "%select_ln75 = select i1 %or_ln75_1, i1 %and_ln75_1, i1 %and_ln75_2" [extr_.darwin-xnubsdnfsnfs4_vnops.c_nfs_open_file_remove_open_find_with_main.c:75]   --->   Operation 50 'select' 'select_ln75' <Predicate = true> <Delay = 0.62> <Core = "Sel">   --->   Core 26 'Sel' <Latency = 0> <II = 1> <Delay = 0.62> <FuncUnit> <Opcode : 'select'> <InPorts = 3> <OutPorts = 1>
ST_1 : Operation 51 [1/1] (0.00ns)   --->   "%zext_ln75 = zext i1 %select_ln75 to i32" [extr_.darwin-xnubsdnfsnfs4_vnops.c_nfs_open_file_remove_open_find_with_main.c:75]   --->   Operation 51 'zext' 'zext_ln75' <Predicate = true> <Delay = 0.00>
ST_1 : Operation 52 [1/1] (0.00ns)   --->   "call void @_ssdm_op_Write.ap_auto.i32P(i32* %delegated, i32 %zext_ln75)" [extr_.darwin-xnubsdnfsnfs4_vnops.c_nfs_open_file_remove_open_find_with_main.c:94]   --->   Operation 52 'write' <Predicate = true> <Delay = 0.00>
ST_1 : Operation 53 [1/1] (0.00ns)   --->   "ret void" [extr_.darwin-xnubsdnfsnfs4_vnops.c_nfs_open_file_remove_open_find_with_main.c:102]   --->   Operation 53 'ret' <Predicate = true> <Delay = 0.00>


============================================================
+ Verbose Summary: Binding
============================================================
STG Binding: 
---------------- STG Properties BEGIN ----------------
- Is combinational: 1
- Is one-state seq: 0
- Is datapath-only: 0
- Is pipelined: 0
- Is top level: 1
Port [ Return ] is wired: 1; IO mode=ap_ctrl_hs:ce=0
Port [ nofp_nof_access]:  wired=1; compound=0; hidden=0; nouse=0; global=0; static=0; extern=0; dir=0; type=0; pingpong=0; private_global=0; IO mode=ap_none:ce=0
Port [ nofp_nof_deny]:  wired=1; compound=0; hidden=0; nouse=0; global=0; static=0; extern=0; dir=0; type=0; pingpong=0; private_global=0; IO mode=ap_none:ce=0
Port [ nofp_nof_r]:  wired=1; compound=0; hidden=0; nouse=1; global=0; static=0; extern=0; dir=0; type=0; pingpong=0; private_global=0; IO mode=ap_none:ce=0
Port [ nofp_nof_d_r]:  wired=1; compound=0; hidden=0; nouse=0; global=0; static=0; extern=0; dir=0; type=0; pingpong=0; private_global=0; IO mode=ap_none:ce=0
Port [ nofp_nof_rw]:  wired=1; compound=0; hidden=0; nouse=1; global=0; static=0; extern=0; dir=0; type=0; pingpong=0; private_global=0; IO mode=ap_none:ce=0
Port [ nofp_nof_d_rw]:  wired=1; compound=0; hidden=0; nouse=1; global=0; static=0; extern=0; dir=0; type=0; pingpong=0; private_global=0; IO mode=ap_none:ce=0
Port [ nofp_nof_r_dw]:  wired=1; compound=0; hidden=0; nouse=1; global=0; static=0; extern=0; dir=0; type=0; pingpong=0; private_global=0; IO mode=ap_none:ce=0
Port [ nofp_nof_d_r_dw]:  wired=1; compound=0; hidden=0; nouse=1; global=0; static=0; extern=0; dir=0; type=0; pingpong=0; private_global=0; IO mode=ap_none:ce=0
Port [ nofp_nof_rw_dw]:  wired=1; compound=0; hidden=0; nouse=1; global=0; static=0; extern=0; dir=0; type=0; pingpong=0; private_global=0; IO mode=ap_none:ce=0
Port [ nofp_nof_d_rw_dw]:  wired=1; compound=0; hidden=0; nouse=1; global=0; static=0; extern=0; dir=0; type=0; pingpong=0; private_global=0; IO mode=ap_none:ce=0
Port [ nofp_nof_r_drw]:  wired=1; compound=0; hidden=0; nouse=1; global=0; static=0; extern=0; dir=0; type=0; pingpong=0; private_global=0; IO mode=ap_none:ce=0
Port [ nofp_nof_d_r_drw]:  wired=1; compound=0; hidden=0; nouse=0; global=0; static=0; extern=0; dir=0; type=0; pingpong=0; private_global=0; IO mode=ap_none:ce=0
Port [ nofp_nof_w]:  wired=1; compound=0; hidden=0; nouse=1; global=0; static=0; extern=0; dir=0; type=0; pingpong=0; private_global=0; IO mode=ap_none:ce=0
Port [ nofp_nof_d_w]:  wired=1; compound=0; hidden=0; nouse=1; global=0; static=0; extern=0; dir=0; type=0; pingpong=0; private_global=0; IO mode=ap_none:ce=0
Port [ nofp_nof_w_dw]:  wired=1; compound=0; hidden=0; nouse=1; global=0; static=0; extern=0; dir=0; type=0; pingpong=0; private_global=0; IO mode=ap_none:ce=0
Port [ nofp_nof_d_w_dw]:  wired=1; compound=0; hidden=0; nouse=1; global=0; static=0; extern=0; dir=0; type=0; pingpong=0; private_global=0; IO mode=ap_none:ce=0
Port [ nofp_nof_w_drw]:  wired=1; compound=0; hidden=0; nouse=1; global=0; static=0; extern=0; dir=0; type=0; pingpong=0; private_global=0; IO mode=ap_none:ce=0
Port [ nofp_nof_d_w_drw]:  wired=1; compound=0; hidden=0; nouse=1; global=0; static=0; extern=0; dir=0; type=0; pingpong=0; private_global=0; IO mode=ap_none:ce=0
Port [ nofp_nof_rw_drw]:  wired=1; compound=0; hidden=0; nouse=1; global=0; static=0; extern=0; dir=0; type=0; pingpong=0; private_global=0; IO mode=ap_none:ce=0
Port [ nofp_nof_d_rw_drw]:  wired=1; compound=0; hidden=0; nouse=1; global=0; static=0; extern=0; dir=0; type=0; pingpong=0; private_global=0; IO mode=ap_none:ce=0
Port [ accessMode]:  wired=1; compound=0; hidden=0; nouse=0; global=0; static=0; extern=0; dir=0; type=0; pingpong=0; private_global=0; IO mode=ap_none:ce=0
Port [ denyMode]:  wired=1; compound=0; hidden=0; nouse=0; global=0; static=0; extern=0; dir=0; type=0; pingpong=0; private_global=0; IO mode=ap_none:ce=0
Port [ newAccessMode]:  wired=1; compound=0; hidden=0; nouse=0; global=0; static=0; extern=0; dir=1; type=0; pingpong=0; private_global=0; IO mode=ap_vld:ce=0
Port [ newDenyMode]:  wired=1; compound=0; hidden=0; nouse=0; global=0; static=0; extern=0; dir=1; type=0; pingpong=0; private_global=0; IO mode=ap_vld:ce=0
Port [ delegated]:  wired=1; compound=0; hidden=0; nouse=0; global=0; static=0; extern=0; dir=1; type=0; pingpong=0; private_global=0; IO mode=ap_vld:ce=0
---------------- STG Properties END ------------------

---------------- Datapath Model BEGIN ----------------

<LifeTime>
<method=bitvector/>
specbitsmap_ln0      (specbitsmap  ) [ 00]
specbitsmap_ln0      (specbitsmap  ) [ 00]
specbitsmap_ln0      (specbitsmap  ) [ 00]
specbitsmap_ln0      (specbitsmap  ) [ 00]
specbitsmap_ln0      (specbitsmap  ) [ 00]
specbitsmap_ln0      (specbitsmap  ) [ 00]
specbitsmap_ln0      (specbitsmap  ) [ 00]
specbitsmap_ln0      (specbitsmap  ) [ 00]
specbitsmap_ln0      (specbitsmap  ) [ 00]
specbitsmap_ln0      (specbitsmap  ) [ 00]
specbitsmap_ln0      (specbitsmap  ) [ 00]
specbitsmap_ln0      (specbitsmap  ) [ 00]
specbitsmap_ln0      (specbitsmap  ) [ 00]
specbitsmap_ln0      (specbitsmap  ) [ 00]
specbitsmap_ln0      (specbitsmap  ) [ 00]
specbitsmap_ln0      (specbitsmap  ) [ 00]
specbitsmap_ln0      (specbitsmap  ) [ 00]
specbitsmap_ln0      (specbitsmap  ) [ 00]
specbitsmap_ln0      (specbitsmap  ) [ 00]
specbitsmap_ln0      (specbitsmap  ) [ 00]
specbitsmap_ln0      (specbitsmap  ) [ 00]
specbitsmap_ln0      (specbitsmap  ) [ 00]
specbitsmap_ln0      (specbitsmap  ) [ 00]
specbitsmap_ln0      (specbitsmap  ) [ 00]
specbitsmap_ln0      (specbitsmap  ) [ 00]
spectopmodule_ln0    (spectopmodule) [ 00]
denyMode_read        (read         ) [ 00]
accessMode_read      (read         ) [ 00]
nofp_nof_access_read (read         ) [ 00]
nofp_nof_deny_read   (read         ) [ 00]
nofp_nof_d_r_read    (read         ) [ 00]
nofp_nof_d_r_drw_rea (read         ) [ 00]
write_ln36           (write        ) [ 00]
icmp_ln74            (icmp         ) [ 00]
write_ln37           (write        ) [ 00]
icmp_ln84            (icmp         ) [ 00]
icmp_ln76            (icmp         ) [ 00]
icmp_ln94            (icmp         ) [ 00]
or_ln75              (or           ) [ 00]
icmp_ln75            (icmp         ) [ 00]
xor_ln74             (xor          ) [ 00]
and_ln84             (and          ) [ 00]
icmp_ln75_1          (icmp         ) [ 00]
and_ln75             (and          ) [ 00]
xor_ln75             (xor          ) [ 00]
and_ln75_1           (and          ) [ 00]
or_ln75_1            (or           ) [ 01]
and_ln75_2           (and          ) [ 00]
select_ln75          (select       ) [ 00]
zext_ln75            (zext         ) [ 00]
write_ln94           (write        ) [ 00]
ret_ln102            (ret          ) [ 00]
</LifeTime>

<model>

<comp_list>
<comp id="0" class="1000" name="nofp_nof_access">
<pin_list>
<pin id="1" dir="1" index="0" bw="1" slack="0"/>
</pin_list>
<bind>
<StgValue><ssdm name="nofp_nof_access"/></StgValue>
</bind>
</comp>

<comp id="2" class="1000" name="nofp_nof_deny">
<pin_list>
<pin id="3" dir="1" index="0" bw="1" slack="0"/>
</pin_list>
<bind>
<StgValue><ssdm name="nofp_nof_deny"/></StgValue>
</bind>
</comp>

<comp id="4" class="1000" name="nofp_nof_r">
<pin_list>
<pin id="5" dir="1" index="0" bw="1" slack="2147483647"/>
</pin_list>
<bind>
<StgValue><ssdm name="nofp_nof_r"/></StgValue>
</bind>
</comp>

<comp id="6" class="1000" name="nofp_nof_d_r">
<pin_list>
<pin id="7" dir="1" index="0" bw="1" slack="0"/>
</pin_list>
<bind>
<StgValue><ssdm name="nofp_nof_d_r"/></StgValue>
</bind>
</comp>

<comp id="8" class="1000" name="nofp_nof_rw">
<pin_list>
<pin id="9" dir="1" index="0" bw="1" slack="2147483647"/>
</pin_list>
<bind>
<StgValue><ssdm name="nofp_nof_rw"/></StgValue>
</bind>
</comp>

<comp id="10" class="1000" name="nofp_nof_d_rw">
<pin_list>
<pin id="11" dir="1" index="0" bw="1" slack="2147483647"/>
</pin_list>
<bind>
<StgValue><ssdm name="nofp_nof_d_rw"/></StgValue>
</bind>
</comp>

<comp id="12" class="1000" name="nofp_nof_r_dw">
<pin_list>
<pin id="13" dir="1" index="0" bw="1" slack="2147483647"/>
</pin_list>
<bind>
<StgValue><ssdm name="nofp_nof_r_dw"/></StgValue>
</bind>
</comp>

<comp id="14" class="1000" name="nofp_nof_d_r_dw">
<pin_list>
<pin id="15" dir="1" index="0" bw="1" slack="2147483647"/>
</pin_list>
<bind>
<StgValue><ssdm name="nofp_nof_d_r_dw"/></StgValue>
</bind>
</comp>

<comp id="16" class="1000" name="nofp_nof_rw_dw">
<pin_list>
<pin id="17" dir="1" index="0" bw="1" slack="2147483647"/>
</pin_list>
<bind>
<StgValue><ssdm name="nofp_nof_rw_dw"/></StgValue>
</bind>
</comp>

<comp id="18" class="1000" name="nofp_nof_d_rw_dw">
<pin_list>
<pin id="19" dir="1" index="0" bw="1" slack="2147483647"/>
</pin_list>
<bind>
<StgValue><ssdm name="nofp_nof_d_rw_dw"/></StgValue>
</bind>
</comp>

<comp id="20" class="1000" name="nofp_nof_r_drw">
<pin_list>
<pin id="21" dir="1" index="0" bw="1" slack="2147483647"/>
</pin_list>
<bind>
<StgValue><ssdm name="nofp_nof_r_drw"/></StgValue>
</bind>
</comp>

<comp id="22" class="1000" name="nofp_nof_d_r_drw">
<pin_list>
<pin id="23" dir="1" index="0" bw="1" slack="0"/>
</pin_list>
<bind>
<StgValue><ssdm name="nofp_nof_d_r_drw"/></StgValue>
</bind>
</comp>

<comp id="24" class="1000" name="nofp_nof_w">
<pin_list>
<pin id="25" dir="1" index="0" bw="1" slack="2147483647"/>
</pin_list>
<bind>
<StgValue><ssdm name="nofp_nof_w"/></StgValue>
</bind>
</comp>

<comp id="26" class="1000" name="nofp_nof_d_w">
<pin_list>
<pin id="27" dir="1" index="0" bw="1" slack="2147483647"/>
</pin_list>
<bind>
<StgValue><ssdm name="nofp_nof_d_w"/></StgValue>
</bind>
</comp>

<comp id="28" class="1000" name="nofp_nof_w_dw">
<pin_list>
<pin id="29" dir="1" index="0" bw="1" slack="2147483647"/>
</pin_list>
<bind>
<StgValue><ssdm name="nofp_nof_w_dw"/></StgValue>
</bind>
</comp>

<comp id="30" class="1000" name="nofp_nof_d_w_dw">
<pin_list>
<pin id="31" dir="1" index="0" bw="1" slack="2147483647"/>
</pin_list>
<bind>
<StgValue><ssdm name="nofp_nof_d_w_dw"/></StgValue>
</bind>
</comp>

<comp id="32" class="1000" name="nofp_nof_w_drw">
<pin_list>
<pin id="33" dir="1" index="0" bw="1" slack="2147483647"/>
</pin_list>
<bind>
<StgValue><ssdm name="nofp_nof_w_drw"/></StgValue>
</bind>
</comp>

<comp id="34" class="1000" name="nofp_nof_d_w_drw">
<pin_list>
<pin id="35" dir="1" index="0" bw="1" slack="2147483647"/>
</pin_list>
<bind>
<StgValue><ssdm name="nofp_nof_d_w_drw"/></StgValue>
</bind>
</comp>

<comp id="36" class="1000" name="nofp_nof_rw_drw">
<pin_list>
<pin id="37" dir="1" index="0" bw="1" slack="2147483647"/>
</pin_list>
<bind>
<StgValue><ssdm name="nofp_nof_rw_drw"/></StgValue>
</bind>
</comp>

<comp id="38" class="1000" name="nofp_nof_d_rw_drw">
<pin_list>
<pin id="39" dir="1" index="0" bw="1" slack="2147483647"/>
</pin_list>
<bind>
<StgValue><ssdm name="nofp_nof_d_rw_drw"/></StgValue>
</bind>
</comp>

<comp id="40" class="1000" name="accessMode">
<pin_list>
<pin id="41" dir="1" index="0" bw="1" slack="0"/>
</pin_list>
<bind>
<StgValue><ssdm name="accessMode"/></StgValue>
</bind>
</comp>

<comp id="42" class="1000" name="denyMode">
<pin_list>
<pin id="43" dir="1" index="0" bw="1" slack="0"/>
</pin_list>
<bind>
<StgValue><ssdm name="denyMode"/></StgValue>
</bind>
</comp>

<comp id="44" class="1000" name="newAccessMode">
<pin_list>
<pin id="45" dir="1" index="0" bw="1" slack="0"/>
</pin_list>
<bind>
<StgValue><ssdm name="newAccessMode"/></StgValue>
</bind>
</comp>

<comp id="46" class="1000" name="newDenyMode">
<pin_list>
<pin id="47" dir="1" index="0" bw="1" slack="0"/>
</pin_list>
<bind>
<StgValue><ssdm name="newDenyMode"/></StgValue>
</bind>
</comp>

<comp id="48" class="1000" name="delegated">
<pin_list>
<pin id="49" dir="1" index="0" bw="1" slack="0"/>
</pin_list>
<bind>
<StgValue><ssdm name="delegated"/></StgValue>
</bind>
</comp>

<comp id="50" class="1001" name="const_50">
<pin_list>
<pin id="51" dir="1" index="0" bw="1" slack="2147483647"/>
</pin_list>
<bind>
<StgValue><ssdm name="_ssdm_op_SpecBitsMap"/></StgValue>
</bind>
</comp>

<comp id="52" class="1001" name="const_52">
<pin_list>
<pin id="53" dir="1" index="0" bw="1" slack="2147483647"/>
</pin_list>
<bind>
<StgValue><ssdm name="_ssdm_op_SpecTopModule"/></StgValue>
</bind>
</comp>

<comp id="54" class="1001" name="const_54">
<pin_list>
<pin id="55" dir="1" index="0" bw="1" slack="2147483647"/>
</pin_list>
<bind>
<StgValue><ssdm name="nfs_open_file_remove"/></StgValue>
</bind>
</comp>

<comp id="56" class="1001" name="const_56">
<pin_list>
<pin id="57" dir="1" index="0" bw="1" slack="0"/>
</pin_list>
<bind>
<StgValue><ssdm name="_ssdm_op_Read.ap_auto.i32"/></StgValue>
</bind>
</comp>

<comp id="58" class="1001" name="const_58">
<pin_list>
<pin id="59" dir="1" index="0" bw="1" slack="0"/>
</pin_list>
<bind>
<StgValue><ssdm name="_ssdm_op_Read.ap_auto.i32P"/></StgValue>
</bind>
</comp>

<comp id="60" class="1001" name="const_60">
<pin_list>
<pin id="61" dir="1" index="0" bw="1" slack="0"/>
</pin_list>
<bind>
<StgValue><ssdm name="_ssdm_op_Write.ap_auto.i32P"/></StgValue>
</bind>
</comp>

<comp id="62" class="1001" name="const_62">
<pin_list>
<pin id="63" dir="1" index="0" bw="1" slack="0"/>
</pin_list>
<bind>
<StgValue><ssdm name=""/></StgValue>
</bind>
</comp>

<comp id="64" class="1001" name="const_64">
<pin_list>
<pin id="65" dir="1" index="0" bw="1" slack="0"/>
</pin_list>
<bind>
<StgValue><ssdm name=""/></StgValue>
</bind>
</comp>

<comp id="66" class="1004" name="denyMode_read_read_fu_66">
<pin_list>
<pin id="67" dir="0" index="0" bw="32" slack="0"/>
<pin id="68" dir="0" index="1" bw="32" slack="0"/>
<pin id="69" dir="1" index="2" bw="32" slack="0"/>
</pin_list>
<bind>
<opcode="read(1150) " fcode="read"/>
<opset="denyMode_read/1 "/>
</bind>
</comp>

<comp id="72" class="1004" name="accessMode_read_read_fu_72">
<pin_list>
<pin id="73" dir="0" index="0" bw="32" slack="0"/>
<pin id="74" dir="0" index="1" bw="32" slack="0"/>
<pin id="75" dir="1" index="2" bw="32" slack="0"/>
</pin_list>
<bind>
<opcode="read(1150) " fcode="read"/>
<opset="accessMode_read/1 "/>
</bind>
</comp>

<comp id="78" class="1004" name="nofp_nof_access_read_read_fu_78">
<pin_list>
<pin id="79" dir="0" index="0" bw="32" slack="0"/>
<pin id="80" dir="0" index="1" bw="32" slack="0"/>
<pin id="81" dir="1" index="2" bw="32" slack="0"/>
</pin_list>
<bind>
<opcode="read(1150) " fcode="read"/>
<opset="nofp_nof_access_read/1 "/>
</bind>
</comp>

<comp id="84" class="1004" name="nofp_nof_deny_read_read_fu_84">
<pin_list>
<pin id="85" dir="0" index="0" bw="32" slack="0"/>
<pin id="86" dir="0" index="1" bw="32" slack="0"/>
<pin id="87" dir="1" index="2" bw="32" slack="0"/>
</pin_list>
<bind>
<opcode="read(1150) " fcode="read"/>
<opset="nofp_nof_deny_read/1 "/>
</bind>
</comp>

<comp id="90" class="1004" name="nofp_nof_d_r_read_read_fu_90">
<pin_list>
<pin id="91" dir="0" index="0" bw="32" slack="0"/>
<pin id="92" dir="0" index="1" bw="32" slack="0"/>
<pin id="93" dir="1" index="2" bw="32" slack="0"/>
</pin_list>
<bind>
<opcode="read(1150) " fcode="read"/>
<opset="nofp_nof_d_r_read/1 "/>
</bind>
</comp>

<comp id="96" class="1004" name="nofp_nof_d_r_drw_rea_read_fu_96">
<pin_list>
<pin id="97" dir="0" index="0" bw="32" slack="0"/>
<pin id="98" dir="0" index="1" bw="32" slack="0"/>
<pin id="99" dir="1" index="2" bw="32" slack="0"/>
</pin_list>
<bind>
<opcode="read(1150) " fcode="read"/>
<opset="nofp_nof_d_r_drw_rea/1 "/>
</bind>
</comp>

<comp id="102" class="1004" name="write_ln36_write_fu_102">
<pin_list>
<pin id="103" dir="0" index="0" bw="0" slack="0"/>
<pin id="104" dir="0" index="1" bw="32" slack="0"/>
<pin id="105" dir="0" index="2" bw="32" slack="0"/>
<pin id="106" dir="1" index="3" bw="0" slack="2147483647"/>
</pin_list>
<bind>
<opcode="write(1151) " fcode="write"/>
<opset="write_ln36/1 "/>
</bind>
</comp>

<comp id="110" class="1004" name="write_ln37_write_fu_110">
<pin_list>
<pin id="111" dir="0" index="0" bw="0" slack="0"/>
<pin id="112" dir="0" index="1" bw="32" slack="0"/>
<pin id="113" dir="0" index="2" bw="32" slack="0"/>
<pin id="114" dir="1" index="3" bw="0" slack="2147483647"/>
</pin_list>
<bind>
<opcode="write(1151) " fcode="write"/>
<opset="write_ln37/1 "/>
</bind>
</comp>

<comp id="118" class="1004" name="write_ln94_write_fu_118">
<pin_list>
<pin id="119" dir="0" index="0" bw="0" slack="0"/>
<pin id="120" dir="0" index="1" bw="32" slack="0"/>
<pin id="121" dir="0" index="2" bw="1" slack="0"/>
<pin id="122" dir="1" index="3" bw="0" slack="2147483647"/>
</pin_list>
<bind>
<opcode="write(1151) " fcode="write"/>
<opset="write_ln94/1 "/>
</bind>
</comp>

<comp id="125" class="1004" name="icmp_ln74_fu_125">
<pin_list>
<pin id="126" dir="0" index="0" bw="32" slack="0"/>
<pin id="127" dir="0" index="1" bw="1" slack="0"/>
<pin id="128" dir="1" index="2" bw="1" slack="0"/>
</pin_list>
<bind>
<opcode="icmp(45) " fcode="icmp"/>
<opset="icmp_ln74/1 "/>
</bind>
</comp>

<comp id="131" class="1004" name="icmp_ln84_fu_131">
<pin_list>
<pin id="132" dir="0" index="0" bw="32" slack="0"/>
<pin id="133" dir="0" index="1" bw="1" slack="0"/>
<pin id="134" dir="1" index="2" bw="1" slack="0"/>
</pin_list>
<bind>
<opcode="icmp(45) " fcode="icmp"/>
<opset="icmp_ln84/1 "/>
</bind>
</comp>

<comp id="137" class="1004" name="icmp_ln76_fu_137">
<pin_list>
<pin id="138" dir="0" index="0" bw="32" slack="0"/>
<pin id="139" dir="0" index="1" bw="1" slack="0"/>
<pin id="140" dir="1" index="2" bw="1" slack="0"/>
</pin_list>
<bind>
<opcode="icmp(45) " fcode="icmp"/>
<opset="icmp_ln76/1 "/>
</bind>
</comp>

<comp id="143" class="1004" name="icmp_ln94_fu_143">
<pin_list>
<pin id="144" dir="0" index="0" bw="32" slack="0"/>
<pin id="145" dir="0" index="1" bw="1" slack="0"/>
<pin id="146" dir="1" index="2" bw="1" slack="0"/>
</pin_list>
<bind>
<opcode="icmp(45) " fcode="icmp"/>
<opset="icmp_ln94/1 "/>
</bind>
</comp>

<comp id="149" class="1004" name="or_ln75_fu_149">
<pin_list>
<pin id="150" dir="0" index="0" bw="32" slack="0"/>
<pin id="151" dir="0" index="1" bw="32" slack="0"/>
<pin id="152" dir="1" index="2" bw="32" slack="0"/>
</pin_list>
<bind>
<opcode="or(24) " fcode="or"/>
<opset="or_ln75/1 "/>
</bind>
</comp>

<comp id="155" class="1004" name="icmp_ln75_fu_155">
<pin_list>
<pin id="156" dir="0" index="0" bw="32" slack="0"/>
<pin id="157" dir="0" index="1" bw="1" slack="0"/>
<pin id="158" dir="1" index="2" bw="1" slack="0"/>
</pin_list>
<bind>
<opcode="icmp(45) " fcode="icmp"/>
<opset="icmp_ln75/1 "/>
</bind>
</comp>

<comp id="161" class="1004" name="xor_ln74_fu_161">
<pin_list>
<pin id="162" dir="0" index="0" bw="1" slack="0"/>
<pin id="163" dir="0" index="1" bw="1" slack="0"/>
<pin id="164" dir="1" index="2" bw="1" slack="0"/>
</pin_list>
<bind>
<opcode="xor(25) " fcode="xor"/>
<opset="xor_ln74/1 "/>
</bind>
</comp>

<comp id="167" class="1004" name="and_ln84_fu_167">
<pin_list>
<pin id="168" dir="0" index="0" bw="1" slack="0"/>
<pin id="169" dir="0" index="1" bw="1" slack="0"/>
<pin id="170" dir="1" index="2" bw="1" slack="0"/>
</pin_list>
<bind>
<opcode="and(23) " fcode="and"/>
<opset="and_ln84/1 "/>
</bind>
</comp>

<comp id="173" class="1004" name="icmp_ln75_1_fu_173">
<pin_list>
<pin id="174" dir="0" index="0" bw="32" slack="0"/>
<pin id="175" dir="0" index="1" bw="1" slack="0"/>
<pin id="176" dir="1" index="2" bw="1" slack="0"/>
</pin_list>
<bind>
<opcode="icmp(45) " fcode="icmp"/>
<opset="icmp_ln75_1/1 "/>
</bind>
</comp>

<comp id="179" class="1004" name="and_ln75_fu_179">
<pin_list>
<pin id="180" dir="0" index="0" bw="1" slack="0"/>
<pin id="181" dir="0" index="1" bw="1" slack="0"/>
<pin id="182" dir="1" index="2" bw="1" slack="0"/>
</pin_list>
<bind>
<opcode="and(23) " fcode="and"/>
<opset="and_ln75/1 "/>
</bind>
</comp>

<comp id="185" class="1004" name="xor_ln75_fu_185">
<pin_list>
<pin id="186" dir="0" index="0" bw="1" slack="0"/>
<pin id="187" dir="0" index="1" bw="1" slack="0"/>
<pin id="188" dir="1" index="2" bw="1" slack="0"/>
</pin_list>
<bind>
<opcode="xor(25) " fcode="xor"/>
<opset="xor_ln75/1 "/>
</bind>
</comp>

<comp id="191" class="1004" name="and_ln75_1_fu_191">
<pin_list>
<pin id="192" dir="0" index="0" bw="1" slack="0"/>
<pin id="193" dir="0" index="1" bw="1" slack="0"/>
<pin id="194" dir="1" index="2" bw="1" slack="0"/>
</pin_list>
<bind>
<opcode="and(23) " fcode="and"/>
<opset="and_ln75_1/1 "/>
</bind>
</comp>

<comp id="197" class="1004" name="or_ln75_1_fu_197">
<pin_list>
<pin id="198" dir="0" index="0" bw="1" slack="0"/>
<pin id="199" dir="0" index="1" bw="1" slack="0"/>
<pin id="200" dir="1" index="2" bw="1" slack="0"/>
</pin_list>
<bind>
<opcode="or(24) " fcode="or"/>
<opset="or_ln75_1/1 "/>
</bind>
</comp>

<comp id="203" class="1004" name="and_ln75_2_fu_203">
<pin_list>
<pin id="204" dir="0" index="0" bw="1" slack="0"/>
<pin id="205" dir="0" index="1" bw="1" slack="0"/>
<pin id="206" dir="1" index="2" bw="1" slack="0"/>
</pin_list>
<bind>
<opcode="and(23) " fcode="and"/>
<opset="and_ln75_2/1 "/>
</bind>
</comp>

<comp id="209" class="1004" name="select_ln75_fu_209">
<pin_list>
<pin id="210" dir="0" index="0" bw="1" slack="0"/>
<pin id="211" dir="0" index="1" bw="1" slack="0"/>
<pin id="212" dir="0" index="2" bw="1" slack="0"/>
<pin id="213" dir="1" index="3" bw="1" slack="0"/>
</pin_list>
<bind>
<opcode="select(49) " fcode="select"/>
<opset="select_ln75/1 "/>
</bind>
</comp>

<comp id="217" class="1004" name="zext_ln75_fu_217">
<pin_list>
<pin id="218" dir="0" index="0" bw="1" slack="0"/>
<pin id="219" dir="1" index="1" bw="32" slack="0"/>
</pin_list>
<bind>
<opcode="zext(34) " fcode="zext"/>
<opset="zext_ln75/1 "/>
</bind>
</comp>

</comp_list>

<net_list>
<net id="70"><net_src comp="56" pin="0"/><net_sink comp="66" pin=0"/></net>

<net id="71"><net_src comp="42" pin="0"/><net_sink comp="66" pin=1"/></net>

<net id="76"><net_src comp="56" pin="0"/><net_sink comp="72" pin=0"/></net>

<net id="77"><net_src comp="40" pin="0"/><net_sink comp="72" pin=1"/></net>

<net id="82"><net_src comp="58" pin="0"/><net_sink comp="78" pin=0"/></net>

<net id="83"><net_src comp="0" pin="0"/><net_sink comp="78" pin=1"/></net>

<net id="88"><net_src comp="58" pin="0"/><net_sink comp="84" pin=0"/></net>

<net id="89"><net_src comp="2" pin="0"/><net_sink comp="84" pin=1"/></net>

<net id="94"><net_src comp="58" pin="0"/><net_sink comp="90" pin=0"/></net>

<net id="95"><net_src comp="6" pin="0"/><net_sink comp="90" pin=1"/></net>

<net id="100"><net_src comp="58" pin="0"/><net_sink comp="96" pin=0"/></net>

<net id="101"><net_src comp="22" pin="0"/><net_sink comp="96" pin=1"/></net>

<net id="107"><net_src comp="60" pin="0"/><net_sink comp="102" pin=0"/></net>

<net id="108"><net_src comp="44" pin="0"/><net_sink comp="102" pin=1"/></net>

<net id="109"><net_src comp="78" pin="2"/><net_sink comp="102" pin=2"/></net>

<net id="115"><net_src comp="60" pin="0"/><net_sink comp="110" pin=0"/></net>

<net id="116"><net_src comp="46" pin="0"/><net_sink comp="110" pin=1"/></net>

<net id="117"><net_src comp="84" pin="2"/><net_sink comp="110" pin=2"/></net>

<net id="123"><net_src comp="60" pin="0"/><net_sink comp="118" pin=0"/></net>

<net id="124"><net_src comp="48" pin="0"/><net_sink comp="118" pin=1"/></net>

<net id="129"><net_src comp="66" pin="2"/><net_sink comp="125" pin=0"/></net>

<net id="130"><net_src comp="62" pin="0"/><net_sink comp="125" pin=1"/></net>

<net id="135"><net_src comp="72" pin="2"/><net_sink comp="131" pin=0"/></net>

<net id="136"><net_src comp="62" pin="0"/><net_sink comp="131" pin=1"/></net>

<net id="141"><net_src comp="90" pin="2"/><net_sink comp="137" pin=0"/></net>

<net id="142"><net_src comp="62" pin="0"/><net_sink comp="137" pin=1"/></net>

<net id="147"><net_src comp="96" pin="2"/><net_sink comp="143" pin=0"/></net>

<net id="148"><net_src comp="62" pin="0"/><net_sink comp="143" pin=1"/></net>

<net id="153"><net_src comp="66" pin="2"/><net_sink comp="149" pin=0"/></net>

<net id="154"><net_src comp="72" pin="2"/><net_sink comp="149" pin=1"/></net>

<net id="159"><net_src comp="149" pin="2"/><net_sink comp="155" pin=0"/></net>

<net id="160"><net_src comp="62" pin="0"/><net_sink comp="155" pin=1"/></net>

<net id="165"><net_src comp="125" pin="2"/><net_sink comp="161" pin=0"/></net>

<net id="166"><net_src comp="64" pin="0"/><net_sink comp="161" pin=1"/></net>

<net id="171"><net_src comp="131" pin="2"/><net_sink comp="167" pin=0"/></net>

<net id="172"><net_src comp="161" pin="2"/><net_sink comp="167" pin=1"/></net>

<net id="177"><net_src comp="72" pin="2"/><net_sink comp="173" pin=0"/></net>

<net id="178"><net_src comp="62" pin="0"/><net_sink comp="173" pin=1"/></net>

<net id="183"><net_src comp="125" pin="2"/><net_sink comp="179" pin=0"/></net>

<net id="184"><net_src comp="173" pin="2"/><net_sink comp="179" pin=1"/></net>

<net id="189"><net_src comp="179" pin="2"/><net_sink comp="185" pin=0"/></net>

<net id="190"><net_src comp="64" pin="0"/><net_sink comp="185" pin=1"/></net>

<net id="195"><net_src comp="143" pin="2"/><net_sink comp="191" pin=0"/></net>

<net id="196"><net_src comp="185" pin="2"/><net_sink comp="191" pin=1"/></net>

<net id="201"><net_src comp="179" pin="2"/><net_sink comp="197" pin=0"/></net>

<net id="202"><net_src comp="167" pin="2"/><net_sink comp="197" pin=1"/></net>

<net id="207"><net_src comp="155" pin="2"/><net_sink comp="203" pin=0"/></net>

<net id="208"><net_src comp="137" pin="2"/><net_sink comp="203" pin=1"/></net>

<net id="214"><net_src comp="197" pin="2"/><net_sink comp="209" pin=0"/></net>

<net id="215"><net_src comp="191" pin="2"/><net_sink comp="209" pin=1"/></net>

<net id="216"><net_src comp="203" pin="2"/><net_sink comp="209" pin=2"/></net>

<net id="220"><net_src comp="209" pin="3"/><net_sink comp="217" pin=0"/></net>

<net id="221"><net_src comp="217" pin="1"/><net_sink comp="118" pin=2"/></net>

</net_list>

</model> 
---------------- Datapath Model END ------------------

* FSMD analyzer results:
  - Output states:
	Port: newAccessMode | {1 }
	Port: newDenyMode | {1 }
	Port: delegated | {1 }
 - Input state : 
	Port: nfs_open_file_remove_open_find : nofp_nof_access | {1 }
	Port: nfs_open_file_remove_open_find : nofp_nof_deny | {1 }
	Port: nfs_open_file_remove_open_find : nofp_nof_d_r | {1 }
	Port: nfs_open_file_remove_open_find : nofp_nof_d_r_drw | {1 }
	Port: nfs_open_file_remove_open_find : accessMode | {1 }
	Port: nfs_open_file_remove_open_find : denyMode | {1 }
  - Chain level:
	State 1
		xor_ln74 : 1
		and_ln84 : 1
		and_ln75 : 1
		xor_ln75 : 1
		and_ln75_1 : 1
		or_ln75_1 : 1
		and_ln75_2 : 1
		select_ln75 : 1
		zext_ln75 : 2
		write_ln94 : 3


============================================================
+ Verbose Summary: Datapath Resource usage 
============================================================

* Functional unit list:
|----------|---------------------------------|---------|---------|
| Operation|         Functional Unit         |    FF   |   LUT   |
|----------|---------------------------------|---------|---------|
|          |         icmp_ln74_fu_125        |    0    |    18   |
|          |         icmp_ln84_fu_131        |    0    |    18   |
|   icmp   |         icmp_ln76_fu_137        |    0    |    18   |
|          |         icmp_ln94_fu_143        |    0    |    18   |
|          |         icmp_ln75_fu_155        |    0    |    18   |
|          |        icmp_ln75_1_fu_173       |    0    |    18   |
|----------|---------------------------------|---------|---------|
|    or    |          or_ln75_fu_149         |    0    |    32   |
|          |         or_ln75_1_fu_197        |    0    |    6    |
|----------|---------------------------------|---------|---------|
|          |         and_ln84_fu_167         |    0    |    6    |
|    and   |         and_ln75_fu_179         |    0    |    6    |
|          |        and_ln75_1_fu_191        |    0    |    6    |
|          |        and_ln75_2_fu_203        |    0    |    6    |
|----------|---------------------------------|---------|---------|
|    xor   |         xor_ln74_fu_161         |    0    |    6    |
|          |         xor_ln75_fu_185         |    0    |    6    |
|----------|---------------------------------|---------|---------|
|  select  |        select_ln75_fu_209       |    0    |    2    |
|----------|---------------------------------|---------|---------|
|          |     denyMode_read_read_fu_66    |    0    |    0    |
|          |    accessMode_read_read_fu_72   |    0    |    0    |
|   read   | nofp_nof_access_read_read_fu_78 |    0    |    0    |
|          |  nofp_nof_deny_read_read_fu_84  |    0    |    0    |
|          |   nofp_nof_d_r_read_read_fu_90  |    0    |    0    |
|          | nofp_nof_d_r_drw_rea_read_fu_96 |    0    |    0    |
|----------|---------------------------------|---------|---------|
|          |     write_ln36_write_fu_102     |    0    |    0    |
|   write  |     write_ln37_write_fu_110     |    0    |    0    |
|          |     write_ln94_write_fu_118     |    0    |    0    |
|----------|---------------------------------|---------|---------|
|   zext   |         zext_ln75_fu_217        |    0    |    0    |
|----------|---------------------------------|---------|---------|
|   Total  |                                 |    0    |   184   |
|----------|---------------------------------|---------|---------|

Memories:
N/A

* Register list:
N/A

* Multiplexer (MUX) list: 
|--------|------|------|------|--------|
|  Comp  |  Pin | Size |  BW  | S x BW |
|--------|------|------|------|--------|
|  Total |      |      |      |    0   |
|--------|------|------|------|--------|



* Summary:
+-----------+--------+--------+
|           |   FF   |   LUT  |
+-----------+--------+--------+
|  Function |    0   |   184  |
|   Memory  |    -   |    -   |
|Multiplexer|    -   |    -   |
|  Register |    -   |    -   |
+-----------+--------+--------+
|   Total   |    0   |   184  |
+-----------+--------+--------+
