

================================================================
== Vivado HLS Report for 'nfs_open_file_remove_open_find'
================================================================
* Date:           Wed Apr  1 02:49:15 2020

* Version:        2019.1 (Build 2552052 on Fri May 24 15:28:33 MDT 2019)
* Project:        proj_extr_.darwin-xnubsdnfsnfs4_vnops.c_nfs_open_file_remove_open_find_with_main.c
* Solution:       sol
* Product family: kintex7
* Target device:  xc7k160t-fbg484-1


================================================================
== Performance Estimates
================================================================
+ Timing (ns): 
    * Summary: 
    +--------+-------+----------+------------+
    |  Clock | Target| Estimated| Uncertainty|
    +--------+-------+----------+------------+
    |ap_clk  |  10.00|     3.398|        1.25|
    +--------+-------+----------+------------+

+ Latency (clock cycles): 
    * Summary: 
    +-----+-----+-----+-----+---------+
    |  Latency  |  Interval | Pipeline|
    | min | max | min | max |   Type  |
    +-----+-----+-----+-----+---------+
    |    0|    0|    0|    0|   none  |
    +-----+-----+-----+-----+---------+

    + Detail: 
        * Instance: 
        N/A

        * Loop: 
        N/A

============================================================
+ Verbose Summary: Synthesis Manager
============================================================
InlineROM: 1
ExposeGlobal: 0
============================================================
+ Verbose Summary: CDFG Model
============================================================
IsTopModel: 1
ResetActiveHigh: 1
IsCombinational: 0
IsDatapathOnly: 0
HasWiredReturn: 1
HasMFsm: 0
HasVarLatency: 0
IsPipeline: 0
IsRtlPipelined: 0
IsInstanceOverlapped: 0
IsDontTouch: 0
HasImplIP: 0
IsGatedGlobalClock: 0


============================================================
+ Verbose Summary: Schedule
============================================================
* Number of FSM states : 1
* Pipeline : 0
* Dataflow Pipeline: 0

* FSM state transitions: 
1 --> 

* FSM state operations: 

State 1 <SV = 0> <Delay = 3.39>
ST_1 : Operation 2 [1/1] (0.00ns)   --->   "call void (...)* @_ssdm_op_SpecBitsMap(i32* %nofp_nof_access), !map !45"   --->   Operation 2 'specbitsmap' <Predicate = true> <Delay = 0.00>
ST_1 : Operation 3 [1/1] (0.00ns)   --->   "call void (...)* @_ssdm_op_SpecBitsMap(i32* %nofp_nof_deny), !map !49"   --->   Operation 3 'specbitsmap' <Predicate = true> <Delay = 0.00>
ST_1 : Operation 4 [1/1] (0.00ns)   --->   "call void (...)* @_ssdm_op_SpecBitsMap(i32* %nofp_nof_r), !map !53"   --->   Operation 4 'specbitsmap' <Predicate = true> <Delay = 0.00>
ST_1 : Operation 5 [1/1] (0.00ns)   --->   "call void (...)* @_ssdm_op_SpecBitsMap(i32* %nofp_nof_d_r), !map !57"   --->   Operation 5 'specbitsmap' <Predicate = true> <Delay = 0.00>
ST_1 : Operation 6 [1/1] (0.00ns)   --->   "call void (...)* @_ssdm_op_SpecBitsMap(i32* %nofp_nof_rw), !map !61"   --->   Operation 6 'specbitsmap' <Predicate = true> <Delay = 0.00>
ST_1 : Operation 7 [1/1] (0.00ns)   --->   "call void (...)* @_ssdm_op_SpecBitsMap(i32* %nofp_nof_d_rw), !map !65"   --->   Operation 7 'specbitsmap' <Predicate = true> <Delay = 0.00>
ST_1 : Operation 8 [1/1] (0.00ns)   --->   "call void (...)* @_ssdm_op_SpecBitsMap(i32* %nofp_nof_r_dw), !map !69"   --->   Operation 8 'specbitsmap' <Predicate = true> <Delay = 0.00>
ST_1 : Operation 9 [1/1] (0.00ns)   --->   "call void (...)* @_ssdm_op_SpecBitsMap(i32* %nofp_nof_d_r_dw), !map !73"   --->   Operation 9 'specbitsmap' <Predicate = true> <Delay = 0.00>
ST_1 : Operation 10 [1/1] (0.00ns)   --->   "call void (...)* @_ssdm_op_SpecBitsMap(i32* %nofp_nof_rw_dw), !map !77"   --->   Operation 10 'specbitsmap' <Predicate = true> <Delay = 0.00>
ST_1 : Operation 11 [1/1] (0.00ns)   --->   "call void (...)* @_ssdm_op_SpecBitsMap(i32* %nofp_nof_d_rw_dw), !map !81"   --->   Operation 11 'specbitsmap' <Predicate = true> <Delay = 0.00>
ST_1 : Operation 12 [1/1] (0.00ns)   --->   "call void (...)* @_ssdm_op_SpecBitsMap(i32* %nofp_nof_r_drw), !map !85"   --->   Operation 12 'specbitsmap' <Predicate = true> <Delay = 0.00>
ST_1 : Operation 13 [1/1] (0.00ns)   --->   "call void (...)* @_ssdm_op_SpecBitsMap(i32* %nofp_nof_d_r_drw), !map !89"   --->   Operation 13 'specbitsmap' <Predicate = true> <Delay = 0.00>
ST_1 : Operation 14 [1/1] (0.00ns)   --->   "call void (...)* @_ssdm_op_SpecBitsMap(i32* %nofp_nof_w), !map !93"   --->   Operation 14 'specbitsmap' <Predicate = true> <Delay = 0.00>
ST_1 : Operation 15 [1/1] (0.00ns)   --->   "call void (...)* @_ssdm_op_SpecBitsMap(i32* %nofp_nof_d_w), !map !97"   --->   Operation 15 'specbitsmap' <Predicate = true> <Delay = 0.00>
ST_1 : Operation 16 [1/1] (0.00ns)   --->   "call void (...)* @_ssdm_op_SpecBitsMap(i32* %nofp_nof_w_dw), !map !101"   --->   Operation 16 'specbitsmap' <Predicate = true> <Delay = 0.00>
ST_1 : Operation 17 [1/1] (0.00ns)   --->   "call void (...)* @_ssdm_op_SpecBitsMap(i32* %nofp_nof_d_w_dw), !map !105"   --->   Operation 17 'specbitsmap' <Predicate = true> <Delay = 0.00>
ST_1 : Operation 18 [1/1] (0.00ns)   --->   "call void (...)* @_ssdm_op_SpecBitsMap(i32* %nofp_nof_w_drw), !map !109"   --->   Operation 18 'specbitsmap' <Predicate = true> <Delay = 0.00>
ST_1 : Operation 19 [1/1] (0.00ns)   --->   "call void (...)* @_ssdm_op_SpecBitsMap(i32* %nofp_nof_d_w_drw), !map !113"   --->   Operation 19 'specbitsmap' <Predicate = true> <Delay = 0.00>
ST_1 : Operation 20 [1/1] (0.00ns)   --->   "call void (...)* @_ssdm_op_SpecBitsMap(i32* %nofp_nof_rw_drw), !map !117"   --->   Operation 20 'specbitsmap' <Predicate = true> <Delay = 0.00>
ST_1 : Operation 21 [1/1] (0.00ns)   --->   "call void (...)* @_ssdm_op_SpecBitsMap(i32* %nofp_nof_d_rw_drw), !map !121"   --->   Operation 21 'specbitsmap' <Predicate = true> <Delay = 0.00>
ST_1 : Operation 22 [1/1] (0.00ns)   --->   "call void (...)* @_ssdm_op_SpecBitsMap(i32 %accessMode), !map !125"   --->   Operation 22 'specbitsmap' <Predicate = true> <Delay = 0.00>
ST_1 : Operation 23 [1/1] (0.00ns)   --->   "call void (...)* @_ssdm_op_SpecBitsMap(i32 %denyMode), !map !131"   --->   Operation 23 'specbitsmap' <Predicate = true> <Delay = 0.00>
ST_1 : Operation 24 [1/1] (0.00ns)   --->   "call void (...)* @_ssdm_op_SpecBitsMap(i32* %newAccessMode), !map !135"   --->   Operation 24 'specbitsmap' <Predicate = true> <Delay = 0.00>
ST_1 : Operation 25 [1/1] (0.00ns)   --->   "call void (...)* @_ssdm_op_SpecBitsMap(i32* %newDenyMode), !map !139"   --->   Operation 25 'specbitsmap' <Predicate = true> <Delay = 0.00>
ST_1 : Operation 26 [1/1] (0.00ns)   --->   "call void (...)* @_ssdm_op_SpecBitsMap(i32* %delegated), !map !143"   --->   Operation 26 'specbitsmap' <Predicate = true> <Delay = 0.00>
ST_1 : Operation 27 [1/1] (0.00ns)   --->   "call void (...)* @_ssdm_op_SpecTopModule([31 x i8]* @nfs_open_file_remove) nounwind"   --->   Operation 27 'spectopmodule' <Predicate = true> <Delay = 0.00>
ST_1 : Operation 28 [1/1] (0.00ns)   --->   "%denyMode_read = call i32 @_ssdm_op_Read.ap_auto.i32(i32 %denyMode)" [extr_.darwin-xnubsdnfsnfs4_vnops.c_nfs_open_file_remove_open_find_with_main.c:25]   --->   Operation 28 'read' 'denyMode_read' <Predicate = true> <Delay = 0.00>
ST_1 : Operation 29 [1/1] (0.00ns)   --->   "%accessMode_read = call i32 @_ssdm_op_Read.ap_auto.i32(i32 %accessMode)" [extr_.darwin-xnubsdnfsnfs4_vnops.c_nfs_open_file_remove_open_find_with_main.c:25]   --->   Operation 29 'read' 'accessMode_read' <Predicate = true> <Delay = 0.00>
ST_1 : Operation 30 [1/1] (0.00ns)   --->   "%nofp_nof_access_read = call i32 @_ssdm_op_Read.ap_auto.i32P(i32* %nofp_nof_access)" [extr_.darwin-xnubsdnfsnfs4_vnops.c_nfs_open_file_remove_open_find_with_main.c:36]   --->   Operation 30 'read' 'nofp_nof_access_read' <Predicate = true> <Delay = 0.00>
ST_1 : Operation 31 [1/1] (0.00ns)   --->   "%nofp_nof_deny_read = call i32 @_ssdm_op_Read.ap_auto.i32P(i32* %nofp_nof_deny)" [extr_.darwin-xnubsdnfsnfs4_vnops.c_nfs_open_file_remove_open_find_with_main.c:37]   --->   Operation 31 'read' 'nofp_nof_deny_read' <Predicate = true> <Delay = 0.00>
ST_1 : Operation 32 [1/1] (0.00ns)   --->   "%nofp_nof_d_r_read = call i32 @_ssdm_op_Read.ap_auto.i32P(i32* %nofp_nof_d_r)" [extr_.darwin-xnubsdnfsnfs4_vnops.c_nfs_open_file_remove_open_find_with_main.c:39]   --->   Operation 32 'read' 'nofp_nof_d_r_read' <Predicate = true> <Delay = 0.00>
ST_1 : Operation 33 [1/1] (0.00ns)   --->   "%nofp_nof_d_r_drw_rea = call i32 @_ssdm_op_Read.ap_auto.i32P(i32* %nofp_nof_d_r_drw)" [extr_.darwin-xnubsdnfsnfs4_vnops.c_nfs_open_file_remove_open_find_with_main.c:39]   --->   Operation 33 'read' 'nofp_nof_d_r_drw_rea' <Predicate = true> <Delay = 0.00>
ST_1 : Operation 34 [1/1] (0.00ns)   --->   "call void @_ssdm_op_Write.ap_auto.i32P(i32* %newAccessMode, i32 %nofp_nof_access_read)" [extr_.darwin-xnubsdnfsnfs4_vnops.c_nfs_open_file_remove_open_find_with_main.c:36]   --->   Operation 34 'write' <Predicate = true> <Delay = 0.00>
ST_1 : Operation 35 [1/1] (1.54ns)   --->   "%icmp_ln74 = icmp eq i32 %denyMode_read, 0" [extr_.darwin-xnubsdnfsnfs4_vnops.c_nfs_open_file_remove_open_find_with_main.c:74]   --->   Operation 35 'icmp' 'icmp_ln74' <Predicate = true> <Delay = 1.54> <Core = "Cmp">   --->   Core 25 'Cmp' <Latency = 0> <II = 1> <Delay = 1.54> <FuncUnit> <Opcode : 'icmp'> <InPorts = 2> <OutPorts = 1>
ST_1 : Operation 36 [1/1] (0.00ns)   --->   "call void @_ssdm_op_Write.ap_auto.i32P(i32* %newDenyMode, i32 %nofp_nof_deny_read)" [extr_.darwin-xnubsdnfsnfs4_vnops.c_nfs_open_file_remove_open_find_with_main.c:37]   --->   Operation 36 'write' <Predicate = true> <Delay = 0.00>
ST_1 : Operation 37 [1/1] (1.54ns)   --->   "%icmp_ln84 = icmp eq i32 %accessMode_read, 0" [extr_.darwin-xnubsdnfsnfs4_vnops.c_nfs_open_file_remove_open_find_with_main.c:84]   --->   Operation 37 'icmp' 'icmp_ln84' <Predicate = true> <Delay = 1.54> <Core = "Cmp">   --->   Core 25 'Cmp' <Latency = 0> <II = 1> <Delay = 1.54> <FuncUnit> <Opcode : 'icmp'> <InPorts = 2> <OutPorts = 1>
ST_1 : Operation 38 [1/1] (1.54ns)   --->   "%icmp_ln76 = icmp ne i32 %nofp_nof_d_r_read, 0" [extr_.darwin-xnubsdnfsnfs4_vnops.c_nfs_open_file_remove_open_find_with_main.c:76]   --->   Operation 38 'icmp' 'icmp_ln76' <Predicate = (!or_ln75_1)> <Delay = 1.54> <Core = "Cmp">   --->   Core 25 'Cmp' <Latency = 0> <II = 1> <Delay = 1.54> <FuncUnit> <Opcode : 'icmp'> <InPorts = 2> <OutPorts = 1>
ST_1 : Operation 39 [1/1] (1.54ns)   --->   "%icmp_ln94 = icmp ne i32 %nofp_nof_d_r_drw_rea, 0" [extr_.darwin-xnubsdnfsnfs4_vnops.c_nfs_open_file_remove_open_find_with_main.c:94]   --->   Operation 39 'icmp' 'icmp_ln94' <Predicate = (or_ln75_1)> <Delay = 1.54> <Core = "Cmp">   --->   Core 25 'Cmp' <Latency = 0> <II = 1> <Delay = 1.54> <FuncUnit> <Opcode : 'icmp'> <InPorts = 2> <OutPorts = 1>
ST_1 : Operation 40 [1/1] (0.00ns) (grouped into LUT with out node icmp_ln75)   --->   "%or_ln75 = or i32 %denyMode_read, %accessMode_read" [extr_.darwin-xnubsdnfsnfs4_vnops.c_nfs_open_file_remove_open_find_with_main.c:75]   --->   Operation 40 'or' 'or_ln75' <Predicate = (!or_ln75_1)> <Delay = 0.00> <Core = "LogicGate">   --->   Core 27 'LogicGate' <Latency = 0> <II = 1> <Delay = 0.61> <FuncUnit> <Opcode : 'and' 'or' 'xor'> <InPorts = 2> <OutPorts = 1>
ST_1 : Operation 41 [1/1] (1.54ns) (out node of the LUT)   --->   "%icmp_ln75 = icmp eq i32 %or_ln75, 0" [extr_.darwin-xnubsdnfsnfs4_vnops.c_nfs_open_file_remove_open_find_with_main.c:75]   --->   Operation 41 'icmp' 'icmp_ln75' <Predicate = (!or_ln75_1)> <Delay = 1.54> <Core = "Cmp">   --->   Core 25 'Cmp' <Latency = 0> <II = 1> <Delay = 1.54> <FuncUnit> <Opcode : 'icmp'> <InPorts = 2> <OutPorts = 1>
ST_1 : Operation 42 [1/1] (0.00ns) (grouped into LUT with out node or_ln75_1)   --->   "%xor_ln74 = xor i1 %icmp_ln74, true" [extr_.darwin-xnubsdnfsnfs4_vnops.c_nfs_open_file_remove_open_find_with_main.c:74]   --->   Operation 42 'xor' 'xor_ln74' <Predicate = true> <Delay = 0.00> <Core = "LogicGate">   --->   Core 27 'LogicGate' <Latency = 0> <II = 1> <Delay = 0.61> <FuncUnit> <Opcode : 'and' 'or' 'xor'> <InPorts = 2> <OutPorts = 1>
ST_1 : Operation 43 [1/1] (0.00ns) (grouped into LUT with out node or_ln75_1)   --->   "%and_ln84 = and i1 %icmp_ln84, %xor_ln74" [extr_.darwin-xnubsdnfsnfs4_vnops.c_nfs_open_file_remove_open_find_with_main.c:84]   --->   Operation 43 'and' 'and_ln84' <Predicate = true> <Delay = 0.00> <Core = "LogicGate">   --->   Core 27 'LogicGate' <Latency = 0> <II = 1> <Delay = 0.61> <FuncUnit> <Opcode : 'and' 'or' 'xor'> <InPorts = 2> <OutPorts = 1>
ST_1 : Operation 44 [1/1] (1.54ns)   --->   "%icmp_ln75_1 = icmp ne i32 %accessMode_read, 0" [extr_.darwin-xnubsdnfsnfs4_vnops.c_nfs_open_file_remove_open_find_with_main.c:75]   --->   Operation 44 'icmp' 'icmp_ln75_1' <Predicate = true> <Delay = 1.54> <Core = "Cmp">   --->   Core 25 'Cmp' <Latency = 0> <II = 1> <Delay = 1.54> <FuncUnit> <Opcode : 'icmp'> <InPorts = 2> <OutPorts = 1>
ST_1 : Operation 45 [1/1] (0.61ns)   --->   "%and_ln75 = and i1 %icmp_ln74, %icmp_ln75_1" [extr_.darwin-xnubsdnfsnfs4_vnops.c_nfs_open_file_remove_open_find_with_main.c:75]   --->   Operation 45 'and' 'and_ln75' <Predicate = true> <Delay = 0.61> <Core = "LogicGate">   --->   Core 27 'LogicGate' <Latency = 0> <II = 1> <Delay = 0.61> <FuncUnit> <Opcode : 'and' 'or' 'xor'> <InPorts = 2> <OutPorts = 1>
ST_1 : Operation 46 [1/1] (0.00ns) (grouped into LUT with out node select_ln75)   --->   "%xor_ln75 = xor i1 %and_ln75, true" [extr_.darwin-xnubsdnfsnfs4_vnops.c_nfs_open_file_remove_open_find_with_main.c:75]   --->   Operation 46 'xor' 'xor_ln75' <Predicate = (or_ln75_1)> <Delay = 0.00> <Core = "LogicGate">   --->   Core 27 'LogicGate' <Latency = 0> <II = 1> <Delay = 0.61> <FuncUnit> <Opcode : 'and' 'or' 'xor'> <InPorts = 2> <OutPorts = 1>
ST_1 : Operation 47 [1/1] (0.00ns) (grouped into LUT with out node select_ln75)   --->   "%and_ln75_1 = and i1 %icmp_ln94, %xor_ln75" [extr_.darwin-xnubsdnfsnfs4_vnops.c_nfs_open_file_remove_open_find_with_main.c:75]   --->   Operation 47 'and' 'and_ln75_1' <Predicate = (or_ln75_1)> <Delay = 0.00> <Core = "LogicGate">   --->   Core 27 'LogicGate' <Latency = 0> <II = 1> <Delay = 0.61> <FuncUnit> <Opcode : 'and' 'or' 'xor'> <InPorts = 2> <OutPorts = 1>
ST_1 : Operation 48 [1/1] (0.61ns) (out node of the LUT)   --->   "%or_ln75_1 = or i1 %and_ln75, %and_ln84" [extr_.darwin-xnubsdnfsnfs4_vnops.c_nfs_open_file_remove_open_find_with_main.c:75]   --->   Operation 48 'or' 'or_ln75_1' <Predicate = true> <Delay = 0.61> <Core = "LogicGate">   --->   Core 27 'LogicGate' <Latency = 0> <II = 1> <Delay = 0.61> <FuncUnit> <Opcode : 'and' 'or' 'xor'> <InPorts = 2> <OutPorts = 1>
ST_1 : Operation 49 [1/1] (0.00ns) (grouped into LUT with out node select_ln75)   --->   "%and_ln75_2 = and i1 %icmp_ln75, %icmp_ln76" [extr_.darwin-xnubsdnfsnfs4_vnops.c_nfs_open_file_remove_open_find_with_main.c:75]   --->   Operation 49 'and' 'and_ln75_2' <Predicate = (!or_ln75_1)> <Delay = 0.00> <Core = "LogicGate">   --->   Core 27 'LogicGate' <Latency = 0> <II = 1> <Delay = 0.61> <FuncUnit> <Opcode : 'and' 'or' 'xor'> <InPorts = 2> <OutPorts = 1>
ST_1 : Operation 50 [1/1] (0.62ns) (out node of the LUT)   --->   "%select_ln75 = select i1 %or_ln75_1, i1 %and_ln75_1, i1 %and_ln75_2" [extr_.darwin-xnubsdnfsnfs4_vnops.c_nfs_open_file_remove_open_find_with_main.c:75]   --->   Operation 50 'select' 'select_ln75' <Predicate = true> <Delay = 0.62> <Core = "Sel">   --->   Core 26 'Sel' <Latency = 0> <II = 1> <Delay = 0.62> <FuncUnit> <Opcode : 'select'> <InPorts = 3> <OutPorts = 1>
ST_1 : Operation 51 [1/1] (0.00ns)   --->   "%zext_ln75 = zext i1 %select_ln75 to i32" [extr_.darwin-xnubsdnfsnfs4_vnops.c_nfs_open_file_remove_open_find_with_main.c:75]   --->   Operation 51 'zext' 'zext_ln75' <Predicate = true> <Delay = 0.00>
ST_1 : Operation 52 [1/1] (0.00ns)   --->   "call void @_ssdm_op_Write.ap_auto.i32P(i32* %delegated, i32 %zext_ln75)" [extr_.darwin-xnubsdnfsnfs4_vnops.c_nfs_open_file_remove_open_find_with_main.c:94]   --->   Operation 52 'write' <Predicate = true> <Delay = 0.00>
ST_1 : Operation 53 [1/1] (0.00ns)   --->   "ret void" [extr_.darwin-xnubsdnfsnfs4_vnops.c_nfs_open_file_remove_open_find_with_main.c:102]   --->   Operation 53 'ret' <Predicate = true> <Delay = 0.00>


============================================================
+ Verbose Summary: Timing violations
============================================================
Target clock period: 10ns, clock uncertainty: 1.25ns.

 <State 1>: 3.4ns
The critical path consists of the following:
	wire read on port 'denyMode' (extr_.darwin-xnubsdnfsnfs4_vnops.c_nfs_open_file_remove_open_find_with_main.c:25) [52]  (0 ns)
	'icmp' operation ('icmp_ln74', extr_.darwin-xnubsdnfsnfs4_vnops.c_nfs_open_file_remove_open_find_with_main.c:74) [59]  (1.55 ns)
	'and' operation ('and_ln75', extr_.darwin-xnubsdnfsnfs4_vnops.c_nfs_open_file_remove_open_find_with_main.c:75) [69]  (0.616 ns)
	'or' operation ('or_ln75_1', extr_.darwin-xnubsdnfsnfs4_vnops.c_nfs_open_file_remove_open_find_with_main.c:75) [72]  (0.616 ns)
	'select' operation ('select_ln75', extr_.darwin-xnubsdnfsnfs4_vnops.c_nfs_open_file_remove_open_find_with_main.c:75) [74]  (0.62 ns)


============================================================
+ Verbose Summary: Binding
============================================================
N/A
* FSMD analyzer results:
  - Output states:
 - Input state : 
  - Chain level:
	State 1


============================================================
+ Verbose Summary: Datapath Resource usage 
============================================================
N/A
