

================================================================
== Vivado HLS Report for 'cx2341x_set_ctrl'
================================================================
* Date:           Sun May 24 19:02:10 2020

* Version:        2019.1 (Build 2552052 on Fri May 24 15:28:33 MDT 2019)
* Project:        proj_extr_.linuxdriversmediacommoncx2341x.c_cx2341x_set_ctrl_with_main.c
* Solution:       solution1
* Product family: kintex7
* Target device:  xc7k160t-fbg484-1


================================================================
== Performance Estimates
================================================================
+ Timing (ns): 
    * Summary: 
    +--------+-------+----------+------------+
    |  Clock | Target| Estimated| Uncertainty|
    +--------+-------+----------+------------+
    |ap_clk  |  10.00|     4.370|        1.25|
    +--------+-------+----------+------------+

+ Latency (clock cycles): 
    * Summary: 
    +-----+-----+-----+-----+---------+
    |  Latency  |  Interval | Pipeline|
    | min | max | min | max |   Type  |
    +-----+-----+-----+-----+---------+
    |    ?|    ?|    ?|    ?|   none  |
    +-----+-----+-----+-----+---------+

    + Detail: 
        * Instance: 
        N/A

        * Loop: 
        +----------+-----+-----+----------+-----------+-----------+------+----------+
        |          |  Latency  | Iteration|  Initiation Interval  | Trip |          |
        | Loop Name| min | max |  Latency |  achieved |   target  | Count| Pipelined|
        +----------+-----+-----+----------+-----------+-----------+------+----------+
        |- Loop 1  |    ?|    ?|         1|          -|          -|     ?|    no    |
        |- Loop 2  |    ?|    ?|         1|          -|          -|     ?|    no    |
        +----------+-----+-----+----------+-----------+-----------+------+----------+

============================================================
+ Verbose Summary: Synthesis Manager
============================================================
InlineROM: 1
ExposeGlobal: 0
============================================================
+ Verbose Summary: CDFG Model
============================================================
IsTopModel: 1
ResetActiveHigh: 1
IsCombinational: 0
IsDatapathOnly: 0
HasWiredReturn: 1
HasMFsm: 0
HasVarLatency: 1
IsPipeline: 0
IsRtlPipelined: 0
IsInstanceOverlapped: 0
IsDontTouch: 0
HasImplIP: 0
IsGatedGlobalClock: 0


============================================================
+ Verbose Summary: Schedule
============================================================
* Number of FSM states : 37
* Pipeline : 0
* Dataflow Pipeline: 0

* FSM state transitions: 
1 --> 2 37 
2 --> 3 
3 --> 4 
4 --> 5 
5 --> 6 
6 --> 7 
7 --> 8 
8 --> 9 
9 --> 10 
10 --> 11 
11 --> 12 
12 --> 13 
13 --> 14 
14 --> 15 
15 --> 16 
16 --> 17 
17 --> 18 
18 --> 19 
19 --> 20 
20 --> 21 
21 --> 22 
22 --> 23 
23 --> 24 
24 --> 25 
25 --> 26 
26 --> 27 
27 --> 28 
28 --> 29 
29 --> 30 
30 --> 31 
31 --> 32 
32 --> 33 
33 --> 34 
34 --> 35 
35 --> 36 
36 --> 37 
37 --> 37 

* FSM state operations: 

State 1 <SV = 0> <Delay = 4.37>
ST_1 : Operation 38 [1/1] (0.00ns)   --->   "call void (...)* @_ssdm_op_SpecBitsMap(i32* %params_audio_sampling_freq), !map !70"   --->   Operation 38 'specbitsmap' <Predicate = true> <Delay = 0.00>
ST_1 : Operation 39 [1/1] (0.00ns)   --->   "call void (...)* @_ssdm_op_SpecBitsMap(i32* %params_capabilities), !map !74"   --->   Operation 39 'specbitsmap' <Predicate = true> <Delay = 0.00>
ST_1 : Operation 40 [1/1] (0.00ns)   --->   "call void (...)* @_ssdm_op_SpecBitsMap(i32* %params_audio_encoding), !map !78"   --->   Operation 40 'specbitsmap' <Predicate = true> <Delay = 0.00>
ST_1 : Operation 41 [1/1] (0.00ns)   --->   "call void (...)* @_ssdm_op_SpecBitsMap(i32* %params_audio_l2_bitrate), !map !82"   --->   Operation 41 'specbitsmap' <Predicate = true> <Delay = 0.00>
ST_1 : Operation 42 [1/1] (0.00ns)   --->   "call void (...)* @_ssdm_op_SpecBitsMap(i32* %params_audio_ac3_bitrate), !map !86"   --->   Operation 42 'specbitsmap' <Predicate = true> <Delay = 0.00>
ST_1 : Operation 43 [1/1] (0.00ns)   --->   "call void (...)* @_ssdm_op_SpecBitsMap(i32* %params_audio_mode), !map !90"   --->   Operation 43 'specbitsmap' <Predicate = true> <Delay = 0.00>
ST_1 : Operation 44 [1/1] (0.00ns)   --->   "call void (...)* @_ssdm_op_SpecBitsMap(i32* %params_audio_mode_extension), !map !94"   --->   Operation 44 'specbitsmap' <Predicate = true> <Delay = 0.00>
ST_1 : Operation 45 [1/1] (0.00ns)   --->   "call void (...)* @_ssdm_op_SpecBitsMap(i32* %params_audio_emphasis), !map !98"   --->   Operation 45 'specbitsmap' <Predicate = true> <Delay = 0.00>
ST_1 : Operation 46 [1/1] (0.00ns)   --->   "call void (...)* @_ssdm_op_SpecBitsMap(i32* %params_audio_crc), !map !102"   --->   Operation 46 'specbitsmap' <Predicate = true> <Delay = 0.00>
ST_1 : Operation 47 [1/1] (0.00ns)   --->   "call void (...)* @_ssdm_op_SpecBitsMap(i32* %params_audio_mute), !map !106"   --->   Operation 47 'specbitsmap' <Predicate = true> <Delay = 0.00>
ST_1 : Operation 48 [1/1] (0.00ns)   --->   "call void (...)* @_ssdm_op_SpecBitsMap(i32* %params_video_aspect), !map !110"   --->   Operation 48 'specbitsmap' <Predicate = true> <Delay = 0.00>
ST_1 : Operation 49 [1/1] (0.00ns)   --->   "call void (...)* @_ssdm_op_SpecBitsMap(i32* %params_video_gop_size), !map !114"   --->   Operation 49 'specbitsmap' <Predicate = true> <Delay = 0.00>
ST_1 : Operation 50 [1/1] (0.00ns)   --->   "call void (...)* @_ssdm_op_SpecBitsMap(i32* %params_video_b_frames), !map !118"   --->   Operation 50 'specbitsmap' <Predicate = true> <Delay = 0.00>
ST_1 : Operation 51 [1/1] (0.00ns)   --->   "call void (...)* @_ssdm_op_SpecBitsMap(i32* %params_video_gop_closure), !map !122"   --->   Operation 51 'specbitsmap' <Predicate = true> <Delay = 0.00>
ST_1 : Operation 52 [1/1] (0.00ns)   --->   "call void (...)* @_ssdm_op_SpecBitsMap(i32* %params_video_bitrate_mode), !map !126"   --->   Operation 52 'specbitsmap' <Predicate = true> <Delay = 0.00>
ST_1 : Operation 53 [1/1] (0.00ns)   --->   "call void (...)* @_ssdm_op_SpecBitsMap(i32* %params_video_bitrate), !map !130"   --->   Operation 53 'specbitsmap' <Predicate = true> <Delay = 0.00>
ST_1 : Operation 54 [1/1] (0.00ns)   --->   "call void (...)* @_ssdm_op_SpecBitsMap(i32* %params_video_bitrate_peak), !map !134"   --->   Operation 54 'specbitsmap' <Predicate = true> <Delay = 0.00>
ST_1 : Operation 55 [1/1] (0.00ns)   --->   "call void (...)* @_ssdm_op_SpecBitsMap(i32* %params_video_temporal_decimation), !map !138"   --->   Operation 55 'specbitsmap' <Predicate = true> <Delay = 0.00>
ST_1 : Operation 56 [1/1] (0.00ns)   --->   "call void (...)* @_ssdm_op_SpecBitsMap(i32* %params_video_mute), !map !142"   --->   Operation 56 'specbitsmap' <Predicate = true> <Delay = 0.00>
ST_1 : Operation 57 [1/1] (0.00ns)   --->   "call void (...)* @_ssdm_op_SpecBitsMap(i32* %params_video_mute_yuv), !map !146"   --->   Operation 57 'specbitsmap' <Predicate = true> <Delay = 0.00>
ST_1 : Operation 58 [1/1] (0.00ns)   --->   "call void (...)* @_ssdm_op_SpecBitsMap(i32* %params_stream_type), !map !150"   --->   Operation 58 'specbitsmap' <Predicate = true> <Delay = 0.00>
ST_1 : Operation 59 [1/1] (0.00ns)   --->   "call void (...)* @_ssdm_op_SpecBitsMap(i32* %params_stream_vbi_fmt), !map !154"   --->   Operation 59 'specbitsmap' <Predicate = true> <Delay = 0.00>
ST_1 : Operation 60 [1/1] (0.00ns)   --->   "call void (...)* @_ssdm_op_SpecBitsMap(i32* %params_video_spatial_filter_mode), !map !158"   --->   Operation 60 'specbitsmap' <Predicate = true> <Delay = 0.00>
ST_1 : Operation 61 [1/1] (0.00ns)   --->   "call void (...)* @_ssdm_op_SpecBitsMap(i32* %params_video_spatial_filter), !map !162"   --->   Operation 61 'specbitsmap' <Predicate = true> <Delay = 0.00>
ST_1 : Operation 62 [1/1] (0.00ns)   --->   "call void (...)* @_ssdm_op_SpecBitsMap(i32* %params_video_luma_spatial_filter_type), !map !166"   --->   Operation 62 'specbitsmap' <Predicate = true> <Delay = 0.00>
ST_1 : Operation 63 [1/1] (0.00ns)   --->   "call void (...)* @_ssdm_op_SpecBitsMap(i32* %params_video_chroma_spatial_filter_type), !map !170"   --->   Operation 63 'specbitsmap' <Predicate = true> <Delay = 0.00>
ST_1 : Operation 64 [1/1] (0.00ns)   --->   "call void (...)* @_ssdm_op_SpecBitsMap(i32* %params_video_temporal_filter_mode), !map !174"   --->   Operation 64 'specbitsmap' <Predicate = true> <Delay = 0.00>
ST_1 : Operation 65 [1/1] (0.00ns)   --->   "call void (...)* @_ssdm_op_SpecBitsMap(i32* %params_video_temporal_filter), !map !178"   --->   Operation 65 'specbitsmap' <Predicate = true> <Delay = 0.00>
ST_1 : Operation 66 [1/1] (0.00ns)   --->   "call void (...)* @_ssdm_op_SpecBitsMap(i32* %params_video_median_filter_type), !map !182"   --->   Operation 66 'specbitsmap' <Predicate = true> <Delay = 0.00>
ST_1 : Operation 67 [1/1] (0.00ns)   --->   "call void (...)* @_ssdm_op_SpecBitsMap(i32* %params_video_luma_median_filter_top), !map !186"   --->   Operation 67 'specbitsmap' <Predicate = true> <Delay = 0.00>
ST_1 : Operation 68 [1/1] (0.00ns)   --->   "call void (...)* @_ssdm_op_SpecBitsMap(i32* %params_video_luma_median_filter_bottom), !map !190"   --->   Operation 68 'specbitsmap' <Predicate = true> <Delay = 0.00>
ST_1 : Operation 69 [1/1] (0.00ns)   --->   "call void (...)* @_ssdm_op_SpecBitsMap(i32* %params_video_chroma_median_filter_top), !map !194"   --->   Operation 69 'specbitsmap' <Predicate = true> <Delay = 0.00>
ST_1 : Operation 70 [1/1] (0.00ns)   --->   "call void (...)* @_ssdm_op_SpecBitsMap(i32* %params_video_chroma_median_filter_bottom), !map !198"   --->   Operation 70 'specbitsmap' <Predicate = true> <Delay = 0.00>
ST_1 : Operation 71 [1/1] (0.00ns)   --->   "call void (...)* @_ssdm_op_SpecBitsMap(i32* %params_stream_insert_nav_packets), !map !202"   --->   Operation 71 'specbitsmap' <Predicate = true> <Delay = 0.00>
ST_1 : Operation 72 [1/1] (0.00ns)   --->   "call void (...)* @_ssdm_op_SpecBitsMap(i32* %params_video_encoding), !map !206"   --->   Operation 72 'specbitsmap' <Predicate = true> <Delay = 0.00>
ST_1 : Operation 73 [1/1] (0.00ns)   --->   "call void (...)* @_ssdm_op_SpecBitsMap(i32 %busy), !map !210"   --->   Operation 73 'specbitsmap' <Predicate = true> <Delay = 0.00>
ST_1 : Operation 74 [1/1] (0.00ns)   --->   "call void (...)* @_ssdm_op_SpecBitsMap(i32* %ctrl_id), !map !216"   --->   Operation 74 'specbitsmap' <Predicate = true> <Delay = 0.00>
ST_1 : Operation 75 [1/1] (0.00ns)   --->   "call void (...)* @_ssdm_op_SpecBitsMap(i32* %ctrl_value), !map !220"   --->   Operation 75 'specbitsmap' <Predicate = true> <Delay = 0.00>
ST_1 : Operation 76 [1/1] (0.00ns)   --->   "call void (...)* @_ssdm_op_SpecBitsMap(i32 0) nounwind, !map !224"   --->   Operation 76 'specbitsmap' <Predicate = true> <Delay = 0.00>
ST_1 : Operation 77 [1/1] (0.00ns)   --->   "call void (...)* @_ssdm_op_SpecTopModule([17 x i8]* @cx2341x_set_ctrl_str) nounwind"   --->   Operation 77 'spectopmodule' <Predicate = true> <Delay = 0.00>
ST_1 : Operation 78 [1/1] (0.00ns)   --->   "%busy_read = call i32 @_ssdm_op_Read.ap_auto.i32(i32 %busy)" [extr_.linuxdriversmediacommoncx2341x.c_cx2341x_set_ctrl_with_main.c:61]   --->   Operation 78 'read' 'busy_read' <Predicate = true> <Delay = 0.00>
ST_1 : Operation 79 [1/1] (0.00ns)   --->   "%ctrl_id_read = call i32 @_ssdm_op_Read.ap_auto.i32P(i32* %ctrl_id)" [extr_.linuxdriversmediacommoncx2341x.c_cx2341x_set_ctrl_with_main.c:64]   --->   Operation 79 'read' 'ctrl_id_read' <Predicate = true> <Delay = 0.00>
ST_1 : Operation 80 [1/1] (0.00ns)   --->   "%gop_1 = call i32 @_ssdm_op_Read.ap_auto.i32P(i32* %ctrl_value)" [extr_.linuxdriversmediacommoncx2341x.c_cx2341x_set_ctrl_with_main.c:68]   --->   Operation 80 'read' 'gop_1' <Predicate = true> <Delay = 0.00>
ST_1 : Operation 81 [1/1] (1.54ns)   --->   "%icmp_ln66 = icmp eq i32 %busy_read, 0" [extr_.linuxdriversmediacommoncx2341x.c_cx2341x_set_ctrl_with_main.c:66]   --->   Operation 81 'icmp' 'icmp_ln66' <Predicate = true> <Delay = 1.54> <Core = "Cmp">   --->   Core 25 'Cmp' <Latency = 0> <II = 1> <Delay = 1.54> <FuncUnit> <Opcode : 'icmp'> <InPorts = 2> <OutPorts = 1>
ST_1 : Operation 82 [1/1] (1.18ns)   --->   "switch i32 %ctrl_id_read, label %6 [
    i32 152, label %1
    i32 157, label %3
    i32 156, label %4
    i32 151, label %43
    i32 155, label %7
    i32 154, label %8
    i32 158, label %9
    i32 159, label %10
    i32 153, label %11
    i32 137, label %12
    i32 133, label %13
    i32 131, label %16
    i32 132, label %20
    i32 135, label %21
    i32 136, label %23
    i32 134, label %25
    i32 128, label %27
    i32 130, label %28
    i32 129, label %29
    i32 139, label %30
    i32 138, label %31
    i32 142, label %32
    i32 143, label %33
    i32 145, label %34
    i32 148, label %35
    i32 140, label %36
    i32 141, label %37
    i32 144, label %38
    i32 146, label %39
    i32 147, label %40
    i32 149, label %41
    i32 150, label %42
  ]" [extr_.linuxdriversmediacommoncx2341x.c_cx2341x_set_ctrl_with_main.c:64]   --->   Operation 82 'switch' <Predicate = true> <Delay = 1.18>
ST_1 : Operation 83 [1/1] (0.00ns)   --->   "call void @_ssdm_op_Write.ap_auto.i32P(i32* %params_video_chroma_median_filter_bottom, i32 %gop_1)" [extr_.linuxdriversmediacommoncx2341x.c_cx2341x_set_ctrl_with_main.c:208]   --->   Operation 83 'write' <Predicate = (ctrl_id_read == 150)> <Delay = 0.00>
ST_1 : Operation 84 [1/1] (0.00ns)   --->   "br label %.loopexit" [extr_.linuxdriversmediacommoncx2341x.c_cx2341x_set_ctrl_with_main.c:209]   --->   Operation 84 'br' <Predicate = (ctrl_id_read == 150)> <Delay = 0.00>
ST_1 : Operation 85 [1/1] (0.00ns)   --->   "call void @_ssdm_op_Write.ap_auto.i32P(i32* %params_video_chroma_median_filter_top, i32 %gop_1)" [extr_.linuxdriversmediacommoncx2341x.c_cx2341x_set_ctrl_with_main.c:205]   --->   Operation 85 'write' <Predicate = (ctrl_id_read == 149)> <Delay = 0.00>
ST_1 : Operation 86 [1/1] (0.00ns)   --->   "br label %.loopexit" [extr_.linuxdriversmediacommoncx2341x.c_cx2341x_set_ctrl_with_main.c:206]   --->   Operation 86 'br' <Predicate = (ctrl_id_read == 149)> <Delay = 0.00>
ST_1 : Operation 87 [1/1] (0.00ns)   --->   "call void @_ssdm_op_Write.ap_auto.i32P(i32* %params_video_luma_median_filter_bottom, i32 %gop_1)" [extr_.linuxdriversmediacommoncx2341x.c_cx2341x_set_ctrl_with_main.c:202]   --->   Operation 87 'write' <Predicate = (ctrl_id_read == 147)> <Delay = 0.00>
ST_1 : Operation 88 [1/1] (0.00ns)   --->   "br label %.loopexit" [extr_.linuxdriversmediacommoncx2341x.c_cx2341x_set_ctrl_with_main.c:203]   --->   Operation 88 'br' <Predicate = (ctrl_id_read == 147)> <Delay = 0.00>
ST_1 : Operation 89 [1/1] (0.00ns)   --->   "call void @_ssdm_op_Write.ap_auto.i32P(i32* %params_video_luma_median_filter_top, i32 %gop_1)" [extr_.linuxdriversmediacommoncx2341x.c_cx2341x_set_ctrl_with_main.c:199]   --->   Operation 89 'write' <Predicate = (ctrl_id_read == 146)> <Delay = 0.00>
ST_1 : Operation 90 [1/1] (0.00ns)   --->   "br label %.loopexit" [extr_.linuxdriversmediacommoncx2341x.c_cx2341x_set_ctrl_with_main.c:200]   --->   Operation 90 'br' <Predicate = (ctrl_id_read == 146)> <Delay = 0.00>
ST_1 : Operation 91 [1/1] (0.00ns)   --->   "call void @_ssdm_op_Write.ap_auto.i32P(i32* %params_video_median_filter_type, i32 %gop_1)" [extr_.linuxdriversmediacommoncx2341x.c_cx2341x_set_ctrl_with_main.c:196]   --->   Operation 91 'write' <Predicate = (ctrl_id_read == 144)> <Delay = 0.00>
ST_1 : Operation 92 [1/1] (0.00ns)   --->   "br label %.loopexit" [extr_.linuxdriversmediacommoncx2341x.c_cx2341x_set_ctrl_with_main.c:197]   --->   Operation 92 'br' <Predicate = (ctrl_id_read == 144)> <Delay = 0.00>
ST_1 : Operation 93 [1/1] (0.00ns)   --->   "call void @_ssdm_op_Write.ap_auto.i32P(i32* %params_video_temporal_filter, i32 %gop_1)" [extr_.linuxdriversmediacommoncx2341x.c_cx2341x_set_ctrl_with_main.c:193]   --->   Operation 93 'write' <Predicate = (ctrl_id_read == 141)> <Delay = 0.00>
ST_1 : Operation 94 [1/1] (0.00ns)   --->   "br label %.loopexit" [extr_.linuxdriversmediacommoncx2341x.c_cx2341x_set_ctrl_with_main.c:194]   --->   Operation 94 'br' <Predicate = (ctrl_id_read == 141)> <Delay = 0.00>
ST_1 : Operation 95 [1/1] (0.00ns)   --->   "call void @_ssdm_op_Write.ap_auto.i32P(i32* %params_video_temporal_filter_mode, i32 %gop_1)" [extr_.linuxdriversmediacommoncx2341x.c_cx2341x_set_ctrl_with_main.c:190]   --->   Operation 95 'write' <Predicate = (ctrl_id_read == 140)> <Delay = 0.00>
ST_1 : Operation 96 [1/1] (0.00ns)   --->   "br label %.loopexit" [extr_.linuxdriversmediacommoncx2341x.c_cx2341x_set_ctrl_with_main.c:191]   --->   Operation 96 'br' <Predicate = (ctrl_id_read == 140)> <Delay = 0.00>
ST_1 : Operation 97 [1/1] (0.00ns)   --->   "call void @_ssdm_op_Write.ap_auto.i32P(i32* %params_video_chroma_spatial_filter_type, i32 %gop_1)" [extr_.linuxdriversmediacommoncx2341x.c_cx2341x_set_ctrl_with_main.c:187]   --->   Operation 97 'write' <Predicate = (ctrl_id_read == 148)> <Delay = 0.00>
ST_1 : Operation 98 [1/1] (0.00ns)   --->   "br label %.loopexit" [extr_.linuxdriversmediacommoncx2341x.c_cx2341x_set_ctrl_with_main.c:188]   --->   Operation 98 'br' <Predicate = (ctrl_id_read == 148)> <Delay = 0.00>
ST_1 : Operation 99 [1/1] (0.00ns)   --->   "call void @_ssdm_op_Write.ap_auto.i32P(i32* %params_video_luma_spatial_filter_type, i32 %gop_1)" [extr_.linuxdriversmediacommoncx2341x.c_cx2341x_set_ctrl_with_main.c:184]   --->   Operation 99 'write' <Predicate = (ctrl_id_read == 145)> <Delay = 0.00>
ST_1 : Operation 100 [1/1] (0.00ns)   --->   "br label %.loopexit" [extr_.linuxdriversmediacommoncx2341x.c_cx2341x_set_ctrl_with_main.c:185]   --->   Operation 100 'br' <Predicate = (ctrl_id_read == 145)> <Delay = 0.00>
ST_1 : Operation 101 [1/1] (0.00ns)   --->   "call void @_ssdm_op_Write.ap_auto.i32P(i32* %params_video_spatial_filter, i32 %gop_1)" [extr_.linuxdriversmediacommoncx2341x.c_cx2341x_set_ctrl_with_main.c:181]   --->   Operation 101 'write' <Predicate = (ctrl_id_read == 143)> <Delay = 0.00>
ST_1 : Operation 102 [1/1] (0.00ns)   --->   "br label %.loopexit" [extr_.linuxdriversmediacommoncx2341x.c_cx2341x_set_ctrl_with_main.c:182]   --->   Operation 102 'br' <Predicate = (ctrl_id_read == 143)> <Delay = 0.00>
ST_1 : Operation 103 [1/1] (0.00ns)   --->   "call void @_ssdm_op_Write.ap_auto.i32P(i32* %params_video_spatial_filter_mode, i32 %gop_1)" [extr_.linuxdriversmediacommoncx2341x.c_cx2341x_set_ctrl_with_main.c:178]   --->   Operation 103 'write' <Predicate = (ctrl_id_read == 142)> <Delay = 0.00>
ST_1 : Operation 104 [1/1] (0.00ns)   --->   "br label %.loopexit" [extr_.linuxdriversmediacommoncx2341x.c_cx2341x_set_ctrl_with_main.c:179]   --->   Operation 104 'br' <Predicate = (ctrl_id_read == 142)> <Delay = 0.00>
ST_1 : Operation 105 [1/1] (0.00ns)   --->   "call void @_ssdm_op_Write.ap_auto.i32P(i32* %params_stream_vbi_fmt, i32 %gop_1)" [extr_.linuxdriversmediacommoncx2341x.c_cx2341x_set_ctrl_with_main.c:175]   --->   Operation 105 'write' <Predicate = (ctrl_id_read == 138)> <Delay = 0.00>
ST_1 : Operation 106 [1/1] (0.00ns)   --->   "br label %.loopexit" [extr_.linuxdriversmediacommoncx2341x.c_cx2341x_set_ctrl_with_main.c:176]   --->   Operation 106 'br' <Predicate = (ctrl_id_read == 138)> <Delay = 0.00>
ST_1 : Operation 107 [1/1] (0.00ns)   --->   "br i1 %icmp_ln66, label %._crit_edge8, label %6" [extr_.linuxdriversmediacommoncx2341x.c_cx2341x_set_ctrl_with_main.c:161]   --->   Operation 107 'br' <Predicate = (ctrl_id_read == 139)> <Delay = 0.00>
ST_1 : Operation 108 [1/1] (0.00ns)   --->   "call void @_ssdm_op_Write.ap_auto.i32P(i32* %params_stream_type, i32 %gop_1)" [extr_.linuxdriversmediacommoncx2341x.c_cx2341x_set_ctrl_with_main.c:163]   --->   Operation 108 'write' <Predicate = (ctrl_id_read == 139 & icmp_ln66)> <Delay = 0.00>
ST_1 : Operation 109 [1/1] (0.00ns)   --->   "call void @_ssdm_op_Write.ap_auto.i32P(i32* %params_video_encoding, i32 0)" [extr_.linuxdriversmediacommoncx2341x.c_cx2341x_set_ctrl_with_main.c:164]   --->   Operation 109 'write' <Predicate = (ctrl_id_read == 139 & icmp_ln66)> <Delay = 0.00>
ST_1 : Operation 110 [1/1] (0.00ns)   --->   "call void @_ssdm_op_Write.ap_auto.i32P(i32* %params_video_bitrate_mode, i32 0)" [extr_.linuxdriversmediacommoncx2341x.c_cx2341x_set_ctrl_with_main.c:171]   --->   Operation 110 'write' <Predicate = (ctrl_id_read == 139 & icmp_ln66)> <Delay = 0.00>
ST_1 : Operation 111 [1/1] (0.00ns)   --->   "br label %.loopexit" [extr_.linuxdriversmediacommoncx2341x.c_cx2341x_set_ctrl_with_main.c:173]   --->   Operation 111 'br' <Predicate = (ctrl_id_read == 139 & icmp_ln66)> <Delay = 0.00>
ST_1 : Operation 112 [1/1] (0.00ns)   --->   "call void @_ssdm_op_Write.ap_auto.i32P(i32* %params_video_mute_yuv, i32 %gop_1)" [extr_.linuxdriversmediacommoncx2341x.c_cx2341x_set_ctrl_with_main.c:158]   --->   Operation 112 'write' <Predicate = (ctrl_id_read == 129)> <Delay = 0.00>
ST_1 : Operation 113 [1/1] (0.00ns)   --->   "br label %.loopexit" [extr_.linuxdriversmediacommoncx2341x.c_cx2341x_set_ctrl_with_main.c:159]   --->   Operation 113 'br' <Predicate = (ctrl_id_read == 129)> <Delay = 0.00>
ST_1 : Operation 114 [1/1] (1.54ns)   --->   "%icmp_ln155 = icmp ne i32 %gop_1, 0" [extr_.linuxdriversmediacommoncx2341x.c_cx2341x_set_ctrl_with_main.c:155]   --->   Operation 114 'icmp' 'icmp_ln155' <Predicate = (ctrl_id_read == 130)> <Delay = 1.54> <Core = "Cmp">   --->   Core 25 'Cmp' <Latency = 0> <II = 1> <Delay = 1.54> <FuncUnit> <Opcode : 'icmp'> <InPorts = 2> <OutPorts = 1>
ST_1 : Operation 115 [1/1] (0.00ns)   --->   "%zext_ln155 = zext i1 %icmp_ln155 to i32" [extr_.linuxdriversmediacommoncx2341x.c_cx2341x_set_ctrl_with_main.c:155]   --->   Operation 115 'zext' 'zext_ln155' <Predicate = (ctrl_id_read == 130)> <Delay = 0.00>
ST_1 : Operation 116 [1/1] (0.00ns)   --->   "call void @_ssdm_op_Write.ap_auto.i32P(i32* %params_video_mute, i32 %zext_ln155)" [extr_.linuxdriversmediacommoncx2341x.c_cx2341x_set_ctrl_with_main.c:155]   --->   Operation 116 'write' <Predicate = (ctrl_id_read == 130)> <Delay = 0.00>
ST_1 : Operation 117 [1/1] (0.00ns)   --->   "br label %.loopexit" [extr_.linuxdriversmediacommoncx2341x.c_cx2341x_set_ctrl_with_main.c:156]   --->   Operation 117 'br' <Predicate = (ctrl_id_read == 130)> <Delay = 0.00>
ST_1 : Operation 118 [1/1] (0.00ns)   --->   "call void @_ssdm_op_Write.ap_auto.i32P(i32* %params_video_temporal_decimation, i32 %gop_1)" [extr_.linuxdriversmediacommoncx2341x.c_cx2341x_set_ctrl_with_main.c:152]   --->   Operation 118 'write' <Predicate = (ctrl_id_read == 128)> <Delay = 0.00>
ST_1 : Operation 119 [1/1] (0.00ns)   --->   "br label %.loopexit" [extr_.linuxdriversmediacommoncx2341x.c_cx2341x_set_ctrl_with_main.c:153]   --->   Operation 119 'br' <Predicate = (ctrl_id_read == 128)> <Delay = 0.00>
ST_1 : Operation 120 [1/1] (0.00ns)   --->   "br i1 %icmp_ln66, label %26, label %6" [extr_.linuxdriversmediacommoncx2341x.c_cx2341x_set_ctrl_with_main.c:147]   --->   Operation 120 'br' <Predicate = (ctrl_id_read == 134)> <Delay = 0.00>
ST_1 : Operation 121 [1/1] (0.00ns)   --->   "call void @_ssdm_op_Write.ap_auto.i32P(i32* %params_video_bitrate_peak, i32 %gop_1)" [extr_.linuxdriversmediacommoncx2341x.c_cx2341x_set_ctrl_with_main.c:149]   --->   Operation 121 'write' <Predicate = (ctrl_id_read == 134 & icmp_ln66)> <Delay = 0.00>
ST_1 : Operation 122 [1/1] (0.00ns)   --->   "br label %.loopexit" [extr_.linuxdriversmediacommoncx2341x.c_cx2341x_set_ctrl_with_main.c:150]   --->   Operation 122 'br' <Predicate = (ctrl_id_read == 134 & icmp_ln66)> <Delay = 0.00>
ST_1 : Operation 123 [1/1] (0.00ns)   --->   "br i1 %icmp_ln66, label %24, label %6" [extr_.linuxdriversmediacommoncx2341x.c_cx2341x_set_ctrl_with_main.c:142]   --->   Operation 123 'br' <Predicate = (ctrl_id_read == 136)> <Delay = 0.00>
ST_1 : Operation 124 [1/1] (0.00ns)   --->   "call void @_ssdm_op_Write.ap_auto.i32P(i32* %params_video_bitrate, i32 %gop_1)" [extr_.linuxdriversmediacommoncx2341x.c_cx2341x_set_ctrl_with_main.c:144]   --->   Operation 124 'write' <Predicate = (ctrl_id_read == 136 & icmp_ln66)> <Delay = 0.00>
ST_1 : Operation 125 [1/1] (0.00ns)   --->   "br label %.loopexit" [extr_.linuxdriversmediacommoncx2341x.c_cx2341x_set_ctrl_with_main.c:145]   --->   Operation 125 'br' <Predicate = (ctrl_id_read == 136 & icmp_ln66)> <Delay = 0.00>
ST_1 : Operation 126 [1/1] (0.00ns)   --->   "br i1 %icmp_ln66, label %22, label %6" [extr_.linuxdriversmediacommoncx2341x.c_cx2341x_set_ctrl_with_main.c:133]   --->   Operation 126 'br' <Predicate = (ctrl_id_read == 135)> <Delay = 0.00>
ST_1 : Operation 127 [1/1] (0.00ns)   --->   "%params_video_encodin = call i32 @_ssdm_op_Read.ap_auto.i32P(i32* %params_video_encoding)" [extr_.linuxdriversmediacommoncx2341x.c_cx2341x_set_ctrl_with_main.c:136]   --->   Operation 127 'read' 'params_video_encodin' <Predicate = (ctrl_id_read == 135 & icmp_ln66)> <Delay = 0.00>
ST_1 : Operation 128 [1/1] (1.54ns)   --->   "%icmp_ln136 = icmp ne i32 %params_video_encodin, 0" [extr_.linuxdriversmediacommoncx2341x.c_cx2341x_set_ctrl_with_main.c:136]   --->   Operation 128 'icmp' 'icmp_ln136' <Predicate = (ctrl_id_read == 135 & icmp_ln66)> <Delay = 1.54> <Core = "Cmp">   --->   Core 25 'Cmp' <Latency = 0> <II = 1> <Delay = 1.54> <FuncUnit> <Opcode : 'icmp'> <InPorts = 2> <OutPorts = 1>
ST_1 : Operation 129 [1/1] (1.54ns)   --->   "%icmp_ln136_1 = icmp eq i32 %gop_1, 0" [extr_.linuxdriversmediacommoncx2341x.c_cx2341x_set_ctrl_with_main.c:136]   --->   Operation 129 'icmp' 'icmp_ln136_1' <Predicate = (ctrl_id_read == 135 & icmp_ln66)> <Delay = 1.54> <Core = "Cmp">   --->   Core 25 'Cmp' <Latency = 0> <II = 1> <Delay = 1.54> <FuncUnit> <Opcode : 'icmp'> <InPorts = 2> <OutPorts = 1>
ST_1 : Operation 130 [1/1] (0.61ns)   --->   "%or_ln136 = or i1 %icmp_ln136, %icmp_ln136_1" [extr_.linuxdriversmediacommoncx2341x.c_cx2341x_set_ctrl_with_main.c:136]   --->   Operation 130 'or' 'or_ln136' <Predicate = (ctrl_id_read == 135 & icmp_ln66)> <Delay = 0.61> <Core = "LogicGate">   --->   Core 27 'LogicGate' <Latency = 0> <II = 1> <Delay = 0.61> <FuncUnit> <Opcode : 'and' 'or' 'xor'> <InPorts = 2> <OutPorts = 1>
ST_1 : Operation 131 [1/1] (0.00ns)   --->   "br i1 %or_ln136, label %._crit_edge4, label %6" [extr_.linuxdriversmediacommoncx2341x.c_cx2341x_set_ctrl_with_main.c:136]   --->   Operation 131 'br' <Predicate = (ctrl_id_read == 135 & icmp_ln66)> <Delay = 0.00>
ST_1 : Operation 132 [1/1] (0.00ns)   --->   "call void @_ssdm_op_Write.ap_auto.i32P(i32* %params_video_bitrate_mode, i32 %gop_1)" [extr_.linuxdriversmediacommoncx2341x.c_cx2341x_set_ctrl_with_main.c:139]   --->   Operation 132 'write' <Predicate = (ctrl_id_read == 135 & icmp_ln66 & or_ln136)> <Delay = 0.00>
ST_1 : Operation 133 [1/1] (0.00ns)   --->   "br label %.loopexit" [extr_.linuxdriversmediacommoncx2341x.c_cx2341x_set_ctrl_with_main.c:140]   --->   Operation 133 'br' <Predicate = (ctrl_id_read == 135 & icmp_ln66 & or_ln136)> <Delay = 0.00>
ST_1 : Operation 134 [1/1] (0.00ns)   --->   "call void @_ssdm_op_Write.ap_auto.i32P(i32* %params_video_gop_closure, i32 %gop_1)" [extr_.linuxdriversmediacommoncx2341x.c_cx2341x_set_ctrl_with_main.c:130]   --->   Operation 134 'write' <Predicate = (ctrl_id_read == 132)> <Delay = 0.00>
ST_1 : Operation 135 [1/1] (0.00ns)   --->   "br label %.loopexit" [extr_.linuxdriversmediacommoncx2341x.c_cx2341x_set_ctrl_with_main.c:131]   --->   Operation 135 'br' <Predicate = (ctrl_id_read == 132)> <Delay = 0.00>
ST_1 : Operation 136 [1/1] (0.00ns)   --->   "%params_video_b_frame = call i32 @_ssdm_op_Read.ap_auto.i32P(i32* %params_video_b_frames)" [extr_.linuxdriversmediacommoncx2341x.c_cx2341x_set_ctrl_with_main.c:120]   --->   Operation 136 'read' 'params_video_b_frame' <Predicate = (ctrl_id_read == 131)> <Delay = 0.00>
ST_1 : Operation 137 [1/1] (1.78ns)   --->   "%b_1 = add nsw i32 %params_video_b_frame, 1" [extr_.linuxdriversmediacommoncx2341x.c_cx2341x_set_ctrl_with_main.c:120]   --->   Operation 137 'add' 'b_1' <Predicate = (ctrl_id_read == 131)> <Delay = 1.78> <Core = "AddSub">   --->   Core 14 'AddSub' <Latency = 0> <II = 1> <Delay = 1.78> <FuncUnit> <Opcode : 'add' 'sub'> <InPorts = 2> <OutPorts = 1>
ST_1 : Operation 138 [1/1] (1.78ns)   --->   "%add_ln122 = add i32 %gop_1, %params_video_b_frame" [extr_.linuxdriversmediacommoncx2341x.c_cx2341x_set_ctrl_with_main.c:122]   --->   Operation 138 'add' 'add_ln122' <Predicate = (ctrl_id_read == 131)> <Delay = 1.78> <Core = "AddSub">   --->   Core 14 'AddSub' <Latency = 0> <II = 1> <Delay = 1.78> <FuncUnit> <Opcode : 'add' 'sub'> <InPorts = 2> <OutPorts = 1>
ST_1 : Operation 139 [36/36] (2.58ns)   --->   "%srem_ln122 = srem i32 %add_ln122, %b_1" [extr_.linuxdriversmediacommoncx2341x.c_cx2341x_set_ctrl_with_main.c:122]   --->   Operation 139 'srem' 'srem_ln122' <Predicate = (ctrl_id_read == 131)> <Delay = 2.58> <Core = "DivnS_SEQ">   --->   Core 24 'DivnS_SEQ' <Latency = 35> <II = 32> <Delay = 2.58> <FuncUnit> <Opcode : 'sdiv' 'srem' 'udiv' 'urem'> <InPorts = 2> <OutPorts = 1>
ST_1 : Operation 140 [1/1] (1.78ns)   --->   "%b = add nsw i32 %gop_1, 1" [extr_.linuxdriversmediacommoncx2341x.c_cx2341x_set_ctrl_with_main.c:110]   --->   Operation 140 'add' 'b' <Predicate = (ctrl_id_read == 133)> <Delay = 1.78> <Core = "AddSub">   --->   Core 14 'AddSub' <Latency = 0> <II = 1> <Delay = 1.78> <FuncUnit> <Opcode : 'add' 'sub'> <InPorts = 2> <OutPorts = 1>
ST_1 : Operation 141 [1/1] (0.00ns)   --->   "%gop = call i32 @_ssdm_op_Read.ap_auto.i32P(i32* %params_video_gop_size)" [extr_.linuxdriversmediacommoncx2341x.c_cx2341x_set_ctrl_with_main.c:111]   --->   Operation 141 'read' 'gop' <Predicate = (ctrl_id_read == 133)> <Delay = 0.00>
ST_1 : Operation 142 [1/1] (0.00ns)   --->   "call void @_ssdm_op_Write.ap_auto.i32P(i32* %params_video_b_frames, i32 %gop_1)" [extr_.linuxdriversmediacommoncx2341x.c_cx2341x_set_ctrl_with_main.c:112]   --->   Operation 142 'write' <Predicate = (ctrl_id_read == 133)> <Delay = 0.00>
ST_1 : Operation 143 [1/1] (1.78ns)   --->   "%add_ln113 = add i32 %gop, %gop_1" [extr_.linuxdriversmediacommoncx2341x.c_cx2341x_set_ctrl_with_main.c:113]   --->   Operation 143 'add' 'add_ln113' <Predicate = (ctrl_id_read == 133)> <Delay = 1.78> <Core = "AddSub">   --->   Core 14 'AddSub' <Latency = 0> <II = 1> <Delay = 1.78> <FuncUnit> <Opcode : 'add' 'sub'> <InPorts = 2> <OutPorts = 1>
ST_1 : Operation 144 [36/36] (2.58ns)   --->   "%srem_ln113 = srem i32 %add_ln113, %b" [extr_.linuxdriversmediacommoncx2341x.c_cx2341x_set_ctrl_with_main.c:113]   --->   Operation 144 'srem' 'srem_ln113' <Predicate = (ctrl_id_read == 133)> <Delay = 2.58> <Core = "DivnS_SEQ">   --->   Core 24 'DivnS_SEQ' <Latency = 35> <II = 32> <Delay = 2.58> <FuncUnit> <Opcode : 'sdiv' 'srem' 'udiv' 'urem'> <InPorts = 2> <OutPorts = 1>
ST_1 : Operation 145 [1/1] (0.00ns)   --->   "call void @_ssdm_op_Write.ap_auto.i32P(i32* %params_video_aspect, i32 %gop_1)" [extr_.linuxdriversmediacommoncx2341x.c_cx2341x_set_ctrl_with_main.c:107]   --->   Operation 145 'write' <Predicate = (ctrl_id_read == 137)> <Delay = 0.00>
ST_1 : Operation 146 [1/1] (0.00ns)   --->   "br label %.loopexit" [extr_.linuxdriversmediacommoncx2341x.c_cx2341x_set_ctrl_with_main.c:108]   --->   Operation 146 'br' <Predicate = (ctrl_id_read == 137)> <Delay = 0.00>
ST_1 : Operation 147 [1/1] (0.00ns)   --->   "call void @_ssdm_op_Write.ap_auto.i32P(i32* %params_audio_mute, i32 %gop_1)" [extr_.linuxdriversmediacommoncx2341x.c_cx2341x_set_ctrl_with_main.c:104]   --->   Operation 147 'write' <Predicate = (ctrl_id_read == 153)> <Delay = 0.00>
ST_1 : Operation 148 [1/1] (0.00ns)   --->   "br label %.loopexit" [extr_.linuxdriversmediacommoncx2341x.c_cx2341x_set_ctrl_with_main.c:105]   --->   Operation 148 'br' <Predicate = (ctrl_id_read == 153)> <Delay = 0.00>
ST_1 : Operation 149 [1/1] (0.00ns)   --->   "call void @_ssdm_op_Write.ap_auto.i32P(i32* %params_audio_crc, i32 %gop_1)" [extr_.linuxdriversmediacommoncx2341x.c_cx2341x_set_ctrl_with_main.c:101]   --->   Operation 149 'write' <Predicate = (ctrl_id_read == 159)> <Delay = 0.00>
ST_1 : Operation 150 [1/1] (0.00ns)   --->   "br label %.loopexit" [extr_.linuxdriversmediacommoncx2341x.c_cx2341x_set_ctrl_with_main.c:102]   --->   Operation 150 'br' <Predicate = (ctrl_id_read == 159)> <Delay = 0.00>
ST_1 : Operation 151 [1/1] (0.00ns)   --->   "call void @_ssdm_op_Write.ap_auto.i32P(i32* %params_audio_emphasis, i32 %gop_1)" [extr_.linuxdriversmediacommoncx2341x.c_cx2341x_set_ctrl_with_main.c:98]   --->   Operation 151 'write' <Predicate = (ctrl_id_read == 158)> <Delay = 0.00>
ST_1 : Operation 152 [1/1] (0.00ns)   --->   "br label %.loopexit" [extr_.linuxdriversmediacommoncx2341x.c_cx2341x_set_ctrl_with_main.c:99]   --->   Operation 152 'br' <Predicate = (ctrl_id_read == 158)> <Delay = 0.00>
ST_1 : Operation 153 [1/1] (0.00ns)   --->   "call void @_ssdm_op_Write.ap_auto.i32P(i32* %params_audio_mode_extension, i32 %gop_1)" [extr_.linuxdriversmediacommoncx2341x.c_cx2341x_set_ctrl_with_main.c:95]   --->   Operation 153 'write' <Predicate = (ctrl_id_read == 154)> <Delay = 0.00>
ST_1 : Operation 154 [1/1] (0.00ns)   --->   "br label %.loopexit" [extr_.linuxdriversmediacommoncx2341x.c_cx2341x_set_ctrl_with_main.c:96]   --->   Operation 154 'br' <Predicate = (ctrl_id_read == 154)> <Delay = 0.00>
ST_1 : Operation 155 [1/1] (0.00ns)   --->   "call void @_ssdm_op_Write.ap_auto.i32P(i32* %params_audio_mode, i32 %gop_1)" [extr_.linuxdriversmediacommoncx2341x.c_cx2341x_set_ctrl_with_main.c:92]   --->   Operation 155 'write' <Predicate = (ctrl_id_read == 155)> <Delay = 0.00>
ST_1 : Operation 156 [1/1] (0.00ns)   --->   "br label %.loopexit" [extr_.linuxdriversmediacommoncx2341x.c_cx2341x_set_ctrl_with_main.c:93]   --->   Operation 156 'br' <Predicate = (ctrl_id_read == 155)> <Delay = 0.00>
ST_1 : Operation 157 [1/1] (0.00ns)   --->   "call void @_ssdm_op_Write.ap_auto.i32P(i32* %params_stream_insert_nav_packets, i32 %gop_1)" [extr_.linuxdriversmediacommoncx2341x.c_cx2341x_set_ctrl_with_main.c:211]   --->   Operation 157 'write' <Predicate = (ctrl_id_read == 151)> <Delay = 0.00>
ST_1 : Operation 158 [1/1] (0.00ns)   --->   "br label %.loopexit" [extr_.linuxdriversmediacommoncx2341x.c_cx2341x_set_ctrl_with_main.c:212]   --->   Operation 158 'br' <Predicate = (ctrl_id_read == 151)> <Delay = 0.00>
ST_1 : Operation 159 [1/1] (0.00ns)   --->   "br i1 %icmp_ln66, label %5, label %6" [extr_.linuxdriversmediacommoncx2341x.c_cx2341x_set_ctrl_with_main.c:80]   --->   Operation 159 'br' <Predicate = (ctrl_id_read == 156)> <Delay = 0.00>
ST_1 : Operation 160 [1/1] (0.00ns)   --->   "call void @_ssdm_op_Write.ap_auto.i32P(i32* %params_audio_l2_bitrate, i32 %gop_1)" [extr_.linuxdriversmediacommoncx2341x.c_cx2341x_set_ctrl_with_main.c:82]   --->   Operation 160 'write' <Predicate = (ctrl_id_read == 156 & icmp_ln66)> <Delay = 0.00>
ST_1 : Operation 161 [1/1] (0.00ns)   --->   "br label %.loopexit" [extr_.linuxdriversmediacommoncx2341x.c_cx2341x_set_ctrl_with_main.c:83]   --->   Operation 161 'br' <Predicate = (ctrl_id_read == 156 & icmp_ln66)> <Delay = 0.00>
ST_1 : Operation 162 [1/1] (0.00ns)   --->   "br i1 %icmp_ln66, label %._crit_edge, label %6" [extr_.linuxdriversmediacommoncx2341x.c_cx2341x_set_ctrl_with_main.c:71]   --->   Operation 162 'br' <Predicate = (ctrl_id_read == 157)> <Delay = 0.00>
ST_1 : Operation 163 [1/1] (0.00ns)   --->   "call void @_ssdm_op_Write.ap_auto.i32P(i32* %params_audio_encoding, i32 %gop_1)" [extr_.linuxdriversmediacommoncx2341x.c_cx2341x_set_ctrl_with_main.c:77]   --->   Operation 163 'write' <Predicate = (ctrl_id_read == 157 & icmp_ln66)> <Delay = 0.00>
ST_1 : Operation 164 [1/1] (0.00ns)   --->   "br label %.loopexit" [extr_.linuxdriversmediacommoncx2341x.c_cx2341x_set_ctrl_with_main.c:78]   --->   Operation 164 'br' <Predicate = (ctrl_id_read == 157 & icmp_ln66)> <Delay = 0.00>
ST_1 : Operation 165 [1/1] (0.00ns)   --->   "br i1 %icmp_ln66, label %2, label %6" [extr_.linuxdriversmediacommoncx2341x.c_cx2341x_set_ctrl_with_main.c:66]   --->   Operation 165 'br' <Predicate = (ctrl_id_read == 152)> <Delay = 0.00>
ST_1 : Operation 166 [1/1] (0.00ns)   --->   "call void @_ssdm_op_Write.ap_auto.i32P(i32* %params_audio_sampling_freq, i32 %gop_1)" [extr_.linuxdriversmediacommoncx2341x.c_cx2341x_set_ctrl_with_main.c:68]   --->   Operation 166 'write' <Predicate = (ctrl_id_read == 152 & icmp_ln66)> <Delay = 0.00>
ST_1 : Operation 167 [1/1] (0.00ns)   --->   "br label %.loopexit" [extr_.linuxdriversmediacommoncx2341x.c_cx2341x_set_ctrl_with_main.c:69]   --->   Operation 167 'br' <Predicate = (ctrl_id_read == 152 & icmp_ln66)> <Delay = 0.00>

State 2 <SV = 1> <Delay = 2.58>
ST_2 : Operation 168 [35/36] (2.58ns)   --->   "%srem_ln122 = srem i32 %add_ln122, %b_1" [extr_.linuxdriversmediacommoncx2341x.c_cx2341x_set_ctrl_with_main.c:122]   --->   Operation 168 'srem' 'srem_ln122' <Predicate = (ctrl_id_read == 131)> <Delay = 2.58> <Core = "DivnS_SEQ">   --->   Core 24 'DivnS_SEQ' <Latency = 35> <II = 32> <Delay = 2.58> <FuncUnit> <Opcode : 'sdiv' 'srem' 'udiv' 'urem'> <InPorts = 2> <OutPorts = 1>
ST_2 : Operation 169 [35/36] (2.58ns)   --->   "%srem_ln113 = srem i32 %add_ln113, %b" [extr_.linuxdriversmediacommoncx2341x.c_cx2341x_set_ctrl_with_main.c:113]   --->   Operation 169 'srem' 'srem_ln113' <Predicate = (ctrl_id_read == 133)> <Delay = 2.58> <Core = "DivnS_SEQ">   --->   Core 24 'DivnS_SEQ' <Latency = 35> <II = 32> <Delay = 2.58> <FuncUnit> <Opcode : 'sdiv' 'srem' 'udiv' 'urem'> <InPorts = 2> <OutPorts = 1>

State 3 <SV = 2> <Delay = 2.58>
ST_3 : Operation 170 [34/36] (2.58ns)   --->   "%srem_ln122 = srem i32 %add_ln122, %b_1" [extr_.linuxdriversmediacommoncx2341x.c_cx2341x_set_ctrl_with_main.c:122]   --->   Operation 170 'srem' 'srem_ln122' <Predicate = (ctrl_id_read == 131)> <Delay = 2.58> <Core = "DivnS_SEQ">   --->   Core 24 'DivnS_SEQ' <Latency = 35> <II = 32> <Delay = 2.58> <FuncUnit> <Opcode : 'sdiv' 'srem' 'udiv' 'urem'> <InPorts = 2> <OutPorts = 1>
ST_3 : Operation 171 [34/36] (2.58ns)   --->   "%srem_ln113 = srem i32 %add_ln113, %b" [extr_.linuxdriversmediacommoncx2341x.c_cx2341x_set_ctrl_with_main.c:113]   --->   Operation 171 'srem' 'srem_ln113' <Predicate = (ctrl_id_read == 133)> <Delay = 2.58> <Core = "DivnS_SEQ">   --->   Core 24 'DivnS_SEQ' <Latency = 35> <II = 32> <Delay = 2.58> <FuncUnit> <Opcode : 'sdiv' 'srem' 'udiv' 'urem'> <InPorts = 2> <OutPorts = 1>

State 4 <SV = 3> <Delay = 2.58>
ST_4 : Operation 172 [33/36] (2.58ns)   --->   "%srem_ln122 = srem i32 %add_ln122, %b_1" [extr_.linuxdriversmediacommoncx2341x.c_cx2341x_set_ctrl_with_main.c:122]   --->   Operation 172 'srem' 'srem_ln122' <Predicate = (ctrl_id_read == 131)> <Delay = 2.58> <Core = "DivnS_SEQ">   --->   Core 24 'DivnS_SEQ' <Latency = 35> <II = 32> <Delay = 2.58> <FuncUnit> <Opcode : 'sdiv' 'srem' 'udiv' 'urem'> <InPorts = 2> <OutPorts = 1>
ST_4 : Operation 173 [33/36] (2.58ns)   --->   "%srem_ln113 = srem i32 %add_ln113, %b" [extr_.linuxdriversmediacommoncx2341x.c_cx2341x_set_ctrl_with_main.c:113]   --->   Operation 173 'srem' 'srem_ln113' <Predicate = (ctrl_id_read == 133)> <Delay = 2.58> <Core = "DivnS_SEQ">   --->   Core 24 'DivnS_SEQ' <Latency = 35> <II = 32> <Delay = 2.58> <FuncUnit> <Opcode : 'sdiv' 'srem' 'udiv' 'urem'> <InPorts = 2> <OutPorts = 1>

State 5 <SV = 4> <Delay = 2.58>
ST_5 : Operation 174 [32/36] (2.58ns)   --->   "%srem_ln122 = srem i32 %add_ln122, %b_1" [extr_.linuxdriversmediacommoncx2341x.c_cx2341x_set_ctrl_with_main.c:122]   --->   Operation 174 'srem' 'srem_ln122' <Predicate = (ctrl_id_read == 131)> <Delay = 2.58> <Core = "DivnS_SEQ">   --->   Core 24 'DivnS_SEQ' <Latency = 35> <II = 32> <Delay = 2.58> <FuncUnit> <Opcode : 'sdiv' 'srem' 'udiv' 'urem'> <InPorts = 2> <OutPorts = 1>
ST_5 : Operation 175 [32/36] (2.58ns)   --->   "%srem_ln113 = srem i32 %add_ln113, %b" [extr_.linuxdriversmediacommoncx2341x.c_cx2341x_set_ctrl_with_main.c:113]   --->   Operation 175 'srem' 'srem_ln113' <Predicate = (ctrl_id_read == 133)> <Delay = 2.58> <Core = "DivnS_SEQ">   --->   Core 24 'DivnS_SEQ' <Latency = 35> <II = 32> <Delay = 2.58> <FuncUnit> <Opcode : 'sdiv' 'srem' 'udiv' 'urem'> <InPorts = 2> <OutPorts = 1>

State 6 <SV = 5> <Delay = 2.58>
ST_6 : Operation 176 [31/36] (2.58ns)   --->   "%srem_ln122 = srem i32 %add_ln122, %b_1" [extr_.linuxdriversmediacommoncx2341x.c_cx2341x_set_ctrl_with_main.c:122]   --->   Operation 176 'srem' 'srem_ln122' <Predicate = (ctrl_id_read == 131)> <Delay = 2.58> <Core = "DivnS_SEQ">   --->   Core 24 'DivnS_SEQ' <Latency = 35> <II = 32> <Delay = 2.58> <FuncUnit> <Opcode : 'sdiv' 'srem' 'udiv' 'urem'> <InPorts = 2> <OutPorts = 1>
ST_6 : Operation 177 [31/36] (2.58ns)   --->   "%srem_ln113 = srem i32 %add_ln113, %b" [extr_.linuxdriversmediacommoncx2341x.c_cx2341x_set_ctrl_with_main.c:113]   --->   Operation 177 'srem' 'srem_ln113' <Predicate = (ctrl_id_read == 133)> <Delay = 2.58> <Core = "DivnS_SEQ">   --->   Core 24 'DivnS_SEQ' <Latency = 35> <II = 32> <Delay = 2.58> <FuncUnit> <Opcode : 'sdiv' 'srem' 'udiv' 'urem'> <InPorts = 2> <OutPorts = 1>

State 7 <SV = 6> <Delay = 2.58>
ST_7 : Operation 178 [30/36] (2.58ns)   --->   "%srem_ln122 = srem i32 %add_ln122, %b_1" [extr_.linuxdriversmediacommoncx2341x.c_cx2341x_set_ctrl_with_main.c:122]   --->   Operation 178 'srem' 'srem_ln122' <Predicate = (ctrl_id_read == 131)> <Delay = 2.58> <Core = "DivnS_SEQ">   --->   Core 24 'DivnS_SEQ' <Latency = 35> <II = 32> <Delay = 2.58> <FuncUnit> <Opcode : 'sdiv' 'srem' 'udiv' 'urem'> <InPorts = 2> <OutPorts = 1>
ST_7 : Operation 179 [30/36] (2.58ns)   --->   "%srem_ln113 = srem i32 %add_ln113, %b" [extr_.linuxdriversmediacommoncx2341x.c_cx2341x_set_ctrl_with_main.c:113]   --->   Operation 179 'srem' 'srem_ln113' <Predicate = (ctrl_id_read == 133)> <Delay = 2.58> <Core = "DivnS_SEQ">   --->   Core 24 'DivnS_SEQ' <Latency = 35> <II = 32> <Delay = 2.58> <FuncUnit> <Opcode : 'sdiv' 'srem' 'udiv' 'urem'> <InPorts = 2> <OutPorts = 1>

State 8 <SV = 7> <Delay = 2.58>
ST_8 : Operation 180 [29/36] (2.58ns)   --->   "%srem_ln122 = srem i32 %add_ln122, %b_1" [extr_.linuxdriversmediacommoncx2341x.c_cx2341x_set_ctrl_with_main.c:122]   --->   Operation 180 'srem' 'srem_ln122' <Predicate = (ctrl_id_read == 131)> <Delay = 2.58> <Core = "DivnS_SEQ">   --->   Core 24 'DivnS_SEQ' <Latency = 35> <II = 32> <Delay = 2.58> <FuncUnit> <Opcode : 'sdiv' 'srem' 'udiv' 'urem'> <InPorts = 2> <OutPorts = 1>
ST_8 : Operation 181 [29/36] (2.58ns)   --->   "%srem_ln113 = srem i32 %add_ln113, %b" [extr_.linuxdriversmediacommoncx2341x.c_cx2341x_set_ctrl_with_main.c:113]   --->   Operation 181 'srem' 'srem_ln113' <Predicate = (ctrl_id_read == 133)> <Delay = 2.58> <Core = "DivnS_SEQ">   --->   Core 24 'DivnS_SEQ' <Latency = 35> <II = 32> <Delay = 2.58> <FuncUnit> <Opcode : 'sdiv' 'srem' 'udiv' 'urem'> <InPorts = 2> <OutPorts = 1>

State 9 <SV = 8> <Delay = 2.58>
ST_9 : Operation 182 [28/36] (2.58ns)   --->   "%srem_ln122 = srem i32 %add_ln122, %b_1" [extr_.linuxdriversmediacommoncx2341x.c_cx2341x_set_ctrl_with_main.c:122]   --->   Operation 182 'srem' 'srem_ln122' <Predicate = (ctrl_id_read == 131)> <Delay = 2.58> <Core = "DivnS_SEQ">   --->   Core 24 'DivnS_SEQ' <Latency = 35> <II = 32> <Delay = 2.58> <FuncUnit> <Opcode : 'sdiv' 'srem' 'udiv' 'urem'> <InPorts = 2> <OutPorts = 1>
ST_9 : Operation 183 [28/36] (2.58ns)   --->   "%srem_ln113 = srem i32 %add_ln113, %b" [extr_.linuxdriversmediacommoncx2341x.c_cx2341x_set_ctrl_with_main.c:113]   --->   Operation 183 'srem' 'srem_ln113' <Predicate = (ctrl_id_read == 133)> <Delay = 2.58> <Core = "DivnS_SEQ">   --->   Core 24 'DivnS_SEQ' <Latency = 35> <II = 32> <Delay = 2.58> <FuncUnit> <Opcode : 'sdiv' 'srem' 'udiv' 'urem'> <InPorts = 2> <OutPorts = 1>

State 10 <SV = 9> <Delay = 2.58>
ST_10 : Operation 184 [27/36] (2.58ns)   --->   "%srem_ln122 = srem i32 %add_ln122, %b_1" [extr_.linuxdriversmediacommoncx2341x.c_cx2341x_set_ctrl_with_main.c:122]   --->   Operation 184 'srem' 'srem_ln122' <Predicate = (ctrl_id_read == 131)> <Delay = 2.58> <Core = "DivnS_SEQ">   --->   Core 24 'DivnS_SEQ' <Latency = 35> <II = 32> <Delay = 2.58> <FuncUnit> <Opcode : 'sdiv' 'srem' 'udiv' 'urem'> <InPorts = 2> <OutPorts = 1>
ST_10 : Operation 185 [27/36] (2.58ns)   --->   "%srem_ln113 = srem i32 %add_ln113, %b" [extr_.linuxdriversmediacommoncx2341x.c_cx2341x_set_ctrl_with_main.c:113]   --->   Operation 185 'srem' 'srem_ln113' <Predicate = (ctrl_id_read == 133)> <Delay = 2.58> <Core = "DivnS_SEQ">   --->   Core 24 'DivnS_SEQ' <Latency = 35> <II = 32> <Delay = 2.58> <FuncUnit> <Opcode : 'sdiv' 'srem' 'udiv' 'urem'> <InPorts = 2> <OutPorts = 1>

State 11 <SV = 10> <Delay = 2.58>
ST_11 : Operation 186 [26/36] (2.58ns)   --->   "%srem_ln122 = srem i32 %add_ln122, %b_1" [extr_.linuxdriversmediacommoncx2341x.c_cx2341x_set_ctrl_with_main.c:122]   --->   Operation 186 'srem' 'srem_ln122' <Predicate = (ctrl_id_read == 131)> <Delay = 2.58> <Core = "DivnS_SEQ">   --->   Core 24 'DivnS_SEQ' <Latency = 35> <II = 32> <Delay = 2.58> <FuncUnit> <Opcode : 'sdiv' 'srem' 'udiv' 'urem'> <InPorts = 2> <OutPorts = 1>
ST_11 : Operation 187 [26/36] (2.58ns)   --->   "%srem_ln113 = srem i32 %add_ln113, %b" [extr_.linuxdriversmediacommoncx2341x.c_cx2341x_set_ctrl_with_main.c:113]   --->   Operation 187 'srem' 'srem_ln113' <Predicate = (ctrl_id_read == 133)> <Delay = 2.58> <Core = "DivnS_SEQ">   --->   Core 24 'DivnS_SEQ' <Latency = 35> <II = 32> <Delay = 2.58> <FuncUnit> <Opcode : 'sdiv' 'srem' 'udiv' 'urem'> <InPorts = 2> <OutPorts = 1>

State 12 <SV = 11> <Delay = 2.58>
ST_12 : Operation 188 [25/36] (2.58ns)   --->   "%srem_ln122 = srem i32 %add_ln122, %b_1" [extr_.linuxdriversmediacommoncx2341x.c_cx2341x_set_ctrl_with_main.c:122]   --->   Operation 188 'srem' 'srem_ln122' <Predicate = (ctrl_id_read == 131)> <Delay = 2.58> <Core = "DivnS_SEQ">   --->   Core 24 'DivnS_SEQ' <Latency = 35> <II = 32> <Delay = 2.58> <FuncUnit> <Opcode : 'sdiv' 'srem' 'udiv' 'urem'> <InPorts = 2> <OutPorts = 1>
ST_12 : Operation 189 [25/36] (2.58ns)   --->   "%srem_ln113 = srem i32 %add_ln113, %b" [extr_.linuxdriversmediacommoncx2341x.c_cx2341x_set_ctrl_with_main.c:113]   --->   Operation 189 'srem' 'srem_ln113' <Predicate = (ctrl_id_read == 133)> <Delay = 2.58> <Core = "DivnS_SEQ">   --->   Core 24 'DivnS_SEQ' <Latency = 35> <II = 32> <Delay = 2.58> <FuncUnit> <Opcode : 'sdiv' 'srem' 'udiv' 'urem'> <InPorts = 2> <OutPorts = 1>

State 13 <SV = 12> <Delay = 2.58>
ST_13 : Operation 190 [24/36] (2.58ns)   --->   "%srem_ln122 = srem i32 %add_ln122, %b_1" [extr_.linuxdriversmediacommoncx2341x.c_cx2341x_set_ctrl_with_main.c:122]   --->   Operation 190 'srem' 'srem_ln122' <Predicate = (ctrl_id_read == 131)> <Delay = 2.58> <Core = "DivnS_SEQ">   --->   Core 24 'DivnS_SEQ' <Latency = 35> <II = 32> <Delay = 2.58> <FuncUnit> <Opcode : 'sdiv' 'srem' 'udiv' 'urem'> <InPorts = 2> <OutPorts = 1>
ST_13 : Operation 191 [24/36] (2.58ns)   --->   "%srem_ln113 = srem i32 %add_ln113, %b" [extr_.linuxdriversmediacommoncx2341x.c_cx2341x_set_ctrl_with_main.c:113]   --->   Operation 191 'srem' 'srem_ln113' <Predicate = (ctrl_id_read == 133)> <Delay = 2.58> <Core = "DivnS_SEQ">   --->   Core 24 'DivnS_SEQ' <Latency = 35> <II = 32> <Delay = 2.58> <FuncUnit> <Opcode : 'sdiv' 'srem' 'udiv' 'urem'> <InPorts = 2> <OutPorts = 1>

State 14 <SV = 13> <Delay = 2.58>
ST_14 : Operation 192 [23/36] (2.58ns)   --->   "%srem_ln122 = srem i32 %add_ln122, %b_1" [extr_.linuxdriversmediacommoncx2341x.c_cx2341x_set_ctrl_with_main.c:122]   --->   Operation 192 'srem' 'srem_ln122' <Predicate = (ctrl_id_read == 131)> <Delay = 2.58> <Core = "DivnS_SEQ">   --->   Core 24 'DivnS_SEQ' <Latency = 35> <II = 32> <Delay = 2.58> <FuncUnit> <Opcode : 'sdiv' 'srem' 'udiv' 'urem'> <InPorts = 2> <OutPorts = 1>
ST_14 : Operation 193 [23/36] (2.58ns)   --->   "%srem_ln113 = srem i32 %add_ln113, %b" [extr_.linuxdriversmediacommoncx2341x.c_cx2341x_set_ctrl_with_main.c:113]   --->   Operation 193 'srem' 'srem_ln113' <Predicate = (ctrl_id_read == 133)> <Delay = 2.58> <Core = "DivnS_SEQ">   --->   Core 24 'DivnS_SEQ' <Latency = 35> <II = 32> <Delay = 2.58> <FuncUnit> <Opcode : 'sdiv' 'srem' 'udiv' 'urem'> <InPorts = 2> <OutPorts = 1>

State 15 <SV = 14> <Delay = 2.58>
ST_15 : Operation 194 [22/36] (2.58ns)   --->   "%srem_ln122 = srem i32 %add_ln122, %b_1" [extr_.linuxdriversmediacommoncx2341x.c_cx2341x_set_ctrl_with_main.c:122]   --->   Operation 194 'srem' 'srem_ln122' <Predicate = (ctrl_id_read == 131)> <Delay = 2.58> <Core = "DivnS_SEQ">   --->   Core 24 'DivnS_SEQ' <Latency = 35> <II = 32> <Delay = 2.58> <FuncUnit> <Opcode : 'sdiv' 'srem' 'udiv' 'urem'> <InPorts = 2> <OutPorts = 1>
ST_15 : Operation 195 [22/36] (2.58ns)   --->   "%srem_ln113 = srem i32 %add_ln113, %b" [extr_.linuxdriversmediacommoncx2341x.c_cx2341x_set_ctrl_with_main.c:113]   --->   Operation 195 'srem' 'srem_ln113' <Predicate = (ctrl_id_read == 133)> <Delay = 2.58> <Core = "DivnS_SEQ">   --->   Core 24 'DivnS_SEQ' <Latency = 35> <II = 32> <Delay = 2.58> <FuncUnit> <Opcode : 'sdiv' 'srem' 'udiv' 'urem'> <InPorts = 2> <OutPorts = 1>

State 16 <SV = 15> <Delay = 2.58>
ST_16 : Operation 196 [21/36] (2.58ns)   --->   "%srem_ln122 = srem i32 %add_ln122, %b_1" [extr_.linuxdriversmediacommoncx2341x.c_cx2341x_set_ctrl_with_main.c:122]   --->   Operation 196 'srem' 'srem_ln122' <Predicate = (ctrl_id_read == 131)> <Delay = 2.58> <Core = "DivnS_SEQ">   --->   Core 24 'DivnS_SEQ' <Latency = 35> <II = 32> <Delay = 2.58> <FuncUnit> <Opcode : 'sdiv' 'srem' 'udiv' 'urem'> <InPorts = 2> <OutPorts = 1>
ST_16 : Operation 197 [21/36] (2.58ns)   --->   "%srem_ln113 = srem i32 %add_ln113, %b" [extr_.linuxdriversmediacommoncx2341x.c_cx2341x_set_ctrl_with_main.c:113]   --->   Operation 197 'srem' 'srem_ln113' <Predicate = (ctrl_id_read == 133)> <Delay = 2.58> <Core = "DivnS_SEQ">   --->   Core 24 'DivnS_SEQ' <Latency = 35> <II = 32> <Delay = 2.58> <FuncUnit> <Opcode : 'sdiv' 'srem' 'udiv' 'urem'> <InPorts = 2> <OutPorts = 1>

State 17 <SV = 16> <Delay = 2.58>
ST_17 : Operation 198 [20/36] (2.58ns)   --->   "%srem_ln122 = srem i32 %add_ln122, %b_1" [extr_.linuxdriversmediacommoncx2341x.c_cx2341x_set_ctrl_with_main.c:122]   --->   Operation 198 'srem' 'srem_ln122' <Predicate = (ctrl_id_read == 131)> <Delay = 2.58> <Core = "DivnS_SEQ">   --->   Core 24 'DivnS_SEQ' <Latency = 35> <II = 32> <Delay = 2.58> <FuncUnit> <Opcode : 'sdiv' 'srem' 'udiv' 'urem'> <InPorts = 2> <OutPorts = 1>
ST_17 : Operation 199 [20/36] (2.58ns)   --->   "%srem_ln113 = srem i32 %add_ln113, %b" [extr_.linuxdriversmediacommoncx2341x.c_cx2341x_set_ctrl_with_main.c:113]   --->   Operation 199 'srem' 'srem_ln113' <Predicate = (ctrl_id_read == 133)> <Delay = 2.58> <Core = "DivnS_SEQ">   --->   Core 24 'DivnS_SEQ' <Latency = 35> <II = 32> <Delay = 2.58> <FuncUnit> <Opcode : 'sdiv' 'srem' 'udiv' 'urem'> <InPorts = 2> <OutPorts = 1>

State 18 <SV = 17> <Delay = 2.58>
ST_18 : Operation 200 [19/36] (2.58ns)   --->   "%srem_ln122 = srem i32 %add_ln122, %b_1" [extr_.linuxdriversmediacommoncx2341x.c_cx2341x_set_ctrl_with_main.c:122]   --->   Operation 200 'srem' 'srem_ln122' <Predicate = (ctrl_id_read == 131)> <Delay = 2.58> <Core = "DivnS_SEQ">   --->   Core 24 'DivnS_SEQ' <Latency = 35> <II = 32> <Delay = 2.58> <FuncUnit> <Opcode : 'sdiv' 'srem' 'udiv' 'urem'> <InPorts = 2> <OutPorts = 1>
ST_18 : Operation 201 [19/36] (2.58ns)   --->   "%srem_ln113 = srem i32 %add_ln113, %b" [extr_.linuxdriversmediacommoncx2341x.c_cx2341x_set_ctrl_with_main.c:113]   --->   Operation 201 'srem' 'srem_ln113' <Predicate = (ctrl_id_read == 133)> <Delay = 2.58> <Core = "DivnS_SEQ">   --->   Core 24 'DivnS_SEQ' <Latency = 35> <II = 32> <Delay = 2.58> <FuncUnit> <Opcode : 'sdiv' 'srem' 'udiv' 'urem'> <InPorts = 2> <OutPorts = 1>

State 19 <SV = 18> <Delay = 2.58>
ST_19 : Operation 202 [18/36] (2.58ns)   --->   "%srem_ln122 = srem i32 %add_ln122, %b_1" [extr_.linuxdriversmediacommoncx2341x.c_cx2341x_set_ctrl_with_main.c:122]   --->   Operation 202 'srem' 'srem_ln122' <Predicate = (ctrl_id_read == 131)> <Delay = 2.58> <Core = "DivnS_SEQ">   --->   Core 24 'DivnS_SEQ' <Latency = 35> <II = 32> <Delay = 2.58> <FuncUnit> <Opcode : 'sdiv' 'srem' 'udiv' 'urem'> <InPorts = 2> <OutPorts = 1>
ST_19 : Operation 203 [18/36] (2.58ns)   --->   "%srem_ln113 = srem i32 %add_ln113, %b" [extr_.linuxdriversmediacommoncx2341x.c_cx2341x_set_ctrl_with_main.c:113]   --->   Operation 203 'srem' 'srem_ln113' <Predicate = (ctrl_id_read == 133)> <Delay = 2.58> <Core = "DivnS_SEQ">   --->   Core 24 'DivnS_SEQ' <Latency = 35> <II = 32> <Delay = 2.58> <FuncUnit> <Opcode : 'sdiv' 'srem' 'udiv' 'urem'> <InPorts = 2> <OutPorts = 1>

State 20 <SV = 19> <Delay = 2.58>
ST_20 : Operation 204 [17/36] (2.58ns)   --->   "%srem_ln122 = srem i32 %add_ln122, %b_1" [extr_.linuxdriversmediacommoncx2341x.c_cx2341x_set_ctrl_with_main.c:122]   --->   Operation 204 'srem' 'srem_ln122' <Predicate = (ctrl_id_read == 131)> <Delay = 2.58> <Core = "DivnS_SEQ">   --->   Core 24 'DivnS_SEQ' <Latency = 35> <II = 32> <Delay = 2.58> <FuncUnit> <Opcode : 'sdiv' 'srem' 'udiv' 'urem'> <InPorts = 2> <OutPorts = 1>
ST_20 : Operation 205 [17/36] (2.58ns)   --->   "%srem_ln113 = srem i32 %add_ln113, %b" [extr_.linuxdriversmediacommoncx2341x.c_cx2341x_set_ctrl_with_main.c:113]   --->   Operation 205 'srem' 'srem_ln113' <Predicate = (ctrl_id_read == 133)> <Delay = 2.58> <Core = "DivnS_SEQ">   --->   Core 24 'DivnS_SEQ' <Latency = 35> <II = 32> <Delay = 2.58> <FuncUnit> <Opcode : 'sdiv' 'srem' 'udiv' 'urem'> <InPorts = 2> <OutPorts = 1>

State 21 <SV = 20> <Delay = 2.58>
ST_21 : Operation 206 [16/36] (2.58ns)   --->   "%srem_ln122 = srem i32 %add_ln122, %b_1" [extr_.linuxdriversmediacommoncx2341x.c_cx2341x_set_ctrl_with_main.c:122]   --->   Operation 206 'srem' 'srem_ln122' <Predicate = (ctrl_id_read == 131)> <Delay = 2.58> <Core = "DivnS_SEQ">   --->   Core 24 'DivnS_SEQ' <Latency = 35> <II = 32> <Delay = 2.58> <FuncUnit> <Opcode : 'sdiv' 'srem' 'udiv' 'urem'> <InPorts = 2> <OutPorts = 1>
ST_21 : Operation 207 [16/36] (2.58ns)   --->   "%srem_ln113 = srem i32 %add_ln113, %b" [extr_.linuxdriversmediacommoncx2341x.c_cx2341x_set_ctrl_with_main.c:113]   --->   Operation 207 'srem' 'srem_ln113' <Predicate = (ctrl_id_read == 133)> <Delay = 2.58> <Core = "DivnS_SEQ">   --->   Core 24 'DivnS_SEQ' <Latency = 35> <II = 32> <Delay = 2.58> <FuncUnit> <Opcode : 'sdiv' 'srem' 'udiv' 'urem'> <InPorts = 2> <OutPorts = 1>

State 22 <SV = 21> <Delay = 2.58>
ST_22 : Operation 208 [15/36] (2.58ns)   --->   "%srem_ln122 = srem i32 %add_ln122, %b_1" [extr_.linuxdriversmediacommoncx2341x.c_cx2341x_set_ctrl_with_main.c:122]   --->   Operation 208 'srem' 'srem_ln122' <Predicate = (ctrl_id_read == 131)> <Delay = 2.58> <Core = "DivnS_SEQ">   --->   Core 24 'DivnS_SEQ' <Latency = 35> <II = 32> <Delay = 2.58> <FuncUnit> <Opcode : 'sdiv' 'srem' 'udiv' 'urem'> <InPorts = 2> <OutPorts = 1>
ST_22 : Operation 209 [15/36] (2.58ns)   --->   "%srem_ln113 = srem i32 %add_ln113, %b" [extr_.linuxdriversmediacommoncx2341x.c_cx2341x_set_ctrl_with_main.c:113]   --->   Operation 209 'srem' 'srem_ln113' <Predicate = (ctrl_id_read == 133)> <Delay = 2.58> <Core = "DivnS_SEQ">   --->   Core 24 'DivnS_SEQ' <Latency = 35> <II = 32> <Delay = 2.58> <FuncUnit> <Opcode : 'sdiv' 'srem' 'udiv' 'urem'> <InPorts = 2> <OutPorts = 1>

State 23 <SV = 22> <Delay = 2.58>
ST_23 : Operation 210 [14/36] (2.58ns)   --->   "%srem_ln122 = srem i32 %add_ln122, %b_1" [extr_.linuxdriversmediacommoncx2341x.c_cx2341x_set_ctrl_with_main.c:122]   --->   Operation 210 'srem' 'srem_ln122' <Predicate = (ctrl_id_read == 131)> <Delay = 2.58> <Core = "DivnS_SEQ">   --->   Core 24 'DivnS_SEQ' <Latency = 35> <II = 32> <Delay = 2.58> <FuncUnit> <Opcode : 'sdiv' 'srem' 'udiv' 'urem'> <InPorts = 2> <OutPorts = 1>
ST_23 : Operation 211 [14/36] (2.58ns)   --->   "%srem_ln113 = srem i32 %add_ln113, %b" [extr_.linuxdriversmediacommoncx2341x.c_cx2341x_set_ctrl_with_main.c:113]   --->   Operation 211 'srem' 'srem_ln113' <Predicate = (ctrl_id_read == 133)> <Delay = 2.58> <Core = "DivnS_SEQ">   --->   Core 24 'DivnS_SEQ' <Latency = 35> <II = 32> <Delay = 2.58> <FuncUnit> <Opcode : 'sdiv' 'srem' 'udiv' 'urem'> <InPorts = 2> <OutPorts = 1>

State 24 <SV = 23> <Delay = 2.58>
ST_24 : Operation 212 [13/36] (2.58ns)   --->   "%srem_ln122 = srem i32 %add_ln122, %b_1" [extr_.linuxdriversmediacommoncx2341x.c_cx2341x_set_ctrl_with_main.c:122]   --->   Operation 212 'srem' 'srem_ln122' <Predicate = (ctrl_id_read == 131)> <Delay = 2.58> <Core = "DivnS_SEQ">   --->   Core 24 'DivnS_SEQ' <Latency = 35> <II = 32> <Delay = 2.58> <FuncUnit> <Opcode : 'sdiv' 'srem' 'udiv' 'urem'> <InPorts = 2> <OutPorts = 1>
ST_24 : Operation 213 [13/36] (2.58ns)   --->   "%srem_ln113 = srem i32 %add_ln113, %b" [extr_.linuxdriversmediacommoncx2341x.c_cx2341x_set_ctrl_with_main.c:113]   --->   Operation 213 'srem' 'srem_ln113' <Predicate = (ctrl_id_read == 133)> <Delay = 2.58> <Core = "DivnS_SEQ">   --->   Core 24 'DivnS_SEQ' <Latency = 35> <II = 32> <Delay = 2.58> <FuncUnit> <Opcode : 'sdiv' 'srem' 'udiv' 'urem'> <InPorts = 2> <OutPorts = 1>

State 25 <SV = 24> <Delay = 2.58>
ST_25 : Operation 214 [12/36] (2.58ns)   --->   "%srem_ln122 = srem i32 %add_ln122, %b_1" [extr_.linuxdriversmediacommoncx2341x.c_cx2341x_set_ctrl_with_main.c:122]   --->   Operation 214 'srem' 'srem_ln122' <Predicate = (ctrl_id_read == 131)> <Delay = 2.58> <Core = "DivnS_SEQ">   --->   Core 24 'DivnS_SEQ' <Latency = 35> <II = 32> <Delay = 2.58> <FuncUnit> <Opcode : 'sdiv' 'srem' 'udiv' 'urem'> <InPorts = 2> <OutPorts = 1>
ST_25 : Operation 215 [12/36] (2.58ns)   --->   "%srem_ln113 = srem i32 %add_ln113, %b" [extr_.linuxdriversmediacommoncx2341x.c_cx2341x_set_ctrl_with_main.c:113]   --->   Operation 215 'srem' 'srem_ln113' <Predicate = (ctrl_id_read == 133)> <Delay = 2.58> <Core = "DivnS_SEQ">   --->   Core 24 'DivnS_SEQ' <Latency = 35> <II = 32> <Delay = 2.58> <FuncUnit> <Opcode : 'sdiv' 'srem' 'udiv' 'urem'> <InPorts = 2> <OutPorts = 1>

State 26 <SV = 25> <Delay = 2.58>
ST_26 : Operation 216 [11/36] (2.58ns)   --->   "%srem_ln122 = srem i32 %add_ln122, %b_1" [extr_.linuxdriversmediacommoncx2341x.c_cx2341x_set_ctrl_with_main.c:122]   --->   Operation 216 'srem' 'srem_ln122' <Predicate = (ctrl_id_read == 131)> <Delay = 2.58> <Core = "DivnS_SEQ">   --->   Core 24 'DivnS_SEQ' <Latency = 35> <II = 32> <Delay = 2.58> <FuncUnit> <Opcode : 'sdiv' 'srem' 'udiv' 'urem'> <InPorts = 2> <OutPorts = 1>
ST_26 : Operation 217 [11/36] (2.58ns)   --->   "%srem_ln113 = srem i32 %add_ln113, %b" [extr_.linuxdriversmediacommoncx2341x.c_cx2341x_set_ctrl_with_main.c:113]   --->   Operation 217 'srem' 'srem_ln113' <Predicate = (ctrl_id_read == 133)> <Delay = 2.58> <Core = "DivnS_SEQ">   --->   Core 24 'DivnS_SEQ' <Latency = 35> <II = 32> <Delay = 2.58> <FuncUnit> <Opcode : 'sdiv' 'srem' 'udiv' 'urem'> <InPorts = 2> <OutPorts = 1>

State 27 <SV = 26> <Delay = 2.58>
ST_27 : Operation 218 [10/36] (2.58ns)   --->   "%srem_ln122 = srem i32 %add_ln122, %b_1" [extr_.linuxdriversmediacommoncx2341x.c_cx2341x_set_ctrl_with_main.c:122]   --->   Operation 218 'srem' 'srem_ln122' <Predicate = (ctrl_id_read == 131)> <Delay = 2.58> <Core = "DivnS_SEQ">   --->   Core 24 'DivnS_SEQ' <Latency = 35> <II = 32> <Delay = 2.58> <FuncUnit> <Opcode : 'sdiv' 'srem' 'udiv' 'urem'> <InPorts = 2> <OutPorts = 1>
ST_27 : Operation 219 [10/36] (2.58ns)   --->   "%srem_ln113 = srem i32 %add_ln113, %b" [extr_.linuxdriversmediacommoncx2341x.c_cx2341x_set_ctrl_with_main.c:113]   --->   Operation 219 'srem' 'srem_ln113' <Predicate = (ctrl_id_read == 133)> <Delay = 2.58> <Core = "DivnS_SEQ">   --->   Core 24 'DivnS_SEQ' <Latency = 35> <II = 32> <Delay = 2.58> <FuncUnit> <Opcode : 'sdiv' 'srem' 'udiv' 'urem'> <InPorts = 2> <OutPorts = 1>

State 28 <SV = 27> <Delay = 2.58>
ST_28 : Operation 220 [9/36] (2.58ns)   --->   "%srem_ln122 = srem i32 %add_ln122, %b_1" [extr_.linuxdriversmediacommoncx2341x.c_cx2341x_set_ctrl_with_main.c:122]   --->   Operation 220 'srem' 'srem_ln122' <Predicate = (ctrl_id_read == 131)> <Delay = 2.58> <Core = "DivnS_SEQ">   --->   Core 24 'DivnS_SEQ' <Latency = 35> <II = 32> <Delay = 2.58> <FuncUnit> <Opcode : 'sdiv' 'srem' 'udiv' 'urem'> <InPorts = 2> <OutPorts = 1>
ST_28 : Operation 221 [9/36] (2.58ns)   --->   "%srem_ln113 = srem i32 %add_ln113, %b" [extr_.linuxdriversmediacommoncx2341x.c_cx2341x_set_ctrl_with_main.c:113]   --->   Operation 221 'srem' 'srem_ln113' <Predicate = (ctrl_id_read == 133)> <Delay = 2.58> <Core = "DivnS_SEQ">   --->   Core 24 'DivnS_SEQ' <Latency = 35> <II = 32> <Delay = 2.58> <FuncUnit> <Opcode : 'sdiv' 'srem' 'udiv' 'urem'> <InPorts = 2> <OutPorts = 1>

State 29 <SV = 28> <Delay = 2.58>
ST_29 : Operation 222 [8/36] (2.58ns)   --->   "%srem_ln122 = srem i32 %add_ln122, %b_1" [extr_.linuxdriversmediacommoncx2341x.c_cx2341x_set_ctrl_with_main.c:122]   --->   Operation 222 'srem' 'srem_ln122' <Predicate = (ctrl_id_read == 131)> <Delay = 2.58> <Core = "DivnS_SEQ">   --->   Core 24 'DivnS_SEQ' <Latency = 35> <II = 32> <Delay = 2.58> <FuncUnit> <Opcode : 'sdiv' 'srem' 'udiv' 'urem'> <InPorts = 2> <OutPorts = 1>
ST_29 : Operation 223 [8/36] (2.58ns)   --->   "%srem_ln113 = srem i32 %add_ln113, %b" [extr_.linuxdriversmediacommoncx2341x.c_cx2341x_set_ctrl_with_main.c:113]   --->   Operation 223 'srem' 'srem_ln113' <Predicate = (ctrl_id_read == 133)> <Delay = 2.58> <Core = "DivnS_SEQ">   --->   Core 24 'DivnS_SEQ' <Latency = 35> <II = 32> <Delay = 2.58> <FuncUnit> <Opcode : 'sdiv' 'srem' 'udiv' 'urem'> <InPorts = 2> <OutPorts = 1>

State 30 <SV = 29> <Delay = 2.58>
ST_30 : Operation 224 [7/36] (2.58ns)   --->   "%srem_ln122 = srem i32 %add_ln122, %b_1" [extr_.linuxdriversmediacommoncx2341x.c_cx2341x_set_ctrl_with_main.c:122]   --->   Operation 224 'srem' 'srem_ln122' <Predicate = (ctrl_id_read == 131)> <Delay = 2.58> <Core = "DivnS_SEQ">   --->   Core 24 'DivnS_SEQ' <Latency = 35> <II = 32> <Delay = 2.58> <FuncUnit> <Opcode : 'sdiv' 'srem' 'udiv' 'urem'> <InPorts = 2> <OutPorts = 1>
ST_30 : Operation 225 [7/36] (2.58ns)   --->   "%srem_ln113 = srem i32 %add_ln113, %b" [extr_.linuxdriversmediacommoncx2341x.c_cx2341x_set_ctrl_with_main.c:113]   --->   Operation 225 'srem' 'srem_ln113' <Predicate = (ctrl_id_read == 133)> <Delay = 2.58> <Core = "DivnS_SEQ">   --->   Core 24 'DivnS_SEQ' <Latency = 35> <II = 32> <Delay = 2.58> <FuncUnit> <Opcode : 'sdiv' 'srem' 'udiv' 'urem'> <InPorts = 2> <OutPorts = 1>

State 31 <SV = 30> <Delay = 2.58>
ST_31 : Operation 226 [6/36] (2.58ns)   --->   "%srem_ln122 = srem i32 %add_ln122, %b_1" [extr_.linuxdriversmediacommoncx2341x.c_cx2341x_set_ctrl_with_main.c:122]   --->   Operation 226 'srem' 'srem_ln122' <Predicate = (ctrl_id_read == 131)> <Delay = 2.58> <Core = "DivnS_SEQ">   --->   Core 24 'DivnS_SEQ' <Latency = 35> <II = 32> <Delay = 2.58> <FuncUnit> <Opcode : 'sdiv' 'srem' 'udiv' 'urem'> <InPorts = 2> <OutPorts = 1>
ST_31 : Operation 227 [6/36] (2.58ns)   --->   "%srem_ln113 = srem i32 %add_ln113, %b" [extr_.linuxdriversmediacommoncx2341x.c_cx2341x_set_ctrl_with_main.c:113]   --->   Operation 227 'srem' 'srem_ln113' <Predicate = (ctrl_id_read == 133)> <Delay = 2.58> <Core = "DivnS_SEQ">   --->   Core 24 'DivnS_SEQ' <Latency = 35> <II = 32> <Delay = 2.58> <FuncUnit> <Opcode : 'sdiv' 'srem' 'udiv' 'urem'> <InPorts = 2> <OutPorts = 1>

State 32 <SV = 31> <Delay = 2.58>
ST_32 : Operation 228 [5/36] (2.58ns)   --->   "%srem_ln122 = srem i32 %add_ln122, %b_1" [extr_.linuxdriversmediacommoncx2341x.c_cx2341x_set_ctrl_with_main.c:122]   --->   Operation 228 'srem' 'srem_ln122' <Predicate = (ctrl_id_read == 131)> <Delay = 2.58> <Core = "DivnS_SEQ">   --->   Core 24 'DivnS_SEQ' <Latency = 35> <II = 32> <Delay = 2.58> <FuncUnit> <Opcode : 'sdiv' 'srem' 'udiv' 'urem'> <InPorts = 2> <OutPorts = 1>
ST_32 : Operation 229 [5/36] (2.58ns)   --->   "%srem_ln113 = srem i32 %add_ln113, %b" [extr_.linuxdriversmediacommoncx2341x.c_cx2341x_set_ctrl_with_main.c:113]   --->   Operation 229 'srem' 'srem_ln113' <Predicate = (ctrl_id_read == 133)> <Delay = 2.58> <Core = "DivnS_SEQ">   --->   Core 24 'DivnS_SEQ' <Latency = 35> <II = 32> <Delay = 2.58> <FuncUnit> <Opcode : 'sdiv' 'srem' 'udiv' 'urem'> <InPorts = 2> <OutPorts = 1>

State 33 <SV = 32> <Delay = 2.58>
ST_33 : Operation 230 [4/36] (2.58ns)   --->   "%srem_ln122 = srem i32 %add_ln122, %b_1" [extr_.linuxdriversmediacommoncx2341x.c_cx2341x_set_ctrl_with_main.c:122]   --->   Operation 230 'srem' 'srem_ln122' <Predicate = (ctrl_id_read == 131)> <Delay = 2.58> <Core = "DivnS_SEQ">   --->   Core 24 'DivnS_SEQ' <Latency = 35> <II = 32> <Delay = 2.58> <FuncUnit> <Opcode : 'sdiv' 'srem' 'udiv' 'urem'> <InPorts = 2> <OutPorts = 1>
ST_33 : Operation 231 [4/36] (2.58ns)   --->   "%srem_ln113 = srem i32 %add_ln113, %b" [extr_.linuxdriversmediacommoncx2341x.c_cx2341x_set_ctrl_with_main.c:113]   --->   Operation 231 'srem' 'srem_ln113' <Predicate = (ctrl_id_read == 133)> <Delay = 2.58> <Core = "DivnS_SEQ">   --->   Core 24 'DivnS_SEQ' <Latency = 35> <II = 32> <Delay = 2.58> <FuncUnit> <Opcode : 'sdiv' 'srem' 'udiv' 'urem'> <InPorts = 2> <OutPorts = 1>

State 34 <SV = 33> <Delay = 2.58>
ST_34 : Operation 232 [3/36] (2.58ns)   --->   "%srem_ln122 = srem i32 %add_ln122, %b_1" [extr_.linuxdriversmediacommoncx2341x.c_cx2341x_set_ctrl_with_main.c:122]   --->   Operation 232 'srem' 'srem_ln122' <Predicate = (ctrl_id_read == 131)> <Delay = 2.58> <Core = "DivnS_SEQ">   --->   Core 24 'DivnS_SEQ' <Latency = 35> <II = 32> <Delay = 2.58> <FuncUnit> <Opcode : 'sdiv' 'srem' 'udiv' 'urem'> <InPorts = 2> <OutPorts = 1>
ST_34 : Operation 233 [3/36] (2.58ns)   --->   "%srem_ln113 = srem i32 %add_ln113, %b" [extr_.linuxdriversmediacommoncx2341x.c_cx2341x_set_ctrl_with_main.c:113]   --->   Operation 233 'srem' 'srem_ln113' <Predicate = (ctrl_id_read == 133)> <Delay = 2.58> <Core = "DivnS_SEQ">   --->   Core 24 'DivnS_SEQ' <Latency = 35> <II = 32> <Delay = 2.58> <FuncUnit> <Opcode : 'sdiv' 'srem' 'udiv' 'urem'> <InPorts = 2> <OutPorts = 1>

State 35 <SV = 34> <Delay = 2.58>
ST_35 : Operation 234 [2/36] (2.58ns)   --->   "%srem_ln122 = srem i32 %add_ln122, %b_1" [extr_.linuxdriversmediacommoncx2341x.c_cx2341x_set_ctrl_with_main.c:122]   --->   Operation 234 'srem' 'srem_ln122' <Predicate = (ctrl_id_read == 131)> <Delay = 2.58> <Core = "DivnS_SEQ">   --->   Core 24 'DivnS_SEQ' <Latency = 35> <II = 32> <Delay = 2.58> <FuncUnit> <Opcode : 'sdiv' 'srem' 'udiv' 'urem'> <InPorts = 2> <OutPorts = 1>
ST_35 : Operation 235 [2/36] (2.58ns)   --->   "%srem_ln113 = srem i32 %add_ln113, %b" [extr_.linuxdriversmediacommoncx2341x.c_cx2341x_set_ctrl_with_main.c:113]   --->   Operation 235 'srem' 'srem_ln113' <Predicate = (ctrl_id_read == 133)> <Delay = 2.58> <Core = "DivnS_SEQ">   --->   Core 24 'DivnS_SEQ' <Latency = 35> <II = 32> <Delay = 2.58> <FuncUnit> <Opcode : 'sdiv' 'srem' 'udiv' 'urem'> <InPorts = 2> <OutPorts = 1>

State 36 <SV = 35> <Delay = 4.37>
ST_36 : Operation 236 [1/36] (2.58ns)   --->   "%srem_ln122 = srem i32 %add_ln122, %b_1" [extr_.linuxdriversmediacommoncx2341x.c_cx2341x_set_ctrl_with_main.c:122]   --->   Operation 236 'srem' 'srem_ln122' <Predicate = (ctrl_id_read == 131)> <Delay = 2.58> <Core = "DivnS_SEQ">   --->   Core 24 'DivnS_SEQ' <Latency = 35> <II = 32> <Delay = 2.58> <FuncUnit> <Opcode : 'sdiv' 'srem' 'udiv' 'urem'> <InPorts = 2> <OutPorts = 1>
ST_36 : Operation 237 [1/1] (1.78ns)   --->   "%sub_ln122 = sub i32 %add_ln122, %srem_ln122" [extr_.linuxdriversmediacommoncx2341x.c_cx2341x_set_ctrl_with_main.c:122]   --->   Operation 237 'sub' 'sub_ln122' <Predicate = (ctrl_id_read == 131)> <Delay = 1.78> <Core = "AddSub">   --->   Core 14 'AddSub' <Latency = 0> <II = 1> <Delay = 1.78> <FuncUnit> <Opcode : 'add' 'sub'> <InPorts = 2> <OutPorts = 1>
ST_36 : Operation 238 [1/1] (1.06ns)   --->   "br label %17" [extr_.linuxdriversmediacommoncx2341x.c_cx2341x_set_ctrl_with_main.c:124]   --->   Operation 238 'br' <Predicate = (ctrl_id_read == 131)> <Delay = 1.06>
ST_36 : Operation 239 [1/36] (2.58ns)   --->   "%srem_ln113 = srem i32 %add_ln113, %b" [extr_.linuxdriversmediacommoncx2341x.c_cx2341x_set_ctrl_with_main.c:113]   --->   Operation 239 'srem' 'srem_ln113' <Predicate = (ctrl_id_read == 133)> <Delay = 2.58> <Core = "DivnS_SEQ">   --->   Core 24 'DivnS_SEQ' <Latency = 35> <II = 32> <Delay = 2.58> <FuncUnit> <Opcode : 'sdiv' 'srem' 'udiv' 'urem'> <InPorts = 2> <OutPorts = 1>
ST_36 : Operation 240 [1/1] (1.78ns)   --->   "%sub_ln113 = sub i32 %add_ln113, %srem_ln113" [extr_.linuxdriversmediacommoncx2341x.c_cx2341x_set_ctrl_with_main.c:113]   --->   Operation 240 'sub' 'sub_ln113' <Predicate = (ctrl_id_read == 133)> <Delay = 1.78> <Core = "AddSub">   --->   Core 14 'AddSub' <Latency = 0> <II = 1> <Delay = 1.78> <FuncUnit> <Opcode : 'add' 'sub'> <InPorts = 2> <OutPorts = 1>
ST_36 : Operation 241 [1/1] (1.06ns)   --->   "br label %14" [extr_.linuxdriversmediacommoncx2341x.c_cx2341x_set_ctrl_with_main.c:115]   --->   Operation 241 'br' <Predicate = (ctrl_id_read == 133)> <Delay = 1.06>

State 37 <SV = 36> <Delay = 1.78>
ST_37 : Operation 242 [1/1] (0.00ns)   --->   "%storemerge = phi i32 [ %sub_ln122, %16 ], [ %sub_ln125, %18 ]" [extr_.linuxdriversmediacommoncx2341x.c_cx2341x_set_ctrl_with_main.c:122]   --->   Operation 242 'phi' 'storemerge' <Predicate = (ctrl_id_read == 131)> <Delay = 0.00>
ST_37 : Operation 243 [1/1] (1.54ns)   --->   "%icmp_ln124 = icmp sgt i32 %storemerge, 34" [extr_.linuxdriversmediacommoncx2341x.c_cx2341x_set_ctrl_with_main.c:124]   --->   Operation 243 'icmp' 'icmp_ln124' <Predicate = (ctrl_id_read == 131)> <Delay = 1.54> <Core = "Cmp">   --->   Core 25 'Cmp' <Latency = 0> <II = 1> <Delay = 1.54> <FuncUnit> <Opcode : 'icmp'> <InPorts = 2> <OutPorts = 1>
ST_37 : Operation 244 [1/1] (0.00ns)   --->   "br i1 %icmp_ln124, label %18, label %19" [extr_.linuxdriversmediacommoncx2341x.c_cx2341x_set_ctrl_with_main.c:124]   --->   Operation 244 'br' <Predicate = (ctrl_id_read == 131)> <Delay = 0.00>
ST_37 : Operation 245 [1/1] (1.78ns)   --->   "%sub_ln125 = sub nsw i32 %storemerge, %b_1" [extr_.linuxdriversmediacommoncx2341x.c_cx2341x_set_ctrl_with_main.c:125]   --->   Operation 245 'sub' 'sub_ln125' <Predicate = (ctrl_id_read == 131 & icmp_ln124)> <Delay = 1.78> <Core = "AddSub">   --->   Core 14 'AddSub' <Latency = 0> <II = 1> <Delay = 1.78> <FuncUnit> <Opcode : 'add' 'sub'> <InPorts = 2> <OutPorts = 1>
ST_37 : Operation 246 [1/1] (0.00ns)   --->   "br label %17" [extr_.linuxdriversmediacommoncx2341x.c_cx2341x_set_ctrl_with_main.c:125]   --->   Operation 246 'br' <Predicate = (ctrl_id_read == 131 & icmp_ln124)> <Delay = 0.00>
ST_37 : Operation 247 [1/1] (0.00ns)   --->   "call void @_ssdm_op_Write.ap_auto.i32P(i32* %params_video_gop_size, i32 %storemerge)" [extr_.linuxdriversmediacommoncx2341x.c_cx2341x_set_ctrl_with_main.c:125]   --->   Operation 247 'write' <Predicate = (ctrl_id_read == 131 & !icmp_ln124)> <Delay = 0.00>
ST_37 : Operation 248 [1/1] (0.00ns)   --->   "call void @_ssdm_op_Write.ap_auto.i32P(i32* %ctrl_value, i32 %storemerge)" [extr_.linuxdriversmediacommoncx2341x.c_cx2341x_set_ctrl_with_main.c:126]   --->   Operation 248 'write' <Predicate = (ctrl_id_read == 131 & !icmp_ln124)> <Delay = 0.00>
ST_37 : Operation 249 [1/1] (0.00ns)   --->   "br label %.loopexit" [extr_.linuxdriversmediacommoncx2341x.c_cx2341x_set_ctrl_with_main.c:127]   --->   Operation 249 'br' <Predicate = (ctrl_id_read == 131 & !icmp_ln124)> <Delay = 0.00>
ST_37 : Operation 250 [1/1] (0.00ns)   --->   "%storemerge1 = phi i32 [ %sub_ln113, %13 ], [ %sub_ln116, %15 ]" [extr_.linuxdriversmediacommoncx2341x.c_cx2341x_set_ctrl_with_main.c:113]   --->   Operation 250 'phi' 'storemerge1' <Predicate = (ctrl_id_read == 133)> <Delay = 0.00>
ST_37 : Operation 251 [1/1] (1.54ns)   --->   "%icmp_ln115 = icmp sgt i32 %storemerge1, 34" [extr_.linuxdriversmediacommoncx2341x.c_cx2341x_set_ctrl_with_main.c:115]   --->   Operation 251 'icmp' 'icmp_ln115' <Predicate = (ctrl_id_read == 133)> <Delay = 1.54> <Core = "Cmp">   --->   Core 25 'Cmp' <Latency = 0> <II = 1> <Delay = 1.54> <FuncUnit> <Opcode : 'icmp'> <InPorts = 2> <OutPorts = 1>
ST_37 : Operation 252 [1/1] (0.00ns)   --->   "br i1 %icmp_ln115, label %15, label %.loopexit.loopexit" [extr_.linuxdriversmediacommoncx2341x.c_cx2341x_set_ctrl_with_main.c:115]   --->   Operation 252 'br' <Predicate = (ctrl_id_read == 133)> <Delay = 0.00>
ST_37 : Operation 253 [1/1] (1.78ns)   --->   "%sub_ln116 = sub nsw i32 %storemerge1, %b" [extr_.linuxdriversmediacommoncx2341x.c_cx2341x_set_ctrl_with_main.c:116]   --->   Operation 253 'sub' 'sub_ln116' <Predicate = (ctrl_id_read == 133 & icmp_ln115)> <Delay = 1.78> <Core = "AddSub">   --->   Core 14 'AddSub' <Latency = 0> <II = 1> <Delay = 1.78> <FuncUnit> <Opcode : 'add' 'sub'> <InPorts = 2> <OutPorts = 1>
ST_37 : Operation 254 [1/1] (0.00ns)   --->   "br label %14" [extr_.linuxdriversmediacommoncx2341x.c_cx2341x_set_ctrl_with_main.c:116]   --->   Operation 254 'br' <Predicate = (ctrl_id_read == 133 & icmp_ln115)> <Delay = 0.00>
ST_37 : Operation 255 [1/1] (0.00ns)   --->   "call void @_ssdm_op_Write.ap_auto.i32P(i32* %params_video_gop_size, i32 %storemerge1)" [extr_.linuxdriversmediacommoncx2341x.c_cx2341x_set_ctrl_with_main.c:116]   --->   Operation 255 'write' <Predicate = (ctrl_id_read == 133 & !icmp_ln115)> <Delay = 0.00>
ST_37 : Operation 256 [1/1] (0.00ns)   --->   "br label %.loopexit"   --->   Operation 256 'br' <Predicate = (ctrl_id_read == 133 & !icmp_ln115)> <Delay = 0.00>
ST_37 : Operation 257 [1/1] (0.00ns)   --->   "br label %6" [extr_.linuxdriversmediacommoncx2341x.c_cx2341x_set_ctrl_with_main.c:216]   --->   Operation 257 'br' <Predicate = (ctrl_id_read == 150) | (ctrl_id_read == 149) | (ctrl_id_read == 147) | (ctrl_id_read == 146) | (ctrl_id_read == 144) | (ctrl_id_read == 141) | (ctrl_id_read == 140) | (ctrl_id_read == 148) | (ctrl_id_read == 145) | (ctrl_id_read == 143) | (ctrl_id_read == 142) | (ctrl_id_read == 138) | (ctrl_id_read == 139 & icmp_ln66) | (ctrl_id_read == 129) | (ctrl_id_read == 130) | (ctrl_id_read == 128) | (ctrl_id_read == 134 & icmp_ln66) | (ctrl_id_read == 136 & icmp_ln66) | (ctrl_id_read == 135 & icmp_ln66 & or_ln136) | (ctrl_id_read == 132) | (ctrl_id_read == 131 & !icmp_ln124) | (ctrl_id_read == 133 & !icmp_ln115) | (ctrl_id_read == 137) | (ctrl_id_read == 153) | (ctrl_id_read == 159) | (ctrl_id_read == 158) | (ctrl_id_read == 154) | (ctrl_id_read == 155) | (ctrl_id_read == 151) | (ctrl_id_read == 156 & icmp_ln66) | (ctrl_id_read == 157 & icmp_ln66) | (ctrl_id_read == 152 & icmp_ln66)> <Delay = 0.00>
ST_37 : Operation 258 [1/1] (0.00ns)   --->   "ret i32 0" [extr_.linuxdriversmediacommoncx2341x.c_cx2341x_set_ctrl_with_main.c:85]   --->   Operation 258 'ret' <Predicate = (ctrl_id_read != 131 & !icmp_ln115) | (ctrl_id_read == 131 & !icmp_ln124) | (ctrl_id_read != 133 & ctrl_id_read != 131)> <Delay = 0.00>


============================================================
+ Verbose Summary: Timing violations
============================================================
Target clock period: 10ns, clock uncertainty: 1.25ns.

 <State 1>: 4.37ns
The critical path consists of the following:
	wire read on port 'ctrl_value' (extr_.linuxdriversmediacommoncx2341x.c_cx2341x_set_ctrl_with_main.c:68) [81]  (0 ns)
	'add' operation ('add_ln122', extr_.linuxdriversmediacommoncx2341x.c_cx2341x_set_ctrl_with_main.c:122) [165]  (1.78 ns)
	'srem' operation ('srem_ln122', extr_.linuxdriversmediacommoncx2341x.c_cx2341x_set_ctrl_with_main.c:122) [166]  (2.58 ns)

 <State 2>: 2.58ns
The critical path consists of the following:
	'srem' operation ('srem_ln122', extr_.linuxdriversmediacommoncx2341x.c_cx2341x_set_ctrl_with_main.c:122) [166]  (2.58 ns)

 <State 3>: 2.58ns
The critical path consists of the following:
	'srem' operation ('srem_ln122', extr_.linuxdriversmediacommoncx2341x.c_cx2341x_set_ctrl_with_main.c:122) [166]  (2.58 ns)

 <State 4>: 2.58ns
The critical path consists of the following:
	'srem' operation ('srem_ln122', extr_.linuxdriversmediacommoncx2341x.c_cx2341x_set_ctrl_with_main.c:122) [166]  (2.58 ns)

 <State 5>: 2.58ns
The critical path consists of the following:
	'srem' operation ('srem_ln122', extr_.linuxdriversmediacommoncx2341x.c_cx2341x_set_ctrl_with_main.c:122) [166]  (2.58 ns)

 <State 6>: 2.58ns
The critical path consists of the following:
	'srem' operation ('srem_ln122', extr_.linuxdriversmediacommoncx2341x.c_cx2341x_set_ctrl_with_main.c:122) [166]  (2.58 ns)

 <State 7>: 2.58ns
The critical path consists of the following:
	'srem' operation ('srem_ln122', extr_.linuxdriversmediacommoncx2341x.c_cx2341x_set_ctrl_with_main.c:122) [166]  (2.58 ns)

 <State 8>: 2.58ns
The critical path consists of the following:
	'srem' operation ('srem_ln122', extr_.linuxdriversmediacommoncx2341x.c_cx2341x_set_ctrl_with_main.c:122) [166]  (2.58 ns)

 <State 9>: 2.58ns
The critical path consists of the following:
	'srem' operation ('srem_ln122', extr_.linuxdriversmediacommoncx2341x.c_cx2341x_set_ctrl_with_main.c:122) [166]  (2.58 ns)

 <State 10>: 2.58ns
The critical path consists of the following:
	'srem' operation ('srem_ln122', extr_.linuxdriversmediacommoncx2341x.c_cx2341x_set_ctrl_with_main.c:122) [166]  (2.58 ns)

 <State 11>: 2.58ns
The critical path consists of the following:
	'srem' operation ('srem_ln122', extr_.linuxdriversmediacommoncx2341x.c_cx2341x_set_ctrl_with_main.c:122) [166]  (2.58 ns)

 <State 12>: 2.58ns
The critical path consists of the following:
	'srem' operation ('srem_ln122', extr_.linuxdriversmediacommoncx2341x.c_cx2341x_set_ctrl_with_main.c:122) [166]  (2.58 ns)

 <State 13>: 2.58ns
The critical path consists of the following:
	'srem' operation ('srem_ln122', extr_.linuxdriversmediacommoncx2341x.c_cx2341x_set_ctrl_with_main.c:122) [166]  (2.58 ns)

 <State 14>: 2.58ns
The critical path consists of the following:
	'srem' operation ('srem_ln122', extr_.linuxdriversmediacommoncx2341x.c_cx2341x_set_ctrl_with_main.c:122) [166]  (2.58 ns)

 <State 15>: 2.58ns
The critical path consists of the following:
	'srem' operation ('srem_ln122', extr_.linuxdriversmediacommoncx2341x.c_cx2341x_set_ctrl_with_main.c:122) [166]  (2.58 ns)

 <State 16>: 2.58ns
The critical path consists of the following:
	'srem' operation ('srem_ln122', extr_.linuxdriversmediacommoncx2341x.c_cx2341x_set_ctrl_with_main.c:122) [166]  (2.58 ns)

 <State 17>: 2.58ns
The critical path consists of the following:
	'srem' operation ('srem_ln122', extr_.linuxdriversmediacommoncx2341x.c_cx2341x_set_ctrl_with_main.c:122) [166]  (2.58 ns)

 <State 18>: 2.58ns
The critical path consists of the following:
	'srem' operation ('srem_ln122', extr_.linuxdriversmediacommoncx2341x.c_cx2341x_set_ctrl_with_main.c:122) [166]  (2.58 ns)

 <State 19>: 2.58ns
The critical path consists of the following:
	'srem' operation ('srem_ln122', extr_.linuxdriversmediacommoncx2341x.c_cx2341x_set_ctrl_with_main.c:122) [166]  (2.58 ns)

 <State 20>: 2.58ns
The critical path consists of the following:
	'srem' operation ('srem_ln122', extr_.linuxdriversmediacommoncx2341x.c_cx2341x_set_ctrl_with_main.c:122) [166]  (2.58 ns)

 <State 21>: 2.58ns
The critical path consists of the following:
	'srem' operation ('srem_ln122', extr_.linuxdriversmediacommoncx2341x.c_cx2341x_set_ctrl_with_main.c:122) [166]  (2.58 ns)

 <State 22>: 2.58ns
The critical path consists of the following:
	'srem' operation ('srem_ln122', extr_.linuxdriversmediacommoncx2341x.c_cx2341x_set_ctrl_with_main.c:122) [166]  (2.58 ns)

 <State 23>: 2.58ns
The critical path consists of the following:
	'srem' operation ('srem_ln122', extr_.linuxdriversmediacommoncx2341x.c_cx2341x_set_ctrl_with_main.c:122) [166]  (2.58 ns)

 <State 24>: 2.58ns
The critical path consists of the following:
	'srem' operation ('srem_ln122', extr_.linuxdriversmediacommoncx2341x.c_cx2341x_set_ctrl_with_main.c:122) [166]  (2.58 ns)

 <State 25>: 2.58ns
The critical path consists of the following:
	'srem' operation ('srem_ln122', extr_.linuxdriversmediacommoncx2341x.c_cx2341x_set_ctrl_with_main.c:122) [166]  (2.58 ns)

 <State 26>: 2.58ns
The critical path consists of the following:
	'srem' operation ('srem_ln122', extr_.linuxdriversmediacommoncx2341x.c_cx2341x_set_ctrl_with_main.c:122) [166]  (2.58 ns)

 <State 27>: 2.58ns
The critical path consists of the following:
	'srem' operation ('srem_ln122', extr_.linuxdriversmediacommoncx2341x.c_cx2341x_set_ctrl_with_main.c:122) [166]  (2.58 ns)

 <State 28>: 2.58ns
The critical path consists of the following:
	'srem' operation ('srem_ln122', extr_.linuxdriversmediacommoncx2341x.c_cx2341x_set_ctrl_with_main.c:122) [166]  (2.58 ns)

 <State 29>: 2.58ns
The critical path consists of the following:
	'srem' operation ('srem_ln122', extr_.linuxdriversmediacommoncx2341x.c_cx2341x_set_ctrl_with_main.c:122) [166]  (2.58 ns)

 <State 30>: 2.58ns
The critical path consists of the following:
	'srem' operation ('srem_ln122', extr_.linuxdriversmediacommoncx2341x.c_cx2341x_set_ctrl_with_main.c:122) [166]  (2.58 ns)

 <State 31>: 2.58ns
The critical path consists of the following:
	'srem' operation ('srem_ln122', extr_.linuxdriversmediacommoncx2341x.c_cx2341x_set_ctrl_with_main.c:122) [166]  (2.58 ns)

 <State 32>: 2.58ns
The critical path consists of the following:
	'srem' operation ('srem_ln122', extr_.linuxdriversmediacommoncx2341x.c_cx2341x_set_ctrl_with_main.c:122) [166]  (2.58 ns)

 <State 33>: 2.58ns
The critical path consists of the following:
	'srem' operation ('srem_ln122', extr_.linuxdriversmediacommoncx2341x.c_cx2341x_set_ctrl_with_main.c:122) [166]  (2.58 ns)

 <State 34>: 2.58ns
The critical path consists of the following:
	'srem' operation ('srem_ln122', extr_.linuxdriversmediacommoncx2341x.c_cx2341x_set_ctrl_with_main.c:122) [166]  (2.58 ns)

 <State 35>: 2.58ns
The critical path consists of the following:
	'srem' operation ('srem_ln122', extr_.linuxdriversmediacommoncx2341x.c_cx2341x_set_ctrl_with_main.c:122) [166]  (2.58 ns)

 <State 36>: 4.37ns
The critical path consists of the following:
	'srem' operation ('srem_ln122', extr_.linuxdriversmediacommoncx2341x.c_cx2341x_set_ctrl_with_main.c:122) [166]  (2.58 ns)
	'sub' operation ('sub_ln122', extr_.linuxdriversmediacommoncx2341x.c_cx2341x_set_ctrl_with_main.c:122) [167]  (1.78 ns)

 <State 37>: 1.78ns
The critical path consists of the following:
	'phi' operation ('storemerge', extr_.linuxdriversmediacommoncx2341x.c_cx2341x_set_ctrl_with_main.c:122) with incoming values : ('sub_ln122', extr_.linuxdriversmediacommoncx2341x.c_cx2341x_set_ctrl_with_main.c:122) ('sub_ln125', extr_.linuxdriversmediacommoncx2341x.c_cx2341x_set_ctrl_with_main.c:125) [170]  (0 ns)
	'sub' operation ('sub_ln125', extr_.linuxdriversmediacommoncx2341x.c_cx2341x_set_ctrl_with_main.c:125) [174]  (1.78 ns)


============================================================
+ Verbose Summary: Binding
============================================================
N/A
* FSMD analyzer results:
  - Output states:
 - Input state : 
  - Chain level:
	State 1
	State 2
	State 3
	State 4
	State 5
	State 6
	State 7
	State 8
	State 9
	State 10
	State 11
	State 12
	State 13
	State 14
	State 15
	State 16
	State 17
	State 18
	State 19
	State 20
	State 21
	State 22
	State 23
	State 24
	State 25
	State 26
	State 27
	State 28
	State 29
	State 30
	State 31
	State 32
	State 33
	State 34
	State 35
	State 36
	State 37


============================================================
+ Verbose Summary: Datapath Resource usage 
============================================================
N/A
