

================================================================
== Vivado HLS Report for 'xmlNormalizeURIPath'
================================================================
* Date:           Sun May 24 22:10:32 2020

* Version:        2019.1 (Build 2552052 on Fri May 24 15:28:33 MDT 2019)
* Project:        proj_extr_.reactossdklib3rdpartylibxml2uri.c_xmlNormalizeURIPath_with_main.c
* Solution:       solution1
* Product family: kintex7
* Target device:  xc7k160t-fbg484-1


================================================================
== Performance Estimates
================================================================
+ Timing (ns): 
    * Summary: 
    +--------+-------+----------+------------+
    |  Clock | Target| Estimated| Uncertainty|
    +--------+-------+----------+------------+
    |ap_clk  |  10.00|     5.520|        1.25|
    +--------+-------+----------+------------+

+ Latency (clock cycles): 
    * Summary: 
    +-----+-----+-----+-----+---------+
    |  Latency  |  Interval | Pipeline|
    | min | max | min | max |   Type  |
    +-----+-----+-----+-----+---------+
    |    ?|    ?|    ?|    ?|   none  |
    +-----+-----+-----+-----+---------+

    + Detail: 
        * Instance: 
        N/A

        * Loop: 
        +-------------+-----+-----+----------+-----------+-----------+------+----------+
        |             |  Latency  | Iteration|  Initiation Interval  | Trip |          |
        |  Loop Name  | min | max |  Latency |  achieved |   target  | Count| Pipelined|
        +-------------+-----+-----+----------+-----------+-----------+------+----------+
        |- Loop 1     |    ?|    ?|         2|          -|          -|     ?|    no    |
        |- Loop 2     |    ?|    ?|         ?|          -|          -|     ?|    no    |
        | + Loop 2.1  |    ?|    ?|         2|          -|          -|     ?|    no    |
        | + Loop 2.2  |    ?|    ?|         2|          -|          -|     ?|    no    |
        | + Loop 2.3  |    ?|    ?|         3|          -|          -|     ?|    no    |
        |- Loop 3     |    ?|    ?|         2|          -|          -|     ?|    no    |
        |- Loop 4     |    ?|    ?|         ?|          -|          -|     ?|    no    |
        | + Loop 4.1  |    ?|    ?|         2|          -|          -|     ?|    no    |
        | + Loop 4.2  |    ?|    ?|         2|          -|          -|     ?|    no    |
        | + Loop 4.3  |    ?|    ?|         2|          -|          -|     ?|    no    |
        | + Loop 4.4  |    ?|    ?|         2|          -|          -|     ?|    no    |
        |- Loop 5     |    ?|    ?|         5|          -|          -|     ?|    no    |
        |- Loop 6     |    ?|    ?|         2|          -|          -|     ?|    no    |
        +-------------+-----+-----+----------+-----------+-----------+------+----------+



================================================================
== Utilization Estimates
================================================================
* Summary: 
+-----------------+---------+-------+--------+--------+-----+
|       Name      | BRAM_18K| DSP48E|   FF   |   LUT  | URAM|
+-----------------+---------+-------+--------+--------+-----+
|DSP              |        -|      -|       -|       -|    -|
|Expression       |        -|      -|       0|    1748|    -|
|FIFO             |        -|      -|       -|       -|    -|
|Instance         |        -|      -|       -|       -|    -|
|Memory           |        -|      -|       -|       -|    -|
|Multiplexer      |        -|      -|       -|     515|    -|
|Register         |        -|      -|    1991|       -|    -|
+-----------------+---------+-------+--------+--------+-----+
|Total            |        0|      0|    1991|    2263|    0|
+-----------------+---------+-------+--------+--------+-----+
|Available        |      650|    600|  202800|  101400|    0|
+-----------------+---------+-------+--------+--------+-----+
|Utilization (%)  |        0|      0|   ~0   |       2|    0|
+-----------------+---------+-------+--------+--------+-----+

+ Detail: 
    * Instance: 
    N/A

    * DSP48E: 
    N/A

    * Memory: 
    N/A

    * FIFO: 
    N/A

    * Expression: 
    +--------------------------+----------+-------+---+----+------------+------------+
    |       Variable Name      | Operation| DSP48E| FF| LUT| Bitwidth P0| Bitwidth P1|
    +--------------------------+----------+-------+---+----+------------+------------+
    |add_ln107_fu_679_p2       |     +    |      0|  0|  71|           1|          64|
    |add_ln118_fu_685_p2       |     +    |      0|  0|  71|          64|          64|
    |add_ln119_1_fu_710_p2     |     +    |      0|  0|  11|          11|           2|
    |add_ln119_2_fu_715_p2     |     +    |      0|  0|  11|          11|          11|
    |add_ln119_3_fu_725_p2     |     +    |      0|  0|  11|          11|           2|
    |add_ln119_4_fu_730_p2     |     +    |      0|  0|  11|          11|          11|
    |add_ln119_fu_690_p2       |     +    |      0|  0|  18|          11|           1|
    |add_ln142_fu_773_p2       |     +    |      0|  0|  71|           1|          64|
    |add_ln147_fu_789_p2       |     +    |      0|  0|  71|          64|           2|
    |add_ln160_1_fu_844_p2     |     +    |      0|  0|  11|          11|          11|
    |add_ln160_2_fu_838_p2     |     +    |      0|  0|  11|           2|          11|
    |add_ln160_fu_832_p2       |     +    |      0|  0|  71|           2|          64|
    |add_ln178_1_fu_872_p2     |     +    |      0|  0|  18|          11|           2|
    |add_ln178_2_fu_882_p2     |     +    |      0|  0|  71|          64|           2|
    |add_ln178_fu_862_p2       |     +    |      0|  0|  18|          11|           1|
    |add_ln185_fu_909_p2       |     +    |      0|  0|  71|           1|          64|
    |add_ln27_fu_469_p2        |     +    |      0|  0|  71|          64|           1|
    |add_ln42_fu_491_p2        |     +    |      0|  0|  18|           1|          11|
    |add_ln46_fu_629_p2        |     +    |      0|  0|  71|           1|          64|
    |add_ln61_fu_531_p2        |     +    |      0|  0|  71|           1|          64|
    |add_ln64_1_fu_572_p2      |     +    |      0|  0|  18|          11|          11|
    |add_ln64_fu_537_p2        |     +    |      0|  0|  18|          11|           1|
    |add_ln65_fu_566_p2        |     +    |      0|  0|  71|           1|          64|
    |add_ln67_1_fu_593_p2      |     +    |      0|  0|  11|          64|           1|
    |add_ln67_2_fu_598_p2      |     +    |      0|  0|  11|          64|          64|
    |add_ln67_fu_587_p2        |     +    |      0|  0|  11|          64|           1|
    |add_ln75_fu_647_p2        |     +    |      0|  0|  71|          64|           1|
    |cur_1_be_idx_fu_641_p2    |     +    |      0|  0|  71|          64|          64|
    |cur_3_sum_cast_fu_551_p2  |     +    |      0|  0|  18|          11|          11|
    |cur_3_sum_fu_581_p2       |     +    |      0|  0|  11|          64|          64|
    |p_sum30_cast_fu_613_p2    |     +    |      0|  0|  11|           2|          11|
    |p_sum30_fu_635_p2         |     +    |      0|  0|  71|          64|           2|
    |sum10_fu_510_p2           |     +    |      0|  0|  18|          11|          11|
    |sum12_fu_521_p2           |     +    |      0|  0|  18|          11|          11|
    |sum16_fu_556_p2           |     +    |      0|  0|  18|          11|          11|
    |sum26_fu_668_p2           |     +    |      0|  0|  18|          11|          11|
    |sum38_fu_753_p2           |     +    |      0|  0|  18|          11|          11|
    |sum40_fu_763_p2           |     +    |      0|  0|  11|          11|          11|
    |sum48_fu_817_p2           |     +    |      0|  0|  71|          64|          64|
    |sum62_fu_899_p2           |     +    |      0|  0|  18|          11|          11|
    |sum8_fu_619_p2            |     +    |      0|  0|  11|          11|          11|
    |tmp5_fu_758_p2            |     +    |      0|  0|  11|          11|          11|
    |tmp6_fu_740_p2            |     +    |      0|  0|  18|          11|           3|
    |and_ln119_fu_705_p2       |    and   |      0|  0|   6|           1|           1|
    |and_ln147_fu_804_p2       |    and   |      0|  0|   6|           1|           1|
    |ap_condition_925          |    and   |      0|  0|   6|           1|           1|
    |grp_fu_439_p2             |   icmp   |      0|  0|  11|           8|           6|
    |grp_fu_445_p2             |   icmp   |      0|  0|  11|           8|           1|
    |grp_fu_451_p2             |   icmp   |      0|  0|  11|           8|           6|
    |grp_fu_463_p2             |   icmp   |      0|  0|  11|           8|           1|
    |icmp_ln119_2_fu_700_p2    |   icmp   |      0|  0|  29|          64|           2|
    |icmp_ln147_fu_783_p2      |   icmp   |      0|  0|  29|          64|           1|
    |icmp_ln149_fu_812_p2      |   icmp   |      0|  0|  29|          64|           1|
    |icmp_ln160_fu_822_p2      |   icmp   |      0|  0|  29|          64|           1|
    |icmp_ln182_fu_889_p2      |   icmp   |      0|  0|  29|          64|           1|
    |grp_fu_457_p2             |    or    |      0|  0|   6|           1|           1|
    |select_ln147_fu_796_p3    |  select  |      0|  0|  64|           1|          64|
    +--------------------------+----------+-------+---+----+------------+------------+
    |Total                     |          |      0|  0|1748|        1369|        1065|
    +--------------------------+----------+-------+---+----+------------+------------+

    * Multiplexer: 
    +--------------------------------------------+-----+-----------+-----+-----------+
    |                    Name                    | LUT | Input Size| Bits| Total Bits|
    +--------------------------------------------+-----+-----------+-----+-----------+
    |add_ln67_pn_reg_349                         |    9|          2|   64|        128|
    |ap_NS_fsm                                   |  185|         42|    1|         42|
    |ap_phi_mux_out_0_lcssa100_pn_phi_fu_307_p4  |    9|          2|   11|         22|
    |cur_0_rec_reg_267                           |    9|          2|   64|        128|
    |cur_1_idx_reg_280                           |    9|          2|   64|        128|
    |cur_2_rec_reg_337                           |    9|          2|   64|        128|
    |cur_4_rec_reg_313                           |    9|          2|   64|        128|
    |cur_5_rec_reg_358                           |    9|          2|   64|        128|
    |cur_6_idx_fu_42                             |   15|          3|   64|        192|
    |cur_7_rec_reg_403                           |    9|          2|   64|        128|
    |cur_8_rec_reg_414                           |    9|          2|   64|        128|
    |out_0_idx_fu_38                             |    9|          2|   64|        128|
    |out_0_lcssa100_pn_reg_304                   |    9|          2|   11|         22|
    |out_1_rec_reg_292                           |    9|          2|   64|        128|
    |out_3_rec_reg_427                           |    9|          2|   64|        128|
    |path_address0                               |  141|         31|   10|        310|
    |path_d0                                     |   21|          4|    8|         32|
    |path_load_4_lcssa_reg_325                   |    9|          2|    8|         16|
    |segp_0_rec_reg_371                          |    9|          2|   64|        128|
    |segp_1_rec_reg_383                          |    9|          2|   64|        128|
    |segp_2_idx_reg_394                          |    9|          2|   64|        128|
    +--------------------------------------------+-----+-----------+-----+-----------+
    |Total                                       |  515|        114| 1009|       2428|
    +--------------------------------------------+-----+-----------+-----+-----------+

    * Register: 
    +---------------------------+----+----+-----+-----------+
    |            Name           | FF | LUT| Bits| Const Bits|
    +---------------------------+----+----+-----+-----------+
    |add_ln107_reg_1142         |  64|   0|   64|          0|
    |add_ln118_reg_1161         |  64|   0|   64|          0|
    |add_ln142_reg_1229         |  64|   0|   64|          0|
    |add_ln160_reg_1276         |  64|   0|   64|          0|
    |add_ln178_2_reg_1327       |  64|   0|   64|          0|
    |add_ln185_reg_1354         |  64|   0|   64|          0|
    |add_ln64_reg_1018          |  11|   0|   11|          0|
    |add_ln65_reg_1047          |  64|   0|   64|          0|
    |add_ln67_pn_reg_349        |  64|   0|   64|          0|
    |add_ln67_reg_1060          |  64|   0|   64|          0|
    |and_ln119_reg_1185         |   1|   0|    1|          0|
    |ap_CS_fsm                  |  41|   0|   41|          0|
    |cur_0_rec_reg_267          |  64|   0|   64|          0|
    |cur_1_idx_reg_280          |  64|   0|   64|          0|
    |cur_2_rec_reg_337          |  64|   0|   64|          0|
    |cur_3_sum_cast_reg_1028    |  11|   0|   11|          0|
    |cur_4_rec_reg_313          |  64|   0|   64|          0|
    |cur_5_rec_reg_358          |  64|   0|   64|          0|
    |cur_6_idx_fu_42            |  64|   0|   64|          0|
    |cur_6_idx_load_reg_1113    |  64|   0|   64|          0|
    |cur_7_rec_reg_403          |  64|   0|   64|          0|
    |cur_8_rec_reg_414          |  64|   0|   64|          0|
    |empty_14_reg_1207          |   1|   0|    1|          0|
    |empty_16_reg_1293          |  11|   0|   11|          0|
    |empty_2_reg_968            |  11|   0|   11|          0|
    |empty_4_reg_985            |  11|   0|   11|          0|
    |empty_5_reg_991            |  11|   0|   11|          0|
    |empty_7_reg_1121           |  11|   0|   11|          0|
    |empty_8_reg_1128           |  11|   0|   11|          0|
    |empty_reg_954              |  11|   0|   11|          0|
    |icmp_ln106_reg_1152        |   1|   0|    1|          0|
    |icmp_ln119_2_reg_1180      |   1|   0|    1|          0|
    |icmp_ln119_3_reg_1189      |   1|   0|    1|          0|
    |icmp_ln119_4_reg_1198      |   1|   0|    1|          0|
    |icmp_ln119_reg_1171        |   1|   0|    1|          0|
    |icmp_ln147_reg_1237        |   1|   0|    1|          0|
    |icmp_ln149_reg_1263        |   1|   0|    1|          0|
    |icmp_ln160_reg_1272        |   1|   0|    1|          0|
    |icmp_ln176_reg_1289        |   1|   0|    1|          0|
    |icmp_ln178_1_reg_1314      |   1|   0|    1|          0|
    |icmp_ln178_2_reg_1323      |   1|   0|    1|          0|
    |icmp_ln178_reg_1305        |   1|   0|    1|          0|
    |icmp_ln182_reg_1340        |   1|   0|    1|          0|
    |icmp_ln28_reg_933          |   1|   0|    1|          0|
    |icmp_ln37_reg_960          |   1|   0|    1|          0|
    |icmp_ln42_reg_964          |   1|   0|    1|          0|
    |icmp_ln54_reg_981          |   1|   0|    1|          0|
    |icmp_ln64_reg_1043         |   1|   0|    1|          0|
    |icmp_ln76_reg_1101         |   1|   0|    1|          0|
    |out_0_idx_fu_38            |  64|   0|   64|          0|
    |out_0_idx_load_reg_949     |  64|   0|   64|          0|
    |out_0_lcssa100_pn_reg_304  |  11|   0|   11|          0|
    |out_1_rec_reg_292          |  64|   0|   64|          0|
    |out_3_rec_reg_427          |  64|   0|   64|          0|
    |path_addr_13_reg_1156      |  10|   0|   10|          0|
    |path_addr_26_reg_1349      |  10|   0|   10|          0|
    |path_addr_6_reg_1002       |  10|   0|   10|          0|
    |path_addr_9_reg_1023       |  10|   0|   10|          0|
    |path_load_4_lcssa_reg_325  |   8|   0|    8|          0|
    |segp_0_rec_reg_371         |  64|   0|   64|          0|
    |segp_1_rec_reg_383         |  64|   0|   64|          0|
    |segp_2_idx_reg_394         |  64|   0|   64|          0|
    |segp_2_reg_1166            |  10|   0|   10|          0|
    |select_ln147_reg_1247      |  64|   0|   64|          0|
    |sum38_reg_1219             |  11|   0|   11|          0|
    |sum48_reg_1267             |  64|   0|   64|          0|
    |tmp6_reg_1214              |  11|   0|   11|          0|
    |trunc_ln147_reg_1258       |  11|   0|   11|          0|
    +---------------------------+----+----+-----+-----------+
    |Total                      |1991|   0| 1991|          0|
    +---------------------------+----+----+-----+-----------+



================================================================
== Interface
================================================================
* Summary: 
+---------------+-----+-----+------------+---------------------+--------------+
|   RTL Ports   | Dir | Bits|  Protocol  |    Source Object    |    C Type    |
+---------------+-----+-----+------------+---------------------+--------------+
|ap_clk         |  in |    1| ap_ctrl_hs | xmlNormalizeURIPath | return value |
|ap_rst         |  in |    1| ap_ctrl_hs | xmlNormalizeURIPath | return value |
|ap_start       |  in |    1| ap_ctrl_hs | xmlNormalizeURIPath | return value |
|ap_done        | out |    1| ap_ctrl_hs | xmlNormalizeURIPath | return value |
|ap_idle        | out |    1| ap_ctrl_hs | xmlNormalizeURIPath | return value |
|ap_ready       | out |    1| ap_ctrl_hs | xmlNormalizeURIPath | return value |
|ap_return      | out |   32| ap_ctrl_hs | xmlNormalizeURIPath | return value |
|path_address0  | out |   10|  ap_memory |         path        |     array    |
|path_ce0       | out |    1|  ap_memory |         path        |     array    |
|path_we0       | out |    1|  ap_memory |         path        |     array    |
|path_d0        | out |    8|  ap_memory |         path        |     array    |
|path_q0        |  in |    8|  ap_memory |         path        |     array    |
+---------------+-----+-----+------------+---------------------+--------------+

