==============================================================
Vivado(TM) HLS - High-Level Synthesis from C, C++ and SystemC v2019.1 (64-bit)
Copyright 1986-2019 Xilinx, Inc. All Rights Reserved.
==============================================================
INFO: [HLS 200-10] Setting target device to 'xc7k160t-fbg484-1'
INFO: [SYN 201-201] Setting up clock 'default' with a period of 5ns.
INFO: [SYN 201-201] Setting up clock 'default' with a period of 10ns.
INFO: [SCHED 204-61] Option 'relax_ii_for_timing' is enabled, will increase II to preserve clock frequency constraints.
INFO: [HLS 200-10] Analyzing design file 'extr_.FFmpeglibavcodecsnow_dwt.c_ff_snow_horizontal_compose97i_with_main.c' ... 
INFO: [HLS 200-111] Finished Linking Time (s): cpu = 00:00:13 ; elapsed = 00:00:27 . Memory (MB): peak = 832.453 ; gain = 132.133 ; free physical = 21908 ; free virtual = 44686
INFO: [HLS 200-111] Finished Checking Pragmas Time (s): cpu = 00:00:13 ; elapsed = 00:00:27 . Memory (MB): peak = 832.453 ; gain = 132.133 ; free physical = 21908 ; free virtual = 44686
INFO: [HLS 200-10] Starting code transformations ...
INFO: [HLS 200-111] Finished Standard Transforms Time (s): cpu = 00:00:15 ; elapsed = 00:00:28 . Memory (MB): peak = 832.453 ; gain = 132.133 ; free physical = 21906 ; free virtual = 44685
INFO: [HLS 200-10] Checking synthesizability ...
INFO: [XFORM 203-602] Inlining function 'ff_snow_horizontal_compose97i' into 'main' (extr_.FFmpeglibavcodecsnow_dwt.c_ff_snow_horizontal_compose97i_with_main.c:47) automatically.
WARNING: [SYNCHK 200-77] The top function 'main' has no outputs. Possible cause(s) are: (1) Output parameters are passed by value; (2) intended outputs (parameters or global variables) are never written; (3) there are infinite loops.
INFO: [SYNCHK 200-10] 0 error(s), 1 warning(s).
INFO: [HLS 200-111] Finished Checking Synthesizability Time (s): cpu = 00:00:15 ; elapsed = 00:00:29 . Memory (MB): peak = 832.453 ; gain = 132.133 ; free physical = 21906 ; free virtual = 44685
INFO: [HLS 200-111] Finished Pre-synthesis Time (s): cpu = 00:00:15 ; elapsed = 00:00:29 . Memory (MB): peak = 832.453 ; gain = 132.133 ; free physical = 21888 ; free virtual = 44666
INFO: [HLS 200-111] Finished Architecture Synthesis Time (s): cpu = 00:00:15 ; elapsed = 00:00:29 . Memory (MB): peak = 832.453 ; gain = 132.133 ; free physical = 21888 ; free virtual = 44666
INFO: [HLS 200-10] Starting hardware synthesis ...
INFO: [HLS 200-10] Synthesizing 'main' ...
INFO: [HLS 200-10] ----------------------------------------------------------------
INFO: [HLS 200-42] -- Implementing module 'main' 
INFO: [HLS 200-10] ----------------------------------------------------------------
INFO: [SCHED 204-11] Starting scheduling ...
INFO: [SCHED 204-11] Finished scheduling.
INFO: [HLS 200-111]  Elapsed time: 28.58 seconds; current allocated memory: 94.645 MB.
INFO: [BIND 205-100] Starting micro-architecture generation ...
INFO: [BIND 205-101] Performing variable lifetime analysis.
INFO: [BIND 205-101] Exploring resource sharing.
INFO: [BIND 205-101] Binding ...
INFO: [BIND 205-100] Finished micro-architecture generation.
INFO: [HLS 200-111]  Elapsed time: 0.01 seconds; current allocated memory: 94.680 MB.
INFO: [HLS 200-10] ----------------------------------------------------------------
INFO: [HLS 200-10] -- Generating RTL for module 'main' 
INFO: [HLS 200-10] ----------------------------------------------------------------
INFO: [RTGEN 206-500] Setting interface mode on function 'main' to 'ap_ctrl_hs'.
WARNING: [RTGEN 206-101] Setting dangling out port 'main/ap_return' to 0.
INFO: [RTGEN 206-100] Finished creating RTL model for 'main'.
INFO: [HLS 200-111]  Elapsed time: 0.01 seconds; current allocated memory: 94.753 MB.
INFO: [HLS 200-111] Finished generating all RTL models Time (s): cpu = 00:00:15 ; elapsed = 00:00:29 . Memory (MB): peak = 832.453 ; gain = 132.133 ; free physical = 21888 ; free virtual = 44667
INFO: [VHDL 208-304] Generating VHDL RTL for main.
INFO: [VLOG 209-307] Generating Verilog RTL for main.
INFO: [HLS 200-10] Creating and opening project '/home/vivado/aut/proj_extr_.BGAQRCode-Androidzbarsrcmainjnilibiconv-1.15libhkscs1999.h_hkscs1999_wctomb_with_main.c'.
INFO: [HLS 200-10] Adding design file 'extr_.BGAQRCode-Androidzbarsrcmainjnilibiconv-1.15libhkscs1999.h_hkscs1999_wctomb_with_main.c' to the project
INFO: [HLS 200-10] Creating and opening solution '/home/vivado/aut/proj_extr_.BGAQRCode-Androidzbarsrcmainjnilibiconv-1.15libhkscs1999.h_hkscs1999_wctomb_with_main.c/solution1'.
==============================================================
Vivado(TM) HLS - High-Level Synthesis from C, C++ and SystemC v2019.1 (64-bit)
Copyright 1986-2019 Xilinx, Inc. All Rights Reserved.
==============================================================
INFO: [SYN 201-201] Setting up clock 'default' with a period of 10ns.
INFO: [SCHED 204-61] Option 'relax_ii_for_timing' is enabled, will increase II to preserve clock frequency constraints.
INFO: [HLS 200-10] Analyzing design file 'extr_.FFmpeglibavcodecsnow_dwt.c_ff_snow_horizontal_compose97i_with_main.c' ... 
INFO: [HLS 200-111] Finished Linking Time (s): cpu = 00:01:04 ; elapsed = 00:05:25 . Memory (MB): peak = 900.414 ; gain = 200.094 ; free physical = 30176 ; free virtual = 39567
INFO: [HLS 200-111] Finished Checking Pragmas Time (s): cpu = 00:01:04 ; elapsed = 00:05:25 . Memory (MB): peak = 900.414 ; gain = 200.094 ; free physical = 30176 ; free virtual = 39567
INFO: [HLS 200-10] Starting code transformations ...
INFO: [HLS 200-111] Finished Standard Transforms Time (s): cpu = 00:01:05 ; elapsed = 00:05:27 . Memory (MB): peak = 900.414 ; gain = 200.094 ; free physical = 30175 ; free virtual = 39566
INFO: [HLS 200-10] Checking synthesizability ...
ERROR: [SYNCHK 200-61] extr_.FFmpeglibavcodecsnow_dwt.c_ff_snow_horizontal_compose97i_with_main.c:21: unsupported memory access on variable 'b' which is (or contains) an array with unknown size at compile time.
INFO: [SYNCHK 200-10] 1 error(s), 0 warning(s).
ERROR: [HLS 200-70] Synthesizability check failed.
INFO: [HLS 200-10] Opening project '/home/vivado/HLStools/vivado/new214/proj_extr_.FFmpeglibavcodecttadsp.c_tta_filter_process_c_with_main.c'.
INFO: [HLS 200-10] Opening solution '/home/vivado/HLStools/vivado/new214/proj_extr_.FFmpeglibavcodecttadsp.c_tta_filter_process_c_with_main.c/solution1'.
