==============================================================
Vivado(TM) HLS - High-Level Synthesis from C, C++ and SystemC v2019.1 (64-bit)
Copyright 1986-2019 Xilinx, Inc. All Rights Reserved.
==============================================================
INFO: [SYN 201-201] Setting up clock 'default' with a period of 5ns.
INFO: [SYN 201-201] Setting up clock 'default' with a period of 10ns.
INFO: [SCHED 204-61] Option 'relax_ii_for_timing' is enabled, will increase II to preserve clock frequency constraints.
INFO: [HLS 200-10] Analyzing design file 'extr_.anypixelfirmwaredisplayThirdPartySPLsrcstm32f0xx_rcc.c_RCC_GetClocksFreq_with_main.c' ... 
WARNING: [HLS 200-40] In file included from extr_.anypixelfirmwaredisplayThirdPartySPLsrcstm32f0xx_rcc.c_RCC_GetClocksFreq_with_main.c:1:
extr_.anypixelfirmwaredisplayThirdPartySPLsrcstm32f0xx_rcc.c_RCC_GetClocksFreq_with_main.c:80:36: warning: incompatible pointer to integer conversion assigning to 'int' from 'void *' [-Wint-conversion]
      RCC_Clocks->SYSCLK_Frequency = HSI48_VALUE;
                                   ^ ~~~~~~~~~~~
extr_.anypixelfirmwaredisplayThirdPartySPLsrcstm32f0xx_rcc.c_RCC_GetClocksFreq_with_main.c:131:34: warning: incompatible pointer to integer conversion assigning to 'int' from 'void *' [-Wint-conversion]
    RCC_Clocks->CECCLK_Frequency = LSE_VALUE;
                                 ^ ~~~~~~~~~
extr_.anypixelfirmwaredisplayThirdPartySPLsrcstm32f0xx_rcc.c_RCC_GetClocksFreq_with_main.c:160:37: warning: incompatible pointer to integer conversion assigning to 'int' from 'void *' [-Wint-conversion]
    RCC_Clocks->USART1CLK_Frequency = LSE_VALUE;
                                    ^ ~~~~~~~~~
extr_.anypixelfirmwaredisplayThirdPartySPLsrcstm32f0xx_rcc.c_RCC_GetClocksFreq_with_main.c:182:37: warning: incompatible pointer to integer conversion assigning to 'int' from 'void *' [-Wint-conversion]
    RCC_Clocks->USART2CLK_Frequency = LSE_VALUE;
                                    ^ ~~~~~~~~~
extr_.anypixelfirmwaredisplayThirdPartySPLsrcstm32f0xx_rcc.c_RCC_GetClocksFreq_with_main.c:194:34: warning: incompatible pointer to integer conversion assigning to 'int' from 'void *' [-Wint-conversion]
    RCC_Clocks->USBCLK_Frequency = HSI48_VALUE;
                                 ^ ~~~~~~~~~~~
5 warnings generated.
INFO: [HLS 200-111] Finished Linking Time (s): cpu = 00:00:14 ; elapsed = 00:01:58 . Memory (MB): peak = 902.391 ; gain = 202.070 ; free physical = 14713 ; free virtual = 44132
INFO: [HLS 200-111] Finished Checking Pragmas Time (s): cpu = 00:00:14 ; elapsed = 00:01:58 . Memory (MB): peak = 902.391 ; gain = 202.070 ; free physical = 14713 ; free virtual = 44132
INFO: [HLS 200-10] Starting code transformations ...
INFO: [HLS 200-111] Finished Standard Transforms Time (s): cpu = 00:00:15 ; elapsed = 00:01:59 . Memory (MB): peak = 902.391 ; gain = 202.070 ; free physical = 14713 ; free virtual = 44132
INFO: [HLS 200-10] Checking synthesizability ...
ERROR: [SYNCHK 200-41] extr_.anypixelfirmwaredisplayThirdPartySPLsrcstm32f0xx_rcc.c_RCC_GetClocksFreq_with_main.c:80: unsupported pointer reinterpretation from type 'i8*' to type 'i64' on variable 'HSI48_VALUE'.
ERROR: [SYNCHK 200-61] extr_.anypixelfirmwaredisplayThirdPartySPLsrcstm32f0xx_rcc.c_RCC_GetClocksFreq_with_main.c:90: unsupported memory access on variable 'APBAHBPrescTable' which is (or contains) an array with unknown size at compile time.
INFO: [SYNCHK 200-10] 2 error(s), 0 warning(s).
ERROR: [HLS 200-70] Synthesizability check failed.
ERROR: [HLS 200-101] 'source': Too many positional arguments specified.
INFO: [HLS 200-10] Opening solution '/home/vivado/HLStools/vivado/214_revisao/proj_extr_.anypixelfirmwaredisplayThirdPartySPLsrcstm32f0xx_rcc.c_RCC_GetClocksFreq_with_main.c/sol'.
==============================================================
Vivado(TM) HLS - High-Level Synthesis from C, C++ and SystemC v2019.1 (64-bit)
Copyright 1986-2019 Xilinx, Inc. All Rights Reserved.
==============================================================
INFO: [SYN 201-201] Setting up clock 'default' with a period of 10ns.
INFO: [SYN 201-201] Setting up clock 'default' with a period of 5ns.
INFO: [SYN 201-201] Setting up clock 'default' with a period of 10ns.
INFO: [SCHED 204-61] Option 'relax_ii_for_timing' is enabled, will increase II to preserve clock frequency constraints.
INFO: [HLS 200-10] Analyzing design file 'extr_.anypixelfirmwaredisplayThirdPartySPLsrcstm32f0xx_rcc.c_RCC_GetClocksFreq_with_main.c' ... 
WARNING: [HLS 200-40] In file included from extr_.anypixelfirmwaredisplayThirdPartySPLsrcstm32f0xx_rcc.c_RCC_GetClocksFreq_with_main.c:1:
extr_.anypixelfirmwaredisplayThirdPartySPLsrcstm32f0xx_rcc.c_RCC_GetClocksFreq_with_main.c:80:36: warning: incompatible pointer to integer conversion assigning to 'int' from 'void *' [-Wint-conversion]
      RCC_Clocks->SYSCLK_Frequency = HSI48_VALUE;
                                   ^ ~~~~~~~~~~~
extr_.anypixelfirmwaredisplayThirdPartySPLsrcstm32f0xx_rcc.c_RCC_GetClocksFreq_with_main.c:131:34: warning: incompatible pointer to integer conversion assigning to 'int' from 'void *' [-Wint-conversion]
    RCC_Clocks->CECCLK_Frequency = LSE_VALUE;
                                 ^ ~~~~~~~~~
extr_.anypixelfirmwaredisplayThirdPartySPLsrcstm32f0xx_rcc.c_RCC_GetClocksFreq_with_main.c:160:37: warning: incompatible pointer to integer conversion assigning to 'int' from 'void *' [-Wint-conversion]
    RCC_Clocks->USART1CLK_Frequency = LSE_VALUE;
                                    ^ ~~~~~~~~~
extr_.anypixelfirmwaredisplayThirdPartySPLsrcstm32f0xx_rcc.c_RCC_GetClocksFreq_with_main.c:182:37: warning: incompatible pointer to integer conversion assigning to 'int' from 'void *' [-Wint-conversion]
    RCC_Clocks->USART2CLK_Frequency = LSE_VALUE;
                                    ^ ~~~~~~~~~
extr_.anypixelfirmwaredisplayThirdPartySPLsrcstm32f0xx_rcc.c_RCC_GetClocksFreq_with_main.c:194:34: warning: incompatible pointer to integer conversion assigning to 'int' from 'void *' [-Wint-conversion]
    RCC_Clocks->USBCLK_Frequency = HSI48_VALUE;
                                 ^ ~~~~~~~~~~~
5 warnings generated.
