==============================================================
Vivado(TM) HLS - High-Level Synthesis from C, C++ and SystemC v2019.1 (64-bit)
Copyright 1986-2019 Xilinx, Inc. All Rights Reserved.
==============================================================
==============================================================
Vivado(TM) HLS - High-Level Synthesis from C, C++ and SystemC v2019.1 (64-bit)
Copyright 1986-2019 Xilinx, Inc. All Rights Reserved.
==============================================================
==============================================================
Vivado(TM) HLS - High-Level Synthesis from C, C++ and SystemC v2019.1 (64-bit)
Copyright 1986-2019 Xilinx, Inc. All Rights Reserved.
==============================================================
INFO: [SYN 201-201] Setting up clock 'default' with a period of 10ns.
INFO: [SCHED 204-61] Option 'relax_ii_for_timing' is enabled, will increase II to preserve clock frequency constraints.
INFO: [HLS 200-10] Analyzing design file 'extr_.disquedepsjemallocsrcctl.c_ctl_arena_stats_smerge_with_main.c' ... 
INFO: [HLS 200-111] Finished Linking Time (s): cpu = 00:01:38 ; elapsed = 00:10:38 . Memory (MB): peak = 899.422 ; gain = 199.102 ; free physical = 30480 ; free virtual = 39654
INFO: [HLS 200-111] Finished Checking Pragmas Time (s): cpu = 00:01:38 ; elapsed = 00:10:38 . Memory (MB): peak = 899.422 ; gain = 199.102 ; free physical = 30480 ; free virtual = 39654
INFO: [HLS 200-10] Starting code transformations ...
INFO: [HLS 200-111] Finished Standard Transforms Time (s): cpu = 00:01:39 ; elapsed = 00:10:39 . Memory (MB): peak = 899.422 ; gain = 199.102 ; free physical = 30480 ; free virtual = 39654
INFO: [HLS 200-10] Checking synthesizability ...
ERROR: [SYNCHK 200-11] extr_.disquedepsjemallocsrcctl.c_ctl_arena_stats_smerge_with_main.c:32: Argument 'sstats.hstats.curhchunks' of function 'ctl_arena_stats_smerge' (extr_.disquedepsjemallocsrcctl.c_ctl_arena_stats_smerge_with_main.c:32) has an unsynthesizable type (possible cause(s): pointer to pointer or global pointer).
ERROR: [SYNCHK 200-61] extr_.disquedepsjemallocsrcctl.c_ctl_arena_stats_smerge_with_main.c:62: unsupported memory access on variable 'astats.bstats.nmalloc' which is (or contains) an array with unknown size at compile time.
ERROR: [SYNCHK 200-79] Cannot find the top function '' in the design. Possible causes are: (1) the top function name is misspelled; (2) the top function is nonexistent or declared as static.
INFO: [SYNCHK 200-10] 3 error(s), 0 warning(s).
ERROR: [HLS 200-70] Synthesizability check failed.
INFO: [HLS 200-10] Opening project '/home/vivado/HLStools/vivado/new214/NAO/proj_extr_.emscriptensystemlibhtml5dom_pk_codes.c_emscripten_compute_dom_pk_code_with_main.c'.
INFO: [HLS 200-10] Opening solution '/home/vivado/HLStools/vivado/new214/NAO/proj_extr_.emscriptensystemlibhtml5dom_pk_codes.c_emscripten_compute_dom_pk_code_with_main.c/sol'.
