==============================================================
Vivado(TM) HLS - High-Level Synthesis from C, C++ and SystemC v2019.1 (64-bit)
Copyright 1986-2019 Xilinx, Inc. All Rights Reserved.
==============================================================
==============================================================
Vivado(TM) HLS - High-Level Synthesis from C, C++ and SystemC v2019.1 (64-bit)
Copyright 1986-2019 Xilinx, Inc. All Rights Reserved.
==============================================================
INFO: [SYN 201-201] Setting up clock 'default' with a period of 10ns.
INFO: [HLS 200-10] Setting target device to 'xc7k160t-fbg484-1'
INFO: [SCHED 204-61] Option 'relax_ii_for_timing' is enabled, will increase II to preserve clock frequency constraints.
INFO: [HLS 200-10] Analyzing design file 'extr_.darknetsrcimage.c_draw_box_with_main.c' ... 
INFO: [HLS 200-111] Finished Linking Time (s): cpu = 00:00:13 ; elapsed = 00:02:11 . Memory (MB): peak = 902.391 ; gain = 202.070 ; free physical = 17753 ; free virtual = 36593
INFO: [HLS 200-111] Finished Checking Pragmas Time (s): cpu = 00:00:13 ; elapsed = 00:02:11 . Memory (MB): peak = 902.391 ; gain = 202.070 ; free physical = 17753 ; free virtual = 36593
INFO: [HLS 200-10] Starting code transformations ...
INFO: [HLS 200-111] Finished Standard Transforms Time (s): cpu = 00:00:15 ; elapsed = 00:02:13 . Memory (MB): peak = 902.391 ; gain = 202.070 ; free physical = 17752 ; free virtual = 36592
INFO: [HLS 200-10] Checking synthesizability ...
ERROR: [SYNCHK 200-61] extr_.darknetsrcimage.c_draw_box_with_main.c:34: unsupported memory access on variable 'a.data' which is (or contains) an array with unknown size at compile time.
INFO: [SYNCHK 200-10] 1 error(s), 0 warning(s).
ERROR: [HLS 200-70] Synthesizability check failed.
INFO: [HLS 200-10] Creating and opening project '/home/vivado/HLStools/vivado/new214/proj_extr_.darwin-xnubsdnfsnfs4_vnops.c_nfs_open_file_remove_open_find_with_main.c'.
INFO: [HLS 200-10] Adding design file 'extr_.darwin-xnubsdnfsnfs4_vnops.c_nfs_open_file_remove_open_find_with_main.c' to the project
WARNING: [HLS 200-40] No /home/vivado/HLStools/vivado/new214/proj_extr_.darwin-xnubsdnfsnfs4_vnops.c_nfs_open_file_remove_open_find_with_main.c/sol/sol.aps file found.
INFO: [SYN 201-201] Setting up clock 'default' with a period of 5ns.
INFO: [SYN 201-201] Setting up clock 'default' with a period of 10ns.
INFO: [SCHED 204-61] Option 'relax_ii_for_timing' is enabled, will increase II to preserve clock frequency constraints.
INFO: [HLS 200-10] Analyzing design file 'extr_.darwin-xnubsdnfsnfs4_vnops.c_nfs_open_file_remove_open_find_with_main.c' ... 
INFO: [HLS 200-111] Finished Linking Time (s): cpu = 00:00:27 ; elapsed = 00:04:02 . Memory (MB): peak = 902.391 ; gain = 202.070 ; free physical = 17745 ; free virtual = 36585
INFO: [HLS 200-111] Finished Checking Pragmas Time (s): cpu = 00:00:27 ; elapsed = 00:04:02 . Memory (MB): peak = 902.391 ; gain = 202.070 ; free physical = 17745 ; free virtual = 36585
INFO: [HLS 200-10] Starting code transformations ...
INFO: [HLS 200-111] Finished Standard Transforms Time (s): cpu = 00:00:29 ; elapsed = 00:04:04 . Memory (MB): peak = 902.391 ; gain = 202.070 ; free physical = 17745 ; free virtual = 36585
INFO: [HLS 200-10] Checking synthesizability ...
INFO: [HLS 200-111] Finished Checking Synthesizability Time (s): cpu = 00:00:29 ; elapsed = 00:04:04 . Memory (MB): peak = 902.391 ; gain = 202.070 ; free physical = 17745 ; free virtual = 36586
INFO: [HLS 200-111] Finished Pre-synthesis Time (s): cpu = 00:00:29 ; elapsed = 00:04:04 . Memory (MB): peak = 902.391 ; gain = 202.070 ; free physical = 17731 ; free virtual = 36572
INFO: [HLS 200-111] Finished Architecture Synthesis Time (s): cpu = 00:00:29 ; elapsed = 00:04:04 . Memory (MB): peak = 902.391 ; gain = 202.070 ; free physical = 17731 ; free virtual = 36571
INFO: [HLS 200-10] Starting hardware synthesis ...
INFO: [HLS 200-10] Synthesizing 'nfs_open_file_remove_open_find' ...
INFO: [HLS 200-10] ----------------------------------------------------------------
INFO: [HLS 200-42] -- Implementing module 'nfs_open_file_remove_open_find' 
INFO: [HLS 200-10] ----------------------------------------------------------------
INFO: [SCHED 204-11] Starting scheduling ...
INFO: [SCHED 204-11] Finished scheduling.
INFO: [HLS 200-111]  Elapsed time: 244.11 seconds; current allocated memory: 96.650 MB.
INFO: [BIND 205-100] Starting micro-architecture generation ...
INFO: [BIND 205-101] Performing variable lifetime analysis.
INFO: [BIND 205-101] Exploring resource sharing.
INFO: [BIND 205-101] Binding ...
INFO: [BIND 205-100] Finished micro-architecture generation.
INFO: [HLS 200-111]  Elapsed time: 0.02 seconds; current allocated memory: 96.806 MB.
INFO: [HLS 200-10] ----------------------------------------------------------------
INFO: [HLS 200-10] -- Generating RTL for module 'nfs_open_file_remove_open_find' 
INFO: [HLS 200-10] ----------------------------------------------------------------
INFO: [RTGEN 206-500] Setting interface mode on port 'nfs_open_file_remove_open_find/nofp_nof_access' to 'ap_none'.
INFO: [RTGEN 206-500] Setting interface mode on port 'nfs_open_file_remove_open_find/nofp_nof_deny' to 'ap_none'.
INFO: [RTGEN 206-500] Setting interface mode on port 'nfs_open_file_remove_open_find/nofp_nof_r' to 'ap_none'.
INFO: [RTGEN 206-500] Setting interface mode on port 'nfs_open_file_remove_open_find/nofp_nof_d_r' to 'ap_none'.
INFO: [RTGEN 206-500] Setting interface mode on port 'nfs_open_file_remove_open_find/nofp_nof_rw' to 'ap_none'.
INFO: [RTGEN 206-500] Setting interface mode on port 'nfs_open_file_remove_open_find/nofp_nof_d_rw' to 'ap_none'.
INFO: [RTGEN 206-500] Setting interface mode on port 'nfs_open_file_remove_open_find/nofp_nof_r_dw' to 'ap_none'.
INFO: [RTGEN 206-500] Setting interface mode on port 'nfs_open_file_remove_open_find/nofp_nof_d_r_dw' to 'ap_none'.
INFO: [RTGEN 206-500] Setting interface mode on port 'nfs_open_file_remove_open_find/nofp_nof_rw_dw' to 'ap_none'.
INFO: [RTGEN 206-500] Setting interface mode on port 'nfs_open_file_remove_open_find/nofp_nof_d_rw_dw' to 'ap_none'.
INFO: [RTGEN 206-500] Setting interface mode on port 'nfs_open_file_remove_open_find/nofp_nof_r_drw' to 'ap_none'.
INFO: [RTGEN 206-500] Setting interface mode on port 'nfs_open_file_remove_open_find/nofp_nof_d_r_drw' to 'ap_none'.
INFO: [RTGEN 206-500] Setting interface mode on port 'nfs_open_file_remove_open_find/nofp_nof_w' to 'ap_none'.
INFO: [RTGEN 206-500] Setting interface mode on port 'nfs_open_file_remove_open_find/nofp_nof_d_w' to 'ap_none'.
INFO: [RTGEN 206-500] Setting interface mode on port 'nfs_open_file_remove_open_find/nofp_nof_w_dw' to 'ap_none'.
INFO: [RTGEN 206-500] Setting interface mode on port 'nfs_open_file_remove_open_find/nofp_nof_d_w_dw' to 'ap_none'.
INFO: [RTGEN 206-500] Setting interface mode on port 'nfs_open_file_remove_open_find/nofp_nof_w_drw' to 'ap_none'.
INFO: [RTGEN 206-500] Setting interface mode on port 'nfs_open_file_remove_open_find/nofp_nof_d_w_drw' to 'ap_none'.
INFO: [RTGEN 206-500] Setting interface mode on port 'nfs_open_file_remove_open_find/nofp_nof_rw_drw' to 'ap_none'.
INFO: [RTGEN 206-500] Setting interface mode on port 'nfs_open_file_remove_open_find/nofp_nof_d_rw_drw' to 'ap_none'.
INFO: [RTGEN 206-500] Setting interface mode on port 'nfs_open_file_remove_open_find/accessMode' to 'ap_none'.
INFO: [RTGEN 206-500] Setting interface mode on port 'nfs_open_file_remove_open_find/denyMode' to 'ap_none'.
INFO: [RTGEN 206-500] Setting interface mode on port 'nfs_open_file_remove_open_find/newAccessMode' to 'ap_vld'.
INFO: [RTGEN 206-500] Setting interface mode on port 'nfs_open_file_remove_open_find/newDenyMode' to 'ap_vld'.
INFO: [RTGEN 206-500] Setting interface mode on port 'nfs_open_file_remove_open_find/delegated' to 'ap_vld'.
INFO: [RTGEN 206-500] Setting interface mode on function 'nfs_open_file_remove_open_find' to 'ap_ctrl_hs'.
WARNING: [RTGEN 206-101] Port 'nfs_open_file_remove_open_find/nofp_nof_r' has no fanin or fanout and is left dangling.
               Please use C simulation to confirm this function argument can be read from or written to.
WARNING: [RTGEN 206-101] Port 'nfs_open_file_remove_open_find/nofp_nof_rw' has no fanin or fanout and is left dangling.
               Please use C simulation to confirm this function argument can be read from or written to.
WARNING: [RTGEN 206-101] Port 'nfs_open_file_remove_open_find/nofp_nof_d_rw' has no fanin or fanout and is left dangling.
               Please use C simulation to confirm this function argument can be read from or written to.
WARNING: [RTGEN 206-101] Port 'nfs_open_file_remove_open_find/nofp_nof_r_dw' has no fanin or fanout and is left dangling.
               Please use C simulation to confirm this function argument can be read from or written to.
WARNING: [RTGEN 206-101] Port 'nfs_open_file_remove_open_find/nofp_nof_d_r_dw' has no fanin or fanout and is left dangling.
               Please use C simulation to confirm this function argument can be read from or written to.
WARNING: [RTGEN 206-101] Port 'nfs_open_file_remove_open_find/nofp_nof_rw_dw' has no fanin or fanout and is left dangling.
               Please use C simulation to confirm this function argument can be read from or written to.
WARNING: [RTGEN 206-101] Port 'nfs_open_file_remove_open_find/nofp_nof_d_rw_dw' has no fanin or fanout and is left dangling.
               Please use C simulation to confirm this function argument can be read from or written to.
WARNING: [RTGEN 206-101] Port 'nfs_open_file_remove_open_find/nofp_nof_r_drw' has no fanin or fanout and is left dangling.
               Please use C simulation to confirm this function argument can be read from or written to.
WARNING: [RTGEN 206-101] Port 'nfs_open_file_remove_open_find/nofp_nof_w' has no fanin or fanout and is left dangling.
               Please use C simulation to confirm this function argument can be read from or written to.
WARNING: [RTGEN 206-101] Port 'nfs_open_file_remove_open_find/nofp_nof_d_w' has no fanin or fanout and is left dangling.
               Please use C simulation to confirm this function argument can be read from or written to.
WARNING: [RTGEN 206-101] Port 'nfs_open_file_remove_open_find/nofp_nof_w_dw' has no fanin or fanout and is left dangling.
               Please use C simulation to confirm this function argument can be read from or written to.
WARNING: [RTGEN 206-101] Port 'nfs_open_file_remove_open_find/nofp_nof_d_w_dw' has no fanin or fanout and is left dangling.
               Please use C simulation to confirm this function argument can be read from or written to.
WARNING: [RTGEN 206-101] Port 'nfs_open_file_remove_open_find/nofp_nof_w_drw' has no fanin or fanout and is left dangling.
               Please use C simulation to confirm this function argument can be read from or written to.
WARNING: [RTGEN 206-101] Port 'nfs_open_file_remove_open_find/nofp_nof_d_w_drw' has no fanin or fanout and is left dangling.
               Please use C simulation to confirm this function argument can be read from or written to.
WARNING: [RTGEN 206-101] Port 'nfs_open_file_remove_open_find/nofp_nof_rw_drw' has no fanin or fanout and is left dangling.
               Please use C simulation to confirm this function argument can be read from or written to.
WARNING: [RTGEN 206-101] Port 'nfs_open_file_remove_open_find/nofp_nof_d_rw_drw' has no fanin or fanout and is left dangling.
               Please use C simulation to confirm this function argument can be read from or written to.
INFO: [RTGEN 206-100] Finished creating RTL model for 'nfs_open_file_remove_open_find'.
INFO: [HLS 200-111]  Elapsed time: 0.09 seconds; current allocated memory: 97.024 MB.
ERROR: [HLS 200-445] Unexpected error generating RTL model: generate_json error: Cannot find synthesis report file '/home/vivado/HLStools/vivado/new214/proj_extr_.darwin-xnubsdnfsnfs4_vnops.c_nfs_open_file_remove_open_find_with_main.c/sol/syn/report/nfs_open_file_remove_open_find_csynth.xml'
INFO: [SCHED 204-61] Option 'relax_ii_for_timing' is enabled, will increase II to preserve clock frequency constraints.
WARNING: [HLS 200-40] Cannot find source file extr_.darwin-xnubsdnfsnfs4_vnops.c_nfs_open_file_remove_open_find_with_main.c; skipping it.
ERROR: [HLS 200-70] Cannot find any design unit to elaborate.
INFO: [SCHED 204-61] Option 'relax_ii_for_timing' is enabled, will increase II to preserve clock frequency constraints.
WARNING: [HLS 200-40] Cannot find source file extr_.darwin-xnubsdnfsnfs4_vnops.c_nfs_open_file_remove_open_find_with_main.c; skipping it.
ERROR: [HLS 200-70] Cannot find any design unit to elaborate.
INFO: [HLS 200-10] Adding design file 'extr_.darknetsrcimage.c_draw_box_with_main.c' to the project
INFO: [SCHED 204-61] Option 'relax_ii_for_timing' is enabled, will increase II to preserve clock frequency constraints.
WARNING: [HLS 200-40] Cannot find source file extr_.darwin-xnubsdnfsnfs4_vnops.c_nfs_open_file_remove_open_find_with_main.c; skipping it.
INFO: [HLS 200-10] Analyzing design file 'extr_.darknetsrcimage.c_draw_box_with_main.c' ... 
INFO: [HLS 200-111] Finished Linking Time (s): cpu = 00:00:42 ; elapsed = 00:05:09 . Memory (MB): peak = 902.391 ; gain = 202.070 ; free physical = 17724 ; free virtual = 36565
INFO: [HLS 200-111] Finished Checking Pragmas Time (s): cpu = 00:00:42 ; elapsed = 00:05:09 . Memory (MB): peak = 902.391 ; gain = 202.070 ; free physical = 17724 ; free virtual = 36565
INFO: [HLS 200-10] Starting code transformations ...
ERROR: [SYNCHK 200-79] Cannot find the top function 'nfs_open_file_remove_open_find' in the design. Possible causes are: (1) the top function name is misspelled; (2) the top function is nonexistent or declared as static.
ERROR: [HLS 200-70] Synthesizability check failed.
INFO: [HLS 200-10] Opening project '/home/vivado/HLStools/vivado/new214/proj_extr_.darwin-xnubsdnfsnfs4_vnops.c_nfs_open_file_remove_open_find_with_main.c'.
INFO: [HLS 200-10] Opening solution '/home/vivado/HLStools/vivado/new214/proj_extr_.darwin-xnubsdnfsnfs4_vnops.c_nfs_open_file_remove_open_find_with_main.c/sol'.
==============================================================
Vivado(TM) HLS - High-Level Synthesis from C, C++ and SystemC v2019.1 (64-bit)
Copyright 1986-2019 Xilinx, Inc. All Rights Reserved.
==============================================================
INFO: [SYN 201-201] Setting up clock 'default' with a period of 10ns.
INFO: [SCHED 204-61] Option 'relax_ii_for_timing' is enabled, will increase II to preserve clock frequency constraints.
INFO: [HLS 200-10] Analyzing design file 'extr_.darknetsrcimage.c_draw_box_with_main.c' ... 
INFO: [HLS 200-111] Finished Linking Time (s): cpu = 00:00:27 ; elapsed = 00:01:27 . Memory (MB): peak = 899.422 ; gain = 199.102 ; free physical = 17780 ; free virtual = 36625
INFO: [HLS 200-111] Finished Checking Pragmas Time (s): cpu = 00:00:27 ; elapsed = 00:01:27 . Memory (MB): peak = 899.422 ; gain = 199.102 ; free physical = 17780 ; free virtual = 36625
INFO: [HLS 200-10] Starting code transformations ...
INFO: [HLS 200-111] Finished Standard Transforms Time (s): cpu = 00:00:29 ; elapsed = 00:01:28 . Memory (MB): peak = 899.422 ; gain = 199.102 ; free physical = 17780 ; free virtual = 36625
INFO: [HLS 200-10] Checking synthesizability ...
ERROR: [SYNCHK 200-61] extr_.darknetsrcimage.c_draw_box_with_main.c:34: unsupported memory access on variable 'a.data' which is (or contains) an array with unknown size at compile time.
INFO: [SYNCHK 200-10] 1 error(s), 0 warning(s).
ERROR: [HLS 200-70] Synthesizability check failed.
ERROR: [HLS 200-70] The name 'proj_extr_.disquedepsjemallocsrcctl.c_ctl_arena_stats_smerge_with_main.c/' contains illegal character '/' 
INFO: [HLS 200-10] Opening project '/home/vivado/HLStools/vivado/new214/NAO/proj_extr_.disquedepsjemallocsrcctl.c_ctl_arena_stats_smerge_with_main.c'.
INFO: [HLS 200-10] Opening solution '/home/vivado/HLStools/vivado/new214/NAO/proj_extr_.disquedepsjemallocsrcctl.c_ctl_arena_stats_smerge_with_main.c/sol'.
==============================================================
Vivado(TM) HLS - High-Level Synthesis from C, C++ and SystemC v2019.1 (64-bit)
Copyright 1986-2019 Xilinx, Inc. All Rights Reserved.
==============================================================
INFO: [SYN 201-201] Setting up clock 'default' with a period of 10ns.
INFO: [SCHED 204-61] Option 'relax_ii_for_timing' is enabled, will increase II to preserve clock frequency constraints.
INFO: [HLS 200-10] Analyzing design file 'extr_.darknetsrcimage.c_draw_box_with_main.c' ... 
INFO: [HLS 200-111] Finished Linking Time (s): cpu = 00:01:24 ; elapsed = 00:10:01 . Memory (MB): peak = 899.422 ; gain = 199.102 ; free physical = 30480 ; free virtual = 39654
INFO: [HLS 200-111] Finished Checking Pragmas Time (s): cpu = 00:01:24 ; elapsed = 00:10:01 . Memory (MB): peak = 899.422 ; gain = 199.102 ; free physical = 30480 ; free virtual = 39654
INFO: [HLS 200-10] Starting code transformations ...
INFO: [HLS 200-111] Finished Standard Transforms Time (s): cpu = 00:01:25 ; elapsed = 00:10:03 . Memory (MB): peak = 899.422 ; gain = 199.102 ; free physical = 30480 ; free virtual = 39654
INFO: [HLS 200-10] Checking synthesizability ...
ERROR: [SYNCHK 200-61] extr_.darknetsrcimage.c_draw_box_with_main.c:34: unsupported memory access on variable 'a.data' which is (or contains) an array with unknown size at compile time.
INFO: [SYNCHK 200-10] 1 error(s), 0 warning(s).
ERROR: [HLS 200-70] Synthesizability check failed.
INFO: [HLS 200-10] Opening project '/home/vivado/HLStools/vivado/new214/NAO/proj_extr_.disquedepsjemallocsrcctl.c_ctl_arena_stats_smerge_with_main.c'.
INFO: [HLS 200-10] Opening solution '/home/vivado/HLStools/vivado/new214/NAO/proj_extr_.disquedepsjemallocsrcctl.c_ctl_arena_stats_smerge_with_main.c/sol'.
