==============================================================
Vivado(TM) HLS - High-Level Synthesis from C, C++ and SystemC v2019.1 (64-bit)
Copyright 1986-2019 Xilinx, Inc. All Rights Reserved.
==============================================================
INFO: [SYN 201-201] Setting up clock 'default' with a period of 5ns.
INFO: [SYN 201-201] Setting up clock 'default' with a period of 10ns.
INFO: [SCHED 204-61] Option 'relax_ii_for_timing' is enabled, will increase II to preserve clock frequency constraints.
INFO: [HLS 200-10] Analyzing design file 'extr_.emscriptensystemlibhtml5key_codes.c_emscripten_dom_vk_to_string_with_main.c' ... 
INFO: [HLS 200-111] Finished Linking Time (s): cpu = 00:00:27 ; elapsed = 00:07:11 . Memory (MB): peak = 832.453 ; gain = 132.133 ; free physical = 14756 ; free virtual = 44189
INFO: [HLS 200-111] Finished Checking Pragmas Time (s): cpu = 00:00:27 ; elapsed = 00:07:11 . Memory (MB): peak = 832.453 ; gain = 132.133 ; free physical = 14756 ; free virtual = 44189
INFO: [HLS 200-10] Starting code transformations ...
INFO: [HLS 200-111] Finished Standard Transforms Time (s): cpu = 00:00:29 ; elapsed = 00:07:13 . Memory (MB): peak = 832.453 ; gain = 132.133 ; free physical = 14756 ; free virtual = 44189
INFO: [HLS 200-10] Checking synthesizability ...
ERROR: [SYNCHK 200-75] extr_.emscriptensystemlibhtml5key_codes.c_emscripten_dom_vk_to_string_with_main.c:198: function 'emscripten_dom_vk_to_string' returns a pointer value; please inline this function or change return to an argument.
INFO: [SYNCHK 200-10] 1 error(s), 0 warning(s).
ERROR: [HLS 200-70] Synthesizability check failed.
INFO: [HLS 200-10] Opening project '/home/vivado/HLStools/vivado/214_revisao/proj_extr_.emscriptentestsopenjpeglibopenjpegtcd.c_tcd_makelayer_with_main.c'.
ERROR: [HLS 200-70] The name 'proj_extr_.emscriptentestsopenjpeglibopenjpegtcd.c_tcd_makelayer_with_main.c/' contains illegal character '/' 
ERROR: [HLS 200-70] The name 'proj_extr_.emscriptentestsopenjpeglibopenjpegtcd.c_tcd_makelayer_with_main.c/' contains illegal character '/' 
INFO: [HLS 200-10] Opening project '/home/vivado/HLStools/vivado/214_revisao/proj_extr_.emscriptentestsopenjpeglibopenjpegtcd.c_tcd_makelayer_with_main.c'.
INFO: [HLS 200-10] Creating and opening solution '/home/vivado/HLStools/vivado/214_revisao/proj_extr_.emscriptentestsopenjpeglibopenjpegtcd.c_tcd_makelayer_with_main.c/sol'.
