==============================================================
Vivado(TM) HLS - High-Level Synthesis from C, C++ and SystemC v2019.1 (64-bit)
Copyright 1986-2019 Xilinx, Inc. All Rights Reserved.
==============================================================
INFO: [SYN 201-201] Setting up clock 'default' with a period of 5ns.
INFO: [SYN 201-201] Setting up clock 'default' with a period of 10ns.
INFO: [SCHED 204-61] Option 'relax_ii_for_timing' is enabled, will increase II to preserve clock frequency constraints.
INFO: [HLS 200-10] Analyzing design file 'extr_.rufussrcstdio.c_GetVdsError_with_main.c' ... 
INFO: [HLS 200-111] Finished Linking Time (s): cpu = 00:02:32 ; elapsed = 00:07:03 . Memory (MB): peak = 832.453 ; gain = 132.133 ; free physical = 21687 ; free virtual = 44534
INFO: [HLS 200-111] Finished Checking Pragmas Time (s): cpu = 00:02:32 ; elapsed = 00:07:03 . Memory (MB): peak = 832.453 ; gain = 132.133 ; free physical = 21687 ; free virtual = 44535
INFO: [HLS 200-10] Starting code transformations ...
INFO: [XFORM 203-603] Inlining function 'GetVdsError' into 'main' (extr_.rufussrcstdio.c_GetVdsError_with_main.c:437).
INFO: [HLS 200-111] Finished Standard Transforms Time (s): cpu = 00:02:33 ; elapsed = 00:07:05 . Memory (MB): peak = 832.453 ; gain = 132.133 ; free physical = 21687 ; free virtual = 44535
INFO: [HLS 200-10] Checking synthesizability ...
ERROR: [SYNCHK 200-75] extr_.rufussrcstdio.c_GetVdsError_with_main.c:16: function 'GetVdsError' returns a pointer value; please inline this function or change return to an argument.
INFO: [SYNCHK 200-10] 1 error(s), 0 warning(s).
ERROR: [HLS 200-70] Synthesizability check failed.
INFO: [HLS 200-10] Creating and opening project '/home/vivado/aut/proj_extr_.gitsha1dcubc_check.c_ubc_check_with_main.c'.
INFO: [HLS 200-10] Adding design file 'extr_.gitsha1dcubc_check.c_ubc_check_with_main.c' to the project
INFO: [HLS 200-10] Creating and opening solution '/home/vivado/aut/proj_extr_.gitsha1dcubc_check.c_ubc_check_with_main.c/solution1'.
