

================================================================
== Vivado HLS Report for 'imsttfb_check_var'
================================================================
* Date:           Sun May 24 19:33:38 2020

* Version:        2019.1 (Build 2552052 on Fri May 24 15:28:33 MDT 2019)
* Project:        proj_extr_.linuxdriversvideofbdevimsttfb.c_imsttfb_check_var_with_main.c
* Solution:       solution1
* Product family: kintex7
* Target device:  xc7k160t-fbg484-1


================================================================
== Performance Estimates
================================================================
+ Timing (ns): 
    * Summary: 
    +--------+-------+----------+------------+
    |  Clock | Target| Estimated| Uncertainty|
    +--------+-------+----------+------------+
    |ap_clk  |  10.00|     8.126|        1.25|
    +--------+-------+----------+------------+

+ Latency (clock cycles): 
    * Summary: 
    +-----+-----+-----+-----+---------+
    |  Latency  |  Interval | Pipeline|
    | min | max | min | max |   Type  |
    +-----+-----+-----+-----+---------+
    |    1|   72|    1|   72|   none  |
    +-----+-----+-----+-----+---------+

    + Detail: 
        * Instance: 
        N/A

        * Loop: 
        N/A

============================================================
+ Verbose Summary: Synthesis Manager
============================================================
InlineROM: 1
ExposeGlobal: 0
============================================================
+ Verbose Summary: CDFG Model
============================================================
IsTopModel: 1
ResetActiveHigh: 1
IsCombinational: 0
IsDatapathOnly: 0
HasWiredReturn: 1
HasMFsm: 0
HasVarLatency: 1
IsPipeline: 0
IsRtlPipelined: 0
IsInstanceOverlapped: 0
IsDontTouch: 0
HasImplIP: 0
IsGatedGlobalClock: 0


============================================================
+ Verbose Summary: Schedule
============================================================
* Number of FSM states : 73
* Pipeline : 0
* Dataflow Pipeline: 0

* FSM state transitions: 
1 --> 2 73 
2 --> 3 
3 --> 4 73 
4 --> 5 
5 --> 6 
6 --> 7 
7 --> 8 
8 --> 9 
9 --> 10 
10 --> 11 
11 --> 12 
12 --> 13 
13 --> 14 
14 --> 15 
15 --> 16 
16 --> 17 
17 --> 18 
18 --> 19 
19 --> 20 
20 --> 21 
21 --> 22 
22 --> 23 
23 --> 24 
24 --> 25 
25 --> 26 
26 --> 27 
27 --> 28 
28 --> 29 
29 --> 30 
30 --> 31 
31 --> 32 
32 --> 33 
33 --> 34 
34 --> 35 
35 --> 36 
36 --> 37 
37 --> 38 
38 --> 39 
39 --> 40 
40 --> 41 
41 --> 42 
42 --> 43 
43 --> 44 
44 --> 45 
45 --> 46 
46 --> 47 
47 --> 48 
48 --> 49 
49 --> 50 
50 --> 51 
51 --> 52 
52 --> 53 
53 --> 54 
54 --> 55 
55 --> 56 
56 --> 57 
57 --> 58 
58 --> 59 
59 --> 60 
60 --> 61 
61 --> 62 
62 --> 63 
63 --> 64 
64 --> 65 
65 --> 66 
66 --> 67 
67 --> 68 
68 --> 69 
69 --> 70 
70 --> 71 
71 --> 72 
72 --> 73 
73 --> 

* FSM state operations: 

State 1 <SV = 0> <Delay = 6.58>
ST_1 : Operation 74 [1/1] (0.00ns)   --->   "call void (...)* @_ssdm_op_SpecBitsMap(i32* %var_bits_per_pixel), !map !35"   --->   Operation 74 'specbitsmap' <Predicate = true> <Delay = 0.00>
ST_1 : Operation 75 [1/1] (0.00ns)   --->   "call void (...)* @_ssdm_op_SpecBitsMap(i32* %var_xres_virtual), !map !39"   --->   Operation 75 'specbitsmap' <Predicate = true> <Delay = 0.00>
ST_1 : Operation 76 [1/1] (0.00ns)   --->   "call void (...)* @_ssdm_op_SpecBitsMap(i32* %var_xres), !map !43"   --->   Operation 76 'specbitsmap' <Predicate = true> <Delay = 0.00>
ST_1 : Operation 77 [1/1] (0.00ns)   --->   "call void (...)* @_ssdm_op_SpecBitsMap(i32* %var_yres_virtual), !map !47"   --->   Operation 77 'specbitsmap' <Predicate = true> <Delay = 0.00>
ST_1 : Operation 78 [1/1] (0.00ns)   --->   "call void (...)* @_ssdm_op_SpecBitsMap(i32* %var_yres), !map !51"   --->   Operation 78 'specbitsmap' <Predicate = true> <Delay = 0.00>
ST_1 : Operation 79 [1/1] (0.00ns)   --->   "call void (...)* @_ssdm_op_SpecBitsMap(i32* %var_vmode), !map !55"   --->   Operation 79 'specbitsmap' <Predicate = true> <Delay = 0.00>
ST_1 : Operation 80 [1/1] (0.00ns)   --->   "call void (...)* @_ssdm_op_SpecBitsMap(i32* %var_height), !map !59"   --->   Operation 80 'specbitsmap' <Predicate = true> <Delay = 0.00>
ST_1 : Operation 81 [1/1] (0.00ns)   --->   "call void (...)* @_ssdm_op_SpecBitsMap(i32* %var_width), !map !63"   --->   Operation 81 'specbitsmap' <Predicate = true> <Delay = 0.00>
ST_1 : Operation 82 [1/1] (0.00ns)   --->   "call void (...)* @_ssdm_op_SpecBitsMap(i32* %var_left_margin), !map !67"   --->   Operation 82 'specbitsmap' <Predicate = true> <Delay = 0.00>
ST_1 : Operation 83 [1/1] (0.00ns)   --->   "call void (...)* @_ssdm_op_SpecBitsMap(i32* %var_right_margin), !map !71"   --->   Operation 83 'specbitsmap' <Predicate = true> <Delay = 0.00>
ST_1 : Operation 84 [1/1] (0.00ns)   --->   "call void (...)* @_ssdm_op_SpecBitsMap(i32* %var_upper_margin), !map !75"   --->   Operation 84 'specbitsmap' <Predicate = true> <Delay = 0.00>
ST_1 : Operation 85 [1/1] (0.00ns)   --->   "call void (...)* @_ssdm_op_SpecBitsMap(i32* %var_lower_margin), !map !79"   --->   Operation 85 'specbitsmap' <Predicate = true> <Delay = 0.00>
ST_1 : Operation 86 [1/1] (0.00ns)   --->   "call void (...)* @_ssdm_op_SpecBitsMap(i32* %var_hsync_len), !map !83"   --->   Operation 86 'specbitsmap' <Predicate = true> <Delay = 0.00>
ST_1 : Operation 87 [1/1] (0.00ns)   --->   "call void (...)* @_ssdm_op_SpecBitsMap(i32* %var_vsync_len), !map !87"   --->   Operation 87 'specbitsmap' <Predicate = true> <Delay = 0.00>
ST_1 : Operation 88 [1/1] (0.00ns)   --->   "call void (...)* @_ssdm_op_SpecBitsMap(i32* %var_transp_offset), !map !91"   --->   Operation 88 'specbitsmap' <Predicate = true> <Delay = 0.00>
ST_1 : Operation 89 [1/1] (0.00ns)   --->   "call void (...)* @_ssdm_op_SpecBitsMap(i32* %var_transp_length), !map !95"   --->   Operation 89 'specbitsmap' <Predicate = true> <Delay = 0.00>
ST_1 : Operation 90 [1/1] (0.00ns)   --->   "call void (...)* @_ssdm_op_SpecBitsMap(i32* %var_transp_msb_right), !map !99"   --->   Operation 90 'specbitsmap' <Predicate = true> <Delay = 0.00>
ST_1 : Operation 91 [1/1] (0.00ns)   --->   "call void (...)* @_ssdm_op_SpecBitsMap(i32* %var_blue_length), !map !103"   --->   Operation 91 'specbitsmap' <Predicate = true> <Delay = 0.00>
ST_1 : Operation 92 [1/1] (0.00ns)   --->   "call void (...)* @_ssdm_op_SpecBitsMap(i32* %var_blue_msb_right), !map !107"   --->   Operation 92 'specbitsmap' <Predicate = true> <Delay = 0.00>
ST_1 : Operation 93 [1/1] (0.00ns)   --->   "call void (...)* @_ssdm_op_SpecBitsMap(i32* %var_blue_offset), !map !111"   --->   Operation 93 'specbitsmap' <Predicate = true> <Delay = 0.00>
ST_1 : Operation 94 [1/1] (0.00ns)   --->   "call void (...)* @_ssdm_op_SpecBitsMap(i32* %var_green_offset), !map !115"   --->   Operation 94 'specbitsmap' <Predicate = true> <Delay = 0.00>
ST_1 : Operation 95 [1/1] (0.00ns)   --->   "call void (...)* @_ssdm_op_SpecBitsMap(i32* %var_green_length), !map !119"   --->   Operation 95 'specbitsmap' <Predicate = true> <Delay = 0.00>
ST_1 : Operation 96 [1/1] (0.00ns)   --->   "call void (...)* @_ssdm_op_SpecBitsMap(i32* %var_green_msb_right), !map !123"   --->   Operation 96 'specbitsmap' <Predicate = true> <Delay = 0.00>
ST_1 : Operation 97 [1/1] (0.00ns)   --->   "call void (...)* @_ssdm_op_SpecBitsMap(i32* %var_red_offset), !map !127"   --->   Operation 97 'specbitsmap' <Predicate = true> <Delay = 0.00>
ST_1 : Operation 98 [1/1] (0.00ns)   --->   "call void (...)* @_ssdm_op_SpecBitsMap(i32* %var_red_length), !map !131"   --->   Operation 98 'specbitsmap' <Predicate = true> <Delay = 0.00>
ST_1 : Operation 99 [1/1] (0.00ns)   --->   "call void (...)* @_ssdm_op_SpecBitsMap(i32* %var_red_msb_right), !map !135"   --->   Operation 99 'specbitsmap' <Predicate = true> <Delay = 0.00>
ST_1 : Operation 100 [1/1] (0.00ns)   --->   "call void (...)* @_ssdm_op_SpecBitsMap(i32* %var_nonstd), !map !139"   --->   Operation 100 'specbitsmap' <Predicate = true> <Delay = 0.00>
ST_1 : Operation 101 [1/1] (0.00ns)   --->   "call void (...)* @_ssdm_op_SpecBitsMap(i32* %info_fix_smem_len), !map !143"   --->   Operation 101 'specbitsmap' <Predicate = true> <Delay = 0.00>
ST_1 : Operation 102 [1/1] (0.00ns)   --->   "call void (...)* @_ssdm_op_SpecBitsMap(i32 0) nounwind, !map !147"   --->   Operation 102 'specbitsmap' <Predicate = true> <Delay = 0.00>
ST_1 : Operation 103 [1/1] (0.00ns)   --->   "call void (...)* @_ssdm_op_SpecTopModule([18 x i8]* @imsttfb_check_var_st) nounwind"   --->   Operation 103 'spectopmodule' <Predicate = true> <Delay = 0.00>
ST_1 : Operation 104 [1/1] (0.00ns)   --->   "%var_bits_per_pixel_r = call i32 @_ssdm_op_Read.ap_auto.i32P(i32* %var_bits_per_pixel)" [extr_.linuxdriversvideofbdevimsttfb.c_imsttfb_check_var_with_main.c:34]   --->   Operation 104 'read' 'var_bits_per_pixel_r' <Predicate = true> <Delay = 0.00>
ST_1 : Operation 105 [1/1] (1.54ns)   --->   "%empty = icmp eq i32 %var_bits_per_pixel_r, 32" [extr_.linuxdriversvideofbdevimsttfb.c_imsttfb_check_var_with_main.c:34]   --->   Operation 105 'icmp' 'empty' <Predicate = true> <Delay = 1.54> <Core = "Cmp">   --->   Core 25 'Cmp' <Latency = 0> <II = 1> <Delay = 1.54> <FuncUnit> <Opcode : 'icmp'> <InPorts = 2> <OutPorts = 1>
ST_1 : Operation 106 [1/1] (1.54ns)   --->   "%empty_4 = icmp eq i32 %var_bits_per_pixel_r, 24" [extr_.linuxdriversvideofbdevimsttfb.c_imsttfb_check_var_with_main.c:34]   --->   Operation 106 'icmp' 'empty_4' <Predicate = true> <Delay = 1.54> <Core = "Cmp">   --->   Core 25 'Cmp' <Latency = 0> <II = 1> <Delay = 1.54> <FuncUnit> <Opcode : 'icmp'> <InPorts = 2> <OutPorts = 1>
ST_1 : Operation 107 [1/1] (0.00ns) (grouped into LUT with out node empty_9)   --->   "%empty_5 = or i1 %empty_4, %empty" [extr_.linuxdriversvideofbdevimsttfb.c_imsttfb_check_var_with_main.c:34]   --->   Operation 107 'or' 'empty_5' <Predicate = true> <Delay = 0.00> <Core = "LogicGate">   --->   Core 27 'LogicGate' <Latency = 0> <II = 1> <Delay = 0.61> <FuncUnit> <Opcode : 'and' 'or' 'xor'> <InPorts = 2> <OutPorts = 1>
ST_1 : Operation 108 [1/1] (1.54ns)   --->   "%empty_6 = icmp eq i32 %var_bits_per_pixel_r, 16" [extr_.linuxdriversvideofbdevimsttfb.c_imsttfb_check_var_with_main.c:34]   --->   Operation 108 'icmp' 'empty_6' <Predicate = true> <Delay = 1.54> <Core = "Cmp">   --->   Core 25 'Cmp' <Latency = 0> <II = 1> <Delay = 1.54> <FuncUnit> <Opcode : 'icmp'> <InPorts = 2> <OutPorts = 1>
ST_1 : Operation 109 [1/1] (0.00ns) (grouped into LUT with out node empty_9)   --->   "%empty_7 = or i1 %empty_6, %empty_5" [extr_.linuxdriversvideofbdevimsttfb.c_imsttfb_check_var_with_main.c:34]   --->   Operation 109 'or' 'empty_7' <Predicate = true> <Delay = 0.00> <Core = "LogicGate">   --->   Core 27 'LogicGate' <Latency = 0> <II = 1> <Delay = 0.61> <FuncUnit> <Opcode : 'and' 'or' 'xor'> <InPorts = 2> <OutPorts = 1>
ST_1 : Operation 110 [1/1] (1.54ns)   --->   "%empty_8 = icmp eq i32 %var_bits_per_pixel_r, 8" [extr_.linuxdriversvideofbdevimsttfb.c_imsttfb_check_var_with_main.c:34]   --->   Operation 110 'icmp' 'empty_8' <Predicate = true> <Delay = 1.54> <Core = "Cmp">   --->   Core 25 'Cmp' <Latency = 0> <II = 1> <Delay = 1.54> <FuncUnit> <Opcode : 'icmp'> <InPorts = 2> <OutPorts = 1>
ST_1 : Operation 111 [1/1] (0.61ns) (out node of the LUT)   --->   "%empty_9 = or i1 %empty_8, %empty_7" [extr_.linuxdriversvideofbdevimsttfb.c_imsttfb_check_var_with_main.c:34]   --->   Operation 111 'or' 'empty_9' <Predicate = true> <Delay = 0.61> <Core = "LogicGate">   --->   Core 27 'LogicGate' <Latency = 0> <II = 1> <Delay = 0.61> <FuncUnit> <Opcode : 'and' 'or' 'xor'> <InPorts = 2> <OutPorts = 1>
ST_1 : Operation 112 [1/1] (0.00ns)   --->   "br i1 %empty_9, label %._crit_edge, label %._crit_edge4" [extr_.linuxdriversvideofbdevimsttfb.c_imsttfb_check_var_with_main.c:34]   --->   Operation 112 'br' <Predicate = true> <Delay = 0.00>
ST_1 : Operation 113 [1/1] (0.00ns)   --->   "%var_xres_virtual_rea = call i32 @_ssdm_op_Read.ap_auto.i32P(i32* %var_xres_virtual)" [extr_.linuxdriversvideofbdevimsttfb.c_imsttfb_check_var_with_main.c:34]   --->   Operation 113 'read' 'var_xres_virtual_rea' <Predicate = (empty_9)> <Delay = 0.00>
ST_1 : Operation 114 [1/1] (0.00ns)   --->   "%var_xres_read = call i32 @_ssdm_op_Read.ap_auto.i32P(i32* %var_xres)" [extr_.linuxdriversvideofbdevimsttfb.c_imsttfb_check_var_with_main.c:34]   --->   Operation 114 'read' 'var_xres_read' <Predicate = (empty_9)> <Delay = 0.00>
ST_1 : Operation 115 [1/1] (1.54ns)   --->   "%icmp_ln34 = icmp slt i32 %var_xres_virtual_rea, %var_xres_read" [extr_.linuxdriversvideofbdevimsttfb.c_imsttfb_check_var_with_main.c:34]   --->   Operation 115 'icmp' 'icmp_ln34' <Predicate = (empty_9)> <Delay = 1.54> <Core = "Cmp">   --->   Core 25 'Cmp' <Latency = 0> <II = 1> <Delay = 1.54> <FuncUnit> <Opcode : 'icmp'> <InPorts = 2> <OutPorts = 1>
ST_1 : Operation 116 [1/1] (0.00ns)   --->   "br i1 %icmp_ln34, label %._crit_edge4, label %1" [extr_.linuxdriversvideofbdevimsttfb.c_imsttfb_check_var_with_main.c:34]   --->   Operation 116 'br' <Predicate = (empty_9)> <Delay = 0.00>
ST_1 : Operation 117 [1/1] (0.00ns)   --->   "%var_yres_virtual_rea = call i32 @_ssdm_op_Read.ap_auto.i32P(i32* %var_yres_virtual)" [extr_.linuxdriversvideofbdevimsttfb.c_imsttfb_check_var_with_main.c:34]   --->   Operation 117 'read' 'var_yres_virtual_rea' <Predicate = (empty_9 & !icmp_ln34)> <Delay = 0.00>
ST_1 : Operation 118 [1/1] (0.00ns)   --->   "%var_yres_read = call i32 @_ssdm_op_Read.ap_auto.i32P(i32* %var_yres)" [extr_.linuxdriversvideofbdevimsttfb.c_imsttfb_check_var_with_main.c:34]   --->   Operation 118 'read' 'var_yres_read' <Predicate = (empty_9 & !icmp_ln34)> <Delay = 0.00>
ST_1 : Operation 119 [1/1] (1.54ns)   --->   "%icmp_ln34_1 = icmp slt i32 %var_yres_virtual_rea, %var_yres_read" [extr_.linuxdriversvideofbdevimsttfb.c_imsttfb_check_var_with_main.c:34]   --->   Operation 119 'icmp' 'icmp_ln34_1' <Predicate = (empty_9 & !icmp_ln34)> <Delay = 1.54> <Core = "Cmp">   --->   Core 25 'Cmp' <Latency = 0> <II = 1> <Delay = 1.54> <FuncUnit> <Opcode : 'icmp'> <InPorts = 2> <OutPorts = 1>
ST_1 : Operation 120 [1/1] (0.00ns)   --->   "br i1 %icmp_ln34_1, label %._crit_edge4, label %2" [extr_.linuxdriversvideofbdevimsttfb.c_imsttfb_check_var_with_main.c:34]   --->   Operation 120 'br' <Predicate = (empty_9 & !icmp_ln34)> <Delay = 0.00>
ST_1 : Operation 121 [1/1] (0.00ns)   --->   "%var_nonstd_read = call i32 @_ssdm_op_Read.ap_auto.i32P(i32* %var_nonstd)" [extr_.linuxdriversvideofbdevimsttfb.c_imsttfb_check_var_with_main.c:34]   --->   Operation 121 'read' 'var_nonstd_read' <Predicate = (empty_9 & !icmp_ln34 & !icmp_ln34_1)> <Delay = 0.00>
ST_1 : Operation 122 [1/1] (1.54ns)   --->   "%icmp_ln34_2 = icmp eq i32 %var_nonstd_read, 0" [extr_.linuxdriversvideofbdevimsttfb.c_imsttfb_check_var_with_main.c:34]   --->   Operation 122 'icmp' 'icmp_ln34_2' <Predicate = (empty_9 & !icmp_ln34 & !icmp_ln34_1)> <Delay = 1.54> <Core = "Cmp">   --->   Core 25 'Cmp' <Latency = 0> <II = 1> <Delay = 1.54> <FuncUnit> <Opcode : 'icmp'> <InPorts = 2> <OutPorts = 1>
ST_1 : Operation 123 [1/1] (0.00ns)   --->   "br i1 %icmp_ln34_2, label %3, label %._crit_edge4" [extr_.linuxdriversvideofbdevimsttfb.c_imsttfb_check_var_with_main.c:34]   --->   Operation 123 'br' <Predicate = (empty_9 & !icmp_ln34 & !icmp_ln34_1)> <Delay = 0.00>
ST_1 : Operation 124 [1/1] (0.00ns)   --->   "%trunc_ln = call i29 @_ssdm_op_PartSelect.i29.i32.i32.i32(i32 %var_bits_per_pixel_r, i32 3, i32 31)" [extr_.linuxdriversvideofbdevimsttfb.c_imsttfb_check_var_with_main.c:41]   --->   Operation 124 'partselect' 'trunc_ln' <Predicate = (empty_9 & !icmp_ln34 & !icmp_ln34_1 & icmp_ln34_2)> <Delay = 0.00>
ST_1 : Operation 125 [1/1] (0.00ns)   --->   "%zext_ln41 = zext i29 %trunc_ln to i32" [extr_.linuxdriversvideofbdevimsttfb.c_imsttfb_check_var_with_main.c:41]   --->   Operation 125 'zext' 'zext_ln41' <Predicate = (empty_9 & !icmp_ln34 & !icmp_ln34_1 & icmp_ln34_2)> <Delay = 0.00>
ST_1 : Operation 126 [1/1] (6.58ns)   --->   "%mul_ln41 = mul i32 %var_yres_read, %zext_ln41" [extr_.linuxdriversvideofbdevimsttfb.c_imsttfb_check_var_with_main.c:41]   --->   Operation 126 'mul' 'mul_ln41' <Predicate = (empty_9 & !icmp_ln34 & !icmp_ln34_1 & icmp_ln34_2)> <Delay = 6.58> <Core = "Mul">   --->   Core 16 'Mul' <Latency = 0> <II = 1> <Delay = 6.58> <FuncUnit> <Opcode : 'mul'> <InPorts = 2> <OutPorts = 1>
ST_1 : Operation 127 [1/1] (0.00ns)   --->   "br label %11" [extr_.linuxdriversvideofbdevimsttfb.c_imsttfb_check_var_with_main.c:39]   --->   Operation 127 'br' <Predicate = (!icmp_ln34_2) | (icmp_ln34_1) | (icmp_ln34) | (!empty_9)> <Delay = 0.00>

State 2 <SV = 1> <Delay = 8.12>
ST_2 : Operation 128 [1/1] (6.58ns)   --->   "%mul_ln41_1 = mul i32 %mul_ln41, %var_xres_read" [extr_.linuxdriversvideofbdevimsttfb.c_imsttfb_check_var_with_main.c:41]   --->   Operation 128 'mul' 'mul_ln41_1' <Predicate = true> <Delay = 6.58> <Core = "Mul">   --->   Core 16 'Mul' <Latency = 0> <II = 1> <Delay = 6.58> <FuncUnit> <Opcode : 'mul'> <InPorts = 2> <OutPorts = 1>
ST_2 : Operation 129 [1/1] (0.00ns)   --->   "%vram = call i32 @_ssdm_op_Read.ap_auto.i32P(i32* %info_fix_smem_len)" [extr_.linuxdriversvideofbdevimsttfb.c_imsttfb_check_var_with_main.c:41]   --->   Operation 129 'read' 'vram' <Predicate = true> <Delay = 0.00>
ST_2 : Operation 130 [1/1] (1.54ns)   --->   "%icmp_ln41 = icmp sgt i32 %mul_ln41_1, %vram" [extr_.linuxdriversvideofbdevimsttfb.c_imsttfb_check_var_with_main.c:41]   --->   Operation 130 'icmp' 'icmp_ln41' <Predicate = true> <Delay = 1.54> <Core = "Cmp">   --->   Core 25 'Cmp' <Latency = 0> <II = 1> <Delay = 1.54> <FuncUnit> <Opcode : 'icmp'> <InPorts = 2> <OutPorts = 1>
ST_2 : Operation 131 [1/1] (0.00ns)   --->   "br i1 %icmp_ln41, label %._crit_edge9, label %4" [extr_.linuxdriversvideofbdevimsttfb.c_imsttfb_check_var_with_main.c:41]   --->   Operation 131 'br' <Predicate = true> <Delay = 0.00>
ST_2 : Operation 132 [1/1] (6.58ns)   --->   "%mul_ln41_2 = mul i32 %var_yres_virtual_rea, %zext_ln41" [extr_.linuxdriversvideofbdevimsttfb.c_imsttfb_check_var_with_main.c:41]   --->   Operation 132 'mul' 'mul_ln41_2' <Predicate = (!icmp_ln41)> <Delay = 6.58> <Core = "Mul">   --->   Core 16 'Mul' <Latency = 0> <II = 1> <Delay = 6.58> <FuncUnit> <Opcode : 'mul'> <InPorts = 2> <OutPorts = 1>

State 3 <SV = 2> <Delay = 8.12>
ST_3 : Operation 133 [1/1] (6.58ns)   --->   "%mul_ln41_3 = mul i32 %mul_ln41_2, %var_xres_virtual_rea" [extr_.linuxdriversvideofbdevimsttfb.c_imsttfb_check_var_with_main.c:41]   --->   Operation 133 'mul' 'mul_ln41_3' <Predicate = (!icmp_ln41)> <Delay = 6.58> <Core = "Mul">   --->   Core 16 'Mul' <Latency = 0> <II = 1> <Delay = 6.58> <FuncUnit> <Opcode : 'mul'> <InPorts = 2> <OutPorts = 1>
ST_3 : Operation 134 [1/1] (1.54ns)   --->   "%icmp_ln41_1 = icmp sgt i32 %mul_ln41_3, %vram" [extr_.linuxdriversvideofbdevimsttfb.c_imsttfb_check_var_with_main.c:41]   --->   Operation 134 'icmp' 'icmp_ln41_1' <Predicate = (!icmp_ln41)> <Delay = 1.54> <Core = "Cmp">   --->   Core 25 'Cmp' <Latency = 0> <II = 1> <Delay = 1.54> <FuncUnit> <Opcode : 'icmp'> <InPorts = 2> <OutPorts = 1>
ST_3 : Operation 135 [1/1] (0.00ns)   --->   "br i1 %icmp_ln41_1, label %._crit_edge9, label %5" [extr_.linuxdriversvideofbdevimsttfb.c_imsttfb_check_var_with_main.c:41]   --->   Operation 135 'br' <Predicate = (!icmp_ln41)> <Delay = 0.00>
ST_3 : Operation 136 [1/1] (1.08ns)   --->   "switch i32 %var_bits_per_pixel_r, label %._crit_edge11 [
    i32 8, label %6
    i32 16, label %7
    i32 24, label %9
    i32 32, label %10
  ]" [extr_.linuxdriversvideofbdevimsttfb.c_imsttfb_check_var_with_main.c:45]   --->   Operation 136 'switch' <Predicate = (!icmp_ln41 & !icmp_ln41_1)> <Delay = 1.08>
ST_3 : Operation 137 [1/1] (0.00ns)   --->   "call void @_ssdm_op_Write.ap_auto.i32P(i32* %var_red_offset, i32 16)" [extr_.linuxdriversvideofbdevimsttfb.c_imsttfb_check_var_with_main.c:79]   --->   Operation 137 'write' <Predicate = (!icmp_ln41 & !icmp_ln41_1 & var_bits_per_pixel_r == 32)> <Delay = 0.00>
ST_3 : Operation 138 [1/1] (0.00ns)   --->   "call void @_ssdm_op_Write.ap_auto.i32P(i32* %var_red_length, i32 8)" [extr_.linuxdriversvideofbdevimsttfb.c_imsttfb_check_var_with_main.c:80]   --->   Operation 138 'write' <Predicate = (!icmp_ln41 & !icmp_ln41_1 & var_bits_per_pixel_r == 32)> <Delay = 0.00>
ST_3 : Operation 139 [1/1] (0.00ns)   --->   "call void @_ssdm_op_Write.ap_auto.i32P(i32* %var_green_offset, i32 8)" [extr_.linuxdriversvideofbdevimsttfb.c_imsttfb_check_var_with_main.c:81]   --->   Operation 139 'write' <Predicate = (!icmp_ln41 & !icmp_ln41_1 & var_bits_per_pixel_r == 32)> <Delay = 0.00>
ST_3 : Operation 140 [1/1] (0.00ns)   --->   "call void @_ssdm_op_Write.ap_auto.i32P(i32* %var_green_length, i32 8)" [extr_.linuxdriversvideofbdevimsttfb.c_imsttfb_check_var_with_main.c:82]   --->   Operation 140 'write' <Predicate = (!icmp_ln41 & !icmp_ln41_1 & var_bits_per_pixel_r == 32)> <Delay = 0.00>
ST_3 : Operation 141 [1/1] (0.00ns)   --->   "call void @_ssdm_op_Write.ap_auto.i32P(i32* %var_blue_offset, i32 0)" [extr_.linuxdriversvideofbdevimsttfb.c_imsttfb_check_var_with_main.c:83]   --->   Operation 141 'write' <Predicate = (!icmp_ln41 & !icmp_ln41_1 & var_bits_per_pixel_r == 32)> <Delay = 0.00>
ST_3 : Operation 142 [1/1] (0.00ns)   --->   "call void @_ssdm_op_Write.ap_auto.i32P(i32* %var_blue_length, i32 8)" [extr_.linuxdriversvideofbdevimsttfb.c_imsttfb_check_var_with_main.c:84]   --->   Operation 142 'write' <Predicate = (!icmp_ln41 & !icmp_ln41_1 & var_bits_per_pixel_r == 32)> <Delay = 0.00>
ST_3 : Operation 143 [1/1] (0.00ns)   --->   "call void @_ssdm_op_Write.ap_auto.i32P(i32* %var_transp_offset, i32 24)" [extr_.linuxdriversvideofbdevimsttfb.c_imsttfb_check_var_with_main.c:85]   --->   Operation 143 'write' <Predicate = (!icmp_ln41 & !icmp_ln41_1 & var_bits_per_pixel_r == 32)> <Delay = 0.00>
ST_3 : Operation 144 [1/1] (0.00ns)   --->   "call void @_ssdm_op_Write.ap_auto.i32P(i32* %var_transp_length, i32 8)" [extr_.linuxdriversvideofbdevimsttfb.c_imsttfb_check_var_with_main.c:86]   --->   Operation 144 'write' <Predicate = (!icmp_ln41 & !icmp_ln41_1 & var_bits_per_pixel_r == 32)> <Delay = 0.00>
ST_3 : Operation 145 [1/1] (0.00ns)   --->   "br label %._crit_edge11" [extr_.linuxdriversvideofbdevimsttfb.c_imsttfb_check_var_with_main.c:87]   --->   Operation 145 'br' <Predicate = (!icmp_ln41 & !icmp_ln41_1 & var_bits_per_pixel_r == 32)> <Delay = 0.00>
ST_3 : Operation 146 [1/1] (0.00ns)   --->   "call void @_ssdm_op_Write.ap_auto.i32P(i32* %var_red_offset, i32 16)" [extr_.linuxdriversvideofbdevimsttfb.c_imsttfb_check_var_with_main.c:69]   --->   Operation 146 'write' <Predicate = (!icmp_ln41 & !icmp_ln41_1 & var_bits_per_pixel_r == 24)> <Delay = 0.00>
ST_3 : Operation 147 [1/1] (0.00ns)   --->   "call void @_ssdm_op_Write.ap_auto.i32P(i32* %var_red_length, i32 8)" [extr_.linuxdriversvideofbdevimsttfb.c_imsttfb_check_var_with_main.c:70]   --->   Operation 147 'write' <Predicate = (!icmp_ln41 & !icmp_ln41_1 & var_bits_per_pixel_r == 24)> <Delay = 0.00>
ST_3 : Operation 148 [1/1] (0.00ns)   --->   "call void @_ssdm_op_Write.ap_auto.i32P(i32* %var_green_offset, i32 8)" [extr_.linuxdriversvideofbdevimsttfb.c_imsttfb_check_var_with_main.c:71]   --->   Operation 148 'write' <Predicate = (!icmp_ln41 & !icmp_ln41_1 & var_bits_per_pixel_r == 24)> <Delay = 0.00>
ST_3 : Operation 149 [1/1] (0.00ns)   --->   "call void @_ssdm_op_Write.ap_auto.i32P(i32* %var_green_length, i32 8)" [extr_.linuxdriversvideofbdevimsttfb.c_imsttfb_check_var_with_main.c:72]   --->   Operation 149 'write' <Predicate = (!icmp_ln41 & !icmp_ln41_1 & var_bits_per_pixel_r == 24)> <Delay = 0.00>
ST_3 : Operation 150 [1/1] (0.00ns)   --->   "call void @_ssdm_op_Write.ap_auto.i32P(i32* %var_blue_offset, i32 0)" [extr_.linuxdriversvideofbdevimsttfb.c_imsttfb_check_var_with_main.c:73]   --->   Operation 150 'write' <Predicate = (!icmp_ln41 & !icmp_ln41_1 & var_bits_per_pixel_r == 24)> <Delay = 0.00>
ST_3 : Operation 151 [1/1] (0.00ns)   --->   "call void @_ssdm_op_Write.ap_auto.i32P(i32* %var_blue_length, i32 8)" [extr_.linuxdriversvideofbdevimsttfb.c_imsttfb_check_var_with_main.c:74]   --->   Operation 151 'write' <Predicate = (!icmp_ln41 & !icmp_ln41_1 & var_bits_per_pixel_r == 24)> <Delay = 0.00>
ST_3 : Operation 152 [1/1] (0.00ns)   --->   "call void @_ssdm_op_Write.ap_auto.i32P(i32* %var_transp_offset, i32 0)" [extr_.linuxdriversvideofbdevimsttfb.c_imsttfb_check_var_with_main.c:75]   --->   Operation 152 'write' <Predicate = (!icmp_ln41 & !icmp_ln41_1 & var_bits_per_pixel_r == 24)> <Delay = 0.00>
ST_3 : Operation 153 [1/1] (0.00ns)   --->   "call void @_ssdm_op_Write.ap_auto.i32P(i32* %var_transp_length, i32 0)" [extr_.linuxdriversvideofbdevimsttfb.c_imsttfb_check_var_with_main.c:76]   --->   Operation 153 'write' <Predicate = (!icmp_ln41 & !icmp_ln41_1 & var_bits_per_pixel_r == 24)> <Delay = 0.00>
ST_3 : Operation 154 [1/1] (0.00ns)   --->   "br label %._crit_edge11" [extr_.linuxdriversvideofbdevimsttfb.c_imsttfb_check_var_with_main.c:77]   --->   Operation 154 'br' <Predicate = (!icmp_ln41 & !icmp_ln41_1 & var_bits_per_pixel_r == 24)> <Delay = 0.00>
ST_3 : Operation 155 [1/1] (0.00ns)   --->   "%var_green_length_rea = call i32 @_ssdm_op_Read.ap_auto.i32P(i32* %var_green_length)" [extr_.linuxdriversvideofbdevimsttfb.c_imsttfb_check_var_with_main.c:57]   --->   Operation 155 'read' 'var_green_length_rea' <Predicate = (!icmp_ln41 & !icmp_ln41_1 & var_bits_per_pixel_r == 16)> <Delay = 0.00>
ST_3 : Operation 156 [1/1] (1.54ns)   --->   "%icmp_ln57 = icmp eq i32 %var_green_length_rea, 6" [extr_.linuxdriversvideofbdevimsttfb.c_imsttfb_check_var_with_main.c:57]   --->   Operation 156 'icmp' 'icmp_ln57' <Predicate = (!icmp_ln41 & !icmp_ln41_1 & var_bits_per_pixel_r == 16)> <Delay = 1.54> <Core = "Cmp">   --->   Core 25 'Cmp' <Latency = 0> <II = 1> <Delay = 1.54> <FuncUnit> <Opcode : 'icmp'> <InPorts = 2> <OutPorts = 1>
ST_3 : Operation 157 [1/1] (0.00ns)   --->   "br i1 %icmp_ln57, label %._crit_edge13.critedge, label %._crit_edge12" [extr_.linuxdriversvideofbdevimsttfb.c_imsttfb_check_var_with_main.c:57]   --->   Operation 157 'br' <Predicate = (!icmp_ln41 & !icmp_ln41_1 & var_bits_per_pixel_r == 16)> <Delay = 0.00>
ST_3 : Operation 158 [1/1] (0.00ns)   --->   "call void @_ssdm_op_Write.ap_auto.i32P(i32* %var_red_offset, i32 10)" [extr_.linuxdriversvideofbdevimsttfb.c_imsttfb_check_var_with_main.c:58]   --->   Operation 158 'write' <Predicate = (!icmp_ln41 & !icmp_ln41_1 & var_bits_per_pixel_r == 16 & !icmp_ln57)> <Delay = 0.00>
ST_3 : Operation 159 [1/1] (0.00ns)   --->   "call void @_ssdm_op_Write.ap_auto.i32P(i32* %var_red_length, i32 5)" [extr_.linuxdriversvideofbdevimsttfb.c_imsttfb_check_var_with_main.c:59]   --->   Operation 159 'write' <Predicate = (!icmp_ln41 & !icmp_ln41_1 & var_bits_per_pixel_r == 16 & !icmp_ln57)> <Delay = 0.00>
ST_3 : Operation 160 [1/1] (0.00ns)   --->   "call void @_ssdm_op_Write.ap_auto.i32P(i32* %var_green_offset, i32 5)" [extr_.linuxdriversvideofbdevimsttfb.c_imsttfb_check_var_with_main.c:60]   --->   Operation 160 'write' <Predicate = (!icmp_ln41 & !icmp_ln41_1 & var_bits_per_pixel_r == 16 & !icmp_ln57)> <Delay = 0.00>
ST_3 : Operation 161 [1/1] (0.00ns)   --->   "call void @_ssdm_op_Write.ap_auto.i32P(i32* %var_green_length, i32 5)" [extr_.linuxdriversvideofbdevimsttfb.c_imsttfb_check_var_with_main.c:62]   --->   Operation 161 'write' <Predicate = (!icmp_ln41 & !icmp_ln41_1 & var_bits_per_pixel_r == 16 & !icmp_ln57)> <Delay = 0.00>
ST_3 : Operation 162 [1/1] (0.00ns)   --->   "br label %8" [extr_.linuxdriversvideofbdevimsttfb.c_imsttfb_check_var_with_main.c:62]   --->   Operation 162 'br' <Predicate = (!icmp_ln41 & !icmp_ln41_1 & var_bits_per_pixel_r == 16 & !icmp_ln57)> <Delay = 0.00>
ST_3 : Operation 163 [1/1] (0.00ns)   --->   "call void @_ssdm_op_Write.ap_auto.i32P(i32* %var_red_length, i32 5)" [extr_.linuxdriversvideofbdevimsttfb.c_imsttfb_check_var_with_main.c:59]   --->   Operation 163 'write' <Predicate = (!icmp_ln41 & !icmp_ln41_1 & var_bits_per_pixel_r == 16 & icmp_ln57)> <Delay = 0.00>
ST_3 : Operation 164 [1/1] (0.00ns)   --->   "call void @_ssdm_op_Write.ap_auto.i32P(i32* %var_green_offset, i32 5)" [extr_.linuxdriversvideofbdevimsttfb.c_imsttfb_check_var_with_main.c:60]   --->   Operation 164 'write' <Predicate = (!icmp_ln41 & !icmp_ln41_1 & var_bits_per_pixel_r == 16 & icmp_ln57)> <Delay = 0.00>
ST_3 : Operation 165 [1/1] (0.00ns)   --->   "br label %8" [extr_.linuxdriversvideofbdevimsttfb.c_imsttfb_check_var_with_main.c:61]   --->   Operation 165 'br' <Predicate = (!icmp_ln41 & !icmp_ln41_1 & var_bits_per_pixel_r == 16 & icmp_ln57)> <Delay = 0.00>
ST_3 : Operation 166 [1/1] (0.00ns)   --->   "call void @_ssdm_op_Write.ap_auto.i32P(i32* %var_blue_offset, i32 0)" [extr_.linuxdriversvideofbdevimsttfb.c_imsttfb_check_var_with_main.c:63]   --->   Operation 166 'write' <Predicate = (!icmp_ln41 & !icmp_ln41_1 & var_bits_per_pixel_r == 16)> <Delay = 0.00>
ST_3 : Operation 167 [1/1] (0.00ns)   --->   "call void @_ssdm_op_Write.ap_auto.i32P(i32* %var_blue_length, i32 5)" [extr_.linuxdriversvideofbdevimsttfb.c_imsttfb_check_var_with_main.c:64]   --->   Operation 167 'write' <Predicate = (!icmp_ln41 & !icmp_ln41_1 & var_bits_per_pixel_r == 16)> <Delay = 0.00>
ST_3 : Operation 168 [1/1] (0.00ns)   --->   "call void @_ssdm_op_Write.ap_auto.i32P(i32* %var_transp_offset, i32 0)" [extr_.linuxdriversvideofbdevimsttfb.c_imsttfb_check_var_with_main.c:65]   --->   Operation 168 'write' <Predicate = (!icmp_ln41 & !icmp_ln41_1 & var_bits_per_pixel_r == 16)> <Delay = 0.00>
ST_3 : Operation 169 [1/1] (0.00ns)   --->   "call void @_ssdm_op_Write.ap_auto.i32P(i32* %var_transp_length, i32 0)" [extr_.linuxdriversvideofbdevimsttfb.c_imsttfb_check_var_with_main.c:66]   --->   Operation 169 'write' <Predicate = (!icmp_ln41 & !icmp_ln41_1 & var_bits_per_pixel_r == 16)> <Delay = 0.00>
ST_3 : Operation 170 [1/1] (0.00ns)   --->   "br label %._crit_edge11" [extr_.linuxdriversvideofbdevimsttfb.c_imsttfb_check_var_with_main.c:67]   --->   Operation 170 'br' <Predicate = (!icmp_ln41 & !icmp_ln41_1 & var_bits_per_pixel_r == 16)> <Delay = 0.00>
ST_3 : Operation 171 [1/1] (0.00ns)   --->   "call void @_ssdm_op_Write.ap_auto.i32P(i32* %var_red_offset, i32 0)" [extr_.linuxdriversvideofbdevimsttfb.c_imsttfb_check_var_with_main.c:47]   --->   Operation 171 'write' <Predicate = (!icmp_ln41 & !icmp_ln41_1 & var_bits_per_pixel_r == 8)> <Delay = 0.00>
ST_3 : Operation 172 [1/1] (0.00ns)   --->   "call void @_ssdm_op_Write.ap_auto.i32P(i32* %var_red_length, i32 8)" [extr_.linuxdriversvideofbdevimsttfb.c_imsttfb_check_var_with_main.c:48]   --->   Operation 172 'write' <Predicate = (!icmp_ln41 & !icmp_ln41_1 & var_bits_per_pixel_r == 8)> <Delay = 0.00>
ST_3 : Operation 173 [1/1] (0.00ns)   --->   "call void @_ssdm_op_Write.ap_auto.i32P(i32* %var_green_offset, i32 0)" [extr_.linuxdriversvideofbdevimsttfb.c_imsttfb_check_var_with_main.c:49]   --->   Operation 173 'write' <Predicate = (!icmp_ln41 & !icmp_ln41_1 & var_bits_per_pixel_r == 8)> <Delay = 0.00>
ST_3 : Operation 174 [1/1] (0.00ns)   --->   "call void @_ssdm_op_Write.ap_auto.i32P(i32* %var_green_length, i32 8)" [extr_.linuxdriversvideofbdevimsttfb.c_imsttfb_check_var_with_main.c:50]   --->   Operation 174 'write' <Predicate = (!icmp_ln41 & !icmp_ln41_1 & var_bits_per_pixel_r == 8)> <Delay = 0.00>
ST_3 : Operation 175 [1/1] (0.00ns)   --->   "call void @_ssdm_op_Write.ap_auto.i32P(i32* %var_blue_offset, i32 0)" [extr_.linuxdriversvideofbdevimsttfb.c_imsttfb_check_var_with_main.c:51]   --->   Operation 175 'write' <Predicate = (!icmp_ln41 & !icmp_ln41_1 & var_bits_per_pixel_r == 8)> <Delay = 0.00>
ST_3 : Operation 176 [1/1] (0.00ns)   --->   "call void @_ssdm_op_Write.ap_auto.i32P(i32* %var_blue_length, i32 8)" [extr_.linuxdriversvideofbdevimsttfb.c_imsttfb_check_var_with_main.c:52]   --->   Operation 176 'write' <Predicate = (!icmp_ln41 & !icmp_ln41_1 & var_bits_per_pixel_r == 8)> <Delay = 0.00>
ST_3 : Operation 177 [1/1] (0.00ns)   --->   "call void @_ssdm_op_Write.ap_auto.i32P(i32* %var_transp_offset, i32 0)" [extr_.linuxdriversvideofbdevimsttfb.c_imsttfb_check_var_with_main.c:53]   --->   Operation 177 'write' <Predicate = (!icmp_ln41 & !icmp_ln41_1 & var_bits_per_pixel_r == 8)> <Delay = 0.00>
ST_3 : Operation 178 [1/1] (0.00ns)   --->   "call void @_ssdm_op_Write.ap_auto.i32P(i32* %var_transp_length, i32 0)" [extr_.linuxdriversvideofbdevimsttfb.c_imsttfb_check_var_with_main.c:54]   --->   Operation 178 'write' <Predicate = (!icmp_ln41 & !icmp_ln41_1 & var_bits_per_pixel_r == 8)> <Delay = 0.00>
ST_3 : Operation 179 [1/1] (0.00ns)   --->   "br label %._crit_edge11" [extr_.linuxdriversvideofbdevimsttfb.c_imsttfb_check_var_with_main.c:55]   --->   Operation 179 'br' <Predicate = (!icmp_ln41 & !icmp_ln41_1 & var_bits_per_pixel_r == 8)> <Delay = 0.00>
ST_3 : Operation 180 [1/1] (1.54ns)   --->   "%icmp_ln90 = icmp eq i32 %var_yres_read, %var_yres_virtual_rea" [extr_.linuxdriversvideofbdevimsttfb.c_imsttfb_check_var_with_main.c:90]   --->   Operation 180 'icmp' 'icmp_ln90' <Predicate = (!icmp_ln41 & !icmp_ln41_1)> <Delay = 1.54> <Core = "Cmp">   --->   Core 25 'Cmp' <Latency = 0> <II = 1> <Delay = 1.54> <FuncUnit> <Opcode : 'icmp'> <InPorts = 2> <OutPorts = 1>
ST_3 : Operation 181 [1/1] (0.00ns)   --->   "br i1 %icmp_ln90, label %._crit_edge15, label %._crit_edge14" [extr_.linuxdriversvideofbdevimsttfb.c_imsttfb_check_var_with_main.c:90]   --->   Operation 181 'br' <Predicate = (!icmp_ln41 & !icmp_ln41_1)> <Delay = 0.00>
ST_3 : Operation 182 [1/1] (0.00ns)   --->   "%shl_ln92 = shl i32 %vram, 3" [extr_.linuxdriversvideofbdevimsttfb.c_imsttfb_check_var_with_main.c:92]   --->   Operation 182 'shl' 'shl_ln92' <Predicate = (!icmp_ln41 & !icmp_ln41_1 & icmp_ln90)> <Delay = 0.00>
ST_3 : Operation 183 [36/36] (2.58ns)   --->   "%sdiv_ln92 = sdiv i32 %shl_ln92, %var_bits_per_pixel_r" [extr_.linuxdriversvideofbdevimsttfb.c_imsttfb_check_var_with_main.c:92]   --->   Operation 183 'sdiv' 'sdiv_ln92' <Predicate = (!icmp_ln41 & !icmp_ln41_1 & icmp_ln90)> <Delay = 2.58> <Core = "DivnS_SEQ">   --->   Core 24 'DivnS_SEQ' <Latency = 35> <II = 32> <Delay = 2.58> <FuncUnit> <Opcode : 'sdiv' 'srem' 'udiv' 'urem'> <InPorts = 2> <OutPorts = 1>
ST_3 : Operation 184 [1/1] (0.00ns)   --->   "br label %11" [extr_.linuxdriversvideofbdevimsttfb.c_imsttfb_check_var_with_main.c:43]   --->   Operation 184 'br' <Predicate = (icmp_ln41_1) | (icmp_ln41)> <Delay = 0.00>

State 4 <SV = 3> <Delay = 2.58>
ST_4 : Operation 185 [35/36] (2.58ns)   --->   "%sdiv_ln92 = sdiv i32 %shl_ln92, %var_bits_per_pixel_r" [extr_.linuxdriversvideofbdevimsttfb.c_imsttfb_check_var_with_main.c:92]   --->   Operation 185 'sdiv' 'sdiv_ln92' <Predicate = true> <Delay = 2.58> <Core = "DivnS_SEQ">   --->   Core 24 'DivnS_SEQ' <Latency = 35> <II = 32> <Delay = 2.58> <FuncUnit> <Opcode : 'sdiv' 'srem' 'udiv' 'urem'> <InPorts = 2> <OutPorts = 1>

State 5 <SV = 4> <Delay = 2.58>
ST_5 : Operation 186 [34/36] (2.58ns)   --->   "%sdiv_ln92 = sdiv i32 %shl_ln92, %var_bits_per_pixel_r" [extr_.linuxdriversvideofbdevimsttfb.c_imsttfb_check_var_with_main.c:92]   --->   Operation 186 'sdiv' 'sdiv_ln92' <Predicate = true> <Delay = 2.58> <Core = "DivnS_SEQ">   --->   Core 24 'DivnS_SEQ' <Latency = 35> <II = 32> <Delay = 2.58> <FuncUnit> <Opcode : 'sdiv' 'srem' 'udiv' 'urem'> <InPorts = 2> <OutPorts = 1>

State 6 <SV = 5> <Delay = 2.58>
ST_6 : Operation 187 [33/36] (2.58ns)   --->   "%sdiv_ln92 = sdiv i32 %shl_ln92, %var_bits_per_pixel_r" [extr_.linuxdriversvideofbdevimsttfb.c_imsttfb_check_var_with_main.c:92]   --->   Operation 187 'sdiv' 'sdiv_ln92' <Predicate = true> <Delay = 2.58> <Core = "DivnS_SEQ">   --->   Core 24 'DivnS_SEQ' <Latency = 35> <II = 32> <Delay = 2.58> <FuncUnit> <Opcode : 'sdiv' 'srem' 'udiv' 'urem'> <InPorts = 2> <OutPorts = 1>

State 7 <SV = 6> <Delay = 2.58>
ST_7 : Operation 188 [32/36] (2.58ns)   --->   "%sdiv_ln92 = sdiv i32 %shl_ln92, %var_bits_per_pixel_r" [extr_.linuxdriversvideofbdevimsttfb.c_imsttfb_check_var_with_main.c:92]   --->   Operation 188 'sdiv' 'sdiv_ln92' <Predicate = true> <Delay = 2.58> <Core = "DivnS_SEQ">   --->   Core 24 'DivnS_SEQ' <Latency = 35> <II = 32> <Delay = 2.58> <FuncUnit> <Opcode : 'sdiv' 'srem' 'udiv' 'urem'> <InPorts = 2> <OutPorts = 1>

State 8 <SV = 7> <Delay = 2.58>
ST_8 : Operation 189 [31/36] (2.58ns)   --->   "%sdiv_ln92 = sdiv i32 %shl_ln92, %var_bits_per_pixel_r" [extr_.linuxdriversvideofbdevimsttfb.c_imsttfb_check_var_with_main.c:92]   --->   Operation 189 'sdiv' 'sdiv_ln92' <Predicate = true> <Delay = 2.58> <Core = "DivnS_SEQ">   --->   Core 24 'DivnS_SEQ' <Latency = 35> <II = 32> <Delay = 2.58> <FuncUnit> <Opcode : 'sdiv' 'srem' 'udiv' 'urem'> <InPorts = 2> <OutPorts = 1>

State 9 <SV = 8> <Delay = 2.58>
ST_9 : Operation 190 [30/36] (2.58ns)   --->   "%sdiv_ln92 = sdiv i32 %shl_ln92, %var_bits_per_pixel_r" [extr_.linuxdriversvideofbdevimsttfb.c_imsttfb_check_var_with_main.c:92]   --->   Operation 190 'sdiv' 'sdiv_ln92' <Predicate = true> <Delay = 2.58> <Core = "DivnS_SEQ">   --->   Core 24 'DivnS_SEQ' <Latency = 35> <II = 32> <Delay = 2.58> <FuncUnit> <Opcode : 'sdiv' 'srem' 'udiv' 'urem'> <InPorts = 2> <OutPorts = 1>

State 10 <SV = 9> <Delay = 2.58>
ST_10 : Operation 191 [29/36] (2.58ns)   --->   "%sdiv_ln92 = sdiv i32 %shl_ln92, %var_bits_per_pixel_r" [extr_.linuxdriversvideofbdevimsttfb.c_imsttfb_check_var_with_main.c:92]   --->   Operation 191 'sdiv' 'sdiv_ln92' <Predicate = true> <Delay = 2.58> <Core = "DivnS_SEQ">   --->   Core 24 'DivnS_SEQ' <Latency = 35> <II = 32> <Delay = 2.58> <FuncUnit> <Opcode : 'sdiv' 'srem' 'udiv' 'urem'> <InPorts = 2> <OutPorts = 1>

State 11 <SV = 10> <Delay = 2.58>
ST_11 : Operation 192 [28/36] (2.58ns)   --->   "%sdiv_ln92 = sdiv i32 %shl_ln92, %var_bits_per_pixel_r" [extr_.linuxdriversvideofbdevimsttfb.c_imsttfb_check_var_with_main.c:92]   --->   Operation 192 'sdiv' 'sdiv_ln92' <Predicate = true> <Delay = 2.58> <Core = "DivnS_SEQ">   --->   Core 24 'DivnS_SEQ' <Latency = 35> <II = 32> <Delay = 2.58> <FuncUnit> <Opcode : 'sdiv' 'srem' 'udiv' 'urem'> <InPorts = 2> <OutPorts = 1>

State 12 <SV = 11> <Delay = 2.58>
ST_12 : Operation 193 [27/36] (2.58ns)   --->   "%sdiv_ln92 = sdiv i32 %shl_ln92, %var_bits_per_pixel_r" [extr_.linuxdriversvideofbdevimsttfb.c_imsttfb_check_var_with_main.c:92]   --->   Operation 193 'sdiv' 'sdiv_ln92' <Predicate = true> <Delay = 2.58> <Core = "DivnS_SEQ">   --->   Core 24 'DivnS_SEQ' <Latency = 35> <II = 32> <Delay = 2.58> <FuncUnit> <Opcode : 'sdiv' 'srem' 'udiv' 'urem'> <InPorts = 2> <OutPorts = 1>

State 13 <SV = 12> <Delay = 2.58>
ST_13 : Operation 194 [26/36] (2.58ns)   --->   "%sdiv_ln92 = sdiv i32 %shl_ln92, %var_bits_per_pixel_r" [extr_.linuxdriversvideofbdevimsttfb.c_imsttfb_check_var_with_main.c:92]   --->   Operation 194 'sdiv' 'sdiv_ln92' <Predicate = true> <Delay = 2.58> <Core = "DivnS_SEQ">   --->   Core 24 'DivnS_SEQ' <Latency = 35> <II = 32> <Delay = 2.58> <FuncUnit> <Opcode : 'sdiv' 'srem' 'udiv' 'urem'> <InPorts = 2> <OutPorts = 1>

State 14 <SV = 13> <Delay = 2.58>
ST_14 : Operation 195 [25/36] (2.58ns)   --->   "%sdiv_ln92 = sdiv i32 %shl_ln92, %var_bits_per_pixel_r" [extr_.linuxdriversvideofbdevimsttfb.c_imsttfb_check_var_with_main.c:92]   --->   Operation 195 'sdiv' 'sdiv_ln92' <Predicate = true> <Delay = 2.58> <Core = "DivnS_SEQ">   --->   Core 24 'DivnS_SEQ' <Latency = 35> <II = 32> <Delay = 2.58> <FuncUnit> <Opcode : 'sdiv' 'srem' 'udiv' 'urem'> <InPorts = 2> <OutPorts = 1>

State 15 <SV = 14> <Delay = 2.58>
ST_15 : Operation 196 [24/36] (2.58ns)   --->   "%sdiv_ln92 = sdiv i32 %shl_ln92, %var_bits_per_pixel_r" [extr_.linuxdriversvideofbdevimsttfb.c_imsttfb_check_var_with_main.c:92]   --->   Operation 196 'sdiv' 'sdiv_ln92' <Predicate = true> <Delay = 2.58> <Core = "DivnS_SEQ">   --->   Core 24 'DivnS_SEQ' <Latency = 35> <II = 32> <Delay = 2.58> <FuncUnit> <Opcode : 'sdiv' 'srem' 'udiv' 'urem'> <InPorts = 2> <OutPorts = 1>

State 16 <SV = 15> <Delay = 2.58>
ST_16 : Operation 197 [23/36] (2.58ns)   --->   "%sdiv_ln92 = sdiv i32 %shl_ln92, %var_bits_per_pixel_r" [extr_.linuxdriversvideofbdevimsttfb.c_imsttfb_check_var_with_main.c:92]   --->   Operation 197 'sdiv' 'sdiv_ln92' <Predicate = true> <Delay = 2.58> <Core = "DivnS_SEQ">   --->   Core 24 'DivnS_SEQ' <Latency = 35> <II = 32> <Delay = 2.58> <FuncUnit> <Opcode : 'sdiv' 'srem' 'udiv' 'urem'> <InPorts = 2> <OutPorts = 1>

State 17 <SV = 16> <Delay = 2.58>
ST_17 : Operation 198 [22/36] (2.58ns)   --->   "%sdiv_ln92 = sdiv i32 %shl_ln92, %var_bits_per_pixel_r" [extr_.linuxdriversvideofbdevimsttfb.c_imsttfb_check_var_with_main.c:92]   --->   Operation 198 'sdiv' 'sdiv_ln92' <Predicate = true> <Delay = 2.58> <Core = "DivnS_SEQ">   --->   Core 24 'DivnS_SEQ' <Latency = 35> <II = 32> <Delay = 2.58> <FuncUnit> <Opcode : 'sdiv' 'srem' 'udiv' 'urem'> <InPorts = 2> <OutPorts = 1>

State 18 <SV = 17> <Delay = 2.58>
ST_18 : Operation 199 [21/36] (2.58ns)   --->   "%sdiv_ln92 = sdiv i32 %shl_ln92, %var_bits_per_pixel_r" [extr_.linuxdriversvideofbdevimsttfb.c_imsttfb_check_var_with_main.c:92]   --->   Operation 199 'sdiv' 'sdiv_ln92' <Predicate = true> <Delay = 2.58> <Core = "DivnS_SEQ">   --->   Core 24 'DivnS_SEQ' <Latency = 35> <II = 32> <Delay = 2.58> <FuncUnit> <Opcode : 'sdiv' 'srem' 'udiv' 'urem'> <InPorts = 2> <OutPorts = 1>

State 19 <SV = 18> <Delay = 2.58>
ST_19 : Operation 200 [20/36] (2.58ns)   --->   "%sdiv_ln92 = sdiv i32 %shl_ln92, %var_bits_per_pixel_r" [extr_.linuxdriversvideofbdevimsttfb.c_imsttfb_check_var_with_main.c:92]   --->   Operation 200 'sdiv' 'sdiv_ln92' <Predicate = true> <Delay = 2.58> <Core = "DivnS_SEQ">   --->   Core 24 'DivnS_SEQ' <Latency = 35> <II = 32> <Delay = 2.58> <FuncUnit> <Opcode : 'sdiv' 'srem' 'udiv' 'urem'> <InPorts = 2> <OutPorts = 1>

State 20 <SV = 19> <Delay = 2.58>
ST_20 : Operation 201 [19/36] (2.58ns)   --->   "%sdiv_ln92 = sdiv i32 %shl_ln92, %var_bits_per_pixel_r" [extr_.linuxdriversvideofbdevimsttfb.c_imsttfb_check_var_with_main.c:92]   --->   Operation 201 'sdiv' 'sdiv_ln92' <Predicate = true> <Delay = 2.58> <Core = "DivnS_SEQ">   --->   Core 24 'DivnS_SEQ' <Latency = 35> <II = 32> <Delay = 2.58> <FuncUnit> <Opcode : 'sdiv' 'srem' 'udiv' 'urem'> <InPorts = 2> <OutPorts = 1>

State 21 <SV = 20> <Delay = 2.58>
ST_21 : Operation 202 [18/36] (2.58ns)   --->   "%sdiv_ln92 = sdiv i32 %shl_ln92, %var_bits_per_pixel_r" [extr_.linuxdriversvideofbdevimsttfb.c_imsttfb_check_var_with_main.c:92]   --->   Operation 202 'sdiv' 'sdiv_ln92' <Predicate = true> <Delay = 2.58> <Core = "DivnS_SEQ">   --->   Core 24 'DivnS_SEQ' <Latency = 35> <II = 32> <Delay = 2.58> <FuncUnit> <Opcode : 'sdiv' 'srem' 'udiv' 'urem'> <InPorts = 2> <OutPorts = 1>

State 22 <SV = 21> <Delay = 2.58>
ST_22 : Operation 203 [17/36] (2.58ns)   --->   "%sdiv_ln92 = sdiv i32 %shl_ln92, %var_bits_per_pixel_r" [extr_.linuxdriversvideofbdevimsttfb.c_imsttfb_check_var_with_main.c:92]   --->   Operation 203 'sdiv' 'sdiv_ln92' <Predicate = true> <Delay = 2.58> <Core = "DivnS_SEQ">   --->   Core 24 'DivnS_SEQ' <Latency = 35> <II = 32> <Delay = 2.58> <FuncUnit> <Opcode : 'sdiv' 'srem' 'udiv' 'urem'> <InPorts = 2> <OutPorts = 1>

State 23 <SV = 22> <Delay = 2.58>
ST_23 : Operation 204 [16/36] (2.58ns)   --->   "%sdiv_ln92 = sdiv i32 %shl_ln92, %var_bits_per_pixel_r" [extr_.linuxdriversvideofbdevimsttfb.c_imsttfb_check_var_with_main.c:92]   --->   Operation 204 'sdiv' 'sdiv_ln92' <Predicate = true> <Delay = 2.58> <Core = "DivnS_SEQ">   --->   Core 24 'DivnS_SEQ' <Latency = 35> <II = 32> <Delay = 2.58> <FuncUnit> <Opcode : 'sdiv' 'srem' 'udiv' 'urem'> <InPorts = 2> <OutPorts = 1>

State 24 <SV = 23> <Delay = 2.58>
ST_24 : Operation 205 [15/36] (2.58ns)   --->   "%sdiv_ln92 = sdiv i32 %shl_ln92, %var_bits_per_pixel_r" [extr_.linuxdriversvideofbdevimsttfb.c_imsttfb_check_var_with_main.c:92]   --->   Operation 205 'sdiv' 'sdiv_ln92' <Predicate = true> <Delay = 2.58> <Core = "DivnS_SEQ">   --->   Core 24 'DivnS_SEQ' <Latency = 35> <II = 32> <Delay = 2.58> <FuncUnit> <Opcode : 'sdiv' 'srem' 'udiv' 'urem'> <InPorts = 2> <OutPorts = 1>

State 25 <SV = 24> <Delay = 2.58>
ST_25 : Operation 206 [14/36] (2.58ns)   --->   "%sdiv_ln92 = sdiv i32 %shl_ln92, %var_bits_per_pixel_r" [extr_.linuxdriversvideofbdevimsttfb.c_imsttfb_check_var_with_main.c:92]   --->   Operation 206 'sdiv' 'sdiv_ln92' <Predicate = true> <Delay = 2.58> <Core = "DivnS_SEQ">   --->   Core 24 'DivnS_SEQ' <Latency = 35> <II = 32> <Delay = 2.58> <FuncUnit> <Opcode : 'sdiv' 'srem' 'udiv' 'urem'> <InPorts = 2> <OutPorts = 1>

State 26 <SV = 25> <Delay = 2.58>
ST_26 : Operation 207 [13/36] (2.58ns)   --->   "%sdiv_ln92 = sdiv i32 %shl_ln92, %var_bits_per_pixel_r" [extr_.linuxdriversvideofbdevimsttfb.c_imsttfb_check_var_with_main.c:92]   --->   Operation 207 'sdiv' 'sdiv_ln92' <Predicate = true> <Delay = 2.58> <Core = "DivnS_SEQ">   --->   Core 24 'DivnS_SEQ' <Latency = 35> <II = 32> <Delay = 2.58> <FuncUnit> <Opcode : 'sdiv' 'srem' 'udiv' 'urem'> <InPorts = 2> <OutPorts = 1>

State 27 <SV = 26> <Delay = 2.58>
ST_27 : Operation 208 [12/36] (2.58ns)   --->   "%sdiv_ln92 = sdiv i32 %shl_ln92, %var_bits_per_pixel_r" [extr_.linuxdriversvideofbdevimsttfb.c_imsttfb_check_var_with_main.c:92]   --->   Operation 208 'sdiv' 'sdiv_ln92' <Predicate = true> <Delay = 2.58> <Core = "DivnS_SEQ">   --->   Core 24 'DivnS_SEQ' <Latency = 35> <II = 32> <Delay = 2.58> <FuncUnit> <Opcode : 'sdiv' 'srem' 'udiv' 'urem'> <InPorts = 2> <OutPorts = 1>

State 28 <SV = 27> <Delay = 2.58>
ST_28 : Operation 209 [11/36] (2.58ns)   --->   "%sdiv_ln92 = sdiv i32 %shl_ln92, %var_bits_per_pixel_r" [extr_.linuxdriversvideofbdevimsttfb.c_imsttfb_check_var_with_main.c:92]   --->   Operation 209 'sdiv' 'sdiv_ln92' <Predicate = true> <Delay = 2.58> <Core = "DivnS_SEQ">   --->   Core 24 'DivnS_SEQ' <Latency = 35> <II = 32> <Delay = 2.58> <FuncUnit> <Opcode : 'sdiv' 'srem' 'udiv' 'urem'> <InPorts = 2> <OutPorts = 1>

State 29 <SV = 28> <Delay = 2.58>
ST_29 : Operation 210 [10/36] (2.58ns)   --->   "%sdiv_ln92 = sdiv i32 %shl_ln92, %var_bits_per_pixel_r" [extr_.linuxdriversvideofbdevimsttfb.c_imsttfb_check_var_with_main.c:92]   --->   Operation 210 'sdiv' 'sdiv_ln92' <Predicate = true> <Delay = 2.58> <Core = "DivnS_SEQ">   --->   Core 24 'DivnS_SEQ' <Latency = 35> <II = 32> <Delay = 2.58> <FuncUnit> <Opcode : 'sdiv' 'srem' 'udiv' 'urem'> <InPorts = 2> <OutPorts = 1>

State 30 <SV = 29> <Delay = 2.58>
ST_30 : Operation 211 [9/36] (2.58ns)   --->   "%sdiv_ln92 = sdiv i32 %shl_ln92, %var_bits_per_pixel_r" [extr_.linuxdriversvideofbdevimsttfb.c_imsttfb_check_var_with_main.c:92]   --->   Operation 211 'sdiv' 'sdiv_ln92' <Predicate = true> <Delay = 2.58> <Core = "DivnS_SEQ">   --->   Core 24 'DivnS_SEQ' <Latency = 35> <II = 32> <Delay = 2.58> <FuncUnit> <Opcode : 'sdiv' 'srem' 'udiv' 'urem'> <InPorts = 2> <OutPorts = 1>

State 31 <SV = 30> <Delay = 2.58>
ST_31 : Operation 212 [8/36] (2.58ns)   --->   "%sdiv_ln92 = sdiv i32 %shl_ln92, %var_bits_per_pixel_r" [extr_.linuxdriversvideofbdevimsttfb.c_imsttfb_check_var_with_main.c:92]   --->   Operation 212 'sdiv' 'sdiv_ln92' <Predicate = true> <Delay = 2.58> <Core = "DivnS_SEQ">   --->   Core 24 'DivnS_SEQ' <Latency = 35> <II = 32> <Delay = 2.58> <FuncUnit> <Opcode : 'sdiv' 'srem' 'udiv' 'urem'> <InPorts = 2> <OutPorts = 1>

State 32 <SV = 31> <Delay = 2.58>
ST_32 : Operation 213 [7/36] (2.58ns)   --->   "%sdiv_ln92 = sdiv i32 %shl_ln92, %var_bits_per_pixel_r" [extr_.linuxdriversvideofbdevimsttfb.c_imsttfb_check_var_with_main.c:92]   --->   Operation 213 'sdiv' 'sdiv_ln92' <Predicate = true> <Delay = 2.58> <Core = "DivnS_SEQ">   --->   Core 24 'DivnS_SEQ' <Latency = 35> <II = 32> <Delay = 2.58> <FuncUnit> <Opcode : 'sdiv' 'srem' 'udiv' 'urem'> <InPorts = 2> <OutPorts = 1>

State 33 <SV = 32> <Delay = 2.58>
ST_33 : Operation 214 [6/36] (2.58ns)   --->   "%sdiv_ln92 = sdiv i32 %shl_ln92, %var_bits_per_pixel_r" [extr_.linuxdriversvideofbdevimsttfb.c_imsttfb_check_var_with_main.c:92]   --->   Operation 214 'sdiv' 'sdiv_ln92' <Predicate = true> <Delay = 2.58> <Core = "DivnS_SEQ">   --->   Core 24 'DivnS_SEQ' <Latency = 35> <II = 32> <Delay = 2.58> <FuncUnit> <Opcode : 'sdiv' 'srem' 'udiv' 'urem'> <InPorts = 2> <OutPorts = 1>

State 34 <SV = 33> <Delay = 2.58>
ST_34 : Operation 215 [5/36] (2.58ns)   --->   "%sdiv_ln92 = sdiv i32 %shl_ln92, %var_bits_per_pixel_r" [extr_.linuxdriversvideofbdevimsttfb.c_imsttfb_check_var_with_main.c:92]   --->   Operation 215 'sdiv' 'sdiv_ln92' <Predicate = true> <Delay = 2.58> <Core = "DivnS_SEQ">   --->   Core 24 'DivnS_SEQ' <Latency = 35> <II = 32> <Delay = 2.58> <FuncUnit> <Opcode : 'sdiv' 'srem' 'udiv' 'urem'> <InPorts = 2> <OutPorts = 1>

State 35 <SV = 34> <Delay = 2.58>
ST_35 : Operation 216 [4/36] (2.58ns)   --->   "%sdiv_ln92 = sdiv i32 %shl_ln92, %var_bits_per_pixel_r" [extr_.linuxdriversvideofbdevimsttfb.c_imsttfb_check_var_with_main.c:92]   --->   Operation 216 'sdiv' 'sdiv_ln92' <Predicate = true> <Delay = 2.58> <Core = "DivnS_SEQ">   --->   Core 24 'DivnS_SEQ' <Latency = 35> <II = 32> <Delay = 2.58> <FuncUnit> <Opcode : 'sdiv' 'srem' 'udiv' 'urem'> <InPorts = 2> <OutPorts = 1>

State 36 <SV = 35> <Delay = 2.58>
ST_36 : Operation 217 [3/36] (2.58ns)   --->   "%sdiv_ln92 = sdiv i32 %shl_ln92, %var_bits_per_pixel_r" [extr_.linuxdriversvideofbdevimsttfb.c_imsttfb_check_var_with_main.c:92]   --->   Operation 217 'sdiv' 'sdiv_ln92' <Predicate = true> <Delay = 2.58> <Core = "DivnS_SEQ">   --->   Core 24 'DivnS_SEQ' <Latency = 35> <II = 32> <Delay = 2.58> <FuncUnit> <Opcode : 'sdiv' 'srem' 'udiv' 'urem'> <InPorts = 2> <OutPorts = 1>

State 37 <SV = 36> <Delay = 2.58>
ST_37 : Operation 218 [2/36] (2.58ns)   --->   "%sdiv_ln92 = sdiv i32 %shl_ln92, %var_bits_per_pixel_r" [extr_.linuxdriversvideofbdevimsttfb.c_imsttfb_check_var_with_main.c:92]   --->   Operation 218 'sdiv' 'sdiv_ln92' <Predicate = true> <Delay = 2.58> <Core = "DivnS_SEQ">   --->   Core 24 'DivnS_SEQ' <Latency = 35> <II = 32> <Delay = 2.58> <FuncUnit> <Opcode : 'sdiv' 'srem' 'udiv' 'urem'> <InPorts = 2> <OutPorts = 1>

State 38 <SV = 37> <Delay = 5.17>
ST_38 : Operation 219 [1/36] (2.58ns)   --->   "%sdiv_ln92 = sdiv i32 %shl_ln92, %var_bits_per_pixel_r" [extr_.linuxdriversvideofbdevimsttfb.c_imsttfb_check_var_with_main.c:92]   --->   Operation 219 'sdiv' 'sdiv_ln92' <Predicate = true> <Delay = 2.58> <Core = "DivnS_SEQ">   --->   Core 24 'DivnS_SEQ' <Latency = 35> <II = 32> <Delay = 2.58> <FuncUnit> <Opcode : 'sdiv' 'srem' 'udiv' 'urem'> <InPorts = 2> <OutPorts = 1>
ST_38 : Operation 220 [36/36] (2.58ns)   --->   "%sdiv_ln92_1 = sdiv i32 %sdiv_ln92, %var_xres_virtual_rea" [extr_.linuxdriversvideofbdevimsttfb.c_imsttfb_check_var_with_main.c:92]   --->   Operation 220 'sdiv' 'sdiv_ln92_1' <Predicate = true> <Delay = 2.58> <Core = "DivnS_SEQ">   --->   Core 24 'DivnS_SEQ' <Latency = 35> <II = 32> <Delay = 2.58> <FuncUnit> <Opcode : 'sdiv' 'srem' 'udiv' 'urem'> <InPorts = 2> <OutPorts = 1>

State 39 <SV = 38> <Delay = 2.58>
ST_39 : Operation 221 [35/36] (2.58ns)   --->   "%sdiv_ln92_1 = sdiv i32 %sdiv_ln92, %var_xres_virtual_rea" [extr_.linuxdriversvideofbdevimsttfb.c_imsttfb_check_var_with_main.c:92]   --->   Operation 221 'sdiv' 'sdiv_ln92_1' <Predicate = true> <Delay = 2.58> <Core = "DivnS_SEQ">   --->   Core 24 'DivnS_SEQ' <Latency = 35> <II = 32> <Delay = 2.58> <FuncUnit> <Opcode : 'sdiv' 'srem' 'udiv' 'urem'> <InPorts = 2> <OutPorts = 1>

State 40 <SV = 39> <Delay = 2.58>
ST_40 : Operation 222 [34/36] (2.58ns)   --->   "%sdiv_ln92_1 = sdiv i32 %sdiv_ln92, %var_xres_virtual_rea" [extr_.linuxdriversvideofbdevimsttfb.c_imsttfb_check_var_with_main.c:92]   --->   Operation 222 'sdiv' 'sdiv_ln92_1' <Predicate = true> <Delay = 2.58> <Core = "DivnS_SEQ">   --->   Core 24 'DivnS_SEQ' <Latency = 35> <II = 32> <Delay = 2.58> <FuncUnit> <Opcode : 'sdiv' 'srem' 'udiv' 'urem'> <InPorts = 2> <OutPorts = 1>

State 41 <SV = 40> <Delay = 2.58>
ST_41 : Operation 223 [33/36] (2.58ns)   --->   "%sdiv_ln92_1 = sdiv i32 %sdiv_ln92, %var_xres_virtual_rea" [extr_.linuxdriversvideofbdevimsttfb.c_imsttfb_check_var_with_main.c:92]   --->   Operation 223 'sdiv' 'sdiv_ln92_1' <Predicate = true> <Delay = 2.58> <Core = "DivnS_SEQ">   --->   Core 24 'DivnS_SEQ' <Latency = 35> <II = 32> <Delay = 2.58> <FuncUnit> <Opcode : 'sdiv' 'srem' 'udiv' 'urem'> <InPorts = 2> <OutPorts = 1>

State 42 <SV = 41> <Delay = 2.58>
ST_42 : Operation 224 [32/36] (2.58ns)   --->   "%sdiv_ln92_1 = sdiv i32 %sdiv_ln92, %var_xres_virtual_rea" [extr_.linuxdriversvideofbdevimsttfb.c_imsttfb_check_var_with_main.c:92]   --->   Operation 224 'sdiv' 'sdiv_ln92_1' <Predicate = true> <Delay = 2.58> <Core = "DivnS_SEQ">   --->   Core 24 'DivnS_SEQ' <Latency = 35> <II = 32> <Delay = 2.58> <FuncUnit> <Opcode : 'sdiv' 'srem' 'udiv' 'urem'> <InPorts = 2> <OutPorts = 1>

State 43 <SV = 42> <Delay = 2.58>
ST_43 : Operation 225 [31/36] (2.58ns)   --->   "%sdiv_ln92_1 = sdiv i32 %sdiv_ln92, %var_xres_virtual_rea" [extr_.linuxdriversvideofbdevimsttfb.c_imsttfb_check_var_with_main.c:92]   --->   Operation 225 'sdiv' 'sdiv_ln92_1' <Predicate = true> <Delay = 2.58> <Core = "DivnS_SEQ">   --->   Core 24 'DivnS_SEQ' <Latency = 35> <II = 32> <Delay = 2.58> <FuncUnit> <Opcode : 'sdiv' 'srem' 'udiv' 'urem'> <InPorts = 2> <OutPorts = 1>

State 44 <SV = 43> <Delay = 2.58>
ST_44 : Operation 226 [30/36] (2.58ns)   --->   "%sdiv_ln92_1 = sdiv i32 %sdiv_ln92, %var_xres_virtual_rea" [extr_.linuxdriversvideofbdevimsttfb.c_imsttfb_check_var_with_main.c:92]   --->   Operation 226 'sdiv' 'sdiv_ln92_1' <Predicate = true> <Delay = 2.58> <Core = "DivnS_SEQ">   --->   Core 24 'DivnS_SEQ' <Latency = 35> <II = 32> <Delay = 2.58> <FuncUnit> <Opcode : 'sdiv' 'srem' 'udiv' 'urem'> <InPorts = 2> <OutPorts = 1>

State 45 <SV = 44> <Delay = 2.58>
ST_45 : Operation 227 [29/36] (2.58ns)   --->   "%sdiv_ln92_1 = sdiv i32 %sdiv_ln92, %var_xres_virtual_rea" [extr_.linuxdriversvideofbdevimsttfb.c_imsttfb_check_var_with_main.c:92]   --->   Operation 227 'sdiv' 'sdiv_ln92_1' <Predicate = true> <Delay = 2.58> <Core = "DivnS_SEQ">   --->   Core 24 'DivnS_SEQ' <Latency = 35> <II = 32> <Delay = 2.58> <FuncUnit> <Opcode : 'sdiv' 'srem' 'udiv' 'urem'> <InPorts = 2> <OutPorts = 1>

State 46 <SV = 45> <Delay = 2.58>
ST_46 : Operation 228 [28/36] (2.58ns)   --->   "%sdiv_ln92_1 = sdiv i32 %sdiv_ln92, %var_xres_virtual_rea" [extr_.linuxdriversvideofbdevimsttfb.c_imsttfb_check_var_with_main.c:92]   --->   Operation 228 'sdiv' 'sdiv_ln92_1' <Predicate = true> <Delay = 2.58> <Core = "DivnS_SEQ">   --->   Core 24 'DivnS_SEQ' <Latency = 35> <II = 32> <Delay = 2.58> <FuncUnit> <Opcode : 'sdiv' 'srem' 'udiv' 'urem'> <InPorts = 2> <OutPorts = 1>

State 47 <SV = 46> <Delay = 2.58>
ST_47 : Operation 229 [27/36] (2.58ns)   --->   "%sdiv_ln92_1 = sdiv i32 %sdiv_ln92, %var_xres_virtual_rea" [extr_.linuxdriversvideofbdevimsttfb.c_imsttfb_check_var_with_main.c:92]   --->   Operation 229 'sdiv' 'sdiv_ln92_1' <Predicate = true> <Delay = 2.58> <Core = "DivnS_SEQ">   --->   Core 24 'DivnS_SEQ' <Latency = 35> <II = 32> <Delay = 2.58> <FuncUnit> <Opcode : 'sdiv' 'srem' 'udiv' 'urem'> <InPorts = 2> <OutPorts = 1>

State 48 <SV = 47> <Delay = 2.58>
ST_48 : Operation 230 [26/36] (2.58ns)   --->   "%sdiv_ln92_1 = sdiv i32 %sdiv_ln92, %var_xres_virtual_rea" [extr_.linuxdriversvideofbdevimsttfb.c_imsttfb_check_var_with_main.c:92]   --->   Operation 230 'sdiv' 'sdiv_ln92_1' <Predicate = true> <Delay = 2.58> <Core = "DivnS_SEQ">   --->   Core 24 'DivnS_SEQ' <Latency = 35> <II = 32> <Delay = 2.58> <FuncUnit> <Opcode : 'sdiv' 'srem' 'udiv' 'urem'> <InPorts = 2> <OutPorts = 1>

State 49 <SV = 48> <Delay = 2.58>
ST_49 : Operation 231 [25/36] (2.58ns)   --->   "%sdiv_ln92_1 = sdiv i32 %sdiv_ln92, %var_xres_virtual_rea" [extr_.linuxdriversvideofbdevimsttfb.c_imsttfb_check_var_with_main.c:92]   --->   Operation 231 'sdiv' 'sdiv_ln92_1' <Predicate = true> <Delay = 2.58> <Core = "DivnS_SEQ">   --->   Core 24 'DivnS_SEQ' <Latency = 35> <II = 32> <Delay = 2.58> <FuncUnit> <Opcode : 'sdiv' 'srem' 'udiv' 'urem'> <InPorts = 2> <OutPorts = 1>

State 50 <SV = 49> <Delay = 2.58>
ST_50 : Operation 232 [24/36] (2.58ns)   --->   "%sdiv_ln92_1 = sdiv i32 %sdiv_ln92, %var_xres_virtual_rea" [extr_.linuxdriversvideofbdevimsttfb.c_imsttfb_check_var_with_main.c:92]   --->   Operation 232 'sdiv' 'sdiv_ln92_1' <Predicate = true> <Delay = 2.58> <Core = "DivnS_SEQ">   --->   Core 24 'DivnS_SEQ' <Latency = 35> <II = 32> <Delay = 2.58> <FuncUnit> <Opcode : 'sdiv' 'srem' 'udiv' 'urem'> <InPorts = 2> <OutPorts = 1>

State 51 <SV = 50> <Delay = 2.58>
ST_51 : Operation 233 [23/36] (2.58ns)   --->   "%sdiv_ln92_1 = sdiv i32 %sdiv_ln92, %var_xres_virtual_rea" [extr_.linuxdriversvideofbdevimsttfb.c_imsttfb_check_var_with_main.c:92]   --->   Operation 233 'sdiv' 'sdiv_ln92_1' <Predicate = true> <Delay = 2.58> <Core = "DivnS_SEQ">   --->   Core 24 'DivnS_SEQ' <Latency = 35> <II = 32> <Delay = 2.58> <FuncUnit> <Opcode : 'sdiv' 'srem' 'udiv' 'urem'> <InPorts = 2> <OutPorts = 1>

State 52 <SV = 51> <Delay = 2.58>
ST_52 : Operation 234 [22/36] (2.58ns)   --->   "%sdiv_ln92_1 = sdiv i32 %sdiv_ln92, %var_xres_virtual_rea" [extr_.linuxdriversvideofbdevimsttfb.c_imsttfb_check_var_with_main.c:92]   --->   Operation 234 'sdiv' 'sdiv_ln92_1' <Predicate = true> <Delay = 2.58> <Core = "DivnS_SEQ">   --->   Core 24 'DivnS_SEQ' <Latency = 35> <II = 32> <Delay = 2.58> <FuncUnit> <Opcode : 'sdiv' 'srem' 'udiv' 'urem'> <InPorts = 2> <OutPorts = 1>

State 53 <SV = 52> <Delay = 2.58>
ST_53 : Operation 235 [21/36] (2.58ns)   --->   "%sdiv_ln92_1 = sdiv i32 %sdiv_ln92, %var_xres_virtual_rea" [extr_.linuxdriversvideofbdevimsttfb.c_imsttfb_check_var_with_main.c:92]   --->   Operation 235 'sdiv' 'sdiv_ln92_1' <Predicate = true> <Delay = 2.58> <Core = "DivnS_SEQ">   --->   Core 24 'DivnS_SEQ' <Latency = 35> <II = 32> <Delay = 2.58> <FuncUnit> <Opcode : 'sdiv' 'srem' 'udiv' 'urem'> <InPorts = 2> <OutPorts = 1>

State 54 <SV = 53> <Delay = 2.58>
ST_54 : Operation 236 [20/36] (2.58ns)   --->   "%sdiv_ln92_1 = sdiv i32 %sdiv_ln92, %var_xres_virtual_rea" [extr_.linuxdriversvideofbdevimsttfb.c_imsttfb_check_var_with_main.c:92]   --->   Operation 236 'sdiv' 'sdiv_ln92_1' <Predicate = true> <Delay = 2.58> <Core = "DivnS_SEQ">   --->   Core 24 'DivnS_SEQ' <Latency = 35> <II = 32> <Delay = 2.58> <FuncUnit> <Opcode : 'sdiv' 'srem' 'udiv' 'urem'> <InPorts = 2> <OutPorts = 1>

State 55 <SV = 54> <Delay = 2.58>
ST_55 : Operation 237 [19/36] (2.58ns)   --->   "%sdiv_ln92_1 = sdiv i32 %sdiv_ln92, %var_xres_virtual_rea" [extr_.linuxdriversvideofbdevimsttfb.c_imsttfb_check_var_with_main.c:92]   --->   Operation 237 'sdiv' 'sdiv_ln92_1' <Predicate = true> <Delay = 2.58> <Core = "DivnS_SEQ">   --->   Core 24 'DivnS_SEQ' <Latency = 35> <II = 32> <Delay = 2.58> <FuncUnit> <Opcode : 'sdiv' 'srem' 'udiv' 'urem'> <InPorts = 2> <OutPorts = 1>

State 56 <SV = 55> <Delay = 2.58>
ST_56 : Operation 238 [18/36] (2.58ns)   --->   "%sdiv_ln92_1 = sdiv i32 %sdiv_ln92, %var_xres_virtual_rea" [extr_.linuxdriversvideofbdevimsttfb.c_imsttfb_check_var_with_main.c:92]   --->   Operation 238 'sdiv' 'sdiv_ln92_1' <Predicate = true> <Delay = 2.58> <Core = "DivnS_SEQ">   --->   Core 24 'DivnS_SEQ' <Latency = 35> <II = 32> <Delay = 2.58> <FuncUnit> <Opcode : 'sdiv' 'srem' 'udiv' 'urem'> <InPorts = 2> <OutPorts = 1>

State 57 <SV = 56> <Delay = 2.58>
ST_57 : Operation 239 [17/36] (2.58ns)   --->   "%sdiv_ln92_1 = sdiv i32 %sdiv_ln92, %var_xres_virtual_rea" [extr_.linuxdriversvideofbdevimsttfb.c_imsttfb_check_var_with_main.c:92]   --->   Operation 239 'sdiv' 'sdiv_ln92_1' <Predicate = true> <Delay = 2.58> <Core = "DivnS_SEQ">   --->   Core 24 'DivnS_SEQ' <Latency = 35> <II = 32> <Delay = 2.58> <FuncUnit> <Opcode : 'sdiv' 'srem' 'udiv' 'urem'> <InPorts = 2> <OutPorts = 1>

State 58 <SV = 57> <Delay = 2.58>
ST_58 : Operation 240 [16/36] (2.58ns)   --->   "%sdiv_ln92_1 = sdiv i32 %sdiv_ln92, %var_xres_virtual_rea" [extr_.linuxdriversvideofbdevimsttfb.c_imsttfb_check_var_with_main.c:92]   --->   Operation 240 'sdiv' 'sdiv_ln92_1' <Predicate = true> <Delay = 2.58> <Core = "DivnS_SEQ">   --->   Core 24 'DivnS_SEQ' <Latency = 35> <II = 32> <Delay = 2.58> <FuncUnit> <Opcode : 'sdiv' 'srem' 'udiv' 'urem'> <InPorts = 2> <OutPorts = 1>

State 59 <SV = 58> <Delay = 2.58>
ST_59 : Operation 241 [15/36] (2.58ns)   --->   "%sdiv_ln92_1 = sdiv i32 %sdiv_ln92, %var_xres_virtual_rea" [extr_.linuxdriversvideofbdevimsttfb.c_imsttfb_check_var_with_main.c:92]   --->   Operation 241 'sdiv' 'sdiv_ln92_1' <Predicate = true> <Delay = 2.58> <Core = "DivnS_SEQ">   --->   Core 24 'DivnS_SEQ' <Latency = 35> <II = 32> <Delay = 2.58> <FuncUnit> <Opcode : 'sdiv' 'srem' 'udiv' 'urem'> <InPorts = 2> <OutPorts = 1>

State 60 <SV = 59> <Delay = 2.58>
ST_60 : Operation 242 [14/36] (2.58ns)   --->   "%sdiv_ln92_1 = sdiv i32 %sdiv_ln92, %var_xres_virtual_rea" [extr_.linuxdriversvideofbdevimsttfb.c_imsttfb_check_var_with_main.c:92]   --->   Operation 242 'sdiv' 'sdiv_ln92_1' <Predicate = true> <Delay = 2.58> <Core = "DivnS_SEQ">   --->   Core 24 'DivnS_SEQ' <Latency = 35> <II = 32> <Delay = 2.58> <FuncUnit> <Opcode : 'sdiv' 'srem' 'udiv' 'urem'> <InPorts = 2> <OutPorts = 1>

State 61 <SV = 60> <Delay = 2.58>
ST_61 : Operation 243 [13/36] (2.58ns)   --->   "%sdiv_ln92_1 = sdiv i32 %sdiv_ln92, %var_xres_virtual_rea" [extr_.linuxdriversvideofbdevimsttfb.c_imsttfb_check_var_with_main.c:92]   --->   Operation 243 'sdiv' 'sdiv_ln92_1' <Predicate = true> <Delay = 2.58> <Core = "DivnS_SEQ">   --->   Core 24 'DivnS_SEQ' <Latency = 35> <II = 32> <Delay = 2.58> <FuncUnit> <Opcode : 'sdiv' 'srem' 'udiv' 'urem'> <InPorts = 2> <OutPorts = 1>

State 62 <SV = 61> <Delay = 2.58>
ST_62 : Operation 244 [12/36] (2.58ns)   --->   "%sdiv_ln92_1 = sdiv i32 %sdiv_ln92, %var_xres_virtual_rea" [extr_.linuxdriversvideofbdevimsttfb.c_imsttfb_check_var_with_main.c:92]   --->   Operation 244 'sdiv' 'sdiv_ln92_1' <Predicate = true> <Delay = 2.58> <Core = "DivnS_SEQ">   --->   Core 24 'DivnS_SEQ' <Latency = 35> <II = 32> <Delay = 2.58> <FuncUnit> <Opcode : 'sdiv' 'srem' 'udiv' 'urem'> <InPorts = 2> <OutPorts = 1>

State 63 <SV = 62> <Delay = 2.58>
ST_63 : Operation 245 [11/36] (2.58ns)   --->   "%sdiv_ln92_1 = sdiv i32 %sdiv_ln92, %var_xres_virtual_rea" [extr_.linuxdriversvideofbdevimsttfb.c_imsttfb_check_var_with_main.c:92]   --->   Operation 245 'sdiv' 'sdiv_ln92_1' <Predicate = true> <Delay = 2.58> <Core = "DivnS_SEQ">   --->   Core 24 'DivnS_SEQ' <Latency = 35> <II = 32> <Delay = 2.58> <FuncUnit> <Opcode : 'sdiv' 'srem' 'udiv' 'urem'> <InPorts = 2> <OutPorts = 1>

State 64 <SV = 63> <Delay = 2.58>
ST_64 : Operation 246 [10/36] (2.58ns)   --->   "%sdiv_ln92_1 = sdiv i32 %sdiv_ln92, %var_xres_virtual_rea" [extr_.linuxdriversvideofbdevimsttfb.c_imsttfb_check_var_with_main.c:92]   --->   Operation 246 'sdiv' 'sdiv_ln92_1' <Predicate = true> <Delay = 2.58> <Core = "DivnS_SEQ">   --->   Core 24 'DivnS_SEQ' <Latency = 35> <II = 32> <Delay = 2.58> <FuncUnit> <Opcode : 'sdiv' 'srem' 'udiv' 'urem'> <InPorts = 2> <OutPorts = 1>

State 65 <SV = 64> <Delay = 2.58>
ST_65 : Operation 247 [9/36] (2.58ns)   --->   "%sdiv_ln92_1 = sdiv i32 %sdiv_ln92, %var_xres_virtual_rea" [extr_.linuxdriversvideofbdevimsttfb.c_imsttfb_check_var_with_main.c:92]   --->   Operation 247 'sdiv' 'sdiv_ln92_1' <Predicate = true> <Delay = 2.58> <Core = "DivnS_SEQ">   --->   Core 24 'DivnS_SEQ' <Latency = 35> <II = 32> <Delay = 2.58> <FuncUnit> <Opcode : 'sdiv' 'srem' 'udiv' 'urem'> <InPorts = 2> <OutPorts = 1>

State 66 <SV = 65> <Delay = 2.58>
ST_66 : Operation 248 [8/36] (2.58ns)   --->   "%sdiv_ln92_1 = sdiv i32 %sdiv_ln92, %var_xres_virtual_rea" [extr_.linuxdriversvideofbdevimsttfb.c_imsttfb_check_var_with_main.c:92]   --->   Operation 248 'sdiv' 'sdiv_ln92_1' <Predicate = true> <Delay = 2.58> <Core = "DivnS_SEQ">   --->   Core 24 'DivnS_SEQ' <Latency = 35> <II = 32> <Delay = 2.58> <FuncUnit> <Opcode : 'sdiv' 'srem' 'udiv' 'urem'> <InPorts = 2> <OutPorts = 1>

State 67 <SV = 66> <Delay = 2.58>
ST_67 : Operation 249 [7/36] (2.58ns)   --->   "%sdiv_ln92_1 = sdiv i32 %sdiv_ln92, %var_xres_virtual_rea" [extr_.linuxdriversvideofbdevimsttfb.c_imsttfb_check_var_with_main.c:92]   --->   Operation 249 'sdiv' 'sdiv_ln92_1' <Predicate = true> <Delay = 2.58> <Core = "DivnS_SEQ">   --->   Core 24 'DivnS_SEQ' <Latency = 35> <II = 32> <Delay = 2.58> <FuncUnit> <Opcode : 'sdiv' 'srem' 'udiv' 'urem'> <InPorts = 2> <OutPorts = 1>

State 68 <SV = 67> <Delay = 2.58>
ST_68 : Operation 250 [6/36] (2.58ns)   --->   "%sdiv_ln92_1 = sdiv i32 %sdiv_ln92, %var_xres_virtual_rea" [extr_.linuxdriversvideofbdevimsttfb.c_imsttfb_check_var_with_main.c:92]   --->   Operation 250 'sdiv' 'sdiv_ln92_1' <Predicate = true> <Delay = 2.58> <Core = "DivnS_SEQ">   --->   Core 24 'DivnS_SEQ' <Latency = 35> <II = 32> <Delay = 2.58> <FuncUnit> <Opcode : 'sdiv' 'srem' 'udiv' 'urem'> <InPorts = 2> <OutPorts = 1>

State 69 <SV = 68> <Delay = 2.58>
ST_69 : Operation 251 [5/36] (2.58ns)   --->   "%sdiv_ln92_1 = sdiv i32 %sdiv_ln92, %var_xres_virtual_rea" [extr_.linuxdriversvideofbdevimsttfb.c_imsttfb_check_var_with_main.c:92]   --->   Operation 251 'sdiv' 'sdiv_ln92_1' <Predicate = true> <Delay = 2.58> <Core = "DivnS_SEQ">   --->   Core 24 'DivnS_SEQ' <Latency = 35> <II = 32> <Delay = 2.58> <FuncUnit> <Opcode : 'sdiv' 'srem' 'udiv' 'urem'> <InPorts = 2> <OutPorts = 1>

State 70 <SV = 69> <Delay = 2.58>
ST_70 : Operation 252 [4/36] (2.58ns)   --->   "%sdiv_ln92_1 = sdiv i32 %sdiv_ln92, %var_xres_virtual_rea" [extr_.linuxdriversvideofbdevimsttfb.c_imsttfb_check_var_with_main.c:92]   --->   Operation 252 'sdiv' 'sdiv_ln92_1' <Predicate = true> <Delay = 2.58> <Core = "DivnS_SEQ">   --->   Core 24 'DivnS_SEQ' <Latency = 35> <II = 32> <Delay = 2.58> <FuncUnit> <Opcode : 'sdiv' 'srem' 'udiv' 'urem'> <InPorts = 2> <OutPorts = 1>

State 71 <SV = 70> <Delay = 2.58>
ST_71 : Operation 253 [3/36] (2.58ns)   --->   "%sdiv_ln92_1 = sdiv i32 %sdiv_ln92, %var_xres_virtual_rea" [extr_.linuxdriversvideofbdevimsttfb.c_imsttfb_check_var_with_main.c:92]   --->   Operation 253 'sdiv' 'sdiv_ln92_1' <Predicate = true> <Delay = 2.58> <Core = "DivnS_SEQ">   --->   Core 24 'DivnS_SEQ' <Latency = 35> <II = 32> <Delay = 2.58> <FuncUnit> <Opcode : 'sdiv' 'srem' 'udiv' 'urem'> <InPorts = 2> <OutPorts = 1>

State 72 <SV = 71> <Delay = 2.58>
ST_72 : Operation 254 [2/36] (2.58ns)   --->   "%sdiv_ln92_1 = sdiv i32 %sdiv_ln92, %var_xres_virtual_rea" [extr_.linuxdriversvideofbdevimsttfb.c_imsttfb_check_var_with_main.c:92]   --->   Operation 254 'sdiv' 'sdiv_ln92_1' <Predicate = true> <Delay = 2.58> <Core = "DivnS_SEQ">   --->   Core 24 'DivnS_SEQ' <Latency = 35> <II = 32> <Delay = 2.58> <FuncUnit> <Opcode : 'sdiv' 'srem' 'udiv' 'urem'> <InPorts = 2> <OutPorts = 1>

State 73 <SV = 72> <Delay = 4.76>
ST_73 : Operation 255 [1/36] (2.58ns)   --->   "%sdiv_ln92_1 = sdiv i32 %sdiv_ln92, %var_xres_virtual_rea" [extr_.linuxdriversvideofbdevimsttfb.c_imsttfb_check_var_with_main.c:92]   --->   Operation 255 'sdiv' 'sdiv_ln92_1' <Predicate = (empty_9 & !icmp_ln34 & !icmp_ln34_1 & icmp_ln34_2 & !icmp_ln41 & !icmp_ln41_1 & icmp_ln90)> <Delay = 2.58> <Core = "DivnS_SEQ">   --->   Core 24 'DivnS_SEQ' <Latency = 35> <II = 32> <Delay = 2.58> <FuncUnit> <Opcode : 'sdiv' 'srem' 'udiv' 'urem'> <InPorts = 2> <OutPorts = 1>
ST_73 : Operation 256 [1/1] (1.54ns)   --->   "%icmp_ln93 = icmp slt i32 %sdiv_ln92_1, %var_yres_virtual_rea" [extr_.linuxdriversvideofbdevimsttfb.c_imsttfb_check_var_with_main.c:93]   --->   Operation 256 'icmp' 'icmp_ln93' <Predicate = (empty_9 & !icmp_ln34 & !icmp_ln34_1 & icmp_ln34_2 & !icmp_ln41 & !icmp_ln41_1 & icmp_ln90)> <Delay = 1.54> <Core = "Cmp">   --->   Core 25 'Cmp' <Latency = 0> <II = 1> <Delay = 1.54> <FuncUnit> <Opcode : 'icmp'> <InPorts = 2> <OutPorts = 1>
ST_73 : Operation 257 [1/1] (0.63ns)   --->   "%select_ln93 = select i1 %icmp_ln93, i32 %var_yres_virtual_rea, i32 %sdiv_ln92_1" [extr_.linuxdriversvideofbdevimsttfb.c_imsttfb_check_var_with_main.c:93]   --->   Operation 257 'select' 'select_ln93' <Predicate = (empty_9 & !icmp_ln34 & !icmp_ln34_1 & icmp_ln34_2 & !icmp_ln41 & !icmp_ln41_1 & icmp_ln90)> <Delay = 0.63> <Core = "Sel">   --->   Core 26 'Sel' <Latency = 0> <II = 1> <Delay = 0.63> <FuncUnit> <Opcode : 'select'> <InPorts = 3> <OutPorts = 1>
ST_73 : Operation 258 [1/1] (0.00ns)   --->   "call void @_ssdm_op_Write.ap_auto.i32P(i32* %var_yres_virtual, i32 %select_ln93)" [extr_.linuxdriversvideofbdevimsttfb.c_imsttfb_check_var_with_main.c:92]   --->   Operation 258 'write' <Predicate = (empty_9 & !icmp_ln34 & !icmp_ln34_1 & icmp_ln34_2 & !icmp_ln41 & !icmp_ln41_1 & icmp_ln90)> <Delay = 0.00>
ST_73 : Operation 259 [1/1] (0.00ns)   --->   "br label %._crit_edge14" [extr_.linuxdriversvideofbdevimsttfb.c_imsttfb_check_var_with_main.c:95]   --->   Operation 259 'br' <Predicate = (empty_9 & !icmp_ln34 & !icmp_ln34_1 & icmp_ln34_2 & !icmp_ln41 & !icmp_ln41_1 & icmp_ln90)> <Delay = 0.00>
ST_73 : Operation 260 [1/1] (0.00ns)   --->   "call void @_ssdm_op_Write.ap_auto.i32P(i32* %var_red_msb_right, i32 0)" [extr_.linuxdriversvideofbdevimsttfb.c_imsttfb_check_var_with_main.c:97]   --->   Operation 260 'write' <Predicate = (empty_9 & !icmp_ln34 & !icmp_ln34_1 & icmp_ln34_2 & !icmp_ln41 & !icmp_ln41_1)> <Delay = 0.00>
ST_73 : Operation 261 [1/1] (0.00ns)   --->   "call void @_ssdm_op_Write.ap_auto.i32P(i32* %var_green_msb_right, i32 0)" [extr_.linuxdriversvideofbdevimsttfb.c_imsttfb_check_var_with_main.c:98]   --->   Operation 261 'write' <Predicate = (empty_9 & !icmp_ln34 & !icmp_ln34_1 & icmp_ln34_2 & !icmp_ln41 & !icmp_ln41_1)> <Delay = 0.00>
ST_73 : Operation 262 [1/1] (0.00ns)   --->   "call void @_ssdm_op_Write.ap_auto.i32P(i32* %var_blue_msb_right, i32 0)" [extr_.linuxdriversvideofbdevimsttfb.c_imsttfb_check_var_with_main.c:99]   --->   Operation 262 'write' <Predicate = (empty_9 & !icmp_ln34 & !icmp_ln34_1 & icmp_ln34_2 & !icmp_ln41 & !icmp_ln41_1)> <Delay = 0.00>
ST_73 : Operation 263 [1/1] (0.00ns)   --->   "call void @_ssdm_op_Write.ap_auto.i32P(i32* %var_transp_msb_right, i32 0)" [extr_.linuxdriversvideofbdevimsttfb.c_imsttfb_check_var_with_main.c:100]   --->   Operation 263 'write' <Predicate = (empty_9 & !icmp_ln34 & !icmp_ln34_1 & icmp_ln34_2 & !icmp_ln41 & !icmp_ln41_1)> <Delay = 0.00>
ST_73 : Operation 264 [1/1] (0.00ns)   --->   "call void @_ssdm_op_Write.ap_auto.i32P(i32* %var_height, i32 -1)" [extr_.linuxdriversvideofbdevimsttfb.c_imsttfb_check_var_with_main.c:101]   --->   Operation 264 'write' <Predicate = (empty_9 & !icmp_ln34 & !icmp_ln34_1 & icmp_ln34_2 & !icmp_ln41 & !icmp_ln41_1)> <Delay = 0.00>
ST_73 : Operation 265 [1/1] (0.00ns)   --->   "call void @_ssdm_op_Write.ap_auto.i32P(i32* %var_width, i32 -1)" [extr_.linuxdriversvideofbdevimsttfb.c_imsttfb_check_var_with_main.c:102]   --->   Operation 265 'write' <Predicate = (empty_9 & !icmp_ln34 & !icmp_ln34_1 & icmp_ln34_2 & !icmp_ln41 & !icmp_ln41_1)> <Delay = 0.00>
ST_73 : Operation 266 [1/1] (0.00ns)   --->   "call void @_ssdm_op_Write.ap_auto.i32P(i32* %var_vmode, i32 0)" [extr_.linuxdriversvideofbdevimsttfb.c_imsttfb_check_var_with_main.c:103]   --->   Operation 266 'write' <Predicate = (empty_9 & !icmp_ln34 & !icmp_ln34_1 & icmp_ln34_2 & !icmp_ln41 & !icmp_ln41_1)> <Delay = 0.00>
ST_73 : Operation 267 [1/1] (0.00ns)   --->   "call void @_ssdm_op_Write.ap_auto.i32P(i32* %var_right_margin, i32 16)" [extr_.linuxdriversvideofbdevimsttfb.c_imsttfb_check_var_with_main.c:104]   --->   Operation 267 'write' <Predicate = (empty_9 & !icmp_ln34 & !icmp_ln34_1 & icmp_ln34_2 & !icmp_ln41 & !icmp_ln41_1)> <Delay = 0.00>
ST_73 : Operation 268 [1/1] (0.00ns)   --->   "call void @_ssdm_op_Write.ap_auto.i32P(i32* %var_left_margin, i32 16)" [extr_.linuxdriversvideofbdevimsttfb.c_imsttfb_check_var_with_main.c:104]   --->   Operation 268 'write' <Predicate = (empty_9 & !icmp_ln34 & !icmp_ln34_1 & icmp_ln34_2 & !icmp_ln41 & !icmp_ln41_1)> <Delay = 0.00>
ST_73 : Operation 269 [1/1] (0.00ns)   --->   "call void @_ssdm_op_Write.ap_auto.i32P(i32* %var_lower_margin, i32 16)" [extr_.linuxdriversvideofbdevimsttfb.c_imsttfb_check_var_with_main.c:105]   --->   Operation 269 'write' <Predicate = (empty_9 & !icmp_ln34 & !icmp_ln34_1 & icmp_ln34_2 & !icmp_ln41 & !icmp_ln41_1)> <Delay = 0.00>
ST_73 : Operation 270 [1/1] (0.00ns)   --->   "call void @_ssdm_op_Write.ap_auto.i32P(i32* %var_upper_margin, i32 16)" [extr_.linuxdriversvideofbdevimsttfb.c_imsttfb_check_var_with_main.c:105]   --->   Operation 270 'write' <Predicate = (empty_9 & !icmp_ln34 & !icmp_ln34_1 & icmp_ln34_2 & !icmp_ln41 & !icmp_ln41_1)> <Delay = 0.00>
ST_73 : Operation 271 [1/1] (0.00ns)   --->   "call void @_ssdm_op_Write.ap_auto.i32P(i32* %var_vsync_len, i32 8)" [extr_.linuxdriversvideofbdevimsttfb.c_imsttfb_check_var_with_main.c:106]   --->   Operation 271 'write' <Predicate = (empty_9 & !icmp_ln34 & !icmp_ln34_1 & icmp_ln34_2 & !icmp_ln41 & !icmp_ln41_1)> <Delay = 0.00>
ST_73 : Operation 272 [1/1] (0.00ns)   --->   "call void @_ssdm_op_Write.ap_auto.i32P(i32* %var_hsync_len, i32 8)" [extr_.linuxdriversvideofbdevimsttfb.c_imsttfb_check_var_with_main.c:106]   --->   Operation 272 'write' <Predicate = (empty_9 & !icmp_ln34 & !icmp_ln34_1 & icmp_ln34_2 & !icmp_ln41 & !icmp_ln41_1)> <Delay = 0.00>
ST_73 : Operation 273 [1/1] (0.00ns)   --->   "br label %11" [extr_.linuxdriversvideofbdevimsttfb.c_imsttfb_check_var_with_main.c:107]   --->   Operation 273 'br' <Predicate = (empty_9 & !icmp_ln34 & !icmp_ln34_1 & icmp_ln34_2 & !icmp_ln41 & !icmp_ln41_1)> <Delay = 0.00>
ST_73 : Operation 274 [1/1] (0.00ns)   --->   "ret i32 0" [extr_.linuxdriversvideofbdevimsttfb.c_imsttfb_check_var_with_main.c:108]   --->   Operation 274 'ret' <Predicate = true> <Delay = 0.00>


============================================================
+ Verbose Summary: Timing violations
============================================================
Target clock period: 10ns, clock uncertainty: 1.25ns.

 <State 1>: 6.58ns
The critical path consists of the following:
	wire read on port 'var_bits_per_pixel' (extr_.linuxdriversvideofbdevimsttfb.c_imsttfb_check_var_with_main.c:34) [59]  (0 ns)
	'mul' operation ('mul_ln41', extr_.linuxdriversvideofbdevimsttfb.c_imsttfb_check_var_with_main.c:41) [85]  (6.58 ns)

 <State 2>: 8.13ns
The critical path consists of the following:
	'mul' operation ('mul_ln41_1', extr_.linuxdriversvideofbdevimsttfb.c_imsttfb_check_var_with_main.c:41) [86]  (6.58 ns)
	'icmp' operation ('icmp_ln41', extr_.linuxdriversvideofbdevimsttfb.c_imsttfb_check_var_with_main.c:41) [88]  (1.55 ns)

 <State 3>: 8.13ns
The critical path consists of the following:
	'mul' operation ('mul_ln41_3', extr_.linuxdriversvideofbdevimsttfb.c_imsttfb_check_var_with_main.c:41) [92]  (6.58 ns)
	'icmp' operation ('icmp_ln41_1', extr_.linuxdriversvideofbdevimsttfb.c_imsttfb_check_var_with_main.c:41) [93]  (1.55 ns)

 <State 4>: 2.58ns
The critical path consists of the following:
	'sdiv' operation ('sdiv_ln92', extr_.linuxdriversvideofbdevimsttfb.c_imsttfb_check_var_with_main.c:92) [152]  (2.58 ns)

 <State 5>: 2.58ns
The critical path consists of the following:
	'sdiv' operation ('sdiv_ln92', extr_.linuxdriversvideofbdevimsttfb.c_imsttfb_check_var_with_main.c:92) [152]  (2.58 ns)

 <State 6>: 2.58ns
The critical path consists of the following:
	'sdiv' operation ('sdiv_ln92', extr_.linuxdriversvideofbdevimsttfb.c_imsttfb_check_var_with_main.c:92) [152]  (2.58 ns)

 <State 7>: 2.58ns
The critical path consists of the following:
	'sdiv' operation ('sdiv_ln92', extr_.linuxdriversvideofbdevimsttfb.c_imsttfb_check_var_with_main.c:92) [152]  (2.58 ns)

 <State 8>: 2.58ns
The critical path consists of the following:
	'sdiv' operation ('sdiv_ln92', extr_.linuxdriversvideofbdevimsttfb.c_imsttfb_check_var_with_main.c:92) [152]  (2.58 ns)

 <State 9>: 2.58ns
The critical path consists of the following:
	'sdiv' operation ('sdiv_ln92', extr_.linuxdriversvideofbdevimsttfb.c_imsttfb_check_var_with_main.c:92) [152]  (2.58 ns)

 <State 10>: 2.58ns
The critical path consists of the following:
	'sdiv' operation ('sdiv_ln92', extr_.linuxdriversvideofbdevimsttfb.c_imsttfb_check_var_with_main.c:92) [152]  (2.58 ns)

 <State 11>: 2.58ns
The critical path consists of the following:
	'sdiv' operation ('sdiv_ln92', extr_.linuxdriversvideofbdevimsttfb.c_imsttfb_check_var_with_main.c:92) [152]  (2.58 ns)

 <State 12>: 2.58ns
The critical path consists of the following:
	'sdiv' operation ('sdiv_ln92', extr_.linuxdriversvideofbdevimsttfb.c_imsttfb_check_var_with_main.c:92) [152]  (2.58 ns)

 <State 13>: 2.58ns
The critical path consists of the following:
	'sdiv' operation ('sdiv_ln92', extr_.linuxdriversvideofbdevimsttfb.c_imsttfb_check_var_with_main.c:92) [152]  (2.58 ns)

 <State 14>: 2.58ns
The critical path consists of the following:
	'sdiv' operation ('sdiv_ln92', extr_.linuxdriversvideofbdevimsttfb.c_imsttfb_check_var_with_main.c:92) [152]  (2.58 ns)

 <State 15>: 2.58ns
The critical path consists of the following:
	'sdiv' operation ('sdiv_ln92', extr_.linuxdriversvideofbdevimsttfb.c_imsttfb_check_var_with_main.c:92) [152]  (2.58 ns)

 <State 16>: 2.58ns
The critical path consists of the following:
	'sdiv' operation ('sdiv_ln92', extr_.linuxdriversvideofbdevimsttfb.c_imsttfb_check_var_with_main.c:92) [152]  (2.58 ns)

 <State 17>: 2.58ns
The critical path consists of the following:
	'sdiv' operation ('sdiv_ln92', extr_.linuxdriversvideofbdevimsttfb.c_imsttfb_check_var_with_main.c:92) [152]  (2.58 ns)

 <State 18>: 2.58ns
The critical path consists of the following:
	'sdiv' operation ('sdiv_ln92', extr_.linuxdriversvideofbdevimsttfb.c_imsttfb_check_var_with_main.c:92) [152]  (2.58 ns)

 <State 19>: 2.58ns
The critical path consists of the following:
	'sdiv' operation ('sdiv_ln92', extr_.linuxdriversvideofbdevimsttfb.c_imsttfb_check_var_with_main.c:92) [152]  (2.58 ns)

 <State 20>: 2.58ns
The critical path consists of the following:
	'sdiv' operation ('sdiv_ln92', extr_.linuxdriversvideofbdevimsttfb.c_imsttfb_check_var_with_main.c:92) [152]  (2.58 ns)

 <State 21>: 2.58ns
The critical path consists of the following:
	'sdiv' operation ('sdiv_ln92', extr_.linuxdriversvideofbdevimsttfb.c_imsttfb_check_var_with_main.c:92) [152]  (2.58 ns)

 <State 22>: 2.58ns
The critical path consists of the following:
	'sdiv' operation ('sdiv_ln92', extr_.linuxdriversvideofbdevimsttfb.c_imsttfb_check_var_with_main.c:92) [152]  (2.58 ns)

 <State 23>: 2.58ns
The critical path consists of the following:
	'sdiv' operation ('sdiv_ln92', extr_.linuxdriversvideofbdevimsttfb.c_imsttfb_check_var_with_main.c:92) [152]  (2.58 ns)

 <State 24>: 2.58ns
The critical path consists of the following:
	'sdiv' operation ('sdiv_ln92', extr_.linuxdriversvideofbdevimsttfb.c_imsttfb_check_var_with_main.c:92) [152]  (2.58 ns)

 <State 25>: 2.58ns
The critical path consists of the following:
	'sdiv' operation ('sdiv_ln92', extr_.linuxdriversvideofbdevimsttfb.c_imsttfb_check_var_with_main.c:92) [152]  (2.58 ns)

 <State 26>: 2.58ns
The critical path consists of the following:
	'sdiv' operation ('sdiv_ln92', extr_.linuxdriversvideofbdevimsttfb.c_imsttfb_check_var_with_main.c:92) [152]  (2.58 ns)

 <State 27>: 2.58ns
The critical path consists of the following:
	'sdiv' operation ('sdiv_ln92', extr_.linuxdriversvideofbdevimsttfb.c_imsttfb_check_var_with_main.c:92) [152]  (2.58 ns)

 <State 28>: 2.58ns
The critical path consists of the following:
	'sdiv' operation ('sdiv_ln92', extr_.linuxdriversvideofbdevimsttfb.c_imsttfb_check_var_with_main.c:92) [152]  (2.58 ns)

 <State 29>: 2.58ns
The critical path consists of the following:
	'sdiv' operation ('sdiv_ln92', extr_.linuxdriversvideofbdevimsttfb.c_imsttfb_check_var_with_main.c:92) [152]  (2.58 ns)

 <State 30>: 2.58ns
The critical path consists of the following:
	'sdiv' operation ('sdiv_ln92', extr_.linuxdriversvideofbdevimsttfb.c_imsttfb_check_var_with_main.c:92) [152]  (2.58 ns)

 <State 31>: 2.58ns
The critical path consists of the following:
	'sdiv' operation ('sdiv_ln92', extr_.linuxdriversvideofbdevimsttfb.c_imsttfb_check_var_with_main.c:92) [152]  (2.58 ns)

 <State 32>: 2.58ns
The critical path consists of the following:
	'sdiv' operation ('sdiv_ln92', extr_.linuxdriversvideofbdevimsttfb.c_imsttfb_check_var_with_main.c:92) [152]  (2.58 ns)

 <State 33>: 2.58ns
The critical path consists of the following:
	'sdiv' operation ('sdiv_ln92', extr_.linuxdriversvideofbdevimsttfb.c_imsttfb_check_var_with_main.c:92) [152]  (2.58 ns)

 <State 34>: 2.58ns
The critical path consists of the following:
	'sdiv' operation ('sdiv_ln92', extr_.linuxdriversvideofbdevimsttfb.c_imsttfb_check_var_with_main.c:92) [152]  (2.58 ns)

 <State 35>: 2.58ns
The critical path consists of the following:
	'sdiv' operation ('sdiv_ln92', extr_.linuxdriversvideofbdevimsttfb.c_imsttfb_check_var_with_main.c:92) [152]  (2.58 ns)

 <State 36>: 2.58ns
The critical path consists of the following:
	'sdiv' operation ('sdiv_ln92', extr_.linuxdriversvideofbdevimsttfb.c_imsttfb_check_var_with_main.c:92) [152]  (2.58 ns)

 <State 37>: 2.58ns
The critical path consists of the following:
	'sdiv' operation ('sdiv_ln92', extr_.linuxdriversvideofbdevimsttfb.c_imsttfb_check_var_with_main.c:92) [152]  (2.58 ns)

 <State 38>: 5.17ns
The critical path consists of the following:
	'sdiv' operation ('sdiv_ln92', extr_.linuxdriversvideofbdevimsttfb.c_imsttfb_check_var_with_main.c:92) [152]  (2.58 ns)
	'sdiv' operation ('sdiv_ln92_1', extr_.linuxdriversvideofbdevimsttfb.c_imsttfb_check_var_with_main.c:92) [153]  (2.58 ns)

 <State 39>: 2.58ns
The critical path consists of the following:
	'sdiv' operation ('sdiv_ln92_1', extr_.linuxdriversvideofbdevimsttfb.c_imsttfb_check_var_with_main.c:92) [153]  (2.58 ns)

 <State 40>: 2.58ns
The critical path consists of the following:
	'sdiv' operation ('sdiv_ln92_1', extr_.linuxdriversvideofbdevimsttfb.c_imsttfb_check_var_with_main.c:92) [153]  (2.58 ns)

 <State 41>: 2.58ns
The critical path consists of the following:
	'sdiv' operation ('sdiv_ln92_1', extr_.linuxdriversvideofbdevimsttfb.c_imsttfb_check_var_with_main.c:92) [153]  (2.58 ns)

 <State 42>: 2.58ns
The critical path consists of the following:
	'sdiv' operation ('sdiv_ln92_1', extr_.linuxdriversvideofbdevimsttfb.c_imsttfb_check_var_with_main.c:92) [153]  (2.58 ns)

 <State 43>: 2.58ns
The critical path consists of the following:
	'sdiv' operation ('sdiv_ln92_1', extr_.linuxdriversvideofbdevimsttfb.c_imsttfb_check_var_with_main.c:92) [153]  (2.58 ns)

 <State 44>: 2.58ns
The critical path consists of the following:
	'sdiv' operation ('sdiv_ln92_1', extr_.linuxdriversvideofbdevimsttfb.c_imsttfb_check_var_with_main.c:92) [153]  (2.58 ns)

 <State 45>: 2.58ns
The critical path consists of the following:
	'sdiv' operation ('sdiv_ln92_1', extr_.linuxdriversvideofbdevimsttfb.c_imsttfb_check_var_with_main.c:92) [153]  (2.58 ns)

 <State 46>: 2.58ns
The critical path consists of the following:
	'sdiv' operation ('sdiv_ln92_1', extr_.linuxdriversvideofbdevimsttfb.c_imsttfb_check_var_with_main.c:92) [153]  (2.58 ns)

 <State 47>: 2.58ns
The critical path consists of the following:
	'sdiv' operation ('sdiv_ln92_1', extr_.linuxdriversvideofbdevimsttfb.c_imsttfb_check_var_with_main.c:92) [153]  (2.58 ns)

 <State 48>: 2.58ns
The critical path consists of the following:
	'sdiv' operation ('sdiv_ln92_1', extr_.linuxdriversvideofbdevimsttfb.c_imsttfb_check_var_with_main.c:92) [153]  (2.58 ns)

 <State 49>: 2.58ns
The critical path consists of the following:
	'sdiv' operation ('sdiv_ln92_1', extr_.linuxdriversvideofbdevimsttfb.c_imsttfb_check_var_with_main.c:92) [153]  (2.58 ns)

 <State 50>: 2.58ns
The critical path consists of the following:
	'sdiv' operation ('sdiv_ln92_1', extr_.linuxdriversvideofbdevimsttfb.c_imsttfb_check_var_with_main.c:92) [153]  (2.58 ns)

 <State 51>: 2.58ns
The critical path consists of the following:
	'sdiv' operation ('sdiv_ln92_1', extr_.linuxdriversvideofbdevimsttfb.c_imsttfb_check_var_with_main.c:92) [153]  (2.58 ns)

 <State 52>: 2.58ns
The critical path consists of the following:
	'sdiv' operation ('sdiv_ln92_1', extr_.linuxdriversvideofbdevimsttfb.c_imsttfb_check_var_with_main.c:92) [153]  (2.58 ns)

 <State 53>: 2.58ns
The critical path consists of the following:
	'sdiv' operation ('sdiv_ln92_1', extr_.linuxdriversvideofbdevimsttfb.c_imsttfb_check_var_with_main.c:92) [153]  (2.58 ns)

 <State 54>: 2.58ns
The critical path consists of the following:
	'sdiv' operation ('sdiv_ln92_1', extr_.linuxdriversvideofbdevimsttfb.c_imsttfb_check_var_with_main.c:92) [153]  (2.58 ns)

 <State 55>: 2.58ns
The critical path consists of the following:
	'sdiv' operation ('sdiv_ln92_1', extr_.linuxdriversvideofbdevimsttfb.c_imsttfb_check_var_with_main.c:92) [153]  (2.58 ns)

 <State 56>: 2.58ns
The critical path consists of the following:
	'sdiv' operation ('sdiv_ln92_1', extr_.linuxdriversvideofbdevimsttfb.c_imsttfb_check_var_with_main.c:92) [153]  (2.58 ns)

 <State 57>: 2.58ns
The critical path consists of the following:
	'sdiv' operation ('sdiv_ln92_1', extr_.linuxdriversvideofbdevimsttfb.c_imsttfb_check_var_with_main.c:92) [153]  (2.58 ns)

 <State 58>: 2.58ns
The critical path consists of the following:
	'sdiv' operation ('sdiv_ln92_1', extr_.linuxdriversvideofbdevimsttfb.c_imsttfb_check_var_with_main.c:92) [153]  (2.58 ns)

 <State 59>: 2.58ns
The critical path consists of the following:
	'sdiv' operation ('sdiv_ln92_1', extr_.linuxdriversvideofbdevimsttfb.c_imsttfb_check_var_with_main.c:92) [153]  (2.58 ns)

 <State 60>: 2.58ns
The critical path consists of the following:
	'sdiv' operation ('sdiv_ln92_1', extr_.linuxdriversvideofbdevimsttfb.c_imsttfb_check_var_with_main.c:92) [153]  (2.58 ns)

 <State 61>: 2.58ns
The critical path consists of the following:
	'sdiv' operation ('sdiv_ln92_1', extr_.linuxdriversvideofbdevimsttfb.c_imsttfb_check_var_with_main.c:92) [153]  (2.58 ns)

 <State 62>: 2.58ns
The critical path consists of the following:
	'sdiv' operation ('sdiv_ln92_1', extr_.linuxdriversvideofbdevimsttfb.c_imsttfb_check_var_with_main.c:92) [153]  (2.58 ns)

 <State 63>: 2.58ns
The critical path consists of the following:
	'sdiv' operation ('sdiv_ln92_1', extr_.linuxdriversvideofbdevimsttfb.c_imsttfb_check_var_with_main.c:92) [153]  (2.58 ns)

 <State 64>: 2.58ns
The critical path consists of the following:
	'sdiv' operation ('sdiv_ln92_1', extr_.linuxdriversvideofbdevimsttfb.c_imsttfb_check_var_with_main.c:92) [153]  (2.58 ns)

 <State 65>: 2.58ns
The critical path consists of the following:
	'sdiv' operation ('sdiv_ln92_1', extr_.linuxdriversvideofbdevimsttfb.c_imsttfb_check_var_with_main.c:92) [153]  (2.58 ns)

 <State 66>: 2.58ns
The critical path consists of the following:
	'sdiv' operation ('sdiv_ln92_1', extr_.linuxdriversvideofbdevimsttfb.c_imsttfb_check_var_with_main.c:92) [153]  (2.58 ns)

 <State 67>: 2.58ns
The critical path consists of the following:
	'sdiv' operation ('sdiv_ln92_1', extr_.linuxdriversvideofbdevimsttfb.c_imsttfb_check_var_with_main.c:92) [153]  (2.58 ns)

 <State 68>: 2.58ns
The critical path consists of the following:
	'sdiv' operation ('sdiv_ln92_1', extr_.linuxdriversvideofbdevimsttfb.c_imsttfb_check_var_with_main.c:92) [153]  (2.58 ns)

 <State 69>: 2.58ns
The critical path consists of the following:
	'sdiv' operation ('sdiv_ln92_1', extr_.linuxdriversvideofbdevimsttfb.c_imsttfb_check_var_with_main.c:92) [153]  (2.58 ns)

 <State 70>: 2.58ns
The critical path consists of the following:
	'sdiv' operation ('sdiv_ln92_1', extr_.linuxdriversvideofbdevimsttfb.c_imsttfb_check_var_with_main.c:92) [153]  (2.58 ns)

 <State 71>: 2.58ns
The critical path consists of the following:
	'sdiv' operation ('sdiv_ln92_1', extr_.linuxdriversvideofbdevimsttfb.c_imsttfb_check_var_with_main.c:92) [153]  (2.58 ns)

 <State 72>: 2.58ns
The critical path consists of the following:
	'sdiv' operation ('sdiv_ln92_1', extr_.linuxdriversvideofbdevimsttfb.c_imsttfb_check_var_with_main.c:92) [153]  (2.58 ns)

 <State 73>: 4.76ns
The critical path consists of the following:
	'sdiv' operation ('sdiv_ln92_1', extr_.linuxdriversvideofbdevimsttfb.c_imsttfb_check_var_with_main.c:92) [153]  (2.58 ns)
	'icmp' operation ('icmp_ln93', extr_.linuxdriversvideofbdevimsttfb.c_imsttfb_check_var_with_main.c:93) [154]  (1.55 ns)
	'select' operation ('select_ln93', extr_.linuxdriversvideofbdevimsttfb.c_imsttfb_check_var_with_main.c:93) [155]  (0.631 ns)


============================================================
+ Verbose Summary: Binding
============================================================
N/A
* FSMD analyzer results:
  - Output states:
 - Input state : 
  - Chain level:
	State 1
	State 2
	State 3
	State 4
	State 5
	State 6
	State 7
	State 8
	State 9
	State 10
	State 11
	State 12
	State 13
	State 14
	State 15
	State 16
	State 17
	State 18
	State 19
	State 20
	State 21
	State 22
	State 23
	State 24
	State 25
	State 26
	State 27
	State 28
	State 29
	State 30
	State 31
	State 32
	State 33
	State 34
	State 35
	State 36
	State 37
	State 38
	State 39
	State 40
	State 41
	State 42
	State 43
	State 44
	State 45
	State 46
	State 47
	State 48
	State 49
	State 50
	State 51
	State 52
	State 53
	State 54
	State 55
	State 56
	State 57
	State 58
	State 59
	State 60
	State 61
	State 62
	State 63
	State 64
	State 65
	State 66
	State 67
	State 68
	State 69
	State 70
	State 71
	State 72
	State 73


============================================================
+ Verbose Summary: Datapath Resource usage 
============================================================
N/A
