

================================================================
== Vivado HLS Report for 'ubc_check'
================================================================
* Date:           Wed Apr  1 03:57:59 2020

* Version:        2019.1 (Build 2552052 on Fri May 24 15:28:33 MDT 2019)
* Project:        proj_extr_.gitsha1dcubc_check.c_ubc_check_with_main.c
* Solution:       sol
* Product family: kintex7
* Target device:  xc7k160t-fbg484-1


================================================================
== Performance Estimates
================================================================
+ Timing (ns): 
    * Summary: 
    +--------+-------+----------+------------+
    |  Clock | Target| Estimated| Uncertainty|
    +--------+-------+----------+------------+
    |ap_clk  |  10.00|     1.425|        1.25|
    +--------+-------+----------+------------+

+ Latency (clock cycles): 
    * Summary: 
    +-----+-----+-----+-----+---------+
    |  Latency  |  Interval | Pipeline|
    | min | max | min | max |   Type  |
    +-----+-----+-----+-----+---------+
    |    0|    0|    0|    0|   none  |
    +-----+-----+-----+-----+---------+

    + Detail: 
        * Instance: 
        N/A

        * Loop: 
        N/A



================================================================
== Utilization Estimates
================================================================
* Summary: 
+-----------------+---------+-------+--------+--------+-----+
|       Name      | BRAM_18K| DSP48E|   FF   |   LUT  | URAM|
+-----------------+---------+-------+--------+--------+-----+
|DSP              |        -|      -|       -|       -|    -|
|Expression       |        -|      -|       -|       -|    -|
|FIFO             |        -|      -|       -|       -|    -|
|Instance         |        -|      -|       -|       -|    -|
|Memory           |        -|      -|       -|       -|    -|
|Multiplexer      |        -|      -|       -|       -|    -|
|Register         |        -|      -|       -|       -|    -|
+-----------------+---------+-------+--------+--------+-----+
|Total            |        0|      0|       0|       0|    0|
+-----------------+---------+-------+--------+--------+-----+
|Available        |      650|    600|  202800|  101400|    0|
+-----------------+---------+-------+--------+--------+-----+
|Utilization (%)  |        0|      0|       0|       0|    0|
+-----------------+---------+-------+--------+--------+-----+

+ Detail: 
    * Instance: 
    N/A

    * DSP48E: 
    N/A

    * Memory: 
    N/A

    * FIFO: 
    N/A

    * Expression: 
    N/A

    * Multiplexer: 
    N/A

    * Register: 
    N/A



================================================================
== Interface
================================================================
* Summary: 
+-----------------+-----+-----+------------+--------------+--------------+
|    RTL Ports    | Dir | Bits|  Protocol  | Source Object|    C Type    |
+-----------------+-----+-----+------------+--------------+--------------+
|ap_start         |  in |    1| ap_ctrl_hs |   ubc_check  | return value |
|ap_done          | out |    1| ap_ctrl_hs |   ubc_check  | return value |
|ap_idle          | out |    1| ap_ctrl_hs |   ubc_check  | return value |
|ap_ready         | out |    1| ap_ctrl_hs |   ubc_check  | return value |
|W_address0       | out |    7|  ap_memory |       W      |     array    |
|W_ce0            | out |    1|  ap_memory |       W      |     array    |
|W_we0            | out |    1|  ap_memory |       W      |     array    |
|W_d0             | out |   32|  ap_memory |       W      |     array    |
|W_q0             |  in |   32|  ap_memory |       W      |     array    |
|W_address1       | out |    7|  ap_memory |       W      |     array    |
|W_ce1            | out |    1|  ap_memory |       W      |     array    |
|W_we1            | out |    1|  ap_memory |       W      |     array    |
|W_d1             | out |   32|  ap_memory |       W      |     array    |
|W_q1             |  in |   32|  ap_memory |       W      |     array    |
|dvmask_address0  | out |    1|  ap_memory |    dvmask    |     array    |
|dvmask_ce0       | out |    1|  ap_memory |    dvmask    |     array    |
|dvmask_we0       | out |    1|  ap_memory |    dvmask    |     array    |
|dvmask_d0        | out |   32|  ap_memory |    dvmask    |     array    |
+-----------------+-----+-----+------------+--------------+--------------+

