

================================================================
== Vivado HLS Report for 'getPixelColorRGBA16'
================================================================
* Date:           Tue May 26 00:08:49 2020

* Version:        2019.1 (Build 2552052 on Fri May 24 15:28:33 MDT 2019)
* Project:        proj_extr_.Craftdepslodepnglodepng.c_getPixelColorRGBA16_with_main.c
* Solution:       solution1
* Product family: kintex7
* Target device:  xc7k160t-fbg484-1


================================================================
== Performance Estimates
================================================================
+ Timing (ns): 
    * Summary: 
    +--------+-------+----------+------------+
    |  Clock | Target| Estimated| Uncertainty|
    +--------+-------+----------+------------+
    |ap_clk  |  10.00|     7.494|        1.25|
    +--------+-------+----------+------------+

+ Latency (clock cycles): 
    * Summary: 
    +-----+-----+-----+-----+---------+
    |  Latency  |  Interval | Pipeline|
    | min | max | min | max |   Type  |
    +-----+-----+-----+-----+---------+
    |    2|    3|    2|    3|   none  |
    +-----+-----+-----+-----+---------+

    + Detail: 
        * Instance: 
        N/A

        * Loop: 
        N/A



================================================================
== Utilization Estimates
================================================================
* Summary: 
+-----------------+---------+-------+--------+--------+-----+
|       Name      | BRAM_18K| DSP48E|   FF   |   LUT  | URAM|
+-----------------+---------+-------+--------+--------+-----+
|DSP              |        -|      -|       -|       -|    -|
|Expression       |        -|      -|       0|      91|    -|
|FIFO             |        -|      -|       -|       -|    -|
|Instance         |        -|      -|       -|       -|    -|
|Memory           |        -|      -|       -|       -|    -|
|Multiplexer      |        -|      -|       -|      45|    -|
|Register         |        -|      -|      10|       -|    -|
+-----------------+---------+-------+--------+--------+-----+
|Total            |        0|      0|      10|     136|    0|
+-----------------+---------+-------+--------+--------+-----+
|Available        |      650|    600|  202800|  101400|    0|
+-----------------+---------+-------+--------+--------+-----+
|Utilization (%)  |        0|      0|   ~0   |   ~0   |    0|
+-----------------+---------+-------+--------+--------+-----+

+ Detail: 
    * Instance: 
    N/A

    * DSP48E: 
    N/A

    * Memory: 
    N/A

    * FIFO: 
    N/A

    * Expression: 
    +-----------------------+----------+-------+---+----+------------+------------+
    |     Variable Name     | Operation| DSP48E| FF| LUT| Bitwidth P0| Bitwidth P1|
    +-----------------------+----------+-------+---+----+------------+------------+
    |icmp_ln25_fu_206_p2    |   icmp   |      0|  0|  18|          32|           5|
    |icmp_ln27_fu_212_p2    |   icmp   |      0|  0|  18|          32|           1|
    |icmp_ln30_1_fu_266_p2  |   icmp   |      0|  0|  18|          32|          32|
    |icmp_ln30_fu_260_p2    |   icmp   |      0|  0|  18|          32|           1|
    |or_ln29_fu_234_p2      |    or    |      0|  0|  11|          11|           1|
    |or_ln30_fu_272_p2      |    or    |      0|  0|   6|           1|           1|
    |a_d0                   |  select  |      0|  0|   2|           1|           2|
    +-----------------------+----------+-------+---+----+------------+------------+
    |Total                  |          |      0|  0|  91|         141|          43|
    +-----------------------+----------+-------+---+----+------------+------------+

    * Multiplexer: 
    +------------------------------+----+-----------+-----+-----------+
    |             Name             | LUT| Input Size| Bits| Total Bits|
    +------------------------------+----+-----------+-----+-----------+
    |ap_NS_fsm                     |  27|          5|    1|          5|
    |ap_phi_mux_p_0_phi_fu_195_p6  |   9|          2|    4|          8|
    |p_0_reg_191                   |   9|          2|    4|          8|
    +------------------------------+----+-----------+-----+-----------+
    |Total                         |  45|          9|    9|         21|
    +------------------------------+----+-----------+-----+-----------+

    * Register: 
    +-------------------+---+----+-----+-----------+
    |        Name       | FF| LUT| Bits| Const Bits|
    +-------------------+---+----+-----+-----------+
    |ap_CS_fsm          |  4|   0|    4|          0|
    |icmp_ln25_reg_336  |  1|   0|    1|          0|
    |icmp_ln27_reg_340  |  1|   0|    1|          0|
    |p_0_reg_191        |  4|   0|    7|          3|
    +-------------------+---+----+-----+-----------+
    |Total              | 10|   0|   13|          3|
    +-------------------+---+----+-----+-----------+



================================================================
== Interface
================================================================
* Summary: 
+---------------------------+-----+-----+------------+---------------------+--------------+
|         RTL Ports         | Dir | Bits|  Protocol  |    Source Object    |    C Type    |
+---------------------------+-----+-----+------------+---------------------+--------------+
|ap_clk                     |  in |    1| ap_ctrl_hs | getPixelColorRGBA16 | return value |
|ap_rst                     |  in |    1| ap_ctrl_hs | getPixelColorRGBA16 | return value |
|ap_start                   |  in |    1| ap_ctrl_hs | getPixelColorRGBA16 | return value |
|ap_done                    | out |    1| ap_ctrl_hs | getPixelColorRGBA16 | return value |
|ap_idle                    | out |    1| ap_ctrl_hs | getPixelColorRGBA16 | return value |
|ap_ready                   | out |    1| ap_ctrl_hs | getPixelColorRGBA16 | return value |
|ap_return                  | out |   32| ap_ctrl_hs | getPixelColorRGBA16 | return value |
|r_address0                 | out |   10|  ap_memory |          r          |     array    |
|r_ce0                      | out |    1|  ap_memory |          r          |     array    |
|r_we0                      | out |    1|  ap_memory |          r          |     array    |
|r_d0                       | out |   16|  ap_memory |          r          |     array    |
|g_address0                 | out |   10|  ap_memory |          g          |     array    |
|g_ce0                      | out |    1|  ap_memory |          g          |     array    |
|g_we0                      | out |    1|  ap_memory |          g          |     array    |
|g_d0                       | out |   16|  ap_memory |          g          |     array    |
|b_address0                 | out |   10|  ap_memory |          b          |     array    |
|b_ce0                      | out |    1|  ap_memory |          b          |     array    |
|b_we0                      | out |    1|  ap_memory |          b          |     array    |
|b_d0                       | out |   16|  ap_memory |          b          |     array    |
|a_address0                 | out |   10|  ap_memory |          a          |     array    |
|a_ce0                      | out |    1|  ap_memory |          a          |     array    |
|a_we0                      | out |    1|  ap_memory |          a          |     array    |
|a_d0                       | out |   16|  ap_memory |          a          |     array    |
|in_r_address0              | out |   10|  ap_memory |         in_r        |     array    |
|in_r_ce0                   | out |    1|  ap_memory |         in_r        |     array    |
|in_r_q0                    |  in |    8|  ap_memory |         in_r        |     array    |
|in_r_address1              | out |   10|  ap_memory |         in_r        |     array    |
|in_r_ce1                   | out |    1|  ap_memory |         in_r        |     array    |
|in_r_q1                    |  in |    8|  ap_memory |         in_r        |     array    |
|i                          |  in |   64|   ap_none  |          i          |    scalar    |
|mode_bitdepth_address0     | out |   10|  ap_memory |    mode_bitdepth    |     array    |
|mode_bitdepth_ce0          | out |    1|  ap_memory |    mode_bitdepth    |     array    |
|mode_bitdepth_q0           |  in |   32|  ap_memory |    mode_bitdepth    |     array    |
|mode_colortype_address0    | out |   10|  ap_memory |    mode_colortype   |     array    |
|mode_colortype_ce0         | out |    1|  ap_memory |    mode_colortype   |     array    |
|mode_colortype_q0          |  in |   32|  ap_memory |    mode_colortype   |     array    |
|mode_key_r_address0        | out |   10|  ap_memory |      mode_key_r     |     array    |
|mode_key_r_ce0             | out |    1|  ap_memory |      mode_key_r     |     array    |
|mode_key_r_q0              |  in |   32|  ap_memory |      mode_key_r     |     array    |
|mode_key_g_address0        | out |   10|  ap_memory |      mode_key_g     |     array    |
|mode_key_g_ce0             | out |    1|  ap_memory |      mode_key_g     |     array    |
|mode_key_g_we0             | out |    1|  ap_memory |      mode_key_g     |     array    |
|mode_key_g_d0              | out |   32|  ap_memory |      mode_key_g     |     array    |
|mode_key_g_q0              |  in |   32|  ap_memory |      mode_key_g     |     array    |
|mode_key_g_address1        | out |   10|  ap_memory |      mode_key_g     |     array    |
|mode_key_g_ce1             | out |    1|  ap_memory |      mode_key_g     |     array    |
|mode_key_g_we1             | out |    1|  ap_memory |      mode_key_g     |     array    |
|mode_key_g_d1              | out |   32|  ap_memory |      mode_key_g     |     array    |
|mode_key_g_q1              |  in |   32|  ap_memory |      mode_key_g     |     array    |
|mode_key_b_address0        | out |   10|  ap_memory |      mode_key_b     |     array    |
|mode_key_b_ce0             | out |    1|  ap_memory |      mode_key_b     |     array    |
|mode_key_b_we0             | out |    1|  ap_memory |      mode_key_b     |     array    |
|mode_key_b_d0              | out |   32|  ap_memory |      mode_key_b     |     array    |
|mode_key_b_q0              |  in |   32|  ap_memory |      mode_key_b     |     array    |
|mode_key_b_address1        | out |   10|  ap_memory |      mode_key_b     |     array    |
|mode_key_b_ce1             | out |    1|  ap_memory |      mode_key_b     |     array    |
|mode_key_b_we1             | out |    1|  ap_memory |      mode_key_b     |     array    |
|mode_key_b_d1              | out |   32|  ap_memory |      mode_key_b     |     array    |
|mode_key_b_q1              |  in |   32|  ap_memory |      mode_key_b     |     array    |
|mode_key_defined_address0  | out |   10|  ap_memory |   mode_key_defined  |     array    |
|mode_key_defined_ce0       | out |    1|  ap_memory |   mode_key_defined  |     array    |
|mode_key_defined_q0        |  in |   32|  ap_memory |   mode_key_defined  |     array    |
+---------------------------+-----+-----+------------+---------------------+--------------+

============================================================
+ Verbose Summary: Synthesis Manager
============================================================
InlineROM: 1
ExposeGlobal: 0
============================================================
+ Verbose Summary: CDFG Model
============================================================
IsTopModel: 1
ResetActiveHigh: 1
IsCombinational: 2
IsDatapathOnly: 2
HasWiredReturn: 1
HasMFsm: 0
HasVarLatency: 1
IsPipeline: 0
IsRtlPipelined: 0
IsInstanceOverlapped: 0
IsDontTouch: 0
HasImplIP: 0
IsGatedGlobalClock: 0


============================================================
+ Verbose Summary: Schedule
============================================================
* Number of FSM states : 4
* Pipeline : 0
* Dataflow Pipeline: 0

* FSM state transitions: 
1 --> 2 
2 --> 3 4 
3 --> 4 
4 --> 

* FSM state operations: 

State 1 <SV = 0> <Delay = 2.66>
ST_1 : Operation 5 [1/1] (0.00ns)   --->   "%mode_bitdepth_addr = getelementptr [1000 x i32]* %mode_bitdepth, i64 0, i64 0" [extr_.Craftdepslodepnglodepng.c_getPixelColorRGBA16_with_main.c:23]   --->   Operation 5 'getelementptr' 'mode_bitdepth_addr' <Predicate = true> <Delay = 0.00>
ST_1 : Operation 6 [2/2] (2.66ns)   --->   "%mode_bitdepth_load = load i32* %mode_bitdepth_addr, align 4" [extr_.Craftdepslodepnglodepng.c_getPixelColorRGBA16_with_main.c:25]   --->   Operation 6 'load' 'mode_bitdepth_load' <Predicate = true> <Delay = 2.66> <Core = "RAM">   --->   Core 37 'RAM' <Latency = 1> <II = 1> <Delay = 2.66> <Storage> <Opcode : 'load' 'store'> <Ports = 2> <Width = 16> <Depth = 1000> <RAM>

State 2 <SV = 1> <Delay = 5.27>
ST_2 : Operation 7 [1/1] (0.00ns)   --->   "call void (...)* @_ssdm_op_SpecBitsMap([1000 x i16]* %r), !map !35"   --->   Operation 7 'specbitsmap' <Predicate = true> <Delay = 0.00>
ST_2 : Operation 8 [1/1] (0.00ns)   --->   "call void (...)* @_ssdm_op_SpecBitsMap([1000 x i16]* %g), !map !41"   --->   Operation 8 'specbitsmap' <Predicate = true> <Delay = 0.00>
ST_2 : Operation 9 [1/1] (0.00ns)   --->   "call void (...)* @_ssdm_op_SpecBitsMap([1000 x i16]* %b), !map !45"   --->   Operation 9 'specbitsmap' <Predicate = true> <Delay = 0.00>
ST_2 : Operation 10 [1/1] (0.00ns)   --->   "call void (...)* @_ssdm_op_SpecBitsMap([1000 x i16]* %a), !map !49"   --->   Operation 10 'specbitsmap' <Predicate = true> <Delay = 0.00>
ST_2 : Operation 11 [1/1] (0.00ns)   --->   "call void (...)* @_ssdm_op_SpecBitsMap([1000 x i8]* %in_r), !map !53"   --->   Operation 11 'specbitsmap' <Predicate = true> <Delay = 0.00>
ST_2 : Operation 12 [1/1] (0.00ns)   --->   "call void (...)* @_ssdm_op_SpecBitsMap(i64 %i), !map !57"   --->   Operation 12 'specbitsmap' <Predicate = true> <Delay = 0.00>
ST_2 : Operation 13 [1/1] (0.00ns)   --->   "call void (...)* @_ssdm_op_SpecBitsMap([1000 x i32]* %mode_bitdepth), !map !63"   --->   Operation 13 'specbitsmap' <Predicate = true> <Delay = 0.00>
ST_2 : Operation 14 [1/1] (0.00ns)   --->   "call void (...)* @_ssdm_op_SpecBitsMap([1000 x i32]* %mode_colortype), !map !67"   --->   Operation 14 'specbitsmap' <Predicate = true> <Delay = 0.00>
ST_2 : Operation 15 [1/1] (0.00ns)   --->   "call void (...)* @_ssdm_op_SpecBitsMap([1000 x i32]* %mode_key_r), !map !71"   --->   Operation 15 'specbitsmap' <Predicate = true> <Delay = 0.00>
ST_2 : Operation 16 [1/1] (0.00ns)   --->   "call void (...)* @_ssdm_op_SpecBitsMap([1000 x i32]* %mode_key_g), !map !75"   --->   Operation 16 'specbitsmap' <Predicate = true> <Delay = 0.00>
ST_2 : Operation 17 [1/1] (0.00ns)   --->   "call void (...)* @_ssdm_op_SpecBitsMap([1000 x i32]* %mode_key_b), !map !79"   --->   Operation 17 'specbitsmap' <Predicate = true> <Delay = 0.00>
ST_2 : Operation 18 [1/1] (0.00ns)   --->   "call void (...)* @_ssdm_op_SpecBitsMap([1000 x i32]* %mode_key_defined), !map !83"   --->   Operation 18 'specbitsmap' <Predicate = true> <Delay = 0.00>
ST_2 : Operation 19 [1/1] (0.00ns)   --->   "%i_read = call i64 @_ssdm_op_Read.ap_auto.i64(i64 %i)" [extr_.Craftdepslodepnglodepng.c_getPixelColorRGBA16_with_main.c:23]   --->   Operation 19 'read' 'i_read' <Predicate = true> <Delay = 0.00>
ST_2 : Operation 20 [1/1] (0.00ns)   --->   "%mode_key_defined_add = getelementptr [1000 x i32]* %mode_key_defined, i64 0, i64 0" [extr_.Craftdepslodepnglodepng.c_getPixelColorRGBA16_with_main.c:23]   --->   Operation 20 'getelementptr' 'mode_key_defined_add' <Predicate = true> <Delay = 0.00>
ST_2 : Operation 21 [1/1] (0.00ns)   --->   "%mode_key_r_addr = getelementptr [1000 x i32]* %mode_key_r, i64 0, i64 0" [extr_.Craftdepslodepnglodepng.c_getPixelColorRGBA16_with_main.c:23]   --->   Operation 21 'getelementptr' 'mode_key_r_addr' <Predicate = true> <Delay = 0.00>
ST_2 : Operation 22 [1/1] (0.00ns)   --->   "%mode_colortype_addr = getelementptr [1000 x i32]* %mode_colortype, i64 0, i64 0" [extr_.Craftdepslodepnglodepng.c_getPixelColorRGBA16_with_main.c:23]   --->   Operation 22 'getelementptr' 'mode_colortype_addr' <Predicate = true> <Delay = 0.00>
ST_2 : Operation 23 [1/1] (0.00ns)   --->   "%a_addr = getelementptr [1000 x i16]* %a, i64 0, i64 0" [extr_.Craftdepslodepnglodepng.c_getPixelColorRGBA16_with_main.c:22]   --->   Operation 23 'getelementptr' 'a_addr' <Predicate = true> <Delay = 0.00>
ST_2 : Operation 24 [1/1] (0.00ns)   --->   "%b_addr = getelementptr [1000 x i16]* %b, i64 0, i64 0" [extr_.Craftdepslodepnglodepng.c_getPixelColorRGBA16_with_main.c:22]   --->   Operation 24 'getelementptr' 'b_addr' <Predicate = true> <Delay = 0.00>
ST_2 : Operation 25 [1/1] (0.00ns)   --->   "%g_addr = getelementptr [1000 x i16]* %g, i64 0, i64 0" [extr_.Craftdepslodepnglodepng.c_getPixelColorRGBA16_with_main.c:22]   --->   Operation 25 'getelementptr' 'g_addr' <Predicate = true> <Delay = 0.00>
ST_2 : Operation 26 [1/1] (0.00ns)   --->   "%r_addr = getelementptr [1000 x i16]* %r, i64 0, i64 0" [extr_.Craftdepslodepnglodepng.c_getPixelColorRGBA16_with_main.c:22]   --->   Operation 26 'getelementptr' 'r_addr' <Predicate = true> <Delay = 0.00>
ST_2 : Operation 27 [1/1] (0.00ns)   --->   "call void (...)* @_ssdm_op_SpecBitsMap(i32 0) nounwind, !map !87"   --->   Operation 27 'specbitsmap' <Predicate = true> <Delay = 0.00>
ST_2 : Operation 28 [1/1] (0.00ns)   --->   "call void (...)* @_ssdm_op_SpecTopModule([20 x i8]* @getPixelColorRGBA16_s) nounwind"   --->   Operation 28 'spectopmodule' <Predicate = true> <Delay = 0.00>
ST_2 : Operation 29 [1/2] (2.66ns)   --->   "%mode_bitdepth_load = load i32* %mode_bitdepth_addr, align 4" [extr_.Craftdepslodepnglodepng.c_getPixelColorRGBA16_with_main.c:25]   --->   Operation 29 'load' 'mode_bitdepth_load' <Predicate = true> <Delay = 2.66> <Core = "RAM">   --->   Core 37 'RAM' <Latency = 1> <II = 1> <Delay = 2.66> <Storage> <Opcode : 'load' 'store'> <Ports = 2> <Width = 16> <Depth = 1000> <RAM>
ST_2 : Operation 30 [1/1] (1.54ns)   --->   "%icmp_ln25 = icmp eq i32 %mode_bitdepth_load, 16" [extr_.Craftdepslodepnglodepng.c_getPixelColorRGBA16_with_main.c:25]   --->   Operation 30 'icmp' 'icmp_ln25' <Predicate = true> <Delay = 1.54> <Core = "Cmp">   --->   Core 25 'Cmp' <Latency = 0> <II = 1> <Delay = 1.54> <FuncUnit> <Opcode : 'icmp'> <InPorts = 2> <OutPorts = 1>
ST_2 : Operation 31 [1/1] (1.06ns)   --->   "br i1 %icmp_ln25, label %1, label %._crit_edge" [extr_.Craftdepslodepnglodepng.c_getPixelColorRGBA16_with_main.c:25]   --->   Operation 31 'br' <Predicate = true> <Delay = 1.06>
ST_2 : Operation 32 [2/2] (2.66ns)   --->   "%mode_colortype_load = load i32* %mode_colortype_addr, align 4" [extr_.Craftdepslodepnglodepng.c_getPixelColorRGBA16_with_main.c:27]   --->   Operation 32 'load' 'mode_colortype_load' <Predicate = (icmp_ln25)> <Delay = 2.66> <Core = "RAM">   --->   Core 37 'RAM' <Latency = 1> <II = 1> <Delay = 2.66> <Storage> <Opcode : 'load' 'store'> <Ports = 2> <Width = 16> <Depth = 1000> <RAM>

State 3 <SV = 2> <Delay = 5.27>
ST_3 : Operation 33 [1/2] (2.66ns)   --->   "%mode_colortype_load = load i32* %mode_colortype_addr, align 4" [extr_.Craftdepslodepnglodepng.c_getPixelColorRGBA16_with_main.c:27]   --->   Operation 33 'load' 'mode_colortype_load' <Predicate = true> <Delay = 2.66> <Core = "RAM">   --->   Core 37 'RAM' <Latency = 1> <II = 1> <Delay = 2.66> <Storage> <Opcode : 'load' 'store'> <Ports = 2> <Width = 16> <Depth = 1000> <RAM>
ST_3 : Operation 34 [1/1] (1.54ns)   --->   "%icmp_ln27 = icmp eq i32 %mode_colortype_load, 0" [extr_.Craftdepslodepnglodepng.c_getPixelColorRGBA16_with_main.c:27]   --->   Operation 34 'icmp' 'icmp_ln27' <Predicate = true> <Delay = 1.54> <Core = "Cmp">   --->   Core 25 'Cmp' <Latency = 0> <II = 1> <Delay = 1.54> <FuncUnit> <Opcode : 'icmp'> <InPorts = 2> <OutPorts = 1>
ST_3 : Operation 35 [1/1] (1.06ns)   --->   "br i1 %icmp_ln27, label %_ifconv, label %._crit_edge" [extr_.Craftdepslodepnglodepng.c_getPixelColorRGBA16_with_main.c:27]   --->   Operation 35 'br' <Predicate = true> <Delay = 1.06>
ST_3 : Operation 36 [1/1] (0.00ns)   --->   "%trunc_ln29 = trunc i64 %i_read to i10" [extr_.Craftdepslodepnglodepng.c_getPixelColorRGBA16_with_main.c:29]   --->   Operation 36 'trunc' 'trunc_ln29' <Predicate = (icmp_ln27)> <Delay = 0.00>
ST_3 : Operation 37 [1/1] (0.00ns)   --->   "%shl_ln = call i11 @_ssdm_op_BitConcatenate.i11.i10.i1(i10 %trunc_ln29, i1 false)" [extr_.Craftdepslodepnglodepng.c_getPixelColorRGBA16_with_main.c:29]   --->   Operation 37 'bitconcatenate' 'shl_ln' <Predicate = (icmp_ln27)> <Delay = 0.00>
ST_3 : Operation 38 [1/1] (0.00ns)   --->   "%zext_ln29 = zext i11 %shl_ln to i64" [extr_.Craftdepslodepnglodepng.c_getPixelColorRGBA16_with_main.c:29]   --->   Operation 38 'zext' 'zext_ln29' <Predicate = (icmp_ln27)> <Delay = 0.00>
ST_3 : Operation 39 [1/1] (0.00ns)   --->   "%in_addr = getelementptr [1000 x i8]* %in_r, i64 0, i64 %zext_ln29" [extr_.Craftdepslodepnglodepng.c_getPixelColorRGBA16_with_main.c:29]   --->   Operation 39 'getelementptr' 'in_addr' <Predicate = (icmp_ln27)> <Delay = 0.00>
ST_3 : Operation 40 [2/2] (2.66ns)   --->   "%in_load = load i8* %in_addr, align 1" [extr_.Craftdepslodepnglodepng.c_getPixelColorRGBA16_with_main.c:29]   --->   Operation 40 'load' 'in_load' <Predicate = (icmp_ln27)> <Delay = 2.66> <Core = "RAM">   --->   Core 37 'RAM' <Latency = 1> <II = 1> <Delay = 2.66> <Storage> <Opcode : 'load' 'store'> <Ports = 2> <Width = 16> <Depth = 1000> <RAM>
ST_3 : Operation 41 [1/1] (0.00ns)   --->   "%or_ln29 = or i11 %shl_ln, 1" [extr_.Craftdepslodepnglodepng.c_getPixelColorRGBA16_with_main.c:29]   --->   Operation 41 'or' 'or_ln29' <Predicate = (icmp_ln27)> <Delay = 0.00>
ST_3 : Operation 42 [1/1] (0.00ns)   --->   "%zext_ln29_1 = zext i11 %or_ln29 to i64" [extr_.Craftdepslodepnglodepng.c_getPixelColorRGBA16_with_main.c:29]   --->   Operation 42 'zext' 'zext_ln29_1' <Predicate = (icmp_ln27)> <Delay = 0.00>
ST_3 : Operation 43 [1/1] (0.00ns)   --->   "%in_addr_1 = getelementptr [1000 x i8]* %in_r, i64 0, i64 %zext_ln29_1" [extr_.Craftdepslodepnglodepng.c_getPixelColorRGBA16_with_main.c:29]   --->   Operation 43 'getelementptr' 'in_addr_1' <Predicate = (icmp_ln27)> <Delay = 0.00>
ST_3 : Operation 44 [2/2] (2.66ns)   --->   "%in_load_1 = load i8* %in_addr_1, align 1" [extr_.Craftdepslodepnglodepng.c_getPixelColorRGBA16_with_main.c:29]   --->   Operation 44 'load' 'in_load_1' <Predicate = (icmp_ln27)> <Delay = 2.66> <Core = "RAM">   --->   Core 37 'RAM' <Latency = 1> <II = 1> <Delay = 2.66> <Storage> <Opcode : 'load' 'store'> <Ports = 2> <Width = 16> <Depth = 1000> <RAM>
ST_3 : Operation 45 [2/2] (2.66ns)   --->   "%mode_key_defined_loa = load i32* %mode_key_defined_add, align 4" [extr_.Craftdepslodepnglodepng.c_getPixelColorRGBA16_with_main.c:30]   --->   Operation 45 'load' 'mode_key_defined_loa' <Predicate = (icmp_ln27)> <Delay = 2.66> <Core = "RAM">   --->   Core 37 'RAM' <Latency = 1> <II = 1> <Delay = 2.66> <Storage> <Opcode : 'load' 'store'> <Ports = 2> <Width = 16> <Depth = 1000> <RAM>
ST_3 : Operation 46 [2/2] (2.66ns)   --->   "%mode_key_r_load = load i32* %mode_key_r_addr, align 4" [extr_.Craftdepslodepnglodepng.c_getPixelColorRGBA16_with_main.c:30]   --->   Operation 46 'load' 'mode_key_r_load' <Predicate = (icmp_ln27)> <Delay = 2.66> <Core = "RAM">   --->   Core 37 'RAM' <Latency = 1> <II = 1> <Delay = 2.66> <Storage> <Opcode : 'load' 'store'> <Ports = 2> <Width = 16> <Depth = 1000> <RAM>

State 4 <SV = 3> <Delay = 7.49>
ST_4 : Operation 47 [1/2] (2.66ns)   --->   "%in_load = load i8* %in_addr, align 1" [extr_.Craftdepslodepnglodepng.c_getPixelColorRGBA16_with_main.c:29]   --->   Operation 47 'load' 'in_load' <Predicate = (icmp_ln25 & icmp_ln27)> <Delay = 2.66> <Core = "RAM">   --->   Core 37 'RAM' <Latency = 1> <II = 1> <Delay = 2.66> <Storage> <Opcode : 'load' 'store'> <Ports = 2> <Width = 16> <Depth = 1000> <RAM>
ST_4 : Operation 48 [1/2] (2.66ns)   --->   "%in_load_1 = load i8* %in_addr_1, align 1" [extr_.Craftdepslodepnglodepng.c_getPixelColorRGBA16_with_main.c:29]   --->   Operation 48 'load' 'in_load_1' <Predicate = (icmp_ln25 & icmp_ln27)> <Delay = 2.66> <Core = "RAM">   --->   Core 37 'RAM' <Latency = 1> <II = 1> <Delay = 2.66> <Storage> <Opcode : 'load' 'store'> <Ports = 2> <Width = 16> <Depth = 1000> <RAM>
ST_4 : Operation 49 [1/1] (0.00ns)   --->   "%tmp = call i16 @_ssdm_op_BitConcatenate.i16.i8.i8(i8 %in_load, i8 %in_load_1)" [extr_.Craftdepslodepnglodepng.c_getPixelColorRGBA16_with_main.c:29]   --->   Operation 49 'bitconcatenate' 'tmp' <Predicate = (icmp_ln25 & icmp_ln27)> <Delay = 0.00>
ST_4 : Operation 50 [1/1] (2.66ns)   --->   "store i16 %tmp, i16* %b_addr, align 2" [extr_.Craftdepslodepnglodepng.c_getPixelColorRGBA16_with_main.c:29]   --->   Operation 50 'store' <Predicate = (icmp_ln25 & icmp_ln27)> <Delay = 2.66> <Core = "RAM">   --->   Core 37 'RAM' <Latency = 1> <II = 1> <Delay = 2.66> <Storage> <Opcode : 'load' 'store'> <Ports = 2> <Width = 16> <Depth = 1000> <RAM>
ST_4 : Operation 51 [1/1] (2.66ns)   --->   "store i16 %tmp, i16* %g_addr, align 2" [extr_.Craftdepslodepnglodepng.c_getPixelColorRGBA16_with_main.c:29]   --->   Operation 51 'store' <Predicate = (icmp_ln25 & icmp_ln27)> <Delay = 2.66> <Core = "RAM">   --->   Core 37 'RAM' <Latency = 1> <II = 1> <Delay = 2.66> <Storage> <Opcode : 'load' 'store'> <Ports = 2> <Width = 16> <Depth = 1000> <RAM>
ST_4 : Operation 52 [1/1] (2.66ns)   --->   "store i16 %tmp, i16* %r_addr, align 2" [extr_.Craftdepslodepnglodepng.c_getPixelColorRGBA16_with_main.c:29]   --->   Operation 52 'store' <Predicate = (icmp_ln25 & icmp_ln27)> <Delay = 2.66> <Core = "RAM">   --->   Core 37 'RAM' <Latency = 1> <II = 1> <Delay = 2.66> <Storage> <Opcode : 'load' 'store'> <Ports = 2> <Width = 16> <Depth = 1000> <RAM>
ST_4 : Operation 53 [1/2] (2.66ns)   --->   "%mode_key_defined_loa = load i32* %mode_key_defined_add, align 4" [extr_.Craftdepslodepnglodepng.c_getPixelColorRGBA16_with_main.c:30]   --->   Operation 53 'load' 'mode_key_defined_loa' <Predicate = (icmp_ln25 & icmp_ln27)> <Delay = 2.66> <Core = "RAM">   --->   Core 37 'RAM' <Latency = 1> <II = 1> <Delay = 2.66> <Storage> <Opcode : 'load' 'store'> <Ports = 2> <Width = 16> <Depth = 1000> <RAM>
ST_4 : Operation 54 [1/1] (0.00ns)   --->   "%zext_ln30 = zext i16 %tmp to i32" [extr_.Craftdepslodepnglodepng.c_getPixelColorRGBA16_with_main.c:30]   --->   Operation 54 'zext' 'zext_ln30' <Predicate = (icmp_ln25 & icmp_ln27)> <Delay = 0.00>
ST_4 : Operation 55 [1/2] (2.66ns)   --->   "%mode_key_r_load = load i32* %mode_key_r_addr, align 4" [extr_.Craftdepslodepnglodepng.c_getPixelColorRGBA16_with_main.c:30]   --->   Operation 55 'load' 'mode_key_r_load' <Predicate = (icmp_ln25 & icmp_ln27)> <Delay = 2.66> <Core = "RAM">   --->   Core 37 'RAM' <Latency = 1> <II = 1> <Delay = 2.66> <Storage> <Opcode : 'load' 'store'> <Ports = 2> <Width = 16> <Depth = 1000> <RAM>
ST_4 : Operation 56 [1/1] (1.54ns)   --->   "%icmp_ln30 = icmp eq i32 %mode_key_defined_loa, 0" [extr_.Craftdepslodepnglodepng.c_getPixelColorRGBA16_with_main.c:30]   --->   Operation 56 'icmp' 'icmp_ln30' <Predicate = (icmp_ln25 & icmp_ln27)> <Delay = 1.54> <Core = "Cmp">   --->   Core 25 'Cmp' <Latency = 0> <II = 1> <Delay = 1.54> <FuncUnit> <Opcode : 'icmp'> <InPorts = 2> <OutPorts = 1>
ST_4 : Operation 57 [1/1] (1.54ns)   --->   "%icmp_ln30_1 = icmp ne i32 %zext_ln30, %mode_key_r_load" [extr_.Craftdepslodepnglodepng.c_getPixelColorRGBA16_with_main.c:30]   --->   Operation 57 'icmp' 'icmp_ln30_1' <Predicate = (icmp_ln25 & icmp_ln27)> <Delay = 1.54> <Core = "Cmp">   --->   Core 25 'Cmp' <Latency = 0> <II = 1> <Delay = 1.54> <FuncUnit> <Opcode : 'icmp'> <InPorts = 2> <OutPorts = 1>
ST_4 : Operation 58 [1/1] (0.00ns) (grouped into LUT with out node select_ln30)   --->   "%or_ln30 = or i1 %icmp_ln30_1, %icmp_ln30" [extr_.Craftdepslodepnglodepng.c_getPixelColorRGBA16_with_main.c:30]   --->   Operation 58 'or' 'or_ln30' <Predicate = (icmp_ln25 & icmp_ln27)> <Delay = 0.00> <Core = "LogicGate">   --->   Core 27 'LogicGate' <Latency = 0> <II = 1> <Delay = 0.61> <FuncUnit> <Opcode : 'and' 'or' 'xor'> <InPorts = 2> <OutPorts = 1>
ST_4 : Operation 59 [1/1] (0.62ns) (out node of the LUT)   --->   "%select_ln30 = select i1 %or_ln30, i16 -1, i16 0" [extr_.Craftdepslodepnglodepng.c_getPixelColorRGBA16_with_main.c:30]   --->   Operation 59 'select' 'select_ln30' <Predicate = (icmp_ln25 & icmp_ln27)> <Delay = 0.62> <Core = "Sel">   --->   Core 26 'Sel' <Latency = 0> <II = 1> <Delay = 0.62> <FuncUnit> <Opcode : 'select'> <InPorts = 3> <OutPorts = 1>
ST_4 : Operation 60 [1/1] (2.66ns)   --->   "store i16 %select_ln30, i16* %a_addr, align 2" [extr_.Craftdepslodepnglodepng.c_getPixelColorRGBA16_with_main.c:30]   --->   Operation 60 'store' <Predicate = (icmp_ln25 & icmp_ln27)> <Delay = 2.66> <Core = "RAM">   --->   Core 37 'RAM' <Latency = 1> <II = 1> <Delay = 2.66> <Storage> <Opcode : 'load' 'store'> <Ports = 2> <Width = 16> <Depth = 1000> <RAM>
ST_4 : Operation 61 [1/1] (1.06ns)   --->   "br label %._crit_edge" [extr_.Craftdepslodepnglodepng.c_getPixelColorRGBA16_with_main.c:57]   --->   Operation 61 'br' <Predicate = (icmp_ln25 & icmp_ln27)> <Delay = 1.06>
ST_4 : Operation 62 [1/1] (0.00ns)   --->   "%p_0 = phi i7 [ 0, %_ifconv ], [ -43, %0 ], [ -43, %1 ]"   --->   Operation 62 'phi' 'p_0' <Predicate = true> <Delay = 0.00>
ST_4 : Operation 63 [1/1] (0.00ns)   --->   "%zext_ln58 = zext i7 %p_0 to i32" [extr_.Craftdepslodepnglodepng.c_getPixelColorRGBA16_with_main.c:58]   --->   Operation 63 'zext' 'zext_ln58' <Predicate = true> <Delay = 0.00>
ST_4 : Operation 64 [1/1] (0.00ns)   --->   "ret i32 %zext_ln58" [extr_.Craftdepslodepnglodepng.c_getPixelColorRGBA16_with_main.c:58]   --->   Operation 64 'ret' <Predicate = true> <Delay = 0.00>


============================================================
+ Verbose Summary: Binding
============================================================
STG Binding: 
---------------- STG Properties BEGIN ----------------
- Is combinational: 0
- Is one-state seq: 0
- Is datapath-only: 0
- Is pipelined: 0
- Is top level: 1
Port [ Return ] is wired: 1; IO mode=ap_ctrl_hs:ce=0
Port [ r]:  wired=1; compound=1; hidden=0; nouse=0; global=0; static=0; extern=0; dir=1; type=1; pingpong=0; private_global=0; MemPort=[03]; IO mode=ap_memory:ce=0
Port [ g]:  wired=1; compound=1; hidden=0; nouse=0; global=0; static=0; extern=0; dir=1; type=1; pingpong=0; private_global=0; MemPort=[03]; IO mode=ap_memory:ce=0
Port [ b]:  wired=1; compound=1; hidden=0; nouse=0; global=0; static=0; extern=0; dir=1; type=1; pingpong=0; private_global=0; MemPort=[03]; IO mode=ap_memory:ce=0
Port [ a]:  wired=1; compound=1; hidden=0; nouse=0; global=0; static=0; extern=0; dir=1; type=1; pingpong=0; private_global=0; MemPort=[03]; IO mode=ap_memory:ce=0
Port [ in_r]:  wired=1; compound=1; hidden=0; nouse=0; global=0; static=0; extern=0; dir=0; type=1; pingpong=0; private_global=0; MemPort=[11]; IO mode=ap_memory:ce=0
Port [ i]:  wired=1; compound=0; hidden=0; nouse=0; global=0; static=0; extern=0; dir=0; type=0; pingpong=0; private_global=0; IO mode=ap_none:ce=0
Port [ mode_bitdepth]:  wired=1; compound=1; hidden=0; nouse=0; global=0; static=0; extern=0; dir=0; type=1; pingpong=0; private_global=0; MemPort=[13]; IO mode=ap_memory:ce=0
Port [ mode_colortype]:  wired=1; compound=1; hidden=0; nouse=0; global=0; static=0; extern=0; dir=0; type=1; pingpong=0; private_global=0; MemPort=[13]; IO mode=ap_memory:ce=0
Port [ mode_key_r]:  wired=1; compound=1; hidden=0; nouse=0; global=0; static=0; extern=0; dir=0; type=1; pingpong=0; private_global=0; MemPort=[13]; IO mode=ap_memory:ce=0
Port [ mode_key_g]:  wired=1; compound=1; hidden=0; nouse=1; global=0; static=0; extern=0; dir=3; type=1; pingpong=0; private_global=0; MemPort=[]; IO mode=ap_memory:ce=0
Port [ mode_key_b]:  wired=1; compound=1; hidden=0; nouse=1; global=0; static=0; extern=0; dir=3; type=1; pingpong=0; private_global=0; MemPort=[]; IO mode=ap_memory:ce=0
Port [ mode_key_defined]:  wired=1; compound=1; hidden=0; nouse=0; global=0; static=0; extern=0; dir=0; type=1; pingpong=0; private_global=0; MemPort=[13]; IO mode=ap_memory:ce=0
---------------- STG Properties END ------------------

---------------- Datapath Model BEGIN ----------------

<LifeTime>
<method=bitvector/>
mode_bitdepth_addr   (getelementptr ) [ 00100]
specbitsmap_ln0      (specbitsmap   ) [ 00000]
specbitsmap_ln0      (specbitsmap   ) [ 00000]
specbitsmap_ln0      (specbitsmap   ) [ 00000]
specbitsmap_ln0      (specbitsmap   ) [ 00000]
specbitsmap_ln0      (specbitsmap   ) [ 00000]
specbitsmap_ln0      (specbitsmap   ) [ 00000]
specbitsmap_ln0      (specbitsmap   ) [ 00000]
specbitsmap_ln0      (specbitsmap   ) [ 00000]
specbitsmap_ln0      (specbitsmap   ) [ 00000]
specbitsmap_ln0      (specbitsmap   ) [ 00000]
specbitsmap_ln0      (specbitsmap   ) [ 00000]
specbitsmap_ln0      (specbitsmap   ) [ 00000]
i_read               (read          ) [ 00010]
mode_key_defined_add (getelementptr ) [ 00011]
mode_key_r_addr      (getelementptr ) [ 00011]
mode_colortype_addr  (getelementptr ) [ 00010]
a_addr               (getelementptr ) [ 00011]
b_addr               (getelementptr ) [ 00011]
g_addr               (getelementptr ) [ 00011]
r_addr               (getelementptr ) [ 00011]
specbitsmap_ln0      (specbitsmap   ) [ 00000]
spectopmodule_ln0    (spectopmodule ) [ 00000]
mode_bitdepth_load   (load          ) [ 00000]
icmp_ln25            (icmp          ) [ 00111]
br_ln25              (br            ) [ 00111]
mode_colortype_load  (load          ) [ 00000]
icmp_ln27            (icmp          ) [ 00011]
br_ln27              (br            ) [ 00111]
trunc_ln29           (trunc         ) [ 00000]
shl_ln               (bitconcatenate) [ 00000]
zext_ln29            (zext          ) [ 00000]
in_addr              (getelementptr ) [ 00001]
or_ln29              (or            ) [ 00000]
zext_ln29_1          (zext          ) [ 00000]
in_addr_1            (getelementptr ) [ 00001]
in_load              (load          ) [ 00000]
in_load_1            (load          ) [ 00000]
tmp                  (bitconcatenate) [ 00000]
store_ln29           (store         ) [ 00000]
store_ln29           (store         ) [ 00000]
store_ln29           (store         ) [ 00000]
mode_key_defined_loa (load          ) [ 00000]
zext_ln30            (zext          ) [ 00000]
mode_key_r_load      (load          ) [ 00000]
icmp_ln30            (icmp          ) [ 00000]
icmp_ln30_1          (icmp          ) [ 00000]
or_ln30              (or            ) [ 00000]
select_ln30          (select        ) [ 00000]
store_ln30           (store         ) [ 00000]
br_ln57              (br            ) [ 00000]
p_0                  (phi           ) [ 00001]
zext_ln58            (zext          ) [ 00000]
ret_ln58             (ret           ) [ 00000]
</LifeTime>

<model>

<comp_list>
<comp id="0" class="1000" name="r">
<pin_list>
<pin id="1" dir="1" index="0" bw="1" slack="0"/>
</pin_list>
<bind>
<StgValue><ssdm name="r"/><MemPortTyVec>0 3 </MemPortTyVec>
</StgValue>
</bind>
</comp>

<comp id="2" class="1000" name="g">
<pin_list>
<pin id="3" dir="1" index="0" bw="1" slack="0"/>
</pin_list>
<bind>
<StgValue><ssdm name="g"/><MemPortTyVec>0 3 </MemPortTyVec>
</StgValue>
</bind>
</comp>

<comp id="4" class="1000" name="b">
<pin_list>
<pin id="5" dir="1" index="0" bw="1" slack="0"/>
</pin_list>
<bind>
<StgValue><ssdm name="b"/><MemPortTyVec>0 3 </MemPortTyVec>
</StgValue>
</bind>
</comp>

<comp id="6" class="1000" name="a">
<pin_list>
<pin id="7" dir="1" index="0" bw="1" slack="0"/>
</pin_list>
<bind>
<StgValue><ssdm name="a"/><MemPortTyVec>0 3 </MemPortTyVec>
</StgValue>
</bind>
</comp>

<comp id="8" class="1000" name="in_r">
<pin_list>
<pin id="9" dir="1" index="0" bw="1" slack="0"/>
</pin_list>
<bind>
<StgValue><ssdm name="in_r"/><MemPortTyVec>1 1 </MemPortTyVec>
</StgValue>
</bind>
</comp>

<comp id="10" class="1000" name="i">
<pin_list>
<pin id="11" dir="1" index="0" bw="1" slack="0"/>
</pin_list>
<bind>
<StgValue><ssdm name="i"/></StgValue>
</bind>
</comp>

<comp id="12" class="1000" name="mode_bitdepth">
<pin_list>
<pin id="13" dir="1" index="0" bw="1" slack="0"/>
</pin_list>
<bind>
<StgValue><ssdm name="mode_bitdepth"/><MemPortTyVec>1 3 </MemPortTyVec>
</StgValue>
</bind>
</comp>

<comp id="14" class="1000" name="mode_colortype">
<pin_list>
<pin id="15" dir="1" index="0" bw="1" slack="0"/>
</pin_list>
<bind>
<StgValue><ssdm name="mode_colortype"/><MemPortTyVec>1 3 </MemPortTyVec>
</StgValue>
</bind>
</comp>

<comp id="16" class="1000" name="mode_key_r">
<pin_list>
<pin id="17" dir="1" index="0" bw="1" slack="0"/>
</pin_list>
<bind>
<StgValue><ssdm name="mode_key_r"/><MemPortTyVec>1 3 </MemPortTyVec>
</StgValue>
</bind>
</comp>

<comp id="18" class="1000" name="mode_key_g">
<pin_list>
<pin id="19" dir="1" index="0" bw="1" slack="2147483647"/>
</pin_list>
<bind>
<StgValue><ssdm name="mode_key_g"/></StgValue>
</bind>
</comp>

<comp id="20" class="1000" name="mode_key_b">
<pin_list>
<pin id="21" dir="1" index="0" bw="1" slack="2147483647"/>
</pin_list>
<bind>
<StgValue><ssdm name="mode_key_b"/></StgValue>
</bind>
</comp>

<comp id="22" class="1000" name="mode_key_defined">
<pin_list>
<pin id="23" dir="1" index="0" bw="1" slack="0"/>
</pin_list>
<bind>
<StgValue><ssdm name="mode_key_defined"/><MemPortTyVec>1 3 </MemPortTyVec>
</StgValue>
</bind>
</comp>

<comp id="24" class="1001" name="const_24">
<pin_list>
<pin id="25" dir="1" index="0" bw="1" slack="0"/>
</pin_list>
<bind>
<StgValue><ssdm name=""/></StgValue>
</bind>
</comp>

<comp id="26" class="1001" name="const_26">
<pin_list>
<pin id="27" dir="1" index="0" bw="1" slack="2147483647"/>
</pin_list>
<bind>
<StgValue><ssdm name="_ssdm_op_SpecBitsMap"/></StgValue>
</bind>
</comp>

<comp id="28" class="1001" name="const_28">
<pin_list>
<pin id="29" dir="1" index="0" bw="1" slack="0"/>
</pin_list>
<bind>
<StgValue><ssdm name="_ssdm_op_Read.ap_auto.i64"/></StgValue>
</bind>
</comp>

<comp id="30" class="1001" name="const_30">
<pin_list>
<pin id="31" dir="1" index="0" bw="1" slack="0"/>
</pin_list>
<bind>
<StgValue><ssdm name=""/></StgValue>
</bind>
</comp>

<comp id="32" class="1001" name="const_32">
<pin_list>
<pin id="33" dir="1" index="0" bw="1" slack="2147483647"/>
</pin_list>
<bind>
<StgValue><ssdm name="_ssdm_op_SpecTopModule"/></StgValue>
</bind>
</comp>

<comp id="34" class="1001" name="const_34">
<pin_list>
<pin id="35" dir="1" index="0" bw="1" slack="2147483647"/>
</pin_list>
<bind>
<StgValue><ssdm name="getPixelColorRGBA16_s"/></StgValue>
</bind>
</comp>

<comp id="36" class="1001" name="const_36">
<pin_list>
<pin id="37" dir="1" index="0" bw="1" slack="0"/>
</pin_list>
<bind>
<StgValue><ssdm name=""/></StgValue>
</bind>
</comp>

<comp id="38" class="1001" name="const_38">
<pin_list>
<pin id="39" dir="1" index="0" bw="1" slack="0"/>
</pin_list>
<bind>
<StgValue><ssdm name="_ssdm_op_BitConcatenate.i11.i10.i1"/></StgValue>
</bind>
</comp>

<comp id="40" class="1001" name="const_40">
<pin_list>
<pin id="41" dir="1" index="0" bw="1" slack="0"/>
</pin_list>
<bind>
<StgValue><ssdm name=""/></StgValue>
</bind>
</comp>

<comp id="42" class="1001" name="const_42">
<pin_list>
<pin id="43" dir="1" index="0" bw="1" slack="0"/>
</pin_list>
<bind>
<StgValue><ssdm name=""/></StgValue>
</bind>
</comp>

<comp id="44" class="1001" name="const_44">
<pin_list>
<pin id="45" dir="1" index="0" bw="1" slack="0"/>
</pin_list>
<bind>
<StgValue><ssdm name="_ssdm_op_BitConcatenate.i16.i8.i8"/></StgValue>
</bind>
</comp>

<comp id="46" class="1001" name="const_46">
<pin_list>
<pin id="47" dir="1" index="0" bw="1" slack="0"/>
</pin_list>
<bind>
<StgValue><ssdm name=""/></StgValue>
</bind>
</comp>

<comp id="48" class="1001" name="const_48">
<pin_list>
<pin id="49" dir="1" index="0" bw="1" slack="0"/>
</pin_list>
<bind>
<StgValue><ssdm name=""/></StgValue>
</bind>
</comp>

<comp id="50" class="1001" name="const_50">
<pin_list>
<pin id="51" dir="1" index="0" bw="1" slack="0"/>
</pin_list>
<bind>
<StgValue><ssdm name=""/></StgValue>
</bind>
</comp>

<comp id="52" class="1001" name="const_52">
<pin_list>
<pin id="53" dir="1" index="0" bw="1" slack="1"/>
</pin_list>
<bind>
<StgValue><ssdm name=""/></StgValue>
</bind>
</comp>

<comp id="54" class="1004" name="i_read_read_fu_54">
<pin_list>
<pin id="55" dir="0" index="0" bw="64" slack="0"/>
<pin id="56" dir="0" index="1" bw="64" slack="0"/>
<pin id="57" dir="1" index="2" bw="64" slack="1"/>
</pin_list>
<bind>
<opcode="read(1150) " fcode="read"/>
<opset="i_read/2 "/>
</bind>
</comp>

<comp id="60" class="1004" name="mode_bitdepth_addr_gep_fu_60">
<pin_list>
<pin id="61" dir="0" index="0" bw="32" slack="0"/>
<pin id="62" dir="0" index="1" bw="1" slack="0"/>
<pin id="63" dir="0" index="2" bw="1" slack="0"/>
<pin id="64" dir="1" index="3" bw="10" slack="0"/>
</pin_list>
<bind>
<opcode="getelementptr(29) " fcode="getelementptr"/>
<opset="mode_bitdepth_addr/1 "/>
</bind>
</comp>

<comp id="68" class="1004" name="grp_access_fu_68">
<pin_list>
<pin id="69" dir="0" index="0" bw="10" slack="0"/>
<pin id="70" dir="0" index="1" bw="32" slack="2147483647"/>
<pin id="71" dir="0" index="2" bw="0" slack="2147483647"/>
<pin id="72" dir="1" index="3" bw="32" slack="0"/>
</pin_list>
<bind>
<opcode="load(27) " fcode="load"/>
<opset="mode_bitdepth_load/1 "/>
</bind>
</comp>

<comp id="74" class="1004" name="mode_key_defined_add_gep_fu_74">
<pin_list>
<pin id="75" dir="0" index="0" bw="32" slack="0"/>
<pin id="76" dir="0" index="1" bw="1" slack="0"/>
<pin id="77" dir="0" index="2" bw="1" slack="0"/>
<pin id="78" dir="1" index="3" bw="10" slack="1"/>
</pin_list>
<bind>
<opcode="getelementptr(29) " fcode="getelementptr"/>
<opset="mode_key_defined_add/2 "/>
</bind>
</comp>

<comp id="82" class="1004" name="mode_key_r_addr_gep_fu_82">
<pin_list>
<pin id="83" dir="0" index="0" bw="32" slack="0"/>
<pin id="84" dir="0" index="1" bw="1" slack="0"/>
<pin id="85" dir="0" index="2" bw="1" slack="0"/>
<pin id="86" dir="1" index="3" bw="10" slack="1"/>
</pin_list>
<bind>
<opcode="getelementptr(29) " fcode="getelementptr"/>
<opset="mode_key_r_addr/2 "/>
</bind>
</comp>

<comp id="90" class="1004" name="mode_colortype_addr_gep_fu_90">
<pin_list>
<pin id="91" dir="0" index="0" bw="32" slack="0"/>
<pin id="92" dir="0" index="1" bw="1" slack="0"/>
<pin id="93" dir="0" index="2" bw="1" slack="0"/>
<pin id="94" dir="1" index="3" bw="10" slack="0"/>
</pin_list>
<bind>
<opcode="getelementptr(29) " fcode="getelementptr"/>
<opset="mode_colortype_addr/2 "/>
</bind>
</comp>

<comp id="98" class="1004" name="a_addr_gep_fu_98">
<pin_list>
<pin id="99" dir="0" index="0" bw="16" slack="0"/>
<pin id="100" dir="0" index="1" bw="1" slack="0"/>
<pin id="101" dir="0" index="2" bw="1" slack="0"/>
<pin id="102" dir="1" index="3" bw="10" slack="2"/>
</pin_list>
<bind>
<opcode="getelementptr(29) " fcode="getelementptr"/>
<opset="a_addr/2 "/>
</bind>
</comp>

<comp id="106" class="1004" name="b_addr_gep_fu_106">
<pin_list>
<pin id="107" dir="0" index="0" bw="16" slack="0"/>
<pin id="108" dir="0" index="1" bw="1" slack="0"/>
<pin id="109" dir="0" index="2" bw="1" slack="0"/>
<pin id="110" dir="1" index="3" bw="10" slack="2"/>
</pin_list>
<bind>
<opcode="getelementptr(29) " fcode="getelementptr"/>
<opset="b_addr/2 "/>
</bind>
</comp>

<comp id="114" class="1004" name="g_addr_gep_fu_114">
<pin_list>
<pin id="115" dir="0" index="0" bw="16" slack="0"/>
<pin id="116" dir="0" index="1" bw="1" slack="0"/>
<pin id="117" dir="0" index="2" bw="1" slack="0"/>
<pin id="118" dir="1" index="3" bw="10" slack="2"/>
</pin_list>
<bind>
<opcode="getelementptr(29) " fcode="getelementptr"/>
<opset="g_addr/2 "/>
</bind>
</comp>

<comp id="122" class="1004" name="r_addr_gep_fu_122">
<pin_list>
<pin id="123" dir="0" index="0" bw="16" slack="0"/>
<pin id="124" dir="0" index="1" bw="1" slack="0"/>
<pin id="125" dir="0" index="2" bw="1" slack="0"/>
<pin id="126" dir="1" index="3" bw="10" slack="2"/>
</pin_list>
<bind>
<opcode="getelementptr(29) " fcode="getelementptr"/>
<opset="r_addr/2 "/>
</bind>
</comp>

<comp id="130" class="1004" name="grp_access_fu_130">
<pin_list>
<pin id="131" dir="0" index="0" bw="10" slack="0"/>
<pin id="132" dir="0" index="1" bw="32" slack="2147483647"/>
<pin id="133" dir="0" index="2" bw="0" slack="2147483647"/>
<pin id="134" dir="1" index="3" bw="32" slack="0"/>
</pin_list>
<bind>
<opcode="load(27) " fcode="load"/>
<opset="mode_colortype_load/2 "/>
</bind>
</comp>

<comp id="136" class="1004" name="in_addr_gep_fu_136">
<pin_list>
<pin id="137" dir="0" index="0" bw="8" slack="0"/>
<pin id="138" dir="0" index="1" bw="1" slack="0"/>
<pin id="139" dir="0" index="2" bw="11" slack="0"/>
<pin id="140" dir="1" index="3" bw="10" slack="0"/>
</pin_list>
<bind>
<opcode="getelementptr(29) " fcode="getelementptr"/>
<opset="in_addr/3 "/>
</bind>
</comp>

<comp id="143" class="1004" name="grp_access_fu_143">
<pin_list>
<pin id="144" dir="0" index="0" bw="10" slack="0"/>
<pin id="145" dir="0" index="1" bw="8" slack="2147483647"/>
<pin id="146" dir="0" index="2" bw="0" slack="0"/>
<pin id="156" dir="0" index="4" bw="10" slack="2147483647"/>
<pin id="157" dir="0" index="5" bw="8" slack="2147483647"/>
<pin id="158" dir="0" index="6" bw="0" slack="2147483647"/>
<pin id="147" dir="1" index="3" bw="8" slack="0"/>
<pin id="159" dir="1" index="7" bw="8" slack="0"/>
</pin_list>
<bind>
<opcode="load(27) " fcode="load"/>
<opset="in_load/3 in_load_1/3 "/>
</bind>
</comp>

<comp id="149" class="1004" name="in_addr_1_gep_fu_149">
<pin_list>
<pin id="150" dir="0" index="0" bw="8" slack="0"/>
<pin id="151" dir="0" index="1" bw="1" slack="0"/>
<pin id="152" dir="0" index="2" bw="11" slack="0"/>
<pin id="153" dir="1" index="3" bw="10" slack="0"/>
</pin_list>
<bind>
<opcode="getelementptr(29) " fcode="getelementptr"/>
<opset="in_addr_1/3 "/>
</bind>
</comp>

<comp id="161" class="1004" name="grp_access_fu_161">
<pin_list>
<pin id="162" dir="0" index="0" bw="10" slack="1"/>
<pin id="163" dir="0" index="1" bw="32" slack="2147483647"/>
<pin id="164" dir="0" index="2" bw="0" slack="2147483647"/>
<pin id="165" dir="1" index="3" bw="32" slack="0"/>
</pin_list>
<bind>
<opcode="load(27) " fcode="load"/>
<opset="mode_key_defined_loa/3 "/>
</bind>
</comp>

<comp id="166" class="1004" name="grp_access_fu_166">
<pin_list>
<pin id="167" dir="0" index="0" bw="10" slack="1"/>
<pin id="168" dir="0" index="1" bw="32" slack="2147483647"/>
<pin id="169" dir="0" index="2" bw="0" slack="2147483647"/>
<pin id="170" dir="1" index="3" bw="32" slack="0"/>
</pin_list>
<bind>
<opcode="load(27) " fcode="load"/>
<opset="mode_key_r_load/3 "/>
</bind>
</comp>

<comp id="171" class="1004" name="store_ln29_access_fu_171">
<pin_list>
<pin id="172" dir="0" index="0" bw="10" slack="2"/>
<pin id="173" dir="0" index="1" bw="16" slack="0"/>
<pin id="174" dir="0" index="2" bw="0" slack="2147483647"/>
<pin id="175" dir="1" index="3" bw="16" slack="2147483647"/>
</pin_list>
<bind>
<opcode="store(28) " fcode="store"/>
<opset="store_ln29/4 "/>
</bind>
</comp>

<comp id="176" class="1004" name="store_ln29_access_fu_176">
<pin_list>
<pin id="177" dir="0" index="0" bw="10" slack="2"/>
<pin id="178" dir="0" index="1" bw="16" slack="0"/>
<pin id="179" dir="0" index="2" bw="0" slack="2147483647"/>
<pin id="180" dir="1" index="3" bw="16" slack="2147483647"/>
</pin_list>
<bind>
<opcode="store(28) " fcode="store"/>
<opset="store_ln29/4 "/>
</bind>
</comp>

<comp id="181" class="1004" name="store_ln29_access_fu_181">
<pin_list>
<pin id="182" dir="0" index="0" bw="10" slack="2"/>
<pin id="183" dir="0" index="1" bw="16" slack="0"/>
<pin id="184" dir="0" index="2" bw="0" slack="2147483647"/>
<pin id="185" dir="1" index="3" bw="16" slack="2147483647"/>
</pin_list>
<bind>
<opcode="store(28) " fcode="store"/>
<opset="store_ln29/4 "/>
</bind>
</comp>

<comp id="186" class="1004" name="store_ln30_access_fu_186">
<pin_list>
<pin id="187" dir="0" index="0" bw="10" slack="2"/>
<pin id="188" dir="0" index="1" bw="16" slack="0"/>
<pin id="189" dir="0" index="2" bw="0" slack="2147483647"/>
<pin id="190" dir="1" index="3" bw="16" slack="2147483647"/>
</pin_list>
<bind>
<opcode="store(28) " fcode="store"/>
<opset="store_ln30/4 "/>
</bind>
</comp>

<comp id="191" class="1005" name="p_0_reg_191">
<pin_list>
<pin id="192" dir="0" index="0" bw="7" slack="1"/>
<pin id="193" dir="1" index="1" bw="7" slack="1"/>
</pin_list>
<bind>
<opset="p_0 (phireg) "/>
</bind>
</comp>

<comp id="195" class="1004" name="p_0_phi_fu_195">
<pin_list>
<pin id="196" dir="0" index="0" bw="1" slack="0"/>
<pin id="197" dir="0" index="1" bw="0" slack="2147483647"/>
<pin id="198" dir="0" index="2" bw="7" slack="2"/>
<pin id="199" dir="0" index="3" bw="0" slack="2147483647"/>
<pin id="200" dir="0" index="4" bw="7" slack="1"/>
<pin id="201" dir="0" index="5" bw="0" slack="2147483647"/>
<pin id="202" dir="1" index="6" bw="7" slack="0"/>
</pin_list>
<bind>
<opcode="phi(47) " fcode="phi"/>
<opset="p_0/4 "/>
</bind>
</comp>

<comp id="206" class="1004" name="icmp_ln25_fu_206">
<pin_list>
<pin id="207" dir="0" index="0" bw="32" slack="0"/>
<pin id="208" dir="0" index="1" bw="32" slack="0"/>
<pin id="209" dir="1" index="2" bw="1" slack="2"/>
</pin_list>
<bind>
<opcode="icmp(45) " fcode="icmp"/>
<opset="icmp_ln25/2 "/>
</bind>
</comp>

<comp id="212" class="1004" name="icmp_ln27_fu_212">
<pin_list>
<pin id="213" dir="0" index="0" bw="32" slack="0"/>
<pin id="214" dir="0" index="1" bw="32" slack="0"/>
<pin id="215" dir="1" index="2" bw="1" slack="1"/>
</pin_list>
<bind>
<opcode="icmp(45) " fcode="icmp"/>
<opset="icmp_ln27/3 "/>
</bind>
</comp>

<comp id="218" class="1004" name="trunc_ln29_fu_218">
<pin_list>
<pin id="219" dir="0" index="0" bw="64" slack="1"/>
<pin id="220" dir="1" index="1" bw="10" slack="0"/>
</pin_list>
<bind>
<opcode="trunc(33) " fcode="trunc"/>
<opset="trunc_ln29/3 "/>
</bind>
</comp>

<comp id="221" class="1004" name="shl_ln_fu_221">
<pin_list>
<pin id="222" dir="0" index="0" bw="11" slack="0"/>
<pin id="223" dir="0" index="1" bw="10" slack="0"/>
<pin id="224" dir="0" index="2" bw="1" slack="0"/>
<pin id="225" dir="1" index="3" bw="11" slack="0"/>
</pin_list>
<bind>
<opcode="bitconcatenate(1004) " fcode="bitconcatenate"/>
<opset="shl_ln/3 "/>
</bind>
</comp>

<comp id="229" class="1004" name="zext_ln29_fu_229">
<pin_list>
<pin id="230" dir="0" index="0" bw="11" slack="0"/>
<pin id="231" dir="1" index="1" bw="64" slack="0"/>
</pin_list>
<bind>
<opcode="zext(34) " fcode="zext"/>
<opset="zext_ln29/3 "/>
</bind>
</comp>

<comp id="234" class="1004" name="or_ln29_fu_234">
<pin_list>
<pin id="235" dir="0" index="0" bw="11" slack="0"/>
<pin id="236" dir="0" index="1" bw="11" slack="0"/>
<pin id="237" dir="1" index="2" bw="11" slack="0"/>
</pin_list>
<bind>
<opcode="or(24) " fcode="or"/>
<opset="or_ln29/3 "/>
</bind>
</comp>

<comp id="240" class="1004" name="zext_ln29_1_fu_240">
<pin_list>
<pin id="241" dir="0" index="0" bw="11" slack="0"/>
<pin id="242" dir="1" index="1" bw="64" slack="0"/>
</pin_list>
<bind>
<opcode="zext(34) " fcode="zext"/>
<opset="zext_ln29_1/3 "/>
</bind>
</comp>

<comp id="245" class="1004" name="tmp_fu_245">
<pin_list>
<pin id="246" dir="0" index="0" bw="16" slack="0"/>
<pin id="247" dir="0" index="1" bw="8" slack="0"/>
<pin id="248" dir="0" index="2" bw="8" slack="0"/>
<pin id="249" dir="1" index="3" bw="16" slack="0"/>
</pin_list>
<bind>
<opcode="bitconcatenate(1004) " fcode="bitconcatenate"/>
<opset="tmp/4 "/>
</bind>
</comp>

<comp id="256" class="1004" name="zext_ln30_fu_256">
<pin_list>
<pin id="257" dir="0" index="0" bw="16" slack="0"/>
<pin id="258" dir="1" index="1" bw="32" slack="0"/>
</pin_list>
<bind>
<opcode="zext(34) " fcode="zext"/>
<opset="zext_ln30/4 "/>
</bind>
</comp>

<comp id="260" class="1004" name="icmp_ln30_fu_260">
<pin_list>
<pin id="261" dir="0" index="0" bw="32" slack="0"/>
<pin id="262" dir="0" index="1" bw="32" slack="0"/>
<pin id="263" dir="1" index="2" bw="1" slack="0"/>
</pin_list>
<bind>
<opcode="icmp(45) " fcode="icmp"/>
<opset="icmp_ln30/4 "/>
</bind>
</comp>

<comp id="266" class="1004" name="icmp_ln30_1_fu_266">
<pin_list>
<pin id="267" dir="0" index="0" bw="32" slack="0"/>
<pin id="268" dir="0" index="1" bw="32" slack="0"/>
<pin id="269" dir="1" index="2" bw="1" slack="0"/>
</pin_list>
<bind>
<opcode="icmp(45) " fcode="icmp"/>
<opset="icmp_ln30_1/4 "/>
</bind>
</comp>

<comp id="272" class="1004" name="or_ln30_fu_272">
<pin_list>
<pin id="273" dir="0" index="0" bw="1" slack="0"/>
<pin id="274" dir="0" index="1" bw="1" slack="0"/>
<pin id="275" dir="1" index="2" bw="1" slack="0"/>
</pin_list>
<bind>
<opcode="or(24) " fcode="or"/>
<opset="or_ln30/4 "/>
</bind>
</comp>

<comp id="278" class="1004" name="select_ln30_fu_278">
<pin_list>
<pin id="279" dir="0" index="0" bw="1" slack="0"/>
<pin id="280" dir="0" index="1" bw="16" slack="0"/>
<pin id="281" dir="0" index="2" bw="16" slack="0"/>
<pin id="282" dir="1" index="3" bw="16" slack="0"/>
</pin_list>
<bind>
<opcode="select(49) " fcode="select"/>
<opset="select_ln30/4 "/>
</bind>
</comp>

<comp id="287" class="1004" name="zext_ln58_fu_287">
<pin_list>
<pin id="288" dir="0" index="0" bw="7" slack="0"/>
<pin id="289" dir="1" index="1" bw="32" slack="2147483647"/>
</pin_list>
<bind>
<opcode="zext(34) " fcode="zext"/>
<opset="zext_ln58/4 "/>
</bind>
</comp>

<comp id="291" class="1005" name="mode_bitdepth_addr_reg_291">
<pin_list>
<pin id="292" dir="0" index="0" bw="10" slack="1"/>
<pin id="293" dir="1" index="1" bw="10" slack="1"/>
</pin_list>
<bind>
<opset="mode_bitdepth_addr "/>
</bind>
</comp>

<comp id="296" class="1005" name="i_read_reg_296">
<pin_list>
<pin id="297" dir="0" index="0" bw="64" slack="1"/>
<pin id="298" dir="1" index="1" bw="64" slack="1"/>
</pin_list>
<bind>
<opset="i_read "/>
</bind>
</comp>

<comp id="301" class="1005" name="mode_key_defined_add_reg_301">
<pin_list>
<pin id="302" dir="0" index="0" bw="10" slack="1"/>
<pin id="303" dir="1" index="1" bw="10" slack="1"/>
</pin_list>
<bind>
<opset="mode_key_defined_add "/>
</bind>
</comp>

<comp id="306" class="1005" name="mode_key_r_addr_reg_306">
<pin_list>
<pin id="307" dir="0" index="0" bw="10" slack="1"/>
<pin id="308" dir="1" index="1" bw="10" slack="1"/>
</pin_list>
<bind>
<opset="mode_key_r_addr "/>
</bind>
</comp>

<comp id="311" class="1005" name="mode_colortype_addr_reg_311">
<pin_list>
<pin id="312" dir="0" index="0" bw="10" slack="1"/>
<pin id="313" dir="1" index="1" bw="10" slack="1"/>
</pin_list>
<bind>
<opset="mode_colortype_addr "/>
</bind>
</comp>

<comp id="316" class="1005" name="a_addr_reg_316">
<pin_list>
<pin id="317" dir="0" index="0" bw="10" slack="2"/>
<pin id="318" dir="1" index="1" bw="10" slack="2"/>
</pin_list>
<bind>
<opset="a_addr "/>
</bind>
</comp>

<comp id="321" class="1005" name="b_addr_reg_321">
<pin_list>
<pin id="322" dir="0" index="0" bw="10" slack="2"/>
<pin id="323" dir="1" index="1" bw="10" slack="2"/>
</pin_list>
<bind>
<opset="b_addr "/>
</bind>
</comp>

<comp id="326" class="1005" name="g_addr_reg_326">
<pin_list>
<pin id="327" dir="0" index="0" bw="10" slack="2"/>
<pin id="328" dir="1" index="1" bw="10" slack="2"/>
</pin_list>
<bind>
<opset="g_addr "/>
</bind>
</comp>

<comp id="331" class="1005" name="r_addr_reg_331">
<pin_list>
<pin id="332" dir="0" index="0" bw="10" slack="2"/>
<pin id="333" dir="1" index="1" bw="10" slack="2"/>
</pin_list>
<bind>
<opset="r_addr "/>
</bind>
</comp>

<comp id="336" class="1005" name="icmp_ln25_reg_336">
<pin_list>
<pin id="337" dir="0" index="0" bw="1" slack="2"/>
<pin id="338" dir="1" index="1" bw="1" slack="2147483647"/>
</pin_list>
<bind>
<opset="icmp_ln25 "/>
</bind>
</comp>

<comp id="340" class="1005" name="icmp_ln27_reg_340">
<pin_list>
<pin id="341" dir="0" index="0" bw="1" slack="1"/>
<pin id="342" dir="1" index="1" bw="1" slack="2147483647"/>
</pin_list>
<bind>
<opset="icmp_ln27 "/>
</bind>
</comp>

<comp id="344" class="1005" name="in_addr_reg_344">
<pin_list>
<pin id="345" dir="0" index="0" bw="10" slack="1"/>
<pin id="346" dir="1" index="1" bw="10" slack="1"/>
</pin_list>
<bind>
<opset="in_addr "/>
</bind>
</comp>

<comp id="349" class="1005" name="in_addr_1_reg_349">
<pin_list>
<pin id="350" dir="0" index="0" bw="10" slack="1"/>
<pin id="351" dir="1" index="1" bw="10" slack="1"/>
</pin_list>
<bind>
<opset="in_addr_1 "/>
</bind>
</comp>

</comp_list>

<net_list>
<net id="58"><net_src comp="28" pin="0"/><net_sink comp="54" pin=0"/></net>

<net id="59"><net_src comp="10" pin="0"/><net_sink comp="54" pin=1"/></net>

<net id="65"><net_src comp="12" pin="0"/><net_sink comp="60" pin=0"/></net>

<net id="66"><net_src comp="24" pin="0"/><net_sink comp="60" pin=1"/></net>

<net id="67"><net_src comp="24" pin="0"/><net_sink comp="60" pin=2"/></net>

<net id="73"><net_src comp="60" pin="3"/><net_sink comp="68" pin=0"/></net>

<net id="79"><net_src comp="22" pin="0"/><net_sink comp="74" pin=0"/></net>

<net id="80"><net_src comp="24" pin="0"/><net_sink comp="74" pin=1"/></net>

<net id="81"><net_src comp="24" pin="0"/><net_sink comp="74" pin=2"/></net>

<net id="87"><net_src comp="16" pin="0"/><net_sink comp="82" pin=0"/></net>

<net id="88"><net_src comp="24" pin="0"/><net_sink comp="82" pin=1"/></net>

<net id="89"><net_src comp="24" pin="0"/><net_sink comp="82" pin=2"/></net>

<net id="95"><net_src comp="14" pin="0"/><net_sink comp="90" pin=0"/></net>

<net id="96"><net_src comp="24" pin="0"/><net_sink comp="90" pin=1"/></net>

<net id="97"><net_src comp="24" pin="0"/><net_sink comp="90" pin=2"/></net>

<net id="103"><net_src comp="6" pin="0"/><net_sink comp="98" pin=0"/></net>

<net id="104"><net_src comp="24" pin="0"/><net_sink comp="98" pin=1"/></net>

<net id="105"><net_src comp="24" pin="0"/><net_sink comp="98" pin=2"/></net>

<net id="111"><net_src comp="4" pin="0"/><net_sink comp="106" pin=0"/></net>

<net id="112"><net_src comp="24" pin="0"/><net_sink comp="106" pin=1"/></net>

<net id="113"><net_src comp="24" pin="0"/><net_sink comp="106" pin=2"/></net>

<net id="119"><net_src comp="2" pin="0"/><net_sink comp="114" pin=0"/></net>

<net id="120"><net_src comp="24" pin="0"/><net_sink comp="114" pin=1"/></net>

<net id="121"><net_src comp="24" pin="0"/><net_sink comp="114" pin=2"/></net>

<net id="127"><net_src comp="0" pin="0"/><net_sink comp="122" pin=0"/></net>

<net id="128"><net_src comp="24" pin="0"/><net_sink comp="122" pin=1"/></net>

<net id="129"><net_src comp="24" pin="0"/><net_sink comp="122" pin=2"/></net>

<net id="135"><net_src comp="90" pin="3"/><net_sink comp="130" pin=0"/></net>

<net id="141"><net_src comp="8" pin="0"/><net_sink comp="136" pin=0"/></net>

<net id="142"><net_src comp="24" pin="0"/><net_sink comp="136" pin=1"/></net>

<net id="148"><net_src comp="136" pin="3"/><net_sink comp="143" pin=0"/></net>

<net id="154"><net_src comp="8" pin="0"/><net_sink comp="149" pin=0"/></net>

<net id="155"><net_src comp="24" pin="0"/><net_sink comp="149" pin=1"/></net>

<net id="160"><net_src comp="149" pin="3"/><net_sink comp="143" pin=2"/></net>

<net id="194"><net_src comp="52" pin="0"/><net_sink comp="191" pin=0"/></net>

<net id="203"><net_src comp="50" pin="0"/><net_sink comp="195" pin=0"/></net>

<net id="204"><net_src comp="191" pin="1"/><net_sink comp="195" pin=2"/></net>

<net id="205"><net_src comp="191" pin="1"/><net_sink comp="195" pin=4"/></net>

<net id="210"><net_src comp="68" pin="3"/><net_sink comp="206" pin=0"/></net>

<net id="211"><net_src comp="36" pin="0"/><net_sink comp="206" pin=1"/></net>

<net id="216"><net_src comp="130" pin="3"/><net_sink comp="212" pin=0"/></net>

<net id="217"><net_src comp="30" pin="0"/><net_sink comp="212" pin=1"/></net>

<net id="226"><net_src comp="38" pin="0"/><net_sink comp="221" pin=0"/></net>

<net id="227"><net_src comp="218" pin="1"/><net_sink comp="221" pin=1"/></net>

<net id="228"><net_src comp="40" pin="0"/><net_sink comp="221" pin=2"/></net>

<net id="232"><net_src comp="221" pin="3"/><net_sink comp="229" pin=0"/></net>

<net id="233"><net_src comp="229" pin="1"/><net_sink comp="136" pin=2"/></net>

<net id="238"><net_src comp="221" pin="3"/><net_sink comp="234" pin=0"/></net>

<net id="239"><net_src comp="42" pin="0"/><net_sink comp="234" pin=1"/></net>

<net id="243"><net_src comp="234" pin="2"/><net_sink comp="240" pin=0"/></net>

<net id="244"><net_src comp="240" pin="1"/><net_sink comp="149" pin=2"/></net>

<net id="250"><net_src comp="44" pin="0"/><net_sink comp="245" pin=0"/></net>

<net id="251"><net_src comp="143" pin="3"/><net_sink comp="245" pin=1"/></net>

<net id="252"><net_src comp="143" pin="7"/><net_sink comp="245" pin=2"/></net>

<net id="253"><net_src comp="245" pin="3"/><net_sink comp="171" pin=1"/></net>

<net id="254"><net_src comp="245" pin="3"/><net_sink comp="176" pin=1"/></net>

<net id="255"><net_src comp="245" pin="3"/><net_sink comp="181" pin=1"/></net>

<net id="259"><net_src comp="245" pin="3"/><net_sink comp="256" pin=0"/></net>

<net id="264"><net_src comp="161" pin="3"/><net_sink comp="260" pin=0"/></net>

<net id="265"><net_src comp="30" pin="0"/><net_sink comp="260" pin=1"/></net>

<net id="270"><net_src comp="256" pin="1"/><net_sink comp="266" pin=0"/></net>

<net id="271"><net_src comp="166" pin="3"/><net_sink comp="266" pin=1"/></net>

<net id="276"><net_src comp="266" pin="2"/><net_sink comp="272" pin=0"/></net>

<net id="277"><net_src comp="260" pin="2"/><net_sink comp="272" pin=1"/></net>

<net id="283"><net_src comp="272" pin="2"/><net_sink comp="278" pin=0"/></net>

<net id="284"><net_src comp="46" pin="0"/><net_sink comp="278" pin=1"/></net>

<net id="285"><net_src comp="48" pin="0"/><net_sink comp="278" pin=2"/></net>

<net id="286"><net_src comp="278" pin="3"/><net_sink comp="186" pin=1"/></net>

<net id="290"><net_src comp="195" pin="6"/><net_sink comp="287" pin=0"/></net>

<net id="294"><net_src comp="60" pin="3"/><net_sink comp="291" pin=0"/></net>

<net id="295"><net_src comp="291" pin="1"/><net_sink comp="68" pin=0"/></net>

<net id="299"><net_src comp="54" pin="2"/><net_sink comp="296" pin=0"/></net>

<net id="300"><net_src comp="296" pin="1"/><net_sink comp="218" pin=0"/></net>

<net id="304"><net_src comp="74" pin="3"/><net_sink comp="301" pin=0"/></net>

<net id="305"><net_src comp="301" pin="1"/><net_sink comp="161" pin=0"/></net>

<net id="309"><net_src comp="82" pin="3"/><net_sink comp="306" pin=0"/></net>

<net id="310"><net_src comp="306" pin="1"/><net_sink comp="166" pin=0"/></net>

<net id="314"><net_src comp="90" pin="3"/><net_sink comp="311" pin=0"/></net>

<net id="315"><net_src comp="311" pin="1"/><net_sink comp="130" pin=0"/></net>

<net id="319"><net_src comp="98" pin="3"/><net_sink comp="316" pin=0"/></net>

<net id="320"><net_src comp="316" pin="1"/><net_sink comp="186" pin=0"/></net>

<net id="324"><net_src comp="106" pin="3"/><net_sink comp="321" pin=0"/></net>

<net id="325"><net_src comp="321" pin="1"/><net_sink comp="171" pin=0"/></net>

<net id="329"><net_src comp="114" pin="3"/><net_sink comp="326" pin=0"/></net>

<net id="330"><net_src comp="326" pin="1"/><net_sink comp="176" pin=0"/></net>

<net id="334"><net_src comp="122" pin="3"/><net_sink comp="331" pin=0"/></net>

<net id="335"><net_src comp="331" pin="1"/><net_sink comp="181" pin=0"/></net>

<net id="339"><net_src comp="206" pin="2"/><net_sink comp="336" pin=0"/></net>

<net id="343"><net_src comp="212" pin="2"/><net_sink comp="340" pin=0"/></net>

<net id="347"><net_src comp="136" pin="3"/><net_sink comp="344" pin=0"/></net>

<net id="348"><net_src comp="344" pin="1"/><net_sink comp="143" pin=0"/></net>

<net id="352"><net_src comp="149" pin="3"/><net_sink comp="349" pin=0"/></net>

<net id="353"><net_src comp="349" pin="1"/><net_sink comp="143" pin=2"/></net>

</net_list>

</model> 
---------------- Datapath Model END ------------------

* FSMD analyzer results:
  - Output states:
	Port: r | {4 }
	Port: g | {4 }
	Port: b | {4 }
	Port: a | {4 }
 - Input state : 
	Port: getPixelColorRGBA16 : in_r | {3 4 }
	Port: getPixelColorRGBA16 : i | {2 }
	Port: getPixelColorRGBA16 : mode_bitdepth | {1 2 }
	Port: getPixelColorRGBA16 : mode_colortype | {2 3 }
	Port: getPixelColorRGBA16 : mode_key_r | {3 4 }
	Port: getPixelColorRGBA16 : mode_key_defined | {3 4 }
  - Chain level:
	State 1
		mode_bitdepth_load : 1
	State 2
		icmp_ln25 : 1
		br_ln25 : 2
		mode_colortype_load : 1
	State 3
		icmp_ln27 : 1
		br_ln27 : 2
		shl_ln : 1
		zext_ln29 : 2
		in_addr : 3
		in_load : 4
		or_ln29 : 2
		zext_ln29_1 : 2
		in_addr_1 : 3
		in_load_1 : 4
	State 4
		tmp : 1
		store_ln29 : 2
		store_ln29 : 2
		store_ln29 : 2
		zext_ln30 : 2
		icmp_ln30 : 1
		icmp_ln30_1 : 3
		or_ln30 : 4
		select_ln30 : 4
		store_ln30 : 5
		p_0 : 1
		zext_ln58 : 2
		ret_ln58 : 3


============================================================
+ Verbose Summary: Datapath Resource usage 
============================================================

* Functional unit list:
|----------|--------------------|---------|---------|
| Operation|   Functional Unit  |    FF   |   LUT   |
|----------|--------------------|---------|---------|
|          |  icmp_ln25_fu_206  |    0    |    18   |
|   icmp   |  icmp_ln27_fu_212  |    0    |    18   |
|          |  icmp_ln30_fu_260  |    0    |    18   |
|          | icmp_ln30_1_fu_266 |    0    |    18   |
|----------|--------------------|---------|---------|
|  select  | select_ln30_fu_278 |    0    |    16   |
|----------|--------------------|---------|---------|
|    or    |   or_ln29_fu_234   |    0    |    0    |
|          |   or_ln30_fu_272   |    0    |    6    |
|----------|--------------------|---------|---------|
|   read   |  i_read_read_fu_54 |    0    |    0    |
|----------|--------------------|---------|---------|
|   trunc  |  trunc_ln29_fu_218 |    0    |    0    |
|----------|--------------------|---------|---------|
|bitconcatenate|    shl_ln_fu_221   |    0    |    0    |
|          |     tmp_fu_245     |    0    |    0    |
|----------|--------------------|---------|---------|
|          |  zext_ln29_fu_229  |    0    |    0    |
|   zext   | zext_ln29_1_fu_240 |    0    |    0    |
|          |  zext_ln30_fu_256  |    0    |    0    |
|          |  zext_ln58_fu_287  |    0    |    0    |
|----------|--------------------|---------|---------|
|   Total  |                    |    0    |    94   |
|----------|--------------------|---------|---------|

Memories:
N/A

* Register list:
+----------------------------+--------+
|                            |   FF   |
+----------------------------+--------+
|       a_addr_reg_316       |   10   |
|       b_addr_reg_321       |   10   |
|       g_addr_reg_326       |   10   |
|       i_read_reg_296       |   64   |
|      icmp_ln25_reg_336     |    1   |
|      icmp_ln27_reg_340     |    1   |
|      in_addr_1_reg_349     |   10   |
|       in_addr_reg_344      |   10   |
| mode_bitdepth_addr_reg_291 |   10   |
| mode_colortype_addr_reg_311|   10   |
|mode_key_defined_add_reg_301|   10   |
|   mode_key_r_addr_reg_306  |   10   |
|         p_0_reg_191        |    7   |
|       r_addr_reg_331       |   10   |
+----------------------------+--------+
|            Total           |   173  |
+----------------------------+--------+

* Multiplexer (MUX) list: 
|-------------------|------|------|------|--------||---------||---------|
|        Comp       |  Pin | Size |  BW  | S x BW ||  Delay  ||   LUT   |
|-------------------|------|------|------|--------||---------||---------|
|  grp_access_fu_68 |  p0  |   2  |  10  |   20   ||    9    |
| grp_access_fu_130 |  p0  |   2  |  10  |   20   ||    9    |
| grp_access_fu_143 |  p0  |   2  |  10  |   20   ||    9    |
| grp_access_fu_143 |  p2  |   2  |   0  |    0   ||    9    |
|-------------------|------|------|------|--------||---------||---------|
|       Total       |      |      |      |   60   ||  4.244  ||    36   |
|-------------------|------|------|------|--------||---------||---------|



* Summary:
+-----------+--------+--------+--------+
|           |  Delay |   FF   |   LUT  |
+-----------+--------+--------+--------+
|  Function |    -   |    0   |   94   |
|   Memory  |    -   |    -   |    -   |
|Multiplexer|    4   |    -   |   36   |
|  Register |    -   |   173  |    -   |
+-----------+--------+--------+--------+
|   Total   |    4   |   173  |   130  |
+-----------+--------+--------+--------+
