

================================================================
== Vivado HLS Report for 'wcstombs_sbcs'
================================================================
* Date:           Tue May 26 04:01:54 2020

* Version:        2019.1 (Build 2552052 on Fri May 24 15:28:33 MDT 2019)
* Project:        proj_extr_.reactossdktoolsunicodewctomb.c_wcstombs_sbcs_with_main.c
* Solution:       solution1
* Product family: kintex7
* Target device:  xc7k160t-fbg484-1


================================================================
== Performance Estimates
================================================================
+ Timing (ns): 
    * Summary: 
    +--------+-------+----------+------------+
    |  Clock | Target| Estimated| Uncertainty|
    +--------+-------+----------+------------+
    |ap_clk  |  10.00|     6.816|        1.25|
    +--------+-------+----------+------------+

+ Latency (clock cycles): 
    * Summary: 
    +-----+-----+-----+-----+---------+
    |  Latency  |  Interval | Pipeline|
    | min | max | min | max |   Type  |
    +-----+-----+-----+-----+---------+
    |    ?|    ?|    ?|    ?|   none  |
    +-----+-----+-----+-----+---------+

    + Detail: 
        * Instance: 
        N/A

        * Loop: 
        +----------+-----+-----+----------+-----------+-----------+------+----------+
        |          |  Latency  | Iteration|  Initiation Interval  | Trip |          |
        | Loop Name| min | max |  Latency |  achieved |   target  | Count| Pipelined|
        +----------+-----+-----+----------+-----------+-----------+------+----------+
        |- Loop 1  |    ?|    ?|        11|          -|          -|     ?|    no    |
        +----------+-----+-----+----------+-----------+-----------+------+----------+



================================================================
== Utilization Estimates
================================================================
* Summary: 
+-----------------+---------+-------+--------+--------+-----+
|       Name      | BRAM_18K| DSP48E|   FF   |   LUT  | URAM|
+-----------------+---------+-------+--------+--------+-----+
|DSP              |        -|      -|       -|       -|    -|
|Expression       |        -|      -|       0|    1536|    -|
|FIFO             |        -|      -|       -|       -|    -|
|Instance         |        -|      -|       -|       -|    -|
|Memory           |        -|      -|       -|       -|    -|
|Multiplexer      |        -|      -|       -|     867|    -|
|Register         |        -|      -|     733|       -|    -|
+-----------------+---------+-------+--------+--------+-----+
|Total            |        0|      0|     733|    2403|    0|
+-----------------+---------+-------+--------+--------+-----+
|Available        |      650|    600|  202800|  101400|    0|
+-----------------+---------+-------+--------+--------+-----+
|Utilization (%)  |        0|      0|   ~0   |       2|    0|
+-----------------+---------+-------+--------+--------+-----+

+ Detail: 
    * Instance: 
    N/A

    * DSP48E: 
    N/A

    * Memory: 
    N/A

    * FIFO: 
    N/A

    * Expression: 
    +--------------------------+----------+-------+---+----+------------+------------+
    |       Variable Name      | Operation| DSP48E| FF| LUT| Bitwidth P0| Bitwidth P1|
    +--------------------------+----------+-------+---+----+------------+------------+
    |add_ln34_fu_1354_p2       |     +    |      0|  0|  24|          17|          17|
    |add_ln35_fu_1372_p2       |     +    |      0|  0|  24|          17|          17|
    |add_ln36_fu_1430_p2       |     +    |      0|  0|  24|          17|          17|
    |add_ln37_fu_1448_p2       |     +    |      0|  0|  24|          17|          17|
    |add_ln38_fu_1506_p2       |     +    |      0|  0|  24|          17|          17|
    |add_ln39_fu_1524_p2       |     +    |      0|  0|  24|          17|          17|
    |add_ln40_fu_1582_p2       |     +    |      0|  0|  24|          17|          17|
    |add_ln41_fu_1600_p2       |     +    |      0|  0|  24|          17|          17|
    |add_ln42_fu_1658_p2       |     +    |      0|  0|  24|          17|          17|
    |add_ln43_fu_1676_p2       |     +    |      0|  0|  24|          17|          17|
    |add_ln44_fu_1734_p2       |     +    |      0|  0|  24|          17|          17|
    |add_ln45_fu_1752_p2       |     +    |      0|  0|  24|          17|          17|
    |add_ln46_fu_1816_p2       |     +    |      0|  0|  24|          17|          17|
    |add_ln47_fu_1834_p2       |     +    |      0|  0|  24|          17|          17|
    |add_ln48_fu_1870_p2       |     +    |      0|  0|  24|          17|          17|
    |add_ln49_fu_1888_p2       |     +    |      0|  0|  24|          17|          17|
    |add_ln51_fu_1803_p2       |     +    |      0|  0|  17|           5|          10|
    |add_ln52_fu_1268_p2       |     +    |      0|  0|  39|           6|          32|
    |add_ln60_1_fu_1296_p2     |     +    |      0|  0|  18|          11|          11|
    |add_ln60_2_fu_1915_p2     |     +    |      0|  0|  24|          17|          17|
    |add_ln60_fu_1286_p2       |     +    |      0|  0|  15|           5|           5|
    |add_ln61_1_fu_1935_p2     |     +    |      0|  0|  18|          11|          11|
    |add_ln61_2_fu_1961_p2     |     +    |      0|  0|  24|          17|          17|
    |add_ln61_fu_1926_p2       |     +    |      0|  0|  15|           5|           5|
    |add_ln62_1_fu_1981_p2     |     +    |      0|  0|  18|          11|          11|
    |add_ln62_2_fu_2007_p2     |     +    |      0|  0|  24|          17|          17|
    |add_ln62_fu_1972_p2       |     +    |      0|  0|  15|           5|           5|
    |add_ln63_1_fu_2027_p2     |     +    |      0|  0|  18|          11|          11|
    |add_ln63_2_fu_2053_p2     |     +    |      0|  0|  24|          17|          17|
    |add_ln63_fu_2018_p2       |     +    |      0|  0|  15|           5|           5|
    |add_ln64_1_fu_2073_p2     |     +    |      0|  0|  18|          11|          11|
    |add_ln64_2_fu_2099_p2     |     +    |      0|  0|  24|          17|          17|
    |add_ln64_fu_2064_p2       |     +    |      0|  0|  15|           5|           5|
    |add_ln65_1_fu_2119_p2     |     +    |      0|  0|  18|          11|          11|
    |add_ln65_2_fu_2145_p2     |     +    |      0|  0|  24|          17|          17|
    |add_ln65_fu_2110_p2       |     +    |      0|  0|  15|           5|           5|
    |add_ln66_1_fu_2165_p2     |     +    |      0|  0|  18|          11|          11|
    |add_ln66_2_fu_2191_p2     |     +    |      0|  0|  24|          17|          17|
    |add_ln66_fu_2156_p2       |     +    |      0|  0|  15|           5|           5|
    |add_ln67_1_fu_2237_p2     |     +    |      0|  0|  24|          17|          17|
    |add_ln67_fu_2211_p2       |     +    |      0|  0|  18|          11|          11|
    |add_ln68_1_fu_2257_p2     |     +    |      0|  0|  18|          11|          11|
    |add_ln68_2_fu_2283_p2     |     +    |      0|  0|  24|          17|          17|
    |add_ln68_fu_2248_p2       |     +    |      0|  0|  15|           4|           5|
    |add_ln69_1_fu_2303_p2     |     +    |      0|  0|  18|          11|          11|
    |add_ln69_2_fu_2329_p2     |     +    |      0|  0|  24|          17|          17|
    |add_ln69_fu_2294_p2       |     +    |      0|  0|  15|           4|           5|
    |add_ln70_1_fu_2349_p2     |     +    |      0|  0|  18|          11|          11|
    |add_ln70_2_fu_2375_p2     |     +    |      0|  0|  24|          17|          17|
    |add_ln70_fu_2340_p2       |     +    |      0|  0|  15|           4|           5|
    |add_ln71_1_fu_2395_p2     |     +    |      0|  0|  18|          11|          11|
    |add_ln71_2_fu_2421_p2     |     +    |      0|  0|  24|          17|          17|
    |add_ln71_fu_2386_p2       |     +    |      0|  0|  15|           4|           5|
    |add_ln72_1_fu_2441_p2     |     +    |      0|  0|  18|          11|          11|
    |add_ln72_2_fu_2467_p2     |     +    |      0|  0|  24|          17|          17|
    |add_ln72_fu_2432_p2       |     +    |      0|  0|  15|           3|           5|
    |add_ln73_1_fu_2487_p2     |     +    |      0|  0|  18|          11|          11|
    |add_ln73_2_fu_2513_p2     |     +    |      0|  0|  24|          17|          17|
    |add_ln73_fu_2478_p2       |     +    |      0|  0|  15|           3|           5|
    |add_ln74_1_fu_2533_p2     |     +    |      0|  0|  18|          11|          11|
    |add_ln74_2_fu_2559_p2     |     +    |      0|  0|  24|          17|          17|
    |add_ln74_fu_2524_p2       |     +    |      0|  0|  15|           2|           5|
    |icmp_ln25_fu_1213_p2      |   icmp   |      0|  0|  18|          32|          32|
    |icmp_ln32_fu_1251_p2      |   icmp   |      0|  0|  18|          28|           1|
    |or_ln35_fu_1257_p2        |    or    |      0|  0|  10|          10|           1|
    |or_ln36_fu_1325_p2        |    or    |      0|  0|  10|          10|           2|
    |or_ln37_fu_1336_p2        |    or    |      0|  0|  10|          10|           2|
    |or_ln38_fu_1401_p2        |    or    |      0|  0|  10|          10|           3|
    |or_ln39_fu_1412_p2        |    or    |      0|  0|  10|          10|           3|
    |or_ln40_fu_1477_p2        |    or    |      0|  0|  10|          10|           3|
    |or_ln41_fu_1488_p2        |    or    |      0|  0|  10|          10|           3|
    |or_ln42_fu_1553_p2        |    or    |      0|  0|  10|          10|           4|
    |or_ln43_fu_1564_p2        |    or    |      0|  0|  10|          10|           4|
    |or_ln44_fu_1629_p2        |    or    |      0|  0|  10|          10|           4|
    |or_ln45_fu_1640_p2        |    or    |      0|  0|  10|          10|           4|
    |or_ln46_fu_1705_p2        |    or    |      0|  0|  10|          10|           4|
    |or_ln47_fu_1716_p2        |    or    |      0|  0|  10|          10|           4|
    |or_ln48_fu_1781_p2        |    or    |      0|  0|  10|          10|           4|
    |or_ln49_fu_1792_p2        |    or    |      0|  0|  10|          10|           4|
    |select_ln25_1_fu_1227_p3  |  select  |      0|  0|  32|           1|           2|
    |select_ln25_fu_1219_p3    |  select  |      0|  0|  32|           1|          32|
    |xor_ln67_fu_2202_p2       |    xor   |      0|  0|   6|           4|           5|
    +--------------------------+----------+-------+---+----+------------+------------+
    |Total                     |          |      0|  0|1536|         978|         925|
    +--------------------------+----------+-------+---+----+------------+------------+

    * Multiplexer: 
    +----------------------------+-----+-----------+-----+-----------+
    |            Name            | LUT | Input Size| Bits| Total Bits|
    +----------------------------+-----+-----------+-----+-----------+
    |ap_NS_fsm                   |  249|         58|    1|         58|
    |dst_address0                |   85|         17|   10|        170|
    |dst_address1                |   65|         16|   10|        160|
    |p_02_rec_reg_1171           |    9|          2|   10|         20|
    |p_1_reg_1183                |    9|          2|   32|         64|
    |src_address0                |   85|         17|   10|        170|
    |src_address1                |   65|         16|   10|        160|
    |table_uni2cp_high_address0  |   85|         17|   10|        170|
    |table_uni2cp_high_address1  |   65|         16|   10|        160|
    |table_uni2cp_low_address0   |   85|         17|   10|        170|
    |table_uni2cp_low_address1   |   65|         16|   10|        160|
    +----------------------------+-----+-----------+-----+-----------+
    |Total                       |  867|        194|  123|       1462|
    +----------------------------+-----+-----------+-----+-----------+

    * Register: 
    +--------------------------+----+----+-----+-----------+
    |           Name           | FF | LUT| Bits| Const Bits|
    +--------------------------+----+----+-----+-----------+
    |add_ln51_reg_2997         |  10|   0|   10|          0|
    |add_ln52_reg_2602         |  32|   0|   32|          0|
    |ap_CS_fsm                 |  57|   0|   57|          0|
    |dst_addr_reg_2584         |  10|   0|   10|          0|
    |p_02_rec_cast16_reg_2607  |  10|   0|   11|          1|
    |p_02_rec_reg_1171         |  10|   0|   10|          0|
    |p_1_reg_1183              |  32|   0|   32|          0|
    |select_ln25_1_reg_2575    |  32|   0|   32|          0|
    |trunc_ln34_reg_2657       |   8|   0|    8|          0|
    |trunc_ln35_reg_2667       |   8|   0|    8|          0|
    |trunc_ln36_reg_2707       |   8|   0|    8|          0|
    |trunc_ln37_reg_2717       |   8|   0|    8|          0|
    |trunc_ln38_reg_2757       |   8|   0|    8|          0|
    |trunc_ln39_reg_2767       |   8|   0|    8|          0|
    |trunc_ln40_reg_2807       |   8|   0|    8|          0|
    |trunc_ln41_reg_2817       |   8|   0|    8|          0|
    |trunc_ln42_reg_2857       |   8|   0|    8|          0|
    |trunc_ln43_reg_2867       |   8|   0|    8|          0|
    |trunc_ln44_reg_2907       |   8|   0|    8|          0|
    |trunc_ln45_reg_2917       |   8|   0|    8|          0|
    |trunc_ln46_reg_2957       |   8|   0|    8|          0|
    |trunc_ln47_reg_2967       |   8|   0|    8|          0|
    |trunc_ln48_reg_3012       |   8|   0|    8|          0|
    |trunc_ln49_reg_3022       |   8|   0|    8|          0|
    |trunc_ln58_1_reg_2630     |   5|   0|    5|          0|
    |trunc_ln58_reg_2625       |   4|   0|    4|          0|
    |trunc_ln60_reg_3042       |   8|   0|    8|          0|
    |trunc_ln61_reg_3067       |   8|   0|    8|          0|
    |trunc_ln62_reg_3092       |   8|   0|    8|          0|
    |trunc_ln63_reg_3117       |   8|   0|    8|          0|
    |trunc_ln64_reg_3142       |   8|   0|    8|          0|
    |trunc_ln65_reg_3167       |   8|   0|    8|          0|
    |trunc_ln66_reg_3192       |   8|   0|    8|          0|
    |trunc_ln67_reg_3217       |   8|   0|    8|          0|
    |trunc_ln68_reg_3242       |   8|   0|    8|          0|
    |trunc_ln69_reg_3267       |   8|   0|    8|          0|
    |trunc_ln70_reg_3292       |   8|   0|    8|          0|
    |trunc_ln71_reg_3317       |   8|   0|    8|          0|
    |trunc_ln72_reg_3342       |   8|   0|    8|          0|
    |trunc_ln73_reg_3367       |   8|   0|    8|          0|
    |trunc_ln74_reg_3392       |   8|   0|    8|          0|
    |zext_ln35_reg_2592        |   9|   0|   64|         55|
    |zext_ln36_reg_2677        |   9|   0|   64|         55|
    |zext_ln37_reg_2687        |   8|   0|   64|         56|
    |zext_ln38_reg_2727        |   9|   0|   64|         55|
    |zext_ln39_reg_2737        |   8|   0|   64|         56|
    |zext_ln40_reg_2777        |   8|   0|   64|         56|
    |zext_ln41_reg_2787        |   7|   0|   64|         57|
    |zext_ln42_reg_2827        |   9|   0|   64|         55|
    |zext_ln43_reg_2837        |   8|   0|   64|         56|
    |zext_ln44_reg_2877        |   8|   0|   64|         56|
    |zext_ln45_reg_2887        |   7|   0|   64|         57|
    |zext_ln46_reg_2927        |   8|   0|   64|         56|
    |zext_ln47_reg_2937        |   7|   0|   64|         57|
    |zext_ln48_reg_2977        |   7|   0|   64|         57|
    |zext_ln49_reg_2987        |   6|   0|   64|         58|
    |zext_ln60_reg_2647        |  11|   0|   64|         53|
    |zext_ln61_reg_3057        |  11|   0|   64|         53|
    |zext_ln62_reg_3082        |  11|   0|   64|         53|
    |zext_ln63_reg_3107        |  11|   0|   64|         53|
    |zext_ln64_reg_3132        |  11|   0|   64|         53|
    |zext_ln65_reg_3157        |  11|   0|   64|         53|
    |zext_ln66_reg_3182        |  11|   0|   64|         53|
    |zext_ln67_reg_3207        |  11|   0|   64|         53|
    |zext_ln68_reg_3232        |  11|   0|   64|         53|
    |zext_ln69_reg_3257        |  11|   0|   64|         53|
    |zext_ln70_reg_3282        |  11|   0|   64|         53|
    |zext_ln71_reg_3307        |  11|   0|   64|         53|
    |zext_ln72_reg_3332        |  11|   0|   64|         53|
    |zext_ln73_reg_3357        |  11|   0|   64|         53|
    |zext_ln74_reg_3382        |  11|   0|   64|         53|
    +--------------------------+----+----+-----+-----------+
    |Total                     | 733|   0| 2371|       1638|
    +--------------------------+----+----+-----+-----------+



================================================================
== Interface
================================================================
* Summary: 
+----------------------------+-----+-----+------------+-------------------+--------------+
|          RTL Ports         | Dir | Bits|  Protocol  |   Source Object   |    C Type    |
+----------------------------+-----+-----+------------+-------------------+--------------+
|ap_clk                      |  in |    1| ap_ctrl_hs |   wcstombs_sbcs   | return value |
|ap_rst                      |  in |    1| ap_ctrl_hs |   wcstombs_sbcs   | return value |
|ap_start                    |  in |    1| ap_ctrl_hs |   wcstombs_sbcs   | return value |
|ap_done                     | out |    1| ap_ctrl_hs |   wcstombs_sbcs   | return value |
|ap_idle                     | out |    1| ap_ctrl_hs |   wcstombs_sbcs   | return value |
|ap_ready                    | out |    1| ap_ctrl_hs |   wcstombs_sbcs   | return value |
|ap_return                   | out |   32| ap_ctrl_hs |   wcstombs_sbcs   | return value |
|table_uni2cp_low_address0   | out |   10|  ap_memory |  table_uni2cp_low |     array    |
|table_uni2cp_low_ce0        | out |    1|  ap_memory |  table_uni2cp_low |     array    |
|table_uni2cp_low_q0         |  in |    8|  ap_memory |  table_uni2cp_low |     array    |
|table_uni2cp_low_address1   | out |   10|  ap_memory |  table_uni2cp_low |     array    |
|table_uni2cp_low_ce1        | out |    1|  ap_memory |  table_uni2cp_low |     array    |
|table_uni2cp_low_q1         |  in |    8|  ap_memory |  table_uni2cp_low |     array    |
|table_uni2cp_high_address0  | out |   10|  ap_memory | table_uni2cp_high |     array    |
|table_uni2cp_high_ce0       | out |    1|  ap_memory | table_uni2cp_high |     array    |
|table_uni2cp_high_q0        |  in |   16|  ap_memory | table_uni2cp_high |     array    |
|table_uni2cp_high_address1  | out |   10|  ap_memory | table_uni2cp_high |     array    |
|table_uni2cp_high_ce1       | out |    1|  ap_memory | table_uni2cp_high |     array    |
|table_uni2cp_high_q1        |  in |   16|  ap_memory | table_uni2cp_high |     array    |
|src_address0                | out |   10|  ap_memory |        src        |     array    |
|src_ce0                     | out |    1|  ap_memory |        src        |     array    |
|src_q0                      |  in |   32|  ap_memory |        src        |     array    |
|src_address1                | out |   10|  ap_memory |        src        |     array    |
|src_ce1                     | out |    1|  ap_memory |        src        |     array    |
|src_q1                      |  in |   32|  ap_memory |        src        |     array    |
|srclen                      |  in |   32|   ap_none  |       srclen      |    scalar    |
|dst_address0                | out |   10|  ap_memory |        dst        |     array    |
|dst_ce0                     | out |    1|  ap_memory |        dst        |     array    |
|dst_we0                     | out |    1|  ap_memory |        dst        |     array    |
|dst_d0                      | out |    8|  ap_memory |        dst        |     array    |
|dst_address1                | out |   10|  ap_memory |        dst        |     array    |
|dst_ce1                     | out |    1|  ap_memory |        dst        |     array    |
|dst_we1                     | out |    1|  ap_memory |        dst        |     array    |
|dst_d1                      | out |    8|  ap_memory |        dst        |     array    |
|dstlen                      |  in |   32|   ap_none  |       dstlen      |    scalar    |
+----------------------------+-----+-----+------------+-------------------+--------------+

