==============================================================
Vivado(TM) HLS - High-Level Synthesis from C, C++ and SystemC v2019.1 (64-bit)
Copyright 1986-2019 Xilinx, Inc. All Rights Reserved.
==============================================================
INFO: [SYN 201-201] Setting up clock 'default' with a period of 5ns.
INFO: [SYN 201-201] Setting up clock 'default' with a period of 10ns.
INFO: [SCHED 204-61] Option 'relax_ii_for_timing' is enabled, will increase II to preserve clock frequency constraints.
INFO: [HLS 200-10] Analyzing design file 'extr_.linuxdriversnetethernetmellanoxmlx5corecmd.c_mlx5_command_str_with_main.c' ... 
INFO: [HLS 200-111] Finished Linking Time (s): cpu = 00:01:37 ; elapsed = 00:03:56 . Memory (MB): peak = 832.453 ; gain = 132.133 ; free physical = 21505 ; free virtual = 44365
INFO: [HLS 200-111] Finished Checking Pragmas Time (s): cpu = 00:01:37 ; elapsed = 00:03:56 . Memory (MB): peak = 832.453 ; gain = 132.133 ; free physical = 21505 ; free virtual = 44365
INFO: [HLS 200-10] Starting code transformations ...
INFO: [HLS 200-111] Finished Standard Transforms Time (s): cpu = 00:01:39 ; elapsed = 00:03:58 . Memory (MB): peak = 832.453 ; gain = 132.133 ; free physical = 21506 ; free virtual = 44365
INFO: [HLS 200-10] Checking synthesizability ...
INFO: [XFORM 203-602] Inlining function 'mlx5_command_str' into 'main' (extr_.linuxdriversnetethernetmellanoxmlx5corecmd.c_mlx5_command_str_with_main.c:361) automatically.
INFO: [HLS 200-111] Finished Checking Synthesizability Time (s): cpu = 00:01:39 ; elapsed = 00:03:58 . Memory (MB): peak = 832.453 ; gain = 132.133 ; free physical = 21506 ; free virtual = 44365
INFO: [HLS 200-111] Finished Pre-synthesis Time (s): cpu = 00:01:39 ; elapsed = 00:03:58 . Memory (MB): peak = 832.453 ; gain = 132.133 ; free physical = 21506 ; free virtual = 44366
INFO: [HLS 200-111] Finished Architecture Synthesis Time (s): cpu = 00:01:39 ; elapsed = 00:03:58 . Memory (MB): peak = 832.453 ; gain = 132.133 ; free physical = 21506 ; free virtual = 44366
INFO: [HLS 200-10] Starting hardware synthesis ...
INFO: [HLS 200-10] Synthesizing 'main' ...
INFO: [HLS 200-10] ----------------------------------------------------------------
INFO: [HLS 200-42] -- Implementing module 'main' 
INFO: [HLS 200-10] ----------------------------------------------------------------
INFO: [SCHED 204-11] Starting scheduling ...
INFO: [SCHED 204-11] Finished scheduling.
INFO: [HLS 200-111]  Elapsed time: 105 seconds; current allocated memory: 104.186 MB.
INFO: [BIND 205-100] Starting micro-architecture generation ...
INFO: [BIND 205-101] Performing variable lifetime analysis.
INFO: [BIND 205-101] Exploring resource sharing.
INFO: [BIND 205-101] Binding ...
INFO: [BIND 205-100] Finished micro-architecture generation.
INFO: [HLS 200-111]  Elapsed time: 0 seconds; current allocated memory: 104.213 MB.
INFO: [HLS 200-10] ----------------------------------------------------------------
INFO: [HLS 200-10] -- Generating RTL for module 'main' 
INFO: [HLS 200-10] ----------------------------------------------------------------
INFO: [RTGEN 206-500] Setting interface mode on function 'main' to 'ap_ctrl_hs'.
INFO: [RTGEN 206-100] Finished creating RTL model for 'main'.
INFO: [HLS 200-111]  Elapsed time: 0.01 seconds; current allocated memory: 104.256 MB.
INFO: [HLS 200-111] Finished generating all RTL models Time (s): cpu = 00:01:40 ; elapsed = 00:03:59 . Memory (MB): peak = 832.453 ; gain = 132.133 ; free physical = 21506 ; free virtual = 44366
INFO: [VHDL 208-304] Generating VHDL RTL for main.
INFO: [VLOG 209-307] Generating Verilog RTL for main.
INFO: [HLS 200-10] Creating and opening project '/home/vivado/aut/proj_extr_.anypixelfirmwaredisplayThirdPartySPLsrcstm32f0xx_rcc.c_RCC_GetClocksFreq_with_main.c'.
INFO: [HLS 200-10] Adding design file 'extr_.anypixelfirmwaredisplayThirdPartySPLsrcstm32f0xx_rcc.c_RCC_GetClocksFreq_with_main.c' to the project
INFO: [HLS 200-10] Creating and opening solution '/home/vivado/aut/proj_extr_.anypixelfirmwaredisplayThirdPartySPLsrcstm32f0xx_rcc.c_RCC_GetClocksFreq_with_main.c/solution1'.
==============================================================
Vivado(TM) HLS - High-Level Synthesis from C, C++ and SystemC v2019.1 (64-bit)
Copyright 1986-2019 Xilinx, Inc. All Rights Reserved.
==============================================================
INFO: [SYN 201-201] Setting up clock 'default' with a period of 10ns.
INFO: [SCHED 204-61] Option 'relax_ii_for_timing' is enabled, will increase II to preserve clock frequency constraints.
INFO: [HLS 200-10] Analyzing design file 'extr_.linuxdriversnetethernetmellanoxmlx5corecmd.c_mlx5_command_str_with_main.c' ... 
INFO: [HLS 200-111] Finished Linking Time (s): cpu = 00:05:58 ; elapsed = 00:33:19 . Memory (MB): peak = 908.328 ; gain = 208.008 ; free physical = 26958 ; free virtual = 37401
INFO: [HLS 200-111] Finished Checking Pragmas Time (s): cpu = 00:05:58 ; elapsed = 00:33:19 . Memory (MB): peak = 908.328 ; gain = 208.008 ; free physical = 26958 ; free virtual = 37401
INFO: [HLS 200-10] Starting code transformations ...
INFO: [HLS 200-111] Finished Standard Transforms Time (s): cpu = 00:06:00 ; elapsed = 00:33:21 . Memory (MB): peak = 908.328 ; gain = 208.008 ; free physical = 26958 ; free virtual = 37401
INFO: [HLS 200-10] Checking synthesizability ...
ERROR: [SYNCHK 200-75] extr_.linuxdriversnetethernetmellanoxmlx5corecmd.c_mlx5_command_str_with_main.c:183: function 'mlx5_command_str' returns a pointer value; please inline this function or change return to an argument.
INFO: [SYNCHK 200-10] 1 error(s), 0 warning(s).
ERROR: [HLS 200-70] Synthesizability check failed.
INFO: [HLS 200-10] Opening project '/home/vivado/HLStools/vivado/214_revisao/proj_extr_.linuxdriversnetethernetsfcef10.c_efx_ef10_filter_match_flags_from_mcdi_with_main.c'.
INFO: [HLS 200-10] Opening solution '/home/vivado/HLStools/vivado/214_revisao/proj_extr_.linuxdriversnetethernetsfcef10.c_efx_ef10_filter_match_flags_from_mcdi_with_main.c/solution1'.
