

================================================================
== Vivado HLS Report for 'UTF8_getc'
================================================================
* Date:           Sun May 24 21:26:28 2020

* Version:        2019.1 (Build 2552052 on Fri May 24 15:28:33 MDT 2019)
* Project:        proj_extr_.opensslcryptoasn1a_utf8.c_UTF8_getc_with_main.c
* Solution:       solution1
* Product family: kintex7
* Target device:  xc7k160t-fbg484-1


================================================================
== Performance Estimates
================================================================
+ Timing (ns): 
    * Summary: 
    +--------+-------+----------+------------+
    |  Clock | Target| Estimated| Uncertainty|
    +--------+-------+----------+------------+
    |ap_clk  |  10.00|     6.663|        1.25|
    +--------+-------+----------+------------+

+ Latency (clock cycles): 
    * Summary: 
    +-----+-----+-----+-----+---------+
    |  Latency  |  Interval | Pipeline|
    | min | max | min | max |   Type  |
    +-----+-----+-----+-----+---------+
    |    1|    7|    1|    7|   none  |
    +-----+-----+-----+-----+---------+

    + Detail: 
        * Instance: 
        N/A

        * Loop: 
        N/A



================================================================
== Utilization Estimates
================================================================
* Summary: 
+-----------------+---------+-------+--------+--------+-----+
|       Name      | BRAM_18K| DSP48E|   FF   |   LUT  | URAM|
+-----------------+---------+-------+--------+--------+-----+
|DSP              |        -|      -|       -|       -|    -|
|Expression       |        -|      -|       0|     444|    -|
|FIFO             |        -|      -|       -|       -|    -|
|Instance         |        -|      -|       -|       -|    -|
|Memory           |        -|      -|       -|       -|    -|
|Multiplexer      |        -|      -|       -|     295|    -|
|Register         |        -|      -|     115|       -|    -|
+-----------------+---------+-------+--------+--------+-----+
|Total            |        0|      0|     115|     739|    0|
+-----------------+---------+-------+--------+--------+-----+
|Available        |      650|    600|  202800|  101400|    0|
+-----------------+---------+-------+--------+--------+-----+
|Utilization (%)  |        0|      0|   ~0   |   ~0   |    0|
+-----------------+---------+-------+--------+--------+-----+

+ Detail: 
    * Instance: 
    N/A

    * DSP48E: 
    N/A

    * Memory: 
    N/A

    * FIFO: 
    N/A

    * Expression: 
    +------------------------+----------+-------+---+----+------------+------------+
    |      Variable Name     | Operation| DSP48E| FF| LUT| Bitwidth P0| Bitwidth P1|
    +------------------------+----------+-------+---+----+------------+------------+
    |icmp_ln20_fu_457_p2     |   icmp   |      0|  0|  18|          32|           1|
    |icmp_ln28_fu_497_p2     |   icmp   |      0|  0|  11|           8|           8|
    |icmp_ln29_fu_638_p2     |   icmp   |      0|  0|  18|          31|           1|
    |icmp_ln31_fu_1146_p2    |   icmp   |      0|  0|  13|           8|           9|
    |icmp_ln35_fu_1180_p2    |   icmp   |      0|  0|   9|           4|           1|
    |icmp_ln38_fu_521_p2     |   icmp   |      0|  0|  11|           8|           7|
    |icmp_ln39_fu_624_p2     |   icmp   |      0|  0|  18|          32|           2|
    |icmp_ln41_1_fu_1085_p2  |   icmp   |      0|  0|  13|           8|           9|
    |icmp_ln41_fu_1071_p2    |   icmp   |      0|  0|  13|           8|           9|
    |icmp_ln47_fu_1132_p2    |   icmp   |      0|  0|  11|           5|           1|
    |icmp_ln50_fu_545_p2     |   icmp   |      0|  0|  11|           8|           6|
    |icmp_ln51_fu_618_p2     |   icmp   |      0|  0|  18|          30|           1|
    |icmp_ln53_1_fu_964_p2   |   icmp   |      0|  0|  13|           8|           9|
    |icmp_ln53_2_fu_978_p2   |   icmp   |      0|  0|  13|           8|           9|
    |icmp_ln53_fu_950_p2     |   icmp   |      0|  0|  13|           8|           9|
    |icmp_ln61_fu_1057_p2    |   icmp   |      0|  0|  21|          34|           1|
    |icmp_ln64_fu_569_p2     |   icmp   |      0|  0|  11|           8|           5|
    |icmp_ln65_fu_604_p2     |   icmp   |      0|  0|  18|          32|           3|
    |icmp_ln67_1_fu_827_p2   |   icmp   |      0|  0|  13|           8|           9|
    |icmp_ln67_2_fu_841_p2   |   icmp   |      0|  0|  13|           8|           9|
    |icmp_ln67_3_fu_855_p2   |   icmp   |      0|  0|  13|           8|           9|
    |icmp_ln67_fu_813_p2     |   icmp   |      0|  0|  13|           8|           9|
    |icmp_ln77_fu_936_p2     |   icmp   |      0|  0|  24|          43|           1|
    |icmp_ln80_fu_593_p2     |   icmp   |      0|  0|  11|           8|           4|
    |icmp_ln81_fu_599_p2     |   icmp   |      0|  0|  18|          32|           3|
    |icmp_ln83_1_fu_666_p2   |   icmp   |      0|  0|  13|           8|           9|
    |icmp_ln83_2_fu_680_p2   |   icmp   |      0|  0|  13|           8|           9|
    |icmp_ln83_3_fu_694_p2   |   icmp   |      0|  0|  13|           8|           9|
    |icmp_ln83_4_fu_708_p2   |   icmp   |      0|  0|  13|           8|           9|
    |icmp_ln83_fu_652_p2     |   icmp   |      0|  0|  13|           8|           9|
    |icmp_ln95_fu_795_p2     |   icmp   |      0|  0|  21|          38|           1|
    +------------------------+----------+-------+---+----+------------+------------+
    |Total                   |          |      0|  0| 444|         473|         181|
    +------------------------+----------+-------+---+----+------------+------------+

    * Multiplexer: 
    +-----------------------------------+----+-----------+-----+-----------+
    |                Name               | LUT| Input Size| Bits| Total Bits|
    +-----------------------------------+----+-----------+-----+-----------+
    |ap_NS_fsm                          |  93|         19|    1|         19|
    |ap_phi_mux_ret_4_phi_fu_352_p12    |   9|          2|    3|          6|
    |ap_phi_mux_value_4_phi_fu_329_p12  |   9|          2|   31|         62|
    |p_0_reg_372                        |  33|          6|    4|         24|
    |ret_4_reg_344                      |  33|          6|    3|         18|
    |str_address0                       |  85|         17|   10|        170|
    |value_4_reg_326                    |  33|          6|   31|        186|
    +-----------------------------------+----+-----------+-----+-----------+
    |Total                              | 295|         58|   83|        485|
    +-----------------------------------+----+-----------+-----+-----------+

    * Register: 
    +----------------------+----+----+-----+-----------+
    |         Name         | FF | LUT| Bits| Const Bits|
    +----------------------+----+----+-----+-----------+
    |ap_CS_fsm             |  18|   0|   18|          0|
    |icmp_ln28_reg_1231    |   1|   0|    1|          0|
    |icmp_ln35_reg_1440    |   1|   0|    1|          0|
    |icmp_ln38_reg_1235    |   1|   0|    1|          0|
    |icmp_ln41_reg_1411    |   1|   0|    1|          0|
    |icmp_ln47_reg_1428    |   1|   0|    1|          0|
    |icmp_ln50_reg_1239    |   1|   0|    1|          0|
    |icmp_ln53_1_reg_1390  |   1|   0|    1|          0|
    |icmp_ln53_reg_1381    |   1|   0|    1|          0|
    |icmp_ln61_reg_1407    |   1|   0|    1|          0|
    |icmp_ln64_reg_1243    |   1|   0|    1|          0|
    |icmp_ln67_1_reg_1351  |   1|   0|    1|          0|
    |icmp_ln67_2_reg_1360  |   1|   0|    1|          0|
    |icmp_ln67_reg_1342    |   1|   0|    1|          0|
    |icmp_ln77_reg_1377    |   1|   0|    1|          0|
    |icmp_ln83_1_reg_1299  |   1|   0|    1|          0|
    |icmp_ln83_2_reg_1308  |   1|   0|    1|          0|
    |icmp_ln83_3_reg_1322  |   1|   0|    1|          0|
    |icmp_ln83_reg_1290    |   1|   0|    1|          0|
    |p_0_reg_372           |   4|   0|    4|          0|
    |reg_445               |   8|   0|    8|          0|
    |reg_449               |   8|   0|    8|          0|
    |reg_453               |   8|   0|    8|          0|
    |ret_4_reg_344         |   3|   0|    3|          0|
    |str_load_14_reg_1317  |   8|   0|    8|          0|
    |str_load_reg_1212     |   8|   0|    8|          0|
    |tmp_reg_1222          |   1|   0|    1|          0|
    |value_4_reg_326       |  31|   0|   64|         33|
    +----------------------+----+----+-----+-----------+
    |Total                 | 115|   0|  148|         33|
    +----------------------+----+----+-----+-----------+



================================================================
== Interface
================================================================
* Summary: 
+----------------+-----+-----+------------+--------------+--------------+
|    RTL Ports   | Dir | Bits|  Protocol  | Source Object|    C Type    |
+----------------+-----+-----+------------+--------------+--------------+
|ap_clk          |  in |    1| ap_ctrl_hs |   UTF8_getc  | return value |
|ap_rst          |  in |    1| ap_ctrl_hs |   UTF8_getc  | return value |
|ap_start        |  in |    1| ap_ctrl_hs |   UTF8_getc  | return value |
|ap_done         | out |    1| ap_ctrl_hs |   UTF8_getc  | return value |
|ap_idle         | out |    1| ap_ctrl_hs |   UTF8_getc  | return value |
|ap_ready        | out |    1| ap_ctrl_hs |   UTF8_getc  | return value |
|ap_return       | out |   32| ap_ctrl_hs |   UTF8_getc  | return value |
|str_address0    | out |   10|  ap_memory |      str     |     array    |
|str_ce0         | out |    1|  ap_memory |      str     |     array    |
|str_q0          |  in |    8|  ap_memory |      str     |     array    |
|len             |  in |   32|   ap_none  |      len     |    scalar    |
|val_r_address0  | out |   10|  ap_memory |     val_r    |     array    |
|val_r_ce0       | out |    1|  ap_memory |     val_r    |     array    |
|val_r_we0       | out |    1|  ap_memory |     val_r    |     array    |
|val_r_d0        | out |   64|  ap_memory |     val_r    |     array    |
+----------------+-----+-----+------------+--------------+--------------+

