==============================================================
Vivado(TM) HLS - High-Level Synthesis from C, C++ and SystemC v2019.1 (64-bit)
Copyright 1986-2019 Xilinx, Inc. All Rights Reserved.
==============================================================
INFO: [SYN 201-201] Setting up clock 'default' with a period of 5ns.
INFO: [SYN 201-201] Setting up clock 'default' with a period of 10ns.
INFO: [SCHED 204-61] Option 'relax_ii_for_timing' is enabled, will increase II to preserve clock frequency constraints.
INFO: [HLS 200-10] Analyzing design file 'extr_.linuxdriversgpudrmmediatekmtk_drm_ddp.c_mtk_ddp_mout_en_with_main.c' ... 
INFO: [HLS 200-111] Finished Linking Time (s): cpu = 00:02:13 ; elapsed = 00:05:50 . Memory (MB): peak = 832.453 ; gain = 132.133 ; free physical = 21908 ; free virtual = 44651
INFO: [HLS 200-111] Finished Checking Pragmas Time (s): cpu = 00:02:13 ; elapsed = 00:05:50 . Memory (MB): peak = 832.453 ; gain = 132.133 ; free physical = 21909 ; free virtual = 44651
INFO: [HLS 200-10] Starting code transformations ...
INFO: [HLS 200-111] Finished Standard Transforms Time (s): cpu = 00:02:14 ; elapsed = 00:05:52 . Memory (MB): peak = 832.453 ; gain = 132.133 ; free physical = 21909 ; free virtual = 44651
INFO: [HLS 200-10] Checking synthesizability ...
INFO: [HLS 200-111] Finished Checking Synthesizability Time (s): cpu = 00:02:14 ; elapsed = 00:05:52 . Memory (MB): peak = 832.453 ; gain = 132.133 ; free physical = 21909 ; free virtual = 44651
INFO: [XFORM 203-602] Inlining function 'mtk_ddp_mout_en' into 'main' (extr_.linuxdriversgpudrmmediatekmtk_drm_ddp.c_mtk_ddp_mout_en_with_main.c:146) automatically.
INFO: [HLS 200-111] Finished Pre-synthesis Time (s): cpu = 00:02:14 ; elapsed = 00:05:52 . Memory (MB): peak = 832.453 ; gain = 132.133 ; free physical = 21909 ; free virtual = 44652
INFO: [HLS 200-111] Finished Architecture Synthesis Time (s): cpu = 00:02:14 ; elapsed = 00:05:52 . Memory (MB): peak = 832.453 ; gain = 132.133 ; free physical = 21909 ; free virtual = 44652
INFO: [HLS 200-10] Starting hardware synthesis ...
INFO: [HLS 200-10] Synthesizing 'main' ...
INFO: [HLS 200-10] ----------------------------------------------------------------
INFO: [HLS 200-42] -- Implementing module 'main' 
INFO: [HLS 200-10] ----------------------------------------------------------------
INFO: [SCHED 204-11] Starting scheduling ...
INFO: [SCHED 204-11] Finished scheduling.
INFO: [HLS 200-111]  Elapsed time: 295.14 seconds; current allocated memory: 115.617 MB.
INFO: [BIND 205-100] Starting micro-architecture generation ...
INFO: [BIND 205-101] Performing variable lifetime analysis.
INFO: [BIND 205-101] Exploring resource sharing.
INFO: [BIND 205-101] Binding ...
INFO: [BIND 205-100] Finished micro-architecture generation.
INFO: [HLS 200-111]  Elapsed time: 0 seconds; current allocated memory: 115.643 MB.
INFO: [HLS 200-10] ----------------------------------------------------------------
INFO: [HLS 200-10] -- Generating RTL for module 'main' 
INFO: [HLS 200-10] ----------------------------------------------------------------
INFO: [RTGEN 206-500] Setting interface mode on function 'main' to 'ap_ctrl_hs'.
INFO: [RTGEN 206-100] Finished creating RTL model for 'main'.
INFO: [HLS 200-111]  Elapsed time: 0.01 seconds; current allocated memory: 115.686 MB.
INFO: [HLS 200-111] Finished generating all RTL models Time (s): cpu = 00:02:15 ; elapsed = 00:05:53 . Memory (MB): peak = 832.453 ; gain = 132.133 ; free physical = 21906 ; free virtual = 44649
INFO: [VHDL 208-304] Generating VHDL RTL for main.
INFO: [VLOG 209-307] Generating Verilog RTL for main.
INFO: [HLS 200-10] Creating and opening project '/home/vivado/aut/proj_extr_.FFmpeglibavfiltervf_spp.c_store_slice16_c_with_main.c'.
INFO: [HLS 200-10] Adding design file 'extr_.FFmpeglibavfiltervf_spp.c_store_slice16_c_with_main.c' to the project
INFO: [HLS 200-10] Creating and opening solution '/home/vivado/aut/proj_extr_.FFmpeglibavfiltervf_spp.c_store_slice16_c_with_main.c/solution1'.
==============================================================
Vivado(TM) HLS - High-Level Synthesis from C, C++ and SystemC v2019.1 (64-bit)
Copyright 1986-2019 Xilinx, Inc. All Rights Reserved.
==============================================================
INFO: [SYN 201-201] Setting up clock 'default' with a period of 10ns.
INFO: [SCHED 204-61] Option 'relax_ii_for_timing' is enabled, will increase II to preserve clock frequency constraints.
INFO: [HLS 200-10] Analyzing design file 'extr_.linuxdriversgpudrmmediatekmtk_drm_ddp.c_mtk_ddp_mout_en_with_main.c' ... 
INFO: [HLS 200-111] Finished Linking Time (s): cpu = 00:01:14 ; elapsed = 00:07:20 . Memory (MB): peak = 905.359 ; gain = 205.039 ; free physical = 27045 ; free virtual = 37463
INFO: [HLS 200-111] Finished Checking Pragmas Time (s): cpu = 00:01:14 ; elapsed = 00:07:20 . Memory (MB): peak = 905.359 ; gain = 205.039 ; free physical = 27045 ; free virtual = 37463
INFO: [HLS 200-10] Starting code transformations ...
ERROR: [SYNCHK 200-79] Static function 'mtk_ddp_mout_en' cannot be set as the top model.
ERROR: [HLS 200-70] Synthesizability check failed.
INFO: [SCHED 204-61] Option 'relax_ii_for_timing' is enabled, will increase II to preserve clock frequency constraints.
INFO: [HLS 200-10] Analyzing design file 'extr_.linuxdriversgpudrmmediatekmtk_drm_ddp.c_mtk_ddp_mout_en_with_main.c' ... 
INFO: [HLS 200-111] Finished Linking Time (s): cpu = 00:01:29 ; elapsed = 00:08:11 . Memory (MB): peak = 905.359 ; gain = 205.039 ; free physical = 27045 ; free virtual = 37463
INFO: [HLS 200-111] Finished Checking Pragmas Time (s): cpu = 00:01:29 ; elapsed = 00:08:11 . Memory (MB): peak = 905.359 ; gain = 205.039 ; free physical = 27045 ; free virtual = 37463
INFO: [HLS 200-10] Starting code transformations ...
INFO: [HLS 200-111] Finished Standard Transforms Time (s): cpu = 00:01:31 ; elapsed = 00:08:13 . Memory (MB): peak = 905.359 ; gain = 205.039 ; free physical = 27045 ; free virtual = 37463
INFO: [HLS 200-10] Checking synthesizability ...
INFO: [HLS 200-111] Finished Checking Synthesizability Time (s): cpu = 00:01:31 ; elapsed = 00:08:13 . Memory (MB): peak = 905.359 ; gain = 205.039 ; free physical = 27045 ; free virtual = 37463
INFO: [HLS 200-111] Finished Pre-synthesis Time (s): cpu = 00:01:31 ; elapsed = 00:08:13 . Memory (MB): peak = 905.359 ; gain = 205.039 ; free physical = 27032 ; free virtual = 37450
INFO: [HLS 200-111] Finished Architecture Synthesis Time (s): cpu = 00:01:31 ; elapsed = 00:08:13 . Memory (MB): peak = 905.359 ; gain = 205.039 ; free physical = 27032 ; free virtual = 37450
INFO: [HLS 200-10] Starting hardware synthesis ...
INFO: [HLS 200-10] Synthesizing 'mtk_ddp_mout_en' ...
WARNING: [SYN 201-107] Renaming port name 'mtk_ddp_mout_en/next' to 'mtk_ddp_mout_en/next_r' to avoid the conflict with HDL keywords or other object names.
INFO: [HLS 200-10] ----------------------------------------------------------------
INFO: [HLS 200-42] -- Implementing module 'mtk_ddp_mout_en' 
INFO: [HLS 200-10] ----------------------------------------------------------------
INFO: [SCHED 204-11] Starting scheduling ...
INFO: [SCHED 204-11] Finished scheduling.
INFO: [HLS 200-111]  Elapsed time: 492.92 seconds; current allocated memory: 98.709 MB.
INFO: [BIND 205-100] Starting micro-architecture generation ...
INFO: [BIND 205-101] Performing variable lifetime analysis.
INFO: [BIND 205-101] Exploring resource sharing.
INFO: [BIND 205-101] Binding ...
INFO: [BIND 205-100] Finished micro-architecture generation.
INFO: [HLS 200-111]  Elapsed time: 0.01 seconds; current allocated memory: 98.753 MB.
INFO: [HLS 200-10] ----------------------------------------------------------------
INFO: [HLS 200-10] -- Generating RTL for module 'mtk_ddp_mout_en' 
INFO: [HLS 200-10] ----------------------------------------------------------------
INFO: [RTGEN 206-500] Setting interface mode on port 'mtk_ddp_mout_en/cur' to 'ap_none'.
INFO: [RTGEN 206-500] Setting interface mode on port 'mtk_ddp_mout_en/next_r' to 'ap_none'.
INFO: [RTGEN 206-500] Setting interface mode on port 'mtk_ddp_mout_en/addr' to 'ap_vld'.
INFO: [RTGEN 206-500] Setting interface mode on function 'mtk_ddp_mout_en' to 'ap_ctrl_hs'.
WARNING: [RTGEN 206-101] Port 'mtk_ddp_mout_en/cur' has no fanin or fanout and is left dangling.
               Please use C simulation to confirm this function argument can be read from or written to.
WARNING: [RTGEN 206-101] Port 'mtk_ddp_mout_en/next_r' has no fanin or fanout and is left dangling.
               Please use C simulation to confirm this function argument can be read from or written to.
INFO: [RTGEN 206-100] Finished creating RTL model for 'mtk_ddp_mout_en'.
INFO: [HLS 200-111]  Elapsed time: 0.01 seconds; current allocated memory: 98.815 MB.
INFO: [HLS 200-111] Finished generating all RTL models Time (s): cpu = 00:01:31 ; elapsed = 00:08:14 . Memory (MB): peak = 905.359 ; gain = 205.039 ; free physical = 27027 ; free virtual = 37445
INFO: [VHDL 208-304] Generating VHDL RTL for mtk_ddp_mout_en.
INFO: [VLOG 209-307] Generating Verilog RTL for mtk_ddp_mout_en.
INFO: [HLS 200-10] Opening project '/home/vivado/HLStools/vivado/214_revisao/proj_extr_.linuxdriversgpudrmradeonr100.c_r100_cs_track_clear_with_main.c'.
INFO: [HLS 200-10] Opening solution '/home/vivado/HLStools/vivado/214_revisao/proj_extr_.linuxdriversgpudrmradeonr100.c_r100_cs_track_clear_with_main.c/solution1'.
