

================================================================
== Vivado HLS Report for 'sgfilter'
================================================================
* Date:           Mon Apr 20 17:56:45 2020

* Version:        2019.1 (Build 2552052 on Fri May 24 15:28:33 MDT 2019)
* Project:        proj
* Solution:       sol
* Product family: kintex7
* Target device:  xc7k160t-fbg484-1


================================================================
== Performance Estimates
================================================================
+ Timing (ns): 
    * Summary: 
    +--------+-------+----------+------------+
    |  Clock | Target| Estimated| Uncertainty|
    +--------+-------+----------+------------+
    |ap_clk  |   5.00|     4.109|        0.62|
    +--------+-------+----------+------------+

+ Latency (clock cycles): 
    * Summary: 
    +-------------+-------------+-------------+-------------+---------+
    |          Latency          |          Interval         | Pipeline|
    |     min     |     max     |     min     |     max     |   Type  |
    +-------------+-------------+-------------+-------------+---------+
    |  46765965517|  46765965517|  46765965517|  46765965517|   none  |
    +-------------+-------------+-------------+-------------+---------+

    + Detail: 
        * Instance: 
        N/A

        * Loop: 
        +-------------+-------------+-------------+-----------+-----------+-----------+----------+----------+
        |             |          Latency          | Iteration |  Initiation Interval  |   Trip   |          |
        |  Loop Name  |     min     |     max     |  Latency  |  achieved |   target  |   Count  | Pipelined|
        +-------------+-------------+-------------+-----------+-----------+-----------+----------+----------+
        |- Loop 1     |     51904512|     51904512|          2|          -|          -|  25952256|    no    |
        |- Loop 2     |  46714061000|  46714061000|  467140610|          -|          -|       100|    no    |
        | + Loop 2.1  |    467140608|    467140608|         18|          -|          -|  25952256|    no    |
        +-------------+-------------+-------------+-----------+-----------+-----------+----------+----------+



================================================================
== Utilization Estimates
================================================================
* Summary: 
+-----------------+---------+-------+--------+--------+-----+
|       Name      | BRAM_18K| DSP48E|   FF   |   LUT  | URAM|
+-----------------+---------+-------+--------+--------+-----+
|DSP              |        -|      5|       -|       -|    -|
|Expression       |        -|      -|       0|     293|    -|
|FIFO             |        -|      -|       -|       -|    -|
|Instance         |        -|      5|     444|       7|    -|
|Memory           |   106496|      -|     104|       0|    0|
|Multiplexer      |        -|      -|       -|     214|    -|
|Register         |        -|      -|     525|       -|    -|
+-----------------+---------+-------+--------+--------+-----+
|Total            |   106496|     10|    1073|     514|    0|
+-----------------+---------+-------+--------+--------+-----+
|Available        |      650|    600|  202800|  101400|    0|
+-----------------+---------+-------+--------+--------+-----+
|Utilization (%)  |    16384|      1|   ~0   |   ~0   |    0|
+-----------------+---------+-------+--------+--------+-----+

+ Detail: 
    * Instance: 
    +---------------------------------+------------------------------+---------+-------+-----+----+-----+
    |             Instance            |            Module            | BRAM_18K| DSP48E|  FF | LUT| URAM|
    +---------------------------------+------------------------------+---------+-------+-----+----+-----+
    |sgfilter_mul_10ns_19s_32_2_1_U1  |sgfilter_mul_10ns_19s_32_2_1  |        0|      1|   80|   3|    0|
    |sgfilter_mul_10ns_31s_32_5_1_U2  |sgfilter_mul_10ns_31s_32_5_1  |        0|      2|  182|   2|    0|
    |sgfilter_mul_10ns_31s_32_5_1_U3  |sgfilter_mul_10ns_31s_32_5_1  |        0|      2|  182|   2|    0|
    +---------------------------------+------------------------------+---------+-------+-----+----+-----+
    |Total                            |                              |        0|      5|  444|   7|    0|
    +---------------------------------+------------------------------+---------+-------+-----+----+-----+

    * DSP48E: 
    +--------------------------------------------+-----------------------------------------+--------------+
    |                  Instance                  |                  Module                 |  Expression  |
    +--------------------------------------------+-----------------------------------------+--------------+
    |sgfilter_mac_muladd_10ns_11s_7s_21_3_1_U5   |sgfilter_mac_muladd_10ns_11s_7s_21_3_1   | i0 * i1 + i2 |
    |sgfilter_mac_muladd_10ns_18s_30s_32_3_1_U8  |sgfilter_mac_muladd_10ns_18s_30s_32_3_1  | i0 + i1 * i2 |
    |sgfilter_mac_muladd_10ns_21s_7s_31_3_1_U7   |sgfilter_mac_muladd_10ns_21s_7s_31_3_1   | i0 * i1 + i2 |
    |sgfilter_mac_muladd_10ns_8ns_7s_18_3_1_U6   |sgfilter_mac_muladd_10ns_8ns_7s_18_3_1   | i0 * i1 + i2 |
    |sgfilter_mac_muladd_10ns_8s_15s_30_3_1_U4   |sgfilter_mac_muladd_10ns_8s_15s_30_3_1   | i0 + i1 * i2 |
    +--------------------------------------------+-----------------------------------------+--------------+

    * Memory: 
    +-------+--------------+---------+----+----+-----+----------+-----+------+-------------+
    | Memory|    Module    | BRAM_18K| FF | LUT| URAM|   Words  | Bits| Banks| W*Bits*Banks|
    +-------+--------------+---------+----+----+-----+----------+-----+------+-------------+
    |OUT_U  |sgfilter_OUT  |    65536|  64|   0|    0|  25952256|   32|     1|    830472192|
    |a_U    |sgfilter_a    |    20480|  20|   0|    0|  25952256|   10|     1|    259522560|
    |b_U    |sgfilter_a    |    20480|  20|   0|    0|  25952256|   10|     1|    259522560|
    +-------+--------------+---------+----+----+-----+----------+-----+------+-------------+
    |Total  |              |   106496| 104|   0|    0|  77856768|   52|     3|   1349517312|
    +-------+--------------+---------+----+----+-----+----------+-----+------+-------------+

    * FIFO: 
    N/A

    * Expression: 
    +----------------------+----------+-------+---+----+------------+------------+
    |     Variable Name    | Operation| DSP48E| FF| LUT| Bitwidth P0| Bitwidth P1|
    +----------------------+----------+-------+---+----+------------+------------+
    |add_ln40_3_fu_258_p2  |     +    |      0|  0|  32|          29|           3|
    |add_ln40_5_fu_291_p2  |     +    |      0|  0|  39|          32|           3|
    |add_ln40_7_fu_312_p2  |     +    |      0|  0|  32|          32|           8|
    |add_ln40_8_fu_317_p2  |     +    |      0|  0|  32|          32|          32|
    |i_fu_203_p2           |     +    |      0|  0|  15|           7|           1|
    |k_1_fu_219_p2         |     +    |      0|  0|  32|          25|           1|
    |k_fu_184_p2           |     +    |      0|  0|  32|           1|          25|
    |sub_ln40_fu_252_p2    |     -    |      0|  0|  32|          29|          29|
    |icmp_ln30_fu_178_p2   |   icmp   |      0|  0|  18|          25|          24|
    |icmp_ln37_fu_197_p2   |   icmp   |      0|  0|  11|           7|           6|
    |icmp_ln39_fu_213_p2   |   icmp   |      0|  0|  18|          25|          24|
    +----------------------+----------+-------+---+----+------------+------------+
    |Total                 |          |      0|  0| 293|         244|         156|
    +----------------------+----------+-------+---+----+------------+------------+

    * Multiplexer: 
    +--------------+-----+-----------+-----+-----------+
    |     Name     | LUT | Input Size| Bits| Total Bits|
    +--------------+-----+-----------+-----+-----------+
    |OUT_address0  |   21|          4|   25|        100|
    |OUT_d0        |   15|          3|   32|         96|
    |a_address0    |   15|          3|   25|         75|
    |ap_NS_fsm     |  121|         26|    1|         26|
    |b_address0    |   15|          3|   25|         75|
    |i_0_reg_150   |    9|          2|    7|         14|
    |k1_0_reg_161  |    9|          2|   25|         50|
    |k_0_reg_139   |    9|          2|   25|         50|
    +--------------+-----+-----------+-----+-----------+
    |Total         |  214|         45|  165|        486|
    +--------------+-----+-----------+-----+-----------+

    * Register: 
    +---------------------+----+----+-----+-----------+
    |         Name        | FF | LUT| Bits| Const Bits|
    +---------------------+----+----+-----+-----------+
    |a_load_reg_430       |  10|   0|   10|          0|
    |add_ln40_1_reg_517   |  31|   0|   31|          0|
    |add_ln40_2_reg_471   |  18|   0|   18|          0|
    |add_ln40_3_reg_456   |  29|   0|   29|          0|
    |add_ln40_4_reg_461   |  30|   0|   30|          0|
    |add_ln40_5_reg_512   |  32|   0|   32|          0|
    |add_ln40_6_reg_522   |  32|   0|   32|          0|
    |add_ln40_8_reg_547   |  32|   0|   32|          0|
    |add_ln40_reg_466     |  21|   0|   21|          0|
    |ap_CS_fsm            |  25|   0|   25|          0|
    |b_load_reg_444       |  10|   0|   10|          0|
    |i_0_reg_150          |   7|   0|    7|          0|
    |i_reg_397            |   7|   0|    7|          0|
    |k1_0_reg_161         |  25|   0|   25|          0|
    |k_0_reg_139          |  25|   0|   25|          0|
    |k_1_reg_410          |  25|   0|   25|          0|
    |k_reg_374            |  25|   0|   25|          0|
    |mul_ln40_2_reg_537   |  32|   0|   32|          0|
    |mul_ln40_6_reg_507   |  32|   0|   32|          0|
    |mul_ln40_7_reg_542   |  32|   0|   32|          0|
    |zext_ln40_2_reg_476  |  10|   0|   32|         22|
    |zext_ln40_6_reg_438  |  10|   0|   18|          8|
    |zext_ln40_reg_415    |  25|   0|   64|         39|
    +---------------------+----+----+-----+-----------+
    |Total                | 525|   0|  594|         69|
    +---------------------+----+----+-----+-----------+



================================================================
== Interface
================================================================
* Summary: 
+-----------+-----+-----+------------+--------------+--------------+
| RTL Ports | Dir | Bits|  Protocol  | Source Object|    C Type    |
+-----------+-----+-----+------------+--------------+--------------+
|ap_clk     |  in |    1| ap_ctrl_hs |   sgfilter   | return value |
|ap_rst     |  in |    1| ap_ctrl_hs |   sgfilter   | return value |
|ap_start   |  in |    1| ap_ctrl_hs |   sgfilter   | return value |
|ap_done    | out |    1| ap_ctrl_hs |   sgfilter   | return value |
|ap_idle    | out |    1| ap_ctrl_hs |   sgfilter   | return value |
|ap_ready   | out |    1| ap_ctrl_hs |   sgfilter   | return value |
|ap_return  | out |   32| ap_ctrl_hs |   sgfilter   | return value |
|idx        |  in |   32|   ap_none  |      idx     |    scalar    |
+-----------+-----+-----+------------+--------------+--------------+

