

================================================================
== Vivado HLS Report for 'swp_freq_calcuation'
================================================================
* Date:           Tue May 26 01:58:46 2020

* Version:        2019.1 (Build 2552052 on Fri May 24 15:28:33 MDT 2019)
* Project:        proj_extr_.linuxdriversmediadvb-frontendsmb86a16.c_swp_freq_calcuation_with_main.c
* Solution:       solution1
* Product family: kintex7
* Target device:  xc7k160t-fbg484-1


================================================================
== Performance Estimates
================================================================
+ Timing (ns): 
    * Summary: 
    +--------+-------+----------+------------+
    |  Clock | Target| Estimated| Uncertainty|
    +--------+-------+----------+------------+
    |ap_clk  |  10.00|     7.614|        1.25|
    +--------+-------+----------+------------+

+ Latency (clock cycles): 
    * Summary: 
    +-----+-----+-----+-----+---------+
    |  Latency  |  Interval | Pipeline|
    | min | max | min | max |   Type  |
    +-----+-----+-----+-----+---------+
    |    1|   13|    1|   13|   none  |
    +-----+-----+-----+-----+---------+

    + Detail: 
        * Instance: 
        N/A

        * Loop: 
        N/A



================================================================
== Utilization Estimates
================================================================
* Summary: 
+-----------------+---------+-------+--------+--------+-----+
|       Name      | BRAM_18K| DSP48E|   FF   |   LUT  | URAM|
+-----------------+---------+-------+--------+--------+-----+
|DSP              |        -|      -|       -|       -|    -|
|Expression       |        -|      2|       0|    1851|    -|
|FIFO             |        -|      -|       -|       -|    -|
|Instance         |        -|      -|       -|       -|    -|
|Memory           |        -|      -|       -|       -|    -|
|Multiplexer      |        -|      -|       -|     358|    -|
|Register         |        -|      -|     294|       -|    -|
+-----------------+---------+-------+--------+--------+-----+
|Total            |        0|      2|     294|    2209|    0|
+-----------------+---------+-------+--------+--------+-----+
|Available        |      650|    600|  202800|  101400|    0|
+-----------------+---------+-------+--------+--------+-----+
|Utilization (%)  |        0|   ~0  |   ~0   |       2|    0|
+-----------------+---------+-------+--------+--------+-----+

+ Detail: 
    * Instance: 
    N/A

    * DSP48E: 
    N/A

    * Memory: 
    N/A

    * FIFO: 
    N/A

    * Expression: 
    +---------------------------+----------+-------+---+----+------------+------------+
    |       Variable Name       | Operation| DSP48E| FF| LUT| Bitwidth P0| Bitwidth P1|
    +---------------------------+----------+-------+---+----+------------+------------+
    |grp_fu_354_p2              |     *    |      2|  0|  21|          10|          32|
    |add_ln103_2_fu_1068_p2     |     +    |      0|  0|  18|          11|           6|
    |add_ln112_fu_1208_p2       |     +    |      0|  0|  32|          32|          32|
    |add_ln137_fu_1165_p2       |     +    |      0|  0|  39|          32|           2|
    |add_ln146_fu_1312_p2       |     +    |      0|  0|  32|          32|          32|
    |add_ln23_1_fu_597_p2       |     +    |      0|  0|  18|           5|          11|
    |add_ln23_2_fu_635_p2       |     +    |      0|  0|  18|          11|           5|
    |add_ln23_fu_581_p2         |     +    |      0|  0|  39|          32|           2|
    |add_ln31_1_fu_705_p2       |     +    |      0|  0|  18|          11|           5|
    |add_ln31_fu_689_p2         |     +    |      0|  0|  18|           5|          11|
    |add_ln39_3_fu_770_p2       |     +    |      0|  0|  18|          11|           5|
    |add_ln39_fu_749_p2         |     +    |      0|  0|  18|           5|          11|
    |add_ln76_fu_624_p2         |     +    |      0|  0|  18|           5|          11|
    |add_ln85_fu_956_p2         |     +    |      0|  0|  39|          32|           1|
    |grp_fu_365_p2              |     +    |      0|  0|  18|          11|           5|
    |grp_fu_370_p2              |     +    |      0|  0|  18|          11|           5|
    |grp_fu_375_p2              |     +    |      0|  0|  18|          11|           5|
    |grp_fu_380_p2              |     +    |      0|  0|  18|          11|           6|
    |grp_fu_404_p2              |     +    |      0|  0|  32|          32|          32|
    |grp_fu_428_p2              |     +    |      0|  0|  32|          32|          32|
    |grp_fu_444_p2              |     +    |      0|  0|  39|          32|          32|
    |grp_fu_511_p2              |     +    |      0|  0|  32|          32|          32|
    |swp_freq_11_fu_1185_p2     |     +    |      0|  0|  39|          32|          32|
    |swp_freq_19_fu_1316_p2     |     +    |      0|  0|  32|          32|          32|
    |swp_freq_6_fu_1213_p2      |     +    |      0|  0|  32|          32|          32|
    |sub_ln21_fu_541_p2         |     -    |      0|  0|  10|           1|           2|
    |swp_freq_16_fu_899_p2      |     -    |      0|  0|  39|          32|          32|
    |swp_freq_5_fu_922_p2       |     -    |      0|  0|  32|          32|          32|
    |swp_freq_fu_700_p2         |     -    |      0|  0|  32|          32|          32|
    |and_ln103_fu_1078_p2       |    and   |      0|  0|   6|           1|           1|
    |and_ln119_1_fu_1108_p2     |    and   |      0|  0|   6|           1|           1|
    |and_ln119_2_fu_1114_p2     |    and   |      0|  0|   6|           1|           1|
    |and_ln119_fu_1102_p2       |    and   |      0|  0|   6|           1|           1|
    |and_ln137_1_fu_1244_p2     |    and   |      0|  0|   6|           1|           1|
    |and_ln137_2_fu_1238_p2     |    and   |      0|  0|   6|           1|           1|
    |and_ln137_fu_1175_p2       |    and   |      0|  0|   6|           1|           1|
    |and_ln153_fu_1301_p2       |    and   |      0|  0|   6|           1|           1|
    |and_ln23_1_fu_671_p2       |    and   |      0|  0|   6|           1|           1|
    |and_ln23_fu_665_p2         |    and   |      0|  0|   6|           1|           1|
    |and_ln31_1_fu_735_p2       |    and   |      0|  0|   6|           1|           1|
    |and_ln31_fu_729_p2         |    and   |      0|  0|   6|           1|           1|
    |and_ln39_1_fu_786_p2       |    and   |      0|  0|   6|           1|           1|
    |and_ln39_fu_780_p2         |    and   |      0|  0|   6|           1|           1|
    |and_ln55_1_fu_858_p2       |    and   |      0|  0|   6|           1|           1|
    |and_ln55_2_fu_864_p2       |    and   |      0|  0|   6|           1|           1|
    |and_ln55_fu_812_p2         |    and   |      0|  0|   6|           1|           1|
    |and_ln76_1_fu_944_p2       |    and   |      0|  0|   6|           1|           1|
    |and_ln76_2_fu_950_p2       |    and   |      0|  0|   6|           1|           1|
    |and_ln76_fu_938_p2         |    and   |      0|  0|   6|           1|           1|
    |and_ln85_1_fu_1010_p2      |    and   |      0|  0|   6|           1|           1|
    |and_ln85_2_fu_1016_p2      |    and   |      0|  0|   6|           1|           1|
    |and_ln85_fu_980_p2         |    and   |      0|  0|   6|           1|           1|
    |and_ln93_1_fu_1041_p2      |    and   |      0|  0|   6|           1|           1|
    |and_ln93_2_fu_1052_p2      |    and   |      0|  0|   6|           1|           1|
    |and_ln93_3_fu_1046_p2      |    and   |      0|  0|   6|           1|           1|
    |and_ln93_fu_1026_p2        |    and   |      0|  0|   6|           1|           1|
    |grp_fu_349_p2              |   icmp   |      0|  0|  18|          32|          32|
    |grp_fu_359_p2              |   icmp   |      0|  0|  18|          32|           1|
    |grp_fu_385_p2              |   icmp   |      0|  0|  18|          32|          32|
    |grp_fu_395_p2              |   icmp   |      0|  0|  18|          32|          32|
    |grp_fu_400_p2              |   icmp   |      0|  0|  18|          32|          32|
    |grp_fu_433_p2              |   icmp   |      0|  0|  18|          32|          32|
    |grp_fu_439_p2              |   icmp   |      0|  0|  18|          32|          32|
    |grp_fu_461_p2              |   icmp   |      0|  0|  18|          32|          32|
    |grp_fu_467_p2              |   icmp   |      0|  0|  18|          32|          32|
    |grp_fu_473_p2              |   icmp   |      0|  0|  18|          32|          32|
    |grp_fu_478_p2              |   icmp   |      0|  0|  18|          32|          32|
    |grp_fu_493_p2              |   icmp   |      0|  0|  18|          32|          32|
    |grp_fu_499_p2              |   icmp   |      0|  0|  18|          32|          32|
    |icmp_ln103_3_fu_488_p2     |   icmp   |      0|  0|  18|          32|          32|
    |icmp_ln119_1_fu_1096_p2    |   icmp   |      0|  0|  18|          32|          32|
    |icmp_ln119_3_fu_505_p2     |   icmp   |      0|  0|  18|          32|          32|
    |icmp_ln119_5_fu_1120_p2    |   icmp   |      0|  0|  18|          32|          32|
    |icmp_ln119_fu_1090_p2      |   icmp   |      0|  0|  18|          32|          32|
    |icmp_ln137_fu_1170_p2      |   icmp   |      0|  0|  18|          32|          32|
    |icmp_ln146_fu_1256_p2      |   icmp   |      0|  0|  18|          32|          32|
    |icmp_ln153_fu_1295_p2      |   icmp   |      0|  0|  18|          32|           1|
    |icmp_ln21_1_fu_569_p2      |   icmp   |      0|  0|  18|          32|          32|
    |icmp_ln21_fu_563_p2        |   icmp   |      0|  0|   8|           2|           1|
    |icmp_ln23_1_fu_659_p2      |   icmp   |      0|  0|  18|          32|          32|
    |icmp_ln23_fu_587_p2        |   icmp   |      0|  0|  18|          32|          32|
    |icmp_ln31_fu_682_p2        |   icmp   |      0|  0|  18|          32|          32|
    |icmp_ln39_4_fu_449_p2      |   icmp   |      0|  0|  18|          32|          32|
    |icmp_ln39_7_fu_483_p2      |   icmp   |      0|  0|  18|          32|          32|
    |icmp_ln64_fu_876_p2        |   icmp   |      0|  0|  18|          32|          32|
    |icmp_ln74_fu_608_p2        |   icmp   |      0|  0|  18|          32|          32|
    |icmp_ln76_3_fu_455_p2      |   icmp   |      0|  0|  18|          32|          32|
    |icmp_ln85_fu_961_p2        |   icmp   |      0|  0|  18|          32|          32|
    |icmp_ln93_3_fu_390_p2      |   icmp   |      0|  0|  18|          32|          32|
    |icmp_ln93_fu_1022_p2       |   icmp   |      0|  0|  18|          32|          32|
    |or_ln103_fu_1084_p2        |    or    |      0|  0|   6|           1|           1|
    |or_ln119_fu_1125_p2        |    or    |      0|  0|   6|           1|           1|
    |or_ln137_fu_1250_p2        |    or    |      0|  0|   6|           1|           1|
    |or_ln153_fu_1291_p2        |    or    |      0|  0|  32|          32|          32|
    |or_ln21_fu_575_p2          |    or    |      0|  0|   6|           1|           1|
    |or_ln39_fu_792_p2          |    or    |      0|  0|   6|           1|           1|
    |or_ln55_fu_870_p2          |    or    |      0|  0|   6|           1|           1|
    |or_ln74_fu_614_p2          |    or    |      0|  0|   6|           1|           1|
    |select_ln112_1_fu_1202_p3  |  select  |      0|  0|  32|           1|          32|
    |select_ln112_fu_1156_p3    |  select  |      0|  0|   8|           1|           8|
    |select_ln130_fu_1139_p3    |  select  |      0|  0|   8|           1|           8|
    |select_ln146_1_fu_1284_p3  |  select  |      0|  0|  32|           1|          32|
    |select_ln146_fu_1275_p3    |  select  |      0|  0|   8|           1|           8|
    |select_ln21_fu_555_p3      |  select  |      0|  0|   2|           1|           2|
    |select_ln48_1_fu_916_p3    |  select  |      0|  0|  32|           1|          32|
    |select_ln48_fu_830_p3      |  select  |      0|  0|   8|           1|           8|
    |select_ln64_fu_890_p3      |  select  |      0|  0|   8|           1|           8|
    |swp_freq_12_fu_1190_p3     |  select  |      0|  0|  32|           1|          32|
    |swp_freq_18_fu_904_p3      |  select  |      0|  0|  32|           1|          32|
    |xor_ln137_fu_1232_p2       |    xor   |      0|  0|   6|           1|           2|
    |xor_ln23_fu_653_p2         |    xor   |      0|  0|   6|           1|           2|
    |xor_ln31_fu_723_p2         |    xor   |      0|  0|   6|           1|           2|
    |xor_ln55_1_fu_852_p2       |    xor   |      0|  0|   6|           1|           2|
    |xor_ln55_fu_806_p2         |    xor   |      0|  0|   6|           1|           2|
    |xor_ln85_1_fu_1004_p2      |    xor   |      0|  0|   6|           1|           2|
    |xor_ln85_fu_974_p2         |    xor   |      0|  0|   6|           1|           2|
    +---------------------------+----------+-------+---+----+------------+------------+
    |Total                      |          |      2|  0|1851|        1741|        1786|
    +---------------------------+----------+-------+---+----+------------+------------+

    * Multiplexer: 
    +---------------------+-----+-----------+-----+-----------+
    |         Name        | LUT | Input Size| Bits| Total Bits|
    +---------------------+-----+-----------+-----+-----------+
    |SIG1_d0              |   53|         12|    8|         96|
    |V_r_address0         |  105|         22|   10|        220|
    |ap_NS_fsm            |  153|         34|    1|         34|
    |swp_freq_17_reg_304  |   47|         10|   32|        320|
    +---------------------+-----+-----------+-----+-----------+
    |Total                |  358|         78|   51|        670|
    +---------------------+-----+-----------+-----+-----------+

    * Register: 
    +-------------------------+----+----+-----+-----------+
    |           Name          | FF | LUT| Bits| Const Bits|
    +-------------------------+----+----+-----+-----------+
    |and_ln137_reg_1688       |   1|   0|    1|          0|
    |and_ln55_reg_1527        |   1|   0|    1|          0|
    |and_ln85_reg_1602        |   1|   0|    1|          0|
    |and_ln93_reg_1614        |   1|   0|    1|          0|
    |ap_CS_fsm                |  33|   0|   33|          0|
    |icmp_ln103_reg_1666      |   1|   0|    1|          0|
    |icmp_ln112_reg_1683      |   1|   0|    1|          0|
    |icmp_ln23_reg_1404       |   1|   0|    1|          0|
    |icmp_ln31_reg_1445       |   1|   0|    1|          0|
    |icmp_ln39_1_reg_1503     |   1|   0|    1|          0|
    |icmp_ln39_2_reg_1512     |   1|   0|    1|          0|
    |icmp_ln39_reg_1494       |   1|   0|    1|          0|
    |icmp_ln48_reg_1536       |   1|   0|    1|          0|
    |icmp_ln64_reg_1556       |   1|   0|    1|          0|
    |icmp_ln76_1_reg_1581     |   1|   0|    1|          0|
    |icmp_ln76_reg_1571       |   1|   0|    1|          0|
    |icmp_ln93_1_reg_1623     |   1|   0|    1|          0|
    |icmp_ln93_3_reg_1632     |   1|   0|    1|          0|
    |reg_408                  |  32|   0|   32|          0|
    |reg_416                  |  32|   0|   32|          0|
    |reg_420                  |  32|   0|   32|          0|
    |reg_424                  |  32|   0|   32|          0|
    |select_ln146_1_reg_1722  |  32|   0|   32|          0|
    |swp_freq_17_reg_304      |  32|   0|   32|          0|
    |tmp_10_reg_1654          |   1|   0|    1|          0|
    |tmp_13_reg_1541          |   1|   0|    1|          0|
    |tmp_15_reg_1707          |   1|   0|    1|          0|
    |tmp_2_reg_1433           |   1|   0|    1|          0|
    |tmp_5_reg_1593           |   1|   0|    1|          0|
    |tmp_7_reg_1465           |   1|   0|    1|          0|
    |tmp_9_reg_1645           |   1|   0|    1|          0|
    |trunc_ln23_reg_1408      |  11|   0|   11|          0|
    |trunc_ln31_reg_1450      |  11|   0|   11|          0|
    |trunc_ln39_reg_1477      |  11|   0|   11|          0|
    |trunc_ln76_reg_1421      |  11|   0|   11|          0|
    |xor_ln85_reg_1597        |   1|   0|    1|          0|
    +-------------------------+----+----+-----+-----------+
    |Total                    | 294|   0|  294|          0|
    +-------------------------+----+----+-----+-----------+



================================================================
== Interface
================================================================
* Summary: 
+---------------+-----+-----+------------+---------------------+--------------+
|   RTL Ports   | Dir | Bits|  Protocol  |    Source Object    |    C Type    |
+---------------+-----+-----+------------+---------------------+--------------+
|ap_clk         |  in |    1| ap_ctrl_hs | swp_freq_calcuation | return value |
|ap_rst         |  in |    1| ap_ctrl_hs | swp_freq_calcuation | return value |
|ap_start       |  in |    1| ap_ctrl_hs | swp_freq_calcuation | return value |
|ap_done        | out |    1| ap_ctrl_hs | swp_freq_calcuation | return value |
|ap_idle        | out |    1| ap_ctrl_hs | swp_freq_calcuation | return value |
|ap_ready       | out |    1| ap_ctrl_hs | swp_freq_calcuation | return value |
|ap_return      | out |   32| ap_ctrl_hs | swp_freq_calcuation | return value |
|state_dummy    |  in |   32|   ap_none  |     state_dummy     |    pointer   |
|i              |  in |   32|   ap_none  |          i          |    scalar    |
|v              |  in |   32|   ap_none  |          v          |    scalar    |
|V_r_address0   | out |   10|  ap_memory |         V_r         |     array    |
|V_r_ce0        | out |    1|  ap_memory |         V_r         |     array    |
|V_r_q0         |  in |   32|  ap_memory |         V_r         |     array    |
|vmax           |  in |   32|   ap_none  |         vmax        |    scalar    |
|vmin           |  in |   32|   ap_none  |         vmin        |    scalar    |
|SIGMIN         |  in |   32|   ap_none  |        SIGMIN       |    scalar    |
|fOSC           |  in |   32|   ap_none  |         fOSC        |    scalar    |
|afcex_freq     |  in |   32|   ap_none  |      afcex_freq     |    scalar    |
|swp_ofs        |  in |   32|   ap_none  |       swp_ofs       |    scalar    |
|SIG1_address0  | out |   10|  ap_memory |         SIG1        |     array    |
|SIG1_ce0       | out |    1|  ap_memory |         SIG1        |     array    |
|SIG1_we0       | out |    1|  ap_memory |         SIG1        |     array    |
|SIG1_d0        | out |    8|  ap_memory |         SIG1        |     array    |
+---------------+-----+-----+------------+---------------------+--------------+

