==============================================================
Vivado(TM) HLS - High-Level Synthesis from C, C++ and SystemC v2019.1 (64-bit)
Copyright 1986-2019 Xilinx, Inc. All Rights Reserved.
==============================================================
INFO: [SYN 201-201] Setting up clock 'default' with a period of 5ns.
INFO: [SYN 201-201] Setting up clock 'default' with a period of 10ns.
INFO: [SCHED 204-61] Option 'relax_ii_for_timing' is enabled, will increase II to preserve clock frequency constraints.
INFO: [HLS 200-10] Analyzing design file 'extr_.darwin-xnubsdnfsnfs4_vnops.c_nfs_open_file_remove_open_find_with_main.c' ... 
INFO: [HLS 200-111] Finished Linking Time (s): cpu = 00:00:27 ; elapsed = 00:07:31 . Memory (MB): peak = 832.453 ; gain = 132.133 ; free physical = 14760 ; free virtual = 44190
INFO: [HLS 200-111] Finished Checking Pragmas Time (s): cpu = 00:00:27 ; elapsed = 00:07:31 . Memory (MB): peak = 832.453 ; gain = 132.133 ; free physical = 14760 ; free virtual = 44190
INFO: [HLS 200-10] Starting code transformations ...
INFO: [HLS 200-111] Finished Standard Transforms Time (s): cpu = 00:00:29 ; elapsed = 00:07:32 . Memory (MB): peak = 832.453 ; gain = 132.133 ; free physical = 14761 ; free virtual = 44190
INFO: [HLS 200-10] Checking synthesizability ...
INFO: [HLS 200-111] Finished Checking Synthesizability Time (s): cpu = 00:00:29 ; elapsed = 00:07:33 . Memory (MB): peak = 832.453 ; gain = 132.133 ; free physical = 14761 ; free virtual = 44190
INFO: [XFORM 203-401] Performing if-conversion on hyperblock to (extr_.darwin-xnubsdnfsnfs4_vnops.c_nfs_open_file_remove_open_find_with_main.c:102:1) in function 'nfs_open_file_remove_open_find'... converting 6 basic blocks.
INFO: [HLS 200-111] Finished Pre-synthesis Time (s): cpu = 00:00:29 ; elapsed = 00:07:33 . Memory (MB): peak = 832.453 ; gain = 132.133 ; free physical = 14745 ; free virtual = 44174
INFO: [HLS 200-111] Finished Architecture Synthesis Time (s): cpu = 00:00:29 ; elapsed = 00:07:33 . Memory (MB): peak = 832.453 ; gain = 132.133 ; free physical = 14744 ; free virtual = 44174
INFO: [HLS 200-10] Starting hardware synthesis ...
INFO: [HLS 200-10] Synthesizing 'nfs_open_file_remove_open_find' ...
INFO: [HLS 200-10] ----------------------------------------------------------------
INFO: [HLS 200-42] -- Implementing module 'nfs_open_file_remove_open_find' 
INFO: [HLS 200-10] ----------------------------------------------------------------
INFO: [SCHED 204-11] Starting scheduling ...
INFO: [SCHED 204-11] Finished scheduling.
INFO: [HLS 200-111]  Elapsed time: 452.84 seconds; current allocated memory: 96.903 MB.
INFO: [BIND 205-100] Starting micro-architecture generation ...
INFO: [BIND 205-101] Performing variable lifetime analysis.
INFO: [BIND 205-101] Exploring resource sharing.
INFO: [BIND 205-101] Binding ...
INFO: [BIND 205-100] Finished micro-architecture generation.
INFO: [HLS 200-111]  Elapsed time: 0.02 seconds; current allocated memory: 97.073 MB.
INFO: [HLS 200-10] ----------------------------------------------------------------
INFO: [HLS 200-10] -- Generating RTL for module 'nfs_open_file_remove_open_find' 
INFO: [HLS 200-10] ----------------------------------------------------------------
INFO: [RTGEN 206-500] Setting interface mode on port 'nfs_open_file_remove_open_find/nofp_nof_access' to 'ap_none'.
INFO: [RTGEN 206-500] Setting interface mode on port 'nfs_open_file_remove_open_find/nofp_nof_deny' to 'ap_none'.
INFO: [RTGEN 206-500] Setting interface mode on port 'nfs_open_file_remove_open_find/nofp_nof_r' to 'ap_none'.
INFO: [RTGEN 206-500] Setting interface mode on port 'nfs_open_file_remove_open_find/nofp_nof_d_r' to 'ap_none'.
INFO: [RTGEN 206-500] Setting interface mode on port 'nfs_open_file_remove_open_find/nofp_nof_rw' to 'ap_none'.
INFO: [RTGEN 206-500] Setting interface mode on port 'nfs_open_file_remove_open_find/nofp_nof_d_rw' to 'ap_none'.
INFO: [RTGEN 206-500] Setting interface mode on port 'nfs_open_file_remove_open_find/nofp_nof_r_dw' to 'ap_none'.
INFO: [RTGEN 206-500] Setting interface mode on port 'nfs_open_file_remove_open_find/nofp_nof_d_r_dw' to 'ap_none'.
INFO: [RTGEN 206-500] Setting interface mode on port 'nfs_open_file_remove_open_find/nofp_nof_rw_dw' to 'ap_none'.
INFO: [RTGEN 206-500] Setting interface mode on port 'nfs_open_file_remove_open_find/nofp_nof_d_rw_dw' to 'ap_none'.
INFO: [RTGEN 206-500] Setting interface mode on port 'nfs_open_file_remove_open_find/nofp_nof_r_drw' to 'ap_none'.
INFO: [RTGEN 206-500] Setting interface mode on port 'nfs_open_file_remove_open_find/nofp_nof_d_r_drw' to 'ap_none'.
INFO: [RTGEN 206-500] Setting interface mode on port 'nfs_open_file_remove_open_find/nofp_nof_w' to 'ap_none'.
INFO: [RTGEN 206-500] Setting interface mode on port 'nfs_open_file_remove_open_find/nofp_nof_d_w' to 'ap_none'.
INFO: [RTGEN 206-500] Setting interface mode on port 'nfs_open_file_remove_open_find/nofp_nof_w_dw' to 'ap_none'.
INFO: [RTGEN 206-500] Setting interface mode on port 'nfs_open_file_remove_open_find/nofp_nof_d_w_dw' to 'ap_none'.
INFO: [RTGEN 206-500] Setting interface mode on port 'nfs_open_file_remove_open_find/nofp_nof_w_drw' to 'ap_none'.
INFO: [RTGEN 206-500] Setting interface mode on port 'nfs_open_file_remove_open_find/nofp_nof_d_w_drw' to 'ap_none'.
INFO: [RTGEN 206-500] Setting interface mode on port 'nfs_open_file_remove_open_find/nofp_nof_rw_drw' to 'ap_none'.
INFO: [RTGEN 206-500] Setting interface mode on port 'nfs_open_file_remove_open_find/nofp_nof_d_rw_drw' to 'ap_none'.
INFO: [RTGEN 206-500] Setting interface mode on port 'nfs_open_file_remove_open_find/accessMode' to 'ap_none'.
INFO: [RTGEN 206-500] Setting interface mode on port 'nfs_open_file_remove_open_find/denyMode' to 'ap_none'.
INFO: [RTGEN 206-500] Setting interface mode on port 'nfs_open_file_remove_open_find/newAccessMode' to 'ap_vld'.
INFO: [RTGEN 206-500] Setting interface mode on port 'nfs_open_file_remove_open_find/newDenyMode' to 'ap_vld'.
INFO: [RTGEN 206-500] Setting interface mode on port 'nfs_open_file_remove_open_find/delegated' to 'ap_vld'.
INFO: [RTGEN 206-500] Setting interface mode on function 'nfs_open_file_remove_open_find' to 'ap_ctrl_hs'.
WARNING: [RTGEN 206-101] Port 'nfs_open_file_remove_open_find/nofp_nof_r' has no fanin or fanout and is left dangling.
               Please use C simulation to confirm this function argument can be read from or written to.
WARNING: [RTGEN 206-101] Port 'nfs_open_file_remove_open_find/nofp_nof_rw' has no fanin or fanout and is left dangling.
               Please use C simulation to confirm this function argument can be read from or written to.
WARNING: [RTGEN 206-101] Port 'nfs_open_file_remove_open_find/nofp_nof_d_rw' has no fanin or fanout and is left dangling.
               Please use C simulation to confirm this function argument can be read from or written to.
WARNING: [RTGEN 206-101] Port 'nfs_open_file_remove_open_find/nofp_nof_r_dw' has no fanin or fanout and is left dangling.
               Please use C simulation to confirm this function argument can be read from or written to.
WARNING: [RTGEN 206-101] Port 'nfs_open_file_remove_open_find/nofp_nof_d_r_dw' has no fanin or fanout and is left dangling.
               Please use C simulation to confirm this function argument can be read from or written to.
WARNING: [RTGEN 206-101] Port 'nfs_open_file_remove_open_find/nofp_nof_rw_dw' has no fanin or fanout and is left dangling.
               Please use C simulation to confirm this function argument can be read from or written to.
WARNING: [RTGEN 206-101] Port 'nfs_open_file_remove_open_find/nofp_nof_d_rw_dw' has no fanin or fanout and is left dangling.
               Please use C simulation to confirm this function argument can be read from or written to.
WARNING: [RTGEN 206-101] Port 'nfs_open_file_remove_open_find/nofp_nof_r_drw' has no fanin or fanout and is left dangling.
               Please use C simulation to confirm this function argument can be read from or written to.
WARNING: [RTGEN 206-101] Port 'nfs_open_file_remove_open_find/nofp_nof_w' has no fanin or fanout and is left dangling.
               Please use C simulation to confirm this function argument can be read from or written to.
WARNING: [RTGEN 206-101] Port 'nfs_open_file_remove_open_find/nofp_nof_d_w' has no fanin or fanout and is left dangling.
               Please use C simulation to confirm this function argument can be read from or written to.
