==============================================================
Vivado(TM) HLS - High-Level Synthesis from C, C++ and SystemC v2019.1 (64-bit)
Copyright 1986-2019 Xilinx, Inc. All Rights Reserved.
==============================================================
INFO: [SYN 201-201] Setting up clock 'default' with a period of 5ns.
INFO: [SYN 201-201] Setting up clock 'default' with a period of 10ns.
INFO: [SCHED 204-61] Option 'relax_ii_for_timing' is enabled, will increase II to preserve clock frequency constraints.
INFO: [HLS 200-10] Analyzing design file 'extr_.php-srcextstandardcrypt_freesec.c_des_setkey_with_main.c' ... 
INFO: [HLS 200-111] Finished Linking Time (s): cpu = 00:03:30 ; elapsed = 00:08:59 . Memory (MB): peak = 832.453 ; gain = 132.133 ; free physical = 21903 ; free virtual = 44647
INFO: [HLS 200-111] Finished Checking Pragmas Time (s): cpu = 00:03:30 ; elapsed = 00:08:59 . Memory (MB): peak = 832.453 ; gain = 132.133 ; free physical = 21903 ; free virtual = 44648
INFO: [HLS 200-10] Starting code transformations ...
INFO: [HLS 200-111] Finished Standard Transforms Time (s): cpu = 00:03:32 ; elapsed = 00:09:01 . Memory (MB): peak = 832.453 ; gain = 132.133 ; free physical = 21905 ; free virtual = 44649
INFO: [HLS 200-10] Checking synthesizability ...
WARNING: [SYNCHK 200-77] The top function 'main' has no outputs. Possible cause(s) are: (1) Output parameters are passed by value; (2) intended outputs (parameters or global variables) are never written; (3) there are infinite loops.
INFO: [SYNCHK 200-10] 0 error(s), 1 warning(s).
INFO: [HLS 200-111] Finished Checking Synthesizability Time (s): cpu = 00:03:32 ; elapsed = 00:09:01 . Memory (MB): peak = 832.453 ; gain = 132.133 ; free physical = 21905 ; free virtual = 44649
INFO: [HLS 200-111] Finished Pre-synthesis Time (s): cpu = 00:03:32 ; elapsed = 00:09:01 . Memory (MB): peak = 832.453 ; gain = 132.133 ; free physical = 21904 ; free virtual = 44649
INFO: [HLS 200-111] Finished Architecture Synthesis Time (s): cpu = 00:03:32 ; elapsed = 00:09:01 . Memory (MB): peak = 832.453 ; gain = 132.133 ; free physical = 21904 ; free virtual = 44649
INFO: [HLS 200-10] Starting hardware synthesis ...
INFO: [HLS 200-10] Synthesizing 'main' ...
INFO: [HLS 200-10] ----------------------------------------------------------------
INFO: [HLS 200-42] -- Implementing module 'main' 
INFO: [HLS 200-10] ----------------------------------------------------------------
INFO: [SCHED 204-11] Starting scheduling ...
INFO: [SCHED 204-11] Finished scheduling.
INFO: [HLS 200-111]  Elapsed time: 88.57 seconds; current allocated memory: 118.814 MB.
INFO: [BIND 205-100] Starting micro-architecture generation ...
INFO: [BIND 205-101] Performing variable lifetime analysis.
INFO: [BIND 205-101] Exploring resource sharing.
INFO: [BIND 205-101] Binding ...
INFO: [BIND 205-100] Finished micro-architecture generation.
INFO: [HLS 200-111]  Elapsed time: 0 seconds; current allocated memory: 118.840 MB.
INFO: [HLS 200-10] ----------------------------------------------------------------
INFO: [HLS 200-10] -- Generating RTL for module 'main' 
INFO: [HLS 200-10] ----------------------------------------------------------------
INFO: [RTGEN 206-500] Setting interface mode on function 'main' to 'ap_ctrl_hs'.
INFO: [RTGEN 206-100] Finished creating RTL model for 'main'.
INFO: [HLS 200-111]  Elapsed time: 0.02 seconds; current allocated memory: 118.883 MB.
INFO: [HLS 200-111] Finished generating all RTL models Time (s): cpu = 00:03:33 ; elapsed = 00:09:02 . Memory (MB): peak = 832.453 ; gain = 132.133 ; free physical = 21902 ; free virtual = 44647
INFO: [VHDL 208-304] Generating VHDL RTL for main.
INFO: [VLOG 209-307] Generating Verilog RTL for main.
INFO: [HLS 200-10] Creating and opening project '/home/vivado/aut/proj_extr_.BGAQRCode-Androidzbarsrcmainjnilibiconv-1.15libcp50221_0212_ext.h_cp50221_0212_ext_wctomb_with_main.c'.
INFO: [HLS 200-10] Adding design file 'extr_.BGAQRCode-Androidzbarsrcmainjnilibiconv-1.15libcp50221_0212_ext.h_cp50221_0212_ext_wctomb_with_main.c' to the project
INFO: [HLS 200-10] Creating and opening solution '/home/vivado/aut/proj_extr_.BGAQRCode-Androidzbarsrcmainjnilibiconv-1.15libcp50221_0212_ext.h_cp50221_0212_ext_wctomb_with_main.c/solution1'.
