==============================================================
Vivado(TM) HLS - High-Level Synthesis from C, C++ and SystemC v2019.1 (64-bit)
Copyright 1986-2019 Xilinx, Inc. All Rights Reserved.
==============================================================
INFO: [SYN 201-201] Setting up clock 'default' with a period of 5ns.
INFO: [SYN 201-201] Setting up clock 'default' with a period of 10ns.
INFO: [SCHED 204-61] Option 'relax_ii_for_timing' is enabled, will increase II to preserve clock frequency constraints.
INFO: [HLS 200-10] Analyzing design file 'extr_.radare2librasmarchtms320c55x_plushashtable.c_get_hashfunc_02_with_main.c' ... 
INFO: [HLS 200-111] Finished Linking Time (s): cpu = 00:03:16 ; elapsed = 00:20:31 . Memory (MB): peak = 832.453 ; gain = 132.133 ; free physical = 14079 ; free virtual = 43595
INFO: [HLS 200-111] Finished Checking Pragmas Time (s): cpu = 00:03:16 ; elapsed = 00:20:31 . Memory (MB): peak = 832.453 ; gain = 132.133 ; free physical = 14079 ; free virtual = 43595
INFO: [HLS 200-10] Starting code transformations ...
INFO: [HLS 200-111] Finished Standard Transforms Time (s): cpu = 00:03:17 ; elapsed = 00:20:32 . Memory (MB): peak = 832.453 ; gain = 132.133 ; free physical = 14079 ; free virtual = 43595
INFO: [HLS 200-10] Checking synthesizability ...
INFO: [HLS 200-111] Finished Checking Synthesizability Time (s): cpu = 00:03:17 ; elapsed = 00:20:32 . Memory (MB): peak = 832.453 ; gain = 132.133 ; free physical = 14079 ; free virtual = 43595
INFO: [XFORM 203-401] Performing if-conversion on hyperblock to (extr_.radare2librasmarchtms320c55x_plushashtable.c_get_hashfunc_02_with_main.c:291:1) in function 'get_hashfunc_02'... converting 110 basic blocks.
INFO: [HLS 200-111] Finished Pre-synthesis Time (s): cpu = 00:03:18 ; elapsed = 00:20:33 . Memory (MB): peak = 832.453 ; gain = 132.133 ; free physical = 14062 ; free virtual = 43578
INFO: [HLS 200-111] Finished Architecture Synthesis Time (s): cpu = 00:03:18 ; elapsed = 00:20:33 . Memory (MB): peak = 832.453 ; gain = 132.133 ; free physical = 14062 ; free virtual = 43578
INFO: [HLS 200-10] Starting hardware synthesis ...
INFO: [HLS 200-10] Synthesizing 'get_hashfunc_02' ...
INFO: [HLS 200-10] ----------------------------------------------------------------
INFO: [HLS 200-42] -- Implementing module 'get_hashfunc_02' 
INFO: [HLS 200-10] ----------------------------------------------------------------
INFO: [SCHED 204-11] Starting scheduling ...
INFO: [SCHED 204-11] Finished scheduling.
INFO: [HLS 200-111]  Elapsed time: 1233.05 seconds; current allocated memory: 109.053 MB.
INFO: [BIND 205-100] Starting micro-architecture generation ...
INFO: [BIND 205-101] Performing variable lifetime analysis.
INFO: [BIND 205-101] Exploring resource sharing.
INFO: [BIND 205-101] Binding ...
INFO: [BIND 205-100] Finished micro-architecture generation.
INFO: [HLS 200-111]  Elapsed time: 0.2 seconds; current allocated memory: 110.176 MB.
INFO: [HLS 200-10] ----------------------------------------------------------------
INFO: [HLS 200-10] -- Generating RTL for module 'get_hashfunc_02' 
INFO: [HLS 200-10] ----------------------------------------------------------------
INFO: [RTGEN 206-500] Setting interface mode on port 'get_hashfunc_02/arg1' to 'ap_none'.
INFO: [RTGEN 206-500] Setting interface mode on port 'get_hashfunc_02/arg2' to 'ap_none'.
INFO: [RTGEN 206-500] Setting interface mode on function 'get_hashfunc_02' to 'ap_ctrl_hs'.
INFO: [RTGEN 206-100] Finished creating RTL model for 'get_hashfunc_02'.
INFO: [HLS 200-111]  Elapsed time: 0.38 seconds; current allocated memory: 111.915 MB.
INFO: [HLS 200-111] Finished generating all RTL models Time (s): cpu = 00:03:20 ; elapsed = 00:20:35 . Memory (MB): peak = 832.453 ; gain = 132.133 ; free physical = 14051 ; free virtual = 43572
INFO: [VHDL 208-304] Generating VHDL RTL for get_hashfunc_02.
INFO: [VLOG 209-307] Generating Verilog RTL for get_hashfunc_02.
INFO: [HLS 200-10] Opening project '/home/vivado/HLStools/vivado/214_revisao/proj_extr_.radare2librbinpdbtpi.c_init_stype_info_with_main.c'.
INFO: [HLS 200-10] Creating and opening solution '/home/vivado/HLStools/vivado/214_revisao/proj_extr_.radare2librbinpdbtpi.c_init_stype_info_with_main.c/sol'.
