==============================================================
Vivado(TM) HLS - High-Level Synthesis from C, C++ and SystemC v2019.1 (64-bit)
Copyright 1986-2019 Xilinx, Inc. All Rights Reserved.
==============================================================
INFO: [SYN 201-201] Setting up clock 'default' with a period of 5ns.
INFO: [SYN 201-201] Setting up clock 'default' with a period of 10ns.
INFO: [SCHED 204-61] Option 'relax_ii_for_timing' is enabled, will increase II to preserve clock frequency constraints.
INFO: [HLS 200-10] Analyzing design file 'extr_.radare2librasmarcharmaarch64aarch64-dis-2.c_aarch64_find_next_alias_opcode_with_main.c' ... 
INFO: [HLS 200-111] Finished Linking Time (s): cpu = 00:01:09 ; elapsed = 00:02:24 . Memory (MB): peak = 832.453 ; gain = 132.133 ; free physical = 21531 ; free virtual = 44384
INFO: [HLS 200-111] Finished Checking Pragmas Time (s): cpu = 00:01:09 ; elapsed = 00:02:24 . Memory (MB): peak = 832.453 ; gain = 132.133 ; free physical = 21531 ; free virtual = 44384
INFO: [HLS 200-10] Starting code transformations ...
INFO: [HLS 200-111] Finished Standard Transforms Time (s): cpu = 00:01:11 ; elapsed = 00:02:26 . Memory (MB): peak = 832.453 ; gain = 132.133 ; free physical = 21532 ; free virtual = 44384
INFO: [HLS 200-10] Checking synthesizability ...
INFO: [XFORM 203-602] Inlining function 'aarch64_find_next_alias_opcode' into 'main' (extr_.radare2librasmarcharmaarch64aarch64-dis-2.c_aarch64_find_next_alias_opcode_with_main.c:202) automatically.
INFO: [HLS 200-111] Finished Checking Synthesizability Time (s): cpu = 00:01:11 ; elapsed = 00:02:26 . Memory (MB): peak = 832.453 ; gain = 132.133 ; free physical = 21532 ; free virtual = 44384
INFO: [HLS 200-111] Finished Pre-synthesis Time (s): cpu = 00:01:11 ; elapsed = 00:02:26 . Memory (MB): peak = 832.453 ; gain = 132.133 ; free physical = 21519 ; free virtual = 44371
INFO: [HLS 200-111] Finished Architecture Synthesis Time (s): cpu = 00:01:11 ; elapsed = 00:02:26 . Memory (MB): peak = 832.453 ; gain = 132.133 ; free physical = 21519 ; free virtual = 44371
INFO: [HLS 200-10] Starting hardware synthesis ...
INFO: [HLS 200-10] Synthesizing 'main' ...
INFO: [HLS 200-10] ----------------------------------------------------------------
INFO: [HLS 200-42] -- Implementing module 'main' 
INFO: [HLS 200-10] ----------------------------------------------------------------
INFO: [SCHED 204-11] Starting scheduling ...
INFO: [SCHED 204-11] Finished scheduling.
INFO: [HLS 200-111]  Elapsed time: 117.16 seconds; current allocated memory: 102.838 MB.
INFO: [BIND 205-100] Starting micro-architecture generation ...
INFO: [BIND 205-101] Performing variable lifetime analysis.
INFO: [BIND 205-101] Exploring resource sharing.
INFO: [BIND 205-101] Binding ...
INFO: [BIND 205-100] Finished micro-architecture generation.
INFO: [HLS 200-111]  Elapsed time: 0.01 seconds; current allocated memory: 102.864 MB.
INFO: [HLS 200-10] ----------------------------------------------------------------
INFO: [HLS 200-10] -- Generating RTL for module 'main' 
INFO: [HLS 200-10] ----------------------------------------------------------------
INFO: [RTGEN 206-500] Setting interface mode on function 'main' to 'ap_ctrl_hs'.
INFO: [RTGEN 206-100] Finished creating RTL model for 'main'.
INFO: [HLS 200-111]  Elapsed time: 0.01 seconds; current allocated memory: 102.907 MB.
INFO: [HLS 200-111] Finished generating all RTL models Time (s): cpu = 00:01:11 ; elapsed = 00:02:27 . Memory (MB): peak = 832.453 ; gain = 132.133 ; free physical = 21518 ; free virtual = 44371
INFO: [VHDL 208-304] Generating VHDL RTL for main.
INFO: [VLOG 209-307] Generating Verilog RTL for main.
INFO: [HLS 200-10] Creating and opening project '/home/vivado/aut/proj_extr_.labenginecodeclientsnd_mix.c_S_PaintChannelFrom16_scalar_with_main.c'.
INFO: [HLS 200-10] Adding design file 'extr_.labenginecodeclientsnd_mix.c_S_PaintChannelFrom16_scalar_with_main.c' to the project
INFO: [HLS 200-10] Creating and opening solution '/home/vivado/aut/proj_extr_.labenginecodeclientsnd_mix.c_S_PaintChannelFrom16_scalar_with_main.c/solution1'.
==============================================================
Vivado(TM) HLS - High-Level Synthesis from C, C++ and SystemC v2019.1 (64-bit)
Copyright 1986-2019 Xilinx, Inc. All Rights Reserved.
==============================================================
INFO: [SYN 201-201] Setting up clock 'default' with a period of 10ns.
INFO: [SCHED 204-61] Option 'relax_ii_for_timing' is enabled, will increase II to preserve clock frequency constraints.
INFO: [HLS 200-10] Analyzing design file 'extr_.radare2librasmarcharmaarch64aarch64-dis-2.c_aarch64_find_next_alias_opcode_with_main.c' ... 
INFO: [HLS 200-111] Finished Linking Time (s): cpu = 00:01:40 ; elapsed = 00:09:00 . Memory (MB): peak = 902.391 ; gain = 202.070 ; free physical = 26890 ; free virtual = 37445
INFO: [HLS 200-111] Finished Checking Pragmas Time (s): cpu = 00:01:40 ; elapsed = 00:09:00 . Memory (MB): peak = 902.391 ; gain = 202.070 ; free physical = 26890 ; free virtual = 37445
INFO: [HLS 200-10] Starting code transformations ...
INFO: [HLS 200-111] Finished Standard Transforms Time (s): cpu = 00:01:42 ; elapsed = 00:09:02 . Memory (MB): peak = 902.391 ; gain = 202.070 ; free physical = 26890 ; free virtual = 37445
INFO: [HLS 200-10] Checking synthesizability ...
ERROR: [SYNCHK 200-75] extr_.radare2librasmarcharmaarch64aarch64-dis-2.c_aarch64_find_next_alias_opcode_with_main.c:18: function 'aarch64_find_next_alias_opcode' returns a pointer value; please inline this function or change return to an argument.
INFO: [SYNCHK 200-10] 1 error(s), 0 warning(s).
ERROR: [HLS 200-70] Synthesizability check failed.
INFO: [HLS 200-10] Opening project '/home/vivado/HLStools/vivado/214_benchmakrs/proj_extr_.radare2librasmarcharmaarch64aarch64-dis-2.c_aarch64_find_next_opcode_with_main.c'.
INFO: [HLS 200-10] Opening project '/home/vivado/HLStools/vivado/214_benchmakrs/proj_extr_.radare2librbinpdbtpi.c_init_stype_info_with_main.c'.
INFO: [HLS 200-10] Opening solution '/home/vivado/HLStools/vivado/214_benchmakrs/proj_extr_.radare2librbinpdbtpi.c_init_stype_info_with_main.c/solution1'.
