==============================================================
Vivado(TM) HLS - High-Level Synthesis from C, C++ and SystemC v2019.1 (64-bit)
Copyright 1986-2019 Xilinx, Inc. All Rights Reserved.
==============================================================
INFO: [SYN 201-201] Setting up clock 'default' with a period of 5ns.
INFO: [SYN 201-201] Setting up clock 'default' with a period of 10ns.
INFO: [SCHED 204-61] Option 'relax_ii_for_timing' is enabled, will increase II to preserve clock frequency constraints.
INFO: [HLS 200-10] Analyzing design file 'extr_.opensslcryptoececp_nistp256.c_smallfelem_mul_with_main.c' ... 
WARNING: [HLS 200-40] In file included from extr_.opensslcryptoececp_nistp256.c_smallfelem_mul_with_main.c:1:
extr_.opensslcryptoececp_nistp256.c_smallfelem_mul_with_main.c:28:14: warning: shift count >= width of type [-Wshift-count-overflow]
    high = a >> 64;
             ^  ~~
extr_.opensslcryptoececp_nistp256.c_smallfelem_mul_with_main.c:34:14: warning: shift count >= width of type [-Wshift-count-overflow]
    high = a >> 64;
             ^  ~~
extr_.opensslcryptoececp_nistp256.c_smallfelem_mul_with_main.c:40:14: warning: shift count >= width of type [-Wshift-count-overflow]
    high = a >> 64;
             ^  ~~
extr_.opensslcryptoececp_nistp256.c_smallfelem_mul_with_main.c:46:14: warning: shift count >= width of type [-Wshift-count-overflow]
    high = a >> 64;
             ^  ~~
extr_.opensslcryptoececp_nistp256.c_smallfelem_mul_with_main.c:52:14: warning: shift count >= width of type [-Wshift-count-overflow]
    high = a >> 64;
             ^  ~~
extr_.opensslcryptoececp_nistp256.c_smallfelem_mul_with_main.c:58:14: warning: shift count >= width of type [-Wshift-count-overflow]
    high = a >> 64;
             ^  ~~
extr_.opensslcryptoececp_nistp256.c_smallfelem_mul_with_main.c:64:14: warning: shift count >= width of type [-Wshift-count-overflow]
    high = a >> 64;
             ^  ~~
extr_.opensslcryptoececp_nistp256.c_smallfelem_mul_with_main.c:70:14: warning: shift count >= width of type [-Wshift-count-overflow]
    high = a >> 64;
             ^  ~~
extr_.opensslcryptoececp_nistp256.c_smallfelem_mul_with_main.c:76:14: warning: shift count >= width of type [-Wshift-count-overflow]
    high = a >> 64;
             ^  ~~
extr_.opensslcryptoececp_nistp256.c_smallfelem_mul_with_main.c:82:14: warning: shift count >= width of type [-Wshift-count-overflow]
    high = a >> 64;
             ^  ~~
extr_.opensslcryptoececp_nistp256.c_smallfelem_mul_with_main.c:88:14: warning: shift count >= width of type [-Wshift-count-overflow]
    high = a >> 64;
             ^  ~~
extr_.opensslcryptoececp_nistp256.c_smallfelem_mul_with_main.c:94:14: warning: shift count >= width of type [-Wshift-count-overflow]
    high = a >> 64;
             ^  ~~
extr_.opensslcryptoececp_nistp256.c_smallfelem_mul_with_main.c:100:14: warning: shift count >= width of type [-Wshift-count-overflow]
    high = a >> 64;
             ^  ~~
extr_.opensslcryptoececp_nistp256.c_smallfelem_mul_with_main.c:106:14: warning: shift count >= width of type [-Wshift-count-overflow]
    high = a >> 64;
             ^  ~~
extr_.opensslcryptoececp_nistp256.c_smallfelem_mul_with_main.c:112:14: warning: shift count >= width of type [-Wshift-count-overflow]
    high = a >> 64;
             ^  ~~
extr_.opensslcryptoececp_nistp256.c_smallfelem_mul_with_main.c:118:14: warning: shift count >= width of type [-Wshift-count-overflow]
    high = a >> 64;
             ^  ~~
16 warnings generated.
INFO: [HLS 200-111] Finished Linking Time (s): cpu = 00:00:27 ; elapsed = 00:01:02 . Memory (MB): peak = 832.453 ; gain = 132.133 ; free physical = 21699 ; free virtual = 44541
INFO: [HLS 200-111] Finished Checking Pragmas Time (s): cpu = 00:00:27 ; elapsed = 00:01:02 . Memory (MB): peak = 832.453 ; gain = 132.133 ; free physical = 21699 ; free virtual = 44541
INFO: [HLS 200-10] Starting code transformations ...
INFO: [HLS 200-111] Finished Standard Transforms Time (s): cpu = 00:00:29 ; elapsed = 00:01:03 . Memory (MB): peak = 832.453 ; gain = 132.133 ; free physical = 21699 ; free virtual = 44541
INFO: [HLS 200-10] Checking synthesizability ...
ERROR: [SYNCHK 200-61] extr_.opensslcryptoececp_nistp256.c_smallfelem_mul_with_main.c:30: unsupported memory access on variable 'out' which is (or contains) an array with unknown size at compile time.
INFO: [SYNCHK 200-10] 1 error(s), 0 warning(s).
ERROR: [HLS 200-70] Synthesizability check failed.
INFO: [HLS 200-10] Creating and opening project '/home/vivado/aut/proj_extr_.php-srcextffiffi.c_zend_ffi_val_character_with_main.c'.
INFO: [HLS 200-10] Adding design file 'extr_.php-srcextffiffi.c_zend_ffi_val_character_with_main.c' to the project
INFO: [HLS 200-10] Creating and opening solution '/home/vivado/aut/proj_extr_.php-srcextffiffi.c_zend_ffi_val_character_with_main.c/solution1'.
