==============================================================
Vivado(TM) HLS - High-Level Synthesis from C, C++ and SystemC v2019.1 (64-bit)
Copyright 1986-2019 Xilinx, Inc. All Rights Reserved.
==============================================================
INFO: [SYN 201-201] Setting up clock 'default' with a period of 5ns.
INFO: [SYN 201-201] Setting up clock 'default' with a period of 10ns.
INFO: [SCHED 204-61] Option 'relax_ii_for_timing' is enabled, will increase II to preserve clock frequency constraints.
INFO: [HLS 200-10] Analyzing design file 'extr_.linuxdriversnetwirelessathath9kantenna.c_ath_ant_div_conf_fast_divbias_with_main.c' ... 
INFO: [HLS 200-111] Finished Linking Time (s): cpu = 00:00:31 ; elapsed = 00:00:53 . Memory (MB): peak = 902.500 ; gain = 202.180 ; free physical = 21817 ; free virtual = 44532
INFO: [HLS 200-111] Finished Checking Pragmas Time (s): cpu = 00:00:31 ; elapsed = 00:00:53 . Memory (MB): peak = 902.500 ; gain = 202.180 ; free physical = 21817 ; free virtual = 44532
INFO: [HLS 200-10] Starting code transformations ...
INFO: [HLS 200-111] Finished Standard Transforms Time (s): cpu = 00:00:33 ; elapsed = 00:00:54 . Memory (MB): peak = 902.500 ; gain = 202.180 ; free physical = 21819 ; free virtual = 44534
INFO: [HLS 200-10] Checking synthesizability ...
INFO: [HLS 200-111] Finished Checking Synthesizability Time (s): cpu = 00:00:33 ; elapsed = 00:00:54 . Memory (MB): peak = 902.500 ; gain = 202.180 ; free physical = 21819 ; free virtual = 44534
INFO: [HLS 200-111] Finished Pre-synthesis Time (s): cpu = 00:00:33 ; elapsed = 00:00:55 . Memory (MB): peak = 902.500 ; gain = 202.180 ; free physical = 21819 ; free virtual = 44534
WARNING: [XFORM 203-631] Renaming function 'ath_ant_div_conf_fast_divbias' to 'ath_ant_div_conf_fas' (extr_.linuxdriversnetwirelessathath9kantenna.c_ath_ant_div_conf_fast_divbias_with_main.c:22:4)
INFO: [HLS 200-111] Finished Architecture Synthesis Time (s): cpu = 00:00:33 ; elapsed = 00:00:55 . Memory (MB): peak = 902.500 ; gain = 202.180 ; free physical = 21819 ; free virtual = 44534
INFO: [HLS 200-10] Starting hardware synthesis ...
INFO: [HLS 200-10] Synthesizing 'main' ...
INFO: [HLS 200-10] ----------------------------------------------------------------
INFO: [HLS 200-42] -- Implementing module 'main' 
INFO: [HLS 200-10] ----------------------------------------------------------------
INFO: [SCHED 204-11] Starting scheduling ...
INFO: [SCHED 204-11] Finished scheduling.
INFO: [HLS 200-111]  Elapsed time: 15.1 seconds; current allocated memory: 231.316 MB.
INFO: [BIND 205-100] Starting micro-architecture generation ...
INFO: [BIND 205-101] Performing variable lifetime analysis.
INFO: [BIND 205-101] Exploring resource sharing.
INFO: [BIND 205-101] Binding ...
INFO: [BIND 205-100] Finished micro-architecture generation.
INFO: [HLS 200-111]  Elapsed time: 0 seconds; current allocated memory: 231.343 MB.
INFO: [HLS 200-10] ----------------------------------------------------------------
INFO: [HLS 200-10] -- Generating RTL for module 'main' 
INFO: [HLS 200-10] ----------------------------------------------------------------
INFO: [RTGEN 206-500] Setting interface mode on function 'main' to 'ap_ctrl_hs'.
INFO: [RTGEN 206-100] Finished creating RTL model for 'main'.
INFO: [HLS 200-111]  Elapsed time: 0.01 seconds; current allocated memory: 231.385 MB.
INFO: [HLS 200-111] Finished generating all RTL models Time (s): cpu = 00:00:34 ; elapsed = 00:00:55 . Memory (MB): peak = 902.500 ; gain = 202.180 ; free physical = 21815 ; free virtual = 44530
INFO: [VHDL 208-304] Generating VHDL RTL for main.
INFO: [VLOG 209-307] Generating Verilog RTL for main.
INFO: [HLS 200-10] Creating and opening project '/home/vivado/aut/proj_extr_.FFmpeglibswscalergb2rgb_template.c_ff_rgb24toyv12_c_with_main.c'.
INFO: [HLS 200-10] Adding design file 'extr_.FFmpeglibswscalergb2rgb_template.c_ff_rgb24toyv12_c_with_main.c' to the project
INFO: [HLS 200-10] Creating and opening solution '/home/vivado/aut/proj_extr_.FFmpeglibswscalergb2rgb_template.c_ff_rgb24toyv12_c_with_main.c/solution1'.
==============================================================
Vivado(TM) HLS - High-Level Synthesis from C, C++ and SystemC v2019.1 (64-bit)
Copyright 1986-2019 Xilinx, Inc. All Rights Reserved.
==============================================================
INFO: [SYN 201-201] Setting up clock 'default' with a period of 10ns.
INFO: [HLS 200-10] Setting target device to 'xc7k160t-fbg484-1'
INFO: [SCHED 204-61] Option 'relax_ii_for_timing' is enabled, will increase II to preserve clock frequency constraints.
INFO: [HLS 200-10] Analyzing design file 'extr_.linuxdriversnetwirelessathath9kantenna.c_ath_ant_div_conf_fast_divbias_with_main.c' ... 
INFO: [HLS 200-111] Finished Linking Time (s): cpu = 00:00:13 ; elapsed = 00:01:33 . Memory (MB): peak = 902.391 ; gain = 202.070 ; free physical = 27694 ; free virtual = 39022
INFO: [HLS 200-111] Finished Checking Pragmas Time (s): cpu = 00:00:13 ; elapsed = 00:01:33 . Memory (MB): peak = 902.391 ; gain = 202.070 ; free physical = 27694 ; free virtual = 39022
INFO: [HLS 200-10] Starting code transformations ...
INFO: [HLS 200-111] Finished Standard Transforms Time (s): cpu = 00:00:15 ; elapsed = 00:01:34 . Memory (MB): peak = 902.391 ; gain = 202.070 ; free physical = 27694 ; free virtual = 39022
INFO: [HLS 200-10] Checking synthesizability ...
INFO: [HLS 200-111] Finished Checking Synthesizability Time (s): cpu = 00:00:15 ; elapsed = 00:01:34 . Memory (MB): peak = 902.391 ; gain = 202.070 ; free physical = 27694 ; free virtual = 39022
INFO: [HLS 200-111] Finished Pre-synthesis Time (s): cpu = 00:00:15 ; elapsed = 00:01:34 . Memory (MB): peak = 902.391 ; gain = 202.070 ; free physical = 27678 ; free virtual = 39006
WARNING: [XFORM 203-631] Renaming function 'ath_ant_div_conf_fast_divbias' to 'ath_ant_div_conf_fas' (extr_.linuxdriversnetwirelessathath9kantenna.c_ath_ant_div_conf_fast_divbias_with_main.c:22:4)
INFO: [HLS 200-111] Finished Architecture Synthesis Time (s): cpu = 00:00:15 ; elapsed = 00:01:35 . Memory (MB): peak = 902.391 ; gain = 202.070 ; free physical = 27678 ; free virtual = 39006
INFO: [HLS 200-10] Starting hardware synthesis ...
INFO: [HLS 200-10] Synthesizing 'main' ...
INFO: [HLS 200-10] ----------------------------------------------------------------
INFO: [HLS 200-42] -- Implementing module 'main' 
INFO: [HLS 200-10] ----------------------------------------------------------------
INFO: [SCHED 204-11] Starting scheduling ...
INFO: [SCHED 204-11] Finished scheduling.
INFO: [HLS 200-111]  Elapsed time: 94.62 seconds; current allocated memory: 106.496 MB.
INFO: [BIND 205-100] Starting micro-architecture generation ...
INFO: [BIND 205-101] Performing variable lifetime analysis.
INFO: [BIND 205-101] Exploring resource sharing.
INFO: [BIND 205-101] Binding ...
INFO: [BIND 205-100] Finished micro-architecture generation.
INFO: [HLS 200-111]  Elapsed time: 0.01 seconds; current allocated memory: 106.549 MB.
INFO: [HLS 200-10] ----------------------------------------------------------------
INFO: [HLS 200-10] -- Generating RTL for module 'main' 
INFO: [HLS 200-10] ----------------------------------------------------------------
INFO: [RTGEN 206-500] Setting interface mode on function 'main' to 'ap_ctrl_hs'.
INFO: [RTGEN 206-100] Finished creating RTL model for 'main'.
INFO: [HLS 200-111]  Elapsed time: 0.01 seconds; current allocated memory: 106.657 MB.
INFO: [HLS 200-111] Finished generating all RTL models Time (s): cpu = 00:00:16 ; elapsed = 00:01:35 . Memory (MB): peak = 902.391 ; gain = 202.070 ; free physical = 27671 ; free virtual = 38999
INFO: [VHDL 208-304] Generating VHDL RTL for main.
INFO: [VLOG 209-307] Generating Verilog RTL for main.
INFO: [SCHED 204-61] Option 'relax_ii_for_timing' is enabled, will increase II to preserve clock frequency constraints.
INFO: [HLS 200-10] Analyzing design file 'extr_.linuxdriversnetwirelessathath9kantenna.c_ath_ant_div_conf_fast_divbias_with_main.c' ... 
INFO: [HLS 200-111] Finished Linking Time (s): cpu = 00:00:28 ; elapsed = 00:04:33 . Memory (MB): peak = 902.391 ; gain = 202.070 ; free physical = 28030 ; free virtual = 39358
INFO: [HLS 200-111] Finished Checking Pragmas Time (s): cpu = 00:00:28 ; elapsed = 00:04:33 . Memory (MB): peak = 902.391 ; gain = 202.070 ; free physical = 28030 ; free virtual = 39358
INFO: [HLS 200-10] Starting code transformations ...
ERROR: [SYNCHK 200-79] Static function 'ath_ant_div_conf_fast_divbias' cannot be set as the top model.
ERROR: [HLS 200-70] Synthesizability check failed.
INFO: [SCHED 204-61] Option 'relax_ii_for_timing' is enabled, will increase II to preserve clock frequency constraints.
INFO: [HLS 200-10] Analyzing design file 'extr_.linuxdriversnetwirelessathath9kantenna.c_ath_ant_div_conf_fast_divbias_with_main.c' ... 
INFO: [HLS 200-111] Finished Linking Time (s): cpu = 00:00:42 ; elapsed = 00:06:04 . Memory (MB): peak = 902.391 ; gain = 202.070 ; free physical = 27997 ; free virtual = 39350
INFO: [HLS 200-111] Finished Checking Pragmas Time (s): cpu = 00:00:42 ; elapsed = 00:06:04 . Memory (MB): peak = 902.391 ; gain = 202.070 ; free physical = 27997 ; free virtual = 39350
INFO: [HLS 200-10] Starting code transformations ...
INFO: [HLS 200-111] Finished Standard Transforms Time (s): cpu = 00:00:44 ; elapsed = 00:06:05 . Memory (MB): peak = 902.391 ; gain = 202.070 ; free physical = 27997 ; free virtual = 39350
INFO: [HLS 200-10] Checking synthesizability ...
INFO: [HLS 200-111] Finished Checking Synthesizability Time (s): cpu = 00:00:44 ; elapsed = 00:06:05 . Memory (MB): peak = 902.391 ; gain = 202.070 ; free physical = 27997 ; free virtual = 39350
INFO: [HLS 200-111] Finished Pre-synthesis Time (s): cpu = 00:00:44 ; elapsed = 00:06:06 . Memory (MB): peak = 902.391 ; gain = 202.070 ; free physical = 27997 ; free virtual = 39349
INFO: [HLS 200-111] Finished Architecture Synthesis Time (s): cpu = 00:00:45 ; elapsed = 00:06:06 . Memory (MB): peak = 902.391 ; gain = 202.070 ; free physical = 27996 ; free virtual = 39349
INFO: [HLS 200-10] Starting hardware synthesis ...
INFO: [HLS 200-10] Synthesizing 'ath_ant_div_conf_fast_divbias' ...
INFO: [HLS 200-10] ----------------------------------------------------------------
INFO: [HLS 200-42] -- Implementing module 'ath_ant_div_conf_fast_divbias' 
INFO: [HLS 200-10] ----------------------------------------------------------------
INFO: [SCHED 204-11] Starting scheduling ...
INFO: [SCHED 204-11] Finished scheduling.
INFO: [HLS 200-111]  Elapsed time: 271.5 seconds; current allocated memory: 105.310 MB.
INFO: [BIND 205-100] Starting micro-architecture generation ...
INFO: [BIND 205-101] Performing variable lifetime analysis.
INFO: [BIND 205-101] Exploring resource sharing.
INFO: [BIND 205-101] Binding ...
INFO: [BIND 205-100] Finished micro-architecture generation.
INFO: [HLS 200-111]  Elapsed time: 0.07 seconds; current allocated memory: 106.258 MB.
INFO: [HLS 200-10] ----------------------------------------------------------------
INFO: [HLS 200-10] -- Generating RTL for module 'ath_ant_div_conf_fast_divbias' 
INFO: [HLS 200-10] ----------------------------------------------------------------
INFO: [RTGEN 206-500] Setting interface mode on port 'ath_ant_div_conf_fast_divbias/ant_conf_div_group' to 'ap_none'.
INFO: [RTGEN 206-500] Setting interface mode on port 'ath_ant_div_conf_fast_divbias/ant_conf_main_lna_conf' to 'ap_none'.
INFO: [RTGEN 206-500] Setting interface mode on port 'ath_ant_div_conf_fast_divbias/ant_conf_alt_lna_conf' to 'ap_none'.
INFO: [RTGEN 206-500] Setting interface mode on port 'ath_ant_div_conf_fast_divbias/ant_conf_fast_div_bias' to 'ap_vld'.
INFO: [RTGEN 206-500] Setting interface mode on port 'ath_ant_div_conf_fast_divbias/ant_conf_alt_gaintb' to 'ap_vld'.
INFO: [RTGEN 206-500] Setting interface mode on port 'ath_ant_div_conf_fast_divbias/ant_conf_main_gaintb' to 'ap_vld'.
INFO: [RTGEN 206-500] Setting interface mode on port 'ath_ant_div_conf_fast_divbias/antcomb_ant_ratio' to 'ap_none'.
INFO: [RTGEN 206-500] Setting interface mode on port 'ath_ant_div_conf_fast_divbias/antcomb_fast_div_bias' to 'ap_none'.
INFO: [RTGEN 206-500] Setting interface mode on port 'ath_ant_div_conf_fast_divbias/antcomb_scan' to 'ap_none'.
INFO: [RTGEN 206-500] Setting interface mode on port 'ath_ant_div_conf_fast_divbias/alt_ratio' to 'ap_none'.
INFO: [RTGEN 206-500] Setting interface mode on function 'ath_ant_div_conf_fast_divbias' to 'ap_ctrl_hs'.
INFO: [RTGEN 206-100] Finished creating RTL model for 'ath_ant_div_conf_fast_divbias'.
INFO: [HLS 200-111]  Elapsed time: 0.13 seconds; current allocated memory: 106.965 MB.
INFO: [HLS 200-111] Finished generating all RTL models Time (s): cpu = 00:00:46 ; elapsed = 00:06:07 . Memory (MB): peak = 902.391 ; gain = 202.070 ; free physical = 27990 ; free virtual = 39346
INFO: [VHDL 208-304] Generating VHDL RTL for ath_ant_div_conf_fast_divbias.
INFO: [VLOG 209-307] Generating Verilog RTL for ath_ant_div_conf_fast_divbias.
WARNING: [HLS 200-40] No /home/vivado/HLStools/vivado/problema/proj_extr_.linuxdriversnetwirelessathath9kantenna.c_ath_ant_div_conf_fast_divbias_with_main.c/vivado_hls.app file found.
INFO: [HLS 200-10] Creating and opening solution '/home/vivado/HLStools/vivado/problema/proj_extr_.linuxdriversnetwirelessathath9kantenna.c_ath_ant_div_conf_fast_divbias_with_main.c/proj_extr_.linuxdriversstagingxgifbvb_setmode.c_XGI_AjustCRT2Rate_with_main.c'.
