==============================================================
Vivado(TM) HLS - High-Level Synthesis from C, C++ and SystemC v2019.1 (64-bit)
Copyright 1986-2019 Xilinx, Inc. All Rights Reserved.
==============================================================
INFO: [SYN 201-201] Setting up clock 'default' with a period of 5ns.
INFO: [SYN 201-201] Setting up clock 'default' with a period of 10ns.
INFO: [SCHED 204-61] Option 'relax_ii_for_timing' is enabled, will increase II to preserve clock frequency constraints.
INFO: [HLS 200-10] Analyzing design file 'extr_.nginxsrccorengx_parse.c_ngx_parse_time_with_main.c' ... 
WARNING: [HLS 200-40] In file included from extr_.nginxsrccorengx_parse.c_ngx_parse_time_with_main.c:1:
extr_.nginxsrccorengx_parse.c_ngx_parse_time_with_main.c:73:34: warning: implicit conversion from 'int' to 'ngx_int_t' (aka 'char') changes value from 31536000 to -128 [-Wconstant-conversion]
            scale = 60 * 60 * 24 * 365;
                  ~ ~~~~~~~~~~~~~^~~~~
extr_.nginxsrccorengx_parse.c_ngx_parse_time_with_main.c:82:34: warning: implicit conversion from 'int' to 'ngx_int_t' (aka 'char') changes value from 2592000 to 0 [-Wconstant-conversion]
            scale = 60 * 60 * 24 * 30;
                  ~ ~~~~~~~~~~~~~^~~~
extr_.nginxsrccorengx_parse.c_ngx_parse_time_with_main.c:91:34: warning: implicit conversion from 'int' to 'ngx_int_t' (aka 'char') changes value from 604800 to -128 [-Wconstant-conversion]
            scale = 60 * 60 * 24 * 7;
                  ~ ~~~~~~~~~~~~~^~~
extr_.nginxsrccorengx_parse.c_ngx_parse_time_with_main.c:100:29: warning: implicit conversion from 'int' to 'ngx_int_t' (aka 'char') changes value from 86400 to -128 [-Wconstant-conversion]
            scale = 60 * 60 * 24;
                  ~ ~~~~~~~~^~~~
extr_.nginxsrccorengx_parse.c_ngx_parse_time_with_main.c:109:24: warning: implicit conversion from 'int' to 'ngx_int_t' (aka 'char') changes value from 3600 to 16 [-Wconstant-conversion]
            scale = 60 * 60;
                  ~ ~~~^~~~
5 warnings generated.
INFO: [HLS 200-111] Finished Linking Time (s): cpu = 00:01:52 ; elapsed = 00:12:30 . Memory (MB): peak = 832.453 ; gain = 132.133 ; free physical = 14265 ; free virtual = 43769
INFO: [HLS 200-111] Finished Checking Pragmas Time (s): cpu = 00:01:52 ; elapsed = 00:12:30 . Memory (MB): peak = 832.453 ; gain = 132.133 ; free physical = 14265 ; free virtual = 43769
INFO: [HLS 200-10] Starting code transformations ...
INFO: [HLS 200-111] Finished Standard Transforms Time (s): cpu = 00:01:53 ; elapsed = 00:12:32 . Memory (MB): peak = 832.453 ; gain = 132.133 ; free physical = 14266 ; free virtual = 43769
INFO: [HLS 200-10] Checking synthesizability ...
ERROR: [SYNCHK 200-11] extr_.nginxsrccorengx_parse.c_ngx_parse_time_with_main.c:24: Argument 'line.data' of function 'ngx_parse_time' (extr_.nginxsrccorengx_parse.c_ngx_parse_time_with_main.c:24) has an unsynthesizable type (possible cause(s): pointer to pointer or global pointer).
ERROR: [SYNCHK 200-61] extr_.nginxsrccorengx_parse.c_ngx_parse_time_with_main.c:62: unsupported memory access on variable 'p' which is (or contains) an array with unknown size at compile time.
INFO: [SYNCHK 200-10] 2 error(s), 0 warning(s).
ERROR: [HLS 200-70] Synthesizability check failed.
INFO: [HLS 200-10] Opening project '/home/vivado/HLStools/vivado/214_revisao/proj_extr_.nginxsrccorengx_parse_time.c_ngx_parse_http_time_with_main.c'.
INFO: [HLS 200-10] Creating and opening solution '/home/vivado/HLStools/vivado/214_revisao/proj_extr_.nginxsrccorengx_parse_time.c_ngx_parse_http_time_with_main.c/sol'.
