

================================================================
== Vivado HLS Report for 'cp50221_0212_ext_wctomb'
================================================================
* Date:           Mon May 25 23:50:04 2020

* Version:        2019.1 (Build 2552052 on Fri May 24 15:28:33 MDT 2019)
* Project:        proj_extr_.BGAQRCode-Androidzbarsrcmainjnilibiconv-1.15libcp50221_0212_ext.h_cp50221_0212_ext_wctomb_with_main.c
* Solution:       solution1
* Product family: kintex7
* Target device:  xc7k160t-fbg484-1


================================================================
== Performance Estimates
================================================================
+ Timing (ns): 
    * Summary: 
    +--------+-------+----------+------------+
    |  Clock | Target| Estimated| Uncertainty|
    +--------+-------+----------+------------+
    |ap_clk  |  10.00|     4.601|        1.25|
    +--------+-------+----------+------------+

+ Latency (clock cycles): 
    * Summary: 
    +-----+-----+-----+-----+---------+
    |  Latency  |  Interval | Pipeline|
    | min | max | min | max |   Type  |
    +-----+-----+-----+-----+---------+
    |    1|    1|    1|    1|   none  |
    +-----+-----+-----+-----+---------+

    + Detail: 
        * Instance: 
        N/A

        * Loop: 
        N/A

============================================================
+ Verbose Summary: Synthesis Manager
============================================================
InlineROM: 1
ExposeGlobal: 0
============================================================
+ Verbose Summary: CDFG Model
============================================================
IsTopModel: 1
ResetActiveHigh: 1
IsCombinational: 0
IsDatapathOnly: 0
HasWiredReturn: 1
HasMFsm: 0
HasVarLatency: 1
IsPipeline: 0
IsRtlPipelined: 0
IsInstanceOverlapped: 0
IsDontTouch: 0
HasImplIP: 0
IsGatedGlobalClock: 0


============================================================
+ Verbose Summary: Schedule
============================================================
* Number of FSM states : 2
* Pipeline : 0
* Dataflow Pipeline: 0

* FSM state transitions: 
1 --> 2 
2 --> 

* FSM state operations: 

State 1 <SV = 0> <Delay = 4.60>
ST_1 : Operation 3 [1/1] (0.00ns)   --->   "call void (...)* @_ssdm_op_SpecBitsMap(i32 %conv) nounwind, !map !62"   --->   Operation 3 'specbitsmap' <Predicate = true> <Delay = 0.00>
ST_1 : Operation 4 [1/1] (0.00ns)   --->   "call void (...)* @_ssdm_op_SpecBitsMap([1000 x i8]* %r) nounwind, !map !68"   --->   Operation 4 'specbitsmap' <Predicate = true> <Delay = 0.00>
ST_1 : Operation 5 [1/1] (0.00ns)   --->   "call void (...)* @_ssdm_op_SpecBitsMap(i32 %wc) nounwind, !map !72"   --->   Operation 5 'specbitsmap' <Predicate = true> <Delay = 0.00>
ST_1 : Operation 6 [1/1] (0.00ns)   --->   "call void (...)* @_ssdm_op_SpecBitsMap(i64 %n) nounwind, !map !76"   --->   Operation 6 'specbitsmap' <Predicate = true> <Delay = 0.00>
ST_1 : Operation 7 [1/1] (0.00ns)   --->   "%wc_read = call i32 @_ssdm_op_Read.ap_auto.i32(i32 %wc) nounwind" [extr_.BGAQRCode-Androidzbarsrcmainjnilibiconv-1.15libcp50221_0212_ext.h_cp50221_0212_ext_wctomb_with_main.c:27]   --->   Operation 7 'read' 'wc_read' <Predicate = true> <Delay = 0.00>
ST_1 : Operation 8 [1/1] (0.00ns)   --->   "%r_addr = getelementptr [1000 x i8]* %r, i64 0, i64 0" [extr_.BGAQRCode-Androidzbarsrcmainjnilibiconv-1.15libcp50221_0212_ext.h_cp50221_0212_ext_wctomb_with_main.c:27]   --->   Operation 8 'getelementptr' 'r_addr' <Predicate = true> <Delay = 0.00>
ST_1 : Operation 9 [1/1] (0.00ns)   --->   "call void (...)* @_ssdm_op_SpecBitsMap(i32 0) nounwind, !map !80"   --->   Operation 9 'specbitsmap' <Predicate = true> <Delay = 0.00>
ST_1 : Operation 10 [1/1] (0.00ns)   --->   "call void (...)* @_ssdm_op_SpecTopModule([24 x i8]* @cp50221_0212_ext_wct) nounwind"   --->   Operation 10 'spectopmodule' <Predicate = true> <Delay = 0.00>
ST_1 : Operation 11 [1/1] (1.54ns)   --->   "%icmp_ln30 = icmp sgt i32 %wc_read, 8559" [extr_.BGAQRCode-Androidzbarsrcmainjnilibiconv-1.15libcp50221_0212_ext.h_cp50221_0212_ext_wctomb_with_main.c:30]   --->   Operation 11 'icmp' 'icmp_ln30' <Predicate = true> <Delay = 1.54> <Core = "Cmp">   --->   Core 25 'Cmp' <Latency = 0> <II = 1> <Delay = 1.18> <FuncUnit> <Opcode : 'icmp'> <InPorts = 2> <OutPorts = 1>
ST_1 : Operation 12 [1/1] (1.54ns)   --->   "%icmp_ln30_1 = icmp slt i32 %wc_read, 8576" [extr_.BGAQRCode-Androidzbarsrcmainjnilibiconv-1.15libcp50221_0212_ext.h_cp50221_0212_ext_wctomb_with_main.c:30]   --->   Operation 12 'icmp' 'icmp_ln30_1' <Predicate = true> <Delay = 1.54> <Core = "Cmp">   --->   Core 25 'Cmp' <Latency = 0> <II = 1> <Delay = 1.18> <FuncUnit> <Opcode : 'icmp'> <InPorts = 2> <OutPorts = 1>
ST_1 : Operation 13 [1/1] (0.61ns)   --->   "%and_ln30 = and i1 %icmp_ln30, %icmp_ln30_1" [extr_.BGAQRCode-Androidzbarsrcmainjnilibiconv-1.15libcp50221_0212_ext.h_cp50221_0212_ext_wctomb_with_main.c:30]   --->   Operation 13 'and' 'and_ln30' <Predicate = true> <Delay = 0.61> <Core = "LogicGate">   --->   Core 27 'LogicGate' <Latency = 0> <II = 1> <Delay = 0.61> <FuncUnit> <Opcode : 'and' 'or' 'xor'> <InPorts = 2> <OutPorts = 1>
ST_1 : Operation 14 [1/1] (2.43ns)   --->   "br i1 %and_ln30, label %._crit_edge, label %1" [extr_.BGAQRCode-Androidzbarsrcmainjnilibiconv-1.15libcp50221_0212_ext.h_cp50221_0212_ext_wctomb_with_main.c:30]   --->   Operation 14 'br' <Predicate = true> <Delay = 2.43>
ST_1 : Operation 15 [1/1] (1.54ns)   --->   "%icmp_ln32 = icmp eq i32 %wc_read, 20220" [extr_.BGAQRCode-Androidzbarsrcmainjnilibiconv-1.15libcp50221_0212_ext.h_cp50221_0212_ext_wctomb_with_main.c:32]   --->   Operation 15 'icmp' 'icmp_ln32' <Predicate = (!and_ln30)> <Delay = 1.54> <Core = "Cmp">   --->   Core 25 'Cmp' <Latency = 0> <II = 1> <Delay = 1.18> <FuncUnit> <Opcode : 'icmp'> <InPorts = 2> <OutPorts = 1>
ST_1 : Operation 16 [1/1] (2.43ns)   --->   "br i1 %icmp_ln32, label %._crit_edge, label %2" [extr_.BGAQRCode-Androidzbarsrcmainjnilibiconv-1.15libcp50221_0212_ext.h_cp50221_0212_ext_wctomb_with_main.c:32]   --->   Operation 16 'br' <Predicate = (!and_ln30)> <Delay = 2.43>
ST_1 : Operation 17 [1/1] (1.54ns)   --->   "%icmp_ln34 = icmp eq i32 %wc_read, 20724" [extr_.BGAQRCode-Androidzbarsrcmainjnilibiconv-1.15libcp50221_0212_ext.h_cp50221_0212_ext_wctomb_with_main.c:34]   --->   Operation 17 'icmp' 'icmp_ln34' <Predicate = (!and_ln30 & !icmp_ln32)> <Delay = 1.54> <Core = "Cmp">   --->   Core 25 'Cmp' <Latency = 0> <II = 1> <Delay = 1.18> <FuncUnit> <Opcode : 'icmp'> <InPorts = 2> <OutPorts = 1>
ST_1 : Operation 18 [1/1] (2.43ns)   --->   "br i1 %icmp_ln34, label %._crit_edge, label %3" [extr_.BGAQRCode-Androidzbarsrcmainjnilibiconv-1.15libcp50221_0212_ext.h_cp50221_0212_ext_wctomb_with_main.c:34]   --->   Operation 18 'br' <Predicate = (!and_ln30 & !icmp_ln32)> <Delay = 2.43>
ST_1 : Operation 19 [1/1] (1.54ns)   --->   "%icmp_ln36 = icmp eq i32 %wc_read, 20972" [extr_.BGAQRCode-Androidzbarsrcmainjnilibiconv-1.15libcp50221_0212_ext.h_cp50221_0212_ext_wctomb_with_main.c:36]   --->   Operation 19 'icmp' 'icmp_ln36' <Predicate = (!and_ln30 & !icmp_ln32 & !icmp_ln34)> <Delay = 1.54> <Core = "Cmp">   --->   Core 25 'Cmp' <Latency = 0> <II = 1> <Delay = 1.18> <FuncUnit> <Opcode : 'icmp'> <InPorts = 2> <OutPorts = 1>
ST_1 : Operation 20 [1/1] (2.43ns)   --->   "br i1 %icmp_ln36, label %._crit_edge, label %4" [extr_.BGAQRCode-Androidzbarsrcmainjnilibiconv-1.15libcp50221_0212_ext.h_cp50221_0212_ext_wctomb_with_main.c:36]   --->   Operation 20 'br' <Predicate = (!and_ln30 & !icmp_ln32 & !icmp_ln34)> <Delay = 2.43>
ST_1 : Operation 21 [1/1] (1.54ns)   --->   "%icmp_ln38 = icmp sgt i32 %wc_read, 21247" [extr_.BGAQRCode-Androidzbarsrcmainjnilibiconv-1.15libcp50221_0212_ext.h_cp50221_0212_ext_wctomb_with_main.c:38]   --->   Operation 21 'icmp' 'icmp_ln38' <Predicate = (!and_ln30 & !icmp_ln32 & !icmp_ln34 & !icmp_ln36)> <Delay = 1.54> <Core = "Cmp">   --->   Core 25 'Cmp' <Latency = 0> <II = 1> <Delay = 1.18> <FuncUnit> <Opcode : 'icmp'> <InPorts = 2> <OutPorts = 1>
ST_1 : Operation 22 [1/1] (1.54ns)   --->   "%icmp_ln38_1 = icmp slt i32 %wc_read, 21288" [extr_.BGAQRCode-Androidzbarsrcmainjnilibiconv-1.15libcp50221_0212_ext.h_cp50221_0212_ext_wctomb_with_main.c:38]   --->   Operation 22 'icmp' 'icmp_ln38_1' <Predicate = (!and_ln30 & !icmp_ln32 & !icmp_ln34 & !icmp_ln36)> <Delay = 1.54> <Core = "Cmp">   --->   Core 25 'Cmp' <Latency = 0> <II = 1> <Delay = 1.18> <FuncUnit> <Opcode : 'icmp'> <InPorts = 2> <OutPorts = 1>
ST_1 : Operation 23 [1/1] (0.61ns)   --->   "%and_ln38 = and i1 %icmp_ln38, %icmp_ln38_1" [extr_.BGAQRCode-Androidzbarsrcmainjnilibiconv-1.15libcp50221_0212_ext.h_cp50221_0212_ext_wctomb_with_main.c:38]   --->   Operation 23 'and' 'and_ln38' <Predicate = (!and_ln30 & !icmp_ln32 & !icmp_ln34 & !icmp_ln36)> <Delay = 0.61> <Core = "LogicGate">   --->   Core 27 'LogicGate' <Latency = 0> <II = 1> <Delay = 0.61> <FuncUnit> <Opcode : 'and' 'or' 'xor'> <InPorts = 2> <OutPorts = 1>
ST_1 : Operation 24 [1/1] (2.43ns)   --->   "br i1 %and_ln38, label %._crit_edge, label %5" [extr_.BGAQRCode-Androidzbarsrcmainjnilibiconv-1.15libcp50221_0212_ext.h_cp50221_0212_ext_wctomb_with_main.c:38]   --->   Operation 24 'br' <Predicate = (!and_ln30 & !icmp_ln32 & !icmp_ln34 & !icmp_ln36)> <Delay = 2.43>
ST_1 : Operation 25 [1/1] (1.54ns)   --->   "%icmp_ln40 = icmp eq i32 %wc_read, 21642" [extr_.BGAQRCode-Androidzbarsrcmainjnilibiconv-1.15libcp50221_0212_ext.h_cp50221_0212_ext_wctomb_with_main.c:40]   --->   Operation 25 'icmp' 'icmp_ln40' <Predicate = (!and_ln30 & !icmp_ln32 & !icmp_ln34 & !icmp_ln36 & !and_ln38)> <Delay = 1.54> <Core = "Cmp">   --->   Core 25 'Cmp' <Latency = 0> <II = 1> <Delay = 1.18> <FuncUnit> <Opcode : 'icmp'> <InPorts = 2> <OutPorts = 1>
ST_1 : Operation 26 [1/1] (2.43ns)   --->   "br i1 %icmp_ln40, label %._crit_edge, label %6" [extr_.BGAQRCode-Androidzbarsrcmainjnilibiconv-1.15libcp50221_0212_ext.h_cp50221_0212_ext_wctomb_with_main.c:40]   --->   Operation 26 'br' <Predicate = (!and_ln30 & !icmp_ln32 & !icmp_ln34 & !icmp_ln36 & !and_ln38)> <Delay = 2.43>
ST_1 : Operation 27 [1/1] (1.54ns)   --->   "%icmp_ln42 = icmp eq i32 %wc_read, 22361" [extr_.BGAQRCode-Androidzbarsrcmainjnilibiconv-1.15libcp50221_0212_ext.h_cp50221_0212_ext_wctomb_with_main.c:42]   --->   Operation 27 'icmp' 'icmp_ln42' <Predicate = (!and_ln30 & !icmp_ln32 & !icmp_ln34 & !icmp_ln36 & !and_ln38 & !icmp_ln40)> <Delay = 1.54> <Core = "Cmp">   --->   Core 25 'Cmp' <Latency = 0> <II = 1> <Delay = 1.18> <FuncUnit> <Opcode : 'icmp'> <InPorts = 2> <OutPorts = 1>
ST_1 : Operation 28 [1/1] (2.43ns)   --->   "br i1 %icmp_ln42, label %._crit_edge, label %7" [extr_.BGAQRCode-Androidzbarsrcmainjnilibiconv-1.15libcp50221_0212_ext.h_cp50221_0212_ext_wctomb_with_main.c:42]   --->   Operation 28 'br' <Predicate = (!and_ln30 & !icmp_ln32 & !icmp_ln34 & !icmp_ln36 & !and_ln38 & !icmp_ln40)> <Delay = 2.43>
ST_1 : Operation 29 [1/1] (1.54ns)   --->   "%icmp_ln44 = icmp eq i32 %wc_read, 22686" [extr_.BGAQRCode-Androidzbarsrcmainjnilibiconv-1.15libcp50221_0212_ext.h_cp50221_0212_ext_wctomb_with_main.c:44]   --->   Operation 29 'icmp' 'icmp_ln44' <Predicate = (!and_ln30 & !icmp_ln32 & !icmp_ln34 & !icmp_ln36 & !and_ln38 & !icmp_ln40 & !icmp_ln42)> <Delay = 1.54> <Core = "Cmp">   --->   Core 25 'Cmp' <Latency = 0> <II = 1> <Delay = 1.18> <FuncUnit> <Opcode : 'icmp'> <InPorts = 2> <OutPorts = 1>
ST_1 : Operation 30 [1/1] (2.43ns)   --->   "br i1 %icmp_ln44, label %._crit_edge, label %8" [extr_.BGAQRCode-Androidzbarsrcmainjnilibiconv-1.15libcp50221_0212_ext.h_cp50221_0212_ext_wctomb_with_main.c:44]   --->   Operation 30 'br' <Predicate = (!and_ln30 & !icmp_ln32 & !icmp_ln34 & !icmp_ln36 & !and_ln38 & !icmp_ln40 & !icmp_ln42)> <Delay = 2.43>
ST_1 : Operation 31 [1/1] (1.54ns)   --->   "%icmp_ln46 = icmp eq i32 %wc_read, 23532" [extr_.BGAQRCode-Androidzbarsrcmainjnilibiconv-1.15libcp50221_0212_ext.h_cp50221_0212_ext_wctomb_with_main.c:46]   --->   Operation 31 'icmp' 'icmp_ln46' <Predicate = (!and_ln30 & !icmp_ln32 & !icmp_ln34 & !icmp_ln36 & !and_ln38 & !icmp_ln40 & !icmp_ln42 & !icmp_ln44)> <Delay = 1.54> <Core = "Cmp">   --->   Core 25 'Cmp' <Latency = 0> <II = 1> <Delay = 1.18> <FuncUnit> <Opcode : 'icmp'> <InPorts = 2> <OutPorts = 1>
ST_1 : Operation 32 [1/1] (2.43ns)   --->   "br i1 %icmp_ln46, label %._crit_edge, label %9" [extr_.BGAQRCode-Androidzbarsrcmainjnilibiconv-1.15libcp50221_0212_ext.h_cp50221_0212_ext_wctomb_with_main.c:46]   --->   Operation 32 'br' <Predicate = (!and_ln30 & !icmp_ln32 & !icmp_ln34 & !icmp_ln36 & !and_ln38 & !icmp_ln40 & !icmp_ln42 & !icmp_ln44)> <Delay = 2.43>
ST_1 : Operation 33 [1/1] (1.54ns)   --->   "%icmp_ln48 = icmp eq i32 %wc_read, 23797" [extr_.BGAQRCode-Androidzbarsrcmainjnilibiconv-1.15libcp50221_0212_ext.h_cp50221_0212_ext_wctomb_with_main.c:48]   --->   Operation 33 'icmp' 'icmp_ln48' <Predicate = (!and_ln30 & !icmp_ln32 & !icmp_ln34 & !icmp_ln36 & !and_ln38 & !icmp_ln40 & !icmp_ln42 & !icmp_ln44 & !icmp_ln46)> <Delay = 1.54> <Core = "Cmp">   --->   Core 25 'Cmp' <Latency = 0> <II = 1> <Delay = 1.18> <FuncUnit> <Opcode : 'icmp'> <InPorts = 2> <OutPorts = 1>
ST_1 : Operation 34 [1/1] (2.43ns)   --->   "br i1 %icmp_ln48, label %._crit_edge, label %10" [extr_.BGAQRCode-Androidzbarsrcmainjnilibiconv-1.15libcp50221_0212_ext.h_cp50221_0212_ext_wctomb_with_main.c:48]   --->   Operation 34 'br' <Predicate = (!and_ln30 & !icmp_ln32 & !icmp_ln34 & !icmp_ln36 & !and_ln38 & !icmp_ln40 & !icmp_ln42 & !icmp_ln44 & !icmp_ln46)> <Delay = 2.43>
ST_1 : Operation 35 [1/1] (1.54ns)   --->   "%icmp_ln50 = icmp eq i32 %wc_read, 23891" [extr_.BGAQRCode-Androidzbarsrcmainjnilibiconv-1.15libcp50221_0212_ext.h_cp50221_0212_ext_wctomb_with_main.c:50]   --->   Operation 35 'icmp' 'icmp_ln50' <Predicate = (!and_ln30 & !icmp_ln32 & !icmp_ln34 & !icmp_ln36 & !and_ln38 & !icmp_ln40 & !icmp_ln42 & !icmp_ln44 & !icmp_ln46 & !icmp_ln48)> <Delay = 1.54> <Core = "Cmp">   --->   Core 25 'Cmp' <Latency = 0> <II = 1> <Delay = 1.18> <FuncUnit> <Opcode : 'icmp'> <InPorts = 2> <OutPorts = 1>
ST_1 : Operation 36 [1/1] (2.43ns)   --->   "br i1 %icmp_ln50, label %._crit_edge, label %11" [extr_.BGAQRCode-Androidzbarsrcmainjnilibiconv-1.15libcp50221_0212_ext.h_cp50221_0212_ext_wctomb_with_main.c:50]   --->   Operation 36 'br' <Predicate = (!and_ln30 & !icmp_ln32 & !icmp_ln34 & !icmp_ln36 & !and_ln38 & !icmp_ln40 & !icmp_ln42 & !icmp_ln44 & !icmp_ln46 & !icmp_ln48)> <Delay = 2.43>
ST_1 : Operation 37 [1/1] (1.54ns)   --->   "%icmp_ln52 = icmp eq i32 %wc_read, 24503" [extr_.BGAQRCode-Androidzbarsrcmainjnilibiconv-1.15libcp50221_0212_ext.h_cp50221_0212_ext_wctomb_with_main.c:52]   --->   Operation 37 'icmp' 'icmp_ln52' <Predicate = (!and_ln30 & !icmp_ln32 & !icmp_ln34 & !icmp_ln36 & !and_ln38 & !icmp_ln40 & !icmp_ln42 & !icmp_ln44 & !icmp_ln46 & !icmp_ln48 & !icmp_ln50)> <Delay = 1.54> <Core = "Cmp">   --->   Core 25 'Cmp' <Latency = 0> <II = 1> <Delay = 1.18> <FuncUnit> <Opcode : 'icmp'> <InPorts = 2> <OutPorts = 1>
ST_1 : Operation 38 [1/1] (2.43ns)   --->   "br i1 %icmp_ln52, label %._crit_edge, label %12" [extr_.BGAQRCode-Androidzbarsrcmainjnilibiconv-1.15libcp50221_0212_ext.h_cp50221_0212_ext_wctomb_with_main.c:52]   --->   Operation 38 'br' <Predicate = (!and_ln30 & !icmp_ln32 & !icmp_ln34 & !icmp_ln36 & !and_ln38 & !icmp_ln40 & !icmp_ln42 & !icmp_ln44 & !icmp_ln46 & !icmp_ln48 & !icmp_ln50)> <Delay = 2.43>
ST_1 : Operation 39 [1/1] (1.54ns)   --->   "%icmp_ln54 = icmp eq i32 %wc_read, 24709" [extr_.BGAQRCode-Androidzbarsrcmainjnilibiconv-1.15libcp50221_0212_ext.h_cp50221_0212_ext_wctomb_with_main.c:54]   --->   Operation 39 'icmp' 'icmp_ln54' <Predicate = (!and_ln30 & !icmp_ln32 & !icmp_ln34 & !icmp_ln36 & !and_ln38 & !icmp_ln40 & !icmp_ln42 & !icmp_ln44 & !icmp_ln46 & !icmp_ln48 & !icmp_ln50 & !icmp_ln52)> <Delay = 1.54> <Core = "Cmp">   --->   Core 25 'Cmp' <Latency = 0> <II = 1> <Delay = 1.18> <FuncUnit> <Opcode : 'icmp'> <InPorts = 2> <OutPorts = 1>
ST_1 : Operation 40 [1/1] (2.43ns)   --->   "br i1 %icmp_ln54, label %._crit_edge, label %13" [extr_.BGAQRCode-Androidzbarsrcmainjnilibiconv-1.15libcp50221_0212_ext.h_cp50221_0212_ext_wctomb_with_main.c:54]   --->   Operation 40 'br' <Predicate = (!and_ln30 & !icmp_ln32 & !icmp_ln34 & !icmp_ln36 & !and_ln38 & !icmp_ln40 & !icmp_ln42 & !icmp_ln44 & !icmp_ln46 & !icmp_ln48 & !icmp_ln50 & !icmp_ln52)> <Delay = 2.43>
ST_1 : Operation 41 [1/1] (1.54ns)   --->   "%icmp_ln56 = icmp eq i32 %wc_read, 24864" [extr_.BGAQRCode-Androidzbarsrcmainjnilibiconv-1.15libcp50221_0212_ext.h_cp50221_0212_ext_wctomb_with_main.c:56]   --->   Operation 41 'icmp' 'icmp_ln56' <Predicate = (!and_ln30 & !icmp_ln32 & !icmp_ln34 & !icmp_ln36 & !and_ln38 & !icmp_ln40 & !icmp_ln42 & !icmp_ln44 & !icmp_ln46 & !icmp_ln48 & !icmp_ln50 & !icmp_ln52 & !icmp_ln54)> <Delay = 1.54> <Core = "Cmp">   --->   Core 25 'Cmp' <Latency = 0> <II = 1> <Delay = 1.18> <FuncUnit> <Opcode : 'icmp'> <InPorts = 2> <OutPorts = 1>
ST_1 : Operation 42 [1/1] (2.43ns)   --->   "br i1 %icmp_ln56, label %._crit_edge, label %14" [extr_.BGAQRCode-Androidzbarsrcmainjnilibiconv-1.15libcp50221_0212_ext.h_cp50221_0212_ext_wctomb_with_main.c:56]   --->   Operation 42 'br' <Predicate = (!and_ln30 & !icmp_ln32 & !icmp_ln34 & !icmp_ln36 & !and_ln38 & !icmp_ln40 & !icmp_ln42 & !icmp_ln44 & !icmp_ln46 & !icmp_ln48 & !icmp_ln50 & !icmp_ln52 & !icmp_ln54)> <Delay = 2.43>
ST_1 : Operation 43 [1/1] (1.54ns)   --->   "%icmp_ln58 = icmp eq i32 %wc_read, 25934" [extr_.BGAQRCode-Androidzbarsrcmainjnilibiconv-1.15libcp50221_0212_ext.h_cp50221_0212_ext_wctomb_with_main.c:58]   --->   Operation 43 'icmp' 'icmp_ln58' <Predicate = (!and_ln30 & !icmp_ln32 & !icmp_ln34 & !icmp_ln36 & !and_ln38 & !icmp_ln40 & !icmp_ln42 & !icmp_ln44 & !icmp_ln46 & !icmp_ln48 & !icmp_ln50 & !icmp_ln52 & !icmp_ln54 & !icmp_ln56)> <Delay = 1.54> <Core = "Cmp">   --->   Core 25 'Cmp' <Latency = 0> <II = 1> <Delay = 1.18> <FuncUnit> <Opcode : 'icmp'> <InPorts = 2> <OutPorts = 1>
ST_1 : Operation 44 [1/1] (2.43ns)   --->   "br i1 %icmp_ln58, label %._crit_edge, label %15" [extr_.BGAQRCode-Androidzbarsrcmainjnilibiconv-1.15libcp50221_0212_ext.h_cp50221_0212_ext_wctomb_with_main.c:58]   --->   Operation 44 'br' <Predicate = (!and_ln30 & !icmp_ln32 & !icmp_ln34 & !icmp_ln36 & !and_ln38 & !icmp_ln40 & !icmp_ln42 & !icmp_ln44 & !icmp_ln46 & !icmp_ln48 & !icmp_ln50 & !icmp_ln52 & !icmp_ln54 & !icmp_ln56)> <Delay = 2.43>
ST_1 : Operation 45 [1/1] (1.54ns)   --->   "%icmp_ln60 = icmp eq i32 %wc_read, 26213" [extr_.BGAQRCode-Androidzbarsrcmainjnilibiconv-1.15libcp50221_0212_ext.h_cp50221_0212_ext_wctomb_with_main.c:60]   --->   Operation 45 'icmp' 'icmp_ln60' <Predicate = (!and_ln30 & !icmp_ln32 & !icmp_ln34 & !icmp_ln36 & !and_ln38 & !icmp_ln40 & !icmp_ln42 & !icmp_ln44 & !icmp_ln46 & !icmp_ln48 & !icmp_ln50 & !icmp_ln52 & !icmp_ln54 & !icmp_ln56 & !icmp_ln58)> <Delay = 1.54> <Core = "Cmp">   --->   Core 25 'Cmp' <Latency = 0> <II = 1> <Delay = 1.18> <FuncUnit> <Opcode : 'icmp'> <InPorts = 2> <OutPorts = 1>
ST_1 : Operation 46 [1/1] (2.43ns)   --->   "br i1 %icmp_ln60, label %._crit_edge, label %16" [extr_.BGAQRCode-Androidzbarsrcmainjnilibiconv-1.15libcp50221_0212_ext.h_cp50221_0212_ext_wctomb_with_main.c:60]   --->   Operation 46 'br' <Predicate = (!and_ln30 & !icmp_ln32 & !icmp_ln34 & !icmp_ln36 & !and_ln38 & !icmp_ln40 & !icmp_ln42 & !icmp_ln44 & !icmp_ln46 & !icmp_ln48 & !icmp_ln50 & !icmp_ln52 & !icmp_ln54 & !icmp_ln56 & !icmp_ln58)> <Delay = 2.43>
ST_1 : Operation 47 [1/1] (1.54ns)   --->   "%icmp_ln62 = icmp eq i32 %wc_read, 26625" [extr_.BGAQRCode-Androidzbarsrcmainjnilibiconv-1.15libcp50221_0212_ext.h_cp50221_0212_ext_wctomb_with_main.c:62]   --->   Operation 47 'icmp' 'icmp_ln62' <Predicate = (!and_ln30 & !icmp_ln32 & !icmp_ln34 & !icmp_ln36 & !and_ln38 & !icmp_ln40 & !icmp_ln42 & !icmp_ln44 & !icmp_ln46 & !icmp_ln48 & !icmp_ln50 & !icmp_ln52 & !icmp_ln54 & !icmp_ln56 & !icmp_ln58 & !icmp_ln60)> <Delay = 1.54> <Core = "Cmp">   --->   Core 25 'Cmp' <Latency = 0> <II = 1> <Delay = 1.18> <FuncUnit> <Opcode : 'icmp'> <InPorts = 2> <OutPorts = 1>
ST_1 : Operation 48 [1/1] (2.43ns)   --->   "br i1 %icmp_ln62, label %._crit_edge, label %17" [extr_.BGAQRCode-Androidzbarsrcmainjnilibiconv-1.15libcp50221_0212_ext.h_cp50221_0212_ext_wctomb_with_main.c:62]   --->   Operation 48 'br' <Predicate = (!and_ln30 & !icmp_ln32 & !icmp_ln34 & !icmp_ln36 & !and_ln38 & !icmp_ln40 & !icmp_ln42 & !icmp_ln44 & !icmp_ln46 & !icmp_ln48 & !icmp_ln50 & !icmp_ln52 & !icmp_ln54 & !icmp_ln56 & !icmp_ln58 & !icmp_ln60)> <Delay = 2.43>
ST_1 : Operation 49 [1/1] (1.54ns)   --->   "%icmp_ln64 = icmp eq i32 %wc_read, 27243" [extr_.BGAQRCode-Androidzbarsrcmainjnilibiconv-1.15libcp50221_0212_ext.h_cp50221_0212_ext_wctomb_with_main.c:64]   --->   Operation 49 'icmp' 'icmp_ln64' <Predicate = (!and_ln30 & !icmp_ln32 & !icmp_ln34 & !icmp_ln36 & !and_ln38 & !icmp_ln40 & !icmp_ln42 & !icmp_ln44 & !icmp_ln46 & !icmp_ln48 & !icmp_ln50 & !icmp_ln52 & !icmp_ln54 & !icmp_ln56 & !icmp_ln58 & !icmp_ln60 & !icmp_ln62)> <Delay = 1.54> <Core = "Cmp">   --->   Core 25 'Cmp' <Latency = 0> <II = 1> <Delay = 1.18> <FuncUnit> <Opcode : 'icmp'> <InPorts = 2> <OutPorts = 1>
ST_1 : Operation 50 [1/1] (2.43ns)   --->   "br i1 %icmp_ln64, label %._crit_edge, label %18" [extr_.BGAQRCode-Androidzbarsrcmainjnilibiconv-1.15libcp50221_0212_ext.h_cp50221_0212_ext_wctomb_with_main.c:64]   --->   Operation 50 'br' <Predicate = (!and_ln30 & !icmp_ln32 & !icmp_ln34 & !icmp_ln36 & !and_ln38 & !icmp_ln40 & !icmp_ln42 & !icmp_ln44 & !icmp_ln46 & !icmp_ln48 & !icmp_ln50 & !icmp_ln52 & !icmp_ln54 & !icmp_ln56 & !icmp_ln58 & !icmp_ln60 & !icmp_ln62)> <Delay = 2.43>
ST_1 : Operation 51 [1/1] (1.54ns)   --->   "%icmp_ln66 = icmp eq i32 %wc_read, 27362" [extr_.BGAQRCode-Androidzbarsrcmainjnilibiconv-1.15libcp50221_0212_ext.h_cp50221_0212_ext_wctomb_with_main.c:66]   --->   Operation 51 'icmp' 'icmp_ln66' <Predicate = (!and_ln30 & !icmp_ln32 & !icmp_ln34 & !icmp_ln36 & !and_ln38 & !icmp_ln40 & !icmp_ln42 & !icmp_ln44 & !icmp_ln46 & !icmp_ln48 & !icmp_ln50 & !icmp_ln52 & !icmp_ln54 & !icmp_ln56 & !icmp_ln58 & !icmp_ln60 & !icmp_ln62 & !icmp_ln64)> <Delay = 1.54> <Core = "Cmp">   --->   Core 25 'Cmp' <Latency = 0> <II = 1> <Delay = 1.18> <FuncUnit> <Opcode : 'icmp'> <InPorts = 2> <OutPorts = 1>
ST_1 : Operation 52 [1/1] (2.43ns)   --->   "br i1 %icmp_ln66, label %._crit_edge, label %19" [extr_.BGAQRCode-Androidzbarsrcmainjnilibiconv-1.15libcp50221_0212_ext.h_cp50221_0212_ext_wctomb_with_main.c:66]   --->   Operation 52 'br' <Predicate = (!and_ln30 & !icmp_ln32 & !icmp_ln34 & !icmp_ln36 & !and_ln38 & !icmp_ln40 & !icmp_ln42 & !icmp_ln44 & !icmp_ln46 & !icmp_ln48 & !icmp_ln50 & !icmp_ln52 & !icmp_ln54 & !icmp_ln56 & !icmp_ln58 & !icmp_ln60 & !icmp_ln62 & !icmp_ln64)> <Delay = 2.43>
ST_1 : Operation 53 [1/1] (1.54ns)   --->   "%icmp_ln68 = icmp sgt i32 %wc_read, 28143" [extr_.BGAQRCode-Androidzbarsrcmainjnilibiconv-1.15libcp50221_0212_ext.h_cp50221_0212_ext_wctomb_with_main.c:68]   --->   Operation 53 'icmp' 'icmp_ln68' <Predicate = (!and_ln30 & !icmp_ln32 & !icmp_ln34 & !icmp_ln36 & !and_ln38 & !icmp_ln40 & !icmp_ln42 & !icmp_ln44 & !icmp_ln46 & !icmp_ln48 & !icmp_ln50 & !icmp_ln52 & !icmp_ln54 & !icmp_ln56 & !icmp_ln58 & !icmp_ln60 & !icmp_ln62 & !icmp_ln64 & !icmp_ln66)> <Delay = 1.54> <Core = "Cmp">   --->   Core 25 'Cmp' <Latency = 0> <II = 1> <Delay = 1.18> <FuncUnit> <Opcode : 'icmp'> <InPorts = 2> <OutPorts = 1>
ST_1 : Operation 54 [1/1] (1.54ns)   --->   "%icmp_ln68_1 = icmp slt i32 %wc_read, 28160" [extr_.BGAQRCode-Androidzbarsrcmainjnilibiconv-1.15libcp50221_0212_ext.h_cp50221_0212_ext_wctomb_with_main.c:68]   --->   Operation 54 'icmp' 'icmp_ln68_1' <Predicate = (!and_ln30 & !icmp_ln32 & !icmp_ln34 & !icmp_ln36 & !and_ln38 & !icmp_ln40 & !icmp_ln42 & !icmp_ln44 & !icmp_ln46 & !icmp_ln48 & !icmp_ln50 & !icmp_ln52 & !icmp_ln54 & !icmp_ln56 & !icmp_ln58 & !icmp_ln60 & !icmp_ln62 & !icmp_ln64 & !icmp_ln66)> <Delay = 1.54> <Core = "Cmp">   --->   Core 25 'Cmp' <Latency = 0> <II = 1> <Delay = 1.18> <FuncUnit> <Opcode : 'icmp'> <InPorts = 2> <OutPorts = 1>
ST_1 : Operation 55 [1/1] (0.61ns)   --->   "%and_ln68 = and i1 %icmp_ln68, %icmp_ln68_1" [extr_.BGAQRCode-Androidzbarsrcmainjnilibiconv-1.15libcp50221_0212_ext.h_cp50221_0212_ext_wctomb_with_main.c:68]   --->   Operation 55 'and' 'and_ln68' <Predicate = (!and_ln30 & !icmp_ln32 & !icmp_ln34 & !icmp_ln36 & !and_ln38 & !icmp_ln40 & !icmp_ln42 & !icmp_ln44 & !icmp_ln46 & !icmp_ln48 & !icmp_ln50 & !icmp_ln52 & !icmp_ln54 & !icmp_ln56 & !icmp_ln58 & !icmp_ln60 & !icmp_ln62 & !icmp_ln64 & !icmp_ln66)> <Delay = 0.61> <Core = "LogicGate">   --->   Core 27 'LogicGate' <Latency = 0> <II = 1> <Delay = 0.61> <FuncUnit> <Opcode : 'and' 'or' 'xor'> <InPorts = 2> <OutPorts = 1>
ST_1 : Operation 56 [1/1] (2.43ns)   --->   "br i1 %and_ln68, label %._crit_edge, label %20" [extr_.BGAQRCode-Androidzbarsrcmainjnilibiconv-1.15libcp50221_0212_ext.h_cp50221_0212_ext_wctomb_with_main.c:68]   --->   Operation 56 'br' <Predicate = (!and_ln30 & !icmp_ln32 & !icmp_ln34 & !icmp_ln36 & !and_ln38 & !icmp_ln40 & !icmp_ln42 & !icmp_ln44 & !icmp_ln46 & !icmp_ln48 & !icmp_ln50 & !icmp_ln52 & !icmp_ln54 & !icmp_ln56 & !icmp_ln58 & !icmp_ln60 & !icmp_ln62 & !icmp_ln64 & !icmp_ln66)> <Delay = 2.43>
ST_1 : Operation 57 [1/1] (1.54ns)   --->   "%icmp_ln70 = icmp eq i32 %wc_read, 28712" [extr_.BGAQRCode-Androidzbarsrcmainjnilibiconv-1.15libcp50221_0212_ext.h_cp50221_0212_ext_wctomb_with_main.c:70]   --->   Operation 57 'icmp' 'icmp_ln70' <Predicate = (!and_ln30 & !icmp_ln32 & !icmp_ln34 & !icmp_ln36 & !and_ln38 & !icmp_ln40 & !icmp_ln42 & !icmp_ln44 & !icmp_ln46 & !icmp_ln48 & !icmp_ln50 & !icmp_ln52 & !icmp_ln54 & !icmp_ln56 & !icmp_ln58 & !icmp_ln60 & !icmp_ln62 & !icmp_ln64 & !icmp_ln66 & !and_ln68)> <Delay = 1.54> <Core = "Cmp">   --->   Core 25 'Cmp' <Latency = 0> <II = 1> <Delay = 1.18> <FuncUnit> <Opcode : 'icmp'> <InPorts = 2> <OutPorts = 1>
ST_1 : Operation 58 [1/1] (2.43ns)   --->   "br i1 %icmp_ln70, label %._crit_edge, label %21" [extr_.BGAQRCode-Androidzbarsrcmainjnilibiconv-1.15libcp50221_0212_ext.h_cp50221_0212_ext_wctomb_with_main.c:70]   --->   Operation 58 'br' <Predicate = (!and_ln30 & !icmp_ln32 & !icmp_ln34 & !icmp_ln36 & !and_ln38 & !icmp_ln40 & !icmp_ln42 & !icmp_ln44 & !icmp_ln46 & !icmp_ln48 & !icmp_ln50 & !icmp_ln52 & !icmp_ln54 & !icmp_ln56 & !icmp_ln58 & !icmp_ln60 & !icmp_ln62 & !icmp_ln64 & !icmp_ln66 & !and_ln68)> <Delay = 2.43>
ST_1 : Operation 59 [1/1] (1.54ns)   --->   "%icmp_ln72 = icmp eq i32 %wc_read, 28859" [extr_.BGAQRCode-Androidzbarsrcmainjnilibiconv-1.15libcp50221_0212_ext.h_cp50221_0212_ext_wctomb_with_main.c:72]   --->   Operation 59 'icmp' 'icmp_ln72' <Predicate = (!and_ln30 & !icmp_ln32 & !icmp_ln34 & !icmp_ln36 & !and_ln38 & !icmp_ln40 & !icmp_ln42 & !icmp_ln44 & !icmp_ln46 & !icmp_ln48 & !icmp_ln50 & !icmp_ln52 & !icmp_ln54 & !icmp_ln56 & !icmp_ln58 & !icmp_ln60 & !icmp_ln62 & !icmp_ln64 & !icmp_ln66 & !and_ln68 & !icmp_ln70)> <Delay = 1.54> <Core = "Cmp">   --->   Core 25 'Cmp' <Latency = 0> <II = 1> <Delay = 1.18> <FuncUnit> <Opcode : 'icmp'> <InPorts = 2> <OutPorts = 1>
ST_1 : Operation 60 [1/1] (2.43ns)   --->   "br i1 %icmp_ln72, label %._crit_edge, label %22" [extr_.BGAQRCode-Androidzbarsrcmainjnilibiconv-1.15libcp50221_0212_ext.h_cp50221_0212_ext_wctomb_with_main.c:72]   --->   Operation 60 'br' <Predicate = (!and_ln30 & !icmp_ln32 & !icmp_ln34 & !icmp_ln36 & !and_ln38 & !icmp_ln40 & !icmp_ln42 & !icmp_ln44 & !icmp_ln46 & !icmp_ln48 & !icmp_ln50 & !icmp_ln52 & !icmp_ln54 & !icmp_ln56 & !icmp_ln58 & !icmp_ln60 & !icmp_ln62 & !icmp_ln64 & !icmp_ln66 & !and_ln68 & !icmp_ln70)> <Delay = 2.43>
ST_1 : Operation 61 [1/1] (1.54ns)   --->   "%icmp_ln74 = icmp eq i32 %wc_read, 29953" [extr_.BGAQRCode-Androidzbarsrcmainjnilibiconv-1.15libcp50221_0212_ext.h_cp50221_0212_ext_wctomb_with_main.c:74]   --->   Operation 61 'icmp' 'icmp_ln74' <Predicate = (!and_ln30 & !icmp_ln32 & !icmp_ln34 & !icmp_ln36 & !and_ln38 & !icmp_ln40 & !icmp_ln42 & !icmp_ln44 & !icmp_ln46 & !icmp_ln48 & !icmp_ln50 & !icmp_ln52 & !icmp_ln54 & !icmp_ln56 & !icmp_ln58 & !icmp_ln60 & !icmp_ln62 & !icmp_ln64 & !icmp_ln66 & !and_ln68 & !icmp_ln70 & !icmp_ln72)> <Delay = 1.54> <Core = "Cmp">   --->   Core 25 'Cmp' <Latency = 0> <II = 1> <Delay = 1.18> <FuncUnit> <Opcode : 'icmp'> <InPorts = 2> <OutPorts = 1>
ST_1 : Operation 62 [1/1] (2.43ns)   --->   "br i1 %icmp_ln74, label %._crit_edge, label %23" [extr_.BGAQRCode-Androidzbarsrcmainjnilibiconv-1.15libcp50221_0212_ext.h_cp50221_0212_ext_wctomb_with_main.c:74]   --->   Operation 62 'br' <Predicate = (!and_ln30 & !icmp_ln32 & !icmp_ln34 & !icmp_ln36 & !and_ln38 & !icmp_ln40 & !icmp_ln42 & !icmp_ln44 & !icmp_ln46 & !icmp_ln48 & !icmp_ln50 & !icmp_ln52 & !icmp_ln54 & !icmp_ln56 & !icmp_ln58 & !icmp_ln60 & !icmp_ln62 & !icmp_ln64 & !icmp_ln66 & !and_ln68 & !icmp_ln70 & !icmp_ln72)> <Delay = 2.43>
ST_1 : Operation 63 [1/1] (1.54ns)   --->   "%icmp_ln76 = icmp sgt i32 %wc_read, 30335" [extr_.BGAQRCode-Androidzbarsrcmainjnilibiconv-1.15libcp50221_0212_ext.h_cp50221_0212_ext_wctomb_with_main.c:76]   --->   Operation 63 'icmp' 'icmp_ln76' <Predicate = (!and_ln30 & !icmp_ln32 & !icmp_ln34 & !icmp_ln36 & !and_ln38 & !icmp_ln40 & !icmp_ln42 & !icmp_ln44 & !icmp_ln46 & !icmp_ln48 & !icmp_ln50 & !icmp_ln52 & !icmp_ln54 & !icmp_ln56 & !icmp_ln58 & !icmp_ln60 & !icmp_ln62 & !icmp_ln64 & !icmp_ln66 & !and_ln68 & !icmp_ln70 & !icmp_ln72 & !icmp_ln74)> <Delay = 1.54> <Core = "Cmp">   --->   Core 25 'Cmp' <Latency = 0> <II = 1> <Delay = 1.18> <FuncUnit> <Opcode : 'icmp'> <InPorts = 2> <OutPorts = 1>
ST_1 : Operation 64 [1/1] (1.54ns)   --->   "%icmp_ln76_1 = icmp slt i32 %wc_read, 30368" [extr_.BGAQRCode-Androidzbarsrcmainjnilibiconv-1.15libcp50221_0212_ext.h_cp50221_0212_ext_wctomb_with_main.c:76]   --->   Operation 64 'icmp' 'icmp_ln76_1' <Predicate = (!and_ln30 & !icmp_ln32 & !icmp_ln34 & !icmp_ln36 & !and_ln38 & !icmp_ln40 & !icmp_ln42 & !icmp_ln44 & !icmp_ln46 & !icmp_ln48 & !icmp_ln50 & !icmp_ln52 & !icmp_ln54 & !icmp_ln56 & !icmp_ln58 & !icmp_ln60 & !icmp_ln62 & !icmp_ln64 & !icmp_ln66 & !and_ln68 & !icmp_ln70 & !icmp_ln72 & !icmp_ln74)> <Delay = 1.54> <Core = "Cmp">   --->   Core 25 'Cmp' <Latency = 0> <II = 1> <Delay = 1.18> <FuncUnit> <Opcode : 'icmp'> <InPorts = 2> <OutPorts = 1>
ST_1 : Operation 65 [1/1] (0.61ns)   --->   "%and_ln76 = and i1 %icmp_ln76, %icmp_ln76_1" [extr_.BGAQRCode-Androidzbarsrcmainjnilibiconv-1.15libcp50221_0212_ext.h_cp50221_0212_ext_wctomb_with_main.c:76]   --->   Operation 65 'and' 'and_ln76' <Predicate = (!and_ln30 & !icmp_ln32 & !icmp_ln34 & !icmp_ln36 & !and_ln38 & !icmp_ln40 & !icmp_ln42 & !icmp_ln44 & !icmp_ln46 & !icmp_ln48 & !icmp_ln50 & !icmp_ln52 & !icmp_ln54 & !icmp_ln56 & !icmp_ln58 & !icmp_ln60 & !icmp_ln62 & !icmp_ln64 & !icmp_ln66 & !and_ln68 & !icmp_ln70 & !icmp_ln72 & !icmp_ln74)> <Delay = 0.61> <Core = "LogicGate">   --->   Core 27 'LogicGate' <Latency = 0> <II = 1> <Delay = 0.61> <FuncUnit> <Opcode : 'and' 'or' 'xor'> <InPorts = 2> <OutPorts = 1>
ST_1 : Operation 66 [1/1] (2.43ns)   --->   "br i1 %and_ln76, label %._crit_edge, label %24" [extr_.BGAQRCode-Androidzbarsrcmainjnilibiconv-1.15libcp50221_0212_ext.h_cp50221_0212_ext_wctomb_with_main.c:76]   --->   Operation 66 'br' <Predicate = (!and_ln30 & !icmp_ln32 & !icmp_ln34 & !icmp_ln36 & !and_ln38 & !icmp_ln40 & !icmp_ln42 & !icmp_ln44 & !icmp_ln46 & !icmp_ln48 & !icmp_ln50 & !icmp_ln52 & !icmp_ln54 & !icmp_ln56 & !icmp_ln58 & !icmp_ln60 & !icmp_ln62 & !icmp_ln64 & !icmp_ln66 & !and_ln68 & !icmp_ln70 & !icmp_ln72 & !icmp_ln74)> <Delay = 2.43>
ST_1 : Operation 67 [1/1] (1.54ns)   --->   "%icmp_ln78 = icmp eq i32 %wc_read, 31024" [extr_.BGAQRCode-Androidzbarsrcmainjnilibiconv-1.15libcp50221_0212_ext.h_cp50221_0212_ext_wctomb_with_main.c:78]   --->   Operation 67 'icmp' 'icmp_ln78' <Predicate = (!and_ln30 & !icmp_ln32 & !icmp_ln34 & !icmp_ln36 & !and_ln38 & !icmp_ln40 & !icmp_ln42 & !icmp_ln44 & !icmp_ln46 & !icmp_ln48 & !icmp_ln50 & !icmp_ln52 & !icmp_ln54 & !icmp_ln56 & !icmp_ln58 & !icmp_ln60 & !icmp_ln62 & !icmp_ln64 & !icmp_ln66 & !and_ln68 & !icmp_ln70 & !icmp_ln72 & !icmp_ln74 & !and_ln76)> <Delay = 1.54> <Core = "Cmp">   --->   Core 25 'Cmp' <Latency = 0> <II = 1> <Delay = 1.18> <FuncUnit> <Opcode : 'icmp'> <InPorts = 2> <OutPorts = 1>
ST_1 : Operation 68 [1/1] (2.43ns)   --->   "br i1 %icmp_ln78, label %._crit_edge, label %25" [extr_.BGAQRCode-Androidzbarsrcmainjnilibiconv-1.15libcp50221_0212_ext.h_cp50221_0212_ext_wctomb_with_main.c:78]   --->   Operation 68 'br' <Predicate = (!and_ln30 & !icmp_ln32 & !icmp_ln34 & !icmp_ln36 & !and_ln38 & !icmp_ln40 & !icmp_ln42 & !icmp_ln44 & !icmp_ln46 & !icmp_ln48 & !icmp_ln50 & !icmp_ln52 & !icmp_ln54 & !icmp_ln56 & !icmp_ln58 & !icmp_ln60 & !icmp_ln62 & !icmp_ln64 & !icmp_ln66 & !and_ln68 & !icmp_ln70 & !icmp_ln72 & !icmp_ln74 & !and_ln76)> <Delay = 2.43>
ST_1 : Operation 69 [1/1] (1.54ns)   --->   "%icmp_ln80 = icmp eq i32 %wc_read, 31463" [extr_.BGAQRCode-Androidzbarsrcmainjnilibiconv-1.15libcp50221_0212_ext.h_cp50221_0212_ext_wctomb_with_main.c:80]   --->   Operation 69 'icmp' 'icmp_ln80' <Predicate = (!and_ln30 & !icmp_ln32 & !icmp_ln34 & !icmp_ln36 & !and_ln38 & !icmp_ln40 & !icmp_ln42 & !icmp_ln44 & !icmp_ln46 & !icmp_ln48 & !icmp_ln50 & !icmp_ln52 & !icmp_ln54 & !icmp_ln56 & !icmp_ln58 & !icmp_ln60 & !icmp_ln62 & !icmp_ln64 & !icmp_ln66 & !and_ln68 & !icmp_ln70 & !icmp_ln72 & !icmp_ln74 & !and_ln76 & !icmp_ln78)> <Delay = 1.54> <Core = "Cmp">   --->   Core 25 'Cmp' <Latency = 0> <II = 1> <Delay = 1.18> <FuncUnit> <Opcode : 'icmp'> <InPorts = 2> <OutPorts = 1>
ST_1 : Operation 70 [1/1] (2.43ns)   --->   "br i1 %icmp_ln80, label %._crit_edge, label %26" [extr_.BGAQRCode-Androidzbarsrcmainjnilibiconv-1.15libcp50221_0212_ext.h_cp50221_0212_ext_wctomb_with_main.c:80]   --->   Operation 70 'br' <Predicate = (!and_ln30 & !icmp_ln32 & !icmp_ln34 & !icmp_ln36 & !and_ln38 & !icmp_ln40 & !icmp_ln42 & !icmp_ln44 & !icmp_ln46 & !icmp_ln48 & !icmp_ln50 & !icmp_ln52 & !icmp_ln54 & !icmp_ln56 & !icmp_ln58 & !icmp_ln60 & !icmp_ln62 & !icmp_ln64 & !icmp_ln66 & !and_ln68 & !icmp_ln70 & !icmp_ln72 & !icmp_ln74 & !and_ln76 & !icmp_ln78)> <Delay = 2.43>
ST_1 : Operation 71 [1/1] (1.54ns)   --->   "%icmp_ln82 = icmp sgt i32 %wc_read, 32159" [extr_.BGAQRCode-Androidzbarsrcmainjnilibiconv-1.15libcp50221_0212_ext.h_cp50221_0212_ext_wctomb_with_main.c:82]   --->   Operation 71 'icmp' 'icmp_ln82' <Predicate = (!and_ln30 & !icmp_ln32 & !icmp_ln34 & !icmp_ln36 & !and_ln38 & !icmp_ln40 & !icmp_ln42 & !icmp_ln44 & !icmp_ln46 & !icmp_ln48 & !icmp_ln50 & !icmp_ln52 & !icmp_ln54 & !icmp_ln56 & !icmp_ln58 & !icmp_ln60 & !icmp_ln62 & !icmp_ln64 & !icmp_ln66 & !and_ln68 & !icmp_ln70 & !icmp_ln72 & !icmp_ln74 & !and_ln76 & !icmp_ln78 & !icmp_ln80)> <Delay = 1.54> <Core = "Cmp">   --->   Core 25 'Cmp' <Latency = 0> <II = 1> <Delay = 1.18> <FuncUnit> <Opcode : 'icmp'> <InPorts = 2> <OutPorts = 1>
ST_1 : Operation 72 [1/1] (1.54ns)   --->   "%icmp_ln82_1 = icmp slt i32 %wc_read, 32216" [extr_.BGAQRCode-Androidzbarsrcmainjnilibiconv-1.15libcp50221_0212_ext.h_cp50221_0212_ext_wctomb_with_main.c:82]   --->   Operation 72 'icmp' 'icmp_ln82_1' <Predicate = (!and_ln30 & !icmp_ln32 & !icmp_ln34 & !icmp_ln36 & !and_ln38 & !icmp_ln40 & !icmp_ln42 & !icmp_ln44 & !icmp_ln46 & !icmp_ln48 & !icmp_ln50 & !icmp_ln52 & !icmp_ln54 & !icmp_ln56 & !icmp_ln58 & !icmp_ln60 & !icmp_ln62 & !icmp_ln64 & !icmp_ln66 & !and_ln68 & !icmp_ln70 & !icmp_ln72 & !icmp_ln74 & !and_ln76 & !icmp_ln78 & !icmp_ln80)> <Delay = 1.54> <Core = "Cmp">   --->   Core 25 'Cmp' <Latency = 0> <II = 1> <Delay = 1.18> <FuncUnit> <Opcode : 'icmp'> <InPorts = 2> <OutPorts = 1>
ST_1 : Operation 73 [1/1] (0.61ns)   --->   "%and_ln82 = and i1 %icmp_ln82, %icmp_ln82_1" [extr_.BGAQRCode-Androidzbarsrcmainjnilibiconv-1.15libcp50221_0212_ext.h_cp50221_0212_ext_wctomb_with_main.c:82]   --->   Operation 73 'and' 'and_ln82' <Predicate = (!and_ln30 & !icmp_ln32 & !icmp_ln34 & !icmp_ln36 & !and_ln38 & !icmp_ln40 & !icmp_ln42 & !icmp_ln44 & !icmp_ln46 & !icmp_ln48 & !icmp_ln50 & !icmp_ln52 & !icmp_ln54 & !icmp_ln56 & !icmp_ln58 & !icmp_ln60 & !icmp_ln62 & !icmp_ln64 & !icmp_ln66 & !and_ln68 & !icmp_ln70 & !icmp_ln72 & !icmp_ln74 & !and_ln76 & !icmp_ln78 & !icmp_ln80)> <Delay = 0.61> <Core = "LogicGate">   --->   Core 27 'LogicGate' <Latency = 0> <II = 1> <Delay = 0.61> <FuncUnit> <Opcode : 'and' 'or' 'xor'> <InPorts = 2> <OutPorts = 1>
ST_1 : Operation 74 [1/1] (2.43ns)   --->   "br i1 %and_ln82, label %._crit_edge, label %27" [extr_.BGAQRCode-Androidzbarsrcmainjnilibiconv-1.15libcp50221_0212_ext.h_cp50221_0212_ext_wctomb_with_main.c:82]   --->   Operation 74 'br' <Predicate = (!and_ln30 & !icmp_ln32 & !icmp_ln34 & !icmp_ln36 & !and_ln38 & !icmp_ln40 & !icmp_ln42 & !icmp_ln44 & !icmp_ln46 & !icmp_ln48 & !icmp_ln50 & !icmp_ln52 & !icmp_ln54 & !icmp_ln56 & !icmp_ln58 & !icmp_ln60 & !icmp_ln62 & !icmp_ln64 & !icmp_ln66 & !and_ln68 & !icmp_ln70 & !icmp_ln72 & !icmp_ln74 & !and_ln76 & !icmp_ln78 & !icmp_ln80)> <Delay = 2.43>
ST_1 : Operation 75 [1/1] (1.54ns)   --->   "%icmp_ln84 = icmp eq i32 %wc_read, 33634" [extr_.BGAQRCode-Androidzbarsrcmainjnilibiconv-1.15libcp50221_0212_ext.h_cp50221_0212_ext_wctomb_with_main.c:84]   --->   Operation 75 'icmp' 'icmp_ln84' <Predicate = (!and_ln30 & !icmp_ln32 & !icmp_ln34 & !icmp_ln36 & !and_ln38 & !icmp_ln40 & !icmp_ln42 & !icmp_ln44 & !icmp_ln46 & !icmp_ln48 & !icmp_ln50 & !icmp_ln52 & !icmp_ln54 & !icmp_ln56 & !icmp_ln58 & !icmp_ln60 & !icmp_ln62 & !icmp_ln64 & !icmp_ln66 & !and_ln68 & !icmp_ln70 & !icmp_ln72 & !icmp_ln74 & !and_ln76 & !icmp_ln78 & !icmp_ln80 & !and_ln82)> <Delay = 1.54> <Core = "Cmp">   --->   Core 25 'Cmp' <Latency = 0> <II = 1> <Delay = 1.18> <FuncUnit> <Opcode : 'icmp'> <InPorts = 2> <OutPorts = 1>
ST_1 : Operation 76 [1/1] (2.43ns)   --->   "br i1 %icmp_ln84, label %._crit_edge, label %28" [extr_.BGAQRCode-Androidzbarsrcmainjnilibiconv-1.15libcp50221_0212_ext.h_cp50221_0212_ext_wctomb_with_main.c:84]   --->   Operation 76 'br' <Predicate = (!and_ln30 & !icmp_ln32 & !icmp_ln34 & !icmp_ln36 & !and_ln38 & !icmp_ln40 & !icmp_ln42 & !icmp_ln44 & !icmp_ln46 & !icmp_ln48 & !icmp_ln50 & !icmp_ln52 & !icmp_ln54 & !icmp_ln56 & !icmp_ln58 & !icmp_ln60 & !icmp_ln62 & !icmp_ln64 & !icmp_ln66 & !and_ln68 & !icmp_ln70 & !icmp_ln72 & !icmp_ln74 & !and_ln76 & !icmp_ln78 & !icmp_ln80 & !and_ln82)> <Delay = 2.43>
ST_1 : Operation 77 [1/1] (1.54ns)   --->   "%icmp_ln86 = icmp eq i32 %wc_read, 34224" [extr_.BGAQRCode-Androidzbarsrcmainjnilibiconv-1.15libcp50221_0212_ext.h_cp50221_0212_ext_wctomb_with_main.c:86]   --->   Operation 77 'icmp' 'icmp_ln86' <Predicate = (!and_ln30 & !icmp_ln32 & !icmp_ln34 & !icmp_ln36 & !and_ln38 & !icmp_ln40 & !icmp_ln42 & !icmp_ln44 & !icmp_ln46 & !icmp_ln48 & !icmp_ln50 & !icmp_ln52 & !icmp_ln54 & !icmp_ln56 & !icmp_ln58 & !icmp_ln60 & !icmp_ln62 & !icmp_ln64 & !icmp_ln66 & !and_ln68 & !icmp_ln70 & !icmp_ln72 & !icmp_ln74 & !and_ln76 & !icmp_ln78 & !icmp_ln80 & !and_ln82 & !icmp_ln84)> <Delay = 1.54> <Core = "Cmp">   --->   Core 25 'Cmp' <Latency = 0> <II = 1> <Delay = 1.18> <FuncUnit> <Opcode : 'icmp'> <InPorts = 2> <OutPorts = 1>
ST_1 : Operation 78 [1/1] (2.43ns)   --->   "br i1 %icmp_ln86, label %._crit_edge, label %29" [extr_.BGAQRCode-Androidzbarsrcmainjnilibiconv-1.15libcp50221_0212_ext.h_cp50221_0212_ext_wctomb_with_main.c:86]   --->   Operation 78 'br' <Predicate = (!and_ln30 & !icmp_ln32 & !icmp_ln34 & !icmp_ln36 & !and_ln38 & !icmp_ln40 & !icmp_ln42 & !icmp_ln44 & !icmp_ln46 & !icmp_ln48 & !icmp_ln50 & !icmp_ln52 & !icmp_ln54 & !icmp_ln56 & !icmp_ln58 & !icmp_ln60 & !icmp_ln62 & !icmp_ln64 & !icmp_ln66 & !and_ln68 & !icmp_ln70 & !icmp_ln72 & !icmp_ln74 & !and_ln76 & !icmp_ln78 & !icmp_ln80 & !and_ln82 & !icmp_ln84)> <Delay = 2.43>
ST_1 : Operation 79 [1/1] (1.54ns)   --->   "%icmp_ln88 = icmp eq i32 %wc_read, 34823" [extr_.BGAQRCode-Androidzbarsrcmainjnilibiconv-1.15libcp50221_0212_ext.h_cp50221_0212_ext_wctomb_with_main.c:88]   --->   Operation 79 'icmp' 'icmp_ln88' <Predicate = (!and_ln30 & !icmp_ln32 & !icmp_ln34 & !icmp_ln36 & !and_ln38 & !icmp_ln40 & !icmp_ln42 & !icmp_ln44 & !icmp_ln46 & !icmp_ln48 & !icmp_ln50 & !icmp_ln52 & !icmp_ln54 & !icmp_ln56 & !icmp_ln58 & !icmp_ln60 & !icmp_ln62 & !icmp_ln64 & !icmp_ln66 & !and_ln68 & !icmp_ln70 & !icmp_ln72 & !icmp_ln74 & !and_ln76 & !icmp_ln78 & !icmp_ln80 & !and_ln82 & !icmp_ln84 & !icmp_ln86)> <Delay = 1.54> <Core = "Cmp">   --->   Core 25 'Cmp' <Latency = 0> <II = 1> <Delay = 1.18> <FuncUnit> <Opcode : 'icmp'> <InPorts = 2> <OutPorts = 1>
ST_1 : Operation 80 [1/1] (2.43ns)   --->   "br i1 %icmp_ln88, label %._crit_edge, label %30" [extr_.BGAQRCode-Androidzbarsrcmainjnilibiconv-1.15libcp50221_0212_ext.h_cp50221_0212_ext_wctomb_with_main.c:88]   --->   Operation 80 'br' <Predicate = (!and_ln30 & !icmp_ln32 & !icmp_ln34 & !icmp_ln36 & !and_ln38 & !icmp_ln40 & !icmp_ln42 & !icmp_ln44 & !icmp_ln46 & !icmp_ln48 & !icmp_ln50 & !icmp_ln52 & !icmp_ln54 & !icmp_ln56 & !icmp_ln58 & !icmp_ln60 & !icmp_ln62 & !icmp_ln64 & !icmp_ln66 & !and_ln68 & !icmp_ln70 & !icmp_ln72 & !icmp_ln74 & !and_ln76 & !icmp_ln78 & !icmp_ln80 & !and_ln82 & !icmp_ln84 & !icmp_ln86)> <Delay = 2.43>
ST_1 : Operation 81 [1/1] (1.54ns)   --->   "%icmp_ln90 = icmp eq i32 %wc_read, 35711" [extr_.BGAQRCode-Androidzbarsrcmainjnilibiconv-1.15libcp50221_0212_ext.h_cp50221_0212_ext_wctomb_with_main.c:90]   --->   Operation 81 'icmp' 'icmp_ln90' <Predicate = (!and_ln30 & !icmp_ln32 & !icmp_ln34 & !icmp_ln36 & !and_ln38 & !icmp_ln40 & !icmp_ln42 & !icmp_ln44 & !icmp_ln46 & !icmp_ln48 & !icmp_ln50 & !icmp_ln52 & !icmp_ln54 & !icmp_ln56 & !icmp_ln58 & !icmp_ln60 & !icmp_ln62 & !icmp_ln64 & !icmp_ln66 & !and_ln68 & !icmp_ln70 & !icmp_ln72 & !icmp_ln74 & !and_ln76 & !icmp_ln78 & !icmp_ln80 & !and_ln82 & !icmp_ln84 & !icmp_ln86 & !icmp_ln88)> <Delay = 1.54> <Core = "Cmp">   --->   Core 25 'Cmp' <Latency = 0> <II = 1> <Delay = 1.18> <FuncUnit> <Opcode : 'icmp'> <InPorts = 2> <OutPorts = 1>
ST_1 : Operation 82 [1/1] (2.43ns)   --->   "br i1 %icmp_ln90, label %._crit_edge, label %31" [extr_.BGAQRCode-Androidzbarsrcmainjnilibiconv-1.15libcp50221_0212_ext.h_cp50221_0212_ext_wctomb_with_main.c:90]   --->   Operation 82 'br' <Predicate = (!and_ln30 & !icmp_ln32 & !icmp_ln34 & !icmp_ln36 & !and_ln38 & !icmp_ln40 & !icmp_ln42 & !icmp_ln44 & !icmp_ln46 & !icmp_ln48 & !icmp_ln50 & !icmp_ln52 & !icmp_ln54 & !icmp_ln56 & !icmp_ln58 & !icmp_ln60 & !icmp_ln62 & !icmp_ln64 & !icmp_ln66 & !and_ln68 & !icmp_ln70 & !icmp_ln72 & !icmp_ln74 & !and_ln76 & !icmp_ln78 & !icmp_ln80 & !and_ln82 & !icmp_ln84 & !icmp_ln86 & !icmp_ln88)> <Delay = 2.43>
ST_1 : Operation 83 [1/1] (1.54ns)   --->   "%icmp_ln92 = icmp eq i32 %wc_read, 36084" [extr_.BGAQRCode-Androidzbarsrcmainjnilibiconv-1.15libcp50221_0212_ext.h_cp50221_0212_ext_wctomb_with_main.c:92]   --->   Operation 83 'icmp' 'icmp_ln92' <Predicate = (!and_ln30 & !icmp_ln32 & !icmp_ln34 & !icmp_ln36 & !and_ln38 & !icmp_ln40 & !icmp_ln42 & !icmp_ln44 & !icmp_ln46 & !icmp_ln48 & !icmp_ln50 & !icmp_ln52 & !icmp_ln54 & !icmp_ln56 & !icmp_ln58 & !icmp_ln60 & !icmp_ln62 & !icmp_ln64 & !icmp_ln66 & !and_ln68 & !icmp_ln70 & !icmp_ln72 & !icmp_ln74 & !and_ln76 & !icmp_ln78 & !icmp_ln80 & !and_ln82 & !icmp_ln84 & !icmp_ln86 & !icmp_ln88 & !icmp_ln90)> <Delay = 1.54> <Core = "Cmp">   --->   Core 25 'Cmp' <Latency = 0> <II = 1> <Delay = 1.18> <FuncUnit> <Opcode : 'icmp'> <InPorts = 2> <OutPorts = 1>
ST_1 : Operation 84 [1/1] (2.43ns)   --->   "br i1 %icmp_ln92, label %._crit_edge, label %32" [extr_.BGAQRCode-Androidzbarsrcmainjnilibiconv-1.15libcp50221_0212_ext.h_cp50221_0212_ext_wctomb_with_main.c:92]   --->   Operation 84 'br' <Predicate = (!and_ln30 & !icmp_ln32 & !icmp_ln34 & !icmp_ln36 & !and_ln38 & !icmp_ln40 & !icmp_ln42 & !icmp_ln44 & !icmp_ln46 & !icmp_ln48 & !icmp_ln50 & !icmp_ln52 & !icmp_ln54 & !icmp_ln56 & !icmp_ln58 & !icmp_ln60 & !icmp_ln62 & !icmp_ln64 & !icmp_ln66 & !and_ln68 & !icmp_ln70 & !icmp_ln72 & !icmp_ln74 & !and_ln76 & !icmp_ln78 & !icmp_ln80 & !and_ln82 & !icmp_ln84 & !icmp_ln86 & !icmp_ln88 & !icmp_ln90)> <Delay = 2.43>
ST_1 : Operation 85 [1/1] (1.54ns)   --->   "%icmp_ln94 = icmp eq i32 %wc_read, 36214" [extr_.BGAQRCode-Androidzbarsrcmainjnilibiconv-1.15libcp50221_0212_ext.h_cp50221_0212_ext_wctomb_with_main.c:94]   --->   Operation 85 'icmp' 'icmp_ln94' <Predicate = (!and_ln30 & !icmp_ln32 & !icmp_ln34 & !icmp_ln36 & !and_ln38 & !icmp_ln40 & !icmp_ln42 & !icmp_ln44 & !icmp_ln46 & !icmp_ln48 & !icmp_ln50 & !icmp_ln52 & !icmp_ln54 & !icmp_ln56 & !icmp_ln58 & !icmp_ln60 & !icmp_ln62 & !icmp_ln64 & !icmp_ln66 & !and_ln68 & !icmp_ln70 & !icmp_ln72 & !icmp_ln74 & !and_ln76 & !icmp_ln78 & !icmp_ln80 & !and_ln82 & !icmp_ln84 & !icmp_ln86 & !icmp_ln88 & !icmp_ln90 & !icmp_ln92)> <Delay = 1.54> <Core = "Cmp">   --->   Core 25 'Cmp' <Latency = 0> <II = 1> <Delay = 1.18> <FuncUnit> <Opcode : 'icmp'> <InPorts = 2> <OutPorts = 1>
ST_1 : Operation 86 [1/1] (2.43ns)   --->   "br i1 %icmp_ln94, label %._crit_edge, label %33" [extr_.BGAQRCode-Androidzbarsrcmainjnilibiconv-1.15libcp50221_0212_ext.h_cp50221_0212_ext_wctomb_with_main.c:94]   --->   Operation 86 'br' <Predicate = (!and_ln30 & !icmp_ln32 & !icmp_ln34 & !icmp_ln36 & !and_ln38 & !icmp_ln40 & !icmp_ln42 & !icmp_ln44 & !icmp_ln46 & !icmp_ln48 & !icmp_ln50 & !icmp_ln52 & !icmp_ln54 & !icmp_ln56 & !icmp_ln58 & !icmp_ln60 & !icmp_ln62 & !icmp_ln64 & !icmp_ln66 & !and_ln68 & !icmp_ln70 & !icmp_ln72 & !icmp_ln74 & !and_ln76 & !icmp_ln78 & !icmp_ln80 & !and_ln82 & !icmp_ln84 & !icmp_ln86 & !icmp_ln88 & !icmp_ln90 & !icmp_ln92)> <Delay = 2.43>
ST_1 : Operation 87 [1/1] (1.54ns)   --->   "%icmp_ln96 = icmp eq i32 %wc_read, 37086" [extr_.BGAQRCode-Androidzbarsrcmainjnilibiconv-1.15libcp50221_0212_ext.h_cp50221_0212_ext_wctomb_with_main.c:96]   --->   Operation 87 'icmp' 'icmp_ln96' <Predicate = (!and_ln30 & !icmp_ln32 & !icmp_ln34 & !icmp_ln36 & !and_ln38 & !icmp_ln40 & !icmp_ln42 & !icmp_ln44 & !icmp_ln46 & !icmp_ln48 & !icmp_ln50 & !icmp_ln52 & !icmp_ln54 & !icmp_ln56 & !icmp_ln58 & !icmp_ln60 & !icmp_ln62 & !icmp_ln64 & !icmp_ln66 & !and_ln68 & !icmp_ln70 & !icmp_ln72 & !icmp_ln74 & !and_ln76 & !icmp_ln78 & !icmp_ln80 & !and_ln82 & !icmp_ln84 & !icmp_ln86 & !icmp_ln88 & !icmp_ln90 & !icmp_ln92 & !icmp_ln94)> <Delay = 1.54> <Core = "Cmp">   --->   Core 25 'Cmp' <Latency = 0> <II = 1> <Delay = 1.18> <FuncUnit> <Opcode : 'icmp'> <InPorts = 2> <OutPorts = 1>
ST_1 : Operation 88 [1/1] (2.43ns)   --->   "br i1 %icmp_ln96, label %._crit_edge, label %34" [extr_.BGAQRCode-Androidzbarsrcmainjnilibiconv-1.15libcp50221_0212_ext.h_cp50221_0212_ext_wctomb_with_main.c:96]   --->   Operation 88 'br' <Predicate = (!and_ln30 & !icmp_ln32 & !icmp_ln34 & !icmp_ln36 & !and_ln38 & !icmp_ln40 & !icmp_ln42 & !icmp_ln44 & !icmp_ln46 & !icmp_ln48 & !icmp_ln50 & !icmp_ln52 & !icmp_ln54 & !icmp_ln56 & !icmp_ln58 & !icmp_ln60 & !icmp_ln62 & !icmp_ln64 & !icmp_ln66 & !and_ln68 & !icmp_ln70 & !icmp_ln72 & !icmp_ln74 & !and_ln76 & !icmp_ln78 & !icmp_ln80 & !and_ln82 & !icmp_ln84 & !icmp_ln86 & !icmp_ln88 & !icmp_ln90 & !icmp_ln92 & !icmp_ln94)> <Delay = 2.43>
ST_1 : Operation 89 [1/1] (1.54ns)   --->   "%icmp_ln98 = icmp eq i32 %wc_read, 37141" [extr_.BGAQRCode-Androidzbarsrcmainjnilibiconv-1.15libcp50221_0212_ext.h_cp50221_0212_ext_wctomb_with_main.c:98]   --->   Operation 89 'icmp' 'icmp_ln98' <Predicate = (!and_ln30 & !icmp_ln32 & !icmp_ln34 & !icmp_ln36 & !and_ln38 & !icmp_ln40 & !icmp_ln42 & !icmp_ln44 & !icmp_ln46 & !icmp_ln48 & !icmp_ln50 & !icmp_ln52 & !icmp_ln54 & !icmp_ln56 & !icmp_ln58 & !icmp_ln60 & !icmp_ln62 & !icmp_ln64 & !icmp_ln66 & !and_ln68 & !icmp_ln70 & !icmp_ln72 & !icmp_ln74 & !and_ln76 & !icmp_ln78 & !icmp_ln80 & !and_ln82 & !icmp_ln84 & !icmp_ln86 & !icmp_ln88 & !icmp_ln90 & !icmp_ln92 & !icmp_ln94 & !icmp_ln96)> <Delay = 1.54> <Core = "Cmp">   --->   Core 25 'Cmp' <Latency = 0> <II = 1> <Delay = 1.18> <FuncUnit> <Opcode : 'icmp'> <InPorts = 2> <OutPorts = 1>
ST_1 : Operation 90 [1/1] (2.43ns)   --->   "br i1 %icmp_ln98, label %._crit_edge, label %35" [extr_.BGAQRCode-Androidzbarsrcmainjnilibiconv-1.15libcp50221_0212_ext.h_cp50221_0212_ext_wctomb_with_main.c:98]   --->   Operation 90 'br' <Predicate = (!and_ln30 & !icmp_ln32 & !icmp_ln34 & !icmp_ln36 & !and_ln38 & !icmp_ln40 & !icmp_ln42 & !icmp_ln44 & !icmp_ln46 & !icmp_ln48 & !icmp_ln50 & !icmp_ln52 & !icmp_ln54 & !icmp_ln56 & !icmp_ln58 & !icmp_ln60 & !icmp_ln62 & !icmp_ln64 & !icmp_ln66 & !and_ln68 & !icmp_ln70 & !icmp_ln72 & !icmp_ln74 & !and_ln76 & !icmp_ln78 & !icmp_ln80 & !and_ln82 & !icmp_ln84 & !icmp_ln86 & !icmp_ln88 & !icmp_ln90 & !icmp_ln92 & !icmp_ln94 & !icmp_ln96)> <Delay = 2.43>
ST_1 : Operation 91 [1/1] (1.54ns)   --->   "%icmp_ln100 = icmp eq i32 %wc_read, 38290" [extr_.BGAQRCode-Androidzbarsrcmainjnilibiconv-1.15libcp50221_0212_ext.h_cp50221_0212_ext_wctomb_with_main.c:100]   --->   Operation 91 'icmp' 'icmp_ln100' <Predicate = (!and_ln30 & !icmp_ln32 & !icmp_ln34 & !icmp_ln36 & !and_ln38 & !icmp_ln40 & !icmp_ln42 & !icmp_ln44 & !icmp_ln46 & !icmp_ln48 & !icmp_ln50 & !icmp_ln52 & !icmp_ln54 & !icmp_ln56 & !icmp_ln58 & !icmp_ln60 & !icmp_ln62 & !icmp_ln64 & !icmp_ln66 & !and_ln68 & !icmp_ln70 & !icmp_ln72 & !icmp_ln74 & !and_ln76 & !icmp_ln78 & !icmp_ln80 & !and_ln82 & !icmp_ln84 & !icmp_ln86 & !icmp_ln88 & !icmp_ln90 & !icmp_ln92 & !icmp_ln94 & !icmp_ln96 & !icmp_ln98)> <Delay = 1.54> <Core = "Cmp">   --->   Core 25 'Cmp' <Latency = 0> <II = 1> <Delay = 1.18> <FuncUnit> <Opcode : 'icmp'> <InPorts = 2> <OutPorts = 1>
ST_1 : Operation 92 [1/1] (2.43ns)   --->   "br i1 %icmp_ln100, label %._crit_edge, label %36" [extr_.BGAQRCode-Androidzbarsrcmainjnilibiconv-1.15libcp50221_0212_ext.h_cp50221_0212_ext_wctomb_with_main.c:100]   --->   Operation 92 'br' <Predicate = (!and_ln30 & !icmp_ln32 & !icmp_ln34 & !icmp_ln36 & !and_ln38 & !icmp_ln40 & !icmp_ln42 & !icmp_ln44 & !icmp_ln46 & !icmp_ln48 & !icmp_ln50 & !icmp_ln52 & !icmp_ln54 & !icmp_ln56 & !icmp_ln58 & !icmp_ln60 & !icmp_ln62 & !icmp_ln64 & !icmp_ln66 & !and_ln68 & !icmp_ln70 & !icmp_ln72 & !icmp_ln74 & !and_ln76 & !icmp_ln78 & !icmp_ln80 & !and_ln82 & !icmp_ln84 & !icmp_ln86 & !icmp_ln88 & !icmp_ln90 & !icmp_ln92 & !icmp_ln94 & !icmp_ln96 & !icmp_ln98)> <Delay = 2.43>
ST_1 : Operation 93 [1/1] (1.54ns)   --->   "%icmp_ln102 = icmp sgt i32 %wc_read, 38711" [extr_.BGAQRCode-Androidzbarsrcmainjnilibiconv-1.15libcp50221_0212_ext.h_cp50221_0212_ext_wctomb_with_main.c:102]   --->   Operation 93 'icmp' 'icmp_ln102' <Predicate = (!and_ln30 & !icmp_ln32 & !icmp_ln34 & !icmp_ln36 & !and_ln38 & !icmp_ln40 & !icmp_ln42 & !icmp_ln44 & !icmp_ln46 & !icmp_ln48 & !icmp_ln50 & !icmp_ln52 & !icmp_ln54 & !icmp_ln56 & !icmp_ln58 & !icmp_ln60 & !icmp_ln62 & !icmp_ln64 & !icmp_ln66 & !and_ln68 & !icmp_ln70 & !icmp_ln72 & !icmp_ln74 & !and_ln76 & !icmp_ln78 & !icmp_ln80 & !and_ln82 & !icmp_ln84 & !icmp_ln86 & !icmp_ln88 & !icmp_ln90 & !icmp_ln92 & !icmp_ln94 & !icmp_ln96 & !icmp_ln98 & !icmp_ln100)> <Delay = 1.54> <Core = "Cmp">   --->   Core 25 'Cmp' <Latency = 0> <II = 1> <Delay = 1.18> <FuncUnit> <Opcode : 'icmp'> <InPorts = 2> <OutPorts = 1>
ST_1 : Operation 94 [1/1] (1.54ns)   --->   "%icmp_ln102_1 = icmp slt i32 %wc_read, 38744" [extr_.BGAQRCode-Androidzbarsrcmainjnilibiconv-1.15libcp50221_0212_ext.h_cp50221_0212_ext_wctomb_with_main.c:102]   --->   Operation 94 'icmp' 'icmp_ln102_1' <Predicate = (!and_ln30 & !icmp_ln32 & !icmp_ln34 & !icmp_ln36 & !and_ln38 & !icmp_ln40 & !icmp_ln42 & !icmp_ln44 & !icmp_ln46 & !icmp_ln48 & !icmp_ln50 & !icmp_ln52 & !icmp_ln54 & !icmp_ln56 & !icmp_ln58 & !icmp_ln60 & !icmp_ln62 & !icmp_ln64 & !icmp_ln66 & !and_ln68 & !icmp_ln70 & !icmp_ln72 & !icmp_ln74 & !and_ln76 & !icmp_ln78 & !icmp_ln80 & !and_ln82 & !icmp_ln84 & !icmp_ln86 & !icmp_ln88 & !icmp_ln90 & !icmp_ln92 & !icmp_ln94 & !icmp_ln96 & !icmp_ln98 & !icmp_ln100)> <Delay = 1.54> <Core = "Cmp">   --->   Core 25 'Cmp' <Latency = 0> <II = 1> <Delay = 1.18> <FuncUnit> <Opcode : 'icmp'> <InPorts = 2> <OutPorts = 1>
ST_1 : Operation 95 [1/1] (0.61ns)   --->   "%and_ln102 = and i1 %icmp_ln102, %icmp_ln102_1" [extr_.BGAQRCode-Androidzbarsrcmainjnilibiconv-1.15libcp50221_0212_ext.h_cp50221_0212_ext_wctomb_with_main.c:102]   --->   Operation 95 'and' 'and_ln102' <Predicate = (!and_ln30 & !icmp_ln32 & !icmp_ln34 & !icmp_ln36 & !and_ln38 & !icmp_ln40 & !icmp_ln42 & !icmp_ln44 & !icmp_ln46 & !icmp_ln48 & !icmp_ln50 & !icmp_ln52 & !icmp_ln54 & !icmp_ln56 & !icmp_ln58 & !icmp_ln60 & !icmp_ln62 & !icmp_ln64 & !icmp_ln66 & !and_ln68 & !icmp_ln70 & !icmp_ln72 & !icmp_ln74 & !and_ln76 & !icmp_ln78 & !icmp_ln80 & !and_ln82 & !icmp_ln84 & !icmp_ln86 & !icmp_ln88 & !icmp_ln90 & !icmp_ln92 & !icmp_ln94 & !icmp_ln96 & !icmp_ln98 & !icmp_ln100)> <Delay = 0.61> <Core = "LogicGate">   --->   Core 27 'LogicGate' <Latency = 0> <II = 1> <Delay = 0.61> <FuncUnit> <Opcode : 'and' 'or' 'xor'> <InPorts = 2> <OutPorts = 1>
ST_1 : Operation 96 [1/1] (2.43ns)   --->   "br i1 %and_ln102, label %._crit_edge, label %37" [extr_.BGAQRCode-Androidzbarsrcmainjnilibiconv-1.15libcp50221_0212_ext.h_cp50221_0212_ext_wctomb_with_main.c:102]   --->   Operation 96 'br' <Predicate = (!and_ln30 & !icmp_ln32 & !icmp_ln34 & !icmp_ln36 & !and_ln38 & !icmp_ln40 & !icmp_ln42 & !icmp_ln44 & !icmp_ln46 & !icmp_ln48 & !icmp_ln50 & !icmp_ln52 & !icmp_ln54 & !icmp_ln56 & !icmp_ln58 & !icmp_ln60 & !icmp_ln62 & !icmp_ln64 & !icmp_ln66 & !and_ln68 & !icmp_ln70 & !icmp_ln72 & !icmp_ln74 & !and_ln76 & !icmp_ln78 & !icmp_ln80 & !and_ln82 & !icmp_ln84 & !icmp_ln86 & !icmp_ln88 & !icmp_ln90 & !icmp_ln92 & !icmp_ln94 & !icmp_ln96 & !icmp_ln98 & !icmp_ln100)> <Delay = 2.43>
ST_1 : Operation 97 [1/1] (1.54ns)   --->   "%icmp_ln104 = icmp eq i32 %wc_read, 39326" [extr_.BGAQRCode-Androidzbarsrcmainjnilibiconv-1.15libcp50221_0212_ext.h_cp50221_0212_ext_wctomb_with_main.c:104]   --->   Operation 97 'icmp' 'icmp_ln104' <Predicate = (!and_ln30 & !icmp_ln32 & !icmp_ln34 & !icmp_ln36 & !and_ln38 & !icmp_ln40 & !icmp_ln42 & !icmp_ln44 & !icmp_ln46 & !icmp_ln48 & !icmp_ln50 & !icmp_ln52 & !icmp_ln54 & !icmp_ln56 & !icmp_ln58 & !icmp_ln60 & !icmp_ln62 & !icmp_ln64 & !icmp_ln66 & !and_ln68 & !icmp_ln70 & !icmp_ln72 & !icmp_ln74 & !and_ln76 & !icmp_ln78 & !icmp_ln80 & !and_ln82 & !icmp_ln84 & !icmp_ln86 & !icmp_ln88 & !icmp_ln90 & !icmp_ln92 & !icmp_ln94 & !icmp_ln96 & !icmp_ln98 & !icmp_ln100 & !and_ln102)> <Delay = 1.54> <Core = "Cmp">   --->   Core 25 'Cmp' <Latency = 0> <II = 1> <Delay = 1.18> <FuncUnit> <Opcode : 'icmp'> <InPorts = 2> <OutPorts = 1>
ST_1 : Operation 98 [1/1] (2.43ns)   --->   "br i1 %icmp_ln104, label %._crit_edge, label %38" [extr_.BGAQRCode-Androidzbarsrcmainjnilibiconv-1.15libcp50221_0212_ext.h_cp50221_0212_ext_wctomb_with_main.c:104]   --->   Operation 98 'br' <Predicate = (!and_ln30 & !icmp_ln32 & !icmp_ln34 & !icmp_ln36 & !and_ln38 & !icmp_ln40 & !icmp_ln42 & !icmp_ln44 & !icmp_ln46 & !icmp_ln48 & !icmp_ln50 & !icmp_ln52 & !icmp_ln54 & !icmp_ln56 & !icmp_ln58 & !icmp_ln60 & !icmp_ln62 & !icmp_ln64 & !icmp_ln66 & !and_ln68 & !icmp_ln70 & !icmp_ln72 & !icmp_ln74 & !and_ln76 & !icmp_ln78 & !icmp_ln80 & !and_ln82 & !icmp_ln84 & !icmp_ln86 & !icmp_ln88 & !icmp_ln90 & !icmp_ln92 & !icmp_ln94 & !icmp_ln96 & !icmp_ln98 & !icmp_ln100 & !and_ln102)> <Delay = 2.43>
ST_1 : Operation 99 [1/1] (1.54ns)   --->   "%icmp_ln106 = icmp eq i32 %wc_read, 39641" [extr_.BGAQRCode-Androidzbarsrcmainjnilibiconv-1.15libcp50221_0212_ext.h_cp50221_0212_ext_wctomb_with_main.c:106]   --->   Operation 99 'icmp' 'icmp_ln106' <Predicate = (!and_ln30 & !icmp_ln32 & !icmp_ln34 & !icmp_ln36 & !and_ln38 & !icmp_ln40 & !icmp_ln42 & !icmp_ln44 & !icmp_ln46 & !icmp_ln48 & !icmp_ln50 & !icmp_ln52 & !icmp_ln54 & !icmp_ln56 & !icmp_ln58 & !icmp_ln60 & !icmp_ln62 & !icmp_ln64 & !icmp_ln66 & !and_ln68 & !icmp_ln70 & !icmp_ln72 & !icmp_ln74 & !and_ln76 & !icmp_ln78 & !icmp_ln80 & !and_ln82 & !icmp_ln84 & !icmp_ln86 & !icmp_ln88 & !icmp_ln90 & !icmp_ln92 & !icmp_ln94 & !icmp_ln96 & !icmp_ln98 & !icmp_ln100 & !and_ln102 & !icmp_ln104)> <Delay = 1.54> <Core = "Cmp">   --->   Core 25 'Cmp' <Latency = 0> <II = 1> <Delay = 1.18> <FuncUnit> <Opcode : 'icmp'> <InPorts = 2> <OutPorts = 1>
ST_1 : Operation 100 [1/1] (2.43ns)   --->   "br i1 %icmp_ln106, label %._crit_edge, label %39" [extr_.BGAQRCode-Androidzbarsrcmainjnilibiconv-1.15libcp50221_0212_ext.h_cp50221_0212_ext_wctomb_with_main.c:106]   --->   Operation 100 'br' <Predicate = (!and_ln30 & !icmp_ln32 & !icmp_ln34 & !icmp_ln36 & !and_ln38 & !icmp_ln40 & !icmp_ln42 & !icmp_ln44 & !icmp_ln46 & !icmp_ln48 & !icmp_ln50 & !icmp_ln52 & !icmp_ln54 & !icmp_ln56 & !icmp_ln58 & !icmp_ln60 & !icmp_ln62 & !icmp_ln64 & !icmp_ln66 & !and_ln68 & !icmp_ln70 & !icmp_ln72 & !icmp_ln74 & !and_ln76 & !icmp_ln78 & !icmp_ln80 & !and_ln82 & !icmp_ln84 & !icmp_ln86 & !icmp_ln88 & !icmp_ln90 & !icmp_ln92 & !icmp_ln94 & !icmp_ln96 & !icmp_ln98 & !icmp_ln100 & !and_ln102 & !icmp_ln104)> <Delay = 2.43>
ST_1 : Operation 101 [1/1] (1.54ns)   --->   "%icmp_ln108 = icmp eq i32 %wc_read, 39794" [extr_.BGAQRCode-Androidzbarsrcmainjnilibiconv-1.15libcp50221_0212_ext.h_cp50221_0212_ext_wctomb_with_main.c:108]   --->   Operation 101 'icmp' 'icmp_ln108' <Predicate = (!and_ln30 & !icmp_ln32 & !icmp_ln34 & !icmp_ln36 & !and_ln38 & !icmp_ln40 & !icmp_ln42 & !icmp_ln44 & !icmp_ln46 & !icmp_ln48 & !icmp_ln50 & !icmp_ln52 & !icmp_ln54 & !icmp_ln56 & !icmp_ln58 & !icmp_ln60 & !icmp_ln62 & !icmp_ln64 & !icmp_ln66 & !and_ln68 & !icmp_ln70 & !icmp_ln72 & !icmp_ln74 & !and_ln76 & !icmp_ln78 & !icmp_ln80 & !and_ln82 & !icmp_ln84 & !icmp_ln86 & !icmp_ln88 & !icmp_ln90 & !icmp_ln92 & !icmp_ln94 & !icmp_ln96 & !icmp_ln98 & !icmp_ln100 & !and_ln102 & !icmp_ln104 & !icmp_ln106)> <Delay = 1.54> <Core = "Cmp">   --->   Core 25 'Cmp' <Latency = 0> <II = 1> <Delay = 1.18> <FuncUnit> <Opcode : 'icmp'> <InPorts = 2> <OutPorts = 1>
ST_1 : Operation 102 [1/1] (2.43ns)   --->   "br i1 %icmp_ln108, label %._crit_edge, label %40" [extr_.BGAQRCode-Androidzbarsrcmainjnilibiconv-1.15libcp50221_0212_ext.h_cp50221_0212_ext_wctomb_with_main.c:108]   --->   Operation 102 'br' <Predicate = (!and_ln30 & !icmp_ln32 & !icmp_ln34 & !icmp_ln36 & !and_ln38 & !icmp_ln40 & !icmp_ln42 & !icmp_ln44 & !icmp_ln46 & !icmp_ln48 & !icmp_ln50 & !icmp_ln52 & !icmp_ln54 & !icmp_ln56 & !icmp_ln58 & !icmp_ln60 & !icmp_ln62 & !icmp_ln64 & !icmp_ln66 & !and_ln68 & !icmp_ln70 & !icmp_ln72 & !icmp_ln74 & !and_ln76 & !icmp_ln78 & !icmp_ln80 & !and_ln82 & !icmp_ln84 & !icmp_ln86 & !icmp_ln88 & !icmp_ln90 & !icmp_ln92 & !icmp_ln94 & !icmp_ln96 & !icmp_ln98 & !icmp_ln100 & !and_ln102 & !icmp_ln104 & !icmp_ln106)> <Delay = 2.43>
ST_1 : Operation 103 [1/1] (1.54ns)   --->   "%icmp_ln110 = icmp eq i32 %wc_read, 40657" [extr_.BGAQRCode-Androidzbarsrcmainjnilibiconv-1.15libcp50221_0212_ext.h_cp50221_0212_ext_wctomb_with_main.c:110]   --->   Operation 103 'icmp' 'icmp_ln110' <Predicate = (!and_ln30 & !icmp_ln32 & !icmp_ln34 & !icmp_ln36 & !and_ln38 & !icmp_ln40 & !icmp_ln42 & !icmp_ln44 & !icmp_ln46 & !icmp_ln48 & !icmp_ln50 & !icmp_ln52 & !icmp_ln54 & !icmp_ln56 & !icmp_ln58 & !icmp_ln60 & !icmp_ln62 & !icmp_ln64 & !icmp_ln66 & !and_ln68 & !icmp_ln70 & !icmp_ln72 & !icmp_ln74 & !and_ln76 & !icmp_ln78 & !icmp_ln80 & !and_ln82 & !icmp_ln84 & !icmp_ln86 & !icmp_ln88 & !icmp_ln90 & !icmp_ln92 & !icmp_ln94 & !icmp_ln96 & !icmp_ln98 & !icmp_ln100 & !and_ln102 & !icmp_ln104 & !icmp_ln106 & !icmp_ln108)> <Delay = 1.54> <Core = "Cmp">   --->   Core 25 'Cmp' <Latency = 0> <II = 1> <Delay = 1.18> <FuncUnit> <Opcode : 'icmp'> <InPorts = 2> <OutPorts = 1>
ST_1 : Operation 104 [1/1] (2.43ns)   --->   "br i1 %icmp_ln110, label %._crit_edge, label %41" [extr_.BGAQRCode-Androidzbarsrcmainjnilibiconv-1.15libcp50221_0212_ext.h_cp50221_0212_ext_wctomb_with_main.c:110]   --->   Operation 104 'br' <Predicate = (!and_ln30 & !icmp_ln32 & !icmp_ln34 & !icmp_ln36 & !and_ln38 & !icmp_ln40 & !icmp_ln42 & !icmp_ln44 & !icmp_ln46 & !icmp_ln48 & !icmp_ln50 & !icmp_ln52 & !icmp_ln54 & !icmp_ln56 & !icmp_ln58 & !icmp_ln60 & !icmp_ln62 & !icmp_ln64 & !icmp_ln66 & !and_ln68 & !icmp_ln70 & !icmp_ln72 & !icmp_ln74 & !and_ln76 & !icmp_ln78 & !icmp_ln80 & !and_ln82 & !icmp_ln84 & !icmp_ln86 & !icmp_ln88 & !icmp_ln90 & !icmp_ln92 & !icmp_ln94 & !icmp_ln96 & !icmp_ln98 & !icmp_ln100 & !and_ln102 & !icmp_ln104 & !icmp_ln106 & !icmp_ln108)> <Delay = 2.43>
ST_1 : Operation 105 [1/1] (1.54ns)   --->   "%icmp_ln112 = icmp eq i32 %wc_read, 63785" [extr_.BGAQRCode-Androidzbarsrcmainjnilibiconv-1.15libcp50221_0212_ext.h_cp50221_0212_ext_wctomb_with_main.c:112]   --->   Operation 105 'icmp' 'icmp_ln112' <Predicate = (!and_ln30 & !icmp_ln32 & !icmp_ln34 & !icmp_ln36 & !and_ln38 & !icmp_ln40 & !icmp_ln42 & !icmp_ln44 & !icmp_ln46 & !icmp_ln48 & !icmp_ln50 & !icmp_ln52 & !icmp_ln54 & !icmp_ln56 & !icmp_ln58 & !icmp_ln60 & !icmp_ln62 & !icmp_ln64 & !icmp_ln66 & !and_ln68 & !icmp_ln70 & !icmp_ln72 & !icmp_ln74 & !and_ln76 & !icmp_ln78 & !icmp_ln80 & !and_ln82 & !icmp_ln84 & !icmp_ln86 & !icmp_ln88 & !icmp_ln90 & !icmp_ln92 & !icmp_ln94 & !icmp_ln96 & !icmp_ln98 & !icmp_ln100 & !and_ln102 & !icmp_ln104 & !icmp_ln106 & !icmp_ln108 & !icmp_ln110)> <Delay = 1.54> <Core = "Cmp">   --->   Core 25 'Cmp' <Latency = 0> <II = 1> <Delay = 1.18> <FuncUnit> <Opcode : 'icmp'> <InPorts = 2> <OutPorts = 1>
ST_1 : Operation 106 [1/1] (2.43ns)   --->   "br i1 %icmp_ln112, label %._crit_edge, label %42" [extr_.BGAQRCode-Androidzbarsrcmainjnilibiconv-1.15libcp50221_0212_ext.h_cp50221_0212_ext_wctomb_with_main.c:112]   --->   Operation 106 'br' <Predicate = (!and_ln30 & !icmp_ln32 & !icmp_ln34 & !icmp_ln36 & !and_ln38 & !icmp_ln40 & !icmp_ln42 & !icmp_ln44 & !icmp_ln46 & !icmp_ln48 & !icmp_ln50 & !icmp_ln52 & !icmp_ln54 & !icmp_ln56 & !icmp_ln58 & !icmp_ln60 & !icmp_ln62 & !icmp_ln64 & !icmp_ln66 & !and_ln68 & !icmp_ln70 & !icmp_ln72 & !icmp_ln74 & !and_ln76 & !icmp_ln78 & !icmp_ln80 & !and_ln82 & !icmp_ln84 & !icmp_ln86 & !icmp_ln88 & !icmp_ln90 & !icmp_ln92 & !icmp_ln94 & !icmp_ln96 & !icmp_ln98 & !icmp_ln100 & !and_ln102 & !icmp_ln104 & !icmp_ln106 & !icmp_ln108 & !icmp_ln110)> <Delay = 2.43>
ST_1 : Operation 107 [1/1] (1.54ns)   --->   "%icmp_ln114 = icmp eq i32 %wc_read, 63964" [extr_.BGAQRCode-Androidzbarsrcmainjnilibiconv-1.15libcp50221_0212_ext.h_cp50221_0212_ext_wctomb_with_main.c:114]   --->   Operation 107 'icmp' 'icmp_ln114' <Predicate = (!and_ln30 & !icmp_ln32 & !icmp_ln34 & !icmp_ln36 & !and_ln38 & !icmp_ln40 & !icmp_ln42 & !icmp_ln44 & !icmp_ln46 & !icmp_ln48 & !icmp_ln50 & !icmp_ln52 & !icmp_ln54 & !icmp_ln56 & !icmp_ln58 & !icmp_ln60 & !icmp_ln62 & !icmp_ln64 & !icmp_ln66 & !and_ln68 & !icmp_ln70 & !icmp_ln72 & !icmp_ln74 & !and_ln76 & !icmp_ln78 & !icmp_ln80 & !and_ln82 & !icmp_ln84 & !icmp_ln86 & !icmp_ln88 & !icmp_ln90 & !icmp_ln92 & !icmp_ln94 & !icmp_ln96 & !icmp_ln98 & !icmp_ln100 & !and_ln102 & !icmp_ln104 & !icmp_ln106 & !icmp_ln108 & !icmp_ln110 & !icmp_ln112)> <Delay = 1.54> <Core = "Cmp">   --->   Core 25 'Cmp' <Latency = 0> <II = 1> <Delay = 1.18> <FuncUnit> <Opcode : 'icmp'> <InPorts = 2> <OutPorts = 1>
ST_1 : Operation 108 [1/1] (0.66ns)   --->   "%select_ln114 = select i1 %icmp_ln114, i7 -34, i7 0" [extr_.BGAQRCode-Androidzbarsrcmainjnilibiconv-1.15libcp50221_0212_ext.h_cp50221_0212_ext_wctomb_with_main.c:114]   --->   Operation 108 'select' 'select_ln114' <Predicate = (!and_ln30 & !icmp_ln32 & !icmp_ln34 & !icmp_ln36 & !and_ln38 & !icmp_ln40 & !icmp_ln42 & !icmp_ln44 & !icmp_ln46 & !icmp_ln48 & !icmp_ln50 & !icmp_ln52 & !icmp_ln54 & !icmp_ln56 & !icmp_ln58 & !icmp_ln60 & !icmp_ln62 & !icmp_ln64 & !icmp_ln66 & !and_ln68 & !icmp_ln70 & !icmp_ln72 & !icmp_ln74 & !and_ln76 & !icmp_ln78 & !icmp_ln80 & !and_ln82 & !icmp_ln84 & !icmp_ln86 & !icmp_ln88 & !icmp_ln90 & !icmp_ln92 & !icmp_ln94 & !icmp_ln96 & !icmp_ln98 & !icmp_ln100 & !and_ln102 & !icmp_ln104 & !icmp_ln106 & !icmp_ln108 & !icmp_ln110 & !icmp_ln112)> <Delay = 0.66> <Core = "Sel">   --->   Core 26 'Sel' <Latency = 0> <II = 1> <Delay = 0.66> <FuncUnit> <Opcode : 'select'> <InPorts = 3> <OutPorts = 1>
ST_1 : Operation 109 [1/1] (2.43ns)   --->   "br label %._crit_edge" [extr_.BGAQRCode-Androidzbarsrcmainjnilibiconv-1.15libcp50221_0212_ext.h_cp50221_0212_ext_wctomb_with_main.c:114]   --->   Operation 109 'br' <Predicate = (!and_ln30 & !icmp_ln32 & !icmp_ln34 & !icmp_ln36 & !and_ln38 & !icmp_ln40 & !icmp_ln42 & !icmp_ln44 & !icmp_ln46 & !icmp_ln48 & !icmp_ln50 & !icmp_ln52 & !icmp_ln54 & !icmp_ln56 & !icmp_ln58 & !icmp_ln60 & !icmp_ln62 & !icmp_ln64 & !icmp_ln66 & !and_ln68 & !icmp_ln70 & !icmp_ln72 & !icmp_ln74 & !and_ln76 & !icmp_ln78 & !icmp_ln80 & !and_ln82 & !icmp_ln84 & !icmp_ln86 & !icmp_ln88 & !icmp_ln90 & !icmp_ln92 & !icmp_ln94 & !icmp_ln96 & !icmp_ln98 & !icmp_ln100 & !and_ln102 & !icmp_ln104 & !icmp_ln106 & !icmp_ln108 & !icmp_ln110 & !icmp_ln112)> <Delay = 2.43>

State 2 <SV = 1> <Delay = 2.66>
ST_2 : Operation 110 [1/1] (0.00ns)   --->   "%c_44 = phi i7 [ 27, %1 ], [ 28, %2 ], [ 29, %3 ], [ 33, %5 ], [ 34, %6 ], [ 37, %7 ], [ 38, %8 ], [ 39, %9 ], [ 40, %10 ], [ 42, %11 ], [ 43, %12 ], [ 44, %13 ], [ 45, %14 ], [ 47, %15 ], [ 50, %16 ], [ 53, %17 ], [ 54, %18 ], [ 57, %20 ], [ 26, %21 ], [ 60, %22 ], [ -64, %24 ], [ -59, %25 ], [ -53, %27 ], [ -51, %28 ], [ -48, %29 ], [ -46, %30 ], [ -45, %31 ], [ -44, %32 ], [ -40, %33 ], [ -38, %34 ], [ -35, %35 ], [ -26, %37 ], [ -25, %38 ], [ -24, %39 ], [ -22, %40 ], [ 49, %41 ], [ 0, %0 ], [ 0, %4 ], [ 0, %19 ], [ 0, %23 ], [ 0, %26 ], [ 0, %36 ], [ %select_ln114, %42 ]" [extr_.BGAQRCode-Androidzbarsrcmainjnilibiconv-1.15libcp50221_0212_ext.h_cp50221_0212_ext_wctomb_with_main.c:114]   --->   Operation 110 'phi' 'c_44' <Predicate = true> <Delay = 0.00>
ST_2 : Operation 111 [1/1] (0.00ns)   --->   "%zext_ln120 = zext i7 %c_44 to i8" [extr_.BGAQRCode-Androidzbarsrcmainjnilibiconv-1.15libcp50221_0212_ext.h_cp50221_0212_ext_wctomb_with_main.c:120]   --->   Operation 111 'zext' 'zext_ln120' <Predicate = true> <Delay = 0.00>
ST_2 : Operation 112 [1/1] (1.18ns)   --->   "%icmp_ln120 = icmp eq i7 %c_44, 0" [extr_.BGAQRCode-Androidzbarsrcmainjnilibiconv-1.15libcp50221_0212_ext.h_cp50221_0212_ext_wctomb_with_main.c:120]   --->   Operation 112 'icmp' 'icmp_ln120' <Predicate = true> <Delay = 1.18> <Core = "Cmp">   --->   Core 25 'Cmp' <Latency = 0> <II = 1> <Delay = 1.18> <FuncUnit> <Opcode : 'icmp'> <InPorts = 2> <OutPorts = 1>
ST_2 : Operation 113 [1/1] (1.06ns)   --->   "br i1 %icmp_ln120, label %44, label %43" [extr_.BGAQRCode-Androidzbarsrcmainjnilibiconv-1.15libcp50221_0212_ext.h_cp50221_0212_ext_wctomb_with_main.c:120]   --->   Operation 113 'br' <Predicate = true> <Delay = 1.06>
ST_2 : Operation 114 [1/1] (2.66ns)   --->   "store i8 %zext_ln120, i8* %r_addr, align 1" [extr_.BGAQRCode-Androidzbarsrcmainjnilibiconv-1.15libcp50221_0212_ext.h_cp50221_0212_ext_wctomb_with_main.c:121]   --->   Operation 114 'store' <Predicate = (!icmp_ln120)> <Delay = 2.66> <Core = "RAM">   --->   Core 37 'RAM' <Latency = 1> <II = 1> <Delay = 2.66> <Storage> <Opcode : 'load' 'store'> <Ports = 2> <Width = 8> <Depth = 1000> <RAM>
ST_2 : Operation 115 [1/1] (1.06ns)   --->   "br label %44" [extr_.BGAQRCode-Androidzbarsrcmainjnilibiconv-1.15libcp50221_0212_ext.h_cp50221_0212_ext_wctomb_with_main.c:122]   --->   Operation 115 'br' <Predicate = (!icmp_ln120)> <Delay = 1.06>
ST_2 : Operation 116 [1/1] (0.00ns)   --->   "%p_0 = phi i1 [ true, %43 ], [ false, %._crit_edge ]"   --->   Operation 116 'phi' 'p_0' <Predicate = true> <Delay = 0.00>
ST_2 : Operation 117 [1/1] (0.00ns)   --->   "%zext_ln125 = zext i1 %p_0 to i32" [extr_.BGAQRCode-Androidzbarsrcmainjnilibiconv-1.15libcp50221_0212_ext.h_cp50221_0212_ext_wctomb_with_main.c:125]   --->   Operation 117 'zext' 'zext_ln125' <Predicate = true> <Delay = 0.00>
ST_2 : Operation 118 [1/1] (0.00ns)   --->   "ret i32 %zext_ln125" [extr_.BGAQRCode-Androidzbarsrcmainjnilibiconv-1.15libcp50221_0212_ext.h_cp50221_0212_ext_wctomb_with_main.c:125]   --->   Operation 118 'ret' <Predicate = true> <Delay = 0.00>


============================================================
+ Verbose Summary: Timing violations
============================================================
Target clock period: 10ns, clock uncertainty: 1.25ns.

 <State 1>: 4.6ns
The critical path consists of the following:
	wire read on port 'wc' (extr_.BGAQRCode-Androidzbarsrcmainjnilibiconv-1.15libcp50221_0212_ext.h_cp50221_0212_ext_wctomb_with_main.c:27) [9]  (0 ns)
	'icmp' operation ('icmp_ln68_1', extr_.BGAQRCode-Androidzbarsrcmainjnilibiconv-1.15libcp50221_0212_ext.h_cp50221_0212_ext_wctomb_with_main.c:68) [75]  (1.55 ns)
	'and' operation ('and_ln68', extr_.BGAQRCode-Androidzbarsrcmainjnilibiconv-1.15libcp50221_0212_ext.h_cp50221_0212_ext_wctomb_with_main.c:68) [76]  (0.616 ns)
	multiplexor before 'phi' operation ('c_44', extr_.BGAQRCode-Androidzbarsrcmainjnilibiconv-1.15libcp50221_0212_ext.h_cp50221_0212_ext_wctomb_with_main.c:114) with incoming values : ('select_ln114', extr_.BGAQRCode-Androidzbarsrcmainjnilibiconv-1.15libcp50221_0212_ext.h_cp50221_0212_ext_wctomb_with_main.c:114) [155]  (2.44 ns)

 <State 2>: 2.66ns
The critical path consists of the following:
	'phi' operation ('c_44', extr_.BGAQRCode-Androidzbarsrcmainjnilibiconv-1.15libcp50221_0212_ext.h_cp50221_0212_ext_wctomb_with_main.c:114) with incoming values : ('select_ln114', extr_.BGAQRCode-Androidzbarsrcmainjnilibiconv-1.15libcp50221_0212_ext.h_cp50221_0212_ext_wctomb_with_main.c:114) [155]  (0 ns)
	'store' operation ('store_ln121', extr_.BGAQRCode-Androidzbarsrcmainjnilibiconv-1.15libcp50221_0212_ext.h_cp50221_0212_ext_wctomb_with_main.c:121) of variable 'zext_ln120', extr_.BGAQRCode-Androidzbarsrcmainjnilibiconv-1.15libcp50221_0212_ext.h_cp50221_0212_ext_wctomb_with_main.c:120 on array 'r' [160]  (2.66 ns)


============================================================
+ Verbose Summary: Binding
============================================================
N/A
* FSMD analyzer results:
  - Output states:
 - Input state : 
  - Chain level:
	State 1
	State 2


============================================================
+ Verbose Summary: Datapath Resource usage 
============================================================
N/A
