

================================================================
== Vivado HLS Report for 'v4l2_detect_cvt'
================================================================
* Date:           Wed Apr  1 05:04:41 2020

* Version:        2019.1 (Build 2552052 on Fri May 24 15:28:33 MDT 2019)
* Project:        proj_extr_.linuxdriversmediav4l2-corev4l2-dv-timings.c_v4l2_detect_cvt_with_main.c
* Solution:       sol
* Product family: kintex7
* Target device:  xc7k160t-fbg484-1


================================================================
== Performance Estimates
================================================================
+ Timing (ns): 
    * Summary: 
    +--------+-------+----------+------------+
    |  Clock | Target| Estimated| Uncertainty|
    +--------+-------+----------+------------+
    |ap_clk  |  10.00|     6.853|        1.25|
    +--------+-------+----------+------------+

+ Latency (clock cycles): 
    * Summary: 
    +-----+-----+-----+-----+---------+
    |  Latency  |  Interval | Pipeline|
    | min | max | min | max |   Type  |
    +-----+-----+-----+-----+---------+
    |    1|    2|    1|    2|   none  |
    +-----+-----+-----+-----+---------+

    + Detail: 
        * Instance: 
        N/A

        * Loop: 
        N/A



================================================================
== Utilization Estimates
================================================================
* Summary: 
+-----------------+---------+-------+--------+--------+-----+
|       Name      | BRAM_18K| DSP48E|   FF   |   LUT  | URAM|
+-----------------+---------+-------+--------+--------+-----+
|DSP              |        -|      -|       -|       -|    -|
|Expression       |        -|     12|       0|    1182|    -|
|FIFO             |        -|      -|       -|       -|    -|
|Instance         |        -|      -|       -|       -|    -|
|Memory           |        -|      -|       -|       -|    -|
|Multiplexer      |        -|      -|       -|      99|    -|
|Register         |        -|      -|     410|       -|    -|
+-----------------+---------+-------+--------+--------+-----+
|Total            |        0|     12|     410|    1281|    0|
+-----------------+---------+-------+--------+--------+-----+
|Available        |      650|    600|  202800|  101400|    0|
+-----------------+---------+-------+--------+--------+-----+
|Utilization (%)  |        0|      2|   ~0   |       1|    0|
+-----------------+---------+-------+--------+--------+-----+

+ Detail: 
    * Instance: 
    N/A

    * DSP48E: 
    N/A

    * Memory: 
    N/A

    * FIFO: 
    N/A

    * Expression: 
    +-------------------------+----------+-------+---+----+------------+------------+
    |      Variable Name      | Operation| DSP48E| FF| LUT| Bitwidth P0| Bitwidth P1|
    +-------------------------+----------+-------+---+----+------------+------------+
    |mul_ln116_fu_641_p2      |     *    |      4|  0|  22|          32|          33|
    |mul_ln119_fu_610_p2      |     *    |      4|  0|  22|          32|          33|
    |mul_ln122_fu_579_p2      |     *    |      4|  0|  22|          32|          33|
    |add_ln108_fu_446_p2      |     +    |      0|  0|  39|           1|          32|
    |fmt_bt_il_vbackporch     |     -    |      0|  0|  39|          32|          32|
    |sub_ln106_1_fu_498_p2    |     -    |      0|  0|  39|          32|          32|
    |sub_ln106_fu_492_p2      |     -    |      0|  0|  39|          32|          32|
    |sub_ln108_1_fu_458_p2    |     -    |      0|  0|  32|          32|          32|
    |sub_ln108_fu_452_p2      |     -    |      0|  0|  32|          32|          32|
    |sub_ln116_1_fu_779_p2    |     -    |      0|  0|  39|           1|          32|
    |sub_ln116_fu_750_p2      |     -    |      0|  0|  72|           1|          65|
    |sub_ln119_1_fu_736_p2    |     -    |      0|  0|  39|           1|          32|
    |sub_ln119_fu_707_p2      |     -    |      0|  0|  72|           1|          65|
    |sub_ln122_1_fu_693_p2    |     -    |      0|  0|  39|           1|          32|
    |sub_ln122_fu_664_p2      |     -    |      0|  0|  72|           1|          65|
    |sub_ln193_1_fu_842_p2    |     -    |      0|  0|  32|          32|          32|
    |sub_ln193_fu_838_p2      |     -    |      0|  0|  32|          32|          32|
    |sub_ln196_fu_812_p2      |     -    |      0|  0|  39|          32|          32|
    |v_bp_fu_406_p2           |     -    |      0|  0|  39|           1|          32|
    |and_ln101_fu_430_p2      |    and   |      0|  0|   6|           1|           1|
    |and_ln61_1_fu_366_p2     |    and   |      0|  0|   6|           1|           1|
    |and_ln61_fu_372_p2       |    and   |      0|  0|   6|           1|           1|
    |ap_condition_582         |    and   |      0|  0|   6|           1|           1|
    |empty_6_fu_553_p2        |   icmp   |      0|  0|  18|          32|          10|
    |empty_fu_548_p2          |   icmp   |      0|  0|  18|          32|          11|
    |icmp_ln105_fu_440_p2     |   icmp   |      0|  0|  18|          32|           1|
    |icmp_ln58_1_fu_354_p2    |   icmp   |      0|  0|  18|          32|           4|
    |icmp_ln58_fu_348_p2      |   icmp   |      0|  0|  18|          30|           1|
    |icmp_ln61_fu_360_p2      |   icmp   |      0|  0|  18|          32|           1|
    |icmp_ln74_fu_388_p2      |   icmp   |      0|  0|  18|          29|           1|
    |icmp_ln77_fu_394_p2      |   icmp   |      0|  0|  18|          32|           1|
    |ap_condition_212         |    or    |      0|  0|   6|           1|           1|
    |ap_condition_224         |    or    |      0|  0|   6|           1|           1|
    |empty_7_fu_558_p2        |    or    |      0|  0|   6|           1|           1|
    |or_ln77_fu_400_p2        |    or    |      0|  0|   6|           1|           1|
    |image_width_2_fu_742_p3  |  select  |      0|  0|  32|           1|          32|
    |image_width_3_fu_699_p3  |  select  |      0|  0|  32|           1|          32|
    |image_width_fu_785_p3    |  select  |      0|  0|  32|           1|          32|
    |select_ln105_fu_524_p3   |  select  |      0|  0|  31|           1|          31|
    |select_ln116_fu_772_p3   |  select  |      0|  0|  32|           1|          32|
    |select_ln119_fu_729_p3   |  select  |      0|  0|  32|           1|          32|
    |select_ln122_fu_686_p3   |  select  |      0|  0|  32|           1|          32|
    |xor_ln101_fu_424_p2      |    xor   |      0|  0|   6|           1|           2|
    +-------------------------+----------+-------+---+----+------------+------------+
    |Total                    |          |     12|  0|1182|         627|         973|
    +-------------------------+----------+-------+---+----+------------+------------+

    * Multiplexer: 
    +-----------------------------------------+----+-----------+-----+-----------+
    |                   Name                  | LUT| Input Size| Bits| Total Bits|
    +-----------------------------------------+----+-----------+-----+-----------+
    |ap_NS_fsm                                |  27|          5|    1|          5|
    |ap_phi_mux_image_width_1_phi_fu_294_p10  |  21|          4|   32|        128|
    |ap_phi_mux_p_0_phi_fu_311_p12            |   9|          2|    1|          2|
    |fmt_bt_vbackporch                        |  15|          3|   32|         96|
    |image_width_1_reg_290                    |  27|          5|   32|        160|
    +-----------------------------------------+----+-----------+-----+-----------+
    |Total                                    |  99|         19|   98|        391|
    +-----------------------------------------+----+-----------+-----+-----------+

    * Register: 
    +-----------------------+----+----+-----+-----------+
    |          Name         | FF | LUT| Bits| Const Bits|
    +-----------------------+----+----+-----+-----------+
    |and_ln61_reg_869       |   1|   0|    1|          0|
    |ap_CS_fsm              |   4|   0|    4|          0|
    |empty_7_reg_908        |   1|   0|    1|          0|
    |icmp_ln105_reg_877     |   1|   0|    1|          0|
    |image_height_reg_895   |  31|   0|   32|          1|
    |image_width_1_reg_290  |  32|   0|   32|          0|
    |mul_ln116_reg_944      |  62|   0|   65|          3|
    |mul_ln119_reg_928      |  60|   0|   65|          5|
    |mul_ln122_reg_912      |  60|   0|   65|          5|
    |or_ln77_reg_873        |   1|   0|    1|          0|
    |p_0_reg_307            |   1|   0|    1|          0|
    |select_ln105_reg_886   |  31|   0|   31|          0|
    |sub_ln106_reg_881      |  32|   0|   32|          0|
    |tmp_13_reg_949         |   1|   0|    1|          0|
    |tmp_15_reg_955         |  31|   0|   31|          0|
    |tmp_16_reg_933         |   1|   0|    1|          0|
    |tmp_18_reg_939         |  29|   0|   29|          0|
    |tmp_19_reg_917         |   1|   0|    1|          0|
    |tmp_21_reg_923         |  29|   0|   29|          0|
    |tmp_9_reg_904          |   1|   0|    1|          0|
    +-----------------------+----+----+-----+-----------+
    |Total                  | 410|   0|  424|         14|
    +-----------------------+----+----+-----+-----------+



================================================================
== Interface
================================================================
* Summary: 
+------------------------------+-----+-----+------------+-----------------------+--------------+
|           RTL Ports          | Dir | Bits|  Protocol  |     Source Object     |    C Type    |
+------------------------------+-----+-----+------------+-----------------------+--------------+
|ap_clk                        |  in |    1| ap_ctrl_hs |    v4l2_detect_cvt    | return value |
|ap_rst                        |  in |    1| ap_ctrl_hs |    v4l2_detect_cvt    | return value |
|ap_start                      |  in |    1| ap_ctrl_hs |    v4l2_detect_cvt    | return value |
|ap_done                       | out |    1| ap_ctrl_hs |    v4l2_detect_cvt    | return value |
|ap_idle                       | out |    1| ap_ctrl_hs |    v4l2_detect_cvt    | return value |
|ap_ready                      | out |    1| ap_ctrl_hs |    v4l2_detect_cvt    | return value |
|ap_return                     | out |   32| ap_ctrl_hs |    v4l2_detect_cvt    | return value |
|frame_height                  |  in |   32|   ap_none  |      frame_height     |    scalar    |
|hfreq                         |  in |   32|   ap_none  |         hfreq         |    scalar    |
|vsync                         |  in |   32|   ap_none  |         vsync         |    scalar    |
|active_width                  |  in |   32|   ap_none  |      active_width     |    scalar    |
|polarities                    |  in |   32|   ap_none  |       polarities      |    scalar    |
|interlaced                    |  in |   32|   ap_none  |       interlaced      |    scalar    |
|fmt_bt_width                  | out |   32|   ap_vld   |      fmt_bt_width     |    pointer   |
|fmt_bt_width_ap_vld           | out |    1|   ap_vld   |      fmt_bt_width     |    pointer   |
|fmt_bt_height                 | out |   32|   ap_vld   |     fmt_bt_height     |    pointer   |
|fmt_bt_height_ap_vld          | out |    1|   ap_vld   |     fmt_bt_height     |    pointer   |
|fmt_bt_hfrontporch            | out |   32|   ap_vld   |   fmt_bt_hfrontporch  |    pointer   |
|fmt_bt_hfrontporch_ap_vld     | out |    1|   ap_vld   |   fmt_bt_hfrontporch  |    pointer   |
|fmt_bt_vfrontporch            | out |   32|   ap_vld   |   fmt_bt_vfrontporch  |    pointer   |
|fmt_bt_vfrontporch_ap_vld     | out |    1|   ap_vld   |   fmt_bt_vfrontporch  |    pointer   |
|fmt_bt_hsync                  | out |   32|   ap_vld   |      fmt_bt_hsync     |    pointer   |
|fmt_bt_hsync_ap_vld           | out |    1|   ap_vld   |      fmt_bt_hsync     |    pointer   |
|fmt_bt_vsync                  | out |   32|   ap_vld   |      fmt_bt_vsync     |    pointer   |
|fmt_bt_vsync_ap_vld           | out |    1|   ap_vld   |      fmt_bt_vsync     |    pointer   |
|fmt_bt_hbackporch             | out |   32|   ap_vld   |   fmt_bt_hbackporch   |    pointer   |
|fmt_bt_hbackporch_ap_vld      | out |    1|   ap_vld   |   fmt_bt_hbackporch   |    pointer   |
|fmt_bt_vbackporch             | out |   32|   ap_vld   |   fmt_bt_vbackporch   |    pointer   |
|fmt_bt_vbackporch_ap_vld      | out |    1|   ap_vld   |   fmt_bt_vbackporch   |    pointer   |
|fmt_bt_il_vbackporch          | out |   32|   ap_vld   |  fmt_bt_il_vbackporch |    pointer   |
|fmt_bt_il_vbackporch_ap_vld   | out |    1|   ap_vld   |  fmt_bt_il_vbackporch |    pointer   |
|fmt_bt_il_vfrontporch         | out |   32|   ap_vld   | fmt_bt_il_vfrontporch |    pointer   |
|fmt_bt_il_vfrontporch_ap_vld  | out |    1|   ap_vld   | fmt_bt_il_vfrontporch |    pointer   |
|fmt_bt_il_vsync               | out |   32|   ap_vld   |    fmt_bt_il_vsync    |    pointer   |
|fmt_bt_il_vsync_ap_vld        | out |    1|   ap_vld   |    fmt_bt_il_vsync    |    pointer   |
|fmt_bt_pixelclock             |  in |   32|   ap_none  |   fmt_bt_pixelclock   |    pointer   |
|fmt_bt_flags                  |  in |   32|   ap_none  |      fmt_bt_flags     |    pointer   |
|fmt_bt_standards              | out |   32|   ap_vld   |    fmt_bt_standards   |    pointer   |
|fmt_bt_standards_ap_vld       | out |    1|   ap_vld   |    fmt_bt_standards   |    pointer   |
|fmt_bt_interlaced             | out |   32|   ap_vld   |   fmt_bt_interlaced   |    pointer   |
|fmt_bt_interlaced_ap_vld      | out |    1|   ap_vld   |   fmt_bt_interlaced   |    pointer   |
|fmt_bt_polarities             | out |   32|   ap_vld   |   fmt_bt_polarities   |    pointer   |
|fmt_bt_polarities_ap_vld      | out |    1|   ap_vld   |   fmt_bt_polarities   |    pointer   |
|fmt_type                      | out |   32|   ap_vld   |        fmt_type       |    pointer   |
|fmt_type_ap_vld               | out |    1|   ap_vld   |        fmt_type       |    pointer   |
+------------------------------+-----+-----+------------+-----------------------+--------------+

