

================================================================
== Vivado HLS Report for 'tpg_calculate_square_border'
================================================================
* Date:           Sun May 24 19:04:49 2020

* Version:        2019.1 (Build 2552052 on Fri May 24 15:28:33 MDT 2019)
* Project:        proj_extr_.linuxdriversmediacommonv4l2-tpgv4l2-tpg-core.c_tpg_calculate_square_border_with_main.c
* Solution:       solution1
* Product family: kintex7
* Target device:  xc7k160t-fbg484-1


================================================================
== Performance Estimates
================================================================
+ Timing (ns): 
    * Summary: 
    +--------+-------+----------+------------+
    |  Clock | Target| Estimated| Uncertainty|
    +--------+-------+----------+------------+
    |ap_clk  |  10.00|     8.375|        1.25|
    +--------+-------+----------+------------+

+ Latency (clock cycles): 
    * Summary: 
    +-----+-----+-----+-----+---------+
    |  Latency  |  Interval | Pipeline|
    | min | max | min | max |   Type  |
    +-----+-----+-----+-----+---------+
    |    3|    4|    3|    4|   none  |
    +-----+-----+-----+-----+---------+

    + Detail: 
        * Instance: 
        N/A

        * Loop: 
        N/A

============================================================
+ Verbose Summary: Synthesis Manager
============================================================
InlineROM: 1
ExposeGlobal: 0
============================================================
+ Verbose Summary: CDFG Model
============================================================
IsTopModel: 1
ResetActiveHigh: 1
IsCombinational: 0
IsDatapathOnly: 0
HasWiredReturn: 1
HasMFsm: 0
HasVarLatency: 1
IsPipeline: 0
IsRtlPipelined: 0
IsInstanceOverlapped: 0
IsDontTouch: 0
HasImplIP: 0
IsGatedGlobalClock: 0


============================================================
+ Verbose Summary: Schedule
============================================================
* Number of FSM states : 5
* Pipeline : 0
* Dataflow Pipeline: 0

* FSM state transitions: 
1 --> 2 
2 --> 3 4 
3 --> 4 
4 --> 5 
5 --> 

* FSM state operations: 

State 1 <SV = 0> <Delay = 7.59>
ST_1 : Operation 6 [1/1] (0.00ns)   --->   "%w = call i32 @_ssdm_op_Read.ap_auto.i32P(i32* %tpg_src_width)" [extr_.linuxdriversmediacommonv4l2-tpgv4l2-tpg-core.c_tpg_calculate_square_border_with_main.c:28]   --->   Operation 6 'read' 'w' <Predicate = true> <Delay = 0.00>
ST_1 : Operation 7 [1/1] (0.00ns)   --->   "%shl_ln32 = shl i32 %w, 1" [extr_.linuxdriversmediacommonv4l2-tpgv4l2-tpg-core.c_tpg_calculate_square_border_with_main.c:32]   --->   Operation 7 'shl' 'shl_ln32' <Predicate = true> <Delay = 0.00>
ST_1 : Operation 8 [1/1] (0.00ns)   --->   "%zext_ln32_1 = zext i32 %shl_ln32 to i65" [extr_.linuxdriversmediacommonv4l2-tpgv4l2-tpg-core.c_tpg_calculate_square_border_with_main.c:32]   --->   Operation 8 'zext' 'zext_ln32_1' <Predicate = true> <Delay = 0.00>
ST_1 : Operation 9 [1/1] (6.59ns)   --->   "%mul_ln32 = mul i65 6871947674, %zext_ln32_1" [extr_.linuxdriversmediacommonv4l2-tpgv4l2-tpg-core.c_tpg_calculate_square_border_with_main.c:32]   --->   Operation 9 'mul' 'mul_ln32' <Predicate = true> <Delay = 6.59> <Core = "Mul">   --->   Core 16 'Mul' <Latency = 0> <II = 1> <Delay = 6.59> <FuncUnit> <Opcode : 'mul'> <InPorts = 2> <OutPorts = 1>
ST_1 : Operation 10 [1/1] (0.00ns)   --->   "%tmp_1 = call i29 @_ssdm_op_PartSelect.i29.i65.i32.i32(i65 %mul_ln32, i32 36, i32 64)" [extr_.linuxdriversmediacommonv4l2-tpgv4l2-tpg-core.c_tpg_calculate_square_border_with_main.c:32]   --->   Operation 10 'partselect' 'tmp_1' <Predicate = true> <Delay = 0.00>
ST_1 : Operation 11 [1/1] (0.00ns)   --->   "%trunc_ln33 = trunc i32 %w to i2" [extr_.linuxdriversmediacommonv4l2-tpgv4l2-tpg-core.c_tpg_calculate_square_border_with_main.c:33]   --->   Operation 11 'trunc' 'trunc_ln33' <Predicate = true> <Delay = 0.00>
ST_1 : Operation 12 [1/1] (0.00ns)   --->   "%tmp = call i1 @_ssdm_op_BitSelect.i1.i65.i32(i65 %mul_ln32, i32 36)" [extr_.linuxdriversmediacommonv4l2-tpgv4l2-tpg-core.c_tpg_calculate_square_border_with_main.c:33]   --->   Operation 12 'bitselect' 'tmp' <Predicate = true> <Delay = 0.00>
ST_1 : Operation 13 [1/1] (0.00ns)   --->   "%and_ln = call i2 @_ssdm_op_BitConcatenate.i2.i1.i1(i1 %tmp, i1 false)" [extr_.linuxdriversmediacommonv4l2-tpgv4l2-tpg-core.c_tpg_calculate_square_border_with_main.c:33]   --->   Operation 13 'bitconcatenate' 'and_ln' <Predicate = true> <Delay = 0.00>
ST_1 : Operation 14 [1/1] (1.00ns)   --->   "%sub_ln33 = sub i2 %trunc_ln33, %and_ln" [extr_.linuxdriversmediacommonv4l2-tpgv4l2-tpg-core.c_tpg_calculate_square_border_with_main.c:33]   --->   Operation 14 'sub' 'sub_ln33' <Predicate = true> <Delay = 1.00> <Core = "AddSub">   --->   Core 14 'AddSub' <Latency = 0> <II = 1> <Delay = 1.78> <FuncUnit> <Opcode : 'add' 'sub'> <InPorts = 2> <OutPorts = 1>
ST_1 : Operation 15 [1/1] (0.00ns)   --->   "%tmp_2 = call i1 @_ssdm_op_BitSelect.i1.i2.i32(i2 %sub_ln33, i32 1)" [extr_.linuxdriversmediacommonv4l2-tpgv4l2-tpg-core.c_tpg_calculate_square_border_with_main.c:33]   --->   Operation 15 'bitselect' 'tmp_2' <Predicate = true> <Delay = 0.00>

State 2 <SV = 1> <Delay = 8.33>
ST_2 : Operation 16 [1/1] (0.00ns)   --->   "call void (...)* @_ssdm_op_SpecBitsMap(i32* %tpg_src_width), !map !30"   --->   Operation 16 'specbitsmap' <Predicate = true> <Delay = 0.00>
ST_2 : Operation 17 [1/1] (0.00ns)   --->   "call void (...)* @_ssdm_op_SpecBitsMap(i32* %tpg_src_height), !map !34"   --->   Operation 17 'specbitsmap' <Predicate = true> <Delay = 0.00>
ST_2 : Operation 18 [1/1] (0.00ns)   --->   "call void (...)* @_ssdm_op_SpecBitsMap(i32* %tpg_vid_aspect), !map !38"   --->   Operation 18 'specbitsmap' <Predicate = true> <Delay = 0.00>
ST_2 : Operation 19 [1/1] (0.00ns)   --->   "call void (...)* @_ssdm_op_SpecBitsMap(i32* %tpg_pix_aspect), !map !42"   --->   Operation 19 'specbitsmap' <Predicate = true> <Delay = 0.00>
ST_2 : Operation 20 [1/1] (0.00ns)   --->   "call void (...)* @_ssdm_op_SpecBitsMap(i32* %tpg_border_left), !map !46"   --->   Operation 20 'specbitsmap' <Predicate = true> <Delay = 0.00>
ST_2 : Operation 21 [1/1] (0.00ns)   --->   "call void (...)* @_ssdm_op_SpecBitsMap(i32* %tpg_border_width), !map !50"   --->   Operation 21 'specbitsmap' <Predicate = true> <Delay = 0.00>
ST_2 : Operation 22 [1/1] (0.00ns)   --->   "call void (...)* @_ssdm_op_SpecBitsMap(i32* %tpg_border_top), !map !54"   --->   Operation 22 'specbitsmap' <Predicate = true> <Delay = 0.00>
ST_2 : Operation 23 [1/1] (0.00ns)   --->   "call void (...)* @_ssdm_op_SpecBitsMap(i32* %tpg_border_height), !map !58"   --->   Operation 23 'specbitsmap' <Predicate = true> <Delay = 0.00>
ST_2 : Operation 24 [1/1] (0.00ns)   --->   "call void (...)* @_ssdm_op_SpecBitsMap(i32* %tpg_square_width), !map !62"   --->   Operation 24 'specbitsmap' <Predicate = true> <Delay = 0.00>
ST_2 : Operation 25 [1/1] (0.00ns)   --->   "call void (...)* @_ssdm_op_SpecBitsMap(i32* %tpg_square_left), !map !66"   --->   Operation 25 'specbitsmap' <Predicate = true> <Delay = 0.00>
ST_2 : Operation 26 [1/1] (0.00ns)   --->   "call void (...)* @_ssdm_op_SpecBitsMap(i32* %tpg_square_height), !map !70"   --->   Operation 26 'specbitsmap' <Predicate = true> <Delay = 0.00>
ST_2 : Operation 27 [1/1] (0.00ns)   --->   "call void (...)* @_ssdm_op_SpecBitsMap(i32* %tpg_square_top), !map !74"   --->   Operation 27 'specbitsmap' <Predicate = true> <Delay = 0.00>
ST_2 : Operation 28 [1/1] (0.00ns)   --->   "call void (...)* @_ssdm_op_SpecTopModule([28 x i8]* @tpg_calculate_square) nounwind"   --->   Operation 28 'spectopmodule' <Predicate = true> <Delay = 0.00>
ST_2 : Operation 29 [1/1] (0.00ns)   --->   "%h = call i32 @_ssdm_op_Read.ap_auto.i32P(i32* %tpg_src_height)" [extr_.linuxdriversmediacommonv4l2-tpgv4l2-tpg-core.c_tpg_calculate_square_border_with_main.c:29]   --->   Operation 29 'read' 'h' <Predicate = true> <Delay = 0.00>
ST_2 : Operation 30 [1/1] (0.00ns)   --->   "%sq_w = call i30 @_ssdm_op_BitConcatenate.i30.i29.i1(i29 %tmp_1, i1 false)" [extr_.linuxdriversmediacommonv4l2-tpgv4l2-tpg-core.c_tpg_calculate_square_border_with_main.c:32]   --->   Operation 30 'bitconcatenate' 'sq_w' <Predicate = true> <Delay = 0.00>
ST_2 : Operation 31 [1/1] (0.00ns)   --->   "%zext_ln32 = zext i30 %sq_w to i31" [extr_.linuxdriversmediacommonv4l2-tpgv4l2-tpg-core.c_tpg_calculate_square_border_with_main.c:32]   --->   Operation 31 'zext' 'zext_ln32' <Predicate = true> <Delay = 0.00>
ST_2 : Operation 32 [1/1] (1.74ns)   --->   "%sq_w_1 = add i31 2, %zext_ln32" [extr_.linuxdriversmediacommonv4l2-tpgv4l2-tpg-core.c_tpg_calculate_square_border_with_main.c:34]   --->   Operation 32 'add' 'sq_w_1' <Predicate = (tmp_2)> <Delay = 1.74> <Core = "AddSub">   --->   Core 14 'AddSub' <Latency = 0> <II = 1> <Delay = 1.78> <FuncUnit> <Opcode : 'add' 'sub'> <InPorts = 2> <OutPorts = 1>
ST_2 : Operation 33 [1/1] (0.61ns)   --->   "%sq_w_3 = select i1 %tmp_2, i31 %sq_w_1, i31 %zext_ln32" [extr_.linuxdriversmediacommonv4l2-tpgv4l2-tpg-core.c_tpg_calculate_square_border_with_main.c:33]   --->   Operation 33 'select' 'sq_w_3' <Predicate = true> <Delay = 0.61> <Core = "Sel">   --->   Core 26 'Sel' <Latency = 0> <II = 1> <Delay = 0.63> <FuncUnit> <Opcode : 'select'> <InPorts = 3> <OutPorts = 1>
ST_2 : Operation 34 [1/1] (0.00ns) (grouped into LUT with out node select_ln37)   --->   "%zext_ln33 = zext i31 %sq_w_3 to i32" [extr_.linuxdriversmediacommonv4l2-tpgv4l2-tpg-core.c_tpg_calculate_square_border_with_main.c:33]   --->   Operation 34 'zext' 'zext_ln33' <Predicate = true> <Delay = 0.00>
ST_2 : Operation 35 [1/1] (0.00ns)   --->   "%tpg_vid_aspect_read = call i32 @_ssdm_op_Read.ap_auto.i32P(i32* %tpg_vid_aspect)" [extr_.linuxdriversmediacommonv4l2-tpgv4l2-tpg-core.c_tpg_calculate_square_border_with_main.c:37]   --->   Operation 35 'read' 'tpg_vid_aspect_read' <Predicate = true> <Delay = 0.00>
ST_2 : Operation 36 [1/1] (1.54ns)   --->   "%icmp_ln37 = icmp eq i32 %tpg_vid_aspect_read, 0" [extr_.linuxdriversmediacommonv4l2-tpgv4l2-tpg-core.c_tpg_calculate_square_border_with_main.c:37]   --->   Operation 36 'icmp' 'icmp_ln37' <Predicate = true> <Delay = 1.54> <Core = "Cmp">   --->   Core 25 'Cmp' <Latency = 0> <II = 1> <Delay = 1.54> <FuncUnit> <Opcode : 'icmp'> <InPorts = 2> <OutPorts = 1>
ST_2 : Operation 37 [1/1] (0.00ns)   --->   "%lshr_ln = call i29 @_ssdm_op_PartSelect.i29.i31.i32.i32(i31 %sq_w_3, i32 2, i32 30)" [extr_.linuxdriversmediacommonv4l2-tpgv4l2-tpg-core.c_tpg_calculate_square_border_with_main.c:38]   --->   Operation 37 'partselect' 'lshr_ln' <Predicate = true> <Delay = 0.00>
ST_2 : Operation 38 [1/1] (0.00ns)   --->   "%zext_ln38 = zext i29 %lshr_ln to i32" [extr_.linuxdriversmediacommonv4l2-tpgv4l2-tpg-core.c_tpg_calculate_square_border_with_main.c:38]   --->   Operation 38 'zext' 'zext_ln38' <Predicate = true> <Delay = 0.00>
ST_2 : Operation 39 [1/1] (0.00ns)   --->   "%and_ln1 = call i31 @_ssdm_op_BitConcatenate.i31.i29.i2(i29 %lshr_ln, i2 0)" [extr_.linuxdriversmediacommonv4l2-tpgv4l2-tpg-core.c_tpg_calculate_square_border_with_main.c:38]   --->   Operation 39 'bitconcatenate' 'and_ln1' <Predicate = true> <Delay = 0.00>
ST_2 : Operation 40 [1/1] (0.00ns)   --->   "%zext_ln38_1 = zext i31 %and_ln1 to i32" [extr_.linuxdriversmediacommonv4l2-tpgv4l2-tpg-core.c_tpg_calculate_square_border_with_main.c:38]   --->   Operation 40 'zext' 'zext_ln38_1' <Predicate = true> <Delay = 0.00>
ST_2 : Operation 41 [1/1] (1.76ns)   --->   "%ana_sq_w = sub i32 %zext_ln38_1, %zext_ln38" [extr_.linuxdriversmediacommonv4l2-tpgv4l2-tpg-core.c_tpg_calculate_square_border_with_main.c:38]   --->   Operation 41 'sub' 'ana_sq_w' <Predicate = true> <Delay = 1.76> <Core = "AddSub">   --->   Core 14 'AddSub' <Latency = 0> <II = 1> <Delay = 1.78> <FuncUnit> <Opcode : 'add' 'sub'> <InPorts = 2> <OutPorts = 1>
ST_2 : Operation 42 [1/1] (1.78ns)   --->   "%sub_ln40 = sub i32 %w, %ana_sq_w" [extr_.linuxdriversmediacommonv4l2-tpgv4l2-tpg-core.c_tpg_calculate_square_border_with_main.c:40]   --->   Operation 42 'sub' 'sub_ln40' <Predicate = true> <Delay = 1.78> <Core = "AddSub">   --->   Core 14 'AddSub' <Latency = 0> <II = 1> <Delay = 1.78> <FuncUnit> <Opcode : 'add' 'sub'> <InPorts = 2> <OutPorts = 1>
ST_2 : Operation 43 [1/1] (0.00ns) (grouped into LUT with out node select_ln37)   --->   "%tmp_3 = call i1 @_ssdm_op_BitSelect.i1.i32.i32(i32 %sub_ln40, i32 1)" [extr_.linuxdriversmediacommonv4l2-tpgv4l2-tpg-core.c_tpg_calculate_square_border_with_main.c:40]   --->   Operation 43 'bitselect' 'tmp_3' <Predicate = true> <Delay = 0.00>
ST_2 : Operation 44 [1/1] (1.78ns)   --->   "%ana_sq_w_1 = add i32 2, %ana_sq_w" [extr_.linuxdriversmediacommonv4l2-tpgv4l2-tpg-core.c_tpg_calculate_square_border_with_main.c:41]   --->   Operation 44 'add' 'ana_sq_w_1' <Predicate = true> <Delay = 1.78> <Core = "AddSub">   --->   Core 14 'AddSub' <Latency = 0> <II = 1> <Delay = 1.78> <FuncUnit> <Opcode : 'add' 'sub'> <InPorts = 2> <OutPorts = 1>
ST_2 : Operation 45 [1/1] (0.00ns) (grouped into LUT with out node select_ln37)   --->   "%select_ln40 = select i1 %tmp_3, i32 %ana_sq_w_1, i32 %ana_sq_w" [extr_.linuxdriversmediacommonv4l2-tpgv4l2-tpg-core.c_tpg_calculate_square_border_with_main.c:40]   --->   Operation 45 'select' 'select_ln40' <Predicate = true> <Delay = 0.00> <Core = "Sel">   --->   Core 26 'Sel' <Latency = 0> <II = 1> <Delay = 0.63> <FuncUnit> <Opcode : 'select'> <InPorts = 3> <OutPorts = 1>
ST_2 : Operation 46 [1/1] (0.63ns) (out node of the LUT)   --->   "%select_ln37 = select i1 %icmp_ln37, i32 %select_ln40, i32 %zext_ln33" [extr_.linuxdriversmediacommonv4l2-tpgv4l2-tpg-core.c_tpg_calculate_square_border_with_main.c:37]   --->   Operation 46 'select' 'select_ln37' <Predicate = true> <Delay = 0.63> <Core = "Sel">   --->   Core 26 'Sel' <Latency = 0> <II = 1> <Delay = 0.63> <FuncUnit> <Opcode : 'select'> <InPorts = 3> <OutPorts = 1>
ST_2 : Operation 47 [1/1] (1.78ns)   --->   "%sub_ln44 = sub i32 %w, %select_ln37" [extr_.linuxdriversmediacommonv4l2-tpgv4l2-tpg-core.c_tpg_calculate_square_border_with_main.c:44]   --->   Operation 47 'sub' 'sub_ln44' <Predicate = true> <Delay = 1.78> <Core = "AddSub">   --->   Core 14 'AddSub' <Latency = 0> <II = 1> <Delay = 1.78> <FuncUnit> <Opcode : 'add' 'sub'> <InPorts = 2> <OutPorts = 1>
ST_2 : Operation 48 [1/1] (0.00ns)   --->   "%lshr_ln1 = call i31 @_ssdm_op_PartSelect.i31.i32.i32.i32(i32 %sub_ln44, i32 1, i32 31)" [extr_.linuxdriversmediacommonv4l2-tpgv4l2-tpg-core.c_tpg_calculate_square_border_with_main.c:44]   --->   Operation 48 'partselect' 'lshr_ln1' <Predicate = true> <Delay = 0.00>
ST_2 : Operation 49 [1/1] (0.00ns)   --->   "%zext_ln44 = zext i31 %lshr_ln1 to i32" [extr_.linuxdriversmediacommonv4l2-tpgv4l2-tpg-core.c_tpg_calculate_square_border_with_main.c:44]   --->   Operation 49 'zext' 'zext_ln44' <Predicate = true> <Delay = 0.00>
ST_2 : Operation 50 [1/1] (0.00ns)   --->   "call void @_ssdm_op_Write.ap_auto.i32P(i32* %tpg_square_left, i32 %zext_ln44)" [extr_.linuxdriversmediacommonv4l2-tpgv4l2-tpg-core.c_tpg_calculate_square_border_with_main.c:44]   --->   Operation 50 'write' <Predicate = true> <Delay = 0.00>
ST_2 : Operation 51 [1/1] (0.00ns)   --->   "%tpg_pix_aspect_read = call i32 @_ssdm_op_Read.ap_auto.i32P(i32* %tpg_pix_aspect)" [extr_.linuxdriversmediacommonv4l2-tpgv4l2-tpg-core.c_tpg_calculate_square_border_with_main.c:45]   --->   Operation 51 'read' 'tpg_pix_aspect_read' <Predicate = true> <Delay = 0.00>
ST_2 : Operation 52 [1/1] (1.54ns)   --->   "%icmp_ln45 = icmp eq i32 %tpg_pix_aspect_read, 0" [extr_.linuxdriversmediacommonv4l2-tpgv4l2-tpg-core.c_tpg_calculate_square_border_with_main.c:45]   --->   Operation 52 'icmp' 'icmp_ln45' <Predicate = true> <Delay = 1.54> <Core = "Cmp">   --->   Core 25 'Cmp' <Latency = 0> <II = 1> <Delay = 1.54> <FuncUnit> <Opcode : 'icmp'> <InPorts = 2> <OutPorts = 1>
ST_2 : Operation 53 [1/1] (0.00ns)   --->   "call void @_ssdm_op_Write.ap_auto.i32P(i32* %tpg_square_width, i32 %select_ln37)" [extr_.linuxdriversmediacommonv4l2-tpgv4l2-tpg-core.c_tpg_calculate_square_border_with_main.c:36]   --->   Operation 53 'write' <Predicate = true> <Delay = 0.00>
ST_2 : Operation 54 [1/1] (1.06ns)   --->   "br i1 %icmp_ln45, label %0, label %._crit_edge1" [extr_.linuxdriversmediacommonv4l2-tpgv4l2-tpg-core.c_tpg_calculate_square_border_with_main.c:45]   --->   Operation 54 'br' <Predicate = true> <Delay = 1.06>
ST_2 : Operation 55 [1/1] (0.00ns)   --->   "%trunc_ln46 = trunc i31 %sq_w_3 to i29" [extr_.linuxdriversmediacommonv4l2-tpgv4l2-tpg-core.c_tpg_calculate_square_border_with_main.c:46]   --->   Operation 55 'trunc' 'trunc_ln46' <Predicate = (icmp_ln45)> <Delay = 0.00>
ST_2 : Operation 56 [1/1] (0.00ns)   --->   "%shl_ln1 = call i32 @_ssdm_op_BitConcatenate.i32.i29.i3(i29 %trunc_ln46, i3 0)" [extr_.linuxdriversmediacommonv4l2-tpgv4l2-tpg-core.c_tpg_calculate_square_border_with_main.c:46]   --->   Operation 56 'bitconcatenate' 'shl_ln1' <Predicate = (icmp_ln45)> <Delay = 0.00>
ST_2 : Operation 57 [1/1] (0.00ns)   --->   "%shl_ln46_1 = call i32 @_ssdm_op_BitConcatenate.i32.i31.i1(i31 %sq_w_3, i1 false)" [extr_.linuxdriversmediacommonv4l2-tpgv4l2-tpg-core.c_tpg_calculate_square_border_with_main.c:46]   --->   Operation 57 'bitconcatenate' 'shl_ln46_1' <Predicate = (icmp_ln45)> <Delay = 0.00>
ST_2 : Operation 58 [1/1] (1.78ns)   --->   "%add_ln46 = add i32 %shl_ln46_1, %shl_ln1" [extr_.linuxdriversmediacommonv4l2-tpgv4l2-tpg-core.c_tpg_calculate_square_border_with_main.c:46]   --->   Operation 58 'add' 'add_ln46' <Predicate = (icmp_ln45)> <Delay = 1.78> <Core = "AddSub">   --->   Core 14 'AddSub' <Latency = 0> <II = 1> <Delay = 1.78> <FuncUnit> <Opcode : 'add' 'sub'> <InPorts = 2> <OutPorts = 1>

State 3 <SV = 2> <Delay = 6.59>
ST_3 : Operation 59 [1/1] (0.00ns)   --->   "%zext_ln46 = zext i32 %add_ln46 to i65" [extr_.linuxdriversmediacommonv4l2-tpgv4l2-tpg-core.c_tpg_calculate_square_border_with_main.c:46]   --->   Operation 59 'zext' 'zext_ln46' <Predicate = true> <Delay = 0.00>
ST_3 : Operation 60 [1/1] (6.59ns)   --->   "%mul_ln46 = mul i65 6247225158, %zext_ln46" [extr_.linuxdriversmediacommonv4l2-tpgv4l2-tpg-core.c_tpg_calculate_square_border_with_main.c:46]   --->   Operation 60 'mul' 'mul_ln46' <Predicate = true> <Delay = 6.59> <Core = "Mul">   --->   Core 16 'Mul' <Latency = 0> <II = 1> <Delay = 6.59> <FuncUnit> <Opcode : 'mul'> <InPorts = 2> <OutPorts = 1>
ST_3 : Operation 61 [1/1] (0.00ns)   --->   "%tmp_4 = call i29 @_ssdm_op_PartSelect.i29.i65.i32.i32(i65 %mul_ln46, i32 36, i32 64)" [extr_.linuxdriversmediacommonv4l2-tpgv4l2-tpg-core.c_tpg_calculate_square_border_with_main.c:46]   --->   Operation 61 'partselect' 'tmp_4' <Predicate = true> <Delay = 0.00>
ST_3 : Operation 62 [1/1] (0.00ns)   --->   "%zext_ln46_1 = zext i29 %tmp_4 to i31" [extr_.linuxdriversmediacommonv4l2-tpgv4l2-tpg-core.c_tpg_calculate_square_border_with_main.c:46]   --->   Operation 62 'zext' 'zext_ln46_1' <Predicate = true> <Delay = 0.00>
ST_3 : Operation 63 [1/1] (1.06ns)   --->   "br label %._crit_edge1" [extr_.linuxdriversmediacommonv4l2-tpgv4l2-tpg-core.c_tpg_calculate_square_border_with_main.c:46]   --->   Operation 63 'br' <Predicate = true> <Delay = 1.06>

State 4 <SV = 3> <Delay = 8.37>
ST_4 : Operation 64 [1/1] (0.00ns)   --->   "%sq_h_1 = phi i31 [ %zext_ln46_1, %0 ], [ %sq_w_3, %_ifconv ]"   --->   Operation 64 'phi' 'sq_h_1' <Predicate = true> <Delay = 0.00>
ST_4 : Operation 65 [1/1] (0.00ns)   --->   "%zext_ln49 = zext i31 %sq_h_1 to i32" [extr_.linuxdriversmediacommonv4l2-tpgv4l2-tpg-core.c_tpg_calculate_square_border_with_main.c:49]   --->   Operation 65 'zext' 'zext_ln49' <Predicate = true> <Delay = 0.00>
ST_4 : Operation 66 [1/1] (0.00ns)   --->   "call void @_ssdm_op_Write.ap_auto.i32P(i32* %tpg_square_height, i32 %zext_ln49)" [extr_.linuxdriversmediacommonv4l2-tpgv4l2-tpg-core.c_tpg_calculate_square_border_with_main.c:49]   --->   Operation 66 'write' <Predicate = true> <Delay = 0.00>
ST_4 : Operation 67 [1/1] (1.78ns)   --->   "%sub_ln50 = sub i32 %h, %zext_ln49" [extr_.linuxdriversmediacommonv4l2-tpgv4l2-tpg-core.c_tpg_calculate_square_border_with_main.c:50]   --->   Operation 67 'sub' 'sub_ln50' <Predicate = true> <Delay = 1.78> <Core = "AddSub">   --->   Core 14 'AddSub' <Latency = 0> <II = 1> <Delay = 1.78> <FuncUnit> <Opcode : 'add' 'sub'> <InPorts = 2> <OutPorts = 1>
ST_4 : Operation 68 [1/1] (0.00ns)   --->   "%lshr_ln2 = call i31 @_ssdm_op_PartSelect.i31.i32.i32.i32(i32 %sub_ln50, i32 1, i32 31)" [extr_.linuxdriversmediacommonv4l2-tpgv4l2-tpg-core.c_tpg_calculate_square_border_with_main.c:50]   --->   Operation 68 'partselect' 'lshr_ln2' <Predicate = true> <Delay = 0.00>
ST_4 : Operation 69 [1/1] (0.00ns)   --->   "%zext_ln50 = zext i31 %lshr_ln2 to i32" [extr_.linuxdriversmediacommonv4l2-tpgv4l2-tpg-core.c_tpg_calculate_square_border_with_main.c:50]   --->   Operation 69 'zext' 'zext_ln50' <Predicate = true> <Delay = 0.00>
ST_4 : Operation 70 [1/1] (0.00ns)   --->   "call void @_ssdm_op_Write.ap_auto.i32P(i32* %tpg_square_top, i32 %zext_ln50)" [extr_.linuxdriversmediacommonv4l2-tpgv4l2-tpg-core.c_tpg_calculate_square_border_with_main.c:50]   --->   Operation 70 'write' <Predicate = true> <Delay = 0.00>
ST_4 : Operation 71 [1/1] (1.33ns)   --->   "switch i32 %tpg_vid_aspect_read, label %mergeST15 [
    i32 128, label %1
    i32 130, label %4
    i32 129, label %8
  ]" [extr_.linuxdriversmediacommonv4l2-tpgv4l2-tpg-core.c_tpg_calculate_square_border_with_main.c:55]   --->   Operation 71 'switch' <Predicate = true> <Delay = 1.33>
ST_4 : Operation 72 [1/1] (0.00ns)   --->   "br i1 %icmp_ln45, label %10, label %9" [extr_.linuxdriversmediacommonv4l2-tpgv4l2-tpg-core.c_tpg_calculate_square_border_with_main.c:86]   --->   Operation 72 'br' <Predicate = (tpg_vid_aspect_read == 129)> <Delay = 0.00>
ST_4 : Operation 73 [1/1] (1.78ns)   --->   "%add_ln88 = add i32 %h, -442" [extr_.linuxdriversmediacommonv4l2-tpgv4l2-tpg-core.c_tpg_calculate_square_border_with_main.c:88]   --->   Operation 73 'add' 'add_ln88' <Predicate = (!icmp_ln45 & tpg_vid_aspect_read == 129)> <Delay = 1.78> <Core = "AddSub">   --->   Core 14 'AddSub' <Latency = 0> <II = 1> <Delay = 1.78> <FuncUnit> <Opcode : 'add' 'sub'> <InPorts = 2> <OutPorts = 1>
ST_4 : Operation 74 [1/1] (0.00ns)   --->   "%trunc_ln4 = call i31 @_ssdm_op_PartSelect.i31.i32.i32.i32(i32 %add_ln88, i32 1, i32 31)" [extr_.linuxdriversmediacommonv4l2-tpgv4l2-tpg-core.c_tpg_calculate_square_border_with_main.c:89]   --->   Operation 74 'partselect' 'trunc_ln4' <Predicate = (!icmp_ln45 & tpg_vid_aspect_read == 129)> <Delay = 0.00>
ST_4 : Operation 75 [1/1] (1.33ns)   --->   "br label %mergeST15" [extr_.linuxdriversmediacommonv4l2-tpgv4l2-tpg-core.c_tpg_calculate_square_border_with_main.c:89]   --->   Operation 75 'br' <Predicate = (!icmp_ln45 & tpg_vid_aspect_read == 129)> <Delay = 1.33>
ST_4 : Operation 76 [1/1] (0.00ns) (grouped into LUT with out node add_ln91)   --->   "%shl_ln91 = shl i32 %w, 3" [extr_.linuxdriversmediacommonv4l2-tpgv4l2-tpg-core.c_tpg_calculate_square_border_with_main.c:91]   --->   Operation 76 'shl' 'shl_ln91' <Predicate = (icmp_ln45 & tpg_vid_aspect_read == 129)> <Delay = 0.00>
ST_4 : Operation 77 [1/1] (1.78ns) (out node of the LUT)   --->   "%add_ln91 = add i32 %w, %shl_ln91" [extr_.linuxdriversmediacommonv4l2-tpgv4l2-tpg-core.c_tpg_calculate_square_border_with_main.c:91]   --->   Operation 77 'add' 'add_ln91' <Predicate = (icmp_ln45 & tpg_vid_aspect_read == 129)> <Delay = 1.78> <Core = "AddSub">   --->   Core 14 'AddSub' <Latency = 0> <II = 1> <Delay = 1.78> <FuncUnit> <Opcode : 'add' 'sub'> <InPorts = 2> <OutPorts = 1>
ST_4 : Operation 78 [1/1] (0.00ns)   --->   "%shl_ln91_1 = shl i32 %h, 4" [extr_.linuxdriversmediacommonv4l2-tpgv4l2-tpg-core.c_tpg_calculate_square_border_with_main.c:91]   --->   Operation 78 'shl' 'shl_ln91_1' <Predicate = (icmp_ln45 & tpg_vid_aspect_read == 129)> <Delay = 0.00>
ST_4 : Operation 79 [1/1] (1.54ns)   --->   "%icmp_ln91 = icmp ult i32 %add_ln91, %shl_ln91_1" [extr_.linuxdriversmediacommonv4l2-tpgv4l2-tpg-core.c_tpg_calculate_square_border_with_main.c:91]   --->   Operation 79 'icmp' 'icmp_ln91' <Predicate = (icmp_ln45 & tpg_vid_aspect_read == 129)> <Delay = 1.54> <Core = "Cmp">   --->   Core 25 'Cmp' <Latency = 0> <II = 1> <Delay = 1.54> <FuncUnit> <Opcode : 'icmp'> <InPorts = 2> <OutPorts = 1>
ST_4 : Operation 80 [1/1] (0.00ns)   --->   "br i1 %icmp_ln91, label %11, label %._crit_edge6" [extr_.linuxdriversmediacommonv4l2-tpgv4l2-tpg-core.c_tpg_calculate_square_border_with_main.c:91]   --->   Operation 80 'br' <Predicate = (icmp_ln45 & tpg_vid_aspect_read == 129)> <Delay = 0.00>
ST_4 : Operation 81 [1/1] (0.00ns)   --->   "%zext_ln92_2 = zext i32 %shl_ln91_1 to i65" [extr_.linuxdriversmediacommonv4l2-tpgv4l2-tpg-core.c_tpg_calculate_square_border_with_main.c:92]   --->   Operation 81 'zext' 'zext_ln92_2' <Predicate = (icmp_ln45 & tpg_vid_aspect_read == 129 & !icmp_ln91)> <Delay = 0.00>
ST_4 : Operation 82 [1/1] (6.59ns)   --->   "%mul_ln92 = mul i65 %zext_ln92_2, 7635497416" [extr_.linuxdriversmediacommonv4l2-tpgv4l2-tpg-core.c_tpg_calculate_square_border_with_main.c:92]   --->   Operation 82 'mul' 'mul_ln92' <Predicate = (icmp_ln45 & tpg_vid_aspect_read == 129 & !icmp_ln91)> <Delay = 6.59> <Core = "Mul">   --->   Core 16 'Mul' <Latency = 0> <II = 1> <Delay = 6.59> <FuncUnit> <Opcode : 'mul'> <InPorts = 2> <OutPorts = 1>
ST_4 : Operation 83 [1/1] (0.00ns)   --->   "%tmp_11 = call i28 @_ssdm_op_PartSelect.i28.i65.i32.i32(i65 %mul_ln92, i32 37, i32 64)" [extr_.linuxdriversmediacommonv4l2-tpgv4l2-tpg-core.c_tpg_calculate_square_border_with_main.c:92]   --->   Operation 83 'partselect' 'tmp_11' <Predicate = (icmp_ln45 & tpg_vid_aspect_read == 129 & !icmp_ln91)> <Delay = 0.00>
ST_4 : Operation 84 [1/1] (0.00ns)   --->   "%tmp_10 = call i27 @_ssdm_op_PartSelect.i27.i32.i32.i32(i32 %add_ln91, i32 5, i32 31)" [extr_.linuxdriversmediacommonv4l2-tpgv4l2-tpg-core.c_tpg_calculate_square_border_with_main.c:98]   --->   Operation 84 'partselect' 'tmp_10' <Predicate = (icmp_ln45 & tpg_vid_aspect_read == 129 & icmp_ln91)> <Delay = 0.00>
ST_4 : Operation 85 [1/1] (0.00ns)   --->   "%and_ln6 = call i28 @_ssdm_op_BitConcatenate.i28.i27.i1(i27 %tmp_10, i1 false)" [extr_.linuxdriversmediacommonv4l2-tpgv4l2-tpg-core.c_tpg_calculate_square_border_with_main.c:98]   --->   Operation 85 'bitconcatenate' 'and_ln6' <Predicate = (icmp_ln45 & tpg_vid_aspect_read == 129 & icmp_ln91)> <Delay = 0.00>
ST_4 : Operation 86 [1/1] (0.00ns)   --->   "%zext_ln98 = zext i28 %and_ln6 to i32" [extr_.linuxdriversmediacommonv4l2-tpgv4l2-tpg-core.c_tpg_calculate_square_border_with_main.c:98]   --->   Operation 86 'zext' 'zext_ln98' <Predicate = (icmp_ln45 & tpg_vid_aspect_read == 129 & icmp_ln91)> <Delay = 0.00>
ST_4 : Operation 87 [1/1] (1.78ns)   --->   "%sub_ln99 = sub i32 %h, %zext_ln98" [extr_.linuxdriversmediacommonv4l2-tpgv4l2-tpg-core.c_tpg_calculate_square_border_with_main.c:99]   --->   Operation 87 'sub' 'sub_ln99' <Predicate = (icmp_ln45 & tpg_vid_aspect_read == 129 & icmp_ln91)> <Delay = 1.78> <Core = "AddSub">   --->   Core 14 'AddSub' <Latency = 0> <II = 1> <Delay = 1.78> <FuncUnit> <Opcode : 'add' 'sub'> <InPorts = 2> <OutPorts = 1>
ST_4 : Operation 88 [1/1] (0.00ns)   --->   "%trunc_ln9 = call i31 @_ssdm_op_PartSelect.i31.i32.i32.i32(i32 %sub_ln99, i32 1, i32 31)" [extr_.linuxdriversmediacommonv4l2-tpgv4l2-tpg-core.c_tpg_calculate_square_border_with_main.c:100]   --->   Operation 88 'partselect' 'trunc_ln9' <Predicate = (icmp_ln45 & tpg_vid_aspect_read == 129 & icmp_ln91)> <Delay = 0.00>
ST_4 : Operation 89 [1/1] (1.33ns)   --->   "br label %mergeST15" [extr_.linuxdriversmediacommonv4l2-tpgv4l2-tpg-core.c_tpg_calculate_square_border_with_main.c:100]   --->   Operation 89 'br' <Predicate = (icmp_ln45 & tpg_vid_aspect_read == 129 & icmp_ln91)> <Delay = 1.33>
ST_4 : Operation 90 [1/1] (0.00ns)   --->   "br i1 %icmp_ln45, label %6, label %5" [extr_.linuxdriversmediacommonv4l2-tpgv4l2-tpg-core.c_tpg_calculate_square_border_with_main.c:70]   --->   Operation 90 'br' <Predicate = (tpg_vid_aspect_read == 130)> <Delay = 0.00>
ST_4 : Operation 91 [1/1] (1.78ns)   --->   "%add_ln72 = add i32 %h, -506" [extr_.linuxdriversmediacommonv4l2-tpgv4l2-tpg-core.c_tpg_calculate_square_border_with_main.c:72]   --->   Operation 91 'add' 'add_ln72' <Predicate = (!icmp_ln45 & tpg_vid_aspect_read == 130)> <Delay = 1.78> <Core = "AddSub">   --->   Core 14 'AddSub' <Latency = 0> <II = 1> <Delay = 1.78> <FuncUnit> <Opcode : 'add' 'sub'> <InPorts = 2> <OutPorts = 1>
ST_4 : Operation 92 [1/1] (0.00ns)   --->   "%trunc_ln3 = call i31 @_ssdm_op_PartSelect.i31.i32.i32.i32(i32 %add_ln72, i32 1, i32 31)" [extr_.linuxdriversmediacommonv4l2-tpgv4l2-tpg-core.c_tpg_calculate_square_border_with_main.c:73]   --->   Operation 92 'partselect' 'trunc_ln3' <Predicate = (!icmp_ln45 & tpg_vid_aspect_read == 130)> <Delay = 0.00>
ST_4 : Operation 93 [1/1] (1.33ns)   --->   "br label %mergeST15" [extr_.linuxdriversmediacommonv4l2-tpgv4l2-tpg-core.c_tpg_calculate_square_border_with_main.c:73]   --->   Operation 93 'br' <Predicate = (!icmp_ln45 & tpg_vid_aspect_read == 130)> <Delay = 1.33>
ST_4 : Operation 94 [1/1] (0.00ns) (grouped into LUT with out node add_ln75)   --->   "%shl_ln75 = shl i32 %w, 3" [extr_.linuxdriversmediacommonv4l2-tpgv4l2-tpg-core.c_tpg_calculate_square_border_with_main.c:75]   --->   Operation 94 'shl' 'shl_ln75' <Predicate = (icmp_ln45 & tpg_vid_aspect_read == 130)> <Delay = 0.00>
ST_4 : Operation 95 [1/1] (1.78ns) (out node of the LUT)   --->   "%add_ln75 = add i32 %w, %shl_ln75" [extr_.linuxdriversmediacommonv4l2-tpgv4l2-tpg-core.c_tpg_calculate_square_border_with_main.c:75]   --->   Operation 95 'add' 'add_ln75' <Predicate = (icmp_ln45 & tpg_vid_aspect_read == 130)> <Delay = 1.78> <Core = "AddSub">   --->   Core 14 'AddSub' <Latency = 0> <II = 1> <Delay = 1.78> <FuncUnit> <Opcode : 'add' 'sub'> <InPorts = 2> <OutPorts = 1>
ST_4 : Operation 96 [1/1] (0.00ns) (grouped into LUT with out node sub_ln75)   --->   "%shl_ln75_1 = shl i32 %h, 4" [extr_.linuxdriversmediacommonv4l2-tpgv4l2-tpg-core.c_tpg_calculate_square_border_with_main.c:75]   --->   Operation 96 'shl' 'shl_ln75_1' <Predicate = (icmp_ln45 & tpg_vid_aspect_read == 130)> <Delay = 0.00>
ST_4 : Operation 97 [1/1] (0.00ns) (grouped into LUT with out node sub_ln75)   --->   "%shl_ln75_2 = shl i32 %h, 1" [extr_.linuxdriversmediacommonv4l2-tpgv4l2-tpg-core.c_tpg_calculate_square_border_with_main.c:75]   --->   Operation 97 'shl' 'shl_ln75_2' <Predicate = (icmp_ln45 & tpg_vid_aspect_read == 130)> <Delay = 0.00>
ST_4 : Operation 98 [1/1] (1.78ns) (out node of the LUT)   --->   "%sub_ln75 = sub i32 %shl_ln75_1, %shl_ln75_2" [extr_.linuxdriversmediacommonv4l2-tpgv4l2-tpg-core.c_tpg_calculate_square_border_with_main.c:75]   --->   Operation 98 'sub' 'sub_ln75' <Predicate = (icmp_ln45 & tpg_vid_aspect_read == 130)> <Delay = 1.78> <Core = "AddSub">   --->   Core 14 'AddSub' <Latency = 0> <II = 1> <Delay = 1.78> <FuncUnit> <Opcode : 'add' 'sub'> <InPorts = 2> <OutPorts = 1>
ST_4 : Operation 99 [1/1] (1.54ns)   --->   "%icmp_ln75 = icmp ult i32 %add_ln75, %sub_ln75" [extr_.linuxdriversmediacommonv4l2-tpgv4l2-tpg-core.c_tpg_calculate_square_border_with_main.c:75]   --->   Operation 99 'icmp' 'icmp_ln75' <Predicate = (icmp_ln45 & tpg_vid_aspect_read == 130)> <Delay = 1.54> <Core = "Cmp">   --->   Core 25 'Cmp' <Latency = 0> <II = 1> <Delay = 1.54> <FuncUnit> <Opcode : 'icmp'> <InPorts = 2> <OutPorts = 1>
ST_4 : Operation 100 [1/1] (0.00ns)   --->   "br i1 %icmp_ln75, label %7, label %._crit_edge5" [extr_.linuxdriversmediacommonv4l2-tpgv4l2-tpg-core.c_tpg_calculate_square_border_with_main.c:75]   --->   Operation 100 'br' <Predicate = (icmp_ln45 & tpg_vid_aspect_read == 130)> <Delay = 0.00>
ST_4 : Operation 101 [1/1] (0.00ns)   --->   "%zext_ln76_2 = zext i32 %sub_ln75 to i65" [extr_.linuxdriversmediacommonv4l2-tpgv4l2-tpg-core.c_tpg_calculate_square_border_with_main.c:76]   --->   Operation 101 'zext' 'zext_ln76_2' <Predicate = (icmp_ln45 & tpg_vid_aspect_read == 130 & !icmp_ln75)> <Delay = 0.00>
ST_4 : Operation 102 [1/1] (6.59ns)   --->   "%mul_ln76 = mul i65 %zext_ln76_2, 7635497416" [extr_.linuxdriversmediacommonv4l2-tpgv4l2-tpg-core.c_tpg_calculate_square_border_with_main.c:76]   --->   Operation 102 'mul' 'mul_ln76' <Predicate = (icmp_ln45 & tpg_vid_aspect_read == 130 & !icmp_ln75)> <Delay = 6.59> <Core = "Mul">   --->   Core 16 'Mul' <Latency = 0> <II = 1> <Delay = 6.59> <FuncUnit> <Opcode : 'mul'> <InPorts = 2> <OutPorts = 1>
ST_4 : Operation 103 [1/1] (0.00ns)   --->   "%tmp_8 = call i28 @_ssdm_op_PartSelect.i28.i65.i32.i32(i65 %mul_ln76, i32 37, i32 64)" [extr_.linuxdriversmediacommonv4l2-tpgv4l2-tpg-core.c_tpg_calculate_square_border_with_main.c:76]   --->   Operation 103 'partselect' 'tmp_8' <Predicate = (icmp_ln45 & tpg_vid_aspect_read == 130 & !icmp_ln75)> <Delay = 0.00>
ST_4 : Operation 104 [1/1] (0.00ns)   --->   "%zext_ln82_1 = zext i32 %add_ln75 to i65" [extr_.linuxdriversmediacommonv4l2-tpgv4l2-tpg-core.c_tpg_calculate_square_border_with_main.c:82]   --->   Operation 104 'zext' 'zext_ln82_1' <Predicate = (icmp_ln45 & tpg_vid_aspect_read == 130 & icmp_ln75)> <Delay = 0.00>
ST_4 : Operation 105 [1/1] (6.59ns)   --->   "%mul_ln82 = mul i65 %zext_ln82_1, 4908534053" [extr_.linuxdriversmediacommonv4l2-tpgv4l2-tpg-core.c_tpg_calculate_square_border_with_main.c:82]   --->   Operation 105 'mul' 'mul_ln82' <Predicate = (icmp_ln45 & tpg_vid_aspect_read == 130 & icmp_ln75)> <Delay = 6.59> <Core = "Mul">   --->   Core 16 'Mul' <Latency = 0> <II = 1> <Delay = 6.59> <FuncUnit> <Opcode : 'mul'> <InPorts = 2> <OutPorts = 1>
ST_4 : Operation 106 [1/1] (0.00ns)   --->   "%tmp_7 = call i28 @_ssdm_op_PartSelect.i28.i65.i32.i32(i65 %mul_ln82, i32 37, i32 64)" [extr_.linuxdriversmediacommonv4l2-tpgv4l2-tpg-core.c_tpg_calculate_square_border_with_main.c:82]   --->   Operation 106 'partselect' 'tmp_7' <Predicate = (icmp_ln45 & tpg_vid_aspect_read == 130 & icmp_ln75)> <Delay = 0.00>
ST_4 : Operation 107 [1/1] (1.33ns)   --->   "br i1 %icmp_ln45, label %2, label %mergeST15" [extr_.linuxdriversmediacommonv4l2-tpgv4l2-tpg-core.c_tpg_calculate_square_border_with_main.c:57]   --->   Operation 107 'br' <Predicate = (tpg_vid_aspect_read == 128)> <Delay = 1.33>
ST_4 : Operation 108 [1/1] (0.00ns) (grouped into LUT with out node sub_ln59)   --->   "%shl_ln59 = shl i32 %w, 2" [extr_.linuxdriversmediacommonv4l2-tpgv4l2-tpg-core.c_tpg_calculate_square_border_with_main.c:59]   --->   Operation 108 'shl' 'shl_ln59' <Predicate = (icmp_ln45 & tpg_vid_aspect_read == 128)> <Delay = 0.00>
ST_4 : Operation 109 [1/1] (1.78ns) (out node of the LUT)   --->   "%sub_ln59 = sub i32 %shl_ln59, %w" [extr_.linuxdriversmediacommonv4l2-tpgv4l2-tpg-core.c_tpg_calculate_square_border_with_main.c:59]   --->   Operation 109 'sub' 'sub_ln59' <Predicate = (icmp_ln45 & tpg_vid_aspect_read == 128)> <Delay = 1.78> <Core = "AddSub">   --->   Core 14 'AddSub' <Latency = 0> <II = 1> <Delay = 1.78> <FuncUnit> <Opcode : 'add' 'sub'> <InPorts = 2> <OutPorts = 1>
ST_4 : Operation 110 [1/1] (0.00ns)   --->   "%shl_ln59_1 = shl i32 %h, 2" [extr_.linuxdriversmediacommonv4l2-tpgv4l2-tpg-core.c_tpg_calculate_square_border_with_main.c:59]   --->   Operation 110 'shl' 'shl_ln59_1' <Predicate = (icmp_ln45 & tpg_vid_aspect_read == 128)> <Delay = 0.00>
ST_4 : Operation 111 [1/1] (1.54ns)   --->   "%icmp_ln59 = icmp ult i32 %sub_ln59, %shl_ln59_1" [extr_.linuxdriversmediacommonv4l2-tpgv4l2-tpg-core.c_tpg_calculate_square_border_with_main.c:59]   --->   Operation 111 'icmp' 'icmp_ln59' <Predicate = (icmp_ln45 & tpg_vid_aspect_read == 128)> <Delay = 1.54> <Core = "Cmp">   --->   Core 25 'Cmp' <Latency = 0> <II = 1> <Delay = 1.54> <FuncUnit> <Opcode : 'icmp'> <InPorts = 2> <OutPorts = 1>
ST_4 : Operation 112 [1/1] (0.00ns)   --->   "br i1 %icmp_ln59, label %3, label %._crit_edge4" [extr_.linuxdriversmediacommonv4l2-tpgv4l2-tpg-core.c_tpg_calculate_square_border_with_main.c:59]   --->   Operation 112 'br' <Predicate = (icmp_ln45 & tpg_vid_aspect_read == 128)> <Delay = 0.00>
ST_4 : Operation 113 [1/1] (0.00ns)   --->   "%zext_ln60_1 = zext i32 %shl_ln59_1 to i65" [extr_.linuxdriversmediacommonv4l2-tpgv4l2-tpg-core.c_tpg_calculate_square_border_with_main.c:60]   --->   Operation 113 'zext' 'zext_ln60_1' <Predicate = (icmp_ln45 & tpg_vid_aspect_read == 128 & !icmp_ln59)> <Delay = 0.00>
ST_4 : Operation 114 [1/1] (6.59ns)   --->   "%mul_ln60 = mul i65 %zext_ln60_1, 5726623062" [extr_.linuxdriversmediacommonv4l2-tpgv4l2-tpg-core.c_tpg_calculate_square_border_with_main.c:60]   --->   Operation 114 'mul' 'mul_ln60' <Predicate = (icmp_ln45 & tpg_vid_aspect_read == 128 & !icmp_ln59)> <Delay = 6.59> <Core = "Mul">   --->   Core 16 'Mul' <Latency = 0> <II = 1> <Delay = 6.59> <FuncUnit> <Opcode : 'mul'> <InPorts = 2> <OutPorts = 1>
ST_4 : Operation 115 [1/1] (0.00ns)   --->   "%tmp_5 = call i30 @_ssdm_op_PartSelect.i30.i65.i32.i32(i65 %mul_ln60, i32 35, i32 64)" [extr_.linuxdriversmediacommonv4l2-tpgv4l2-tpg-core.c_tpg_calculate_square_border_with_main.c:60]   --->   Operation 115 'partselect' 'tmp_5' <Predicate = (icmp_ln45 & tpg_vid_aspect_read == 128 & !icmp_ln59)> <Delay = 0.00>
ST_4 : Operation 116 [1/1] (0.00ns)   --->   "%tmp_s = call i29 @_ssdm_op_PartSelect.i29.i32.i32.i32(i32 %sub_ln59, i32 3, i32 31)" [extr_.linuxdriversmediacommonv4l2-tpgv4l2-tpg-core.c_tpg_calculate_square_border_with_main.c:66]   --->   Operation 116 'partselect' 'tmp_s' <Predicate = (icmp_ln45 & tpg_vid_aspect_read == 128 & icmp_ln59)> <Delay = 0.00>
ST_4 : Operation 117 [1/1] (0.00ns)   --->   "%and_ln2 = call i30 @_ssdm_op_BitConcatenate.i30.i29.i1(i29 %tmp_s, i1 false)" [extr_.linuxdriversmediacommonv4l2-tpgv4l2-tpg-core.c_tpg_calculate_square_border_with_main.c:66]   --->   Operation 117 'bitconcatenate' 'and_ln2' <Predicate = (icmp_ln45 & tpg_vid_aspect_read == 128 & icmp_ln59)> <Delay = 0.00>
ST_4 : Operation 118 [1/1] (0.00ns)   --->   "%zext_ln66 = zext i30 %and_ln2 to i32" [extr_.linuxdriversmediacommonv4l2-tpgv4l2-tpg-core.c_tpg_calculate_square_border_with_main.c:66]   --->   Operation 118 'zext' 'zext_ln66' <Predicate = (icmp_ln45 & tpg_vid_aspect_read == 128 & icmp_ln59)> <Delay = 0.00>
ST_4 : Operation 119 [1/1] (1.78ns)   --->   "%sub_ln67 = sub i32 %h, %zext_ln66" [extr_.linuxdriversmediacommonv4l2-tpgv4l2-tpg-core.c_tpg_calculate_square_border_with_main.c:67]   --->   Operation 119 'sub' 'sub_ln67' <Predicate = (icmp_ln45 & tpg_vid_aspect_read == 128 & icmp_ln59)> <Delay = 1.78> <Core = "AddSub">   --->   Core 14 'AddSub' <Latency = 0> <II = 1> <Delay = 1.78> <FuncUnit> <Opcode : 'add' 'sub'> <InPorts = 2> <OutPorts = 1>
ST_4 : Operation 120 [1/1] (0.00ns)   --->   "%trunc_ln5 = call i31 @_ssdm_op_PartSelect.i31.i32.i32.i32(i32 %sub_ln67, i32 1, i32 31)" [extr_.linuxdriversmediacommonv4l2-tpgv4l2-tpg-core.c_tpg_calculate_square_border_with_main.c:68]   --->   Operation 120 'partselect' 'trunc_ln5' <Predicate = (icmp_ln45 & tpg_vid_aspect_read == 128 & icmp_ln59)> <Delay = 0.00>
ST_4 : Operation 121 [1/1] (1.33ns)   --->   "br label %mergeST15" [extr_.linuxdriversmediacommonv4l2-tpgv4l2-tpg-core.c_tpg_calculate_square_border_with_main.c:68]   --->   Operation 121 'br' <Predicate = (icmp_ln45 & tpg_vid_aspect_read == 128 & icmp_ln59)> <Delay = 1.33>

State 5 <SV = 4> <Delay = 7.07>
ST_5 : Operation 122 [1/1] (0.00ns)   --->   "%and_ln7 = call i29 @_ssdm_op_BitConcatenate.i29.i28.i1(i28 %tmp_11, i1 false)" [extr_.linuxdriversmediacommonv4l2-tpgv4l2-tpg-core.c_tpg_calculate_square_border_with_main.c:92]   --->   Operation 122 'bitconcatenate' 'and_ln7' <Predicate = (icmp_ln45 & tpg_vid_aspect_read == 129 & !icmp_ln91)> <Delay = 0.00>
ST_5 : Operation 123 [1/1] (0.00ns)   --->   "%zext_ln92 = zext i29 %and_ln7 to i30" [extr_.linuxdriversmediacommonv4l2-tpgv4l2-tpg-core.c_tpg_calculate_square_border_with_main.c:92]   --->   Operation 123 'zext' 'zext_ln92' <Predicate = (icmp_ln45 & tpg_vid_aspect_read == 129 & !icmp_ln91)> <Delay = 0.00>
ST_5 : Operation 124 [1/1] (0.00ns)   --->   "%zext_ln92_1 = zext i29 %and_ln7 to i32" [extr_.linuxdriversmediacommonv4l2-tpgv4l2-tpg-core.c_tpg_calculate_square_border_with_main.c:92]   --->   Operation 124 'zext' 'zext_ln92_1' <Predicate = (icmp_ln45 & tpg_vid_aspect_read == 129 & !icmp_ln91)> <Delay = 0.00>
ST_5 : Operation 125 [1/1] (1.78ns)   --->   "%sub_ln93 = sub i32 %w, %zext_ln92_1" [extr_.linuxdriversmediacommonv4l2-tpgv4l2-tpg-core.c_tpg_calculate_square_border_with_main.c:93]   --->   Operation 125 'sub' 'sub_ln93' <Predicate = (icmp_ln45 & tpg_vid_aspect_read == 129 & !icmp_ln91)> <Delay = 1.78> <Core = "AddSub">   --->   Core 14 'AddSub' <Latency = 0> <II = 1> <Delay = 1.78> <FuncUnit> <Opcode : 'add' 'sub'> <InPorts = 2> <OutPorts = 1>
ST_5 : Operation 126 [1/1] (0.00ns)   --->   "%tmp_12 = call i30 @_ssdm_op_PartSelect.i30.i32.i32.i32(i32 %sub_ln93, i32 2, i32 31)" [extr_.linuxdriversmediacommonv4l2-tpgv4l2-tpg-core.c_tpg_calculate_square_border_with_main.c:93]   --->   Operation 126 'partselect' 'tmp_12' <Predicate = (icmp_ln45 & tpg_vid_aspect_read == 129 & !icmp_ln91)> <Delay = 0.00>
ST_5 : Operation 127 [1/1] (1.54ns)   --->   "%icmp_ln93 = icmp ne i30 %tmp_12, 0" [extr_.linuxdriversmediacommonv4l2-tpgv4l2-tpg-core.c_tpg_calculate_square_border_with_main.c:93]   --->   Operation 127 'icmp' 'icmp_ln93' <Predicate = (icmp_ln45 & tpg_vid_aspect_read == 129 & !icmp_ln91)> <Delay = 1.54> <Core = "Cmp">   --->   Core 25 'Cmp' <Latency = 0> <II = 1> <Delay = 1.54> <FuncUnit> <Opcode : 'icmp'> <InPorts = 2> <OutPorts = 1>
ST_5 : Operation 128 [1/1] (1.72ns)   --->   "%add_ln94 = add i30 %zext_ln92, -2" [extr_.linuxdriversmediacommonv4l2-tpgv4l2-tpg-core.c_tpg_calculate_square_border_with_main.c:94]   --->   Operation 128 'add' 'add_ln94' <Predicate = (icmp_ln45 & tpg_vid_aspect_read == 129 & !icmp_ln91)> <Delay = 1.72> <Core = "AddSub">   --->   Core 14 'AddSub' <Latency = 0> <II = 1> <Delay = 1.78> <FuncUnit> <Opcode : 'add' 'sub'> <InPorts = 2> <OutPorts = 1>
ST_5 : Operation 129 [1/1] (0.59ns)   --->   "%select_ln93 = select i1 %icmp_ln93, i30 %add_ln94, i30 %zext_ln92" [extr_.linuxdriversmediacommonv4l2-tpgv4l2-tpg-core.c_tpg_calculate_square_border_with_main.c:93]   --->   Operation 129 'select' 'select_ln93' <Predicate = (icmp_ln45 & tpg_vid_aspect_read == 129 & !icmp_ln91)> <Delay = 0.59> <Core = "Sel">   --->   Core 26 'Sel' <Latency = 0> <II = 1> <Delay = 0.63> <FuncUnit> <Opcode : 'select'> <InPorts = 3> <OutPorts = 1>
ST_5 : Operation 130 [1/1] (0.00ns)   --->   "%sext_ln93 = sext i30 %select_ln93 to i32" [extr_.linuxdriversmediacommonv4l2-tpgv4l2-tpg-core.c_tpg_calculate_square_border_with_main.c:93]   --->   Operation 130 'sext' 'sext_ln93' <Predicate = (icmp_ln45 & tpg_vid_aspect_read == 129 & !icmp_ln91)> <Delay = 0.00>
ST_5 : Operation 131 [1/1] (1.78ns)   --->   "%sub_ln95 = sub i32 %w, %sext_ln93" [extr_.linuxdriversmediacommonv4l2-tpgv4l2-tpg-core.c_tpg_calculate_square_border_with_main.c:95]   --->   Operation 131 'sub' 'sub_ln95' <Predicate = (icmp_ln45 & tpg_vid_aspect_read == 129 & !icmp_ln91)> <Delay = 1.78> <Core = "AddSub">   --->   Core 14 'AddSub' <Latency = 0> <II = 1> <Delay = 1.78> <FuncUnit> <Opcode : 'add' 'sub'> <InPorts = 2> <OutPorts = 1>
ST_5 : Operation 132 [1/1] (0.00ns)   --->   "%trunc_ln = call i31 @_ssdm_op_PartSelect.i31.i32.i32.i32(i32 %sub_ln95, i32 1, i32 31)" [extr_.linuxdriversmediacommonv4l2-tpgv4l2-tpg-core.c_tpg_calculate_square_border_with_main.c:96]   --->   Operation 132 'partselect' 'trunc_ln' <Predicate = (icmp_ln45 & tpg_vid_aspect_read == 129 & !icmp_ln91)> <Delay = 0.00>
ST_5 : Operation 133 [1/1] (1.33ns)   --->   "br label %mergeST15" [extr_.linuxdriversmediacommonv4l2-tpgv4l2-tpg-core.c_tpg_calculate_square_border_with_main.c:96]   --->   Operation 133 'br' <Predicate = (icmp_ln45 & tpg_vid_aspect_read == 129 & !icmp_ln91)> <Delay = 1.33>
ST_5 : Operation 134 [1/1] (0.00ns)   --->   "%and_ln5 = call i29 @_ssdm_op_BitConcatenate.i29.i28.i1(i28 %tmp_8, i1 false)" [extr_.linuxdriversmediacommonv4l2-tpgv4l2-tpg-core.c_tpg_calculate_square_border_with_main.c:76]   --->   Operation 134 'bitconcatenate' 'and_ln5' <Predicate = (icmp_ln45 & tpg_vid_aspect_read == 130 & !icmp_ln75)> <Delay = 0.00>
ST_5 : Operation 135 [1/1] (0.00ns)   --->   "%zext_ln76 = zext i29 %and_ln5 to i30" [extr_.linuxdriversmediacommonv4l2-tpgv4l2-tpg-core.c_tpg_calculate_square_border_with_main.c:76]   --->   Operation 135 'zext' 'zext_ln76' <Predicate = (icmp_ln45 & tpg_vid_aspect_read == 130 & !icmp_ln75)> <Delay = 0.00>
ST_5 : Operation 136 [1/1] (0.00ns)   --->   "%zext_ln76_1 = zext i29 %and_ln5 to i32" [extr_.linuxdriversmediacommonv4l2-tpgv4l2-tpg-core.c_tpg_calculate_square_border_with_main.c:76]   --->   Operation 136 'zext' 'zext_ln76_1' <Predicate = (icmp_ln45 & tpg_vid_aspect_read == 130 & !icmp_ln75)> <Delay = 0.00>
ST_5 : Operation 137 [1/1] (1.78ns)   --->   "%sub_ln77 = sub i32 %w, %zext_ln76_1" [extr_.linuxdriversmediacommonv4l2-tpgv4l2-tpg-core.c_tpg_calculate_square_border_with_main.c:77]   --->   Operation 137 'sub' 'sub_ln77' <Predicate = (icmp_ln45 & tpg_vid_aspect_read == 130 & !icmp_ln75)> <Delay = 1.78> <Core = "AddSub">   --->   Core 14 'AddSub' <Latency = 0> <II = 1> <Delay = 1.78> <FuncUnit> <Opcode : 'add' 'sub'> <InPorts = 2> <OutPorts = 1>
ST_5 : Operation 138 [1/1] (0.00ns)   --->   "%tmp_9 = call i30 @_ssdm_op_PartSelect.i30.i32.i32.i32(i32 %sub_ln77, i32 2, i32 31)" [extr_.linuxdriversmediacommonv4l2-tpgv4l2-tpg-core.c_tpg_calculate_square_border_with_main.c:77]   --->   Operation 138 'partselect' 'tmp_9' <Predicate = (icmp_ln45 & tpg_vid_aspect_read == 130 & !icmp_ln75)> <Delay = 0.00>
ST_5 : Operation 139 [1/1] (1.54ns)   --->   "%icmp_ln77 = icmp ne i30 %tmp_9, 0" [extr_.linuxdriversmediacommonv4l2-tpgv4l2-tpg-core.c_tpg_calculate_square_border_with_main.c:77]   --->   Operation 139 'icmp' 'icmp_ln77' <Predicate = (icmp_ln45 & tpg_vid_aspect_read == 130 & !icmp_ln75)> <Delay = 1.54> <Core = "Cmp">   --->   Core 25 'Cmp' <Latency = 0> <II = 1> <Delay = 1.54> <FuncUnit> <Opcode : 'icmp'> <InPorts = 2> <OutPorts = 1>
ST_5 : Operation 140 [1/1] (1.72ns)   --->   "%add_ln78 = add i30 %zext_ln76, -2" [extr_.linuxdriversmediacommonv4l2-tpgv4l2-tpg-core.c_tpg_calculate_square_border_with_main.c:78]   --->   Operation 140 'add' 'add_ln78' <Predicate = (icmp_ln45 & tpg_vid_aspect_read == 130 & !icmp_ln75)> <Delay = 1.72> <Core = "AddSub">   --->   Core 14 'AddSub' <Latency = 0> <II = 1> <Delay = 1.78> <FuncUnit> <Opcode : 'add' 'sub'> <InPorts = 2> <OutPorts = 1>
ST_5 : Operation 141 [1/1] (0.59ns)   --->   "%select_ln77 = select i1 %icmp_ln77, i30 %add_ln78, i30 %zext_ln76" [extr_.linuxdriversmediacommonv4l2-tpgv4l2-tpg-core.c_tpg_calculate_square_border_with_main.c:77]   --->   Operation 141 'select' 'select_ln77' <Predicate = (icmp_ln45 & tpg_vid_aspect_read == 130 & !icmp_ln75)> <Delay = 0.59> <Core = "Sel">   --->   Core 26 'Sel' <Latency = 0> <II = 1> <Delay = 0.63> <FuncUnit> <Opcode : 'select'> <InPorts = 3> <OutPorts = 1>
ST_5 : Operation 142 [1/1] (0.00ns)   --->   "%sext_ln77 = sext i30 %select_ln77 to i32" [extr_.linuxdriversmediacommonv4l2-tpgv4l2-tpg-core.c_tpg_calculate_square_border_with_main.c:77]   --->   Operation 142 'sext' 'sext_ln77' <Predicate = (icmp_ln45 & tpg_vid_aspect_read == 130 & !icmp_ln75)> <Delay = 0.00>
ST_5 : Operation 143 [1/1] (1.78ns)   --->   "%sub_ln79 = sub i32 %w, %sext_ln77" [extr_.linuxdriversmediacommonv4l2-tpgv4l2-tpg-core.c_tpg_calculate_square_border_with_main.c:79]   --->   Operation 143 'sub' 'sub_ln79' <Predicate = (icmp_ln45 & tpg_vid_aspect_read == 130 & !icmp_ln75)> <Delay = 1.78> <Core = "AddSub">   --->   Core 14 'AddSub' <Latency = 0> <II = 1> <Delay = 1.78> <FuncUnit> <Opcode : 'add' 'sub'> <InPorts = 2> <OutPorts = 1>
ST_5 : Operation 144 [1/1] (0.00ns)   --->   "%trunc_ln8 = call i31 @_ssdm_op_PartSelect.i31.i32.i32.i32(i32 %sub_ln79, i32 1, i32 31)" [extr_.linuxdriversmediacommonv4l2-tpgv4l2-tpg-core.c_tpg_calculate_square_border_with_main.c:80]   --->   Operation 144 'partselect' 'trunc_ln8' <Predicate = (icmp_ln45 & tpg_vid_aspect_read == 130 & !icmp_ln75)> <Delay = 0.00>
ST_5 : Operation 145 [1/1] (1.33ns)   --->   "br label %mergeST15" [extr_.linuxdriversmediacommonv4l2-tpgv4l2-tpg-core.c_tpg_calculate_square_border_with_main.c:80]   --->   Operation 145 'br' <Predicate = (icmp_ln45 & tpg_vid_aspect_read == 130 & !icmp_ln75)> <Delay = 1.33>
ST_5 : Operation 146 [1/1] (0.00ns)   --->   "%and_ln4 = call i29 @_ssdm_op_BitConcatenate.i29.i28.i1(i28 %tmp_7, i1 false)" [extr_.linuxdriversmediacommonv4l2-tpgv4l2-tpg-core.c_tpg_calculate_square_border_with_main.c:82]   --->   Operation 146 'bitconcatenate' 'and_ln4' <Predicate = (icmp_ln45 & tpg_vid_aspect_read == 130 & icmp_ln75)> <Delay = 0.00>
ST_5 : Operation 147 [1/1] (0.00ns)   --->   "%zext_ln82 = zext i29 %and_ln4 to i32" [extr_.linuxdriversmediacommonv4l2-tpgv4l2-tpg-core.c_tpg_calculate_square_border_with_main.c:82]   --->   Operation 147 'zext' 'zext_ln82' <Predicate = (icmp_ln45 & tpg_vid_aspect_read == 130 & icmp_ln75)> <Delay = 0.00>
ST_5 : Operation 148 [1/1] (1.78ns)   --->   "%sub_ln83 = sub i32 %h, %zext_ln82" [extr_.linuxdriversmediacommonv4l2-tpgv4l2-tpg-core.c_tpg_calculate_square_border_with_main.c:83]   --->   Operation 148 'sub' 'sub_ln83' <Predicate = (icmp_ln45 & tpg_vid_aspect_read == 130 & icmp_ln75)> <Delay = 1.78> <Core = "AddSub">   --->   Core 14 'AddSub' <Latency = 0> <II = 1> <Delay = 1.78> <FuncUnit> <Opcode : 'add' 'sub'> <InPorts = 2> <OutPorts = 1>
ST_5 : Operation 149 [1/1] (0.00ns)   --->   "%trunc_ln7 = call i31 @_ssdm_op_PartSelect.i31.i32.i32.i32(i32 %sub_ln83, i32 1, i32 31)" [extr_.linuxdriversmediacommonv4l2-tpgv4l2-tpg-core.c_tpg_calculate_square_border_with_main.c:84]   --->   Operation 149 'partselect' 'trunc_ln7' <Predicate = (icmp_ln45 & tpg_vid_aspect_read == 130 & icmp_ln75)> <Delay = 0.00>
ST_5 : Operation 150 [1/1] (1.33ns)   --->   "br label %mergeST15" [extr_.linuxdriversmediacommonv4l2-tpgv4l2-tpg-core.c_tpg_calculate_square_border_with_main.c:84]   --->   Operation 150 'br' <Predicate = (icmp_ln45 & tpg_vid_aspect_read == 130 & icmp_ln75)> <Delay = 1.33>
ST_5 : Operation 151 [1/1] (0.00ns)   --->   "%and_ln3 = call i31 @_ssdm_op_BitConcatenate.i31.i30.i1(i30 %tmp_5, i1 false)" [extr_.linuxdriversmediacommonv4l2-tpgv4l2-tpg-core.c_tpg_calculate_square_border_with_main.c:60]   --->   Operation 151 'bitconcatenate' 'and_ln3' <Predicate = (icmp_ln45 & tpg_vid_aspect_read == 128 & !icmp_ln59)> <Delay = 0.00>
ST_5 : Operation 152 [1/1] (0.00ns)   --->   "%zext_ln60 = zext i31 %and_ln3 to i32" [extr_.linuxdriversmediacommonv4l2-tpgv4l2-tpg-core.c_tpg_calculate_square_border_with_main.c:60]   --->   Operation 152 'zext' 'zext_ln60' <Predicate = (icmp_ln45 & tpg_vid_aspect_read == 128 & !icmp_ln59)> <Delay = 0.00>
ST_5 : Operation 153 [1/1] (1.78ns)   --->   "%sub_ln61 = sub i32 %w, %zext_ln60" [extr_.linuxdriversmediacommonv4l2-tpgv4l2-tpg-core.c_tpg_calculate_square_border_with_main.c:61]   --->   Operation 153 'sub' 'sub_ln61' <Predicate = (icmp_ln45 & tpg_vid_aspect_read == 128 & !icmp_ln59)> <Delay = 1.78> <Core = "AddSub">   --->   Core 14 'AddSub' <Latency = 0> <II = 1> <Delay = 1.78> <FuncUnit> <Opcode : 'add' 'sub'> <InPorts = 2> <OutPorts = 1>
ST_5 : Operation 154 [1/1] (0.00ns)   --->   "%tmp_6 = call i30 @_ssdm_op_PartSelect.i30.i32.i32.i32(i32 %sub_ln61, i32 2, i32 31)" [extr_.linuxdriversmediacommonv4l2-tpgv4l2-tpg-core.c_tpg_calculate_square_border_with_main.c:61]   --->   Operation 154 'partselect' 'tmp_6' <Predicate = (icmp_ln45 & tpg_vid_aspect_read == 128 & !icmp_ln59)> <Delay = 0.00>
ST_5 : Operation 155 [1/1] (1.54ns)   --->   "%icmp_ln61 = icmp ne i30 %tmp_6, 0" [extr_.linuxdriversmediacommonv4l2-tpgv4l2-tpg-core.c_tpg_calculate_square_border_with_main.c:61]   --->   Operation 155 'icmp' 'icmp_ln61' <Predicate = (icmp_ln45 & tpg_vid_aspect_read == 128 & !icmp_ln59)> <Delay = 1.54> <Core = "Cmp">   --->   Core 25 'Cmp' <Latency = 0> <II = 1> <Delay = 1.54> <FuncUnit> <Opcode : 'icmp'> <InPorts = 2> <OutPorts = 1>
ST_5 : Operation 156 [1/1] (1.76ns)   --->   "%add_ln62 = add i32 %zext_ln60, -2" [extr_.linuxdriversmediacommonv4l2-tpgv4l2-tpg-core.c_tpg_calculate_square_border_with_main.c:62]   --->   Operation 156 'add' 'add_ln62' <Predicate = (icmp_ln45 & tpg_vid_aspect_read == 128 & !icmp_ln59)> <Delay = 1.76> <Core = "AddSub">   --->   Core 14 'AddSub' <Latency = 0> <II = 1> <Delay = 1.78> <FuncUnit> <Opcode : 'add' 'sub'> <InPorts = 2> <OutPorts = 1>
ST_5 : Operation 157 [1/1] (0.63ns)   --->   "%select_ln61 = select i1 %icmp_ln61, i32 %add_ln62, i32 %zext_ln60" [extr_.linuxdriversmediacommonv4l2-tpgv4l2-tpg-core.c_tpg_calculate_square_border_with_main.c:61]   --->   Operation 157 'select' 'select_ln61' <Predicate = (icmp_ln45 & tpg_vid_aspect_read == 128 & !icmp_ln59)> <Delay = 0.63> <Core = "Sel">   --->   Core 26 'Sel' <Latency = 0> <II = 1> <Delay = 0.63> <FuncUnit> <Opcode : 'select'> <InPorts = 3> <OutPorts = 1>
ST_5 : Operation 158 [1/1] (1.78ns)   --->   "%sub_ln63 = sub i32 %w, %select_ln61" [extr_.linuxdriversmediacommonv4l2-tpgv4l2-tpg-core.c_tpg_calculate_square_border_with_main.c:63]   --->   Operation 158 'sub' 'sub_ln63' <Predicate = (icmp_ln45 & tpg_vid_aspect_read == 128 & !icmp_ln59)> <Delay = 1.78> <Core = "AddSub">   --->   Core 14 'AddSub' <Latency = 0> <II = 1> <Delay = 1.78> <FuncUnit> <Opcode : 'add' 'sub'> <InPorts = 2> <OutPorts = 1>
ST_5 : Operation 159 [1/1] (0.00ns)   --->   "%trunc_ln6 = call i31 @_ssdm_op_PartSelect.i31.i32.i32.i32(i32 %sub_ln63, i32 1, i32 31)" [extr_.linuxdriversmediacommonv4l2-tpgv4l2-tpg-core.c_tpg_calculate_square_border_with_main.c:64]   --->   Operation 159 'partselect' 'trunc_ln6' <Predicate = (icmp_ln45 & tpg_vid_aspect_read == 128 & !icmp_ln59)> <Delay = 0.00>
ST_5 : Operation 160 [1/1] (1.33ns)   --->   "br label %mergeST15" [extr_.linuxdriversmediacommonv4l2-tpgv4l2-tpg-core.c_tpg_calculate_square_border_with_main.c:64]   --->   Operation 160 'br' <Predicate = (icmp_ln45 & tpg_vid_aspect_read == 128 & !icmp_ln59)> <Delay = 1.33>
ST_5 : Operation 161 [1/1] (0.00ns)   --->   "%tpg_border_left_new_s = phi i31 [ 0, %._crit_edge1 ], [ 0, %11 ], [ %trunc_ln, %._crit_edge6 ], [ 0, %9 ], [ 0, %7 ], [ %trunc_ln8, %._crit_edge5 ], [ 0, %5 ], [ 0, %3 ], [ %trunc_ln6, %._crit_edge4 ], [ 0, %1 ]" [extr_.linuxdriversmediacommonv4l2-tpgv4l2-tpg-core.c_tpg_calculate_square_border_with_main.c:96]   --->   Operation 161 'phi' 'tpg_border_left_new_s' <Predicate = true> <Delay = 0.00>
ST_5 : Operation 162 [1/1] (0.00ns)   --->   "%tpg_border_width_new = phi i32 [ %w, %._crit_edge1 ], [ %w, %11 ], [ %sext_ln93, %._crit_edge6 ], [ %w, %9 ], [ %w, %7 ], [ %sext_ln77, %._crit_edge5 ], [ %w, %5 ], [ %w, %3 ], [ %select_ln61, %._crit_edge4 ], [ %w, %1 ]"   --->   Operation 162 'phi' 'tpg_border_width_new' <Predicate = true> <Delay = 0.00>
ST_5 : Operation 163 [1/1] (0.00ns)   --->   "%tpg_border_top_new_0 = phi i31 [ 0, %._crit_edge1 ], [ %trunc_ln9, %11 ], [ 0, %._crit_edge6 ], [ %trunc_ln4, %9 ], [ %trunc_ln7, %7 ], [ 0, %._crit_edge5 ], [ %trunc_ln3, %5 ], [ %trunc_ln5, %3 ], [ 0, %._crit_edge4 ], [ 0, %1 ]" [extr_.linuxdriversmediacommonv4l2-tpgv4l2-tpg-core.c_tpg_calculate_square_border_with_main.c:100]   --->   Operation 163 'phi' 'tpg_border_top_new_0' <Predicate = true> <Delay = 0.00>
ST_5 : Operation 164 [1/1] (0.00ns)   --->   "%tpg_border_height_ne = phi i32 [ %h, %._crit_edge1 ], [ %zext_ln98, %11 ], [ %h, %._crit_edge6 ], [ 442, %9 ], [ %zext_ln82, %7 ], [ %h, %._crit_edge5 ], [ 506, %5 ], [ %zext_ln66, %3 ], [ %h, %._crit_edge4 ], [ %h, %1 ]"   --->   Operation 164 'phi' 'tpg_border_height_ne' <Predicate = true> <Delay = 0.00>
ST_5 : Operation 165 [1/1] (0.00ns)   --->   "%zext_ln54 = zext i31 %tpg_border_left_new_s to i32" [extr_.linuxdriversmediacommonv4l2-tpgv4l2-tpg-core.c_tpg_calculate_square_border_with_main.c:54]   --->   Operation 165 'zext' 'zext_ln54' <Predicate = true> <Delay = 0.00>
ST_5 : Operation 166 [1/1] (0.00ns)   --->   "%zext_ln54_1 = zext i31 %tpg_border_top_new_0 to i32" [extr_.linuxdriversmediacommonv4l2-tpgv4l2-tpg-core.c_tpg_calculate_square_border_with_main.c:54]   --->   Operation 166 'zext' 'zext_ln54_1' <Predicate = true> <Delay = 0.00>
ST_5 : Operation 167 [1/1] (0.00ns)   --->   "call void @_ssdm_op_Write.ap_auto.i32P(i32* %tpg_border_height, i32 %tpg_border_height_ne)" [extr_.linuxdriversmediacommonv4l2-tpgv4l2-tpg-core.c_tpg_calculate_square_border_with_main.c:54]   --->   Operation 167 'write' <Predicate = true> <Delay = 0.00>
ST_5 : Operation 168 [1/1] (0.00ns)   --->   "call void @_ssdm_op_Write.ap_auto.i32P(i32* %tpg_border_top, i32 %zext_ln54_1)" [extr_.linuxdriversmediacommonv4l2-tpgv4l2-tpg-core.c_tpg_calculate_square_border_with_main.c:53]   --->   Operation 168 'write' <Predicate = true> <Delay = 0.00>
ST_5 : Operation 169 [1/1] (0.00ns)   --->   "call void @_ssdm_op_Write.ap_auto.i32P(i32* %tpg_border_width, i32 %tpg_border_width_new)" [extr_.linuxdriversmediacommonv4l2-tpgv4l2-tpg-core.c_tpg_calculate_square_border_with_main.c:52]   --->   Operation 169 'write' <Predicate = true> <Delay = 0.00>
ST_5 : Operation 170 [1/1] (0.00ns)   --->   "call void @_ssdm_op_Write.ap_auto.i32P(i32* %tpg_border_left, i32 %zext_ln54)" [extr_.linuxdriversmediacommonv4l2-tpgv4l2-tpg-core.c_tpg_calculate_square_border_with_main.c:51]   --->   Operation 170 'write' <Predicate = true> <Delay = 0.00>
ST_5 : Operation 171 [1/1] (0.00ns)   --->   "ret void" [extr_.linuxdriversmediacommonv4l2-tpgv4l2-tpg-core.c_tpg_calculate_square_border_with_main.c:104]   --->   Operation 171 'ret' <Predicate = true> <Delay = 0.00>


============================================================
+ Verbose Summary: Timing violations
============================================================
Target clock period: 10ns, clock uncertainty: 1.25ns.

 <State 1>: 7.59ns
The critical path consists of the following:
	wire read on port 'tpg_src_width' (extr_.linuxdriversmediacommonv4l2-tpgv4l2-tpg-core.c_tpg_calculate_square_border_with_main.c:28) [26]  (0 ns)
	'shl' operation ('shl_ln32', extr_.linuxdriversmediacommonv4l2-tpgv4l2-tpg-core.c_tpg_calculate_square_border_with_main.c:32) [28]  (0 ns)
	'mul' operation ('mul_ln32', extr_.linuxdriversmediacommonv4l2-tpgv4l2-tpg-core.c_tpg_calculate_square_border_with_main.c:32) [30]  (6.59 ns)
	'sub' operation ('sub_ln33', extr_.linuxdriversmediacommonv4l2-tpgv4l2-tpg-core.c_tpg_calculate_square_border_with_main.c:33) [37]  (1 ns)

 <State 2>: 8.33ns
The critical path consists of the following:
	'add' operation ('sq_w', extr_.linuxdriversmediacommonv4l2-tpgv4l2-tpg-core.c_tpg_calculate_square_border_with_main.c:34) [39]  (1.75 ns)
	'select' operation ('sq_w', extr_.linuxdriversmediacommonv4l2-tpgv4l2-tpg-core.c_tpg_calculate_square_border_with_main.c:33) [40]  (0.615 ns)
	'sub' operation ('ana_sq_w', extr_.linuxdriversmediacommonv4l2-tpgv4l2-tpg-core.c_tpg_calculate_square_border_with_main.c:38) [48]  (1.77 ns)
	'sub' operation ('sub_ln40', extr_.linuxdriversmediacommonv4l2-tpgv4l2-tpg-core.c_tpg_calculate_square_border_with_main.c:40) [49]  (1.78 ns)
	'select' operation ('select_ln40', extr_.linuxdriversmediacommonv4l2-tpgv4l2-tpg-core.c_tpg_calculate_square_border_with_main.c:40) [52]  (0 ns)
	'select' operation ('select_ln37', extr_.linuxdriversmediacommonv4l2-tpgv4l2-tpg-core.c_tpg_calculate_square_border_with_main.c:37) [53]  (0.631 ns)
	'sub' operation ('sub_ln44', extr_.linuxdriversmediacommonv4l2-tpgv4l2-tpg-core.c_tpg_calculate_square_border_with_main.c:44) [54]  (1.78 ns)

 <State 3>: 6.59ns
The critical path consists of the following:
	'mul' operation ('mul_ln46', extr_.linuxdriversmediacommonv4l2-tpgv4l2-tpg-core.c_tpg_calculate_square_border_with_main.c:46) [68]  (6.59 ns)

 <State 4>: 8.38ns
The critical path consists of the following:
	'shl' operation ('shl_ln75', extr_.linuxdriversmediacommonv4l2-tpgv4l2-tpg-core.c_tpg_calculate_square_border_with_main.c:75) [123]  (0 ns)
	'add' operation ('add_ln75', extr_.linuxdriversmediacommonv4l2-tpgv4l2-tpg-core.c_tpg_calculate_square_border_with_main.c:75) [124]  (1.78 ns)
	'mul' operation ('mul_ln82', extr_.linuxdriversmediacommonv4l2-tpgv4l2-tpg-core.c_tpg_calculate_square_border_with_main.c:82) [148]  (6.59 ns)

 <State 5>: 7.08ns
The critical path consists of the following:
	'sub' operation ('sub_ln61', extr_.linuxdriversmediacommonv4l2-tpgv4l2-tpg-core.c_tpg_calculate_square_border_with_main.c:61) [169]  (1.78 ns)
	'icmp' operation ('icmp_ln61', extr_.linuxdriversmediacommonv4l2-tpgv4l2-tpg-core.c_tpg_calculate_square_border_with_main.c:61) [171]  (1.54 ns)
	'select' operation ('select_ln61', extr_.linuxdriversmediacommonv4l2-tpgv4l2-tpg-core.c_tpg_calculate_square_border_with_main.c:61) [173]  (0.631 ns)
	'sub' operation ('sub_ln63', extr_.linuxdriversmediacommonv4l2-tpgv4l2-tpg-core.c_tpg_calculate_square_border_with_main.c:63) [174]  (1.78 ns)
	multiplexor before 'phi' operation ('tpg_border_left_new_s', extr_.linuxdriversmediacommonv4l2-tpgv4l2-tpg-core.c_tpg_calculate_square_border_with_main.c:96) with incoming values : ('trunc_ln', extr_.linuxdriversmediacommonv4l2-tpgv4l2-tpg-core.c_tpg_calculate_square_border_with_main.c:96) ('trunc_ln8', extr_.linuxdriversmediacommonv4l2-tpgv4l2-tpg-core.c_tpg_calculate_square_border_with_main.c:80) ('trunc_ln6', extr_.linuxdriversmediacommonv4l2-tpgv4l2-tpg-core.c_tpg_calculate_square_border_with_main.c:64) [185]  (1.33 ns)
	'phi' operation ('tpg_border_left_new_s', extr_.linuxdriversmediacommonv4l2-tpgv4l2-tpg-core.c_tpg_calculate_square_border_with_main.c:96) with incoming values : ('trunc_ln', extr_.linuxdriversmediacommonv4l2-tpgv4l2-tpg-core.c_tpg_calculate_square_border_with_main.c:96) ('trunc_ln8', extr_.linuxdriversmediacommonv4l2-tpgv4l2-tpg-core.c_tpg_calculate_square_border_with_main.c:80) ('trunc_ln6', extr_.linuxdriversmediacommonv4l2-tpgv4l2-tpg-core.c_tpg_calculate_square_border_with_main.c:64) [185]  (0 ns)


============================================================
+ Verbose Summary: Binding
============================================================
N/A
* FSMD analyzer results:
  - Output states:
 - Input state : 
  - Chain level:
	State 1
	State 2
	State 3
	State 4
	State 5


============================================================
+ Verbose Summary: Datapath Resource usage 
============================================================
N/A
