INFO-FLOW: Workspace /home/vivado/HLStools/vivado/new214/proj_extr_.FFmpeglibavfiltersignature_lookup.c_iterate_frame_with_main.c/iterate_frame opened at Thu May 21 03:19:33 UTC 2020
Execute   is_hidden csynth_design 
Execute   csynth_design 
Execute     get_config_compile -dump_cfg 
Execute     get_config_compile -effort 
Execute     get_config_compile -enable_clang39 
Execute     get_config_compile -g 
Execute     get_config_compile -ng 
Execute     get_config_compile -opt_fp 
Execute     get_config_compile -skip_cdt 
Execute     get_config_compile -skip_syncheck 
Execute     get_config_compile -skip_transform 
Execute     get_config_compile -keep_printf 
Execute     elaborate -effort=medium -skip_syncheck=0 -keep_printf=0 -skip_cdt=0 -skip_transform=0 -ng=0 -g=0 -opt_fp=0 -from_csynth_design=1 
ERROR: [HLS 200-70] 'csynth_design' failed due to missing target device. Please use command 'set_part' to specify the target device.
Command     elaborate done; error code: 2; 
Command   csynth_design done; error code: 2; 
Execute   is_hidden open_solution 
Execute   open_solution solution1 
Execute     cleanup_all 
Execute     cleanup_all 
