==============================================================
Vivado(TM) HLS - High-Level Synthesis from C, C++ and SystemC v2019.1 (64-bit)
Copyright 1986-2019 Xilinx, Inc. All Rights Reserved.
==============================================================
INFO: [SYN 201-201] Setting up clock 'default' with a period of 5ns.
INFO: [SYN 201-201] Setting up clock 'default' with a period of 10ns.
INFO: [SCHED 204-61] Option 'relax_ii_for_timing' is enabled, will increase II to preserve clock frequency constraints.
INFO: [HLS 200-10] Analyzing design file 'extr_.FFmpeglibavfiltervf_curves.c_filter_slice_packed_with_main.c' ... 
INFO: [HLS 200-111] Finished Linking Time (s): cpu = 00:01:31 ; elapsed = 00:03:07 . Memory (MB): peak = 832.453 ; gain = 132.133 ; free physical = 21911 ; free virtual = 44653
INFO: [HLS 200-111] Finished Checking Pragmas Time (s): cpu = 00:01:31 ; elapsed = 00:03:07 . Memory (MB): peak = 832.453 ; gain = 132.133 ; free physical = 21911 ; free virtual = 44653
INFO: [HLS 200-10] Starting code transformations ...
INFO: [HLS 200-111] Finished Standard Transforms Time (s): cpu = 00:01:33 ; elapsed = 00:03:09 . Memory (MB): peak = 832.453 ; gain = 132.133 ; free physical = 21911 ; free virtual = 44653
INFO: [HLS 200-10] Checking synthesizability ...
ERROR: [SYNCHK 200-11] extr_.FFmpeglibavfiltervf_curves.c_filter_slice_packed_with_main.c:33: Argument 'ctx.priv.step' of function 'filter_slice_packed' (extr_.FFmpeglibavfiltervf_curves.c_filter_slice_packed_with_main.c:33) has an unsynthesizable type (possible cause(s): pointer to pointer or global pointer).
ERROR: [SYNCHK 200-41] extr_.FFmpeglibavfiltervf_curves.c_filter_slice_packed_with_main.c:37: unsupported pointer reinterpretation from type 'i8*' to type '%struct.TYPE_7__.10.14.18.20 = type { %struct.TYPE_9__.9.13....' on variable 'arg'.
ERROR: [SYNCHK 200-11] extr_.FFmpeglibavfiltervf_curves.c_filter_slice_packed_with_main.c:38: Argument 'arg' has an unsynthesizable type 'i8*' (possible cause(s): structure variable cannot be decomposed due to (1) unsupported type conversion; (2) memory copy operation; (3) function pointer used in struct; (4) unsupported pointer comparison).
ERROR: [SYNCHK 200-42] extr_.FFmpeglibavfiltervf_curves.c_filter_slice_packed_with_main.c:71: pointer comparison is not supported.
ERROR: [SYNCHK 200-61] extr_.FFmpeglibavfiltervf_curves.c_filter_slice_packed_with_main.c:42: unsupported memory access on variable 'ctx.priv.rgba_map' which is (or contains) an array with unknown size at compile time.
WARNING: [SYNCHK 200-77] The top function 'main' has no outputs. Possible cause(s) are: (1) Output parameters are passed by value; (2) intended outputs (parameters or global variables) are never written; (3) there are infinite loops.
INFO: [SYNCHK 200-10] 5 error(s), 1 warning(s).
ERROR: [HLS 200-70] Synthesizability check failed.
INFO: [HLS 200-10] Creating and opening project '/home/vivado/aut/proj_extr_.FFmpeglibavcodecvmnc.c_put_cursor_with_main.c'.
INFO: [HLS 200-10] Adding design file 'extr_.FFmpeglibavcodecvmnc.c_put_cursor_with_main.c' to the project
INFO: [HLS 200-10] Creating and opening solution '/home/vivado/aut/proj_extr_.FFmpeglibavcodecvmnc.c_put_cursor_with_main.c/solution1'.
