==============================================================
Vivado(TM) HLS - High-Level Synthesis from C, C++ and SystemC v2019.1 (64-bit)
Copyright 1986-2019 Xilinx, Inc. All Rights Reserved.
==============================================================
INFO: [SYN 201-201] Setting up clock 'default' with a period of 5ns.
INFO: [SYN 201-201] Setting up clock 'default' with a period of 10ns.
INFO: [SCHED 204-61] Option 'relax_ii_for_timing' is enabled, will increase II to preserve clock frequency constraints.
INFO: [HLS 200-10] Analyzing design file 'extr_.linuxdriversgpudrmradeonr600.c_rs780_pm_init_profile_with_main.c' ... 
INFO: [HLS 200-111] Finished Linking Time (s): cpu = 00:02:56 ; elapsed = 00:07:18 . Memory (MB): peak = 832.453 ; gain = 132.133 ; free physical = 21865 ; free virtual = 44648
INFO: [HLS 200-111] Finished Checking Pragmas Time (s): cpu = 00:02:56 ; elapsed = 00:07:18 . Memory (MB): peak = 832.453 ; gain = 132.133 ; free physical = 21865 ; free virtual = 44648
INFO: [HLS 200-10] Starting code transformations ...
INFO: [HLS 200-111] Finished Standard Transforms Time (s): cpu = 00:02:58 ; elapsed = 00:07:20 . Memory (MB): peak = 832.453 ; gain = 132.133 ; free physical = 21865 ; free virtual = 44648
INFO: [HLS 200-10] Checking synthesizability ...
INFO: [XFORM 203-602] Inlining function 'rs780_pm_init_profile' into 'main' (extr_.linuxdriversgpudrmradeonr600.c_rs780_pm_init_profile_with_main.c:141) automatically.
WARNING: [SYNCHK 200-77] The top function 'main' has no outputs. Possible cause(s) are: (1) Output parameters are passed by value; (2) intended outputs (parameters or global variables) are never written; (3) there are infinite loops.
INFO: [SYNCHK 200-10] 0 error(s), 1 warning(s).
INFO: [HLS 200-111] Finished Checking Synthesizability Time (s): cpu = 00:02:58 ; elapsed = 00:07:20 . Memory (MB): peak = 832.453 ; gain = 132.133 ; free physical = 21865 ; free virtual = 44648
INFO: [HLS 200-111] Finished Pre-synthesis Time (s): cpu = 00:02:58 ; elapsed = 00:07:20 . Memory (MB): peak = 832.453 ; gain = 132.133 ; free physical = 21865 ; free virtual = 44648
INFO: [HLS 200-111] Finished Architecture Synthesis Time (s): cpu = 00:02:58 ; elapsed = 00:07:20 . Memory (MB): peak = 832.453 ; gain = 132.133 ; free physical = 21865 ; free virtual = 44648
INFO: [HLS 200-10] Starting hardware synthesis ...
INFO: [HLS 200-10] Synthesizing 'main' ...
INFO: [HLS 200-10] ----------------------------------------------------------------
INFO: [HLS 200-42] -- Implementing module 'main' 
INFO: [HLS 200-10] ----------------------------------------------------------------
INFO: [SCHED 204-11] Starting scheduling ...
INFO: [SCHED 204-11] Finished scheduling.
INFO: [HLS 200-111]  Elapsed time: 14.71 seconds; current allocated memory: 109.172 MB.
INFO: [BIND 205-100] Starting micro-architecture generation ...
INFO: [BIND 205-101] Performing variable lifetime analysis.
INFO: [BIND 205-101] Exploring resource sharing.
INFO: [BIND 205-101] Binding ...
INFO: [BIND 205-100] Finished micro-architecture generation.
INFO: [HLS 200-111]  Elapsed time: 0 seconds; current allocated memory: 109.198 MB.
INFO: [HLS 200-10] ----------------------------------------------------------------
INFO: [HLS 200-10] -- Generating RTL for module 'main' 
INFO: [HLS 200-10] ----------------------------------------------------------------
INFO: [RTGEN 206-500] Setting interface mode on function 'main' to 'ap_ctrl_hs'.
WARNING: [RTGEN 206-101] Setting dangling out port 'main/ap_return' to 0.
INFO: [RTGEN 206-100] Finished creating RTL model for 'main'.
INFO: [HLS 200-111]  Elapsed time: 0.01 seconds; current allocated memory: 109.216 MB.
INFO: [HLS 200-111] Finished generating all RTL models Time (s): cpu = 00:02:59 ; elapsed = 00:07:20 . Memory (MB): peak = 832.453 ; gain = 132.133 ; free physical = 21865 ; free virtual = 44649
INFO: [VHDL 208-304] Generating VHDL RTL for main.
INFO: [VLOG 209-307] Generating Verilog RTL for main.
INFO: [HLS 200-10] Creating and opening project '/home/vivado/aut/proj_extr_.linuxdriversvideofbdevimsttfb.c_imsttfb_check_var_with_main.c'.
INFO: [HLS 200-10] Adding design file 'extr_.linuxdriversvideofbdevimsttfb.c_imsttfb_check_var_with_main.c' to the project
INFO: [HLS 200-10] Creating and opening solution '/home/vivado/aut/proj_extr_.linuxdriversvideofbdevimsttfb.c_imsttfb_check_var_with_main.c/solution1'.
==============================================================
Vivado(TM) HLS - High-Level Synthesis from C, C++ and SystemC v2019.1 (64-bit)
Copyright 1986-2019 Xilinx, Inc. All Rights Reserved.
==============================================================
INFO: [SYN 201-201] Setting up clock 'default' with a period of 10ns.
INFO: [SCHED 204-61] Option 'relax_ii_for_timing' is enabled, will increase II to preserve clock frequency constraints.
INFO: [HLS 200-10] Analyzing design file 'extr_.linuxdriversgpudrmradeonr600.c_rs780_pm_init_profile_with_main.c' ... 
INFO: [HLS 200-111] Finished Linking Time (s): cpu = 00:02:09 ; elapsed = 00:13:03 . Memory (MB): peak = 905.359 ; gain = 205.039 ; free physical = 27023 ; free virtual = 37443
INFO: [HLS 200-111] Finished Checking Pragmas Time (s): cpu = 00:02:09 ; elapsed = 00:13:03 . Memory (MB): peak = 905.359 ; gain = 205.039 ; free physical = 27023 ; free virtual = 37443
INFO: [HLS 200-10] Starting code transformations ...
INFO: [HLS 200-111] Finished Standard Transforms Time (s): cpu = 00:02:10 ; elapsed = 00:13:05 . Memory (MB): peak = 905.359 ; gain = 205.039 ; free physical = 27024 ; free virtual = 37444
INFO: [HLS 200-10] Checking synthesizability ...
ERROR: [SYNCHK 200-11] extr_.linuxdriversgpudrmradeonr600.c_rs780_pm_init_profile_with_main.c:27: Argument 'rdev.pm.profiles.dpms_off_ps_idx' of function 'rs780_pm_init_profile' (extr_.linuxdriversgpudrmradeonr600.c_rs780_pm_init_profile_with_main.c:27) has an unsynthesizable type (possible cause(s): pointer to pointer or global pointer).
ERROR: [SYNCHK 200-61] extr_.linuxdriversgpudrmradeonr600.c_rs780_pm_init_profile_with_main.c:31: unsupported memory access on variable 'rdev.pm.profiles.dpms_off_ps_idx' which is (or contains) an array with unknown size at compile time.
INFO: [SYNCHK 200-10] 2 error(s), 0 warning(s).
ERROR: [HLS 200-70] Synthesizability check failed.
INFO: [HLS 200-10] Opening project '/home/vivado/HLStools/vivado/214_revisao/proj_extr_.linuxdriversmediacommoncx2341x.c_cx2341x_set_ctrl_with_main.c'.
INFO: [HLS 200-10] Opening solution '/home/vivado/HLStools/vivado/214_revisao/proj_extr_.linuxdriversmediacommoncx2341x.c_cx2341x_set_ctrl_with_main.c/solution1'.
