

================================================================
== Vivado HLS Report for 'UTF8_getc'
================================================================
* Date:           Sun May 24 21:26:27 2020

* Version:        2019.1 (Build 2552052 on Fri May 24 15:28:33 MDT 2019)
* Project:        proj_extr_.opensslcryptoasn1a_utf8.c_UTF8_getc_with_main.c
* Solution:       solution1
* Product family: kintex7
* Target device:  xc7k160t-fbg484-1


================================================================
== Performance Estimates
================================================================
+ Timing (ns): 
    * Summary: 
    +--------+-------+----------+------------+
    |  Clock | Target| Estimated| Uncertainty|
    +--------+-------+----------+------------+
    |ap_clk  |  10.00|     6.663|        1.25|
    +--------+-------+----------+------------+

+ Latency (clock cycles): 
    * Summary: 
    +-----+-----+-----+-----+---------+
    |  Latency  |  Interval | Pipeline|
    | min | max | min | max |   Type  |
    +-----+-----+-----+-----+---------+
    |    1|    7|    1|    7|   none  |
    +-----+-----+-----+-----+---------+

    + Detail: 
        * Instance: 
        N/A

        * Loop: 
        N/A

============================================================
+ Verbose Summary: Synthesis Manager
============================================================
InlineROM: 1
ExposeGlobal: 0
============================================================
+ Verbose Summary: CDFG Model
============================================================
IsTopModel: 1
ResetActiveHigh: 1
IsCombinational: 0
IsDatapathOnly: 0
HasWiredReturn: 1
HasMFsm: 0
HasVarLatency: 1
IsPipeline: 0
IsRtlPipelined: 0
IsInstanceOverlapped: 0
IsDontTouch: 0
HasImplIP: 0
IsGatedGlobalClock: 0


============================================================
+ Verbose Summary: Schedule
============================================================
* Number of FSM states : 18
* Pipeline : 0
* Dataflow Pipeline: 0

* FSM state transitions: 
1 --> 2 18 
2 --> 7 18 3 8 12 15 17 
3 --> 4 7 
4 --> 5 7 
5 --> 6 7 
6 --> 7 
7 --> 18 
8 --> 9 11 
9 --> 10 11 
10 --> 11 
11 --> 18 7 
12 --> 13 14 
13 --> 14 
14 --> 18 7 
15 --> 16 
16 --> 18 7 
17 --> 18 7 
18 --> 

* FSM state operations: 

State 1 <SV = 0> <Delay = 2.88>
ST_1 : Operation 19 [1/1] (0.00ns)   --->   "call void (...)* @_ssdm_op_SpecBitsMap([1000 x i8]* %str) nounwind, !map !13"   --->   Operation 19 'specbitsmap' <Predicate = true> <Delay = 0.00>
ST_1 : Operation 20 [1/1] (0.00ns)   --->   "call void (...)* @_ssdm_op_SpecBitsMap(i32 %len) nounwind, !map !19"   --->   Operation 20 'specbitsmap' <Predicate = true> <Delay = 0.00>
ST_1 : Operation 21 [1/1] (0.00ns)   --->   "call void (...)* @_ssdm_op_SpecBitsMap([1000 x i64]* %val_r) nounwind, !map !25"   --->   Operation 21 'specbitsmap' <Predicate = true> <Delay = 0.00>
ST_1 : Operation 22 [1/1] (0.00ns)   --->   "%len_read = call i32 @_ssdm_op_Read.ap_auto.i32(i32 %len) nounwind" [extr_.opensslcryptoasn1a_utf8.c_UTF8_getc_with_main.c:15]   --->   Operation 22 'read' 'len_read' <Predicate = true> <Delay = 0.00>
ST_1 : Operation 23 [1/1] (0.00ns)   --->   "%val_addr = getelementptr [1000 x i64]* %val_r, i64 0, i64 0" [extr_.opensslcryptoasn1a_utf8.c_UTF8_getc_with_main.c:15]   --->   Operation 23 'getelementptr' 'val_addr' <Predicate = true> <Delay = 0.00>
ST_1 : Operation 24 [1/1] (0.00ns)   --->   "%str_addr = getelementptr [1000 x i8]* %str, i64 0, i64 0" [extr_.opensslcryptoasn1a_utf8.c_UTF8_getc_with_main.c:22]   --->   Operation 24 'getelementptr' 'str_addr' <Predicate = true> <Delay = 0.00>
ST_1 : Operation 25 [1/1] (0.00ns)   --->   "call void (...)* @_ssdm_op_SpecBitsMap(i32 0) nounwind, !map !29"   --->   Operation 25 'specbitsmap' <Predicate = true> <Delay = 0.00>
ST_1 : Operation 26 [1/1] (0.00ns)   --->   "call void (...)* @_ssdm_op_SpecTopModule([10 x i8]* @UTF8_getc_str) nounwind"   --->   Operation 26 'spectopmodule' <Predicate = true> <Delay = 0.00>
ST_1 : Operation 27 [1/1] (1.54ns)   --->   "%icmp_ln20 = icmp slt i32 %len_read, 1" [extr_.opensslcryptoasn1a_utf8.c_UTF8_getc_with_main.c:20]   --->   Operation 27 'icmp' 'icmp_ln20' <Predicate = true> <Delay = 1.54> <Core = "Cmp">   --->   Core 25 'Cmp' <Latency = 0> <II = 1> <Delay = 1.08> <FuncUnit> <Opcode : 'icmp'> <InPorts = 2> <OutPorts = 1>
ST_1 : Operation 28 [1/1] (1.33ns)   --->   "br i1 %icmp_ln20, label %._crit_edge, label %1" [extr_.opensslcryptoasn1a_utf8.c_UTF8_getc_with_main.c:20]   --->   Operation 28 'br' <Predicate = true> <Delay = 1.33>
ST_1 : Operation 29 [2/2] (2.66ns)   --->   "%str_load = load i8* %str_addr, align 1" [extr_.opensslcryptoasn1a_utf8.c_UTF8_getc_with_main.c:25]   --->   Operation 29 'load' 'str_load' <Predicate = (!icmp_ln20)> <Delay = 2.66> <Core = "RAM">   --->   Core 37 'RAM' <Latency = 1> <II = 1> <Delay = 2.66> <Storage> <Opcode : 'load' 'store'> <Ports = 2> <Width = 64> <Depth = 1000> <RAM>

State 2 <SV = 1> <Delay = 5.22>
ST_2 : Operation 30 [1/2] (2.66ns)   --->   "%str_load = load i8* %str_addr, align 1" [extr_.opensslcryptoasn1a_utf8.c_UTF8_getc_with_main.c:25]   --->   Operation 30 'load' 'str_load' <Predicate = true> <Delay = 2.66> <Core = "RAM">   --->   Core 37 'RAM' <Latency = 1> <II = 1> <Delay = 2.66> <Storage> <Opcode : 'load' 'store'> <Ports = 2> <Width = 64> <Depth = 1000> <RAM>
ST_2 : Operation 31 [1/1] (0.00ns)   --->   "%tmp = call i1 @_ssdm_op_BitSelect.i1.i8.i32(i8 %str_load, i32 7)" [extr_.opensslcryptoasn1a_utf8.c_UTF8_getc_with_main.c:25]   --->   Operation 31 'bitselect' 'tmp' <Predicate = true> <Delay = 0.00>
ST_2 : Operation 32 [1/1] (0.00ns)   --->   "br i1 %tmp, label %3, label %2" [extr_.opensslcryptoasn1a_utf8.c_UTF8_getc_with_main.c:25]   --->   Operation 32 'br' <Predicate = true> <Delay = 0.00>
ST_2 : Operation 33 [1/1] (0.00ns)   --->   "%trunc_ln26 = trunc i8 %str_load to i7" [extr_.opensslcryptoasn1a_utf8.c_UTF8_getc_with_main.c:26]   --->   Operation 33 'trunc' 'trunc_ln26' <Predicate = (!tmp)> <Delay = 0.00>
ST_2 : Operation 34 [1/1] (0.00ns)   --->   "%value = zext i7 %trunc_ln26 to i64" [extr_.opensslcryptoasn1a_utf8.c_UTF8_getc_with_main.c:26]   --->   Operation 34 'zext' 'value' <Predicate = (!tmp)> <Delay = 0.00>
ST_2 : Operation 35 [1/1] (1.33ns)   --->   "br label %._crit_edge4" [extr_.opensslcryptoasn1a_utf8.c_UTF8_getc_with_main.c:28]   --->   Operation 35 'br' <Predicate = (!tmp)> <Delay = 1.33>
ST_2 : Operation 36 [1/1] (0.00ns)   --->   "%tmp_3 = call i3 @_ssdm_op_PartSelect.i3.i8.i32.i32(i8 %str_load, i32 5, i32 7)" [extr_.opensslcryptoasn1a_utf8.c_UTF8_getc_with_main.c:28]   --->   Operation 36 'partselect' 'tmp_3' <Predicate = (tmp)> <Delay = 0.00>
ST_2 : Operation 37 [1/1] (0.00ns)   --->   "%and_ln = call i8 @_ssdm_op_BitConcatenate.i8.i3.i5(i3 %tmp_3, i5 0)" [extr_.opensslcryptoasn1a_utf8.c_UTF8_getc_with_main.c:28]   --->   Operation 37 'bitconcatenate' 'and_ln' <Predicate = (tmp)> <Delay = 0.00>
ST_2 : Operation 38 [1/1] (1.22ns)   --->   "%icmp_ln28 = icmp eq i8 %and_ln, -64" [extr_.opensslcryptoasn1a_utf8.c_UTF8_getc_with_main.c:28]   --->   Operation 38 'icmp' 'icmp_ln28' <Predicate = (tmp)> <Delay = 1.22> <Core = "Cmp">   --->   Core 25 'Cmp' <Latency = 0> <II = 1> <Delay = 1.08> <FuncUnit> <Opcode : 'icmp'> <InPorts = 2> <OutPorts = 1>
ST_2 : Operation 39 [1/1] (0.00ns)   --->   "br i1 %icmp_ln28, label %4, label %7" [extr_.opensslcryptoasn1a_utf8.c_UTF8_getc_with_main.c:28]   --->   Operation 39 'br' <Predicate = (tmp)> <Delay = 0.00>
ST_2 : Operation 40 [1/1] (0.00ns)   --->   "%tmp_8 = call i4 @_ssdm_op_PartSelect.i4.i8.i32.i32(i8 %str_load, i32 4, i32 7)" [extr_.opensslcryptoasn1a_utf8.c_UTF8_getc_with_main.c:38]   --->   Operation 40 'partselect' 'tmp_8' <Predicate = (tmp & !icmp_ln28)> <Delay = 0.00>
ST_2 : Operation 41 [1/1] (0.00ns)   --->   "%and_ln1 = call i8 @_ssdm_op_BitConcatenate.i8.i4.i4(i4 %tmp_8, i4 0)" [extr_.opensslcryptoasn1a_utf8.c_UTF8_getc_with_main.c:38]   --->   Operation 41 'bitconcatenate' 'and_ln1' <Predicate = (tmp & !icmp_ln28)> <Delay = 0.00>
ST_2 : Operation 42 [1/1] (1.22ns)   --->   "%icmp_ln38 = icmp eq i8 %and_ln1, -32" [extr_.opensslcryptoasn1a_utf8.c_UTF8_getc_with_main.c:38]   --->   Operation 42 'icmp' 'icmp_ln38' <Predicate = (tmp & !icmp_ln28)> <Delay = 1.22> <Core = "Cmp">   --->   Core 25 'Cmp' <Latency = 0> <II = 1> <Delay = 1.08> <FuncUnit> <Opcode : 'icmp'> <InPorts = 2> <OutPorts = 1>
ST_2 : Operation 43 [1/1] (0.00ns)   --->   "br i1 %icmp_ln38, label %8, label %12" [extr_.opensslcryptoasn1a_utf8.c_UTF8_getc_with_main.c:38]   --->   Operation 43 'br' <Predicate = (tmp & !icmp_ln28)> <Delay = 0.00>
ST_2 : Operation 44 [1/1] (0.00ns)   --->   "%tmp_4 = call i5 @_ssdm_op_PartSelect.i5.i8.i32.i32(i8 %str_load, i32 3, i32 7)" [extr_.opensslcryptoasn1a_utf8.c_UTF8_getc_with_main.c:50]   --->   Operation 44 'partselect' 'tmp_4' <Predicate = (tmp & !icmp_ln28 & !icmp_ln38)> <Delay = 0.00>
ST_2 : Operation 45 [1/1] (0.00ns)   --->   "%and_ln3 = call i8 @_ssdm_op_BitConcatenate.i8.i5.i3(i5 %tmp_4, i3 0)" [extr_.opensslcryptoasn1a_utf8.c_UTF8_getc_with_main.c:50]   --->   Operation 45 'bitconcatenate' 'and_ln3' <Predicate = (tmp & !icmp_ln28 & !icmp_ln38)> <Delay = 0.00>
ST_2 : Operation 46 [1/1] (1.22ns)   --->   "%icmp_ln50 = icmp eq i8 %and_ln3, -16" [extr_.opensslcryptoasn1a_utf8.c_UTF8_getc_with_main.c:50]   --->   Operation 46 'icmp' 'icmp_ln50' <Predicate = (tmp & !icmp_ln28 & !icmp_ln38)> <Delay = 1.22> <Core = "Cmp">   --->   Core 25 'Cmp' <Latency = 0> <II = 1> <Delay = 1.08> <FuncUnit> <Opcode : 'icmp'> <InPorts = 2> <OutPorts = 1>
ST_2 : Operation 47 [1/1] (0.00ns)   --->   "br i1 %icmp_ln50, label %13, label %18" [extr_.opensslcryptoasn1a_utf8.c_UTF8_getc_with_main.c:50]   --->   Operation 47 'br' <Predicate = (tmp & !icmp_ln28 & !icmp_ln38)> <Delay = 0.00>
ST_2 : Operation 48 [1/1] (0.00ns)   --->   "%tmp_9 = call i6 @_ssdm_op_PartSelect.i6.i8.i32.i32(i8 %str_load, i32 2, i32 7)" [extr_.opensslcryptoasn1a_utf8.c_UTF8_getc_with_main.c:64]   --->   Operation 48 'partselect' 'tmp_9' <Predicate = (tmp & !icmp_ln28 & !icmp_ln38 & !icmp_ln50)> <Delay = 0.00>
ST_2 : Operation 49 [1/1] (0.00ns)   --->   "%and_ln5 = call i8 @_ssdm_op_BitConcatenate.i8.i6.i2(i6 %tmp_9, i2 0)" [extr_.opensslcryptoasn1a_utf8.c_UTF8_getc_with_main.c:64]   --->   Operation 49 'bitconcatenate' 'and_ln5' <Predicate = (tmp & !icmp_ln28 & !icmp_ln38 & !icmp_ln50)> <Delay = 0.00>
ST_2 : Operation 50 [1/1] (1.22ns)   --->   "%icmp_ln64 = icmp eq i8 %and_ln5, -8" [extr_.opensslcryptoasn1a_utf8.c_UTF8_getc_with_main.c:64]   --->   Operation 50 'icmp' 'icmp_ln64' <Predicate = (tmp & !icmp_ln28 & !icmp_ln38 & !icmp_ln50)> <Delay = 1.22> <Core = "Cmp">   --->   Core 25 'Cmp' <Latency = 0> <II = 1> <Delay = 1.08> <FuncUnit> <Opcode : 'icmp'> <InPorts = 2> <OutPorts = 1>
ST_2 : Operation 51 [1/1] (0.00ns)   --->   "br i1 %icmp_ln64, label %19, label %25" [extr_.opensslcryptoasn1a_utf8.c_UTF8_getc_with_main.c:64]   --->   Operation 51 'br' <Predicate = (tmp & !icmp_ln28 & !icmp_ln38 & !icmp_ln50)> <Delay = 0.00>
ST_2 : Operation 52 [1/1] (0.00ns)   --->   "%tmp_12 = call i7 @_ssdm_op_PartSelect.i7.i8.i32.i32(i8 %str_load, i32 1, i32 7)" [extr_.opensslcryptoasn1a_utf8.c_UTF8_getc_with_main.c:80]   --->   Operation 52 'partselect' 'tmp_12' <Predicate = (tmp & !icmp_ln28 & !icmp_ln38 & !icmp_ln50 & !icmp_ln64)> <Delay = 0.00>
ST_2 : Operation 53 [1/1] (0.00ns)   --->   "%and_ln7 = call i8 @_ssdm_op_BitConcatenate.i8.i7.i1(i7 %tmp_12, i1 false)" [extr_.opensslcryptoasn1a_utf8.c_UTF8_getc_with_main.c:80]   --->   Operation 53 'bitconcatenate' 'and_ln7' <Predicate = (tmp & !icmp_ln28 & !icmp_ln38 & !icmp_ln50 & !icmp_ln64)> <Delay = 0.00>
ST_2 : Operation 54 [1/1] (1.22ns)   --->   "%icmp_ln80 = icmp eq i8 %and_ln7, -4" [extr_.opensslcryptoasn1a_utf8.c_UTF8_getc_with_main.c:80]   --->   Operation 54 'icmp' 'icmp_ln80' <Predicate = (tmp & !icmp_ln28 & !icmp_ln38 & !icmp_ln50 & !icmp_ln64)> <Delay = 1.22> <Core = "Cmp">   --->   Core 25 'Cmp' <Latency = 0> <II = 1> <Delay = 1.08> <FuncUnit> <Opcode : 'icmp'> <InPorts = 2> <OutPorts = 1>
ST_2 : Operation 55 [1/1] (1.33ns)   --->   "br i1 %icmp_ln80, label %26, label %._crit_edge" [extr_.opensslcryptoasn1a_utf8.c_UTF8_getc_with_main.c:80]   --->   Operation 55 'br' <Predicate = (tmp & !icmp_ln28 & !icmp_ln38 & !icmp_ln50 & !icmp_ln64)> <Delay = 1.33>
ST_2 : Operation 56 [1/1] (1.54ns)   --->   "%icmp_ln81 = icmp slt i32 %len_read, 6" [extr_.opensslcryptoasn1a_utf8.c_UTF8_getc_with_main.c:81]   --->   Operation 56 'icmp' 'icmp_ln81' <Predicate = (tmp & !icmp_ln28 & !icmp_ln38 & !icmp_ln50 & !icmp_ln64 & icmp_ln80)> <Delay = 1.54> <Core = "Cmp">   --->   Core 25 'Cmp' <Latency = 0> <II = 1> <Delay = 1.08> <FuncUnit> <Opcode : 'icmp'> <InPorts = 2> <OutPorts = 1>
ST_2 : Operation 57 [1/1] (1.33ns)   --->   "br i1 %icmp_ln81, label %._crit_edge, label %27" [extr_.opensslcryptoasn1a_utf8.c_UTF8_getc_with_main.c:81]   --->   Operation 57 'br' <Predicate = (tmp & !icmp_ln28 & !icmp_ln38 & !icmp_ln50 & !icmp_ln64 & icmp_ln80)> <Delay = 1.33>
ST_2 : Operation 58 [1/1] (0.00ns)   --->   "%p_10 = getelementptr [1000 x i8]* %str, i64 0, i64 1" [extr_.opensslcryptoasn1a_utf8.c_UTF8_getc_with_main.c:83]   --->   Operation 58 'getelementptr' 'p_10' <Predicate = (tmp & !icmp_ln28 & !icmp_ln38 & !icmp_ln50 & !icmp_ln64 & icmp_ln80 & !icmp_ln81)> <Delay = 0.00>
ST_2 : Operation 59 [2/2] (2.66ns)   --->   "%str_load_9 = load i8* %p_10, align 1" [extr_.opensslcryptoasn1a_utf8.c_UTF8_getc_with_main.c:83]   --->   Operation 59 'load' 'str_load_9' <Predicate = (tmp & !icmp_ln28 & !icmp_ln38 & !icmp_ln50 & !icmp_ln64 & icmp_ln80 & !icmp_ln81)> <Delay = 2.66> <Core = "RAM">   --->   Core 37 'RAM' <Latency = 1> <II = 1> <Delay = 2.66> <Storage> <Opcode : 'load' 'store'> <Ports = 2> <Width = 64> <Depth = 1000> <RAM>
ST_2 : Operation 60 [1/1] (1.54ns)   --->   "%icmp_ln65 = icmp slt i32 %len_read, 5" [extr_.opensslcryptoasn1a_utf8.c_UTF8_getc_with_main.c:65]   --->   Operation 60 'icmp' 'icmp_ln65' <Predicate = (tmp & !icmp_ln28 & !icmp_ln38 & !icmp_ln50 & icmp_ln64)> <Delay = 1.54> <Core = "Cmp">   --->   Core 25 'Cmp' <Latency = 0> <II = 1> <Delay = 1.08> <FuncUnit> <Opcode : 'icmp'> <InPorts = 2> <OutPorts = 1>
ST_2 : Operation 61 [1/1] (1.33ns)   --->   "br i1 %icmp_ln65, label %._crit_edge, label %20" [extr_.opensslcryptoasn1a_utf8.c_UTF8_getc_with_main.c:65]   --->   Operation 61 'br' <Predicate = (tmp & !icmp_ln28 & !icmp_ln38 & !icmp_ln50 & icmp_ln64)> <Delay = 1.33>
ST_2 : Operation 62 [1/1] (0.00ns)   --->   "%p_6 = getelementptr [1000 x i8]* %str, i64 0, i64 1" [extr_.opensslcryptoasn1a_utf8.c_UTF8_getc_with_main.c:67]   --->   Operation 62 'getelementptr' 'p_6' <Predicate = (tmp & !icmp_ln28 & !icmp_ln38 & !icmp_ln50 & icmp_ln64 & !icmp_ln65)> <Delay = 0.00>
ST_2 : Operation 63 [2/2] (2.66ns)   --->   "%str_load_6 = load i8* %p_6, align 1" [extr_.opensslcryptoasn1a_utf8.c_UTF8_getc_with_main.c:67]   --->   Operation 63 'load' 'str_load_6' <Predicate = (tmp & !icmp_ln28 & !icmp_ln38 & !icmp_ln50 & icmp_ln64 & !icmp_ln65)> <Delay = 2.66> <Core = "RAM">   --->   Core 37 'RAM' <Latency = 1> <II = 1> <Delay = 2.66> <Storage> <Opcode : 'load' 'store'> <Ports = 2> <Width = 64> <Depth = 1000> <RAM>
ST_2 : Operation 64 [1/1] (0.00ns)   --->   "%tmp_7 = call i30 @_ssdm_op_PartSelect.i30.i32.i32.i32(i32 %len_read, i32 2, i32 31)" [extr_.opensslcryptoasn1a_utf8.c_UTF8_getc_with_main.c:51]   --->   Operation 64 'partselect' 'tmp_7' <Predicate = (tmp & !icmp_ln28 & !icmp_ln38 & icmp_ln50)> <Delay = 0.00>
ST_2 : Operation 65 [1/1] (1.54ns)   --->   "%icmp_ln51 = icmp slt i30 %tmp_7, 1" [extr_.opensslcryptoasn1a_utf8.c_UTF8_getc_with_main.c:51]   --->   Operation 65 'icmp' 'icmp_ln51' <Predicate = (tmp & !icmp_ln28 & !icmp_ln38 & icmp_ln50)> <Delay = 1.54> <Core = "Cmp">   --->   Core 25 'Cmp' <Latency = 0> <II = 1> <Delay = 1.08> <FuncUnit> <Opcode : 'icmp'> <InPorts = 2> <OutPorts = 1>
ST_2 : Operation 66 [1/1] (1.33ns)   --->   "br i1 %icmp_ln51, label %._crit_edge, label %14" [extr_.opensslcryptoasn1a_utf8.c_UTF8_getc_with_main.c:51]   --->   Operation 66 'br' <Predicate = (tmp & !icmp_ln28 & !icmp_ln38 & icmp_ln50)> <Delay = 1.33>
ST_2 : Operation 67 [1/1] (0.00ns)   --->   "%p_3 = getelementptr [1000 x i8]* %str, i64 0, i64 1" [extr_.opensslcryptoasn1a_utf8.c_UTF8_getc_with_main.c:53]   --->   Operation 67 'getelementptr' 'p_3' <Predicate = (tmp & !icmp_ln28 & !icmp_ln38 & icmp_ln50 & !icmp_ln51)> <Delay = 0.00>
ST_2 : Operation 68 [2/2] (2.66ns)   --->   "%str_load_4 = load i8* %p_3, align 1" [extr_.opensslcryptoasn1a_utf8.c_UTF8_getc_with_main.c:53]   --->   Operation 68 'load' 'str_load_4' <Predicate = (tmp & !icmp_ln28 & !icmp_ln38 & icmp_ln50 & !icmp_ln51)> <Delay = 2.66> <Core = "RAM">   --->   Core 37 'RAM' <Latency = 1> <II = 1> <Delay = 2.66> <Storage> <Opcode : 'load' 'store'> <Ports = 2> <Width = 64> <Depth = 1000> <RAM>
ST_2 : Operation 69 [1/1] (1.54ns)   --->   "%icmp_ln39 = icmp slt i32 %len_read, 3" [extr_.opensslcryptoasn1a_utf8.c_UTF8_getc_with_main.c:39]   --->   Operation 69 'icmp' 'icmp_ln39' <Predicate = (tmp & !icmp_ln28 & icmp_ln38)> <Delay = 1.54> <Core = "Cmp">   --->   Core 25 'Cmp' <Latency = 0> <II = 1> <Delay = 1.08> <FuncUnit> <Opcode : 'icmp'> <InPorts = 2> <OutPorts = 1>
ST_2 : Operation 70 [1/1] (1.33ns)   --->   "br i1 %icmp_ln39, label %._crit_edge, label %9" [extr_.opensslcryptoasn1a_utf8.c_UTF8_getc_with_main.c:39]   --->   Operation 70 'br' <Predicate = (tmp & !icmp_ln28 & icmp_ln38)> <Delay = 1.33>
ST_2 : Operation 71 [1/1] (0.00ns)   --->   "%p_1 = getelementptr [1000 x i8]* %str, i64 0, i64 1" [extr_.opensslcryptoasn1a_utf8.c_UTF8_getc_with_main.c:41]   --->   Operation 71 'getelementptr' 'p_1' <Predicate = (tmp & !icmp_ln28 & icmp_ln38 & !icmp_ln39)> <Delay = 0.00>
ST_2 : Operation 72 [2/2] (2.66ns)   --->   "%str_load_2 = load i8* %p_1, align 1" [extr_.opensslcryptoasn1a_utf8.c_UTF8_getc_with_main.c:41]   --->   Operation 72 'load' 'str_load_2' <Predicate = (tmp & !icmp_ln28 & icmp_ln38 & !icmp_ln39)> <Delay = 2.66> <Core = "RAM">   --->   Core 37 'RAM' <Latency = 1> <II = 1> <Delay = 2.66> <Storage> <Opcode : 'load' 'store'> <Ports = 2> <Width = 64> <Depth = 1000> <RAM>
ST_2 : Operation 73 [1/1] (0.00ns)   --->   "%tmp_2 = call i31 @_ssdm_op_PartSelect.i31.i32.i32.i32(i32 %len_read, i32 1, i32 31)" [extr_.opensslcryptoasn1a_utf8.c_UTF8_getc_with_main.c:29]   --->   Operation 73 'partselect' 'tmp_2' <Predicate = (tmp & icmp_ln28)> <Delay = 0.00>
ST_2 : Operation 74 [1/1] (1.54ns)   --->   "%icmp_ln29 = icmp slt i31 %tmp_2, 1" [extr_.opensslcryptoasn1a_utf8.c_UTF8_getc_with_main.c:29]   --->   Operation 74 'icmp' 'icmp_ln29' <Predicate = (tmp & icmp_ln28)> <Delay = 1.54> <Core = "Cmp">   --->   Core 25 'Cmp' <Latency = 0> <II = 1> <Delay = 1.08> <FuncUnit> <Opcode : 'icmp'> <InPorts = 2> <OutPorts = 1>
ST_2 : Operation 75 [1/1] (1.33ns)   --->   "br i1 %icmp_ln29, label %._crit_edge, label %5" [extr_.opensslcryptoasn1a_utf8.c_UTF8_getc_with_main.c:29]   --->   Operation 75 'br' <Predicate = (tmp & icmp_ln28)> <Delay = 1.33>
ST_2 : Operation 76 [1/1] (0.00ns)   --->   "%p = getelementptr [1000 x i8]* %str, i64 0, i64 1" [extr_.opensslcryptoasn1a_utf8.c_UTF8_getc_with_main.c:31]   --->   Operation 76 'getelementptr' 'p' <Predicate = (tmp & icmp_ln28 & !icmp_ln29)> <Delay = 0.00>
ST_2 : Operation 77 [2/2] (2.66ns)   --->   "%str_load_1 = load i8* %p, align 1" [extr_.opensslcryptoasn1a_utf8.c_UTF8_getc_with_main.c:31]   --->   Operation 77 'load' 'str_load_1' <Predicate = (tmp & icmp_ln28 & !icmp_ln29)> <Delay = 2.66> <Core = "RAM">   --->   Core 37 'RAM' <Latency = 1> <II = 1> <Delay = 2.66> <Storage> <Opcode : 'load' 'store'> <Ports = 2> <Width = 64> <Depth = 1000> <RAM>

State 3 <SV = 2> <Delay = 3.88>
ST_3 : Operation 78 [1/2] (2.66ns)   --->   "%str_load_9 = load i8* %p_10, align 1" [extr_.opensslcryptoasn1a_utf8.c_UTF8_getc_with_main.c:83]   --->   Operation 78 'load' 'str_load_9' <Predicate = true> <Delay = 2.66> <Core = "RAM">   --->   Core 37 'RAM' <Latency = 1> <II = 1> <Delay = 2.66> <Storage> <Opcode : 'load' 'store'> <Ports = 2> <Width = 64> <Depth = 1000> <RAM>
ST_3 : Operation 79 [1/1] (0.00ns)   --->   "%tmp_19 = call i2 @_ssdm_op_PartSelect.i2.i8.i32.i32(i8 %str_load_9, i32 6, i32 7)" [extr_.opensslcryptoasn1a_utf8.c_UTF8_getc_with_main.c:83]   --->   Operation 79 'partselect' 'tmp_19' <Predicate = true> <Delay = 0.00>
ST_3 : Operation 80 [1/1] (0.00ns)   --->   "%and_ln9 = call i8 @_ssdm_op_BitConcatenate.i8.i2.i6(i2 %tmp_19, i6 0)" [extr_.opensslcryptoasn1a_utf8.c_UTF8_getc_with_main.c:83]   --->   Operation 80 'bitconcatenate' 'and_ln9' <Predicate = true> <Delay = 0.00>
ST_3 : Operation 81 [1/1] (1.22ns)   --->   "%icmp_ln83 = icmp eq i8 %and_ln9, -128" [extr_.opensslcryptoasn1a_utf8.c_UTF8_getc_with_main.c:83]   --->   Operation 81 'icmp' 'icmp_ln83' <Predicate = true> <Delay = 1.22> <Core = "Cmp">   --->   Core 25 'Cmp' <Latency = 0> <II = 1> <Delay = 1.08> <FuncUnit> <Opcode : 'icmp'> <InPorts = 2> <OutPorts = 1>
ST_3 : Operation 82 [1/1] (0.00ns)   --->   "br i1 %icmp_ln83, label %28, label %._crit_edge25" [extr_.opensslcryptoasn1a_utf8.c_UTF8_getc_with_main.c:83]   --->   Operation 82 'br' <Predicate = true> <Delay = 0.00>
ST_3 : Operation 83 [1/1] (0.00ns)   --->   "%p_11 = getelementptr [1000 x i8]* %str, i64 0, i64 2" [extr_.opensslcryptoasn1a_utf8.c_UTF8_getc_with_main.c:83]   --->   Operation 83 'getelementptr' 'p_11' <Predicate = (icmp_ln83)> <Delay = 0.00>
ST_3 : Operation 84 [2/2] (2.66ns)   --->   "%str_load_11 = load i8* %p_11, align 1" [extr_.opensslcryptoasn1a_utf8.c_UTF8_getc_with_main.c:83]   --->   Operation 84 'load' 'str_load_11' <Predicate = (icmp_ln83)> <Delay = 2.66> <Core = "RAM">   --->   Core 37 'RAM' <Latency = 1> <II = 1> <Delay = 2.66> <Storage> <Opcode : 'load' 'store'> <Ports = 2> <Width = 64> <Depth = 1000> <RAM>

State 4 <SV = 3> <Delay = 3.88>
ST_4 : Operation 85 [1/2] (2.66ns)   --->   "%str_load_11 = load i8* %p_11, align 1" [extr_.opensslcryptoasn1a_utf8.c_UTF8_getc_with_main.c:83]   --->   Operation 85 'load' 'str_load_11' <Predicate = true> <Delay = 2.66> <Core = "RAM">   --->   Core 37 'RAM' <Latency = 1> <II = 1> <Delay = 2.66> <Storage> <Opcode : 'load' 'store'> <Ports = 2> <Width = 64> <Depth = 1000> <RAM>
ST_4 : Operation 86 [1/1] (0.00ns)   --->   "%tmp_24 = call i2 @_ssdm_op_PartSelect.i2.i8.i32.i32(i8 %str_load_11, i32 6, i32 7)" [extr_.opensslcryptoasn1a_utf8.c_UTF8_getc_with_main.c:83]   --->   Operation 86 'partselect' 'tmp_24' <Predicate = true> <Delay = 0.00>
ST_4 : Operation 87 [1/1] (0.00ns)   --->   "%and_ln83_1 = call i8 @_ssdm_op_BitConcatenate.i8.i2.i6(i2 %tmp_24, i6 0)" [extr_.opensslcryptoasn1a_utf8.c_UTF8_getc_with_main.c:83]   --->   Operation 87 'bitconcatenate' 'and_ln83_1' <Predicate = true> <Delay = 0.00>
ST_4 : Operation 88 [1/1] (1.22ns)   --->   "%icmp_ln83_1 = icmp eq i8 %and_ln83_1, -128" [extr_.opensslcryptoasn1a_utf8.c_UTF8_getc_with_main.c:83]   --->   Operation 88 'icmp' 'icmp_ln83_1' <Predicate = true> <Delay = 1.22> <Core = "Cmp">   --->   Core 25 'Cmp' <Latency = 0> <II = 1> <Delay = 1.08> <FuncUnit> <Opcode : 'icmp'> <InPorts = 2> <OutPorts = 1>
ST_4 : Operation 89 [1/1] (0.00ns)   --->   "br i1 %icmp_ln83_1, label %29, label %._crit_edge25" [extr_.opensslcryptoasn1a_utf8.c_UTF8_getc_with_main.c:83]   --->   Operation 89 'br' <Predicate = true> <Delay = 0.00>
ST_4 : Operation 90 [1/1] (0.00ns)   --->   "%p_12 = getelementptr [1000 x i8]* %str, i64 0, i64 3" [extr_.opensslcryptoasn1a_utf8.c_UTF8_getc_with_main.c:83]   --->   Operation 90 'getelementptr' 'p_12' <Predicate = (icmp_ln83_1)> <Delay = 0.00>
ST_4 : Operation 91 [2/2] (2.66ns)   --->   "%str_load_13 = load i8* %p_12, align 1" [extr_.opensslcryptoasn1a_utf8.c_UTF8_getc_with_main.c:83]   --->   Operation 91 'load' 'str_load_13' <Predicate = (icmp_ln83_1)> <Delay = 2.66> <Core = "RAM">   --->   Core 37 'RAM' <Latency = 1> <II = 1> <Delay = 2.66> <Storage> <Opcode : 'load' 'store'> <Ports = 2> <Width = 64> <Depth = 1000> <RAM>

State 5 <SV = 4> <Delay = 3.88>
ST_5 : Operation 92 [1/2] (2.66ns)   --->   "%str_load_13 = load i8* %p_12, align 1" [extr_.opensslcryptoasn1a_utf8.c_UTF8_getc_with_main.c:83]   --->   Operation 92 'load' 'str_load_13' <Predicate = true> <Delay = 2.66> <Core = "RAM">   --->   Core 37 'RAM' <Latency = 1> <II = 1> <Delay = 2.66> <Storage> <Opcode : 'load' 'store'> <Ports = 2> <Width = 64> <Depth = 1000> <RAM>
ST_5 : Operation 93 [1/1] (0.00ns)   --->   "%tmp_26 = call i2 @_ssdm_op_PartSelect.i2.i8.i32.i32(i8 %str_load_13, i32 6, i32 7)" [extr_.opensslcryptoasn1a_utf8.c_UTF8_getc_with_main.c:83]   --->   Operation 93 'partselect' 'tmp_26' <Predicate = true> <Delay = 0.00>
ST_5 : Operation 94 [1/1] (0.00ns)   --->   "%and_ln83_2 = call i8 @_ssdm_op_BitConcatenate.i8.i2.i6(i2 %tmp_26, i6 0)" [extr_.opensslcryptoasn1a_utf8.c_UTF8_getc_with_main.c:83]   --->   Operation 94 'bitconcatenate' 'and_ln83_2' <Predicate = true> <Delay = 0.00>
ST_5 : Operation 95 [1/1] (1.22ns)   --->   "%icmp_ln83_2 = icmp eq i8 %and_ln83_2, -128" [extr_.opensslcryptoasn1a_utf8.c_UTF8_getc_with_main.c:83]   --->   Operation 95 'icmp' 'icmp_ln83_2' <Predicate = true> <Delay = 1.22> <Core = "Cmp">   --->   Core 25 'Cmp' <Latency = 0> <II = 1> <Delay = 1.08> <FuncUnit> <Opcode : 'icmp'> <InPorts = 2> <OutPorts = 1>
ST_5 : Operation 96 [1/1] (0.00ns)   --->   "br i1 %icmp_ln83_2, label %30, label %._crit_edge25" [extr_.opensslcryptoasn1a_utf8.c_UTF8_getc_with_main.c:83]   --->   Operation 96 'br' <Predicate = true> <Delay = 0.00>
ST_5 : Operation 97 [1/1] (0.00ns)   --->   "%p_13 = getelementptr [1000 x i8]* %str, i64 0, i64 4" [extr_.opensslcryptoasn1a_utf8.c_UTF8_getc_with_main.c:83]   --->   Operation 97 'getelementptr' 'p_13' <Predicate = (icmp_ln83_2)> <Delay = 0.00>
ST_5 : Operation 98 [2/2] (2.66ns)   --->   "%str_load_14 = load i8* %p_13, align 1" [extr_.opensslcryptoasn1a_utf8.c_UTF8_getc_with_main.c:83]   --->   Operation 98 'load' 'str_load_14' <Predicate = (icmp_ln83_2)> <Delay = 2.66> <Core = "RAM">   --->   Core 37 'RAM' <Latency = 1> <II = 1> <Delay = 2.66> <Storage> <Opcode : 'load' 'store'> <Ports = 2> <Width = 64> <Depth = 1000> <RAM>

State 6 <SV = 5> <Delay = 3.88>
ST_6 : Operation 99 [1/2] (2.66ns)   --->   "%str_load_14 = load i8* %p_13, align 1" [extr_.opensslcryptoasn1a_utf8.c_UTF8_getc_with_main.c:83]   --->   Operation 99 'load' 'str_load_14' <Predicate = true> <Delay = 2.66> <Core = "RAM">   --->   Core 37 'RAM' <Latency = 1> <II = 1> <Delay = 2.66> <Storage> <Opcode : 'load' 'store'> <Ports = 2> <Width = 64> <Depth = 1000> <RAM>
ST_6 : Operation 100 [1/1] (0.00ns)   --->   "%tmp_27 = call i2 @_ssdm_op_PartSelect.i2.i8.i32.i32(i8 %str_load_14, i32 6, i32 7)" [extr_.opensslcryptoasn1a_utf8.c_UTF8_getc_with_main.c:83]   --->   Operation 100 'partselect' 'tmp_27' <Predicate = true> <Delay = 0.00>
ST_6 : Operation 101 [1/1] (0.00ns)   --->   "%and_ln83_3 = call i8 @_ssdm_op_BitConcatenate.i8.i2.i6(i2 %tmp_27, i6 0)" [extr_.opensslcryptoasn1a_utf8.c_UTF8_getc_with_main.c:83]   --->   Operation 101 'bitconcatenate' 'and_ln83_3' <Predicate = true> <Delay = 0.00>
ST_6 : Operation 102 [1/1] (1.22ns)   --->   "%icmp_ln83_3 = icmp eq i8 %and_ln83_3, -128" [extr_.opensslcryptoasn1a_utf8.c_UTF8_getc_with_main.c:83]   --->   Operation 102 'icmp' 'icmp_ln83_3' <Predicate = true> <Delay = 1.22> <Core = "Cmp">   --->   Core 25 'Cmp' <Latency = 0> <II = 1> <Delay = 1.08> <FuncUnit> <Opcode : 'icmp'> <InPorts = 2> <OutPorts = 1>
ST_6 : Operation 103 [1/1] (0.00ns)   --->   "br i1 %icmp_ln83_3, label %31, label %._crit_edge25" [extr_.opensslcryptoasn1a_utf8.c_UTF8_getc_with_main.c:83]   --->   Operation 103 'br' <Predicate = true> <Delay = 0.00>
ST_6 : Operation 104 [1/1] (0.00ns)   --->   "%p_14 = getelementptr [1000 x i8]* %str, i64 0, i64 5" [extr_.opensslcryptoasn1a_utf8.c_UTF8_getc_with_main.c:83]   --->   Operation 104 'getelementptr' 'p_14' <Predicate = (icmp_ln83_3)> <Delay = 0.00>
ST_6 : Operation 105 [2/2] (2.66ns)   --->   "%str_load_15 = load i8* %p_14, align 1" [extr_.opensslcryptoasn1a_utf8.c_UTF8_getc_with_main.c:83]   --->   Operation 105 'load' 'str_load_15' <Predicate = (icmp_ln83_3)> <Delay = 2.66> <Core = "RAM">   --->   Core 37 'RAM' <Latency = 1> <II = 1> <Delay = 2.66> <Storage> <Opcode : 'load' 'store'> <Ports = 2> <Width = 64> <Depth = 1000> <RAM>

State 7 <SV = 6> <Delay = 6.66>
ST_7 : Operation 106 [1/2] (2.66ns)   --->   "%str_load_15 = load i8* %p_14, align 1" [extr_.opensslcryptoasn1a_utf8.c_UTF8_getc_with_main.c:83]   --->   Operation 106 'load' 'str_load_15' <Predicate = (tmp & !icmp_ln28 & !icmp_ln38 & !icmp_ln50 & !icmp_ln64 & icmp_ln83 & icmp_ln83_1 & icmp_ln83_2 & icmp_ln83_3)> <Delay = 2.66> <Core = "RAM">   --->   Core 37 'RAM' <Latency = 1> <II = 1> <Delay = 2.66> <Storage> <Opcode : 'load' 'store'> <Ports = 2> <Width = 64> <Depth = 1000> <RAM>
ST_7 : Operation 107 [1/1] (0.00ns)   --->   "%tmp_28 = call i2 @_ssdm_op_PartSelect.i2.i8.i32.i32(i8 %str_load_15, i32 6, i32 7)" [extr_.opensslcryptoasn1a_utf8.c_UTF8_getc_with_main.c:83]   --->   Operation 107 'partselect' 'tmp_28' <Predicate = (tmp & !icmp_ln28 & !icmp_ln38 & !icmp_ln50 & !icmp_ln64 & icmp_ln83 & icmp_ln83_1 & icmp_ln83_2 & icmp_ln83_3)> <Delay = 0.00>
ST_7 : Operation 108 [1/1] (0.00ns)   --->   "%and_ln83_4 = call i8 @_ssdm_op_BitConcatenate.i8.i2.i6(i2 %tmp_28, i6 0)" [extr_.opensslcryptoasn1a_utf8.c_UTF8_getc_with_main.c:83]   --->   Operation 108 'bitconcatenate' 'and_ln83_4' <Predicate = (tmp & !icmp_ln28 & !icmp_ln38 & !icmp_ln50 & !icmp_ln64 & icmp_ln83 & icmp_ln83_1 & icmp_ln83_2 & icmp_ln83_3)> <Delay = 0.00>
ST_7 : Operation 109 [1/1] (1.22ns)   --->   "%icmp_ln83_4 = icmp eq i8 %and_ln83_4, -128" [extr_.opensslcryptoasn1a_utf8.c_UTF8_getc_with_main.c:83]   --->   Operation 109 'icmp' 'icmp_ln83_4' <Predicate = (tmp & !icmp_ln28 & !icmp_ln38 & !icmp_ln50 & !icmp_ln64 & icmp_ln83 & icmp_ln83_1 & icmp_ln83_2 & icmp_ln83_3)> <Delay = 1.22> <Core = "Cmp">   --->   Core 25 'Cmp' <Latency = 0> <II = 1> <Delay = 1.08> <FuncUnit> <Opcode : 'icmp'> <InPorts = 2> <OutPorts = 1>
ST_7 : Operation 110 [1/1] (0.00ns)   --->   "br i1 %icmp_ln83_4, label %32, label %._crit_edge25" [extr_.opensslcryptoasn1a_utf8.c_UTF8_getc_with_main.c:83]   --->   Operation 110 'br' <Predicate = (tmp & !icmp_ln28 & !icmp_ln38 & !icmp_ln50 & !icmp_ln64 & icmp_ln83 & icmp_ln83_1 & icmp_ln83_2 & icmp_ln83_3)> <Delay = 0.00>
ST_7 : Operation 111 [1/1] (1.33ns)   --->   "br label %._crit_edge" [extr_.opensslcryptoasn1a_utf8.c_UTF8_getc_with_main.c:88]   --->   Operation 111 'br' <Predicate = (tmp & !icmp_ln28 & !icmp_ln38 & !icmp_ln50 & !icmp_ln64 & !icmp_ln83_4) | (tmp & !icmp_ln28 & !icmp_ln38 & !icmp_ln50 & !icmp_ln64 & !icmp_ln83_3) | (tmp & !icmp_ln28 & !icmp_ln38 & !icmp_ln50 & !icmp_ln64 & !icmp_ln83_2) | (tmp & !icmp_ln28 & !icmp_ln38 & !icmp_ln50 & !icmp_ln64 & !icmp_ln83_1) | (tmp & !icmp_ln28 & !icmp_ln38 & !icmp_ln50 & !icmp_ln64 & !icmp_ln83)> <Delay = 1.33>
ST_7 : Operation 112 [1/1] (0.00ns)   --->   "%trunc_ln89 = trunc i8 %str_load to i1" [extr_.opensslcryptoasn1a_utf8.c_UTF8_getc_with_main.c:89]   --->   Operation 112 'trunc' 'trunc_ln89' <Predicate = (tmp & !icmp_ln28 & !icmp_ln38 & !icmp_ln50 & !icmp_ln64 & icmp_ln83 & icmp_ln83_1 & icmp_ln83_2 & icmp_ln83_3 & icmp_ln83_4)> <Delay = 0.00>
ST_7 : Operation 113 [1/1] (0.00ns)   --->   "%trunc_ln90 = trunc i8 %str_load_9 to i6" [extr_.opensslcryptoasn1a_utf8.c_UTF8_getc_with_main.c:90]   --->   Operation 113 'trunc' 'trunc_ln90' <Predicate = (tmp & !icmp_ln28 & !icmp_ln38 & !icmp_ln50 & !icmp_ln64 & icmp_ln83 & icmp_ln83_1 & icmp_ln83_2 & icmp_ln83_3 & icmp_ln83_4)> <Delay = 0.00>
ST_7 : Operation 114 [1/1] (0.00ns)   --->   "%trunc_ln91 = trunc i8 %str_load_11 to i6" [extr_.opensslcryptoasn1a_utf8.c_UTF8_getc_with_main.c:91]   --->   Operation 114 'trunc' 'trunc_ln91' <Predicate = (tmp & !icmp_ln28 & !icmp_ln38 & !icmp_ln50 & !icmp_ln64 & icmp_ln83 & icmp_ln83_1 & icmp_ln83_2 & icmp_ln83_3 & icmp_ln83_4)> <Delay = 0.00>
ST_7 : Operation 115 [1/1] (0.00ns)   --->   "%trunc_ln92 = trunc i8 %str_load_13 to i6" [extr_.opensslcryptoasn1a_utf8.c_UTF8_getc_with_main.c:92]   --->   Operation 115 'trunc' 'trunc_ln92' <Predicate = (tmp & !icmp_ln28 & !icmp_ln38 & !icmp_ln50 & !icmp_ln64 & icmp_ln83 & icmp_ln83_1 & icmp_ln83_2 & icmp_ln83_3 & icmp_ln83_4)> <Delay = 0.00>
ST_7 : Operation 116 [1/1] (0.00ns)   --->   "%trunc_ln94 = trunc i8 %str_load_15 to i6" [extr_.opensslcryptoasn1a_utf8.c_UTF8_getc_with_main.c:94]   --->   Operation 116 'trunc' 'trunc_ln94' <Predicate = (tmp & !icmp_ln28 & !icmp_ln38 & !icmp_ln50 & !icmp_ln64 & icmp_ln83 & icmp_ln83_1 & icmp_ln83_2 & icmp_ln83_3 & icmp_ln83_4)> <Delay = 0.00>
ST_7 : Operation 117 [1/1] (0.00ns)   --->   "%trunc_ln94_1 = trunc i8 %str_load_14 to i6" [extr_.opensslcryptoasn1a_utf8.c_UTF8_getc_with_main.c:94]   --->   Operation 117 'trunc' 'trunc_ln94_1' <Predicate = (tmp & !icmp_ln28 & !icmp_ln38 & !icmp_ln50 & !icmp_ln64 & icmp_ln83 & icmp_ln83_1 & icmp_ln83_2 & icmp_ln83_3 & icmp_ln83_4)> <Delay = 0.00>
ST_7 : Operation 118 [1/1] (0.00ns)   --->   "%or_ln4 = call i31 @_ssdm_op_BitConcatenate.i31.i1.i6.i6.i6.i6.i6(i1 %trunc_ln89, i6 %trunc_ln90, i6 %trunc_ln91, i6 %trunc_ln92, i6 %trunc_ln94_1, i6 %trunc_ln94)" [extr_.opensslcryptoasn1a_utf8.c_UTF8_getc_with_main.c:94]   --->   Operation 118 'bitconcatenate' 'or_ln4' <Predicate = (tmp & !icmp_ln28 & !icmp_ln38 & !icmp_ln50 & !icmp_ln64 & icmp_ln83 & icmp_ln83_1 & icmp_ln83_2 & icmp_ln83_3 & icmp_ln83_4)> <Delay = 0.00>
ST_7 : Operation 119 [1/1] (0.00ns)   --->   "%zext_ln94 = zext i31 %or_ln4 to i32" [extr_.opensslcryptoasn1a_utf8.c_UTF8_getc_with_main.c:94]   --->   Operation 119 'zext' 'zext_ln94' <Predicate = (tmp & !icmp_ln28 & !icmp_ln38 & !icmp_ln50 & !icmp_ln64 & icmp_ln83 & icmp_ln83_1 & icmp_ln83_2 & icmp_ln83_3 & icmp_ln83_4)> <Delay = 0.00>
ST_7 : Operation 120 [1/1] (0.00ns)   --->   "%value_6 = call i64 @_ssdm_op_BitConcatenate.i64.i32.i32(i32 0, i32 %zext_ln94)" [extr_.opensslcryptoasn1a_utf8.c_UTF8_getc_with_main.c:94]   --->   Operation 120 'bitconcatenate' 'value_6' <Predicate = (tmp & !icmp_ln28 & !icmp_ln38 & !icmp_ln50 & !icmp_ln64 & icmp_ln83 & icmp_ln83_1 & icmp_ln83_2 & icmp_ln83_3 & icmp_ln83_4)> <Delay = 0.00>
ST_7 : Operation 121 [1/1] (0.00ns)   --->   "%tmp_32 = call i4 @_ssdm_op_PartSelect.i4.i8.i32.i32(i8 %str_load_9, i32 2, i32 5)" [extr_.opensslcryptoasn1a_utf8.c_UTF8_getc_with_main.c:95]   --->   Operation 121 'partselect' 'tmp_32' <Predicate = (tmp & !icmp_ln28 & !icmp_ln38 & !icmp_ln50 & !icmp_ln64 & icmp_ln83 & icmp_ln83_1 & icmp_ln83_2 & icmp_ln83_3 & icmp_ln83_4)> <Delay = 0.00>
ST_7 : Operation 122 [1/1] (0.00ns)   --->   "%tmp_33 = call i5 @_ssdm_op_BitConcatenate.i5.i1.i4(i1 %trunc_ln89, i4 %tmp_32)" [extr_.opensslcryptoasn1a_utf8.c_UTF8_getc_with_main.c:95]   --->   Operation 122 'bitconcatenate' 'tmp_33' <Predicate = (tmp & !icmp_ln28 & !icmp_ln38 & !icmp_ln50 & !icmp_ln64 & icmp_ln83 & icmp_ln83_1 & icmp_ln83_2 & icmp_ln83_3 & icmp_ln83_4)> <Delay = 0.00>
ST_7 : Operation 123 [1/1] (0.00ns)   --->   "%zext_ln95 = zext i5 %tmp_33 to i6" [extr_.opensslcryptoasn1a_utf8.c_UTF8_getc_with_main.c:95]   --->   Operation 123 'zext' 'zext_ln95' <Predicate = (tmp & !icmp_ln28 & !icmp_ln38 & !icmp_ln50 & !icmp_ln64 & icmp_ln83 & icmp_ln83_1 & icmp_ln83_2 & icmp_ln83_3 & icmp_ln83_4)> <Delay = 0.00>
ST_7 : Operation 124 [1/1] (0.00ns)   --->   "%tmp_34 = call i38 @_ssdm_op_BitConcatenate.i38.i32.i6(i32 0, i6 %zext_ln95)" [extr_.opensslcryptoasn1a_utf8.c_UTF8_getc_with_main.c:95]   --->   Operation 124 'bitconcatenate' 'tmp_34' <Predicate = (tmp & !icmp_ln28 & !icmp_ln38 & !icmp_ln50 & !icmp_ln64 & icmp_ln83 & icmp_ln83_1 & icmp_ln83_2 & icmp_ln83_3 & icmp_ln83_4)> <Delay = 0.00>
ST_7 : Operation 125 [1/1] (1.57ns)   --->   "%icmp_ln95 = icmp eq i38 %tmp_34, 0" [extr_.opensslcryptoasn1a_utf8.c_UTF8_getc_with_main.c:95]   --->   Operation 125 'icmp' 'icmp_ln95' <Predicate = (tmp & !icmp_ln28 & !icmp_ln38 & !icmp_ln50 & !icmp_ln64 & icmp_ln83 & icmp_ln83_1 & icmp_ln83_2 & icmp_ln83_3 & icmp_ln83_4)> <Delay = 1.57> <Core = "Cmp">   --->   Core 25 'Cmp' <Latency = 0> <II = 1> <Delay = 1.08> <FuncUnit> <Opcode : 'icmp'> <InPorts = 2> <OutPorts = 1>
ST_7 : Operation 126 [1/1] (1.33ns)   --->   "br i1 %icmp_ln95, label %._crit_edge, label %._crit_edge4" [extr_.opensslcryptoasn1a_utf8.c_UTF8_getc_with_main.c:95]   --->   Operation 126 'br' <Predicate = (tmp & !icmp_ln28 & !icmp_ln38 & !icmp_ln50 & !icmp_ln64 & icmp_ln83 & icmp_ln83_1 & icmp_ln83_2 & icmp_ln83_3 & icmp_ln83_4)> <Delay = 1.33>
ST_7 : Operation 127 [1/1] (0.00ns)   --->   "%value_4 = phi i64 [ %value, %2 ], [ %value_1, %6 ], [ %value_2, %11 ], [ %value_3, %17 ], [ %value_5, %24 ], [ %value_6, %32 ]"   --->   Operation 127 'phi' 'value_4' <Predicate = (icmp_ln28 & !icmp_ln35) | (!icmp_ln28 & icmp_ln38 & !icmp_ln47) | (!icmp_ln28 & !icmp_ln38 & icmp_ln50 & !icmp_ln61) | (!icmp_ln28 & !icmp_ln38 & !icmp_ln50 & icmp_ln64 & !icmp_ln77) | (!icmp_ln28 & !icmp_ln38 & !icmp_ln50 & !icmp_ln64 & icmp_ln83 & icmp_ln83_1 & icmp_ln83_2 & icmp_ln83_3 & icmp_ln83_4 & !icmp_ln95) | (!tmp)> <Delay = 0.00>
ST_7 : Operation 128 [1/1] (0.00ns)   --->   "%ret_4 = phi i3 [ 1, %2 ], [ 2, %6 ], [ 3, %11 ], [ -4, %17 ], [ -3, %24 ], [ -2, %32 ]"   --->   Operation 128 'phi' 'ret_4' <Predicate = (icmp_ln28 & !icmp_ln35) | (!icmp_ln28 & icmp_ln38 & !icmp_ln47) | (!icmp_ln28 & !icmp_ln38 & icmp_ln50 & !icmp_ln61) | (!icmp_ln28 & !icmp_ln38 & !icmp_ln50 & icmp_ln64 & !icmp_ln77) | (!icmp_ln28 & !icmp_ln38 & !icmp_ln50 & !icmp_ln64 & icmp_ln83 & icmp_ln83_1 & icmp_ln83_2 & icmp_ln83_3 & icmp_ln83_4 & !icmp_ln95) | (!tmp)> <Delay = 0.00>
ST_7 : Operation 129 [1/1] (0.00ns)   --->   "%zext_ln100 = zext i3 %ret_4 to i4" [extr_.opensslcryptoasn1a_utf8.c_UTF8_getc_with_main.c:100]   --->   Operation 129 'zext' 'zext_ln100' <Predicate = (icmp_ln28 & !icmp_ln35) | (!icmp_ln28 & icmp_ln38 & !icmp_ln47) | (!icmp_ln28 & !icmp_ln38 & icmp_ln50 & !icmp_ln61) | (!icmp_ln28 & !icmp_ln38 & !icmp_ln50 & icmp_ln64 & !icmp_ln77) | (!icmp_ln28 & !icmp_ln38 & !icmp_ln50 & !icmp_ln64 & icmp_ln83 & icmp_ln83_1 & icmp_ln83_2 & icmp_ln83_3 & icmp_ln83_4 & !icmp_ln95) | (!tmp)> <Delay = 0.00>
ST_7 : Operation 130 [1/1] (2.66ns)   --->   "store i64 %value_4, i64* %val_addr, align 8" [extr_.opensslcryptoasn1a_utf8.c_UTF8_getc_with_main.c:100]   --->   Operation 130 'store' <Predicate = (icmp_ln28 & !icmp_ln35) | (!icmp_ln28 & icmp_ln38 & !icmp_ln47) | (!icmp_ln28 & !icmp_ln38 & icmp_ln50 & !icmp_ln61) | (!icmp_ln28 & !icmp_ln38 & !icmp_ln50 & icmp_ln64 & !icmp_ln77) | (!icmp_ln28 & !icmp_ln38 & !icmp_ln50 & !icmp_ln64 & icmp_ln83 & icmp_ln83_1 & icmp_ln83_2 & icmp_ln83_3 & icmp_ln83_4 & !icmp_ln95) | (!tmp)> <Delay = 2.66> <Core = "RAM">   --->   Core 37 'RAM' <Latency = 1> <II = 1> <Delay = 2.66> <Storage> <Opcode : 'load' 'store'> <Ports = 2> <Width = 64> <Depth = 1000> <RAM>
ST_7 : Operation 131 [1/1] (1.33ns)   --->   "br label %._crit_edge" [extr_.opensslcryptoasn1a_utf8.c_UTF8_getc_with_main.c:101]   --->   Operation 131 'br' <Predicate = (icmp_ln28 & !icmp_ln35) | (!icmp_ln28 & icmp_ln38 & !icmp_ln47) | (!icmp_ln28 & !icmp_ln38 & icmp_ln50 & !icmp_ln61) | (!icmp_ln28 & !icmp_ln38 & !icmp_ln50 & icmp_ln64 & !icmp_ln77) | (!icmp_ln28 & !icmp_ln38 & !icmp_ln50 & !icmp_ln64 & icmp_ln83 & icmp_ln83_1 & icmp_ln83_2 & icmp_ln83_3 & icmp_ln83_4 & !icmp_ln95) | (!tmp)> <Delay = 1.33>

State 8 <SV = 2> <Delay = 3.88>
ST_8 : Operation 132 [1/2] (2.66ns)   --->   "%str_load_6 = load i8* %p_6, align 1" [extr_.opensslcryptoasn1a_utf8.c_UTF8_getc_with_main.c:67]   --->   Operation 132 'load' 'str_load_6' <Predicate = true> <Delay = 2.66> <Core = "RAM">   --->   Core 37 'RAM' <Latency = 1> <II = 1> <Delay = 2.66> <Storage> <Opcode : 'load' 'store'> <Ports = 2> <Width = 64> <Depth = 1000> <RAM>
ST_8 : Operation 133 [1/1] (0.00ns)   --->   "%tmp_16 = call i2 @_ssdm_op_PartSelect.i2.i8.i32.i32(i8 %str_load_6, i32 6, i32 7)" [extr_.opensslcryptoasn1a_utf8.c_UTF8_getc_with_main.c:67]   --->   Operation 133 'partselect' 'tmp_16' <Predicate = true> <Delay = 0.00>
ST_8 : Operation 134 [1/1] (0.00ns)   --->   "%and_ln8 = call i8 @_ssdm_op_BitConcatenate.i8.i2.i6(i2 %tmp_16, i6 0)" [extr_.opensslcryptoasn1a_utf8.c_UTF8_getc_with_main.c:67]   --->   Operation 134 'bitconcatenate' 'and_ln8' <Predicate = true> <Delay = 0.00>
ST_8 : Operation 135 [1/1] (1.22ns)   --->   "%icmp_ln67 = icmp eq i8 %and_ln8, -128" [extr_.opensslcryptoasn1a_utf8.c_UTF8_getc_with_main.c:67]   --->   Operation 135 'icmp' 'icmp_ln67' <Predicate = true> <Delay = 1.22> <Core = "Cmp">   --->   Core 25 'Cmp' <Latency = 0> <II = 1> <Delay = 1.08> <FuncUnit> <Opcode : 'icmp'> <InPorts = 2> <OutPorts = 1>
ST_8 : Operation 136 [1/1] (0.00ns)   --->   "br i1 %icmp_ln67, label %21, label %._crit_edge17" [extr_.opensslcryptoasn1a_utf8.c_UTF8_getc_with_main.c:67]   --->   Operation 136 'br' <Predicate = true> <Delay = 0.00>
ST_8 : Operation 137 [1/1] (0.00ns)   --->   "%p_7 = getelementptr [1000 x i8]* %str, i64 0, i64 2" [extr_.opensslcryptoasn1a_utf8.c_UTF8_getc_with_main.c:67]   --->   Operation 137 'getelementptr' 'p_7' <Predicate = (icmp_ln67)> <Delay = 0.00>
ST_8 : Operation 138 [2/2] (2.66ns)   --->   "%str_load_8 = load i8* %p_7, align 1" [extr_.opensslcryptoasn1a_utf8.c_UTF8_getc_with_main.c:67]   --->   Operation 138 'load' 'str_load_8' <Predicate = (icmp_ln67)> <Delay = 2.66> <Core = "RAM">   --->   Core 37 'RAM' <Latency = 1> <II = 1> <Delay = 2.66> <Storage> <Opcode : 'load' 'store'> <Ports = 2> <Width = 64> <Depth = 1000> <RAM>

State 9 <SV = 3> <Delay = 3.88>
ST_9 : Operation 139 [1/2] (2.66ns)   --->   "%str_load_8 = load i8* %p_7, align 1" [extr_.opensslcryptoasn1a_utf8.c_UTF8_getc_with_main.c:67]   --->   Operation 139 'load' 'str_load_8' <Predicate = true> <Delay = 2.66> <Core = "RAM">   --->   Core 37 'RAM' <Latency = 1> <II = 1> <Delay = 2.66> <Storage> <Opcode : 'load' 'store'> <Ports = 2> <Width = 64> <Depth = 1000> <RAM>
ST_9 : Operation 140 [1/1] (0.00ns)   --->   "%tmp_18 = call i2 @_ssdm_op_PartSelect.i2.i8.i32.i32(i8 %str_load_8, i32 6, i32 7)" [extr_.opensslcryptoasn1a_utf8.c_UTF8_getc_with_main.c:67]   --->   Operation 140 'partselect' 'tmp_18' <Predicate = true> <Delay = 0.00>
ST_9 : Operation 141 [1/1] (0.00ns)   --->   "%and_ln67_1 = call i8 @_ssdm_op_BitConcatenate.i8.i2.i6(i2 %tmp_18, i6 0)" [extr_.opensslcryptoasn1a_utf8.c_UTF8_getc_with_main.c:67]   --->   Operation 141 'bitconcatenate' 'and_ln67_1' <Predicate = true> <Delay = 0.00>
ST_9 : Operation 142 [1/1] (1.22ns)   --->   "%icmp_ln67_1 = icmp eq i8 %and_ln67_1, -128" [extr_.opensslcryptoasn1a_utf8.c_UTF8_getc_with_main.c:67]   --->   Operation 142 'icmp' 'icmp_ln67_1' <Predicate = true> <Delay = 1.22> <Core = "Cmp">   --->   Core 25 'Cmp' <Latency = 0> <II = 1> <Delay = 1.08> <FuncUnit> <Opcode : 'icmp'> <InPorts = 2> <OutPorts = 1>
ST_9 : Operation 143 [1/1] (0.00ns)   --->   "br i1 %icmp_ln67_1, label %22, label %._crit_edge17" [extr_.opensslcryptoasn1a_utf8.c_UTF8_getc_with_main.c:67]   --->   Operation 143 'br' <Predicate = true> <Delay = 0.00>
ST_9 : Operation 144 [1/1] (0.00ns)   --->   "%p_8 = getelementptr [1000 x i8]* %str, i64 0, i64 3" [extr_.opensslcryptoasn1a_utf8.c_UTF8_getc_with_main.c:67]   --->   Operation 144 'getelementptr' 'p_8' <Predicate = (icmp_ln67_1)> <Delay = 0.00>
ST_9 : Operation 145 [2/2] (2.66ns)   --->   "%str_load_10 = load i8* %p_8, align 1" [extr_.opensslcryptoasn1a_utf8.c_UTF8_getc_with_main.c:67]   --->   Operation 145 'load' 'str_load_10' <Predicate = (icmp_ln67_1)> <Delay = 2.66> <Core = "RAM">   --->   Core 37 'RAM' <Latency = 1> <II = 1> <Delay = 2.66> <Storage> <Opcode : 'load' 'store'> <Ports = 2> <Width = 64> <Depth = 1000> <RAM>

State 10 <SV = 4> <Delay = 3.88>
ST_10 : Operation 146 [1/2] (2.66ns)   --->   "%str_load_10 = load i8* %p_8, align 1" [extr_.opensslcryptoasn1a_utf8.c_UTF8_getc_with_main.c:67]   --->   Operation 146 'load' 'str_load_10' <Predicate = true> <Delay = 2.66> <Core = "RAM">   --->   Core 37 'RAM' <Latency = 1> <II = 1> <Delay = 2.66> <Storage> <Opcode : 'load' 'store'> <Ports = 2> <Width = 64> <Depth = 1000> <RAM>
ST_10 : Operation 147 [1/1] (0.00ns)   --->   "%tmp_23 = call i2 @_ssdm_op_PartSelect.i2.i8.i32.i32(i8 %str_load_10, i32 6, i32 7)" [extr_.opensslcryptoasn1a_utf8.c_UTF8_getc_with_main.c:67]   --->   Operation 147 'partselect' 'tmp_23' <Predicate = true> <Delay = 0.00>
ST_10 : Operation 148 [1/1] (0.00ns)   --->   "%and_ln67_2 = call i8 @_ssdm_op_BitConcatenate.i8.i2.i6(i2 %tmp_23, i6 0)" [extr_.opensslcryptoasn1a_utf8.c_UTF8_getc_with_main.c:67]   --->   Operation 148 'bitconcatenate' 'and_ln67_2' <Predicate = true> <Delay = 0.00>
ST_10 : Operation 149 [1/1] (1.22ns)   --->   "%icmp_ln67_2 = icmp eq i8 %and_ln67_2, -128" [extr_.opensslcryptoasn1a_utf8.c_UTF8_getc_with_main.c:67]   --->   Operation 149 'icmp' 'icmp_ln67_2' <Predicate = true> <Delay = 1.22> <Core = "Cmp">   --->   Core 25 'Cmp' <Latency = 0> <II = 1> <Delay = 1.08> <FuncUnit> <Opcode : 'icmp'> <InPorts = 2> <OutPorts = 1>
ST_10 : Operation 150 [1/1] (0.00ns)   --->   "br i1 %icmp_ln67_2, label %23, label %._crit_edge17" [extr_.opensslcryptoasn1a_utf8.c_UTF8_getc_with_main.c:67]   --->   Operation 150 'br' <Predicate = true> <Delay = 0.00>
ST_10 : Operation 151 [1/1] (0.00ns)   --->   "%p_9 = getelementptr [1000 x i8]* %str, i64 0, i64 4" [extr_.opensslcryptoasn1a_utf8.c_UTF8_getc_with_main.c:67]   --->   Operation 151 'getelementptr' 'p_9' <Predicate = (icmp_ln67_2)> <Delay = 0.00>
ST_10 : Operation 152 [2/2] (2.66ns)   --->   "%str_load_12 = load i8* %p_9, align 1" [extr_.opensslcryptoasn1a_utf8.c_UTF8_getc_with_main.c:67]   --->   Operation 152 'load' 'str_load_12' <Predicate = (icmp_ln67_2)> <Delay = 2.66> <Core = "RAM">   --->   Core 37 'RAM' <Latency = 1> <II = 1> <Delay = 2.66> <Storage> <Opcode : 'load' 'store'> <Ports = 2> <Width = 64> <Depth = 1000> <RAM>

State 11 <SV = 5> <Delay = 3.88>
ST_11 : Operation 153 [1/2] (2.66ns)   --->   "%str_load_12 = load i8* %p_9, align 1" [extr_.opensslcryptoasn1a_utf8.c_UTF8_getc_with_main.c:67]   --->   Operation 153 'load' 'str_load_12' <Predicate = (icmp_ln67 & icmp_ln67_1 & icmp_ln67_2)> <Delay = 2.66> <Core = "RAM">   --->   Core 37 'RAM' <Latency = 1> <II = 1> <Delay = 2.66> <Storage> <Opcode : 'load' 'store'> <Ports = 2> <Width = 64> <Depth = 1000> <RAM>
ST_11 : Operation 154 [1/1] (0.00ns)   --->   "%tmp_25 = call i2 @_ssdm_op_PartSelect.i2.i8.i32.i32(i8 %str_load_12, i32 6, i32 7)" [extr_.opensslcryptoasn1a_utf8.c_UTF8_getc_with_main.c:67]   --->   Operation 154 'partselect' 'tmp_25' <Predicate = (icmp_ln67 & icmp_ln67_1 & icmp_ln67_2)> <Delay = 0.00>
ST_11 : Operation 155 [1/1] (0.00ns)   --->   "%and_ln67_3 = call i8 @_ssdm_op_BitConcatenate.i8.i2.i6(i2 %tmp_25, i6 0)" [extr_.opensslcryptoasn1a_utf8.c_UTF8_getc_with_main.c:67]   --->   Operation 155 'bitconcatenate' 'and_ln67_3' <Predicate = (icmp_ln67 & icmp_ln67_1 & icmp_ln67_2)> <Delay = 0.00>
ST_11 : Operation 156 [1/1] (1.22ns)   --->   "%icmp_ln67_3 = icmp eq i8 %and_ln67_3, -128" [extr_.opensslcryptoasn1a_utf8.c_UTF8_getc_with_main.c:67]   --->   Operation 156 'icmp' 'icmp_ln67_3' <Predicate = (icmp_ln67 & icmp_ln67_1 & icmp_ln67_2)> <Delay = 1.22> <Core = "Cmp">   --->   Core 25 'Cmp' <Latency = 0> <II = 1> <Delay = 1.08> <FuncUnit> <Opcode : 'icmp'> <InPorts = 2> <OutPorts = 1>
ST_11 : Operation 157 [1/1] (0.00ns)   --->   "br i1 %icmp_ln67_3, label %24, label %._crit_edge17" [extr_.opensslcryptoasn1a_utf8.c_UTF8_getc_with_main.c:67]   --->   Operation 157 'br' <Predicate = (icmp_ln67 & icmp_ln67_1 & icmp_ln67_2)> <Delay = 0.00>
ST_11 : Operation 158 [1/1] (1.33ns)   --->   "br label %._crit_edge" [extr_.opensslcryptoasn1a_utf8.c_UTF8_getc_with_main.c:71]   --->   Operation 158 'br' <Predicate = (!icmp_ln67_3) | (!icmp_ln67_2) | (!icmp_ln67_1) | (!icmp_ln67)> <Delay = 1.33>
ST_11 : Operation 159 [1/1] (0.00ns)   --->   "%trunc_ln72 = trunc i8 %str_load to i2" [extr_.opensslcryptoasn1a_utf8.c_UTF8_getc_with_main.c:72]   --->   Operation 159 'trunc' 'trunc_ln72' <Predicate = (icmp_ln67 & icmp_ln67_1 & icmp_ln67_2 & icmp_ln67_3)> <Delay = 0.00>
ST_11 : Operation 160 [1/1] (0.00ns)   --->   "%trunc_ln74 = trunc i8 %str_load_8 to i6" [extr_.opensslcryptoasn1a_utf8.c_UTF8_getc_with_main.c:74]   --->   Operation 160 'trunc' 'trunc_ln74' <Predicate = (icmp_ln67 & icmp_ln67_1 & icmp_ln67_2 & icmp_ln67_3)> <Delay = 0.00>
ST_11 : Operation 161 [1/1] (0.00ns)   --->   "%trunc_ln76 = trunc i8 %str_load_12 to i6" [extr_.opensslcryptoasn1a_utf8.c_UTF8_getc_with_main.c:76]   --->   Operation 161 'trunc' 'trunc_ln76' <Predicate = (icmp_ln67 & icmp_ln67_1 & icmp_ln67_2 & icmp_ln67_3)> <Delay = 0.00>
ST_11 : Operation 162 [1/1] (0.00ns)   --->   "%trunc_ln76_1 = trunc i8 %str_load_10 to i6" [extr_.opensslcryptoasn1a_utf8.c_UTF8_getc_with_main.c:76]   --->   Operation 162 'trunc' 'trunc_ln76_1' <Predicate = (icmp_ln67 & icmp_ln67_1 & icmp_ln67_2 & icmp_ln67_3)> <Delay = 0.00>
ST_11 : Operation 163 [1/1] (0.00ns)   --->   "%trunc_ln76_2 = trunc i8 %str_load_6 to i6" [extr_.opensslcryptoasn1a_utf8.c_UTF8_getc_with_main.c:76]   --->   Operation 163 'trunc' 'trunc_ln76_2' <Predicate = (icmp_ln67 & icmp_ln67_1 & icmp_ln67_2 & icmp_ln67_3)> <Delay = 0.00>
ST_11 : Operation 164 [1/1] (0.00ns)   --->   "%or_ln3 = call i26 @_ssdm_op_BitConcatenate.i26.i2.i6.i6.i6.i6(i2 %trunc_ln72, i6 %trunc_ln76_2, i6 %trunc_ln74, i6 %trunc_ln76_1, i6 %trunc_ln76)" [extr_.opensslcryptoasn1a_utf8.c_UTF8_getc_with_main.c:76]   --->   Operation 164 'bitconcatenate' 'or_ln3' <Predicate = (icmp_ln67 & icmp_ln67_1 & icmp_ln67_2 & icmp_ln67_3)> <Delay = 0.00>
ST_11 : Operation 165 [1/1] (0.00ns)   --->   "%zext_ln76 = zext i26 %or_ln3 to i32" [extr_.opensslcryptoasn1a_utf8.c_UTF8_getc_with_main.c:76]   --->   Operation 165 'zext' 'zext_ln76' <Predicate = (icmp_ln67 & icmp_ln67_1 & icmp_ln67_2 & icmp_ln67_3)> <Delay = 0.00>
ST_11 : Operation 166 [1/1] (0.00ns)   --->   "%value_5 = call i64 @_ssdm_op_BitConcatenate.i64.i32.i32(i32 0, i32 %zext_ln76)" [extr_.opensslcryptoasn1a_utf8.c_UTF8_getc_with_main.c:76]   --->   Operation 166 'bitconcatenate' 'value_5' <Predicate = (icmp_ln67 & icmp_ln67_1 & icmp_ln67_2 & icmp_ln67_3)> <Delay = 0.00>
ST_11 : Operation 167 [1/1] (0.00ns)   --->   "%tmp_29 = call i3 @_ssdm_op_PartSelect.i3.i8.i32.i32(i8 %str_load_6, i32 3, i32 5)" [extr_.opensslcryptoasn1a_utf8.c_UTF8_getc_with_main.c:77]   --->   Operation 167 'partselect' 'tmp_29' <Predicate = (icmp_ln67 & icmp_ln67_1 & icmp_ln67_2 & icmp_ln67_3)> <Delay = 0.00>
ST_11 : Operation 168 [1/1] (0.00ns)   --->   "%tmp_30 = call i5 @_ssdm_op_BitConcatenate.i5.i2.i3(i2 %trunc_ln72, i3 %tmp_29)" [extr_.opensslcryptoasn1a_utf8.c_UTF8_getc_with_main.c:77]   --->   Operation 168 'bitconcatenate' 'tmp_30' <Predicate = (icmp_ln67 & icmp_ln67_1 & icmp_ln67_2 & icmp_ln67_3)> <Delay = 0.00>
ST_11 : Operation 169 [1/1] (0.00ns)   --->   "%zext_ln77 = zext i5 %tmp_30 to i11" [extr_.opensslcryptoasn1a_utf8.c_UTF8_getc_with_main.c:77]   --->   Operation 169 'zext' 'zext_ln77' <Predicate = (icmp_ln67 & icmp_ln67_1 & icmp_ln67_2 & icmp_ln67_3)> <Delay = 0.00>
ST_11 : Operation 170 [1/1] (0.00ns)   --->   "%tmp_31 = call i43 @_ssdm_op_BitConcatenate.i43.i32.i11(i32 0, i11 %zext_ln77)" [extr_.opensslcryptoasn1a_utf8.c_UTF8_getc_with_main.c:77]   --->   Operation 170 'bitconcatenate' 'tmp_31' <Predicate = (icmp_ln67 & icmp_ln67_1 & icmp_ln67_2 & icmp_ln67_3)> <Delay = 0.00>
ST_11 : Operation 171 [1/1] (1.63ns)   --->   "%icmp_ln77 = icmp eq i43 %tmp_31, 0" [extr_.opensslcryptoasn1a_utf8.c_UTF8_getc_with_main.c:77]   --->   Operation 171 'icmp' 'icmp_ln77' <Predicate = (icmp_ln67 & icmp_ln67_1 & icmp_ln67_2 & icmp_ln67_3)> <Delay = 1.63> <Core = "Cmp">   --->   Core 25 'Cmp' <Latency = 0> <II = 1> <Delay = 1.08> <FuncUnit> <Opcode : 'icmp'> <InPorts = 2> <OutPorts = 1>
ST_11 : Operation 172 [1/1] (1.33ns)   --->   "br i1 %icmp_ln77, label %._crit_edge, label %._crit_edge4" [extr_.opensslcryptoasn1a_utf8.c_UTF8_getc_with_main.c:77]   --->   Operation 172 'br' <Predicate = (icmp_ln67 & icmp_ln67_1 & icmp_ln67_2 & icmp_ln67_3)> <Delay = 1.33>

State 12 <SV = 2> <Delay = 3.88>
ST_12 : Operation 173 [1/2] (2.66ns)   --->   "%str_load_4 = load i8* %p_3, align 1" [extr_.opensslcryptoasn1a_utf8.c_UTF8_getc_with_main.c:53]   --->   Operation 173 'load' 'str_load_4' <Predicate = true> <Delay = 2.66> <Core = "RAM">   --->   Core 37 'RAM' <Latency = 1> <II = 1> <Delay = 2.66> <Storage> <Opcode : 'load' 'store'> <Ports = 2> <Width = 64> <Depth = 1000> <RAM>
ST_12 : Operation 174 [1/1] (0.00ns)   --->   "%tmp_11 = call i2 @_ssdm_op_PartSelect.i2.i8.i32.i32(i8 %str_load_4, i32 6, i32 7)" [extr_.opensslcryptoasn1a_utf8.c_UTF8_getc_with_main.c:53]   --->   Operation 174 'partselect' 'tmp_11' <Predicate = true> <Delay = 0.00>
ST_12 : Operation 175 [1/1] (0.00ns)   --->   "%and_ln6 = call i8 @_ssdm_op_BitConcatenate.i8.i2.i6(i2 %tmp_11, i6 0)" [extr_.opensslcryptoasn1a_utf8.c_UTF8_getc_with_main.c:53]   --->   Operation 175 'bitconcatenate' 'and_ln6' <Predicate = true> <Delay = 0.00>
ST_12 : Operation 176 [1/1] (1.22ns)   --->   "%icmp_ln53 = icmp eq i8 %and_ln6, -128" [extr_.opensslcryptoasn1a_utf8.c_UTF8_getc_with_main.c:53]   --->   Operation 176 'icmp' 'icmp_ln53' <Predicate = true> <Delay = 1.22> <Core = "Cmp">   --->   Core 25 'Cmp' <Latency = 0> <II = 1> <Delay = 1.08> <FuncUnit> <Opcode : 'icmp'> <InPorts = 2> <OutPorts = 1>
ST_12 : Operation 177 [1/1] (0.00ns)   --->   "br i1 %icmp_ln53, label %15, label %._crit_edge11" [extr_.opensslcryptoasn1a_utf8.c_UTF8_getc_with_main.c:53]   --->   Operation 177 'br' <Predicate = true> <Delay = 0.00>
ST_12 : Operation 178 [1/1] (0.00ns)   --->   "%p_4 = getelementptr [1000 x i8]* %str, i64 0, i64 2" [extr_.opensslcryptoasn1a_utf8.c_UTF8_getc_with_main.c:53]   --->   Operation 178 'getelementptr' 'p_4' <Predicate = (icmp_ln53)> <Delay = 0.00>
ST_12 : Operation 179 [2/2] (2.66ns)   --->   "%str_load_5 = load i8* %p_4, align 1" [extr_.opensslcryptoasn1a_utf8.c_UTF8_getc_with_main.c:53]   --->   Operation 179 'load' 'str_load_5' <Predicate = (icmp_ln53)> <Delay = 2.66> <Core = "RAM">   --->   Core 37 'RAM' <Latency = 1> <II = 1> <Delay = 2.66> <Storage> <Opcode : 'load' 'store'> <Ports = 2> <Width = 64> <Depth = 1000> <RAM>

State 13 <SV = 3> <Delay = 3.88>
ST_13 : Operation 180 [1/2] (2.66ns)   --->   "%str_load_5 = load i8* %p_4, align 1" [extr_.opensslcryptoasn1a_utf8.c_UTF8_getc_with_main.c:53]   --->   Operation 180 'load' 'str_load_5' <Predicate = true> <Delay = 2.66> <Core = "RAM">   --->   Core 37 'RAM' <Latency = 1> <II = 1> <Delay = 2.66> <Storage> <Opcode : 'load' 'store'> <Ports = 2> <Width = 64> <Depth = 1000> <RAM>
ST_13 : Operation 181 [1/1] (0.00ns)   --->   "%tmp_15 = call i2 @_ssdm_op_PartSelect.i2.i8.i32.i32(i8 %str_load_5, i32 6, i32 7)" [extr_.opensslcryptoasn1a_utf8.c_UTF8_getc_with_main.c:53]   --->   Operation 181 'partselect' 'tmp_15' <Predicate = true> <Delay = 0.00>
ST_13 : Operation 182 [1/1] (0.00ns)   --->   "%and_ln53_1 = call i8 @_ssdm_op_BitConcatenate.i8.i2.i6(i2 %tmp_15, i6 0)" [extr_.opensslcryptoasn1a_utf8.c_UTF8_getc_with_main.c:53]   --->   Operation 182 'bitconcatenate' 'and_ln53_1' <Predicate = true> <Delay = 0.00>
ST_13 : Operation 183 [1/1] (1.22ns)   --->   "%icmp_ln53_1 = icmp eq i8 %and_ln53_1, -128" [extr_.opensslcryptoasn1a_utf8.c_UTF8_getc_with_main.c:53]   --->   Operation 183 'icmp' 'icmp_ln53_1' <Predicate = true> <Delay = 1.22> <Core = "Cmp">   --->   Core 25 'Cmp' <Latency = 0> <II = 1> <Delay = 1.08> <FuncUnit> <Opcode : 'icmp'> <InPorts = 2> <OutPorts = 1>
ST_13 : Operation 184 [1/1] (0.00ns)   --->   "br i1 %icmp_ln53_1, label %16, label %._crit_edge11" [extr_.opensslcryptoasn1a_utf8.c_UTF8_getc_with_main.c:53]   --->   Operation 184 'br' <Predicate = true> <Delay = 0.00>
ST_13 : Operation 185 [1/1] (0.00ns)   --->   "%p_5 = getelementptr [1000 x i8]* %str, i64 0, i64 3" [extr_.opensslcryptoasn1a_utf8.c_UTF8_getc_with_main.c:53]   --->   Operation 185 'getelementptr' 'p_5' <Predicate = (icmp_ln53_1)> <Delay = 0.00>
ST_13 : Operation 186 [2/2] (2.66ns)   --->   "%str_load_7 = load i8* %p_5, align 1" [extr_.opensslcryptoasn1a_utf8.c_UTF8_getc_with_main.c:53]   --->   Operation 186 'load' 'str_load_7' <Predicate = (icmp_ln53_1)> <Delay = 2.66> <Core = "RAM">   --->   Core 37 'RAM' <Latency = 1> <II = 1> <Delay = 2.66> <Storage> <Opcode : 'load' 'store'> <Ports = 2> <Width = 64> <Depth = 1000> <RAM>

State 14 <SV = 4> <Delay = 3.88>
ST_14 : Operation 187 [1/2] (2.66ns)   --->   "%str_load_7 = load i8* %p_5, align 1" [extr_.opensslcryptoasn1a_utf8.c_UTF8_getc_with_main.c:53]   --->   Operation 187 'load' 'str_load_7' <Predicate = (icmp_ln53 & icmp_ln53_1)> <Delay = 2.66> <Core = "RAM">   --->   Core 37 'RAM' <Latency = 1> <II = 1> <Delay = 2.66> <Storage> <Opcode : 'load' 'store'> <Ports = 2> <Width = 64> <Depth = 1000> <RAM>
ST_14 : Operation 188 [1/1] (0.00ns)   --->   "%tmp_17 = call i2 @_ssdm_op_PartSelect.i2.i8.i32.i32(i8 %str_load_7, i32 6, i32 7)" [extr_.opensslcryptoasn1a_utf8.c_UTF8_getc_with_main.c:53]   --->   Operation 188 'partselect' 'tmp_17' <Predicate = (icmp_ln53 & icmp_ln53_1)> <Delay = 0.00>
ST_14 : Operation 189 [1/1] (0.00ns)   --->   "%and_ln53_2 = call i8 @_ssdm_op_BitConcatenate.i8.i2.i6(i2 %tmp_17, i6 0)" [extr_.opensslcryptoasn1a_utf8.c_UTF8_getc_with_main.c:53]   --->   Operation 189 'bitconcatenate' 'and_ln53_2' <Predicate = (icmp_ln53 & icmp_ln53_1)> <Delay = 0.00>
ST_14 : Operation 190 [1/1] (1.22ns)   --->   "%icmp_ln53_2 = icmp eq i8 %and_ln53_2, -128" [extr_.opensslcryptoasn1a_utf8.c_UTF8_getc_with_main.c:53]   --->   Operation 190 'icmp' 'icmp_ln53_2' <Predicate = (icmp_ln53 & icmp_ln53_1)> <Delay = 1.22> <Core = "Cmp">   --->   Core 25 'Cmp' <Latency = 0> <II = 1> <Delay = 1.08> <FuncUnit> <Opcode : 'icmp'> <InPorts = 2> <OutPorts = 1>
ST_14 : Operation 191 [1/1] (0.00ns)   --->   "br i1 %icmp_ln53_2, label %17, label %._crit_edge11" [extr_.opensslcryptoasn1a_utf8.c_UTF8_getc_with_main.c:53]   --->   Operation 191 'br' <Predicate = (icmp_ln53 & icmp_ln53_1)> <Delay = 0.00>
ST_14 : Operation 192 [1/1] (1.33ns)   --->   "br label %._crit_edge" [extr_.opensslcryptoasn1a_utf8.c_UTF8_getc_with_main.c:56]   --->   Operation 192 'br' <Predicate = (!icmp_ln53_2) | (!icmp_ln53_1) | (!icmp_ln53)> <Delay = 1.33>
ST_14 : Operation 193 [1/1] (0.00ns)   --->   "%trunc_ln57 = trunc i8 %str_load to i3" [extr_.opensslcryptoasn1a_utf8.c_UTF8_getc_with_main.c:57]   --->   Operation 193 'trunc' 'trunc_ln57' <Predicate = (icmp_ln53 & icmp_ln53_1 & icmp_ln53_2)> <Delay = 0.00>
ST_14 : Operation 194 [1/1] (0.00ns)   --->   "%trunc_ln60 = trunc i8 %str_load_7 to i6" [extr_.opensslcryptoasn1a_utf8.c_UTF8_getc_with_main.c:60]   --->   Operation 194 'trunc' 'trunc_ln60' <Predicate = (icmp_ln53 & icmp_ln53_1 & icmp_ln53_2)> <Delay = 0.00>
ST_14 : Operation 195 [1/1] (0.00ns)   --->   "%trunc_ln60_1 = trunc i8 %str_load_5 to i6" [extr_.opensslcryptoasn1a_utf8.c_UTF8_getc_with_main.c:60]   --->   Operation 195 'trunc' 'trunc_ln60_1' <Predicate = (icmp_ln53 & icmp_ln53_1 & icmp_ln53_2)> <Delay = 0.00>
ST_14 : Operation 196 [1/1] (0.00ns)   --->   "%trunc_ln60_2 = trunc i8 %str_load_4 to i6" [extr_.opensslcryptoasn1a_utf8.c_UTF8_getc_with_main.c:60]   --->   Operation 196 'trunc' 'trunc_ln60_2' <Predicate = (icmp_ln53 & icmp_ln53_1 & icmp_ln53_2)> <Delay = 0.00>
ST_14 : Operation 197 [1/1] (0.00ns)   --->   "%or_ln2 = call i21 @_ssdm_op_BitConcatenate.i21.i3.i6.i6.i6(i3 %trunc_ln57, i6 %trunc_ln60_2, i6 %trunc_ln60_1, i6 %trunc_ln60)" [extr_.opensslcryptoasn1a_utf8.c_UTF8_getc_with_main.c:60]   --->   Operation 197 'bitconcatenate' 'or_ln2' <Predicate = (icmp_ln53 & icmp_ln53_1 & icmp_ln53_2)> <Delay = 0.00>
ST_14 : Operation 198 [1/1] (0.00ns)   --->   "%zext_ln60 = zext i21 %or_ln2 to i32" [extr_.opensslcryptoasn1a_utf8.c_UTF8_getc_with_main.c:60]   --->   Operation 198 'zext' 'zext_ln60' <Predicate = (icmp_ln53 & icmp_ln53_1 & icmp_ln53_2)> <Delay = 0.00>
ST_14 : Operation 199 [1/1] (0.00ns)   --->   "%tmp_1 = call i50 @_ssdm_op_BitConcatenate.i50.i18.i32(i18 0, i32 %zext_ln60)" [extr_.opensslcryptoasn1a_utf8.c_UTF8_getc_with_main.c:60]   --->   Operation 199 'bitconcatenate' 'tmp_1' <Predicate = (icmp_ln53 & icmp_ln53_1 & icmp_ln53_2)> <Delay = 0.00>
ST_14 : Operation 200 [1/1] (0.00ns)   --->   "%value_3 = zext i50 %tmp_1 to i64" [extr_.opensslcryptoasn1a_utf8.c_UTF8_getc_with_main.c:60]   --->   Operation 200 'zext' 'value_3' <Predicate = (icmp_ln53 & icmp_ln53_1 & icmp_ln53_2)> <Delay = 0.00>
ST_14 : Operation 201 [1/1] (0.00ns)   --->   "%tmp_20 = call i2 @_ssdm_op_PartSelect.i2.i8.i32.i32(i8 %str_load_4, i32 4, i32 5)" [extr_.opensslcryptoasn1a_utf8.c_UTF8_getc_with_main.c:61]   --->   Operation 201 'partselect' 'tmp_20' <Predicate = (icmp_ln53 & icmp_ln53_1 & icmp_ln53_2)> <Delay = 0.00>
ST_14 : Operation 202 [1/1] (0.00ns)   --->   "%tmp_21 = call i5 @_ssdm_op_BitConcatenate.i5.i3.i2(i3 %trunc_ln57, i2 %tmp_20)" [extr_.opensslcryptoasn1a_utf8.c_UTF8_getc_with_main.c:61]   --->   Operation 202 'bitconcatenate' 'tmp_21' <Predicate = (icmp_ln53 & icmp_ln53_1 & icmp_ln53_2)> <Delay = 0.00>
ST_14 : Operation 203 [1/1] (0.00ns)   --->   "%zext_ln61 = zext i5 %tmp_21 to i16" [extr_.opensslcryptoasn1a_utf8.c_UTF8_getc_with_main.c:61]   --->   Operation 203 'zext' 'zext_ln61' <Predicate = (icmp_ln53 & icmp_ln53_1 & icmp_ln53_2)> <Delay = 0.00>
ST_14 : Operation 204 [1/1] (0.00ns)   --->   "%tmp_22 = call i34 @_ssdm_op_BitConcatenate.i34.i18.i16(i18 0, i16 %zext_ln61)" [extr_.opensslcryptoasn1a_utf8.c_UTF8_getc_with_main.c:61]   --->   Operation 204 'bitconcatenate' 'tmp_22' <Predicate = (icmp_ln53 & icmp_ln53_1 & icmp_ln53_2)> <Delay = 0.00>
ST_14 : Operation 205 [1/1] (1.55ns)   --->   "%icmp_ln61 = icmp eq i34 %tmp_22, 0" [extr_.opensslcryptoasn1a_utf8.c_UTF8_getc_with_main.c:61]   --->   Operation 205 'icmp' 'icmp_ln61' <Predicate = (icmp_ln53 & icmp_ln53_1 & icmp_ln53_2)> <Delay = 1.55> <Core = "Cmp">   --->   Core 25 'Cmp' <Latency = 0> <II = 1> <Delay = 1.08> <FuncUnit> <Opcode : 'icmp'> <InPorts = 2> <OutPorts = 1>
ST_14 : Operation 206 [1/1] (1.33ns)   --->   "br i1 %icmp_ln61, label %._crit_edge, label %._crit_edge4" [extr_.opensslcryptoasn1a_utf8.c_UTF8_getc_with_main.c:61]   --->   Operation 206 'br' <Predicate = (icmp_ln53 & icmp_ln53_1 & icmp_ln53_2)> <Delay = 1.33>

State 15 <SV = 2> <Delay = 3.88>
ST_15 : Operation 207 [1/2] (2.66ns)   --->   "%str_load_2 = load i8* %p_1, align 1" [extr_.opensslcryptoasn1a_utf8.c_UTF8_getc_with_main.c:41]   --->   Operation 207 'load' 'str_load_2' <Predicate = true> <Delay = 2.66> <Core = "RAM">   --->   Core 37 'RAM' <Latency = 1> <II = 1> <Delay = 2.66> <Storage> <Opcode : 'load' 'store'> <Ports = 2> <Width = 64> <Depth = 1000> <RAM>
ST_15 : Operation 208 [1/1] (0.00ns)   --->   "%tmp_6 = call i2 @_ssdm_op_PartSelect.i2.i8.i32.i32(i8 %str_load_2, i32 6, i32 7)" [extr_.opensslcryptoasn1a_utf8.c_UTF8_getc_with_main.c:41]   --->   Operation 208 'partselect' 'tmp_6' <Predicate = true> <Delay = 0.00>
ST_15 : Operation 209 [1/1] (0.00ns)   --->   "%and_ln4 = call i8 @_ssdm_op_BitConcatenate.i8.i2.i6(i2 %tmp_6, i6 0)" [extr_.opensslcryptoasn1a_utf8.c_UTF8_getc_with_main.c:41]   --->   Operation 209 'bitconcatenate' 'and_ln4' <Predicate = true> <Delay = 0.00>
ST_15 : Operation 210 [1/1] (1.22ns)   --->   "%icmp_ln41 = icmp eq i8 %and_ln4, -128" [extr_.opensslcryptoasn1a_utf8.c_UTF8_getc_with_main.c:41]   --->   Operation 210 'icmp' 'icmp_ln41' <Predicate = true> <Delay = 1.22> <Core = "Cmp">   --->   Core 25 'Cmp' <Latency = 0> <II = 1> <Delay = 1.08> <FuncUnit> <Opcode : 'icmp'> <InPorts = 2> <OutPorts = 1>
ST_15 : Operation 211 [1/1] (0.00ns)   --->   "br i1 %icmp_ln41, label %10, label %._crit_edge6" [extr_.opensslcryptoasn1a_utf8.c_UTF8_getc_with_main.c:41]   --->   Operation 211 'br' <Predicate = true> <Delay = 0.00>
ST_15 : Operation 212 [1/1] (0.00ns)   --->   "%p_2 = getelementptr [1000 x i8]* %str, i64 0, i64 2" [extr_.opensslcryptoasn1a_utf8.c_UTF8_getc_with_main.c:41]   --->   Operation 212 'getelementptr' 'p_2' <Predicate = (icmp_ln41)> <Delay = 0.00>
ST_15 : Operation 213 [2/2] (2.66ns)   --->   "%str_load_3 = load i8* %p_2, align 1" [extr_.opensslcryptoasn1a_utf8.c_UTF8_getc_with_main.c:41]   --->   Operation 213 'load' 'str_load_3' <Predicate = (icmp_ln41)> <Delay = 2.66> <Core = "RAM">   --->   Core 37 'RAM' <Latency = 1> <II = 1> <Delay = 2.66> <Storage> <Opcode : 'load' 'store'> <Ports = 2> <Width = 64> <Depth = 1000> <RAM>

State 16 <SV = 3> <Delay = 3.88>
ST_16 : Operation 214 [1/2] (2.66ns)   --->   "%str_load_3 = load i8* %p_2, align 1" [extr_.opensslcryptoasn1a_utf8.c_UTF8_getc_with_main.c:41]   --->   Operation 214 'load' 'str_load_3' <Predicate = (icmp_ln41)> <Delay = 2.66> <Core = "RAM">   --->   Core 37 'RAM' <Latency = 1> <II = 1> <Delay = 2.66> <Storage> <Opcode : 'load' 'store'> <Ports = 2> <Width = 64> <Depth = 1000> <RAM>
ST_16 : Operation 215 [1/1] (0.00ns)   --->   "%tmp_10 = call i2 @_ssdm_op_PartSelect.i2.i8.i32.i32(i8 %str_load_3, i32 6, i32 7)" [extr_.opensslcryptoasn1a_utf8.c_UTF8_getc_with_main.c:41]   --->   Operation 215 'partselect' 'tmp_10' <Predicate = (icmp_ln41)> <Delay = 0.00>
ST_16 : Operation 216 [1/1] (0.00ns)   --->   "%and_ln41_1 = call i8 @_ssdm_op_BitConcatenate.i8.i2.i6(i2 %tmp_10, i6 0)" [extr_.opensslcryptoasn1a_utf8.c_UTF8_getc_with_main.c:41]   --->   Operation 216 'bitconcatenate' 'and_ln41_1' <Predicate = (icmp_ln41)> <Delay = 0.00>
ST_16 : Operation 217 [1/1] (1.22ns)   --->   "%icmp_ln41_1 = icmp eq i8 %and_ln41_1, -128" [extr_.opensslcryptoasn1a_utf8.c_UTF8_getc_with_main.c:41]   --->   Operation 217 'icmp' 'icmp_ln41_1' <Predicate = (icmp_ln41)> <Delay = 1.22> <Core = "Cmp">   --->   Core 25 'Cmp' <Latency = 0> <II = 1> <Delay = 1.08> <FuncUnit> <Opcode : 'icmp'> <InPorts = 2> <OutPorts = 1>
ST_16 : Operation 218 [1/1] (0.00ns)   --->   "br i1 %icmp_ln41_1, label %11, label %._crit_edge6" [extr_.opensslcryptoasn1a_utf8.c_UTF8_getc_with_main.c:41]   --->   Operation 218 'br' <Predicate = (icmp_ln41)> <Delay = 0.00>
ST_16 : Operation 219 [1/1] (1.33ns)   --->   "br label %._crit_edge" [extr_.opensslcryptoasn1a_utf8.c_UTF8_getc_with_main.c:43]   --->   Operation 219 'br' <Predicate = (!icmp_ln41_1) | (!icmp_ln41)> <Delay = 1.33>
ST_16 : Operation 220 [1/1] (0.00ns)   --->   "%trunc_ln45 = trunc i8 %str_load_2 to i6" [extr_.opensslcryptoasn1a_utf8.c_UTF8_getc_with_main.c:45]   --->   Operation 220 'trunc' 'trunc_ln45' <Predicate = (icmp_ln41 & icmp_ln41_1)> <Delay = 0.00>
ST_16 : Operation 221 [1/1] (0.00ns)   --->   "%trunc_ln46 = trunc i8 %str_load_3 to i6" [extr_.opensslcryptoasn1a_utf8.c_UTF8_getc_with_main.c:46]   --->   Operation 221 'trunc' 'trunc_ln46' <Predicate = (icmp_ln41 & icmp_ln41_1)> <Delay = 0.00>
ST_16 : Operation 222 [1/1] (0.00ns)   --->   "%trunc_ln46_1 = trunc i8 %str_load to i4" [extr_.opensslcryptoasn1a_utf8.c_UTF8_getc_with_main.c:46]   --->   Operation 222 'trunc' 'trunc_ln46_1' <Predicate = (icmp_ln41 & icmp_ln41_1)> <Delay = 0.00>
ST_16 : Operation 223 [1/1] (0.00ns)   --->   "%or_ln1 = call i16 @_ssdm_op_BitConcatenate.i16.i4.i6.i6(i4 %trunc_ln46_1, i6 %trunc_ln45, i6 %trunc_ln46)" [extr_.opensslcryptoasn1a_utf8.c_UTF8_getc_with_main.c:46]   --->   Operation 223 'bitconcatenate' 'or_ln1' <Predicate = (icmp_ln41 & icmp_ln41_1)> <Delay = 0.00>
ST_16 : Operation 224 [1/1] (0.00ns)   --->   "%value_2 = zext i16 %or_ln1 to i64" [extr_.opensslcryptoasn1a_utf8.c_UTF8_getc_with_main.c:46]   --->   Operation 224 'zext' 'value_2' <Predicate = (icmp_ln41 & icmp_ln41_1)> <Delay = 0.00>
ST_16 : Operation 225 [1/1] (0.00ns)   --->   "%tmp_13 = call i1 @_ssdm_op_BitSelect.i1.i8.i32(i8 %str_load_2, i32 5)" [extr_.opensslcryptoasn1a_utf8.c_UTF8_getc_with_main.c:47]   --->   Operation 225 'bitselect' 'tmp_13' <Predicate = (icmp_ln41 & icmp_ln41_1)> <Delay = 0.00>
ST_16 : Operation 226 [1/1] (0.00ns)   --->   "%tmp_14 = call i5 @_ssdm_op_BitConcatenate.i5.i4.i1(i4 %trunc_ln46_1, i1 %tmp_13)" [extr_.opensslcryptoasn1a_utf8.c_UTF8_getc_with_main.c:47]   --->   Operation 226 'bitconcatenate' 'tmp_14' <Predicate = (icmp_ln41 & icmp_ln41_1)> <Delay = 0.00>
ST_16 : Operation 227 [1/1] (1.11ns)   --->   "%icmp_ln47 = icmp eq i5 %tmp_14, 0" [extr_.opensslcryptoasn1a_utf8.c_UTF8_getc_with_main.c:47]   --->   Operation 227 'icmp' 'icmp_ln47' <Predicate = (icmp_ln41 & icmp_ln41_1)> <Delay = 1.11> <Core = "Cmp">   --->   Core 25 'Cmp' <Latency = 0> <II = 1> <Delay = 1.08> <FuncUnit> <Opcode : 'icmp'> <InPorts = 2> <OutPorts = 1>
ST_16 : Operation 228 [1/1] (1.33ns)   --->   "br i1 %icmp_ln47, label %._crit_edge, label %._crit_edge4" [extr_.opensslcryptoasn1a_utf8.c_UTF8_getc_with_main.c:47]   --->   Operation 228 'br' <Predicate = (icmp_ln41 & icmp_ln41_1)> <Delay = 1.33>

State 17 <SV = 2> <Delay = 5.22>
ST_17 : Operation 229 [1/2] (2.66ns)   --->   "%str_load_1 = load i8* %p, align 1" [extr_.opensslcryptoasn1a_utf8.c_UTF8_getc_with_main.c:31]   --->   Operation 229 'load' 'str_load_1' <Predicate = true> <Delay = 2.66> <Core = "RAM">   --->   Core 37 'RAM' <Latency = 1> <II = 1> <Delay = 2.66> <Storage> <Opcode : 'load' 'store'> <Ports = 2> <Width = 64> <Depth = 1000> <RAM>
ST_17 : Operation 230 [1/1] (0.00ns)   --->   "%tmp_s = call i2 @_ssdm_op_PartSelect.i2.i8.i32.i32(i8 %str_load_1, i32 6, i32 7)" [extr_.opensslcryptoasn1a_utf8.c_UTF8_getc_with_main.c:31]   --->   Operation 230 'partselect' 'tmp_s' <Predicate = true> <Delay = 0.00>
ST_17 : Operation 231 [1/1] (0.00ns)   --->   "%and_ln2 = call i8 @_ssdm_op_BitConcatenate.i8.i2.i6(i2 %tmp_s, i6 0)" [extr_.opensslcryptoasn1a_utf8.c_UTF8_getc_with_main.c:31]   --->   Operation 231 'bitconcatenate' 'and_ln2' <Predicate = true> <Delay = 0.00>
ST_17 : Operation 232 [1/1] (1.22ns)   --->   "%icmp_ln31 = icmp eq i8 %and_ln2, -128" [extr_.opensslcryptoasn1a_utf8.c_UTF8_getc_with_main.c:31]   --->   Operation 232 'icmp' 'icmp_ln31' <Predicate = true> <Delay = 1.22> <Core = "Cmp">   --->   Core 25 'Cmp' <Latency = 0> <II = 1> <Delay = 1.08> <FuncUnit> <Opcode : 'icmp'> <InPorts = 2> <OutPorts = 1>
ST_17 : Operation 233 [1/1] (1.33ns)   --->   "br i1 %icmp_ln31, label %6, label %._crit_edge" [extr_.opensslcryptoasn1a_utf8.c_UTF8_getc_with_main.c:31]   --->   Operation 233 'br' <Predicate = true> <Delay = 1.33>
ST_17 : Operation 234 [1/1] (0.00ns)   --->   "%trunc_ln34 = trunc i8 %str_load_1 to i6" [extr_.opensslcryptoasn1a_utf8.c_UTF8_getc_with_main.c:34]   --->   Operation 234 'trunc' 'trunc_ln34' <Predicate = (icmp_ln31)> <Delay = 0.00>
ST_17 : Operation 235 [1/1] (0.00ns)   --->   "%trunc_ln34_1 = trunc i8 %str_load to i5" [extr_.opensslcryptoasn1a_utf8.c_UTF8_getc_with_main.c:34]   --->   Operation 235 'trunc' 'trunc_ln34_1' <Predicate = (icmp_ln31)> <Delay = 0.00>
ST_17 : Operation 236 [1/1] (0.00ns)   --->   "%or_ln = call i11 @_ssdm_op_BitConcatenate.i11.i5.i6(i5 %trunc_ln34_1, i6 %trunc_ln34)" [extr_.opensslcryptoasn1a_utf8.c_UTF8_getc_with_main.c:34]   --->   Operation 236 'bitconcatenate' 'or_ln' <Predicate = (icmp_ln31)> <Delay = 0.00>
ST_17 : Operation 237 [1/1] (0.00ns)   --->   "%value_1 = zext i11 %or_ln to i64" [extr_.opensslcryptoasn1a_utf8.c_UTF8_getc_with_main.c:34]   --->   Operation 237 'zext' 'value_1' <Predicate = (icmp_ln31)> <Delay = 0.00>
ST_17 : Operation 238 [1/1] (0.00ns)   --->   "%tmp_5 = call i4 @_ssdm_op_PartSelect.i4.i8.i32.i32(i8 %str_load, i32 1, i32 4)" [extr_.opensslcryptoasn1a_utf8.c_UTF8_getc_with_main.c:35]   --->   Operation 238 'partselect' 'tmp_5' <Predicate = (icmp_ln31)> <Delay = 0.00>
ST_17 : Operation 239 [1/1] (1.08ns)   --->   "%icmp_ln35 = icmp eq i4 %tmp_5, 0" [extr_.opensslcryptoasn1a_utf8.c_UTF8_getc_with_main.c:35]   --->   Operation 239 'icmp' 'icmp_ln35' <Predicate = (icmp_ln31)> <Delay = 1.08> <Core = "Cmp">   --->   Core 25 'Cmp' <Latency = 0> <II = 1> <Delay = 1.08> <FuncUnit> <Opcode : 'icmp'> <InPorts = 2> <OutPorts = 1>
ST_17 : Operation 240 [1/1] (1.33ns)   --->   "br i1 %icmp_ln35, label %._crit_edge, label %._crit_edge4" [extr_.opensslcryptoasn1a_utf8.c_UTF8_getc_with_main.c:35]   --->   Operation 240 'br' <Predicate = (icmp_ln31)> <Delay = 1.33>

State 18 <SV = 7> <Delay = 0.00>
ST_18 : Operation 241 [1/1] (0.00ns)   --->   "%p_0 = phi i4 [ %zext_ln100, %._crit_edge4 ], [ -3, %._crit_edge6 ], [ -3, %._crit_edge11 ], [ -3, %._crit_edge17 ], [ -3, %._crit_edge25 ], [ 0, %0 ], [ -1, %4 ], [ -3, %5 ], [ -4, %6 ], [ -1, %8 ], [ -4, %11 ], [ -1, %13 ], [ -4, %17 ], [ -1, %19 ], [ -4, %24 ], [ -2, %25 ], [ -1, %26 ], [ -4, %32 ]" [extr_.opensslcryptoasn1a_utf8.c_UTF8_getc_with_main.c:100]   --->   Operation 241 'phi' 'p_0' <Predicate = true> <Delay = 0.00>
ST_18 : Operation 242 [1/1] (0.00ns)   --->   "%sext_ln102 = sext i4 %p_0 to i32" [extr_.opensslcryptoasn1a_utf8.c_UTF8_getc_with_main.c:102]   --->   Operation 242 'sext' 'sext_ln102' <Predicate = true> <Delay = 0.00>
ST_18 : Operation 243 [1/1] (0.00ns)   --->   "ret i32 %sext_ln102" [extr_.opensslcryptoasn1a_utf8.c_UTF8_getc_with_main.c:102]   --->   Operation 243 'ret' <Predicate = true> <Delay = 0.00>


============================================================
+ Verbose Summary: Timing violations
============================================================
Target clock period: 10ns, clock uncertainty: 1.25ns.

 <State 1>: 2.88ns
The critical path consists of the following:
	wire read on port 'len' (extr_.opensslcryptoasn1a_utf8.c_UTF8_getc_with_main.c:15) [7]  (0 ns)
	'icmp' operation ('icmp_ln20', extr_.opensslcryptoasn1a_utf8.c_UTF8_getc_with_main.c:20) [12]  (1.55 ns)
	multiplexor before 'phi' operation ('p_0', extr_.opensslcryptoasn1a_utf8.c_UTF8_getc_with_main.c:100) with incoming values : ('zext_ln100', extr_.opensslcryptoasn1a_utf8.c_UTF8_getc_with_main.c:100) [248]  (1.33 ns)

 <State 2>: 5.22ns
The critical path consists of the following:
	'load' operation ('str_load', extr_.opensslcryptoasn1a_utf8.c_UTF8_getc_with_main.c:25) on array 'str' [15]  (2.66 ns)
	'icmp' operation ('icmp_ln80', extr_.opensslcryptoasn1a_utf8.c_UTF8_getc_with_main.c:80) [45]  (1.22 ns)
	multiplexor before 'phi' operation ('p_0', extr_.opensslcryptoasn1a_utf8.c_UTF8_getc_with_main.c:100) with incoming values : ('zext_ln100', extr_.opensslcryptoasn1a_utf8.c_UTF8_getc_with_main.c:100) [248]  (1.33 ns)

 <State 3>: 3.89ns
The critical path consists of the following:
	'load' operation ('str_load_9', extr_.opensslcryptoasn1a_utf8.c_UTF8_getc_with_main.c:83) on array 'str' [52]  (2.66 ns)
	'icmp' operation ('icmp_ln83', extr_.opensslcryptoasn1a_utf8.c_UTF8_getc_with_main.c:83) [55]  (1.22 ns)

 <State 4>: 3.89ns
The critical path consists of the following:
	'load' operation ('str_load_11', extr_.opensslcryptoasn1a_utf8.c_UTF8_getc_with_main.c:83) on array 'str' [59]  (2.66 ns)
	'icmp' operation ('icmp_ln83_1', extr_.opensslcryptoasn1a_utf8.c_UTF8_getc_with_main.c:83) [62]  (1.22 ns)

 <State 5>: 3.89ns
The critical path consists of the following:
	'load' operation ('str_load_13', extr_.opensslcryptoasn1a_utf8.c_UTF8_getc_with_main.c:83) on array 'str' [66]  (2.66 ns)
	'icmp' operation ('icmp_ln83_2', extr_.opensslcryptoasn1a_utf8.c_UTF8_getc_with_main.c:83) [69]  (1.22 ns)

 <State 6>: 3.89ns
The critical path consists of the following:
	'load' operation ('str_load_14', extr_.opensslcryptoasn1a_utf8.c_UTF8_getc_with_main.c:83) on array 'str' [73]  (2.66 ns)
	'icmp' operation ('icmp_ln83_3', extr_.opensslcryptoasn1a_utf8.c_UTF8_getc_with_main.c:83) [76]  (1.22 ns)

 <State 7>: 6.66ns
The critical path consists of the following:
	'load' operation ('str_load_15', extr_.opensslcryptoasn1a_utf8.c_UTF8_getc_with_main.c:83) on array 'str' [80]  (2.66 ns)
	multiplexor before 'phi' operation ('value') with incoming values : ('value', extr_.opensslcryptoasn1a_utf8.c_UTF8_getc_with_main.c:26) ('value', extr_.opensslcryptoasn1a_utf8.c_UTF8_getc_with_main.c:94) ('value', extr_.opensslcryptoasn1a_utf8.c_UTF8_getc_with_main.c:76) ('value', extr_.opensslcryptoasn1a_utf8.c_UTF8_getc_with_main.c:60) ('value', extr_.opensslcryptoasn1a_utf8.c_UTF8_getc_with_main.c:46) ('value', extr_.opensslcryptoasn1a_utf8.c_UTF8_getc_with_main.c:34) [242]  (1.33 ns)
	'phi' operation ('value') with incoming values : ('value', extr_.opensslcryptoasn1a_utf8.c_UTF8_getc_with_main.c:26) ('value', extr_.opensslcryptoasn1a_utf8.c_UTF8_getc_with_main.c:94) ('value', extr_.opensslcryptoasn1a_utf8.c_UTF8_getc_with_main.c:76) ('value', extr_.opensslcryptoasn1a_utf8.c_UTF8_getc_with_main.c:60) ('value', extr_.opensslcryptoasn1a_utf8.c_UTF8_getc_with_main.c:46) ('value', extr_.opensslcryptoasn1a_utf8.c_UTF8_getc_with_main.c:34) [242]  (0 ns)
	'store' operation ('store_ln100', extr_.opensslcryptoasn1a_utf8.c_UTF8_getc_with_main.c:100) of variable 'value' on array 'val_r' [245]  (2.66 ns)

 <State 8>: 3.89ns
The critical path consists of the following:
	'load' operation ('str_load_6', extr_.opensslcryptoasn1a_utf8.c_UTF8_getc_with_main.c:67) on array 'str' [108]  (2.66 ns)
	'icmp' operation ('icmp_ln67', extr_.opensslcryptoasn1a_utf8.c_UTF8_getc_with_main.c:67) [111]  (1.22 ns)

 <State 9>: 3.89ns
The critical path consists of the following:
	'load' operation ('str_load_8', extr_.opensslcryptoasn1a_utf8.c_UTF8_getc_with_main.c:67) on array 'str' [115]  (2.66 ns)
	'icmp' operation ('icmp_ln67_1', extr_.opensslcryptoasn1a_utf8.c_UTF8_getc_with_main.c:67) [118]  (1.22 ns)

 <State 10>: 3.89ns
The critical path consists of the following:
	'load' operation ('str_load_10', extr_.opensslcryptoasn1a_utf8.c_UTF8_getc_with_main.c:67) on array 'str' [122]  (2.66 ns)
	'icmp' operation ('icmp_ln67_2', extr_.opensslcryptoasn1a_utf8.c_UTF8_getc_with_main.c:67) [125]  (1.22 ns)

 <State 11>: 3.89ns
The critical path consists of the following:
	'load' operation ('str_load_12', extr_.opensslcryptoasn1a_utf8.c_UTF8_getc_with_main.c:67) on array 'str' [129]  (2.66 ns)
	'icmp' operation ('icmp_ln67_3', extr_.opensslcryptoasn1a_utf8.c_UTF8_getc_with_main.c:67) [132]  (1.22 ns)

 <State 12>: 3.89ns
The critical path consists of the following:
	'load' operation ('str_load_4', extr_.opensslcryptoasn1a_utf8.c_UTF8_getc_with_main.c:53) on array 'str' [157]  (2.66 ns)
	'icmp' operation ('icmp_ln53', extr_.opensslcryptoasn1a_utf8.c_UTF8_getc_with_main.c:53) [160]  (1.22 ns)

 <State 13>: 3.89ns
The critical path consists of the following:
	'load' operation ('str_load_5', extr_.opensslcryptoasn1a_utf8.c_UTF8_getc_with_main.c:53) on array 'str' [164]  (2.66 ns)
	'icmp' operation ('icmp_ln53_1', extr_.opensslcryptoasn1a_utf8.c_UTF8_getc_with_main.c:53) [167]  (1.22 ns)

 <State 14>: 3.89ns
The critical path consists of the following:
	'load' operation ('str_load_7', extr_.opensslcryptoasn1a_utf8.c_UTF8_getc_with_main.c:53) on array 'str' [171]  (2.66 ns)
	'icmp' operation ('icmp_ln53_2', extr_.opensslcryptoasn1a_utf8.c_UTF8_getc_with_main.c:53) [174]  (1.22 ns)

 <State 15>: 3.89ns
The critical path consists of the following:
	'load' operation ('str_load_2', extr_.opensslcryptoasn1a_utf8.c_UTF8_getc_with_main.c:41) on array 'str' [198]  (2.66 ns)
	'icmp' operation ('icmp_ln41', extr_.opensslcryptoasn1a_utf8.c_UTF8_getc_with_main.c:41) [201]  (1.22 ns)

 <State 16>: 3.89ns
The critical path consists of the following:
	'load' operation ('str_load_3', extr_.opensslcryptoasn1a_utf8.c_UTF8_getc_with_main.c:41) on array 'str' [205]  (2.66 ns)
	'icmp' operation ('icmp_ln41_1', extr_.opensslcryptoasn1a_utf8.c_UTF8_getc_with_main.c:41) [208]  (1.22 ns)

 <State 17>: 5.22ns
The critical path consists of the following:
	'load' operation ('str_load_1', extr_.opensslcryptoasn1a_utf8.c_UTF8_getc_with_main.c:31) on array 'str' [228]  (2.66 ns)
	'icmp' operation ('icmp_ln31', extr_.opensslcryptoasn1a_utf8.c_UTF8_getc_with_main.c:31) [231]  (1.22 ns)
	multiplexor before 'phi' operation ('p_0', extr_.opensslcryptoasn1a_utf8.c_UTF8_getc_with_main.c:100) with incoming values : ('zext_ln100', extr_.opensslcryptoasn1a_utf8.c_UTF8_getc_with_main.c:100) [248]  (1.33 ns)

 <State 18>: 0ns
The critical path consists of the following:


============================================================
+ Verbose Summary: Binding
============================================================
N/A
* FSMD analyzer results:
  - Output states:
 - Input state : 
  - Chain level:
	State 1
	State 2
	State 3
	State 4
	State 5
	State 6
	State 7
	State 8
	State 9
	State 10
	State 11
	State 12
	State 13
	State 14
	State 15
	State 16
	State 17
	State 18


============================================================
+ Verbose Summary: Datapath Resource usage 
============================================================
N/A
