

================================================================
== Vivado HLS Report for 'v4l2_detect_cvt'
================================================================
* Date:           Wed Apr  1 05:04:41 2020

* Version:        2019.1 (Build 2552052 on Fri May 24 15:28:33 MDT 2019)
* Project:        proj_extr_.linuxdriversmediav4l2-corev4l2-dv-timings.c_v4l2_detect_cvt_with_main.c
* Solution:       sol
* Product family: kintex7
* Target device:  xc7k160t-fbg484-1


================================================================
== Performance Estimates
================================================================
+ Timing (ns): 
    * Summary: 
    +--------+-------+----------+------------+
    |  Clock | Target| Estimated| Uncertainty|
    +--------+-------+----------+------------+
    |ap_clk  |  10.00|     6.853|        1.25|
    +--------+-------+----------+------------+

+ Latency (clock cycles): 
    * Summary: 
    +-----+-----+-----+-----+---------+
    |  Latency  |  Interval | Pipeline|
    | min | max | min | max |   Type  |
    +-----+-----+-----+-----+---------+
    |    1|    2|    1|    2|   none  |
    +-----+-----+-----+-----+---------+

    + Detail: 
        * Instance: 
        N/A

        * Loop: 
        N/A

============================================================
+ Verbose Summary: Synthesis Manager
============================================================
InlineROM: 1
ExposeGlobal: 0
============================================================
+ Verbose Summary: CDFG Model
============================================================
IsTopModel: 1
ResetActiveHigh: 1
IsCombinational: 0
IsDatapathOnly: 0
HasWiredReturn: 1
HasMFsm: 0
HasVarLatency: 1
IsPipeline: 0
IsRtlPipelined: 0
IsInstanceOverlapped: 0
IsDontTouch: 0
HasImplIP: 0
IsGatedGlobalClock: 0


============================================================
+ Verbose Summary: Schedule
============================================================
* Number of FSM states : 4
* Pipeline : 0
* Dataflow Pipeline: 0

* FSM state transitions: 
1 --> 4 2 3 
2 --> 4 
3 --> 4 
4 --> 

* FSM state operations: 

State 1 <SV = 0> <Delay = 6.85>
ST_1 : Operation 5 [1/1] (0.00ns)   --->   "call void (...)* @_ssdm_op_SpecBitsMap(i32 %frame_height), !map !140"   --->   Operation 5 'specbitsmap' <Predicate = true> <Delay = 0.00>
ST_1 : Operation 6 [1/1] (0.00ns)   --->   "call void (...)* @_ssdm_op_SpecBitsMap(i32 %hfreq), !map !146"   --->   Operation 6 'specbitsmap' <Predicate = true> <Delay = 0.00>
ST_1 : Operation 7 [1/1] (0.00ns)   --->   "call void (...)* @_ssdm_op_SpecBitsMap(i32 %vsync), !map !150"   --->   Operation 7 'specbitsmap' <Predicate = true> <Delay = 0.00>
ST_1 : Operation 8 [1/1] (0.00ns)   --->   "call void (...)* @_ssdm_op_SpecBitsMap(i32 %active_width), !map !154"   --->   Operation 8 'specbitsmap' <Predicate = true> <Delay = 0.00>
ST_1 : Operation 9 [1/1] (0.00ns)   --->   "call void (...)* @_ssdm_op_SpecBitsMap(i32 %polarities), !map !158"   --->   Operation 9 'specbitsmap' <Predicate = true> <Delay = 0.00>
ST_1 : Operation 10 [1/1] (0.00ns)   --->   "call void (...)* @_ssdm_op_SpecBitsMap(i32 %interlaced), !map !162"   --->   Operation 10 'specbitsmap' <Predicate = true> <Delay = 0.00>
ST_1 : Operation 11 [1/1] (0.00ns)   --->   "call void (...)* @_ssdm_op_SpecBitsMap(i32* %fmt_bt_width), !map !166"   --->   Operation 11 'specbitsmap' <Predicate = true> <Delay = 0.00>
ST_1 : Operation 12 [1/1] (0.00ns)   --->   "call void (...)* @_ssdm_op_SpecBitsMap(i32* %fmt_bt_height), !map !170"   --->   Operation 12 'specbitsmap' <Predicate = true> <Delay = 0.00>
ST_1 : Operation 13 [1/1] (0.00ns)   --->   "call void (...)* @_ssdm_op_SpecBitsMap(i32* %fmt_bt_hfrontporch), !map !174"   --->   Operation 13 'specbitsmap' <Predicate = true> <Delay = 0.00>
ST_1 : Operation 14 [1/1] (0.00ns)   --->   "call void (...)* @_ssdm_op_SpecBitsMap(i32* %fmt_bt_vfrontporch), !map !178"   --->   Operation 14 'specbitsmap' <Predicate = true> <Delay = 0.00>
ST_1 : Operation 15 [1/1] (0.00ns)   --->   "call void (...)* @_ssdm_op_SpecBitsMap(i32* %fmt_bt_hsync), !map !182"   --->   Operation 15 'specbitsmap' <Predicate = true> <Delay = 0.00>
ST_1 : Operation 16 [1/1] (0.00ns)   --->   "call void (...)* @_ssdm_op_SpecBitsMap(i32* %fmt_bt_vsync), !map !186"   --->   Operation 16 'specbitsmap' <Predicate = true> <Delay = 0.00>
ST_1 : Operation 17 [1/1] (0.00ns)   --->   "call void (...)* @_ssdm_op_SpecBitsMap(i32* %fmt_bt_hbackporch), !map !190"   --->   Operation 17 'specbitsmap' <Predicate = true> <Delay = 0.00>
ST_1 : Operation 18 [1/1] (0.00ns)   --->   "call void (...)* @_ssdm_op_SpecBitsMap(i32* %fmt_bt_vbackporch), !map !194"   --->   Operation 18 'specbitsmap' <Predicate = true> <Delay = 0.00>
ST_1 : Operation 19 [1/1] (0.00ns)   --->   "call void (...)* @_ssdm_op_SpecBitsMap(i32* %fmt_bt_il_vbackporch), !map !198"   --->   Operation 19 'specbitsmap' <Predicate = true> <Delay = 0.00>
ST_1 : Operation 20 [1/1] (0.00ns)   --->   "call void (...)* @_ssdm_op_SpecBitsMap(i32* %fmt_bt_il_vfrontporch), !map !202"   --->   Operation 20 'specbitsmap' <Predicate = true> <Delay = 0.00>
ST_1 : Operation 21 [1/1] (0.00ns)   --->   "call void (...)* @_ssdm_op_SpecBitsMap(i32* %fmt_bt_il_vsync), !map !206"   --->   Operation 21 'specbitsmap' <Predicate = true> <Delay = 0.00>
ST_1 : Operation 22 [1/1] (0.00ns)   --->   "call void (...)* @_ssdm_op_SpecBitsMap(i32* %fmt_bt_pixelclock), !map !210"   --->   Operation 22 'specbitsmap' <Predicate = true> <Delay = 0.00>
ST_1 : Operation 23 [1/1] (0.00ns)   --->   "call void (...)* @_ssdm_op_SpecBitsMap(i32* %fmt_bt_flags), !map !214"   --->   Operation 23 'specbitsmap' <Predicate = true> <Delay = 0.00>
ST_1 : Operation 24 [1/1] (0.00ns)   --->   "call void (...)* @_ssdm_op_SpecBitsMap(i32* %fmt_bt_standards), !map !218"   --->   Operation 24 'specbitsmap' <Predicate = true> <Delay = 0.00>
ST_1 : Operation 25 [1/1] (0.00ns)   --->   "call void (...)* @_ssdm_op_SpecBitsMap(i32* %fmt_bt_interlaced), !map !222"   --->   Operation 25 'specbitsmap' <Predicate = true> <Delay = 0.00>
ST_1 : Operation 26 [1/1] (0.00ns)   --->   "call void (...)* @_ssdm_op_SpecBitsMap(i32* %fmt_bt_polarities), !map !226"   --->   Operation 26 'specbitsmap' <Predicate = true> <Delay = 0.00>
ST_1 : Operation 27 [1/1] (0.00ns)   --->   "call void (...)* @_ssdm_op_SpecBitsMap(i32* %fmt_type), !map !230"   --->   Operation 27 'specbitsmap' <Predicate = true> <Delay = 0.00>
ST_1 : Operation 28 [1/1] (0.00ns)   --->   "call void (...)* @_ssdm_op_SpecBitsMap(i32 0) nounwind, !map !234"   --->   Operation 28 'specbitsmap' <Predicate = true> <Delay = 0.00>
ST_1 : Operation 29 [1/1] (0.00ns)   --->   "call void (...)* @_ssdm_op_SpecTopModule([16 x i8]* @v4l2_detect_cvt_str) nounwind"   --->   Operation 29 'spectopmodule' <Predicate = true> <Delay = 0.00>
ST_1 : Operation 30 [1/1] (0.00ns)   --->   "%interlaced_read = call i32 @_ssdm_op_Read.ap_auto.i32(i32 %interlaced)" [extr_.linuxdriversmediav4l2-corev4l2-dv-timings.c_v4l2_detect_cvt_with_main.c:44]   --->   Operation 30 'read' 'interlaced_read' <Predicate = true> <Delay = 0.00>
ST_1 : Operation 31 [1/1] (0.00ns)   --->   "%polarities_read = call i32 @_ssdm_op_Read.ap_auto.i32(i32 %polarities)" [extr_.linuxdriversmediav4l2-corev4l2-dv-timings.c_v4l2_detect_cvt_with_main.c:44]   --->   Operation 31 'read' 'polarities_read' <Predicate = true> <Delay = 0.00>
ST_1 : Operation 32 [1/1] (0.00ns)   --->   "%active_width_read = call i32 @_ssdm_op_Read.ap_auto.i32(i32 %active_width)" [extr_.linuxdriversmediav4l2-corev4l2-dv-timings.c_v4l2_detect_cvt_with_main.c:44]   --->   Operation 32 'read' 'active_width_read' <Predicate = true> <Delay = 0.00>
ST_1 : Operation 33 [1/1] (0.00ns)   --->   "%vsync_read = call i32 @_ssdm_op_Read.ap_auto.i32(i32 %vsync)" [extr_.linuxdriversmediav4l2-corev4l2-dv-timings.c_v4l2_detect_cvt_with_main.c:44]   --->   Operation 33 'read' 'vsync_read' <Predicate = true> <Delay = 0.00>
ST_1 : Operation 34 [1/1] (0.00ns)   --->   "%hfreq_read = call i32 @_ssdm_op_Read.ap_auto.i32(i32 %hfreq)" [extr_.linuxdriversmediav4l2-corev4l2-dv-timings.c_v4l2_detect_cvt_with_main.c:44]   --->   Operation 34 'read' 'hfreq_read' <Predicate = true> <Delay = 0.00>
ST_1 : Operation 35 [1/1] (0.00ns)   --->   "%frame_height_read = call i32 @_ssdm_op_Read.ap_auto.i32(i32 %frame_height)" [extr_.linuxdriversmediav4l2-corev4l2-dv-timings.c_v4l2_detect_cvt_with_main.c:44]   --->   Operation 35 'read' 'frame_height_read' <Predicate = true> <Delay = 0.00>
ST_1 : Operation 36 [1/1] (0.00ns)   --->   "%tmp = call i30 @_ssdm_op_PartSelect.i30.i32.i32.i32(i32 %vsync_read, i32 2, i32 31)" [extr_.linuxdriversmediav4l2-corev4l2-dv-timings.c_v4l2_detect_cvt_with_main.c:58]   --->   Operation 36 'partselect' 'tmp' <Predicate = true> <Delay = 0.00>
ST_1 : Operation 37 [1/1] (1.54ns)   --->   "%icmp_ln58 = icmp ne i30 %tmp, 0" [extr_.linuxdriversmediav4l2-corev4l2-dv-timings.c_v4l2_detect_cvt_with_main.c:58]   --->   Operation 37 'icmp' 'icmp_ln58' <Predicate = true> <Delay = 1.54> <Core = "Cmp">   --->   Core 25 'Cmp' <Latency = 0> <II = 1> <Delay = 1.54> <FuncUnit> <Opcode : 'icmp'> <InPorts = 2> <OutPorts = 1>
ST_1 : Operation 38 [1/1] (1.54ns)   --->   "%icmp_ln58_1 = icmp ult i32 %vsync_read, 9" [extr_.linuxdriversmediav4l2-corev4l2-dv-timings.c_v4l2_detect_cvt_with_main.c:58]   --->   Operation 38 'icmp' 'icmp_ln58_1' <Predicate = true> <Delay = 1.54> <Core = "Cmp">   --->   Core 25 'Cmp' <Latency = 0> <II = 1> <Delay = 1.54> <FuncUnit> <Opcode : 'icmp'> <InPorts = 2> <OutPorts = 1>
ST_1 : Operation 39 [1/1] (1.54ns)   --->   "%icmp_ln61 = icmp eq i32 %polarities_read, 0" [extr_.linuxdriversmediav4l2-corev4l2-dv-timings.c_v4l2_detect_cvt_with_main.c:61]   --->   Operation 39 'icmp' 'icmp_ln61' <Predicate = true> <Delay = 1.54> <Core = "Cmp">   --->   Core 25 'Cmp' <Latency = 0> <II = 1> <Delay = 1.54> <FuncUnit> <Opcode : 'icmp'> <InPorts = 2> <OutPorts = 1>
ST_1 : Operation 40 [1/1] (0.00ns) (grouped into LUT with out node and_ln61)   --->   "%and_ln61_1 = and i1 %icmp_ln58, %icmp_ln61" [extr_.linuxdriversmediav4l2-corev4l2-dv-timings.c_v4l2_detect_cvt_with_main.c:61]   --->   Operation 40 'and' 'and_ln61_1' <Predicate = true> <Delay = 0.00> <Core = "LogicGate">   --->   Core 27 'LogicGate' <Latency = 0> <II = 1> <Delay = 0.61> <FuncUnit> <Opcode : 'and' 'or' 'xor'> <InPorts = 2> <OutPorts = 1>
ST_1 : Operation 41 [1/1] (0.61ns) (out node of the LUT)   --->   "%and_ln61 = and i1 %and_ln61_1, %icmp_ln58_1" [extr_.linuxdriversmediav4l2-corev4l2-dv-timings.c_v4l2_detect_cvt_with_main.c:61]   --->   Operation 41 'and' 'and_ln61' <Predicate = true> <Delay = 0.61> <Core = "LogicGate">   --->   Core 27 'LogicGate' <Latency = 0> <II = 1> <Delay = 0.61> <FuncUnit> <Opcode : 'and' 'or' 'xor'> <InPorts = 2> <OutPorts = 1>
ST_1 : Operation 42 [1/1] (1.06ns)   --->   "br i1 %and_ln61, label %._crit_edge27, label %._crit_edge" [extr_.linuxdriversmediav4l2-corev4l2-dv-timings.c_v4l2_detect_cvt_with_main.c:58]   --->   Operation 42 'br' <Predicate = true> <Delay = 1.06>
ST_1 : Operation 43 [1/1] (0.00ns)   --->   "%tmp_3 = call i29 @_ssdm_op_PartSelect.i29.i32.i32.i32(i32 %vsync_read, i32 3, i32 31)" [extr_.linuxdriversmediav4l2-corev4l2-dv-timings.c_v4l2_detect_cvt_with_main.c:74]   --->   Operation 43 'partselect' 'tmp_3' <Predicate = (and_ln61)> <Delay = 0.00>
ST_1 : Operation 44 [1/1] (1.53ns)   --->   "%icmp_ln74 = icmp ne i29 %tmp_3, 0" [extr_.linuxdriversmediav4l2-corev4l2-dv-timings.c_v4l2_detect_cvt_with_main.c:74]   --->   Operation 44 'icmp' 'icmp_ln74' <Predicate = (and_ln61)> <Delay = 1.53> <Core = "Cmp">   --->   Core 25 'Cmp' <Latency = 0> <II = 1> <Delay = 1.54> <FuncUnit> <Opcode : 'icmp'> <InPorts = 2> <OutPorts = 1>
ST_1 : Operation 45 [1/1] (1.54ns)   --->   "%icmp_ln77 = icmp eq i32 %hfreq_read, 0" [extr_.linuxdriversmediav4l2-corev4l2-dv-timings.c_v4l2_detect_cvt_with_main.c:77]   --->   Operation 45 'icmp' 'icmp_ln77' <Predicate = (and_ln61)> <Delay = 1.54> <Core = "Cmp">   --->   Core 25 'Cmp' <Latency = 0> <II = 1> <Delay = 1.54> <FuncUnit> <Opcode : 'icmp'> <InPorts = 2> <OutPorts = 1>
ST_1 : Operation 46 [1/1] (0.61ns)   --->   "%or_ln77 = or i1 %icmp_ln74, %icmp_ln77" [extr_.linuxdriversmediav4l2-corev4l2-dv-timings.c_v4l2_detect_cvt_with_main.c:77]   --->   Operation 46 'or' 'or_ln77' <Predicate = (and_ln61)> <Delay = 0.61> <Core = "LogicGate">   --->   Core 27 'LogicGate' <Latency = 0> <II = 1> <Delay = 0.61> <FuncUnit> <Opcode : 'and' 'or' 'xor'> <InPorts = 2> <OutPorts = 1>
ST_1 : Operation 47 [1/1] (1.06ns)   --->   "br i1 %or_ln77, label %._crit_edge, label %_ifconv" [extr_.linuxdriversmediav4l2-corev4l2-dv-timings.c_v4l2_detect_cvt_with_main.c:74]   --->   Operation 47 'br' <Predicate = (and_ln61)> <Delay = 1.06>
ST_1 : Operation 48 [1/1] (1.78ns)   --->   "%v_bp = sub i32 1, %vsync_read" [extr_.linuxdriversmediav4l2-corev4l2-dv-timings.c_v4l2_detect_cvt_with_main.c:99]   --->   Operation 48 'sub' 'v_bp' <Predicate = (and_ln61 & !or_ln77)> <Delay = 1.78> <Core = "AddSub">   --->   Core 14 'AddSub' <Latency = 0> <II = 1> <Delay = 1.78> <FuncUnit> <Opcode : 'add' 'sub'> <InPorts = 2> <OutPorts = 1>
ST_1 : Operation 49 [1/1] (0.00ns) (grouped into LUT with out node and_ln101)   --->   "%trunc_ln99 = trunc i32 %v_bp to i1" [extr_.linuxdriversmediav4l2-corev4l2-dv-timings.c_v4l2_detect_cvt_with_main.c:99]   --->   Operation 49 'trunc' 'trunc_ln99' <Predicate = (and_ln61 & !or_ln77)> <Delay = 0.00>
ST_1 : Operation 50 [1/1] (0.00ns) (grouped into LUT with out node and_ln101)   --->   "%tmp_6 = call i1 @_ssdm_op_BitSelect.i1.i32.i32(i32 %v_bp, i32 3)" [extr_.linuxdriversmediav4l2-corev4l2-dv-timings.c_v4l2_detect_cvt_with_main.c:101]   --->   Operation 50 'bitselect' 'tmp_6' <Predicate = (and_ln61 & !or_ln77)> <Delay = 0.00>
ST_1 : Operation 51 [1/1] (0.00ns) (grouped into LUT with out node and_ln101)   --->   "%xor_ln101 = xor i1 %tmp_6, true" [extr_.linuxdriversmediav4l2-corev4l2-dv-timings.c_v4l2_detect_cvt_with_main.c:101]   --->   Operation 51 'xor' 'xor_ln101' <Predicate = (and_ln61 & !or_ln77)> <Delay = 0.00> <Core = "LogicGate">   --->   Core 27 'LogicGate' <Latency = 0> <II = 1> <Delay = 0.61> <FuncUnit> <Opcode : 'and' 'or' 'xor'> <InPorts = 2> <OutPorts = 1>
ST_1 : Operation 52 [1/1] (0.61ns) (out node of the LUT)   --->   "%and_ln101 = and i1 %trunc_ln99, %xor_ln101" [extr_.linuxdriversmediav4l2-corev4l2-dv-timings.c_v4l2_detect_cvt_with_main.c:101]   --->   Operation 52 'and' 'and_ln101' <Predicate = (and_ln61 & !or_ln77)> <Delay = 0.61> <Core = "LogicGate">   --->   Core 27 'LogicGate' <Latency = 0> <II = 1> <Delay = 0.61> <FuncUnit> <Opcode : 'and' 'or' 'xor'> <InPorts = 2> <OutPorts = 1>
ST_1 : Operation 53 [1/1] (0.00ns)   --->   "%zext_ln101 = zext i1 %and_ln101 to i32" [extr_.linuxdriversmediav4l2-corev4l2-dv-timings.c_v4l2_detect_cvt_with_main.c:101]   --->   Operation 53 'zext' 'zext_ln101' <Predicate = (and_ln61 & !or_ln77)> <Delay = 0.00>
ST_1 : Operation 54 [1/1] (1.54ns)   --->   "%icmp_ln105 = icmp eq i32 %interlaced_read, 0" [extr_.linuxdriversmediav4l2-corev4l2-dv-timings.c_v4l2_detect_cvt_with_main.c:105]   --->   Operation 54 'icmp' 'icmp_ln105' <Predicate = (and_ln61 & !or_ln77)> <Delay = 1.54> <Core = "Cmp">   --->   Core 25 'Cmp' <Latency = 0> <II = 1> <Delay = 1.54> <FuncUnit> <Opcode : 'icmp'> <InPorts = 2> <OutPorts = 1>
ST_1 : Operation 55 [1/1] (1.78ns)   --->   "%add_ln108 = add i32 1, %frame_height_read" [extr_.linuxdriversmediav4l2-corev4l2-dv-timings.c_v4l2_detect_cvt_with_main.c:108]   --->   Operation 55 'add' 'add_ln108' <Predicate = (and_ln61 & !or_ln77)> <Delay = 1.78> <Core = "AddSub">   --->   Core 14 'AddSub' <Latency = 0> <II = 1> <Delay = 1.78> <FuncUnit> <Opcode : 'add' 'sub'> <InPorts = 2> <OutPorts = 1>
ST_1 : Operation 56 [1/1] (0.00ns) (grouped into TernaryAdder)   --->   "%sub_ln108 = sub i32 %add_ln108, %vsync_read" [extr_.linuxdriversmediav4l2-corev4l2-dv-timings.c_v4l2_detect_cvt_with_main.c:108]   --->   Operation 56 'sub' 'sub_ln108' <Predicate = (and_ln61 & !or_ln77)> <Delay = 0.00> <Core = "TAddSub">   --->   Core 83 'TAddSub' <Latency = 0> <II = 1> <Delay = 1.38> <IPBlock> <Opcode : 'add' 'sub'> <InPorts = 3> <OutPorts = 1> <Sync> <CReg>
ST_1 : Operation 57 [1/1] (2.77ns) (root node of TernaryAdder)   --->   "%sub_ln108_1 = sub i32 %sub_ln108, %zext_ln101" [extr_.linuxdriversmediav4l2-corev4l2-dv-timings.c_v4l2_detect_cvt_with_main.c:108]   --->   Operation 57 'sub' 'sub_ln108_1' <Predicate = (and_ln61 & !or_ln77)> <Delay = 2.77> <Core = "TAddSub">   --->   Core 83 'TAddSub' <Latency = 0> <II = 1> <Delay = 1.38> <IPBlock> <Opcode : 'add' 'sub'> <InPorts = 3> <OutPorts = 1> <Sync> <CReg>
ST_1 : Operation 58 [1/1] (0.00ns)   --->   "%trunc_ln106 = trunc i32 %vsync_read to i3" [extr_.linuxdriversmediav4l2-corev4l2-dv-timings.c_v4l2_detect_cvt_with_main.c:106]   --->   Operation 58 'trunc' 'trunc_ln106' <Predicate = (and_ln61 & !or_ln77)> <Delay = 0.00>
ST_1 : Operation 59 [1/1] (0.00ns)   --->   "%shl_ln = call i4 @_ssdm_op_BitConcatenate.i4.i3.i1(i3 %trunc_ln106, i1 false)" [extr_.linuxdriversmediav4l2-corev4l2-dv-timings.c_v4l2_detect_cvt_with_main.c:106]   --->   Operation 59 'bitconcatenate' 'shl_ln' <Predicate = (and_ln61 & !or_ln77)> <Delay = 0.00>
ST_1 : Operation 60 [1/1] (0.00ns)   --->   "%zext_ln106 = zext i4 %shl_ln to i32" [extr_.linuxdriversmediav4l2-corev4l2-dv-timings.c_v4l2_detect_cvt_with_main.c:106]   --->   Operation 60 'zext' 'zext_ln106' <Predicate = (and_ln61 & !or_ln77)> <Delay = 0.00>
ST_1 : Operation 61 [1/1] (0.00ns)   --->   "%shl_ln106_1 = call i2 @_ssdm_op_BitConcatenate.i2.i1.i1(i1 %and_ln101, i1 false)" [extr_.linuxdriversmediav4l2-corev4l2-dv-timings.c_v4l2_detect_cvt_with_main.c:106]   --->   Operation 61 'bitconcatenate' 'shl_ln106_1' <Predicate = (and_ln61 & !or_ln77)> <Delay = 0.00>
ST_1 : Operation 62 [1/1] (0.00ns)   --->   "%zext_ln106_1 = zext i2 %shl_ln106_1 to i32" [extr_.linuxdriversmediav4l2-corev4l2-dv-timings.c_v4l2_detect_cvt_with_main.c:106]   --->   Operation 62 'zext' 'zext_ln106_1' <Predicate = (and_ln61 & !or_ln77)> <Delay = 0.00>
ST_1 : Operation 63 [1/1] (1.78ns)   --->   "%sub_ln106 = sub i32 %frame_height_read, %zext_ln106" [extr_.linuxdriversmediav4l2-corev4l2-dv-timings.c_v4l2_detect_cvt_with_main.c:106]   --->   Operation 63 'sub' 'sub_ln106' <Predicate = (and_ln61 & !or_ln77)> <Delay = 1.78> <Core = "AddSub">   --->   Core 14 'AddSub' <Latency = 0> <II = 1> <Delay = 1.78> <FuncUnit> <Opcode : 'add' 'sub'> <InPorts = 2> <OutPorts = 1>
ST_1 : Operation 64 [1/1] (1.78ns)   --->   "%sub_ln106_1 = sub i32 %sub_ln106, %zext_ln106_1" [extr_.linuxdriversmediav4l2-corev4l2-dv-timings.c_v4l2_detect_cvt_with_main.c:106]   --->   Operation 64 'sub' 'sub_ln106_1' <Predicate = (and_ln61 & !or_ln77)> <Delay = 1.78> <Core = "AddSub">   --->   Core 14 'AddSub' <Latency = 0> <II = 1> <Delay = 1.78> <FuncUnit> <Opcode : 'add' 'sub'> <InPorts = 2> <OutPorts = 1>
ST_1 : Operation 65 [1/1] (0.00ns)   --->   "%tmp_1 = call i31 @_ssdm_op_PartSelect.i31.i32.i32.i32(i32 %sub_ln108_1, i32 1, i32 31)" [extr_.linuxdriversmediav4l2-corev4l2-dv-timings.c_v4l2_detect_cvt_with_main.c:106]   --->   Operation 65 'partselect' 'tmp_1' <Predicate = (and_ln61 & !or_ln77)> <Delay = 0.00>
ST_1 : Operation 66 [1/1] (0.00ns)   --->   "%tmp_2 = call i31 @_ssdm_op_PartSelect.i31.i32.i32.i32(i32 %sub_ln106_1, i32 1, i32 31)" [extr_.linuxdriversmediav4l2-corev4l2-dv-timings.c_v4l2_detect_cvt_with_main.c:106]   --->   Operation 66 'partselect' 'tmp_2' <Predicate = (and_ln61 & !or_ln77)> <Delay = 0.00>
ST_1 : Operation 67 [1/1] (0.61ns)   --->   "%select_ln105 = select i1 %icmp_ln105, i31 %tmp_1, i31 %tmp_2" [extr_.linuxdriversmediav4l2-corev4l2-dv-timings.c_v4l2_detect_cvt_with_main.c:105]   --->   Operation 67 'select' 'select_ln105' <Predicate = (and_ln61 & !or_ln77)> <Delay = 0.61> <Core = "Sel">   --->   Core 26 'Sel' <Latency = 0> <II = 1> <Delay = 0.63> <FuncUnit> <Opcode : 'select'> <InPorts = 3> <OutPorts = 1>
ST_1 : Operation 68 [1/1] (0.00ns)   --->   "%image_height = call i32 @_ssdm_op_BitConcatenate.i32.i31.i1(i31 %select_ln105, i1 false)" [extr_.linuxdriversmediav4l2-corev4l2-dv-timings.c_v4l2_detect_cvt_with_main.c:106]   --->   Operation 68 'bitconcatenate' 'image_height' <Predicate = (and_ln61 & !or_ln77)> <Delay = 0.00>
ST_1 : Operation 69 [1/1] (0.00ns)   --->   "%tmp_9 = call i1 @_ssdm_op_BitSelect.i1.i31.i32(i31 %select_ln105, i32 30)" [extr_.linuxdriversmediav4l2-corev4l2-dv-timings.c_v4l2_detect_cvt_with_main.c:110]   --->   Operation 69 'bitselect' 'tmp_9' <Predicate = (and_ln61 & !or_ln77)> <Delay = 0.00>
ST_1 : Operation 70 [1/1] (1.06ns)   --->   "br i1 %tmp_9, label %._crit_edge, label %1" [extr_.linuxdriversmediav4l2-corev4l2-dv-timings.c_v4l2_detect_cvt_with_main.c:110]   --->   Operation 70 'br' <Predicate = (and_ln61 & !or_ln77)> <Delay = 1.06>
ST_1 : Operation 71 [1/1] (1.26ns)   --->   "switch i32 %vsync_read, label %._crit_edge [
    i32 4, label %2
    i32 5, label %3
    i32 6, label %4
    i32 7, label %5
    i32 8, label %._crit_edge34
  ]" [extr_.linuxdriversmediav4l2-corev4l2-dv-timings.c_v4l2_detect_cvt_with_main.c:114]   --->   Operation 71 'switch' <Predicate = (and_ln61 & !or_ln77 & !tmp_9)> <Delay = 1.26>

State 2 <SV = 1> <Delay = 3.42>
ST_2 : Operation 72 [1/1] (1.54ns)   --->   "%empty = icmp eq i32 %image_height, 1024" [extr_.linuxdriversmediav4l2-corev4l2-dv-timings.c_v4l2_detect_cvt_with_main.c:106]   --->   Operation 72 'icmp' 'empty' <Predicate = true> <Delay = 1.54> <Core = "Cmp">   --->   Core 25 'Cmp' <Latency = 0> <II = 1> <Delay = 1.54> <FuncUnit> <Opcode : 'icmp'> <InPorts = 2> <OutPorts = 1>
ST_2 : Operation 73 [1/1] (1.54ns)   --->   "%empty_6 = icmp eq i32 %image_height, 768" [extr_.linuxdriversmediav4l2-corev4l2-dv-timings.c_v4l2_detect_cvt_with_main.c:106]   --->   Operation 73 'icmp' 'empty_6' <Predicate = true> <Delay = 1.54> <Core = "Cmp">   --->   Core 25 'Cmp' <Latency = 0> <II = 1> <Delay = 1.54> <FuncUnit> <Opcode : 'icmp'> <InPorts = 2> <OutPorts = 1>
ST_2 : Operation 74 [1/1] (0.61ns)   --->   "%empty_7 = or i1 %empty_6, %empty" [extr_.linuxdriversmediav4l2-corev4l2-dv-timings.c_v4l2_detect_cvt_with_main.c:106]   --->   Operation 74 'or' 'empty_7' <Predicate = true> <Delay = 0.61> <Core = "LogicGate">   --->   Core 27 'LogicGate' <Latency = 0> <II = 1> <Delay = 0.61> <FuncUnit> <Opcode : 'and' 'or' 'xor'> <InPorts = 2> <OutPorts = 1>
ST_2 : Operation 75 [1/1] (1.26ns)   --->   "br i1 %empty_7, label %._crit_edge34, label %._crit_edge" [extr_.linuxdriversmediav4l2-corev4l2-dv-timings.c_v4l2_detect_cvt_with_main.c:106]   --->   Operation 75 'br' <Predicate = true> <Delay = 1.26>

State 3 <SV = 1> <Delay = 6.59>
ST_3 : Operation 76 [1/1] (0.00ns)   --->   "%trunc_ln122 = trunc i31 %select_ln105 to i27" [extr_.linuxdriversmediav4l2-corev4l2-dv-timings.c_v4l2_detect_cvt_with_main.c:122]   --->   Operation 76 'trunc' 'trunc_ln122' <Predicate = (vsync_read == 6)> <Delay = 0.00>
ST_3 : Operation 77 [1/1] (0.00ns)   --->   "%shl_ln3 = call i32 @_ssdm_op_BitConcatenate.i32.i27.i5(i27 %trunc_ln122, i5 0)" [extr_.linuxdriversmediav4l2-corev4l2-dv-timings.c_v4l2_detect_cvt_with_main.c:122]   --->   Operation 77 'bitconcatenate' 'shl_ln3' <Predicate = (vsync_read == 6)> <Delay = 0.00>
ST_3 : Operation 78 [1/1] (0.00ns)   --->   "%sext_ln122 = sext i32 %shl_ln3 to i65" [extr_.linuxdriversmediav4l2-corev4l2-dv-timings.c_v4l2_detect_cvt_with_main.c:122]   --->   Operation 78 'sext' 'sext_ln122' <Predicate = (vsync_read == 6)> <Delay = 0.00>
ST_3 : Operation 79 [1/1] (6.59ns)   --->   "%mul_ln122 = mul i65 %sext_ln122, 6871947674" [extr_.linuxdriversmediav4l2-corev4l2-dv-timings.c_v4l2_detect_cvt_with_main.c:122]   --->   Operation 79 'mul' 'mul_ln122' <Predicate = (vsync_read == 6)> <Delay = 6.59> <Core = "Mul">   --->   Core 16 'Mul' <Latency = 0> <II = 1> <Delay = 6.59> <FuncUnit> <Opcode : 'mul'> <InPorts = 2> <OutPorts = 1>
ST_3 : Operation 80 [1/1] (0.00ns)   --->   "%tmp_19 = call i1 @_ssdm_op_BitSelect.i1.i31.i32(i31 %select_ln105, i32 26)" [extr_.linuxdriversmediav4l2-corev4l2-dv-timings.c_v4l2_detect_cvt_with_main.c:122]   --->   Operation 80 'bitselect' 'tmp_19' <Predicate = (vsync_read == 6)> <Delay = 0.00>
ST_3 : Operation 81 [1/1] (0.00ns)   --->   "%tmp_21 = call i29 @_ssdm_op_PartSelect.i29.i65.i32.i32(i65 %mul_ln122, i32 36, i32 64)" [extr_.linuxdriversmediav4l2-corev4l2-dv-timings.c_v4l2_detect_cvt_with_main.c:122]   --->   Operation 81 'partselect' 'tmp_21' <Predicate = (vsync_read == 6)> <Delay = 0.00>
ST_3 : Operation 82 [1/1] (0.00ns)   --->   "%trunc_ln119 = trunc i31 %select_ln105 to i27" [extr_.linuxdriversmediav4l2-corev4l2-dv-timings.c_v4l2_detect_cvt_with_main.c:119]   --->   Operation 82 'trunc' 'trunc_ln119' <Predicate = (vsync_read == 5)> <Delay = 0.00>
ST_3 : Operation 83 [1/1] (0.00ns)   --->   "%shl_ln2 = call i32 @_ssdm_op_BitConcatenate.i32.i27.i5(i27 %trunc_ln119, i5 0)" [extr_.linuxdriversmediav4l2-corev4l2-dv-timings.c_v4l2_detect_cvt_with_main.c:119]   --->   Operation 83 'bitconcatenate' 'shl_ln2' <Predicate = (vsync_read == 5)> <Delay = 0.00>
ST_3 : Operation 84 [1/1] (0.00ns)   --->   "%sext_ln119 = sext i32 %shl_ln2 to i65" [extr_.linuxdriversmediav4l2-corev4l2-dv-timings.c_v4l2_detect_cvt_with_main.c:119]   --->   Operation 84 'sext' 'sext_ln119' <Predicate = (vsync_read == 5)> <Delay = 0.00>
ST_3 : Operation 85 [1/1] (6.59ns)   --->   "%mul_ln119 = mul i65 %sext_ln119, 7635497416" [extr_.linuxdriversmediav4l2-corev4l2-dv-timings.c_v4l2_detect_cvt_with_main.c:119]   --->   Operation 85 'mul' 'mul_ln119' <Predicate = (vsync_read == 5)> <Delay = 6.59> <Core = "Mul">   --->   Core 16 'Mul' <Latency = 0> <II = 1> <Delay = 6.59> <FuncUnit> <Opcode : 'mul'> <InPorts = 2> <OutPorts = 1>
ST_3 : Operation 86 [1/1] (0.00ns)   --->   "%tmp_16 = call i1 @_ssdm_op_BitSelect.i1.i31.i32(i31 %select_ln105, i32 26)" [extr_.linuxdriversmediav4l2-corev4l2-dv-timings.c_v4l2_detect_cvt_with_main.c:119]   --->   Operation 86 'bitselect' 'tmp_16' <Predicate = (vsync_read == 5)> <Delay = 0.00>
ST_3 : Operation 87 [1/1] (0.00ns)   --->   "%tmp_18 = call i29 @_ssdm_op_PartSelect.i29.i65.i32.i32(i65 %mul_ln119, i32 36, i32 64)" [extr_.linuxdriversmediav4l2-corev4l2-dv-timings.c_v4l2_detect_cvt_with_main.c:119]   --->   Operation 87 'partselect' 'tmp_18' <Predicate = (vsync_read == 5)> <Delay = 0.00>
ST_3 : Operation 88 [1/1] (0.00ns)   --->   "%trunc_ln116 = trunc i31 %select_ln105 to i29" [extr_.linuxdriversmediav4l2-corev4l2-dv-timings.c_v4l2_detect_cvt_with_main.c:116]   --->   Operation 88 'trunc' 'trunc_ln116' <Predicate = (vsync_read == 4)> <Delay = 0.00>
ST_3 : Operation 89 [1/1] (0.00ns)   --->   "%shl_ln1 = call i32 @_ssdm_op_BitConcatenate.i32.i29.i3(i29 %trunc_ln116, i3 0)" [extr_.linuxdriversmediav4l2-corev4l2-dv-timings.c_v4l2_detect_cvt_with_main.c:116]   --->   Operation 89 'bitconcatenate' 'shl_ln1' <Predicate = (vsync_read == 4)> <Delay = 0.00>
ST_3 : Operation 90 [1/1] (0.00ns)   --->   "%sext_ln116 = sext i32 %shl_ln1 to i65" [extr_.linuxdriversmediav4l2-corev4l2-dv-timings.c_v4l2_detect_cvt_with_main.c:116]   --->   Operation 90 'sext' 'sext_ln116' <Predicate = (vsync_read == 4)> <Delay = 0.00>
ST_3 : Operation 91 [1/1] (6.59ns)   --->   "%mul_ln116 = mul i65 %sext_ln116, 5726623062" [extr_.linuxdriversmediav4l2-corev4l2-dv-timings.c_v4l2_detect_cvt_with_main.c:116]   --->   Operation 91 'mul' 'mul_ln116' <Predicate = (vsync_read == 4)> <Delay = 6.59> <Core = "Mul">   --->   Core 16 'Mul' <Latency = 0> <II = 1> <Delay = 6.59> <FuncUnit> <Opcode : 'mul'> <InPorts = 2> <OutPorts = 1>
ST_3 : Operation 92 [1/1] (0.00ns)   --->   "%tmp_13 = call i1 @_ssdm_op_BitSelect.i1.i31.i32(i31 %select_ln105, i32 28)" [extr_.linuxdriversmediav4l2-corev4l2-dv-timings.c_v4l2_detect_cvt_with_main.c:116]   --->   Operation 92 'bitselect' 'tmp_13' <Predicate = (vsync_read == 4)> <Delay = 0.00>
ST_3 : Operation 93 [1/1] (0.00ns)   --->   "%tmp_15 = call i31 @_ssdm_op_PartSelect.i31.i65.i32.i32(i65 %mul_ln116, i32 34, i32 64)" [extr_.linuxdriversmediav4l2-corev4l2-dv-timings.c_v4l2_detect_cvt_with_main.c:116]   --->   Operation 93 'partselect' 'tmp_15' <Predicate = (vsync_read == 4)> <Delay = 0.00>

State 4 <SV = 2> <Delay = 5.66>
ST_4 : Operation 94 [1/1] (2.00ns)   --->   "%sub_ln122 = sub i65 0, %mul_ln122" [extr_.linuxdriversmediav4l2-corev4l2-dv-timings.c_v4l2_detect_cvt_with_main.c:122]   --->   Operation 94 'sub' 'sub_ln122' <Predicate = (and_ln61 & !or_ln77 & !tmp_9 & vsync_read == 6 & tmp_19)> <Delay = 2.00> <Core = "AddSub">   --->   Core 14 'AddSub' <Latency = 0> <II = 1> <Delay = 1.78> <FuncUnit> <Opcode : 'add' 'sub'> <InPorts = 2> <OutPorts = 1>
ST_4 : Operation 95 [1/1] (0.00ns) (grouped into LUT with out node sub_ln122_1)   --->   "%tmp_20 = call i29 @_ssdm_op_PartSelect.i29.i65.i32.i32(i65 %sub_ln122, i32 36, i32 64)" [extr_.linuxdriversmediav4l2-corev4l2-dv-timings.c_v4l2_detect_cvt_with_main.c:122]   --->   Operation 95 'partselect' 'tmp_20' <Predicate = (and_ln61 & !or_ln77 & !tmp_9 & vsync_read == 6 & tmp_19)> <Delay = 0.00>
ST_4 : Operation 96 [1/1] (0.00ns) (grouped into LUT with out node sub_ln122_1)   --->   "%sext_ln122_1 = sext i29 %tmp_20 to i32" [extr_.linuxdriversmediav4l2-corev4l2-dv-timings.c_v4l2_detect_cvt_with_main.c:122]   --->   Operation 96 'sext' 'sext_ln122_1' <Predicate = (and_ln61 & !or_ln77 & !tmp_9 & vsync_read == 6 & tmp_19)> <Delay = 0.00>
ST_4 : Operation 97 [1/1] (0.00ns)   --->   "%sext_ln122_2 = sext i29 %tmp_21 to i32" [extr_.linuxdriversmediav4l2-corev4l2-dv-timings.c_v4l2_detect_cvt_with_main.c:122]   --->   Operation 97 'sext' 'sext_ln122_2' <Predicate = (and_ln61 & !or_ln77 & !tmp_9 & vsync_read == 6)> <Delay = 0.00>
ST_4 : Operation 98 [1/1] (0.00ns) (grouped into LUT with out node sub_ln122_1)   --->   "%select_ln122 = select i1 %tmp_19, i32 %sext_ln122_1, i32 %sext_ln122_2" [extr_.linuxdriversmediav4l2-corev4l2-dv-timings.c_v4l2_detect_cvt_with_main.c:122]   --->   Operation 98 'select' 'select_ln122' <Predicate = (and_ln61 & !or_ln77 & !tmp_9 & vsync_read == 6 & tmp_19)> <Delay = 0.00> <Core = "Sel">   --->   Core 26 'Sel' <Latency = 0> <II = 1> <Delay = 0.63> <FuncUnit> <Opcode : 'select'> <InPorts = 3> <OutPorts = 1>
ST_4 : Operation 99 [1/1] (1.72ns) (out node of the LUT)   --->   "%sub_ln122_1 = sub i32 0, %select_ln122" [extr_.linuxdriversmediav4l2-corev4l2-dv-timings.c_v4l2_detect_cvt_with_main.c:122]   --->   Operation 99 'sub' 'sub_ln122_1' <Predicate = (and_ln61 & !or_ln77 & !tmp_9 & vsync_read == 6 & tmp_19)> <Delay = 1.72> <Core = "AddSub">   --->   Core 14 'AddSub' <Latency = 0> <II = 1> <Delay = 1.78> <FuncUnit> <Opcode : 'add' 'sub'> <InPorts = 2> <OutPorts = 1>
ST_4 : Operation 100 [1/1] (0.61ns)   --->   "%image_width_3 = select i1 %tmp_19, i32 %sub_ln122_1, i32 %sext_ln122_2" [extr_.linuxdriversmediav4l2-corev4l2-dv-timings.c_v4l2_detect_cvt_with_main.c:122]   --->   Operation 100 'select' 'image_width_3' <Predicate = (and_ln61 & !or_ln77 & !tmp_9 & vsync_read == 6)> <Delay = 0.61> <Core = "Sel">   --->   Core 26 'Sel' <Latency = 0> <II = 1> <Delay = 0.63> <FuncUnit> <Opcode : 'select'> <InPorts = 3> <OutPorts = 1>
ST_4 : Operation 101 [1/1] (1.26ns)   --->   "br label %._crit_edge34" [extr_.linuxdriversmediav4l2-corev4l2-dv-timings.c_v4l2_detect_cvt_with_main.c:123]   --->   Operation 101 'br' <Predicate = (and_ln61 & !or_ln77 & !tmp_9 & vsync_read == 6)> <Delay = 1.26>
ST_4 : Operation 102 [1/1] (2.00ns)   --->   "%sub_ln119 = sub i65 0, %mul_ln119" [extr_.linuxdriversmediav4l2-corev4l2-dv-timings.c_v4l2_detect_cvt_with_main.c:119]   --->   Operation 102 'sub' 'sub_ln119' <Predicate = (and_ln61 & !or_ln77 & !tmp_9 & vsync_read == 5 & tmp_16)> <Delay = 2.00> <Core = "AddSub">   --->   Core 14 'AddSub' <Latency = 0> <II = 1> <Delay = 1.78> <FuncUnit> <Opcode : 'add' 'sub'> <InPorts = 2> <OutPorts = 1>
ST_4 : Operation 103 [1/1] (0.00ns) (grouped into LUT with out node sub_ln119_1)   --->   "%tmp_17 = call i29 @_ssdm_op_PartSelect.i29.i65.i32.i32(i65 %sub_ln119, i32 36, i32 64)" [extr_.linuxdriversmediav4l2-corev4l2-dv-timings.c_v4l2_detect_cvt_with_main.c:119]   --->   Operation 103 'partselect' 'tmp_17' <Predicate = (and_ln61 & !or_ln77 & !tmp_9 & vsync_read == 5 & tmp_16)> <Delay = 0.00>
ST_4 : Operation 104 [1/1] (0.00ns) (grouped into LUT with out node sub_ln119_1)   --->   "%sext_ln119_1 = sext i29 %tmp_17 to i32" [extr_.linuxdriversmediav4l2-corev4l2-dv-timings.c_v4l2_detect_cvt_with_main.c:119]   --->   Operation 104 'sext' 'sext_ln119_1' <Predicate = (and_ln61 & !or_ln77 & !tmp_9 & vsync_read == 5 & tmp_16)> <Delay = 0.00>
ST_4 : Operation 105 [1/1] (0.00ns)   --->   "%sext_ln119_2 = sext i29 %tmp_18 to i32" [extr_.linuxdriversmediav4l2-corev4l2-dv-timings.c_v4l2_detect_cvt_with_main.c:119]   --->   Operation 105 'sext' 'sext_ln119_2' <Predicate = (and_ln61 & !or_ln77 & !tmp_9 & vsync_read == 5)> <Delay = 0.00>
ST_4 : Operation 106 [1/1] (0.00ns) (grouped into LUT with out node sub_ln119_1)   --->   "%select_ln119 = select i1 %tmp_16, i32 %sext_ln119_1, i32 %sext_ln119_2" [extr_.linuxdriversmediav4l2-corev4l2-dv-timings.c_v4l2_detect_cvt_with_main.c:119]   --->   Operation 106 'select' 'select_ln119' <Predicate = (and_ln61 & !or_ln77 & !tmp_9 & vsync_read == 5 & tmp_16)> <Delay = 0.00> <Core = "Sel">   --->   Core 26 'Sel' <Latency = 0> <II = 1> <Delay = 0.63> <FuncUnit> <Opcode : 'select'> <InPorts = 3> <OutPorts = 1>
ST_4 : Operation 107 [1/1] (1.72ns) (out node of the LUT)   --->   "%sub_ln119_1 = sub i32 0, %select_ln119" [extr_.linuxdriversmediav4l2-corev4l2-dv-timings.c_v4l2_detect_cvt_with_main.c:119]   --->   Operation 107 'sub' 'sub_ln119_1' <Predicate = (and_ln61 & !or_ln77 & !tmp_9 & vsync_read == 5 & tmp_16)> <Delay = 1.72> <Core = "AddSub">   --->   Core 14 'AddSub' <Latency = 0> <II = 1> <Delay = 1.78> <FuncUnit> <Opcode : 'add' 'sub'> <InPorts = 2> <OutPorts = 1>
ST_4 : Operation 108 [1/1] (0.61ns)   --->   "%image_width_2 = select i1 %tmp_16, i32 %sub_ln119_1, i32 %sext_ln119_2" [extr_.linuxdriversmediav4l2-corev4l2-dv-timings.c_v4l2_detect_cvt_with_main.c:119]   --->   Operation 108 'select' 'image_width_2' <Predicate = (and_ln61 & !or_ln77 & !tmp_9 & vsync_read == 5)> <Delay = 0.61> <Core = "Sel">   --->   Core 26 'Sel' <Latency = 0> <II = 1> <Delay = 0.63> <FuncUnit> <Opcode : 'select'> <InPorts = 3> <OutPorts = 1>
ST_4 : Operation 109 [1/1] (1.26ns)   --->   "br label %._crit_edge34" [extr_.linuxdriversmediav4l2-corev4l2-dv-timings.c_v4l2_detect_cvt_with_main.c:120]   --->   Operation 109 'br' <Predicate = (and_ln61 & !or_ln77 & !tmp_9 & vsync_read == 5)> <Delay = 1.26>
ST_4 : Operation 110 [1/1] (2.00ns)   --->   "%sub_ln116 = sub i65 0, %mul_ln116" [extr_.linuxdriversmediav4l2-corev4l2-dv-timings.c_v4l2_detect_cvt_with_main.c:116]   --->   Operation 110 'sub' 'sub_ln116' <Predicate = (and_ln61 & !or_ln77 & !tmp_9 & vsync_read == 4 & tmp_13)> <Delay = 2.00> <Core = "AddSub">   --->   Core 14 'AddSub' <Latency = 0> <II = 1> <Delay = 1.78> <FuncUnit> <Opcode : 'add' 'sub'> <InPorts = 2> <OutPorts = 1>
ST_4 : Operation 111 [1/1] (0.00ns) (grouped into LUT with out node sub_ln116_1)   --->   "%tmp_14 = call i31 @_ssdm_op_PartSelect.i31.i65.i32.i32(i65 %sub_ln116, i32 34, i32 64)" [extr_.linuxdriversmediav4l2-corev4l2-dv-timings.c_v4l2_detect_cvt_with_main.c:116]   --->   Operation 111 'partselect' 'tmp_14' <Predicate = (and_ln61 & !or_ln77 & !tmp_9 & vsync_read == 4 & tmp_13)> <Delay = 0.00>
ST_4 : Operation 112 [1/1] (0.00ns) (grouped into LUT with out node sub_ln116_1)   --->   "%sext_ln116_1 = sext i31 %tmp_14 to i32" [extr_.linuxdriversmediav4l2-corev4l2-dv-timings.c_v4l2_detect_cvt_with_main.c:116]   --->   Operation 112 'sext' 'sext_ln116_1' <Predicate = (and_ln61 & !or_ln77 & !tmp_9 & vsync_read == 4 & tmp_13)> <Delay = 0.00>
ST_4 : Operation 113 [1/1] (0.00ns)   --->   "%sext_ln116_2 = sext i31 %tmp_15 to i32" [extr_.linuxdriversmediav4l2-corev4l2-dv-timings.c_v4l2_detect_cvt_with_main.c:116]   --->   Operation 113 'sext' 'sext_ln116_2' <Predicate = (and_ln61 & !or_ln77 & !tmp_9 & vsync_read == 4)> <Delay = 0.00>
ST_4 : Operation 114 [1/1] (0.00ns) (grouped into LUT with out node sub_ln116_1)   --->   "%select_ln116 = select i1 %tmp_13, i32 %sext_ln116_1, i32 %sext_ln116_2" [extr_.linuxdriversmediav4l2-corev4l2-dv-timings.c_v4l2_detect_cvt_with_main.c:116]   --->   Operation 114 'select' 'select_ln116' <Predicate = (and_ln61 & !or_ln77 & !tmp_9 & vsync_read == 4 & tmp_13)> <Delay = 0.00> <Core = "Sel">   --->   Core 26 'Sel' <Latency = 0> <II = 1> <Delay = 0.63> <FuncUnit> <Opcode : 'select'> <InPorts = 3> <OutPorts = 1>
ST_4 : Operation 115 [1/1] (1.76ns) (out node of the LUT)   --->   "%sub_ln116_1 = sub i32 0, %select_ln116" [extr_.linuxdriversmediav4l2-corev4l2-dv-timings.c_v4l2_detect_cvt_with_main.c:116]   --->   Operation 115 'sub' 'sub_ln116_1' <Predicate = (and_ln61 & !or_ln77 & !tmp_9 & vsync_read == 4 & tmp_13)> <Delay = 1.76> <Core = "AddSub">   --->   Core 14 'AddSub' <Latency = 0> <II = 1> <Delay = 1.78> <FuncUnit> <Opcode : 'add' 'sub'> <InPorts = 2> <OutPorts = 1>
ST_4 : Operation 116 [1/1] (0.63ns)   --->   "%image_width = select i1 %tmp_13, i32 %sub_ln116_1, i32 %sext_ln116_2" [extr_.linuxdriversmediav4l2-corev4l2-dv-timings.c_v4l2_detect_cvt_with_main.c:116]   --->   Operation 116 'select' 'image_width' <Predicate = (and_ln61 & !or_ln77 & !tmp_9 & vsync_read == 4)> <Delay = 0.63> <Core = "Sel">   --->   Core 26 'Sel' <Latency = 0> <II = 1> <Delay = 0.63> <FuncUnit> <Opcode : 'select'> <InPorts = 3> <OutPorts = 1>
ST_4 : Operation 117 [1/1] (1.26ns)   --->   "br label %._crit_edge34" [extr_.linuxdriversmediav4l2-corev4l2-dv-timings.c_v4l2_detect_cvt_with_main.c:117]   --->   Operation 117 'br' <Predicate = (and_ln61 & !or_ln77 & !tmp_9 & vsync_read == 4)> <Delay = 1.26>
ST_4 : Operation 118 [1/1] (0.00ns)   --->   "%image_width_1 = phi i32 [ %image_width_3, %4 ], [ %image_width_2, %3 ], [ %image_width, %2 ], [ %active_width_read, %1 ], [ 1280, %5 ]"   --->   Operation 118 'phi' 'image_width_1' <Predicate = (and_ln61 & !or_ln77 & !tmp_9 & vsync_read == 8) | (and_ln61 & !or_ln77 & !tmp_9 & vsync_read == 7 & empty_7) | (and_ln61 & !or_ln77 & !tmp_9 & vsync_read == 6) | (and_ln61 & !or_ln77 & !tmp_9 & vsync_read == 5) | (and_ln61 & !or_ln77 & !tmp_9 & vsync_read == 4)> <Delay = 0.00>
ST_4 : Operation 119 [1/1] (0.00ns)   --->   "%tmp_s = call i29 @_ssdm_op_PartSelect.i29.i32.i32.i32(i32 %image_width_1, i32 3, i32 31)" [extr_.linuxdriversmediav4l2-corev4l2-dv-timings.c_v4l2_detect_cvt_with_main.c:141]   --->   Operation 119 'partselect' 'tmp_s' <Predicate = (and_ln61 & !or_ln77 & !tmp_9 & vsync_read == 8) | (and_ln61 & !or_ln77 & !tmp_9 & vsync_read == 7 & empty_7) | (and_ln61 & !or_ln77 & !tmp_9 & vsync_read == 6) | (and_ln61 & !or_ln77 & !tmp_9 & vsync_read == 5) | (and_ln61 & !or_ln77 & !tmp_9 & vsync_read == 4)> <Delay = 0.00>
ST_4 : Operation 120 [1/1] (0.00ns)   --->   "%image_width_5 = call i32 @_ssdm_op_BitConcatenate.i32.i29.i3(i29 %tmp_s, i3 0)" [extr_.linuxdriversmediav4l2-corev4l2-dv-timings.c_v4l2_detect_cvt_with_main.c:141]   --->   Operation 120 'bitconcatenate' 'image_width_5' <Predicate = (and_ln61 & !or_ln77 & !tmp_9 & vsync_read == 8) | (and_ln61 & !or_ln77 & !tmp_9 & vsync_read == 7 & empty_7) | (and_ln61 & !or_ln77 & !tmp_9 & vsync_read == 6) | (and_ln61 & !or_ln77 & !tmp_9 & vsync_read == 5) | (and_ln61 & !or_ln77 & !tmp_9 & vsync_read == 4)> <Delay = 0.00>
ST_4 : Operation 121 [1/1] (0.00ns)   --->   "call void @_ssdm_op_Write.ap_auto.i32P(i32* %fmt_type, i32 0)" [extr_.linuxdriversmediav4l2-corev4l2-dv-timings.c_v4l2_detect_cvt_with_main.c:182]   --->   Operation 121 'write' <Predicate = (and_ln61 & !or_ln77 & !tmp_9 & vsync_read == 8) | (and_ln61 & !or_ln77 & !tmp_9 & vsync_read == 7 & empty_7) | (and_ln61 & !or_ln77 & !tmp_9 & vsync_read == 6) | (and_ln61 & !or_ln77 & !tmp_9 & vsync_read == 5) | (and_ln61 & !or_ln77 & !tmp_9 & vsync_read == 4)> <Delay = 0.00>
ST_4 : Operation 122 [1/1] (0.00ns)   --->   "call void @_ssdm_op_Write.ap_auto.i32P(i32* %fmt_bt_polarities, i32 0)" [extr_.linuxdriversmediav4l2-corev4l2-dv-timings.c_v4l2_detect_cvt_with_main.c:183]   --->   Operation 122 'write' <Predicate = (and_ln61 & !or_ln77 & !tmp_9 & vsync_read == 8) | (and_ln61 & !or_ln77 & !tmp_9 & vsync_read == 7 & empty_7) | (and_ln61 & !or_ln77 & !tmp_9 & vsync_read == 6) | (and_ln61 & !or_ln77 & !tmp_9 & vsync_read == 5) | (and_ln61 & !or_ln77 & !tmp_9 & vsync_read == 4)> <Delay = 0.00>
ST_4 : Operation 123 [1/1] (0.00ns)   --->   "call void @_ssdm_op_Write.ap_auto.i32P(i32* %fmt_bt_width, i32 %image_width_5)" [extr_.linuxdriversmediav4l2-corev4l2-dv-timings.c_v4l2_detect_cvt_with_main.c:184]   --->   Operation 123 'write' <Predicate = (and_ln61 & !or_ln77 & !tmp_9 & vsync_read == 8) | (and_ln61 & !or_ln77 & !tmp_9 & vsync_read == 7 & empty_7) | (and_ln61 & !or_ln77 & !tmp_9 & vsync_read == 6) | (and_ln61 & !or_ln77 & !tmp_9 & vsync_read == 5) | (and_ln61 & !or_ln77 & !tmp_9 & vsync_read == 4)> <Delay = 0.00>
ST_4 : Operation 124 [1/1] (0.00ns)   --->   "call void @_ssdm_op_Write.ap_auto.i32P(i32* %fmt_bt_height, i32 %image_height)" [extr_.linuxdriversmediav4l2-corev4l2-dv-timings.c_v4l2_detect_cvt_with_main.c:185]   --->   Operation 124 'write' <Predicate = (and_ln61 & !or_ln77 & !tmp_9 & vsync_read == 8) | (and_ln61 & !or_ln77 & !tmp_9 & vsync_read == 7 & empty_7) | (and_ln61 & !or_ln77 & !tmp_9 & vsync_read == 6) | (and_ln61 & !or_ln77 & !tmp_9 & vsync_read == 5) | (and_ln61 & !or_ln77 & !tmp_9 & vsync_read == 4)> <Delay = 0.00>
ST_4 : Operation 125 [1/1] (0.00ns)   --->   "call void @_ssdm_op_Write.ap_auto.i32P(i32* %fmt_bt_hfrontporch, i32 0)" [extr_.linuxdriversmediav4l2-corev4l2-dv-timings.c_v4l2_detect_cvt_with_main.c:186]   --->   Operation 125 'write' <Predicate = (and_ln61 & !or_ln77 & !tmp_9 & vsync_read == 8) | (and_ln61 & !or_ln77 & !tmp_9 & vsync_read == 7 & empty_7) | (and_ln61 & !or_ln77 & !tmp_9 & vsync_read == 6) | (and_ln61 & !or_ln77 & !tmp_9 & vsync_read == 5) | (and_ln61 & !or_ln77 & !tmp_9 & vsync_read == 4)> <Delay = 0.00>
ST_4 : Operation 126 [1/1] (0.00ns)   --->   "call void @_ssdm_op_Write.ap_auto.i32P(i32* %fmt_bt_vfrontporch, i32 0)" [extr_.linuxdriversmediav4l2-corev4l2-dv-timings.c_v4l2_detect_cvt_with_main.c:187]   --->   Operation 126 'write' <Predicate = (and_ln61 & !or_ln77 & !tmp_9 & vsync_read == 8) | (and_ln61 & !or_ln77 & !tmp_9 & vsync_read == 7 & empty_7) | (and_ln61 & !or_ln77 & !tmp_9 & vsync_read == 6) | (and_ln61 & !or_ln77 & !tmp_9 & vsync_read == 5) | (and_ln61 & !or_ln77 & !tmp_9 & vsync_read == 4)> <Delay = 0.00>
ST_4 : Operation 127 [1/1] (0.00ns)   --->   "call void @_ssdm_op_Write.ap_auto.i32P(i32* %fmt_bt_hsync, i32 0)" [extr_.linuxdriversmediav4l2-corev4l2-dv-timings.c_v4l2_detect_cvt_with_main.c:188]   --->   Operation 127 'write' <Predicate = (and_ln61 & !or_ln77 & !tmp_9 & vsync_read == 8) | (and_ln61 & !or_ln77 & !tmp_9 & vsync_read == 7 & empty_7) | (and_ln61 & !or_ln77 & !tmp_9 & vsync_read == 6) | (and_ln61 & !or_ln77 & !tmp_9 & vsync_read == 5) | (and_ln61 & !or_ln77 & !tmp_9 & vsync_read == 4)> <Delay = 0.00>
ST_4 : Operation 128 [1/1] (0.00ns)   --->   "call void @_ssdm_op_Write.ap_auto.i32P(i32* %fmt_bt_vsync, i32 %vsync_read)" [extr_.linuxdriversmediav4l2-corev4l2-dv-timings.c_v4l2_detect_cvt_with_main.c:189]   --->   Operation 128 'write' <Predicate = (and_ln61 & !or_ln77 & !tmp_9 & vsync_read == 8) | (and_ln61 & !or_ln77 & !tmp_9 & vsync_read == 7 & empty_7) | (and_ln61 & !or_ln77 & !tmp_9 & vsync_read == 6) | (and_ln61 & !or_ln77 & !tmp_9 & vsync_read == 5) | (and_ln61 & !or_ln77 & !tmp_9 & vsync_read == 4)> <Delay = 0.00>
ST_4 : Operation 129 [1/1] (0.00ns)   --->   "call void @_ssdm_op_Write.ap_auto.i32P(i32* %fmt_bt_hbackporch, i32 0)" [extr_.linuxdriversmediav4l2-corev4l2-dv-timings.c_v4l2_detect_cvt_with_main.c:190]   --->   Operation 129 'write' <Predicate = (and_ln61 & !or_ln77 & !tmp_9 & vsync_read == 8) | (and_ln61 & !or_ln77 & !tmp_9 & vsync_read == 7 & empty_7) | (and_ln61 & !or_ln77 & !tmp_9 & vsync_read == 6) | (and_ln61 & !or_ln77 & !tmp_9 & vsync_read == 5) | (and_ln61 & !or_ln77 & !tmp_9 & vsync_read == 4)> <Delay = 0.00>
ST_4 : Operation 130 [1/1] (0.00ns)   --->   "br i1 %icmp_ln105, label %6, label %7" [extr_.linuxdriversmediav4l2-corev4l2-dv-timings.c_v4l2_detect_cvt_with_main.c:192]   --->   Operation 130 'br' <Predicate = (and_ln61 & !or_ln77 & !tmp_9 & vsync_read == 8) | (and_ln61 & !or_ln77 & !tmp_9 & vsync_read == 7 & empty_7) | (and_ln61 & !or_ln77 & !tmp_9 & vsync_read == 6) | (and_ln61 & !or_ln77 & !tmp_9 & vsync_read == 5) | (and_ln61 & !or_ln77 & !tmp_9 & vsync_read == 4)> <Delay = 0.00>
ST_4 : Operation 131 [1/1] (1.78ns)   --->   "%sub_ln196 = sub i32 %sub_ln106, %image_height" [extr_.linuxdriversmediav4l2-corev4l2-dv-timings.c_v4l2_detect_cvt_with_main.c:196]   --->   Operation 131 'sub' 'sub_ln196' <Predicate = (and_ln61 & !or_ln77 & !tmp_9 & vsync_read == 8 & !icmp_ln105) | (and_ln61 & !or_ln77 & !tmp_9 & vsync_read == 7 & empty_7 & !icmp_ln105) | (and_ln61 & !or_ln77 & !tmp_9 & vsync_read == 6 & !icmp_ln105) | (and_ln61 & !or_ln77 & !tmp_9 & vsync_read == 5 & !icmp_ln105) | (and_ln61 & !or_ln77 & !tmp_9 & vsync_read == 4 & !icmp_ln105)> <Delay = 1.78> <Core = "AddSub">   --->   Core 14 'AddSub' <Latency = 0> <II = 1> <Delay = 1.78> <FuncUnit> <Opcode : 'add' 'sub'> <InPorts = 2> <OutPorts = 1>
ST_4 : Operation 132 [1/1] (0.00ns)   --->   "%lshr_ln = call i31 @_ssdm_op_PartSelect.i31.i32.i32.i32(i32 %sub_ln196, i32 1, i32 31)" [extr_.linuxdriversmediav4l2-corev4l2-dv-timings.c_v4l2_detect_cvt_with_main.c:196]   --->   Operation 132 'partselect' 'lshr_ln' <Predicate = (and_ln61 & !or_ln77 & !tmp_9 & vsync_read == 8 & !icmp_ln105) | (and_ln61 & !or_ln77 & !tmp_9 & vsync_read == 7 & empty_7 & !icmp_ln105) | (and_ln61 & !or_ln77 & !tmp_9 & vsync_read == 6 & !icmp_ln105) | (and_ln61 & !or_ln77 & !tmp_9 & vsync_read == 5 & !icmp_ln105) | (and_ln61 & !or_ln77 & !tmp_9 & vsync_read == 4 & !icmp_ln105)> <Delay = 0.00>
ST_4 : Operation 133 [1/1] (0.00ns)   --->   "%zext_ln196 = zext i31 %lshr_ln to i32" [extr_.linuxdriversmediav4l2-corev4l2-dv-timings.c_v4l2_detect_cvt_with_main.c:196]   --->   Operation 133 'zext' 'zext_ln196' <Predicate = (and_ln61 & !or_ln77 & !tmp_9 & vsync_read == 8 & !icmp_ln105) | (and_ln61 & !or_ln77 & !tmp_9 & vsync_read == 7 & empty_7 & !icmp_ln105) | (and_ln61 & !or_ln77 & !tmp_9 & vsync_read == 6 & !icmp_ln105) | (and_ln61 & !or_ln77 & !tmp_9 & vsync_read == 5 & !icmp_ln105) | (and_ln61 & !or_ln77 & !tmp_9 & vsync_read == 4 & !icmp_ln105)> <Delay = 0.00>
ST_4 : Operation 134 [1/1] (0.00ns)   --->   "call void @_ssdm_op_Write.ap_auto.i32P(i32* %fmt_bt_vbackporch, i32 %zext_ln196)" [extr_.linuxdriversmediav4l2-corev4l2-dv-timings.c_v4l2_detect_cvt_with_main.c:196]   --->   Operation 134 'write' <Predicate = (and_ln61 & !or_ln77 & !tmp_9 & vsync_read == 8 & !icmp_ln105) | (and_ln61 & !or_ln77 & !tmp_9 & vsync_read == 7 & empty_7 & !icmp_ln105) | (and_ln61 & !or_ln77 & !tmp_9 & vsync_read == 6 & !icmp_ln105) | (and_ln61 & !or_ln77 & !tmp_9 & vsync_read == 5 & !icmp_ln105) | (and_ln61 & !or_ln77 & !tmp_9 & vsync_read == 4 & !icmp_ln105)> <Delay = 0.00>
ST_4 : Operation 135 [1/1] (1.78ns)   --->   "%sub_ln198 = sub i32 %sub_ln196, %zext_ln196" [extr_.linuxdriversmediav4l2-corev4l2-dv-timings.c_v4l2_detect_cvt_with_main.c:198]   --->   Operation 135 'sub' 'sub_ln198' <Predicate = (and_ln61 & !or_ln77 & !tmp_9 & vsync_read == 8 & !icmp_ln105) | (and_ln61 & !or_ln77 & !tmp_9 & vsync_read == 7 & empty_7 & !icmp_ln105) | (and_ln61 & !or_ln77 & !tmp_9 & vsync_read == 6 & !icmp_ln105) | (and_ln61 & !or_ln77 & !tmp_9 & vsync_read == 5 & !icmp_ln105) | (and_ln61 & !or_ln77 & !tmp_9 & vsync_read == 4 & !icmp_ln105)> <Delay = 1.78> <Core = "AddSub">   --->   Core 14 'AddSub' <Latency = 0> <II = 1> <Delay = 1.78> <FuncUnit> <Opcode : 'add' 'sub'> <InPorts = 2> <OutPorts = 1>
ST_4 : Operation 136 [1/1] (0.00ns)   --->   "call void @_ssdm_op_Write.ap_auto.i32P(i32* %fmt_bt_il_vbackporch, i32 %sub_ln198)" [extr_.linuxdriversmediav4l2-corev4l2-dv-timings.c_v4l2_detect_cvt_with_main.c:198]   --->   Operation 136 'write' <Predicate = (and_ln61 & !or_ln77 & !tmp_9 & vsync_read == 8 & !icmp_ln105) | (and_ln61 & !or_ln77 & !tmp_9 & vsync_read == 7 & empty_7 & !icmp_ln105) | (and_ln61 & !or_ln77 & !tmp_9 & vsync_read == 6 & !icmp_ln105) | (and_ln61 & !or_ln77 & !tmp_9 & vsync_read == 5 & !icmp_ln105) | (and_ln61 & !or_ln77 & !tmp_9 & vsync_read == 4 & !icmp_ln105)> <Delay = 0.00>
ST_4 : Operation 137 [1/1] (0.00ns)   --->   "call void @_ssdm_op_Write.ap_auto.i32P(i32* %fmt_bt_il_vfrontporch, i32 0)" [extr_.linuxdriversmediav4l2-corev4l2-dv-timings.c_v4l2_detect_cvt_with_main.c:200]   --->   Operation 137 'write' <Predicate = (and_ln61 & !or_ln77 & !tmp_9 & vsync_read == 8 & !icmp_ln105) | (and_ln61 & !or_ln77 & !tmp_9 & vsync_read == 7 & empty_7 & !icmp_ln105) | (and_ln61 & !or_ln77 & !tmp_9 & vsync_read == 6 & !icmp_ln105) | (and_ln61 & !or_ln77 & !tmp_9 & vsync_read == 5 & !icmp_ln105) | (and_ln61 & !or_ln77 & !tmp_9 & vsync_read == 4 & !icmp_ln105)> <Delay = 0.00>
ST_4 : Operation 138 [1/1] (0.00ns)   --->   "call void @_ssdm_op_Write.ap_auto.i32P(i32* %fmt_bt_il_vsync, i32 %vsync_read)" [extr_.linuxdriversmediav4l2-corev4l2-dv-timings.c_v4l2_detect_cvt_with_main.c:201]   --->   Operation 138 'write' <Predicate = (and_ln61 & !or_ln77 & !tmp_9 & vsync_read == 8 & !icmp_ln105) | (and_ln61 & !or_ln77 & !tmp_9 & vsync_read == 7 & empty_7 & !icmp_ln105) | (and_ln61 & !or_ln77 & !tmp_9 & vsync_read == 6 & !icmp_ln105) | (and_ln61 & !or_ln77 & !tmp_9 & vsync_read == 5 & !icmp_ln105) | (and_ln61 & !or_ln77 & !tmp_9 & vsync_read == 4 & !icmp_ln105)> <Delay = 0.00>
ST_4 : Operation 139 [1/1] (0.00ns)   --->   "br label %._crit_edge36"   --->   Operation 139 'br' <Predicate = (and_ln61 & !or_ln77 & !tmp_9 & vsync_read == 8 & !icmp_ln105) | (and_ln61 & !or_ln77 & !tmp_9 & vsync_read == 7 & empty_7 & !icmp_ln105) | (and_ln61 & !or_ln77 & !tmp_9 & vsync_read == 6 & !icmp_ln105) | (and_ln61 & !or_ln77 & !tmp_9 & vsync_read == 5 & !icmp_ln105) | (and_ln61 & !or_ln77 & !tmp_9 & vsync_read == 4 & !icmp_ln105)> <Delay = 0.00>
ST_4 : Operation 140 [1/1] (0.00ns) (grouped into TernaryAdder)   --->   "%sub_ln193 = sub i32 %frame_height_read, %vsync_read" [extr_.linuxdriversmediav4l2-corev4l2-dv-timings.c_v4l2_detect_cvt_with_main.c:193]   --->   Operation 140 'sub' 'sub_ln193' <Predicate = (and_ln61 & !or_ln77 & !tmp_9 & vsync_read == 8 & icmp_ln105) | (and_ln61 & !or_ln77 & !tmp_9 & vsync_read == 7 & empty_7 & icmp_ln105) | (and_ln61 & !or_ln77 & !tmp_9 & vsync_read == 6 & icmp_ln105) | (and_ln61 & !or_ln77 & !tmp_9 & vsync_read == 5 & icmp_ln105) | (and_ln61 & !or_ln77 & !tmp_9 & vsync_read == 4 & icmp_ln105)> <Delay = 0.00> <Core = "TAddSub">   --->   Core 83 'TAddSub' <Latency = 0> <II = 1> <Delay = 1.38> <IPBlock> <Opcode : 'add' 'sub'> <InPorts = 3> <OutPorts = 1> <Sync> <CReg>
ST_4 : Operation 141 [1/1] (2.77ns) (root node of TernaryAdder)   --->   "%sub_ln193_1 = sub i32 %sub_ln193, %image_height" [extr_.linuxdriversmediav4l2-corev4l2-dv-timings.c_v4l2_detect_cvt_with_main.c:193]   --->   Operation 141 'sub' 'sub_ln193_1' <Predicate = (and_ln61 & !or_ln77 & !tmp_9 & vsync_read == 8 & icmp_ln105) | (and_ln61 & !or_ln77 & !tmp_9 & vsync_read == 7 & empty_7 & icmp_ln105) | (and_ln61 & !or_ln77 & !tmp_9 & vsync_read == 6 & icmp_ln105) | (and_ln61 & !or_ln77 & !tmp_9 & vsync_read == 5 & icmp_ln105) | (and_ln61 & !or_ln77 & !tmp_9 & vsync_read == 4 & icmp_ln105)> <Delay = 2.77> <Core = "TAddSub">   --->   Core 83 'TAddSub' <Latency = 0> <II = 1> <Delay = 1.38> <IPBlock> <Opcode : 'add' 'sub'> <InPorts = 3> <OutPorts = 1> <Sync> <CReg>
ST_4 : Operation 142 [1/1] (0.00ns)   --->   "call void @_ssdm_op_Write.ap_auto.i32P(i32* %fmt_bt_vbackporch, i32 %sub_ln193_1)" [extr_.linuxdriversmediav4l2-corev4l2-dv-timings.c_v4l2_detect_cvt_with_main.c:193]   --->   Operation 142 'write' <Predicate = (and_ln61 & !or_ln77 & !tmp_9 & vsync_read == 8 & icmp_ln105) | (and_ln61 & !or_ln77 & !tmp_9 & vsync_read == 7 & empty_7 & icmp_ln105) | (and_ln61 & !or_ln77 & !tmp_9 & vsync_read == 6 & icmp_ln105) | (and_ln61 & !or_ln77 & !tmp_9 & vsync_read == 5 & icmp_ln105) | (and_ln61 & !or_ln77 & !tmp_9 & vsync_read == 4 & icmp_ln105)> <Delay = 0.00>
ST_4 : Operation 143 [1/1] (0.00ns)   --->   "br label %._crit_edge36" [extr_.linuxdriversmediav4l2-corev4l2-dv-timings.c_v4l2_detect_cvt_with_main.c:195]   --->   Operation 143 'br' <Predicate = (and_ln61 & !or_ln77 & !tmp_9 & vsync_read == 8 & icmp_ln105) | (and_ln61 & !or_ln77 & !tmp_9 & vsync_read == 7 & empty_7 & icmp_ln105) | (and_ln61 & !or_ln77 & !tmp_9 & vsync_read == 6 & icmp_ln105) | (and_ln61 & !or_ln77 & !tmp_9 & vsync_read == 5 & icmp_ln105) | (and_ln61 & !or_ln77 & !tmp_9 & vsync_read == 4 & icmp_ln105)> <Delay = 0.00>
ST_4 : Operation 144 [1/1] (0.00ns)   --->   "call void @_ssdm_op_Write.ap_auto.i32P(i32* %fmt_bt_interlaced, i32 0)" [extr_.linuxdriversmediav4l2-corev4l2-dv-timings.c_v4l2_detect_cvt_with_main.c:194]   --->   Operation 144 'write' <Predicate = (and_ln61 & !or_ln77 & !tmp_9 & vsync_read == 8) | (and_ln61 & !or_ln77 & !tmp_9 & vsync_read == 7 & empty_7) | (and_ln61 & !or_ln77 & !tmp_9 & vsync_read == 6) | (and_ln61 & !or_ln77 & !tmp_9 & vsync_read == 5) | (and_ln61 & !or_ln77 & !tmp_9 & vsync_read == 4)> <Delay = 0.00>
ST_4 : Operation 145 [1/1] (0.00ns)   --->   "call void @_ssdm_op_Write.ap_auto.i32P(i32* %fmt_bt_standards, i32 0)" [extr_.linuxdriversmediav4l2-corev4l2-dv-timings.c_v4l2_detect_cvt_with_main.c:207]   --->   Operation 145 'write' <Predicate = (and_ln61 & !or_ln77 & !tmp_9 & vsync_read == 8) | (and_ln61 & !or_ln77 & !tmp_9 & vsync_read == 7 & empty_7) | (and_ln61 & !or_ln77 & !tmp_9 & vsync_read == 6) | (and_ln61 & !or_ln77 & !tmp_9 & vsync_read == 5) | (and_ln61 & !or_ln77 & !tmp_9 & vsync_read == 4)> <Delay = 0.00>
ST_4 : Operation 146 [1/1] (1.06ns)   --->   "br label %._crit_edge" [extr_.linuxdriversmediav4l2-corev4l2-dv-timings.c_v4l2_detect_cvt_with_main.c:212]   --->   Operation 146 'br' <Predicate = (and_ln61 & !or_ln77 & !tmp_9 & vsync_read == 8) | (and_ln61 & !or_ln77 & !tmp_9 & vsync_read == 7 & empty_7) | (and_ln61 & !or_ln77 & !tmp_9 & vsync_read == 6) | (and_ln61 & !or_ln77 & !tmp_9 & vsync_read == 5) | (and_ln61 & !or_ln77 & !tmp_9 & vsync_read == 4)> <Delay = 1.06>
ST_4 : Operation 147 [1/1] (0.00ns)   --->   "%p_0 = phi i1 [ true, %._crit_edge36 ], [ false, %0 ], [ false, %._crit_edge27 ], [ false, %_ifconv ], [ false, %1 ], [ false, %5 ]"   --->   Operation 147 'phi' 'p_0' <Predicate = true> <Delay = 0.00>
ST_4 : Operation 148 [1/1] (0.00ns)   --->   "%zext_ln213 = zext i1 %p_0 to i32" [extr_.linuxdriversmediav4l2-corev4l2-dv-timings.c_v4l2_detect_cvt_with_main.c:213]   --->   Operation 148 'zext' 'zext_ln213' <Predicate = true> <Delay = 0.00>
ST_4 : Operation 149 [1/1] (0.00ns)   --->   "ret i32 %zext_ln213" [extr_.linuxdriversmediav4l2-corev4l2-dv-timings.c_v4l2_detect_cvt_with_main.c:213]   --->   Operation 149 'ret' <Predicate = true> <Delay = 0.00>


============================================================
+ Verbose Summary: Timing violations
============================================================
Target clock period: 10ns, clock uncertainty: 1.25ns.

 <State 1>: 6.85ns
The critical path consists of the following:
	wire read on port 'vsync' (extr_.linuxdriversmediav4l2-corev4l2-dv-timings.c_v4l2_detect_cvt_with_main.c:44) [52]  (0 ns)
	'sub' operation ('v_bp', extr_.linuxdriversmediav4l2-corev4l2-dv-timings.c_v4l2_detect_cvt_with_main.c:99) [69]  (1.78 ns)
	'and' operation ('and_ln101', extr_.linuxdriversmediav4l2-corev4l2-dv-timings.c_v4l2_detect_cvt_with_main.c:101) [73]  (0.616 ns)
	'sub' operation ('sub_ln108_1', extr_.linuxdriversmediav4l2-corev4l2-dv-timings.c_v4l2_detect_cvt_with_main.c:108) [78]  (2.78 ns)
	'select' operation ('select_ln105', extr_.linuxdriversmediav4l2-corev4l2-dv-timings.c_v4l2_detect_cvt_with_main.c:105) [88]  (0.615 ns)
	multiplexor before 'phi' operation ('p_0') [178]  (1.06 ns)

 <State 2>: 3.43ns
The critical path consists of the following:
	'icmp' operation ('empty', extr_.linuxdriversmediav4l2-corev4l2-dv-timings.c_v4l2_detect_cvt_with_main.c:106) [95]  (1.55 ns)
	'or' operation ('empty_7', extr_.linuxdriversmediav4l2-corev4l2-dv-timings.c_v4l2_detect_cvt_with_main.c:106) [97]  (0.616 ns)
	multiplexor before 'phi' operation ('image_width') with incoming values : ('active_width', extr_.linuxdriversmediav4l2-corev4l2-dv-timings.c_v4l2_detect_cvt_with_main.c:44) ('image_width', extr_.linuxdriversmediav4l2-corev4l2-dv-timings.c_v4l2_detect_cvt_with_main.c:122) ('image_width', extr_.linuxdriversmediav4l2-corev4l2-dv-timings.c_v4l2_detect_cvt_with_main.c:119) ('image_width', extr_.linuxdriversmediav4l2-corev4l2-dv-timings.c_v4l2_detect_cvt_with_main.c:116) [145]  (1.27 ns)

 <State 3>: 6.59ns
The critical path consists of the following:
	'mul' operation ('mul_ln122', extr_.linuxdriversmediav4l2-corev4l2-dv-timings.c_v4l2_detect_cvt_with_main.c:122) [103]  (6.59 ns)

 <State 4>: 5.66ns
The critical path consists of the following:
	'sub' operation ('sub_ln116', extr_.linuxdriversmediav4l2-corev4l2-dv-timings.c_v4l2_detect_cvt_with_main.c:116) [134]  (2 ns)
	'select' operation ('select_ln116', extr_.linuxdriversmediav4l2-corev4l2-dv-timings.c_v4l2_detect_cvt_with_main.c:116) [140]  (0 ns)
	'sub' operation ('sub_ln116_1', extr_.linuxdriversmediav4l2-corev4l2-dv-timings.c_v4l2_detect_cvt_with_main.c:116) [141]  (1.77 ns)
	'select' operation ('image_width', extr_.linuxdriversmediav4l2-corev4l2-dv-timings.c_v4l2_detect_cvt_with_main.c:116) [142]  (0.631 ns)
	multiplexor before 'phi' operation ('image_width') with incoming values : ('active_width', extr_.linuxdriversmediav4l2-corev4l2-dv-timings.c_v4l2_detect_cvt_with_main.c:44) ('image_width', extr_.linuxdriversmediav4l2-corev4l2-dv-timings.c_v4l2_detect_cvt_with_main.c:122) ('image_width', extr_.linuxdriversmediav4l2-corev4l2-dv-timings.c_v4l2_detect_cvt_with_main.c:119) ('image_width', extr_.linuxdriversmediav4l2-corev4l2-dv-timings.c_v4l2_detect_cvt_with_main.c:116) [145]  (1.27 ns)
	'phi' operation ('image_width') with incoming values : ('active_width', extr_.linuxdriversmediav4l2-corev4l2-dv-timings.c_v4l2_detect_cvt_with_main.c:44) ('image_width', extr_.linuxdriversmediav4l2-corev4l2-dv-timings.c_v4l2_detect_cvt_with_main.c:122) ('image_width', extr_.linuxdriversmediav4l2-corev4l2-dv-timings.c_v4l2_detect_cvt_with_main.c:119) ('image_width', extr_.linuxdriversmediav4l2-corev4l2-dv-timings.c_v4l2_detect_cvt_with_main.c:116) [145]  (0 ns)


============================================================
+ Verbose Summary: Binding
============================================================
N/A
* FSMD analyzer results:
  - Output states:
 - Input state : 
  - Chain level:
	State 1
	State 2
	State 3
	State 4


============================================================
+ Verbose Summary: Datapath Resource usage 
============================================================
N/A
