#
# An unexpected error has occurred (11)
#
Stack:
/lib/x86_64-linux-gnu/libc.so.6(+0x3ef20) [0x7f2c29e6af20]
/opt/xilinx/Vivado/2019.1/lib/lnx64.o/libhls_hwsyn.so(pass::BRAMByteEnable::runOnFunc(llvm::Function*)+0x1cc) [0x7f2c186e83dc]
/opt/xilinx/Vivado/2019.1/lib/lnx64.o/libhls_hwsyn.so(pass::BRAMByteEnable::runOnModule(llvm::Module&)+0x121) [0x7f2c186e9a71]
/opt/xilinx/Vivado/2019.1/lib/lnx64.o/libLLVM-3.1.so(llvm::MPPassManager::runOnModule(llvm::Module&)+0x182) [0x7f2c131fb682]
/opt/xilinx/Vivado/2019.1/lib/lnx64.o/libLLVM-3.1.so(llvm::PassManagerImpl::run(llvm::Module&)+0xac) [0x7f2c131fb83c]
/opt/xilinx/Vivado/2019.1/lib/lnx64.o/libhls_main.so(+0xfa6d8) [0x7f2c198e36d8]
/opt/xilinx/Vivado/2019.1/lib/lnx64.o/libhls_support.so(xpcl::TclCommand::callbackInternal(int, Tcl_Obj* const*)+0x5f1) [0x7f2c195b1ac1]
/opt/xilinx/Vivado/2019.1/lib/lnx64.o/libhls_support.so(xpcl::TclCommand::callback(int, Tcl_Obj* const*)+0x2b) [0x7f2c195b6b5b]
/opt/xilinx/Vivado/2019.1/lib/lnx64.o/libtcl8.5.so(+0x334af) [0x7f2c258694af]
/opt/xilinx/Vivado/2019.1/lib/lnx64.o/libtcl8.5.so(+0x76875) [0x7f2c258ac875]
/opt/xilinx/Vivado/2019.1/lib/lnx64.o/libtcl8.5.so(+0x7e029) [0x7f2c258b4029]
/opt/xilinx/Vivado/2019.1/lib/lnx64.o/libtcl8.5.so(TclEvalObjEx+0x76) [0x7f2c2586b156]
/opt/xilinx/Vivado/2019.1/lib/lnx64.o/librdi_commontasks.so(+0x1ebc27) [0x7f2c1a589c27]
/opt/xilinx/Vivado/2019.1/lib/lnx64.o/libtcl8.5.so(+0x334af) [0x7f2c258694af]
/opt/xilinx/Vivado/2019.1/lib/lnx64.o/libtcl8.5.so(+0x76875) [0x7f2c258ac875]
/opt/xilinx/Vivado/2019.1/lib/lnx64.o/libtcl8.5.so(TclObjInterpProcCore+0x420) [0x7f2c258eddf0]
/opt/xilinx/Vivado/2019.1/lib/lnx64.o/libtcl8.5.so(+0x334af) [0x7f2c258694af]
/opt/xilinx/Vivado/2019.1/lib/lnx64.o/libtcl8.5.so(+0x76875) [0x7f2c258ac875]
/opt/xilinx/Vivado/2019.1/lib/lnx64.o/libtcl8.5.so(+0x7e029) [0x7f2c258b4029]
/opt/xilinx/Vivado/2019.1/lib/lnx64.o/libtcl8.5.so(TclEvalObjEx+0x76) [0x7f2c2586b156]
/opt/xilinx/Vivado/2019.1/lib/lnx64.o/librdi_commontasks.so(+0x1ebc27) [0x7f2c1a589c27]
/opt/xilinx/Vivado/2019.1/lib/lnx64.o/libtcl8.5.so(+0x334af) [0x7f2c258694af]
/opt/xilinx/Vivado/2019.1/lib/lnx64.o/libtcl8.5.so(+0x76875) [0x7f2c258ac875]
/opt/xilinx/Vivado/2019.1/lib/lnx64.o/libtcl8.5.so(TclObjInterpProcCore+0x420) [0x7f2c258eddf0]
/opt/xilinx/Vivado/2019.1/lib/lnx64.o/libtcl8.5.so(+0x334af) [0x7f2c258694af]
/opt/xilinx/Vivado/2019.1/lib/lnx64.o/libtcl8.5.so(+0x76875) [0x7f2c258ac875]
/opt/xilinx/Vivado/2019.1/lib/lnx64.o/libtcl8.5.so(TclObjInterpProcCore+0x420) [0x7f2c258eddf0]
/opt/xilinx/Vivado/2019.1/lib/lnx64.o/libtcl8.5.so(+0x334af) [0x7f2c258694af]
/opt/xilinx/Vivado/2019.1/lib/lnx64.o/libtcl8.5.so(+0x76875) [0x7f2c258ac875]
/opt/xilinx/Vivado/2019.1/lib/lnx64.o/libtcl8.5.so(+0x7e029) [0x7f2c258b4029]
/opt/xilinx/Vivado/2019.1/lib/lnx64.o/libtcl8.5.so(TclEvalObjEx+0x76) [0x7f2c2586b156]
/opt/xilinx/Vivado/2019.1/lib/lnx64.o/librdi_commontasks.so(+0x1ebc27) [0x7f2c1a589c27]
/opt/xilinx/Vivado/2019.1/lib/lnx64.o/libtcl8.5.so(+0x334af) [0x7f2c258694af]
/opt/xilinx/Vivado/2019.1/lib/lnx64.o/libtcl8.5.so(+0x76875) [0x7f2c258ac875]
/opt/xilinx/Vivado/2019.1/lib/lnx64.o/libtcl8.5.so(Tcl_ExprObj+0xf8) [0x7f2c258b3c08]
/opt/xilinx/Vivado/2019.1/lib/lnx64.o/libtcl8.5.so(Tcl_ExprBooleanObj+0x16) [0x7f2c25869e96]
/opt/xilinx/Vivado/2019.1/lib/lnx64.o/libtcl8.5.so(+0x3e6de) [0x7f2c258746de]
/opt/xilinx/Vivado/2019.1/lib/lnx64.o/libtcl8.5.so(+0x334af) [0x7f2c258694af]
/opt/xilinx/Vivado/2019.1/lib/lnx64.o/libtcl8.5.so(+0x34b38) [0x7f2c2586ab38]
/opt/xilinx/Vivado/2019.1/lib/lnx64.o/libtcl8.5.so(Tcl_EvalEx+0x13) [0x7f2c2586b0a3]
/opt/xilinx/Vivado/2019.1/lib/lnx64.o/libtcl8.5.so(Tcl_Eval+0x15) [0x7f2c2586b0c5]
/opt/xilinx/Vivado/2019.1/lib/lnx64.o/libhls_main.so(+0xab4d2) [0x7f2c198944d2]
/opt/xilinx/Vivado/2019.1/lib/lnx64.o/libhls_support.so(xpcl::TclCommand::callbackInternal(int, Tcl_Obj* const*)+0x24c) [0x7f2c195b171c]
/opt/xilinx/Vivado/2019.1/lib/lnx64.o/libhls_support.so(xpcl::TclCommand::callback(int, Tcl_Obj* const*)+0x2b) [0x7f2c195b6b5b]
/opt/xilinx/Vivado/2019.1/lib/lnx64.o/libtcl8.5.so(+0x334af) [0x7f2c258694af]
/opt/xilinx/Vivado/2019.1/lib/lnx64.o/libtcl8.5.so(+0x76875) [0x7f2c258ac875]
/opt/xilinx/Vivado/2019.1/lib/lnx64.o/libtcl8.5.so(TclObjInterpProcCore+0x420) [0x7f2c258eddf0]
/opt/xilinx/Vivado/2019.1/lib/lnx64.o/libtcl8.5.so(+0x334af) [0x7f2c258694af]
/opt/xilinx/Vivado/2019.1/lib/lnx64.o/libtcl8.5.so(+0x76875) [0x7f2c258ac875]
/opt/xilinx/Vivado/2019.1/lib/lnx64.o/libtcl8.5.so(+0x7e029) [0x7f2c258b4029]
/opt/xilinx/Vivado/2019.1/lib/lnx64.o/libtcl8.5.so(TclEvalObjEx+0x76) [0x7f2c2586b156]
/opt/xilinx/Vivado/2019.1/lib/lnx64.o/librdi_commontasks.so(+0x1ebc27) [0x7f2c1a589c27]
/opt/xilinx/Vivado/2019.1/lib/lnx64.o/libtcl8.5.so(+0x334af) [0x7f2c258694af]
/opt/xilinx/Vivado/2019.1/lib/lnx64.o/libtcl8.5.so(+0x76875) [0x7f2c258ac875]
/opt/xilinx/Vivado/2019.1/lib/lnx64.o/libtcl8.5.so(Tcl_ExprObj+0xf8) [0x7f2c258b3c08]
/opt/xilinx/Vivado/2019.1/lib/lnx64.o/libtcl8.5.so(Tcl_ExprBooleanObj+0x16) [0x7f2c25869e96]
/opt/xilinx/Vivado/2019.1/lib/lnx64.o/libtcl8.5.so(+0x3e6de) [0x7f2c258746de]
/opt/xilinx/Vivado/2019.1/lib/lnx64.o/libtcl8.5.so(+0x334af) [0x7f2c258694af]
/opt/xilinx/Vivado/2019.1/lib/lnx64.o/libtcl8.5.so(+0x34b38) [0x7f2c2586ab38]
/opt/xilinx/Vivado/2019.1/lib/lnx64.o/libtcl8.5.so(Tcl_EvalEx+0x13) [0x7f2c2586b0a3]
/opt/xilinx/Vivado/2019.1/lib/lnx64.o/libtcl8.5.so(Tcl_Eval+0x15) [0x7f2c2586b0c5]
/opt/xilinx/Vivado/2019.1/lib/lnx64.o/libhls_main.so(+0xab4d2) [0x7f2c198944d2]
/opt/xilinx/Vivado/2019.1/lib/lnx64.o/libhls_support.so(xpcl::TclCommand::callbackInternal(int, Tcl_Obj* const*)+0x24c) [0x7f2c195b171c]
/opt/xilinx/Vivado/2019.1/lib/lnx64.o/libhls_support.so(xpcl::TclCommand::callback(int, Tcl_Obj* const*)+0x2b) [0x7f2c195b6b5b]
/opt/xilinx/Vivado/2019.1/lib/lnx64.o/libtcl8.5.so(+0x334af) [0x7f2c258694af]
/opt/xilinx/Vivado/2019.1/lib/lnx64.o/libtcl8.5.so(+0x76875) [0x7f2c258ac875]
/opt/xilinx/Vivado/2019.1/lib/lnx64.o/libtcl8.5.so(TclObjInterpProcCore+0x420) [0x7f2c258eddf0]
/opt/xilinx/Vivado/2019.1/lib/lnx64.o/libtcl8.5.so(+0x334af) [0x7f2c258694af]
/opt/xilinx/Vivado/2019.1/lib/lnx64.o/libtcl8.5.so(+0x76875) [0x7f2c258ac875]
/opt/xilinx/Vivado/2019.1/lib/lnx64.o/libtcl8.5.so(+0x7e029) [0x7f2c258b4029]
/opt/xilinx/Vivado/2019.1/lib/lnx64.o/libtcl8.5.so(TclEvalObjEx+0x76) [0x7f2c2586b156]
/opt/xilinx/Vivado/2019.1/lib/lnx64.o/librdi_commontasks.so(+0x1ebc27) [0x7f2c1a589c27]
/opt/xilinx/Vivado/2019.1/lib/lnx64.o/libtcl8.5.so(+0x334af) [0x7f2c258694af]
/opt/xilinx/Vivado/2019.1/lib/lnx64.o/libtcl8.5.so(+0x76875) [0x7f2c258ac875]
/opt/xilinx/Vivado/2019.1/lib/lnx64.o/libtcl8.5.so(Tcl_ExprObj+0xf8) [0x7f2c258b3c08]
/opt/xilinx/Vivado/2019.1/lib/lnx64.o/libtcl8.5.so(Tcl_ExprBooleanObj+0x16) [0x7f2c25869e96]
/opt/xilinx/Vivado/2019.1/lib/lnx64.o/libtcl8.5.so(+0x3e6de) [0x7f2c258746de]
/opt/xilinx/Vivado/2019.1/lib/lnx64.o/libtcl8.5.so(+0x334af) [0x7f2c258694af]
/opt/xilinx/Vivado/2019.1/lib/lnx64.o/libtcl8.5.so(+0x34b38) [0x7f2c2586ab38]
/opt/xilinx/Vivado/2019.1/lib/lnx64.o/libtcl8.5.so(Tcl_EvalEx+0x13) [0x7f2c2586b0a3]
/opt/xilinx/Vivado/2019.1/lib/lnx64.o/libtcl8.5.so(Tcl_Eval+0x15) [0x7f2c2586b0c5]
/opt/xilinx/Vivado/2019.1/lib/lnx64.o/libhls_main.so(+0xab4d2) [0x7f2c198944d2]
/opt/xilinx/Vivado/2019.1/lib/lnx64.o/libhls_support.so(xpcl::TclCommand::callbackInternal(int, Tcl_Obj* const*)+0x24c) [0x7f2c195b171c]
/opt/xilinx/Vivado/2019.1/lib/lnx64.o/libhls_support.so(xpcl::TclCommand::callback(int, Tcl_Obj* const*)+0x2b) [0x7f2c195b6b5b]
/opt/xilinx/Vivado/2019.1/lib/lnx64.o/libtcl8.5.so(+0x334af) [0x7f2c258694af]
/opt/xilinx/Vivado/2019.1/lib/lnx64.o/libtcl8.5.so(+0x76875) [0x7f2c258ac875]
/opt/xilinx/Vivado/2019.1/lib/lnx64.o/libtcl8.5.so(+0x7e029) [0x7f2c258b4029]
/opt/xilinx/Vivado/2019.1/lib/lnx64.o/libtcl8.5.so(TclEvalObjEx+0x76) [0x7f2c2586b156]
/opt/xilinx/Vivado/2019.1/lib/lnx64.o/librdi_commontasks.so(+0x1ebc27) [0x7f2c1a589c27]
/opt/xilinx/Vivado/2019.1/lib/lnx64.o/libtcl8.5.so(+0x334af) [0x7f2c258694af]
/opt/xilinx/Vivado/2019.1/lib/lnx64.o/libtcl8.5.so(+0x76875) [0x7f2c258ac875]
/opt/xilinx/Vivado/2019.1/lib/lnx64.o/libtcl8.5.so(+0x7e029) [0x7f2c258b4029]
/opt/xilinx/Vivado/2019.1/lib/lnx64.o/libtcl8.5.so(TclEvalObjEx+0x76) [0x7f2c2586b156]
/opt/xilinx/Vivado/2019.1/lib/lnx64.o/libtcl8.5.so(+0xb7557) [0x7f2c258ed557]
/opt/xilinx/Vivado/2019.1/lib/lnx64.o/libtcl8.5.so(+0x334af) [0x7f2c258694af]
/opt/xilinx/Vivado/2019.1/lib/lnx64.o/libtcl8.5.so(+0x76875) [0x7f2c258ac875]
/opt/xilinx/Vivado/2019.1/lib/lnx64.o/libtcl8.5.so(TclObjInterpProcCore+0x420) [0x7f2c258eddf0]
/opt/xilinx/Vivado/2019.1/lib/lnx64.o/libtcl8.5.so(+0x334af) [0x7f2c258694af]
/opt/xilinx/Vivado/2019.1/lib/lnx64.o/libtcl8.5.so(+0x76875) [0x7f2c258ac875]
/opt/xilinx/Vivado/2019.1/lib/lnx64.o/libtcl8.5.so(+0x7e029) [0x7f2c258b4029]
/opt/xilinx/Vivado/2019.1/lib/lnx64.o/libtcl8.5.so(TclEvalObjEx+0x76) [0x7f2c2586b156]
/opt/xilinx/Vivado/2019.1/lib/lnx64.o/libtcl8.5.so(TclChannelEventScriptInvoker+0x39) [0x7f2c258c25c9]
/opt/xilinx/Vivado/2019.1/lib/lnx64.o/libtcl8.5.so(Tcl_NotifyChannel+0x121) [0x7f2c258c6541]
/opt/xilinx/Vivado/2019.1/lib/lnx64.o/libtcl8.5.so(+0xdd597) [0x7f2c25913597]
/opt/xilinx/Vivado/2019.1/lib/lnx64.o/libtcl8.5.so(Tcl_ServiceEvent+0x7f) [0x7f2c258ddb0f]
/opt/xilinx/Vivado/2019.1/lib/lnx64.o/libtcl8.5.so(Tcl_DoOneEvent+0x154) [0x7f2c258dde44]
/opt/xilinx/Vivado/2019.1/lib/lnx64.o/libtcl8.5.so(+0x74450) [0x7f2c258aa450]
/opt/xilinx/Vivado/2019.1/lib/lnx64.o/libtcl8.5.so(+0x334af) [0x7f2c258694af]
/opt/xilinx/Vivado/2019.1/lib/lnx64.o/libtcl8.5.so(+0x76875) [0x7f2c258ac875]
/opt/xilinx/Vivado/2019.1/lib/lnx64.o/libtcl8.5.so(TclObjInterpProcCore+0x420) [0x7f2c258eddf0]
/opt/xilinx/Vivado/2019.1/lib/lnx64.o/libtcl8.5.so(+0x334af) [0x7f2c258694af]
/opt/xilinx/Vivado/2019.1/lib/lnx64.o/libtcl8.5.so(+0x76875) [0x7f2c258ac875]
/opt/xilinx/Vivado/2019.1/lib/lnx64.o/libtcl8.5.so(TclObjInterpProcCore+0x420) [0x7f2c258eddf0]
/opt/xilinx/Vivado/2019.1/lib/lnx64.o/libtcl8.5.so(+0x334af) [0x7f2c258694af]
/opt/xilinx/Vivado/2019.1/lib/lnx64.o/libtcl8.5.so(+0x76875) [0x7f2c258ac875]
/opt/xilinx/Vivado/2019.1/lib/lnx64.o/libtcl8.5.so(+0x7e029) [0x7f2c258b4029]
/opt/xilinx/Vivado/2019.1/lib/lnx64.o/libtcl8.5.so(TclEvalObjEx+0x76) [0x7f2c2586b156]
/opt/xilinx/Vivado/2019.1/lib/lnx64.o/librdi_commontasks.so(+0x1ebc27) [0x7f2c1a589c27]
/opt/xilinx/Vivado/2019.1/lib/lnx64.o/libtcl8.5.so(+0x334af) [0x7f2c258694af]
/opt/xilinx/Vivado/2019.1/lib/lnx64.o/libtcl8.5.so(+0x76875) [0x7f2c258ac875]
/opt/xilinx/Vivado/2019.1/lib/lnx64.o/libtcl8.5.so(Tcl_ExprObj+0xf8) [0x7f2c258b3c08]
/opt/xilinx/Vivado/2019.1/lib/lnx64.o/libtcl8.5.so(Tcl_ExprBooleanObj+0x16) [0x7f2c25869e96]
/opt/xilinx/Vivado/2019.1/lib/lnx64.o/libtcl8.5.so(+0x3e6de) [0x7f2c258746de]
/opt/xilinx/Vivado/2019.1/lib/lnx64.o/libtcl8.5.so(+0x334af) [0x7f2c258694af]
/opt/xilinx/Vivado/2019.1/lib/lnx64.o/libtcl8.5.so(+0x34b38) [0x7f2c2586ab38]
/opt/xilinx/Vivado/2019.1/lib/lnx64.o/libtcl8.5.so(Tcl_EvalEx+0x13) [0x7f2c2586b0a3]
/opt/xilinx/Vivado/2019.1/lib/lnx64.o/libtcl8.5.so(Tcl_Eval+0x15) [0x7f2c2586b0c5]
/opt/xilinx/Vivado/2019.1/lib/lnx64.o/libhls_main.so(+0xab4d2) [0x7f2c198944d2]
/opt/xilinx/Vivado/2019.1/lib/lnx64.o/libhls_support.so(xpcl::TclCommand::callbackInternal(int, Tcl_Obj* const*)+0x24c) [0x7f2c195b171c]
/opt/xilinx/Vivado/2019.1/lib/lnx64.o/libhls_support.so(xpcl::TclCommand::callback(int, Tcl_Obj* const*)+0x2b) [0x7f2c195b6b5b]
/opt/xilinx/Vivado/2019.1/lib/lnx64.o/libtcl8.5.so(+0x334af) [0x7f2c258694af]
/opt/xilinx/Vivado/2019.1/lib/lnx64.o/libtcl8.5.so(+0x34b38) [0x7f2c2586ab38]
/opt/xilinx/Vivado/2019.1/lib/lnx64.o/libtcl8.5.so(Tcl_EvalEx+0x13) [0x7f2c2586b0a3]
/opt/xilinx/Vivado/2019.1/lib/lnx64.o/libtcl8.5.so(TclEvalObjEx+0x1e0) [0x7f2c2586b2c0]
/opt/xilinx/Vivado/2019.1/lib/lnx64.o/libtcl8.5.so(+0x3b375) [0x7f2c25871375]
/opt/xilinx/Vivado/2019.1/lib/lnx64.o/libtcl8.5.so(+0x334af) [0x7f2c258694af]
/opt/xilinx/Vivado/2019.1/lib/lnx64.o/libtcl8.5.so(+0x76875) [0x7f2c258ac875]
/opt/xilinx/Vivado/2019.1/lib/lnx64.o/libtcl8.5.so(+0x7e029) [0x7f2c258b4029]
/opt/xilinx/Vivado/2019.1/lib/lnx64.o/libtcl8.5.so(TclEvalObjEx+0x76) [0x7f2c2586b156]
/opt/xilinx/Vivado/2019.1/lib/lnx64.o/librdi_commontasks.so(+0x1ebc27) [0x7f2c1a589c27]
/opt/xilinx/Vivado/2019.1/lib/lnx64.o/libtcl8.5.so(+0x334af) [0x7f2c258694af]
/opt/xilinx/Vivado/2019.1/lib/lnx64.o/libtcl8.5.so(+0x76875) [0x7f2c258ac875]
/opt/xilinx/Vivado/2019.1/lib/lnx64.o/libtcl8.5.so(TclObjInterpProcCore+0x420) [0x7f2c258eddf0]
/opt/xilinx/Vivado/2019.1/lib/lnx64.o/libtcl8.5.so(+0x334af) [0x7f2c258694af]
/opt/xilinx/Vivado/2019.1/lib/lnx64.o/libtcl8.5.so(+0x76875) [0x7f2c258ac875]
/opt/xilinx/Vivado/2019.1/lib/lnx64.o/libtcl8.5.so(TclObjInterpProcCore+0x420) [0x7f2c258eddf0]
/opt/xilinx/Vivado/2019.1/lib/lnx64.o/libtcl8.5.so(+0x334af) [0x7f2c258694af]
/opt/xilinx/Vivado/2019.1/lib/lnx64.o/libtcl8.5.so(+0x34b38) [0x7f2c2586ab38]
/opt/xilinx/Vivado/2019.1/lib/lnx64.o/libtcl8.5.so(Tcl_EvalEx+0x13) [0x7f2c2586b0a3]
/opt/xilinx/Vivado/2019.1/lib/lnx64.o/libtcl8.5.so(Tcl_Eval+0x15) [0x7f2c2586b0c5]
/opt/xilinx/Vivado/2019.1/lib/lnx64.o/libhls_support.so(+0x719e4) [0x7f2c195ae9e4]
/opt/xilinx/Vivado/2019.1/lib/lnx64.o/libhls_support.so(xpcl::TclManager::tclMain(Tcl_Interp*)+0xc) [0x7f2c195aeadc]
/opt/xilinx/Vivado/2019.1/lib/lnx64.o/librdi_hlstasks.so(+0xf15f) [0x7f2c2133e15f]
/opt/xilinx/Vivado/2019.1/lib/lnx64.o/librdi_common.so(+0x8068e2) [0x7f2c2b1d28e2]
/opt/xilinx/Vivado/2019.1/lib/lnx64.o/libtcl8.5.so(+0x334af) [0x7f2c258694af]
/opt/xilinx/Vivado/2019.1/lib/lnx64.o/libtcl8.5.so(+0x34b38) [0x7f2c2586ab38]
/opt/xilinx/Vivado/2019.1/lib/lnx64.o/libtcl8.5.so(Tcl_EvalEx+0x13) [0x7f2c2586b0a3]
/opt/xilinx/Vivado/2019.1/lib/lnx64.o/libtcl8.5.so(TclEvalObjEx+0x3cf) [0x7f2c2586b4af]
/opt/xilinx/Vivado/2019.1/lib/lnx64.o/libtcl8.5.so(+0xb74a9) [0x7f2c258ed4a9]
/opt/xilinx/Vivado/2019.1/lib/lnx64.o/libtcl8.5.so(+0x334af) [0x7f2c258694af]
/opt/xilinx/Vivado/2019.1/lib/lnx64.o/libtcl8.5.so(+0x76875) [0x7f2c258ac875]
/opt/xilinx/Vivado/2019.1/lib/lnx64.o/libtcl8.5.so(TclObjInterpProcCore+0x420) [0x7f2c258eddf0]
/opt/xilinx/Vivado/2019.1/lib/lnx64.o/libtcl8.5.so(+0x334af) [0x7f2c258694af]
/opt/xilinx/Vivado/2019.1/lib/lnx64.o/libtcl8.5.so(+0x76875) [0x7f2c258ac875]
/opt/xilinx/Vivado/2019.1/lib/lnx64.o/libtcl8.5.so(+0x7e029) [0x7f2c258b4029]
/opt/xilinx/Vivado/2019.1/lib/lnx64.o/libtcl8.5.so(TclEvalObjEx+0x76) [0x7f2c2586b156]
/opt/xilinx/Vivado/2019.1/lib/lnx64.o/librdi_commontasks.so(+0x1ebcc4) [0x7f2c1a589cc4]
/opt/xilinx/Vivado/2019.1/lib/lnx64.o/libtcl8.5.so(+0x334af) [0x7f2c258694af]
/opt/xilinx/Vivado/2019.1/lib/lnx64.o/libtcl8.5.so(+0x34b38) [0x7f2c2586ab38]
/opt/xilinx/Vivado/2019.1/lib/lnx64.o/libtcl8.5.so(+0xad486) [0x7f2c258e3486]
/opt/xilinx/Vivado/2019.1/lib/lnx64.o/libtcl8.5.so(+0x346c5) [0x7f2c2586a6c5]
/opt/xilinx/Vivado/2019.1/lib/lnx64.o/libtcl8.5.so(Tcl_EvalEx+0x13) [0x7f2c2586b0a3]
/opt/xilinx/Vivado/2019.1/lib/lnx64.o/libtcl8.5.so(Tcl_FSEvalFileEx+0x1da) [0x7f2c258cfc5a]
/opt/xilinx/Vivado/2019.1/lib/lnx64.o/librdi_commontasks.so(+0x208e5d) [0x7f2c1a5a6e5d]
/opt/xilinx/Vivado/2019.1/lib/lnx64.o/librdi_common.so(+0x8068e2) [0x7f2c2b1d28e2]
/opt/xilinx/Vivado/2019.1/lib/lnx64.o/libtcl8.5.so(+0x334af) [0x7f2c258694af]
/opt/xilinx/Vivado/2019.1/lib/lnx64.o/libtcl8.5.so(Tcl_EvalObjv+0x32) [0x7f2c258695e2]
/opt/xilinx/Vivado/2019.1/lib/lnx64.o/libtcl8.5.so(TclEvalObjEx+0x322) [0x7f2c2586b402]
/opt/xilinx/Vivado/2019.1/lib/lnx64.o/librdi_commontasks.so(+0x23ab2f) [0x7f2c1a5d8b2f]
/opt/xilinx/Vivado/2019.1/lib/lnx64.o/librdi_commontasks.so(+0x23c1fe) [0x7f2c1a5da1fe]
/opt/xilinx/Vivado/2019.1/lib/lnx64.o/librdi_common.so(+0x8068e2) [0x7f2c2b1d28e2]
/opt/xilinx/Vivado/2019.1/lib/lnx64.o/libtcl8.5.so(+0x334af) [0x7f2c258694af]
/opt/xilinx/Vivado/2019.1/lib/lnx64.o/libtcl8.5.so(Tcl_EvalObjv+0x32) [0x7f2c258695e2]
/opt/xilinx/Vivado/2019.1/lib/lnx64.o/libtcl8.5.so(TclEvalObjEx+0x322) [0x7f2c2586b402]
/opt/xilinx/Vivado/2019.1/lib/lnx64.o/librdi_commonmain.so(+0x7424) [0x7f2c2a7c8424]
/opt/xilinx/Vivado/2019.1/lib/lnx64.o/libtcl8.5.so(Tcl_Main+0x1d0) [0x7f2c258d6210]
/opt/xilinx/Vivado/2019.1/lib/lnx64.o/librdi_common.so(+0x84ac9b) [0x7f2c2b216c9b]
/lib/x86_64-linux-gnu/libpthread.so.0(+0x76db) [0x7f2c237f46db]
/lib/x86_64-linux-gnu/libc.so.6(clone+0x3f) [0x7f2c29f4d88f]
