==============================================================
Vivado(TM) HLS - High-Level Synthesis from C, C++ and SystemC v2019.1 (64-bit)
Copyright 1986-2019 Xilinx, Inc. All Rights Reserved.
==============================================================
INFO: [SYN 201-201] Setting up clock 'default' with a period of 5ns.
INFO: [SYN 201-201] Setting up clock 'default' with a period of 10ns.
INFO: [SCHED 204-61] Option 'relax_ii_for_timing' is enabled, will increase II to preserve clock frequency constraints.
INFO: [HLS 200-10] Analyzing design file 'extr_.linuxtoolsperfutilsession.c_perf_tool__fill_defaults_with_main.c' ... 
INFO: [HLS 200-111] Finished Linking Time (s): cpu = 00:01:24 ; elapsed = 00:09:58 . Memory (MB): peak = 832.453 ; gain = 132.133 ; free physical = 14264 ; free virtual = 43766
INFO: [HLS 200-111] Finished Checking Pragmas Time (s): cpu = 00:01:24 ; elapsed = 00:09:58 . Memory (MB): peak = 832.453 ; gain = 132.133 ; free physical = 14264 ; free virtual = 43766
INFO: [HLS 200-10] Starting code transformations ...
INFO: [HLS 200-111] Finished Standard Transforms Time (s): cpu = 00:01:25 ; elapsed = 00:10:00 . Memory (MB): peak = 832.453 ; gain = 132.133 ; free physical = 14264 ; free virtual = 43767
INFO: [HLS 200-10] Checking synthesizability ...
ERROR: [SYNCHK 200-11] extr_.linuxtoolsperfutilsession.c_perf_tool__fill_defaults_with_main.c:35: Argument 'tool.feature' of function 'perf_tool__fill_defaults' (extr_.linuxtoolsperfutilsession.c_perf_tool__fill_defaults_with_main.c:35) has an unsynthesizable type (possible cause(s): pointer to pointer or global pointer).
ERROR: [SYNCHK 200-41] extr_.linuxtoolsperfutilsession.c_perf_tool__fill_defaults_with_main.c:38: unsupported pointer reinterpretation from type 'i8*' to type 'int' on variable 'process_event_sample_stub'.
ERROR: [SYNCHK 200-42] extr_.linuxtoolsperfutilsession.c_perf_tool__fill_defaults_with_main.c:51: pointer comparison is not supported.
INFO: [SYNCHK 200-10] 3 error(s), 0 warning(s).
ERROR: [HLS 200-70] Synthesizability check failed.
INFO: [HLS 200-10] Opening project '/home/vivado/HLStools/vivado/214_revisao/proj_extr_.micropythondriverscc3000srcsecurity.c_expandKey_with_main.c'.
INFO: [HLS 200-10] Creating and opening solution '/home/vivado/HLStools/vivado/214_revisao/proj_extr_.micropythondriverscc3000srcsecurity.c_expandKey_with_main.c/sol'.
