==============================================================
Vivado(TM) HLS - High-Level Synthesis from C, C++ and SystemC v2019.1 (64-bit)
Copyright 1986-2019 Xilinx, Inc. All Rights Reserved.
==============================================================
INFO: [SYN 201-201] Setting up clock 'default' with a period of 5ns.
INFO: [SYN 201-201] Setting up clock 'default' with a period of 10ns.
INFO: [SCHED 204-61] Option 'relax_ii_for_timing' is enabled, will increase II to preserve clock frequency constraints.
INFO: [HLS 200-10] Analyzing design file 'extr_.linuxdriversvideofbdevrivariva_hw.c_nv4CalcArbitration_with_main.c' ... 
INFO: [HLS 200-111] Finished Linking Time (s): cpu = 00:00:27 ; elapsed = 00:00:41 . Memory (MB): peak = 832.453 ; gain = 132.133 ; free physical = 21539 ; free virtual = 44389
INFO: [HLS 200-111] Finished Checking Pragmas Time (s): cpu = 00:00:27 ; elapsed = 00:00:41 . Memory (MB): peak = 832.453 ; gain = 132.133 ; free physical = 21539 ; free virtual = 44389
INFO: [HLS 200-10] Starting code transformations ...
INFO: [HLS 200-111] Finished Standard Transforms Time (s): cpu = 00:00:29 ; elapsed = 00:00:42 . Memory (MB): peak = 832.453 ; gain = 132.133 ; free physical = 21539 ; free virtual = 44389
INFO: [HLS 200-10] Checking synthesizability ...
INFO: [HLS 200-111] Finished Checking Synthesizability Time (s): cpu = 00:00:29 ; elapsed = 00:00:42 . Memory (MB): peak = 832.453 ; gain = 132.133 ; free physical = 21539 ; free virtual = 44389
INFO: [XFORM 203-11] Balancing expressions in function 'nv4CalcArbitration' (extr_.linuxdriversvideofbdevrivariva_hw.c_nv4CalcArbitration_with_main.c:23)...6 expression(s) balanced.
INFO: [HLS 200-111] Finished Pre-synthesis Time (s): cpu = 00:00:29 ; elapsed = 00:00:43 . Memory (MB): peak = 832.453 ; gain = 132.133 ; free physical = 21526 ; free virtual = 44377
INFO: [HLS 200-111] Finished Architecture Synthesis Time (s): cpu = 00:00:29 ; elapsed = 00:00:43 . Memory (MB): peak = 832.453 ; gain = 132.133 ; free physical = 21526 ; free virtual = 44377
INFO: [HLS 200-10] Starting hardware synthesis ...
INFO: [HLS 200-10] Synthesizing 'main' ...
INFO: [HLS 200-10] ----------------------------------------------------------------
INFO: [HLS 200-42] -- Implementing module 'main' 
INFO: [HLS 200-10] ----------------------------------------------------------------
INFO: [SCHED 204-11] Starting scheduling ...
INFO: [SCHED 204-11] Finished scheduling.
INFO: [HLS 200-111]  Elapsed time: 14.96 seconds; current allocated memory: 113.358 MB.
INFO: [BIND 205-100] Starting micro-architecture generation ...
INFO: [BIND 205-101] Performing variable lifetime analysis.
INFO: [BIND 205-101] Exploring resource sharing.
INFO: [BIND 205-101] Binding ...
INFO: [BIND 205-100] Finished micro-architecture generation.
INFO: [HLS 200-111]  Elapsed time: 0 seconds; current allocated memory: 113.383 MB.
INFO: [HLS 200-10] ----------------------------------------------------------------
INFO: [HLS 200-10] -- Generating RTL for module 'main' 
INFO: [HLS 200-10] ----------------------------------------------------------------
INFO: [RTGEN 206-500] Setting interface mode on function 'main' to 'ap_ctrl_hs'.
INFO: [RTGEN 206-100] Finished creating RTL model for 'main'.
INFO: [HLS 200-111]  Elapsed time: 0.01 seconds; current allocated memory: 113.426 MB.
INFO: [HLS 200-111] Finished generating all RTL models Time (s): cpu = 00:00:30 ; elapsed = 00:00:43 . Memory (MB): peak = 832.453 ; gain = 132.133 ; free physical = 21525 ; free virtual = 44376
INFO: [VHDL 208-304] Generating VHDL RTL for main.
INFO: [VLOG 209-307] Generating Verilog RTL for main.
INFO: [HLS 200-10] Creating and opening project '/home/vivado/aut/proj_extr_.reactosdll3rdpartylibxsltxsltlocale.c_xsltDefaultRegion_with_main.c'.
INFO: [HLS 200-10] Adding design file 'extr_.reactosdll3rdpartylibxsltxsltlocale.c_xsltDefaultRegion_with_main.c' to the project
INFO: [HLS 200-10] Creating and opening solution '/home/vivado/aut/proj_extr_.reactosdll3rdpartylibxsltxsltlocale.c_xsltDefaultRegion_with_main.c/solution1'.
==============================================================
Vivado(TM) HLS - High-Level Synthesis from C, C++ and SystemC v2019.1 (64-bit)
Copyright 1986-2019 Xilinx, Inc. All Rights Reserved.
==============================================================
INFO: [SYN 201-201] Setting up clock 'default' with a period of 10ns.
INFO: [SCHED 204-61] Option 'relax_ii_for_timing' is enabled, will increase II to preserve clock frequency constraints.
INFO: [HLS 200-10] Analyzing design file 'extr_.linuxdriversvideofbdevrivariva_hw.c_nv4CalcArbitration_with_main.c' ... 
INFO: [HLS 200-111] Finished Linking Time (s): cpu = 00:03:03 ; elapsed = 00:13:33 . Memory (MB): peak = 899.422 ; gain = 199.102 ; free physical = 26945 ; free virtual = 37417
INFO: [HLS 200-111] Finished Checking Pragmas Time (s): cpu = 00:03:03 ; elapsed = 00:13:33 . Memory (MB): peak = 899.422 ; gain = 199.102 ; free physical = 26945 ; free virtual = 37417
INFO: [HLS 200-10] Starting code transformations ...
ERROR: [SYNCHK 200-79] Static function 'nv4CalcArbitration' cannot be set as the top model.
ERROR: [HLS 200-70] Synthesizability check failed.
INFO: [SCHED 204-61] Option 'relax_ii_for_timing' is enabled, will increase II to preserve clock frequency constraints.
INFO: [HLS 200-10] Analyzing design file 'extr_.linuxdriversvideofbdevrivariva_hw.c_nv4CalcArbitration_with_main.c' ... 
INFO: [HLS 200-111] Finished Linking Time (s): cpu = 00:03:18 ; elapsed = 00:14:38 . Memory (MB): peak = 899.422 ; gain = 199.102 ; free physical = 26943 ; free virtual = 37415
INFO: [HLS 200-111] Finished Checking Pragmas Time (s): cpu = 00:03:18 ; elapsed = 00:14:38 . Memory (MB): peak = 899.422 ; gain = 199.102 ; free physical = 26943 ; free virtual = 37415
INFO: [HLS 200-10] Starting code transformations ...
INFO: [HLS 200-111] Finished Standard Transforms Time (s): cpu = 00:03:19 ; elapsed = 00:14:40 . Memory (MB): peak = 899.422 ; gain = 199.102 ; free physical = 26943 ; free virtual = 37415
INFO: [HLS 200-10] Checking synthesizability ...
INFO: [HLS 200-111] Finished Checking Synthesizability Time (s): cpu = 00:03:19 ; elapsed = 00:14:40 . Memory (MB): peak = 899.422 ; gain = 199.102 ; free physical = 26943 ; free virtual = 37415
INFO: [XFORM 203-11] Balancing expressions in function 'nv4CalcArbitration' (extr_.linuxdriversvideofbdevrivariva_hw.c_nv4CalcArbitration_with_main.c:23)...6 expression(s) balanced.
INFO: [HLS 200-111] Finished Pre-synthesis Time (s): cpu = 00:03:20 ; elapsed = 00:14:40 . Memory (MB): peak = 899.422 ; gain = 199.102 ; free physical = 26937 ; free virtual = 37409
INFO: [HLS 200-111] Finished Architecture Synthesis Time (s): cpu = 00:03:20 ; elapsed = 00:14:41 . Memory (MB): peak = 899.422 ; gain = 199.102 ; free physical = 26937 ; free virtual = 37409
INFO: [HLS 200-10] Starting hardware synthesis ...
INFO: [HLS 200-10] Synthesizing 'nv4CalcArbitration' ...
INFO: [HLS 200-10] ----------------------------------------------------------------
INFO: [HLS 200-42] -- Implementing module 'nv4CalcArbitration' 
INFO: [HLS 200-10] ----------------------------------------------------------------
INFO: [SCHED 204-11] Starting scheduling ...
INFO: [SCHED 204-11] Finished scheduling.
INFO: [HLS 200-111]  Elapsed time: 156.31 seconds; current allocated memory: 133.175 MB.
INFO: [BIND 205-100] Starting micro-architecture generation ...
INFO: [BIND 205-101] Performing variable lifetime analysis.
INFO: [BIND 205-101] Exploring resource sharing.
INFO: [BIND 205-101] Binding ...
INFO: [BIND 205-100] Finished micro-architecture generation.
INFO: [HLS 200-111]  Elapsed time: 0.56 seconds; current allocated memory: 134.985 MB.
INFO: [HLS 200-10] ----------------------------------------------------------------
INFO: [HLS 200-10] -- Generating RTL for module 'nv4CalcArbitration' 
INFO: [HLS 200-10] ----------------------------------------------------------------
INFO: [RTGEN 206-500] Setting interface mode on port 'nv4CalcArbitration/fifo_valid' to 'ap_vld'.
INFO: [RTGEN 206-500] Setting interface mode on port 'nv4CalcArbitration/fifo_graphics_lwm' to 'ap_vld'.
INFO: [RTGEN 206-500] Setting interface mode on port 'nv4CalcArbitration/fifo_graphics_burst_size' to 'ap_vld'.
INFO: [RTGEN 206-500] Setting interface mode on port 'nv4CalcArbitration/fifo_video_lwm' to 'ap_vld'.
INFO: [RTGEN 206-500] Setting interface mode on port 'nv4CalcArbitration/fifo_video_burst_size' to 'ap_vld'.
INFO: [RTGEN 206-500] Setting interface mode on port 'nv4CalcArbitration/arb_pclk_khz' to 'ap_none'.
INFO: [RTGEN 206-500] Setting interface mode on port 'nv4CalcArbitration/arb_mclk_khz' to 'ap_none'.
INFO: [RTGEN 206-500] Setting interface mode on port 'nv4CalcArbitration/arb_nvclk_khz' to 'ap_none'.
INFO: [RTGEN 206-500] Setting interface mode on port 'nv4CalcArbitration/arb_mem_page_miss' to 'ap_none'.
INFO: [RTGEN 206-500] Setting interface mode on port 'nv4CalcArbitration/arb_mem_latency' to 'ap_none'.
INFO: [RTGEN 206-500] Setting interface mode on port 'nv4CalcArbitration/arb_memory_width' to 'ap_none'.
INFO: [RTGEN 206-500] Setting interface mode on port 'nv4CalcArbitration/arb_enable_video' to 'ap_none'.
INFO: [RTGEN 206-500] Setting interface mode on port 'nv4CalcArbitration/arb_gr_during_vid' to 'ap_none'.
INFO: [RTGEN 206-500] Setting interface mode on port 'nv4CalcArbitration/arb_pix_bpp' to 'ap_none'.
INFO: [RTGEN 206-500] Setting interface mode on port 'nv4CalcArbitration/arb_mem_aligned' to 'ap_none'.
INFO: [RTGEN 206-500] Setting interface mode on port 'nv4CalcArbitration/arb_enable_mp' to 'ap_none'.
INFO: [RTGEN 206-500] Setting interface mode on function 'nv4CalcArbitration' to 'ap_ctrl_hs'.
WARNING: [RTGEN 206-101] Port 'nv4CalcArbitration/arb_gr_during_vid' has no fanin or fanout and is left dangling.
               Please use C simulation to confirm this function argument can be read from or written to.
WARNING: [RTGEN 206-101] Port 'nv4CalcArbitration/arb_mem_aligned' has no fanin or fanout and is left dangling.
               Please use C simulation to confirm this function argument can be read from or written to.
INFO: [RTGEN 206-100] Generating core module 'nv4CalcArbitration_mul_mul_21ns_8ns_29_1_1': 1 instance(s).
INFO: [RTGEN 206-100] Generating core module 'nv4CalcArbitration_sdiv_24ns_32ns_32_28_seq_1': 1 instance(s).
INFO: [RTGEN 206-100] Generating core module 'nv4CalcArbitration_sdiv_25ns_32ns_32_29_seq_1': 1 instance(s).
INFO: [RTGEN 206-100] Generating core module 'nv4CalcArbitration_sdiv_26ns_32ns_32_30_seq_1': 1 instance(s).
INFO: [RTGEN 206-100] Generating core module 'nv4CalcArbitration_sdiv_26ns_32s_32_30_seq_1': 1 instance(s).
INFO: [RTGEN 206-100] Generating core module 'nv4CalcArbitration_sdiv_29ns_29ns_29_33_seq_1': 2 instance(s).
INFO: [RTGEN 206-100] Generating core module 'nv4CalcArbitration_sdiv_30s_32s_32_34_seq_1': 2 instance(s).
INFO: [RTGEN 206-100] Generating core module 'nv4CalcArbitration_sdiv_32ns_32s_32_36_seq_1': 4 instance(s).
INFO: [RTGEN 206-100] Finished creating RTL model for 'nv4CalcArbitration'.
INFO: [HLS 200-111]  Elapsed time: 0.78 seconds; current allocated memory: 138.567 MB.
INFO: [RTMG 210-282] Generating pipelined core: 'nv4CalcArbitration_sdiv_32ns_32s_32_36_seq_1_div'
INFO: [RTMG 210-282] Generating pipelined core: 'nv4CalcArbitration_sdiv_26ns_32ns_32_30_seq_1_div'
INFO: [RTMG 210-282] Generating pipelined core: 'nv4CalcArbitration_sdiv_26ns_32s_32_30_seq_1_div'
INFO: [RTMG 210-282] Generating pipelined core: 'nv4CalcArbitration_sdiv_29ns_29ns_29_33_seq_1_div'
INFO: [RTMG 210-282] Generating pipelined core: 'nv4CalcArbitration_sdiv_25ns_32ns_32_29_seq_1_div'
INFO: [RTMG 210-282] Generating pipelined core: 'nv4CalcArbitration_sdiv_30s_32s_32_34_seq_1_div'
INFO: [RTMG 210-282] Generating pipelined core: 'nv4CalcArbitration_sdiv_24ns_32ns_32_28_seq_1_div'
INFO: [HLS 200-111] Finished generating all RTL models Time (s): cpu = 00:03:23 ; elapsed = 00:14:45 . Memory (MB): peak = 899.422 ; gain = 199.102 ; free physical = 26928 ; free virtual = 37406
INFO: [VHDL 208-304] Generating VHDL RTL for nv4CalcArbitration.
INFO: [VLOG 209-307] Generating Verilog RTL for nv4CalcArbitration.
INFO: [HLS 200-10] Opening project '/home/vivado/HLStools/vivado/214_benchmakrs/proj_extr_.linuxdriversvideofbdevsisinit.c_SiS_Generic_ConvertCRData_with_main.c'.
ERROR: [HLS 200-70] You must open a solution first
INFO: [HLS 200-10] Opening solution '/home/vivado/HLStools/vivado/214_benchmakrs/proj_extr_.linuxdriversvideofbdevsisinit.c_SiS_Generic_ConvertCRData_with_main.c/solution1'.
