

================================================================
== Vivado HLS Report for 'paeth'
================================================================
* Date:           Mon Apr 27 13:07:17 2020

* Version:        2019.1 (Build 2552052 on Fri May 24 15:28:33 MDT 2019)
* Project:        proj
* Solution:       sol
* Product family: virtexuplus
* Target device:  xcvu9p-flgb2104-2-i


================================================================
== Performance Estimates
================================================================
+ Timing (ns): 
    * Summary: 
    +--------+-------+----------+------------+
    |  Clock | Target| Estimated| Uncertainty|
    +--------+-------+----------+------------+
    |ap_clk  |  10.00|     5.754|        1.25|
    +--------+-------+----------+------------+

+ Latency (clock cycles): 
    * Summary: 
    +-------+-------+-------+-------+---------+
    |    Latency    |    Interval   | Pipeline|
    |  min  |  max  |  min  |  max  |   Type  |
    +-------+-------+-------+-------+---------+
    |  20202|  20202|  20202|  20202|   none  |
    +-------+-------+-------+-------+---------+

    + Detail: 
        * Instance: 
        N/A

        * Loop: 
        +-------------+-------+-------+----------+-----------+-----------+------+----------+
        |             |    Latency    | Iteration|  Initiation Interval  | Trip |          |
        |  Loop Name  |  min  |  max  |  Latency |  achieved |   target  | Count| Pipelined|
        +-------------+-------+-------+----------+-----------+-----------+------+----------+
        |- Loop 1     |  20200|  20200|       202|          -|          -|   100|    no    |
        | + Loop 1.1  |    200|    200|         2|          -|          -|   100|    no    |
        +-------------+-------+-------+----------+-----------+-----------+------+----------+



================================================================
== Utilization Estimates
================================================================
* Summary: 
+---------------------+---------+-------+---------+---------+-----+
|         Name        | BRAM_18K| DSP48E|    FF   |   LUT   | URAM|
+---------------------+---------+-------+---------+---------+-----+
|DSP                  |        -|      -|        -|        -|    -|
|Expression           |        -|      -|        0|      354|    -|
|FIFO                 |        -|      -|        -|        -|    -|
|Instance             |        -|      -|        -|        -|    -|
|Memory               |        -|      -|        -|        -|    -|
|Multiplexer          |        -|      -|        -|       81|    -|
|Register             |        -|      -|       40|        -|    -|
+---------------------+---------+-------+---------+---------+-----+
|Total                |        0|      0|       40|      435|    0|
+---------------------+---------+-------+---------+---------+-----+
|Available SLR        |     1440|   2280|   788160|   394080|  320|
+---------------------+---------+-------+---------+---------+-----+
|Utilization SLR (%)  |        0|      0|    ~0   |    ~0   |    0|
+---------------------+---------+-------+---------+---------+-----+
|Available            |     4320|   6840|  2364480|  1182240|  960|
+---------------------+---------+-------+---------+---------+-----+
|Utilization (%)      |        0|      0|    ~0   |    ~0   |    0|
+---------------------+---------+-------+---------+---------+-----+

+ Detail: 
    * Instance: 
    N/A

    * DSP48E: 
    N/A

    * Memory: 
    N/A

    * FIFO: 
    N/A

    * Expression: 
    +-------------------------+----------+-------+---+----+------------+------------+
    |      Variable Name      | Operation| DSP48E| FF| LUT| Bitwidth P0| Bitwidth P1|
    +-------------------------+----------+-------+---+----+------------+------------+
    |i_fu_137_p2              |     +    |      0|  0|   7|           7|           1|
    |k_fu_149_p2              |     +    |      0|  0|   7|           7|           1|
    |neg1_fu_247_p2           |     -    |      0|  0|  17|           1|          17|
    |neg7_fu_271_p2           |     -    |      0|  0|  19|           1|          19|
    |neg_fu_223_p2            |     -    |      0|  0|  17|           1|          17|
    |pas_fu_175_p2            |     -    |      0|  0|  17|          17|          17|
    |pbs_fu_189_p2            |     -    |      0|  0|  17|          17|          17|
    |sub_ln15_fu_207_p2       |     -    |      0|  0|  18|          18|          18|
    |test_3_fu_321_p2         |    and   |      0|  0|   2|           1|           1|
    |abscond2_fu_253_p2       |   icmp   |      0|  0|  20|          17|           1|
    |abscond8_fu_277_p2       |   icmp   |      0|  0|  20|          18|           1|
    |abscond_fu_229_p2        |   icmp   |      0|  0|  20|          17|           1|
    |icmp_ln10_fu_143_p2      |   icmp   |      0|  0|  11|           7|           6|
    |icmp_ln17_fu_291_p2      |   icmp   |      0|  0|  20|          19|          19|
    |icmp_ln19_fu_309_p2      |   icmp   |      0|  0|  20|          17|          17|
    |icmp_ln8_fu_131_p2       |   icmp   |      0|  0|  11|           7|           6|
    |test_4_fu_303_p2         |   icmp   |      0|  0|  20|          19|          19|
    |pcs_fu_213_p2            |    or    |      0|  0|  18|          18|          18|
    |abs3_fu_259_p3           |  select  |      0|  0|  17|           1|          17|
    |abs9_fu_283_p3           |  select  |      0|  0|  19|           1|          19|
    |abs_fu_235_p3            |  select  |      0|  0|  17|           1|          17|
    |c_load_b_load_fu_327_p3  |  select  |      0|  0|  16|           1|          16|
    |test_2_fu_297_p2         |    xor   |      0|  0|   2|           1|           2|
    |xor_ln19_fu_315_p2       |    xor   |      0|  0|   2|           1|           2|
    +-------------------------+----------+-------+---+----+------------+------------+
    |Total                    |          |      0|  0| 354|         215|         269|
    +-------------------------+----------+-------+---+----+------------+------------+

    * Multiplexer: 
    +-----------------------------------------+----+-----------+-----+-----------+
    |                   Name                  | LUT| Input Size| Bits| Total Bits|
    +-----------------------------------------+----+-----------+-----+-----------+
    |ap_NS_fsm                                |  33|          6|    1|          6|
    |ap_phi_mux_storemerge1_in_phi_fu_124_p4  |  15|          3|   16|         48|
    |i_0_reg_99                               |   9|          2|    7|         14|
    |k_0_reg_110                              |   9|          2|    7|         14|
    |out_r_address0                           |  15|          3|    7|         21|
    +-----------------------------------------+----+-----------+-----+-----------+
    |Total                                    |  81|         16|   38|        103|
    +-----------------------------------------+----+-----------+-----+-----------+

    * Register: 
    +--------------------+---+----+-----+-----------+
    |        Name        | FF| LUT| Bits| Const Bits|
    +--------------------+---+----+-----+-----------+
    |ap_CS_fsm           |  5|   0|    5|          0|
    |i_0_reg_99          |  7|   0|    7|          0|
    |i_reg_349           |  7|   0|    7|          0|
    |k_0_reg_110         |  7|   0|    7|          0|
    |k_reg_357           |  7|   0|    7|          0|
    |out_addr_1_reg_377  |  7|   0|    7|          0|
    +--------------------+---+----+-----+-----------+
    |Total               | 40|   0|   40|          0|
    +--------------------+---+----+-----+-----------+



================================================================
== Interface
================================================================
* Summary: 
+----------------+-----+-----+------------+--------------+--------------+
|    RTL Ports   | Dir | Bits|  Protocol  | Source Object|    C Type    |
+----------------+-----+-----+------------+--------------+--------------+
|ap_clk          |  in |    1| ap_ctrl_hs |     paeth    | return value |
|ap_rst          |  in |    1| ap_ctrl_hs |     paeth    | return value |
|ap_start        |  in |    1| ap_ctrl_hs |     paeth    | return value |
|ap_done         | out |    1| ap_ctrl_hs |     paeth    | return value |
|ap_idle         | out |    1| ap_ctrl_hs |     paeth    | return value |
|ap_ready        | out |    1| ap_ctrl_hs |     paeth    | return value |
|ap_return       | out |   32| ap_ctrl_hs |     paeth    | return value |
|a_address0      | out |    7|  ap_memory |       a      |     array    |
|a_ce0           | out |    1|  ap_memory |       a      |     array    |
|a_q0            |  in |   16|  ap_memory |       a      |     array    |
|b_address0      | out |    7|  ap_memory |       b      |     array    |
|b_ce0           | out |    1|  ap_memory |       b      |     array    |
|b_q0            |  in |   16|  ap_memory |       b      |     array    |
|c_address0      | out |    7|  ap_memory |       c      |     array    |
|c_ce0           | out |    1|  ap_memory |       c      |     array    |
|c_q0            |  in |   16|  ap_memory |       c      |     array    |
|out_r_address0  | out |    7|  ap_memory |     out_r    |     array    |
|out_r_ce0       | out |    1|  ap_memory |     out_r    |     array    |
|out_r_we0       | out |    1|  ap_memory |     out_r    |     array    |
|out_r_d0        | out |   32|  ap_memory |     out_r    |     array    |
|out_r_q0        |  in |   32|  ap_memory |     out_r    |     array    |
+----------------+-----+-----+------------+--------------+--------------+

