==============================================================
Vivado(TM) HLS - High-Level Synthesis from C, C++ and SystemC v2019.1 (64-bit)
Copyright 1986-2019 Xilinx, Inc. All Rights Reserved.
==============================================================
INFO: [HLS 200-10] Setting target device to 'xc7k160t-fbg484-1'
INFO: [SYN 201-201] Setting up clock 'default' with a period of 5ns.
INFO: [SYN 201-201] Setting up clock 'default' with a period of 10ns.
INFO: [SCHED 204-61] Option 'relax_ii_for_timing' is enabled, will increase II to preserve clock frequency constraints.
INFO: [HLS 200-10] Analyzing design file 'extr_.openpilotselfdrivecontrolsliblateral_mpclib_mpc_exportacado_solver.c_acado_setObjQN1QN2_with_main.c' ... 
INFO: [HLS 200-111] Finished Linking Time (s): cpu = 00:00:13 ; elapsed = 00:00:26 . Memory (MB): peak = 832.453 ; gain = 132.133 ; free physical = 21559 ; free virtual = 44409
INFO: [HLS 200-111] Finished Checking Pragmas Time (s): cpu = 00:00:13 ; elapsed = 00:00:26 . Memory (MB): peak = 832.453 ; gain = 132.133 ; free physical = 21559 ; free virtual = 44409
INFO: [HLS 200-10] Starting code transformations ...
INFO: [HLS 200-111] Finished Standard Transforms Time (s): cpu = 00:00:15 ; elapsed = 00:00:28 . Memory (MB): peak = 832.453 ; gain = 132.133 ; free physical = 21559 ; free virtual = 44409
INFO: [HLS 200-10] Checking synthesizability ...
INFO: [XFORM 203-602] Inlining function 'acado_setObjQN1QN2' into 'main' (extr_.openpilotselfdrivecontrolsliblateral_mpclib_mpc_exportacado_solver.c_acado_setObjQN1QN2_with_main.c:56) automatically.
WARNING: [SYNCHK 200-77] The top function 'main' has no outputs. Possible cause(s) are: (1) Output parameters are passed by value; (2) intended outputs (parameters or global variables) are never written; (3) there are infinite loops.
INFO: [SYNCHK 200-10] 0 error(s), 1 warning(s).
INFO: [HLS 200-111] Finished Checking Synthesizability Time (s): cpu = 00:00:15 ; elapsed = 00:00:28 . Memory (MB): peak = 832.453 ; gain = 132.133 ; free physical = 21559 ; free virtual = 44409
INFO: [HLS 200-111] Finished Pre-synthesis Time (s): cpu = 00:00:15 ; elapsed = 00:00:28 . Memory (MB): peak = 832.453 ; gain = 132.133 ; free physical = 21542 ; free virtual = 44392
INFO: [HLS 200-111] Finished Architecture Synthesis Time (s): cpu = 00:00:15 ; elapsed = 00:00:28 . Memory (MB): peak = 832.453 ; gain = 132.133 ; free physical = 21542 ; free virtual = 44392
INFO: [HLS 200-10] Starting hardware synthesis ...
INFO: [HLS 200-10] Synthesizing 'main' ...
INFO: [HLS 200-10] ----------------------------------------------------------------
INFO: [HLS 200-42] -- Implementing module 'main' 
INFO: [HLS 200-10] ----------------------------------------------------------------
INFO: [SCHED 204-11] Starting scheduling ...
INFO: [SCHED 204-11] Finished scheduling.
INFO: [HLS 200-111]  Elapsed time: 27.81 seconds; current allocated memory: 94.679 MB.
INFO: [BIND 205-100] Starting micro-architecture generation ...
INFO: [BIND 205-101] Performing variable lifetime analysis.
INFO: [BIND 205-101] Exploring resource sharing.
INFO: [BIND 205-101] Binding ...
INFO: [BIND 205-100] Finished micro-architecture generation.
INFO: [HLS 200-111]  Elapsed time: 0 seconds; current allocated memory: 94.716 MB.
INFO: [HLS 200-10] ----------------------------------------------------------------
INFO: [HLS 200-10] -- Generating RTL for module 'main' 
INFO: [HLS 200-10] ----------------------------------------------------------------
INFO: [RTGEN 206-500] Setting interface mode on function 'main' to 'ap_ctrl_hs'.
WARNING: [RTGEN 206-101] Setting dangling out port 'main/ap_return' to 0.
INFO: [RTGEN 206-100] Finished creating RTL model for 'main'.
INFO: [HLS 200-111]  Elapsed time: 0.01 seconds; current allocated memory: 94.805 MB.
INFO: [HLS 200-111] Finished generating all RTL models Time (s): cpu = 00:00:15 ; elapsed = 00:00:28 . Memory (MB): peak = 832.453 ; gain = 132.133 ; free physical = 21541 ; free virtual = 44391
INFO: [VHDL 208-304] Generating VHDL RTL for main.
INFO: [VLOG 209-307] Generating Verilog RTL for main.
INFO: [HLS 200-10] Creating and opening project '/home/vivado/aut/proj_extr_.linuxdriversvideofbdevrivariva_hw.c_nv4CalcArbitration_with_main.c'.
INFO: [HLS 200-10] Adding design file 'extr_.linuxdriversvideofbdevrivariva_hw.c_nv4CalcArbitration_with_main.c' to the project
INFO: [HLS 200-10] Creating and opening solution '/home/vivado/aut/proj_extr_.linuxdriversvideofbdevrivariva_hw.c_nv4CalcArbitration_with_main.c/solution1'.
==============================================================
Vivado(TM) HLS - High-Level Synthesis from C, C++ and SystemC v2019.1 (64-bit)
Copyright 1986-2019 Xilinx, Inc. All Rights Reserved.
==============================================================
INFO: [SYN 201-201] Setting up clock 'default' with a period of 10ns.
INFO: [SCHED 204-61] Option 'relax_ii_for_timing' is enabled, will increase II to preserve clock frequency constraints.
INFO: [HLS 200-10] Analyzing design file 'extr_.openpilotselfdrivecontrolsliblateral_mpclib_mpc_exportacado_solver.c_acado_setObjQN1QN2_with_main.c' ... 
INFO: [HLS 200-111] Finished Linking Time (s): cpu = 00:13:48 ; elapsed = 01:33:15 . Memory (MB): peak = 915.426 ; gain = 215.105 ; free physical = 26794 ; free virtual = 37328
INFO: [HLS 200-111] Finished Checking Pragmas Time (s): cpu = 00:13:48 ; elapsed = 01:33:15 . Memory (MB): peak = 915.426 ; gain = 215.105 ; free physical = 26794 ; free virtual = 37328
INFO: [HLS 200-10] Starting code transformations ...
INFO: [HLS 200-111] Finished Standard Transforms Time (s): cpu = 00:13:49 ; elapsed = 01:33:17 . Memory (MB): peak = 915.426 ; gain = 215.105 ; free physical = 26795 ; free virtual = 37329
INFO: [HLS 200-10] Checking synthesizability ...
ERROR: [SYNCHK 200-61] extr_.openpilotselfdrivecontrolsliblateral_mpclib_mpc_exportacado_solver.c_acado_setObjQN1QN2_with_main.c:18: unsupported memory access on variable 'tmpFx' which is (or contains) an array with unknown size at compile time.
INFO: [SYNCHK 200-10] 1 error(s), 0 warning(s).
ERROR: [HLS 200-70] Synthesizability check failed.
INFO: [SCHED 204-61] Option 'relax_ii_for_timing' is enabled, will increase II to preserve clock frequency constraints.
INFO: [HLS 200-10] Analyzing design file 'extr_.openpilotselfdrivecontrolsliblateral_mpclib_mpc_exportacado_solver.c_acado_setObjQN1QN2_with_main.c' ... 
INFO: [HLS 200-111] Finished Linking Time (s): cpu = 00:14:02 ; elapsed = 01:34:14 . Memory (MB): peak = 915.426 ; gain = 215.105 ; free physical = 26796 ; free virtual = 37330
INFO: [HLS 200-111] Finished Checking Pragmas Time (s): cpu = 00:14:02 ; elapsed = 01:34:14 . Memory (MB): peak = 915.426 ; gain = 215.105 ; free physical = 26796 ; free virtual = 37330
INFO: [HLS 200-10] Starting code transformations ...
INFO: [HLS 200-111] Finished Standard Transforms Time (s): cpu = 00:14:04 ; elapsed = 01:34:16 . Memory (MB): peak = 915.426 ; gain = 215.105 ; free physical = 26797 ; free virtual = 37331
INFO: [HLS 200-10] Checking synthesizability ...
INFO: [HLS 200-111] Finished Checking Synthesizability Time (s): cpu = 00:14:04 ; elapsed = 01:34:16 . Memory (MB): peak = 915.426 ; gain = 215.105 ; free physical = 26797 ; free virtual = 37331
INFO: [XFORM 203-11] Balancing expressions in function 'acado_setObjQN1QN2' (extr_.openpilotselfdrivecontrolsliblateral_mpclib_mpc_exportacado_solver.c_acado_setObjQN1QN2_with_main.c:16)...96 expression(s) balanced.
INFO: [HLS 200-111] Finished Pre-synthesis Time (s): cpu = 00:14:04 ; elapsed = 01:34:16 . Memory (MB): peak = 915.426 ; gain = 215.105 ; free physical = 26790 ; free virtual = 37324
INFO: [HLS 200-111] Finished Architecture Synthesis Time (s): cpu = 00:14:04 ; elapsed = 01:34:16 . Memory (MB): peak = 915.426 ; gain = 215.105 ; free physical = 26790 ; free virtual = 37324
INFO: [HLS 200-10] Starting hardware synthesis ...
INFO: [HLS 200-10] Synthesizing 'acado_setObjQN1QN2' ...
INFO: [HLS 200-10] ----------------------------------------------------------------
INFO: [HLS 200-42] -- Implementing module 'acado_setObjQN1QN2' 
INFO: [HLS 200-10] ----------------------------------------------------------------
INFO: [SCHED 204-11] Starting scheduling ...
INFO: [SCHED 204-11] Finished scheduling.
INFO: [HLS 200-111]  Elapsed time: 142.91 seconds; current allocated memory: 212.412 MB.
INFO: [BIND 205-100] Starting micro-architecture generation ...
INFO: [BIND 205-101] Performing variable lifetime analysis.
INFO: [BIND 205-101] Exploring resource sharing.
INFO: [BIND 205-101] Binding ...
INFO: [BIND 205-100] Finished micro-architecture generation.
INFO: [HLS 200-111]  Elapsed time: 1.21 seconds; current allocated memory: 213.854 MB.
INFO: [HLS 200-10] ----------------------------------------------------------------
INFO: [HLS 200-10] -- Generating RTL for module 'acado_setObjQN1QN2' 
INFO: [HLS 200-10] ----------------------------------------------------------------
INFO: [RTGEN 206-500] Setting interface mode on port 'acado_setObjQN1QN2/tmpFx' to 'ap_memory'.
INFO: [RTGEN 206-500] Setting interface mode on port 'acado_setObjQN1QN2/tmpObjSEndTerm' to 'ap_memory'.
INFO: [RTGEN 206-500] Setting interface mode on port 'acado_setObjQN1QN2/tmpQN1' to 'ap_memory'.
INFO: [RTGEN 206-500] Setting interface mode on port 'acado_setObjQN1QN2/tmpQN2' to 'ap_memory'.
INFO: [RTGEN 206-500] Setting interface mode on function 'acado_setObjQN1QN2' to 'ap_ctrl_hs'.
INFO: [RTGEN 206-100] Finished creating RTL model for 'acado_setObjQN1QN2'.
INFO: [HLS 200-111]  Elapsed time: 1.54 seconds; current allocated memory: 215.801 MB.
INFO: [HLS 200-111] Finished generating all RTL models Time (s): cpu = 00:14:11 ; elapsed = 01:34:24 . Memory (MB): peak = 915.426 ; gain = 215.105 ; free physical = 26783 ; free virtual = 37323
INFO: [VHDL 208-304] Generating VHDL RTL for acado_setObjQN1QN2.
INFO: [VLOG 209-307] Generating Verilog RTL for acado_setObjQN1QN2.
INFO: [HLS 200-10] Opening project '/home/vivado/HLStools/vivado/214_benchmakrs/proj_extr_.openpilotselfdrivecontrolsliblongitudinal_mpclib_mpc_exportacado_solver.c_acado_setObjQ1Q2_with_main.c'.
INFO: [HLS 200-10] Opening solution '/home/vivado/HLStools/vivado/214_benchmakrs/proj_extr_.openpilotselfdrivecontrolsliblongitudinal_mpclib_mpc_exportacado_solver.c_acado_setObjQ1Q2_with_main.c/solution1'.
