

================================================================
== Vivado HLS Report for 'hamming_window'
================================================================
* Date:           Fri Mar 13 10:40:30 2020

* Version:        2019.1 (Build 2552052 on Fri May 24 15:28:33 MDT 2019)
* Project:        proj_rom_init_c
* Solution:       solution1
* Product family: kintex7
* Target device:  xc7k160t-fbg484-1


================================================================
== Performance Estimates
================================================================
+ Timing (ns): 
    * Summary: 
    +--------+-------+----------+------------+
    |  Clock | Target| Estimated| Uncertainty|
    +--------+-------+----------+------------+
    |ap_clk  |  10.00|     8.454|        1.25|
    +--------+-------+----------+------------+

+ Latency (clock cycles): 
    * Summary: 
    +-----+-----+-----+-----+---------+
    |  Latency  |  Interval | Pipeline|
    | min | max | min | max |   Type  |
    +-----+-----+-----+-----+---------+
    |  259|  259|  259|  259|   none  |
    +-----+-----+-----+-----+---------+

    + Detail: 
        * Instance: 
        N/A

        * Loop: 
        +----------+-----+-----+----------+-----------+-----------+------+----------+
        |          |  Latency  | Iteration|  Initiation Interval  | Trip |          |
        | Loop Name| min | max |  Latency |  achieved |   target  | Count| Pipelined|
        +----------+-----+-----+----------+-----------+-----------+------+----------+
        |- Loop 1  |  257|  257|         3|          1|          1|   256|    yes   |
        +----------+-----+-----+----------+-----------+-----------+------+----------+



================================================================
== Utilization Estimates
================================================================
* Summary: 
+-----------------+---------+-------+--------+--------+-----+
|       Name      | BRAM_18K| DSP48E|   FF   |   LUT  | URAM|
+-----------------+---------+-------+--------+--------+-----+
|DSP              |        -|      1|       -|       -|    -|
|Expression       |        -|      -|       0|      41|    -|
|FIFO             |        -|      -|       -|       -|    -|
|Instance         |        -|      -|       -|       -|    -|
|Memory           |        1|      -|       0|       0|    -|
|Multiplexer      |        -|      -|       -|      48|    -|
|Register         |        -|      -|      65|       -|    -|
+-----------------+---------+-------+--------+--------+-----+
|Total            |        1|      1|      65|      89|    0|
+-----------------+---------+-------+--------+--------+-----+
|Available        |      650|    600|  202800|  101400|    0|
+-----------------+---------+-------+--------+--------+-----+
|Utilization (%)  |    ~0   |   ~0  |   ~0   |   ~0   |    0|
+-----------------+---------+-------+--------+--------+-----+

+ Detail: 
    * Instance: 
    N/A

    * DSP48E: 
    +-------------------------------------------+----------------------------------------+-----------+
    |                  Instance                 |                 Module                 | Expression|
    +-------------------------------------------+----------------------------------------+-----------+
    |hamming_window_mul_mul_14ns_16s_30_1_1_U1  |hamming_window_mul_mul_14ns_16s_30_1_1  |  i0 * i1  |
    +-------------------------------------------+----------------------------------------+-----------+

    * Memory: 
    +----------------+-----------------------------+---------+---+----+-----+------+-----+------+-------------+
    |     Memory     |            Module           | BRAM_18K| FF| LUT| URAM| Words| Bits| Banks| W*Bits*Banks|
    +----------------+-----------------------------+---------+---+----+-----+------+-----+------+-------------+
    |window_coeff_U  |hamming_window_window_coeff  |        1|  0|   0|    0|   256|   14|     1|         3584|
    +----------------+-----------------------------+---------+---+----+-----+------+-----+------+-------------+
    |Total           |                             |        1|  0|   0|    0|   256|   14|     1|         3584|
    +----------------+-----------------------------+---------+---+----+-----+------+-----+------+-------------+

    * FIFO: 
    N/A

    * Expression: 
    +-------------------------+----------+-------+---+----+------------+------------+
    |      Variable Name      | Operation| DSP48E| FF| LUT| Bitwidth P0| Bitwidth P1|
    +-------------------------+----------+-------+---+----+------------+------------+
    |i_fu_96_p2               |     +    |      0|  0|  16|           9|           1|
    |icmp_ln107_fu_90_p2      |   icmp   |      0|  0|  13|           9|          10|
    |ap_enable_pp0            |    xor   |      0|  0|   6|           1|           2|
    |ap_enable_reg_pp0_iter1  |    xor   |      0|  0|   6|           2|           1|
    +-------------------------+----------+-------+---+----+------------+------------+
    |Total                    |          |      0|  0|  41|          21|          14|
    +-------------------------+----------+-------+---+----+------------+------------+

    * Multiplexer: 
    +-------------------------+----+-----------+-----+-----------+
    |           Name          | LUT| Input Size| Bits| Total Bits|
    +-------------------------+----+-----------+-----+-----------+
    |ap_NS_fsm                |  21|          4|    1|          4|
    |ap_enable_reg_pp0_iter1  |   9|          2|    1|          2|
    |ap_enable_reg_pp0_iter2  |   9|          2|    1|          2|
    |i_0_reg_79               |   9|          2|    9|         18|
    +-------------------------+----+-----------+-----+-----------+
    |Total                    |  48|         10|   12|         26|
    +-------------------------+----+-----------+-----+-----------+

    * Register: 
    +----------------------------------+----+----+-----+-----------+
    |               Name               | FF | LUT| Bits| Const Bits|
    +----------------------------------+----+----+-----+-----------+
    |ap_CS_fsm                         |   3|   0|    3|          0|
    |ap_enable_reg_pp0_iter0           |   1|   0|    1|          0|
    |ap_enable_reg_pp0_iter1           |   1|   0|    1|          0|
    |ap_enable_reg_pp0_iter2           |   1|   0|    1|          0|
    |i_0_reg_79                        |   9|   0|    9|          0|
    |icmp_ln107_reg_126                |   1|   0|    1|          0|
    |icmp_ln107_reg_126_pp0_iter1_reg  |   1|   0|    1|          0|
    |mul_ln109_reg_150                 |  30|   0|   30|          0|
    |zext_ln109_reg_135                |   9|   0|   64|         55|
    |zext_ln109_reg_135_pp0_iter1_reg  |   9|   0|   64|         55|
    +----------------------------------+----+----+-----+-----------+
    |Total                             |  65|   0|  175|        110|
    +----------------------------------+----+----+-----+-----------+



================================================================
== Interface
================================================================
* Summary: 
+------------------+-----+-----+------------+----------------+--------------+
|     RTL Ports    | Dir | Bits|  Protocol  |  Source Object |    C Type    |
+------------------+-----+-----+------------+----------------+--------------+
|ap_clk            |  in |    1| ap_ctrl_hs | hamming_window | return value |
|ap_rst            |  in |    1| ap_ctrl_hs | hamming_window | return value |
|ap_start          |  in |    1| ap_ctrl_hs | hamming_window | return value |
|ap_done           | out |    1| ap_ctrl_hs | hamming_window | return value |
|ap_idle           | out |    1| ap_ctrl_hs | hamming_window | return value |
|ap_ready          | out |    1| ap_ctrl_hs | hamming_window | return value |
|outdata_address0  | out |    8|  ap_memory |     outdata    |     array    |
|outdata_ce0       | out |    1|  ap_memory |     outdata    |     array    |
|outdata_we0       | out |    1|  ap_memory |     outdata    |     array    |
|outdata_d0        | out |   32|  ap_memory |     outdata    |     array    |
|indata_address0   | out |    8|  ap_memory |     indata     |     array    |
|indata_ce0        | out |    1|  ap_memory |     indata     |     array    |
|indata_q0         |  in |   16|  ap_memory |     indata     |     array    |
+------------------+-----+-----+------------+----------------+--------------+

