==============================================================
Vivado(TM) HLS - High-Level Synthesis from C, C++ and SystemC v2019.1 (64-bit)
Copyright 1986-2019 Xilinx, Inc. All Rights Reserved.
==============================================================
INFO: [SYN 201-201] Setting up clock 'default' with a period of 5ns.
INFO: [SYN 201-201] Setting up clock 'default' with a period of 10ns.
INFO: [SCHED 204-61] Option 'relax_ii_for_timing' is enabled, will increase II to preserve clock frequency constraints.
INFO: [HLS 200-10] Analyzing design file 'extr_.linuxdriversvideofbdevpxa168fb.c_set_pix_fmt_with_main.c' ... 
INFO: [HLS 200-111] Finished Linking Time (s): cpu = 00:00:41 ; elapsed = 00:03:59 . Memory (MB): peak = 832.453 ; gain = 132.133 ; free physical = 14057 ; free virtual = 43545
INFO: [HLS 200-111] Finished Checking Pragmas Time (s): cpu = 00:00:41 ; elapsed = 00:03:59 . Memory (MB): peak = 832.453 ; gain = 132.133 ; free physical = 14057 ; free virtual = 43545
INFO: [HLS 200-10] Starting code transformations ...
ERROR: [SYNCHK 200-79] Static function 'set_pix_fmt' cannot be set as the top model.
ERROR: [HLS 200-70] Synthesizability check failed.
INFO: [HLS 200-10] Opening project '/home/vivado/HLStools/vivado/214_revisao/proj_extr_.linuxdriversvideofbdevrivariva_hw.c_nv10CalcArbitration_with_main.c'.
INFO: [HLS 200-10] Creating and opening solution '/home/vivado/HLStools/vivado/214_revisao/proj_extr_.linuxdriversvideofbdevrivariva_hw.c_nv10CalcArbitration_with_main.c/sol'.
==============================================================
Vivado(TM) HLS - High-Level Synthesis from C, C++ and SystemC v2019.1 (64-bit)
Copyright 1986-2019 Xilinx, Inc. All Rights Reserved.
==============================================================
INFO: [SYN 201-201] Setting up clock 'default' with a period of 10ns.
INFO: [HLS 200-10] Setting target device to 'xc7k160t-fbg484-1'
INFO: [SCHED 204-61] Option 'relax_ii_for_timing' is enabled, will increase II to preserve clock frequency constraints.
INFO: [HLS 200-10] Analyzing design file 'extr_.linuxdriversvideofbdevpxa168fb.c_set_pix_fmt_with_main.c' ... 
INFO: [HLS 200-111] Finished Linking Time (s): cpu = 00:00:15 ; elapsed = 00:06:41 . Memory (MB): peak = 902.391 ; gain = 202.070 ; free physical = 28019 ; free virtual = 39376
INFO: [HLS 200-111] Finished Checking Pragmas Time (s): cpu = 00:00:15 ; elapsed = 00:06:41 . Memory (MB): peak = 902.391 ; gain = 202.070 ; free physical = 28019 ; free virtual = 39376
INFO: [HLS 200-10] Starting code transformations ...
INFO: [HLS 200-111] Finished Standard Transforms Time (s): cpu = 00:00:16 ; elapsed = 00:06:43 . Memory (MB): peak = 902.391 ; gain = 202.070 ; free physical = 28018 ; free virtual = 39375
INFO: [HLS 200-10] Checking synthesizability ...
INFO: [HLS 200-111] Finished Checking Synthesizability Time (s): cpu = 00:00:16 ; elapsed = 00:06:43 . Memory (MB): peak = 902.391 ; gain = 202.070 ; free physical = 28019 ; free virtual = 39376
INFO: [HLS 200-111] Finished Pre-synthesis Time (s): cpu = 00:00:16 ; elapsed = 00:06:43 . Memory (MB): peak = 902.391 ; gain = 202.070 ; free physical = 28004 ; free virtual = 39360
INFO: [HLS 200-111] Finished Architecture Synthesis Time (s): cpu = 00:00:17 ; elapsed = 00:06:43 . Memory (MB): peak = 902.391 ; gain = 202.070 ; free physical = 28003 ; free virtual = 39360
INFO: [HLS 200-10] Starting hardware synthesis ...
INFO: [HLS 200-10] Synthesizing 'set_pix_fmt' ...
INFO: [HLS 200-10] ----------------------------------------------------------------
INFO: [HLS 200-42] -- Implementing module 'set_pix_fmt' 
INFO: [HLS 200-10] ----------------------------------------------------------------
INFO: [SCHED 204-11] Starting scheduling ...
INFO: [SCHED 204-11] Finished scheduling.
INFO: [HLS 200-111]  Elapsed time: 403.44 seconds; current allocated memory: 96.159 MB.
INFO: [BIND 205-100] Starting micro-architecture generation ...
INFO: [BIND 205-101] Performing variable lifetime analysis.
INFO: [BIND 205-101] Exploring resource sharing.
INFO: [BIND 205-101] Binding ...
INFO: [BIND 205-100] Finished micro-architecture generation.
INFO: [HLS 200-111]  Elapsed time: 0.03 seconds; current allocated memory: 96.467 MB.
INFO: [HLS 200-10] ----------------------------------------------------------------
INFO: [HLS 200-10] -- Generating RTL for module 'set_pix_fmt' 
INFO: [HLS 200-10] ----------------------------------------------------------------
INFO: [RTGEN 206-500] Setting interface mode on port 'set_pix_fmt/var_bits_per_pixel' to 'ap_vld'.
INFO: [RTGEN 206-500] Setting interface mode on port 'set_pix_fmt/var_transp_offset' to 'ap_vld'.
INFO: [RTGEN 206-500] Setting interface mode on port 'set_pix_fmt/var_transp_length' to 'ap_vld'.
INFO: [RTGEN 206-500] Setting interface mode on port 'set_pix_fmt/var_blue_offset' to 'ap_vld'.
INFO: [RTGEN 206-500] Setting interface mode on port 'set_pix_fmt/var_blue_length' to 'ap_vld'.
INFO: [RTGEN 206-500] Setting interface mode on port 'set_pix_fmt/var_green_offset' to 'ap_vld'.
INFO: [RTGEN 206-500] Setting interface mode on port 'set_pix_fmt/var_green_length' to 'ap_vld'.
INFO: [RTGEN 206-500] Setting interface mode on port 'set_pix_fmt/var_red_offset' to 'ap_vld'.
INFO: [RTGEN 206-500] Setting interface mode on port 'set_pix_fmt/var_red_length' to 'ap_vld'.
INFO: [RTGEN 206-500] Setting interface mode on port 'set_pix_fmt/pix_fmt' to 'ap_none'.
INFO: [RTGEN 206-500] Setting interface mode on function 'set_pix_fmt' to 'ap_ctrl_hs'.
INFO: [RTGEN 206-100] Finished creating RTL model for 'set_pix_fmt'.
INFO: [HLS 200-111]  Elapsed time: 0.05 seconds; current allocated memory: 96.696 MB.
INFO: [HLS 200-111] Finished generating all RTL models Time (s): cpu = 00:00:17 ; elapsed = 00:06:44 . Memory (MB): peak = 902.391 ; gain = 202.070 ; free physical = 27993 ; free virtual = 39351
INFO: [VHDL 208-304] Generating VHDL RTL for set_pix_fmt.
INFO: [VLOG 209-307] Generating Verilog RTL for set_pix_fmt.
INFO: [HLS 200-10] Opening project '/home/vivado/HLStools/vivado/problema/proj_extr_.linuxdriversvideofbdevsisinit301.c_SiS_AdjustCRT2Rate_with_main.c'.
INFO: [HLS 200-10] Opening solution '/home/vivado/HLStools/vivado/problema/proj_extr_.linuxdriversvideofbdevsisinit301.c_SiS_AdjustCRT2Rate_with_main.c/solution1'.
