
****** Vivado(TM) HLS - High-Level Synthesis from C, C++ and SystemC v2019.1 (64-bit)
  **** SW Build 2552052 on Fri May 24 14:47:09 MDT 2019
  **** IP Build 2548770 on Fri May 24 18:01:18 MDT 2019
    ** Copyright 1986-2019 Xilinx, Inc. All Rights Reserved.

source /opt/xilinx/Vivado/2019.1/scripts/vivado_hls/hls.tcl -notrace
INFO: [HLS 200-10] Running '/opt/xilinx/Vivado/2019.1/bin/unwrapped/lnx64.o/vivado_hls'
INFO: [HLS 200-10] For user 'canesche' on host 'k40pontenova.k40.pontenova' (Linux_x86_64 version 4.4.0-179-generic) on Sun Aug 16 18:46:12 -03 2020
INFO: [HLS 200-10] On os Ubuntu 16.04.6 LTS
INFO: [HLS 200-10] In directory '/home/canesche/git/HLStools/example/vivado/example1'
Sourcing Tcl script 'run_hls.tcl'
INFO: [HLS 200-10] Creating and opening project '/home/canesche/git/HLStools/example/vivado/example1/project'.
INFO: [HLS 200-10] Adding design file 'example1.c' to the project
INFO: [HLS 200-10] Creating and opening solution '/home/canesche/git/HLStools/example/vivado/example1/project/solution'.
INFO: [HLS 200-10] Cleaning up the solution database.
INFO: [HLS 200-10] Setting target device to 'xc7k160t-fbg484-1'
INFO: [SCHED 204-61] Option 'relax_ii_for_timing' is enabled, will increase II to preserve clock frequency constraints.
INFO: [HLS 200-10] Analyzing design file 'example1.c' ... 
INFO: [HLS 200-111] Finished Linking Time (s): cpu = 00:00:07 ; elapsed = 00:00:08 . Memory (MB): peak = 826.324 ; gain = 128.000 ; free physical = 21489 ; free virtual = 120191
INFO: [HLS 200-111] Finished Checking Pragmas Time (s): cpu = 00:00:07 ; elapsed = 00:00:08 . Memory (MB): peak = 826.324 ; gain = 128.000 ; free physical = 21489 ; free virtual = 120191
INFO: [HLS 200-10] Starting code transformations ...
INFO: [HLS 200-111] Finished Standard Transforms Time (s): cpu = 00:00:08 ; elapsed = 00:00:09 . Memory (MB): peak = 826.324 ; gain = 128.000 ; free physical = 21489 ; free virtual = 120191
INFO: [HLS 200-10] Checking synthesizability ...
ERROR: [SYNCHK 200-75] example1.c:6: function 'foo' returns a pointer value; please inline this function or change return to an argument.
INFO: [SYNCHK 200-10] 1 error(s), 0 warning(s).
ERROR: [HLS 200-70] Synthesizability check failed.
command 'ap_source' returned error code
    while executing
"source run_hls.tcl"
    ("uplevel" body line 1)
    invoked from within
"uplevel \#0 [list source $arg] "

INFO: [Common 17-206] Exiting vivado_hls at Sun Aug 16 18:46:21 2020...
