

================================================================
== Vivado HLS Report for 'get_hashfunc_02'
================================================================
* Date:           Wed Apr  1 19:22:32 2020

* Version:        2019.1 (Build 2552052 on Fri May 24 15:28:33 MDT 2019)
* Project:        proj_extr_.radare2librasmarchtms320c55x_plushashtable.c_get_hashfunc_02_with_main.c
* Solution:       sol
* Product family: kintex7
* Target device:  xc7k160t-fbg484-1


================================================================
== Performance Estimates
================================================================
+ Timing (ns): 
    * Summary: 
    +--------+-------+----------+------------+
    |  Clock | Target| Estimated| Uncertainty|
    +--------+-------+----------+------------+
    |ap_clk  |  10.00|     4.217|        1.25|
    +--------+-------+----------+------------+

+ Latency (clock cycles): 
    * Summary: 
    +-----+-----+-----+-----+---------+
    |  Latency  |  Interval | Pipeline|
    | min | max | min | max |   Type  |
    +-----+-----+-----+-----+---------+
    |    1|    1|    1|    1|   none  |
    +-----+-----+-----+-----+---------+

    + Detail: 
        * Instance: 
        N/A

        * Loop: 
        N/A



================================================================
== Utilization Estimates
================================================================
* Summary: 
+-----------------+---------+-------+--------+--------+-----+
|       Name      | BRAM_18K| DSP48E|   FF   |   LUT  | URAM|
+-----------------+---------+-------+--------+--------+-----+
|DSP              |        -|      -|       -|       -|    -|
|Expression       |        -|      -|       0|    2552|    -|
|FIFO             |        -|      -|       -|       -|    -|
|Instance         |        -|      -|       -|       -|    -|
|Memory           |        -|      -|       -|       -|    -|
|Multiplexer      |        -|      -|       -|     177|    -|
|Register         |        -|      -|      34|       -|    -|
+-----------------+---------+-------+--------+--------+-----+
|Total            |        0|      0|      34|    2729|    0|
+-----------------+---------+-------+--------+--------+-----+
|Available        |      650|    600|  202800|  101400|    0|
+-----------------+---------+-------+--------+--------+-----+
|Utilization (%)  |        0|      0|   ~0   |       2|    0|
+-----------------+---------+-------+--------+--------+-----+

+ Detail: 
    * Instance: 
    N/A

    * DSP48E: 
    N/A

    * Memory: 
    N/A

    * FIFO: 
    N/A

    * Expression: 
    +-------------------------+----------+-------+---+----+------------+------------+
    |      Variable Name      | Operation| DSP48E| FF| LUT| Bitwidth P0| Bitwidth P1|
    +-------------------------+----------+-------+---+----+------------+------------+
    |empty_10_fu_1104_p2      |   icmp   |      0|  0|  18|          32|          31|
    |empty_12_fu_1066_p2      |   icmp   |      0|  0|  18|          32|          31|
    |empty_13_fu_1072_p2      |   icmp   |      0|  0|  18|          32|          31|
    |empty_15_fu_940_p2       |   icmp   |      0|  0|  18|          32|          31|
    |empty_16_fu_946_p2       |   icmp   |      0|  0|  18|          32|          31|
    |empty_18_fu_958_p2       |   icmp   |      0|  0|  18|          32|          31|
    |empty_20_fu_859_p2       |   icmp   |      0|  0|  18|          32|          31|
    |empty_21_fu_865_p2       |   icmp   |      0|  0|  18|          32|          31|
    |empty_23_fu_801_p2       |   icmp   |      0|  0|  18|          32|          31|
    |empty_24_fu_807_p2       |   icmp   |      0|  0|  18|          32|          31|
    |empty_26_fu_731_p2       |   icmp   |      0|  0|  18|          32|          31|
    |empty_27_fu_737_p2       |   icmp   |      0|  0|  18|          32|          31|
    |empty_29_fu_679_p2       |   icmp   |      0|  0|  18|          32|          31|
    |empty_30_fu_685_p2       |   icmp   |      0|  0|  18|          32|          31|
    |empty_32_fu_609_p2       |   icmp   |      0|  0|  18|          32|          29|
    |empty_33_fu_615_p2       |   icmp   |      0|  0|  18|          32|          28|
    |empty_35_fu_551_p2       |   icmp   |      0|  0|  18|          32|          27|
    |empty_36_fu_557_p2       |   icmp   |      0|  0|  18|          32|           1|
    |empty_38_fu_481_p2       |   icmp   |      0|  0|  18|          32|          31|
    |empty_39_fu_487_p2       |   icmp   |      0|  0|  18|          32|          31|
    |empty_41_fu_443_p2       |   icmp   |      0|  0|  18|          32|          29|
    |empty_42_fu_449_p2       |   icmp   |      0|  0|  18|          32|          29|
    |empty_4_fu_1192_p2       |   icmp   |      0|  0|  18|          32|          31|
    |empty_6_fu_1134_p2       |   icmp   |      0|  0|  18|          32|          31|
    |empty_7_fu_1140_p2       |   icmp   |      0|  0|  18|          32|          31|
    |empty_9_fu_1098_p2       |   icmp   |      0|  0|  18|          32|          31|
    |empty_fu_1186_p2         |   icmp   |      0|  0|  18|          32|          31|
    |icmp_ln105_fu_989_p2     |   icmp   |      0|  0|  18|          32|          29|
    |icmp_ln108_fu_995_p2     |   icmp   |      0|  0|  18|          32|          29|
    |icmp_ln109_fu_1001_p2    |   icmp   |      0|  0|  18|          32|          29|
    |icmp_ln118_fu_909_p2     |   icmp   |      0|  0|  18|          32|          30|
    |icmp_ln121_fu_915_p2     |   icmp   |      0|  0|  18|          32|          30|
    |icmp_ln122_fu_970_p2     |   icmp   |      0|  0|  18|          32|          30|
    |icmp_ln123_fu_976_p2     |   icmp   |      0|  0|  18|          32|          30|
    |icmp_ln131_fu_921_p2     |   icmp   |      0|  0|  18|          32|          30|
    |icmp_ln134_fu_927_p2     |   icmp   |      0|  0|  18|          32|          31|
    |icmp_ln140_fu_933_p2     |   icmp   |      0|  0|  18|          32|          31|
    |icmp_ln148_fu_387_p2     |   icmp   |      0|  0|  18|          32|          31|
    |icmp_ln151_fu_393_p2     |   icmp   |      0|  0|  18|          32|          31|
    |icmp_ln152_fu_655_p2     |   icmp   |      0|  0|  18|          32|          31|
    |icmp_ln153_fu_777_p2     |   icmp   |      0|  0|  18|          32|          31|
    |icmp_ln154_fu_783_p2     |   icmp   |      0|  0|  18|          32|          31|
    |icmp_ln155_fu_853_p2     |   icmp   |      0|  0|  18|          32|          31|
    |icmp_ln156_fu_891_p2     |   icmp   |      0|  0|  18|          32|          31|
    |icmp_ln161_fu_877_p2     |   icmp   |      0|  0|  18|          32|          31|
    |icmp_ln168_fu_789_p2     |   icmp   |      0|  0|  18|          32|          31|
    |icmp_ln169_fu_795_p2     |   icmp   |      0|  0|  18|          32|          31|
    |icmp_ln170_fu_833_p2     |   icmp   |      0|  0|  18|          32|          31|
    |icmp_ln171_fu_839_p2     |   icmp   |      0|  0|  18|          32|          31|
    |icmp_ln178_fu_819_p2     |   icmp   |      0|  0|  18|          32|          31|
    |icmp_ln189_fu_661_p2     |   icmp   |      0|  0|  18|          32|          31|
    |icmp_ln190_fu_725_p2     |   icmp   |      0|  0|  18|          32|          31|
    |icmp_ln191_fu_763_p2     |   icmp   |      0|  0|  18|          32|          31|
    |icmp_ln197_fu_749_p2     |   icmp   |      0|  0|  18|          32|          31|
    |icmp_ln203_fu_667_p2     |   icmp   |      0|  0|  18|          32|          31|
    |icmp_ln204_fu_673_p2     |   icmp   |      0|  0|  18|          32|          31|
    |icmp_ln205_fu_711_p2     |   icmp   |      0|  0|  18|          32|          31|
    |icmp_ln20_fu_381_p2      |   icmp   |      0|  0|  18|          32|          31|
    |icmp_ln211_fu_697_p2     |   icmp   |      0|  0|  18|          32|          31|
    |icmp_ln21_fu_897_p2      |   icmp   |      0|  0|  18|          32|          31|
    |icmp_ln220_fu_399_p2     |   icmp   |      0|  0|  18|          32|          31|
    |icmp_ln223_fu_405_p2     |   icmp   |      0|  0|  18|          32|          29|
    |icmp_ln224_fu_527_p2     |   icmp   |      0|  0|  18|          32|          29|
    |icmp_ln225_fu_533_p2     |   icmp   |      0|  0|  18|          32|          28|
    |icmp_ln226_fu_603_p2     |   icmp   |      0|  0|  18|          32|          29|
    |icmp_ln227_fu_641_p2     |   icmp   |      0|  0|  18|          32|          29|
    |icmp_ln22_fu_1036_p2     |   icmp   |      0|  0|  18|          32|          31|
    |icmp_ln233_fu_627_p2     |   icmp   |      0|  0|  18|          32|          28|
    |icmp_ln239_fu_539_p2     |   icmp   |      0|  0|  18|          32|          28|
    |icmp_ln23_fu_1042_p2     |   icmp   |      0|  0|  18|          32|          31|
    |icmp_ln240_fu_545_p2     |   icmp   |      0|  0|  18|          32|          27|
    |icmp_ln241_fu_583_p2     |   icmp   |      0|  0|  18|          32|          27|
    |icmp_ln242_fu_589_p2     |   icmp   |      0|  0|  18|          32|          28|
    |icmp_ln249_fu_569_p2     |   icmp   |      0|  0|  18|          32|          26|
    |icmp_ln24_fu_1116_p2     |   icmp   |      0|  0|  18|          32|          31|
    |icmp_ln25_fu_1180_p2     |   icmp   |      0|  0|  18|          32|          31|
    |icmp_ln260_fu_411_p2     |   icmp   |      0|  0|  18|          32|          29|
    |icmp_ln261_fu_475_p2     |   icmp   |      0|  0|  18|          32|          31|
    |icmp_ln262_fu_513_p2     |   icmp   |      0|  0|  18|          32|          31|
    |icmp_ln268_fu_499_p2     |   icmp   |      0|  0|  18|          32|          31|
    |icmp_ln26_fu_1218_p2     |   icmp   |      0|  0|  18|          32|          31|
    |icmp_ln275_fu_417_p2     |   icmp   |      0|  0|  18|          32|          29|
    |icmp_ln278_fu_423_p2     |   icmp   |      0|  0|  18|          32|          29|
    |icmp_ln280_fu_461_p2     |   icmp   |      0|  0|  18|          32|          29|
    |icmp_ln287_fu_429_p2     |   icmp   |      0|  0|  18|          32|          29|
    |icmp_ln32_fu_1204_p2     |   icmp   |      0|  0|  18|          32|          31|
    |icmp_ln38_fu_1122_p2     |   icmp   |      0|  0|  18|          32|          31|
    |icmp_ln39_fu_1128_p2     |   icmp   |      0|  0|  18|          32|          31|
    |icmp_ln40_fu_1166_p2     |   icmp   |      0|  0|  18|          32|          31|
    |icmp_ln46_fu_1152_p2     |   icmp   |      0|  0|  18|          32|          31|
    |icmp_ln54_fu_1048_p2     |   icmp   |      0|  0|  18|          32|          31|
    |icmp_ln56_fu_1054_p2     |   icmp   |      0|  0|  18|          32|          31|
    |icmp_ln57_fu_1060_p2     |   icmp   |      0|  0|  18|          32|          31|
    |icmp_ln63_fu_1084_p2     |   icmp   |      0|  0|  18|          32|          31|
    |icmp_ln92_fu_903_p2      |   icmp   |      0|  0|  18|          32|          30|
    |icmp_ln93_fu_983_p2      |   icmp   |      0|  0|  18|          32|          29|
    |icmp_ln94_fu_1008_p2     |   icmp   |      0|  0|  18|          32|          28|
    |icmp_ln95_fu_1022_p2     |   icmp   |      0|  0|  18|          32|          27|
    |empty_11_fu_1110_p2      |    or    |      0|  0|   6|           1|           1|
    |empty_14_fu_1078_p2      |    or    |      0|  0|   6|           1|           1|
    |empty_17_fu_952_p2       |    or    |      0|  0|   6|           1|           1|
    |empty_19_fu_964_p2       |    or    |      0|  0|   6|           1|           1|
    |empty_22_fu_871_p2       |    or    |      0|  0|   6|           1|           1|
    |empty_25_fu_813_p2       |    or    |      0|  0|   6|           1|           1|
    |empty_28_fu_743_p2       |    or    |      0|  0|   6|           1|           1|
    |empty_31_fu_691_p2       |    or    |      0|  0|   6|           1|           1|
    |empty_34_fu_621_p2       |    or    |      0|  0|   6|           1|           1|
    |empty_37_fu_563_p2       |    or    |      0|  0|   6|           1|           1|
    |empty_40_fu_493_p2       |    or    |      0|  0|   6|           1|           1|
    |empty_43_fu_455_p2       |    or    |      0|  0|   6|           1|           1|
    |empty_5_fu_1198_p2       |    or    |      0|  0|   6|           1|           1|
    |empty_8_fu_1146_p2       |    or    |      0|  0|   6|           1|           1|
    |select_ln143_fu_1014_p3  |  select  |      0|  0|  32|           1|           7|
    |select_ln161_fu_883_p3   |  select  |      0|  0|  32|           1|           8|
    |select_ln171_fu_845_p3   |  select  |      0|  0|  32|           1|           8|
    |select_ln178_fu_825_p3   |  select  |      0|  0|  32|           1|           8|
    |select_ln191_fu_769_p3   |  select  |      0|  0|  32|           1|           8|
    |select_ln197_fu_755_p3   |  select  |      0|  0|  32|           1|           8|
    |select_ln205_fu_717_p3   |  select  |      0|  0|  32|           1|           8|
    |select_ln211_fu_703_p3   |  select  |      0|  0|  32|           1|           8|
    |select_ln227_fu_647_p3   |  select  |      0|  0|  32|           1|           8|
    |select_ln233_fu_633_p3   |  select  |      0|  0|  32|           1|           8|
    |select_ln242_fu_595_p3   |  select  |      0|  0|  32|           1|           8|
    |select_ln249_fu_575_p3   |  select  |      0|  0|  32|           1|           8|
    |select_ln262_fu_519_p3   |  select  |      0|  0|  32|           1|           8|
    |select_ln268_fu_505_p3   |  select  |      0|  0|  32|           1|           8|
    |select_ln26_fu_1224_p3   |  select  |      0|  0|  32|           1|           7|
    |select_ln280_fu_467_p3   |  select  |      0|  0|  32|           1|           8|
    |select_ln287_fu_435_p3   |  select  |      0|  0|  32|           1|           8|
    |select_ln32_fu_1210_p3   |  select  |      0|  0|  32|           1|           7|
    |select_ln40_fu_1172_p3   |  select  |      0|  0|  32|           1|           7|
    |select_ln46_fu_1158_p3   |  select  |      0|  0|  32|           1|           7|
    |select_ln63_fu_1090_p3   |  select  |      0|  0|  32|           1|           8|
    |select_ln95_fu_1028_p3   |  select  |      0|  0|  32|           1|           7|
    +-------------------------+----------+-------+---+----+------------+------------+
    |Total                    |          |      0|  0|2552|        3172|        3115|
    +-------------------------+----------+-------+---+----+------------+------------+

    * Multiplexer: 
    +-----------------------------------+-----+-----------+-----+-----------+
    |                Name               | LUT | Input Size| Bits| Total Bits|
    +-----------------------------------+-----+-----------+-----+-----------+
    |UnifiedRetVal_reg_243              |  129|         28|   32|        896|
    |ap_NS_fsm                          |   15|          3|    1|          3|
    |ap_phi_mux_v4_4_in_phi_fu_217_p18  |   33|          6|    1|          6|
    +-----------------------------------+-----+-----------+-----+-----------+
    |Total                              |  177|         37|   34|        905|
    +-----------------------------------+-----+-----------+-----+-----------+

    * Register: 
    +-----------------------+----+----+-----+-----------+
    |          Name         | FF | LUT| Bits| Const Bits|
    +-----------------------+----+----+-----+-----------+
    |UnifiedRetVal_reg_243  |  32|   0|   32|          0|
    |ap_CS_fsm              |   2|   0|    2|          0|
    +-----------------------+----+----+-----+-----------+
    |Total                  |  34|   0|   34|          0|
    +-----------------------+----+----+-----+-----------+



================================================================
== Interface
================================================================
* Summary: 
+-----------+-----+-----+------------+-----------------+--------------+
| RTL Ports | Dir | Bits|  Protocol  |  Source Object  |    C Type    |
+-----------+-----+-----+------------+-----------------+--------------+
|ap_clk     |  in |    1| ap_ctrl_hs | get_hashfunc_02 | return value |
|ap_rst     |  in |    1| ap_ctrl_hs | get_hashfunc_02 | return value |
|ap_start   |  in |    1| ap_ctrl_hs | get_hashfunc_02 | return value |
|ap_done    | out |    1| ap_ctrl_hs | get_hashfunc_02 | return value |
|ap_idle    | out |    1| ap_ctrl_hs | get_hashfunc_02 | return value |
|ap_ready   | out |    1| ap_ctrl_hs | get_hashfunc_02 | return value |
|ap_return  | out |   32| ap_ctrl_hs | get_hashfunc_02 | return value |
|arg1       |  in |   32|   ap_none  |       arg1      |    scalar    |
|arg2       |  in |   32|   ap_none  |       arg2      |    scalar    |
+-----------+-----+-----+------------+-----------------+--------------+

