
****** Vivado(TM) HLS - High-Level Synthesis from C, C++ and SystemC v2019.1 (64-bit)
  **** SW Build 2552052 on Fri May 24 14:47:09 MDT 2019
  **** IP Build 2548770 on Fri May 24 18:01:18 MDT 2019
    ** Copyright 1986-2019 Xilinx, Inc. All Rights Reserved.

source /opt/xilinx/Vivado/2019.1/scripts/vivado_hls/hls.tcl -notrace
INFO: [HLS 200-10] Running '/opt/xilinx/Vivado/2019.1/bin/unwrapped/lnx64.o/vivado_hls'
INFO: [HLS 200-10] For user 'canesche' on host 'k40pontenova.k40.pontenova' (Linux_x86_64 version 4.4.0-179-generic) on Sun Aug 16 18:00:52 -03 2020
INFO: [HLS 200-10] On os Ubuntu 16.04.6 LTS
INFO: [HLS 200-10] In directory '/home/canesche/git/HLStools/example/Vivado/example3'
Sourcing Tcl script 'run_hls.tcl'
INFO: [HLS 200-10] Opening and resetting project '/home/canesche/git/HLStools/example/Vivado/example3/project'.
INFO: [HLS 200-10] Adding design file 'example3.c' to the project
INFO: [HLS 200-10] Opening and resetting solution '/home/canesche/git/HLStools/example/Vivado/example3/project/solution'.
INFO: [HLS 200-10] Cleaning up the solution database.
INFO: [HLS 200-10] Setting target device to 'xc7k160t-fbg484-1'
INFO: [SCHED 204-61] Option 'relax_ii_for_timing' is enabled, will increase II to preserve clock frequency constraints.
INFO: [HLS 200-10] Analyzing design file 'example3.c' ... 
INFO: [HLS 200-111] Finished Linking Time (s): cpu = 00:00:08 ; elapsed = 00:00:08 . Memory (MB): peak = 826.324 ; gain = 128.000 ; free physical = 21500 ; free virtual = 120188
INFO: [HLS 200-111] Finished Checking Pragmas Time (s): cpu = 00:00:08 ; elapsed = 00:00:08 . Memory (MB): peak = 826.324 ; gain = 128.000 ; free physical = 21500 ; free virtual = 120188
INFO: [HLS 200-10] Starting code transformations ...
INFO: [HLS 200-111] Finished Standard Transforms Time (s): cpu = 00:00:08 ; elapsed = 00:00:09 . Memory (MB): peak = 826.324 ; gain = 128.000 ; free physical = 21499 ; free virtual = 120187
INFO: [HLS 200-10] Checking synthesizability ...
INFO: [HLS 200-111] Finished Checking Synthesizability Time (s): cpu = 00:00:08 ; elapsed = 00:00:09 . Memory (MB): peak = 826.324 ; gain = 128.000 ; free physical = 21499 ; free virtual = 120187
INFO: [HLS 200-111] Finished Pre-synthesis Time (s): cpu = 00:00:09 ; elapsed = 00:00:09 . Memory (MB): peak = 826.324 ; gain = 128.000 ; free physical = 21482 ; free virtual = 120170
INFO: [HLS 200-111] Finished Architecture Synthesis Time (s): cpu = 00:00:09 ; elapsed = 00:00:09 . Memory (MB): peak = 826.324 ; gain = 128.000 ; free physical = 21482 ; free virtual = 120170
INFO: [HLS 200-10] Starting hardware synthesis ...
INFO: [HLS 200-10] Synthesizing 'main' ...
INFO: [SYN 201-201] Setting up clock 'default' with a period of 10ns.
INFO: [HLS 200-10] ----------------------------------------------------------------
INFO: [HLS 200-42] -- Implementing module 'main' 
INFO: [HLS 200-10] ----------------------------------------------------------------
INFO: [SCHED 204-11] Starting scheduling ...
INFO: [SCHED 204-11] Finished scheduling.
INFO: [HLS 200-111]  Elapsed time: 9.05 seconds; current allocated memory: 94.093 MB.
INFO: [BIND 205-100] Starting micro-architecture generation ...
INFO: [BIND 205-101] Performing variable lifetime analysis.
INFO: [BIND 205-101] Exploring resource sharing.
INFO: [BIND 205-101] Binding ...
INFO: [BIND 205-100] Finished micro-architecture generation.
INFO: [HLS 200-111]  Elapsed time: 0 seconds; current allocated memory: 94.134 MB.
INFO: [HLS 200-10] ----------------------------------------------------------------
INFO: [HLS 200-10] -- Generating RTL for module 'main' 
INFO: [HLS 200-10] ----------------------------------------------------------------
INFO: [RTGEN 206-500] Setting interface mode on function 'main' to 'ap_ctrl_hs'.
INFO: [RTGEN 206-100] Finished creating RTL model for 'main'.
INFO: [HLS 200-111]  Elapsed time: 0.01 seconds; current allocated memory: 94.261 MB.
INFO: [HLS 200-111] Finished generating all RTL models Time (s): cpu = 00:00:09 ; elapsed = 00:00:09 . Memory (MB): peak = 826.324 ; gain = 128.000 ; free physical = 21481 ; free virtual = 120170
INFO: [VHDL 208-304] Generating VHDL RTL for main.
INFO: [VLOG 209-307] Generating Verilog RTL for main.
INFO: [IMPL 213-8] Exporting RTL as a Vivado IP.

****** Vivado v2019.1 (64-bit)
  **** SW Build 2552052 on Fri May 24 14:47:09 MDT 2019
  **** IP Build 2548770 on Fri May 24 18:01:18 MDT 2019
    ** Copyright 1986-2019 Xilinx, Inc. All Rights Reserved.

source run_ippack.tcl -notrace
INFO: [IP_Flow 19-234] Refreshing IP repositories
INFO: [IP_Flow 19-1704] No user IP repositories specified
INFO: [IP_Flow 19-2313] Loaded Vivado IP repository '/opt/xilinx/Vivado/2019.1/data/ip'.
INFO: [Common 17-206] Exiting Vivado at Sun Aug 16 18:01:11 2020...
INFO: [HLS 200-112] Total elapsed time: 18.75 seconds; peak allocated memory: 94.261 MB.
INFO: [Common 17-206] Exiting vivado_hls at Sun Aug 16 18:01:11 2020...
