

================================================================
== Vivado HLS Report for 'nv10CalcArbitration'
================================================================
* Date:           Sun May 24 19:43:15 2020

* Version:        2019.1 (Build 2552052 on Fri May 24 15:28:33 MDT 2019)
* Project:        proj_extr_.linuxdriversvideofbdevnvidianv_hw.c_nv10CalcArbitration_with_main.c
* Solution:       solution1
* Product family: kintex7
* Target device:  xc7k160t-fbg484-1


================================================================
== Performance Estimates
================================================================
+ Timing (ns): 
    * Summary: 
    +--------+-------+----------+------------+
    |  Clock | Target| Estimated| Uncertainty|
    +--------+-------+----------+------------+
    |ap_clk  |  10.00|     8.742|        1.25|
    +--------+-------+----------+------------+

+ Latency (clock cycles): 
    * Summary: 
    +-----+-----+-----+-----+---------+
    |  Latency  |  Interval | Pipeline|
    | min | max | min | max |   Type  |
    +-----+-----+-----+-----+---------+
    |    ?|    ?|    ?|    ?|   none  |
    +-----+-----+-----+-----+---------+

    + Detail: 
        * Instance: 
        N/A

        * Loop: 
        +----------+-----+-----+----------+-----------+-----------+------+----------+
        |          |  Latency  | Iteration|  Initiation Interval  | Trip |          |
        | Loop Name| min | max |  Latency |  achieved |   target  | Count| Pipelined|
        +----------+-----+-----+----------+-----------+-----------+------+----------+
        |- Loop 1  |    ?|    ?|        80|          -|          -|     ?|    no    |
        +----------+-----+-----+----------+-----------+-----------+------+----------+



================================================================
== Utilization Estimates
================================================================
* Summary: 
+-----------------+---------+-------+--------+--------+-----+
|       Name      | BRAM_18K| DSP48E|   FF   |   LUT  | URAM|
+-----------------+---------+-------+--------+--------+-----+
|DSP              |        -|      2|       -|       -|    -|
|Expression       |        -|     35|       0|    2110|    -|
|FIFO             |        -|      -|       -|       -|    -|
|Instance         |        -|      -|    2758|    1666|    -|
|Memory           |        -|      -|       -|       -|    -|
|Multiplexer      |        -|      -|       -|     644|    -|
|Register         |        -|      -|    1149|       -|    -|
+-----------------+---------+-------+--------+--------+-----+
|Total            |        0|     37|    3907|    4420|    0|
+-----------------+---------+-------+--------+--------+-----+
|Available        |      650|    600|  202800|  101400|    0|
+-----------------+---------+-------+--------+--------+-----+
|Utilization (%)  |        0|      6|       1|       4|    0|
+-----------------+---------+-------+--------+--------+-----+

+ Detail: 
    * Instance: 
    +---------------------------------------------------+------------------------------------------------+---------+-------+-----+-----+-----+
    |                      Instance                     |                     Module                     | BRAM_18K| DSP48E|  FF | LUT | URAM|
    +---------------------------------------------------+------------------------------------------------+---------+-------+-----+-----+-----+
    |nv10CalcArbitration_sdiv_24ns_32s_32_28_seq_1_U6   |nv10CalcArbitration_sdiv_24ns_32s_32_28_seq_1   |        0|      0|  394|  238|    0|
    |nv10CalcArbitration_sdiv_26ns_32s_32_30_seq_1_U5   |nv10CalcArbitration_sdiv_26ns_32s_32_30_seq_1   |        0|      0|  394|  238|    0|
    |nv10CalcArbitration_sdiv_27ns_32ns_32_31_seq_1_U4  |nv10CalcArbitration_sdiv_27ns_32ns_32_31_seq_1  |        0|      0|  394|  238|    0|
    |nv10CalcArbitration_sdiv_29ns_32ns_32_33_seq_1_U3  |nv10CalcArbitration_sdiv_29ns_32ns_32_33_seq_1  |        0|      0|  394|  238|    0|
    |nv10CalcArbitration_sdiv_32ns_32ns_32_36_seq_1_U1  |nv10CalcArbitration_sdiv_32ns_32ns_32_36_seq_1  |        0|      0|  394|  238|    0|
    |nv10CalcArbitration_sdiv_32ns_32ns_32_36_seq_1_U2  |nv10CalcArbitration_sdiv_32ns_32ns_32_36_seq_1  |        0|      0|  394|  238|    0|
    |nv10CalcArbitration_sdiv_32ns_32ns_32_36_seq_1_U7  |nv10CalcArbitration_sdiv_32ns_32ns_32_36_seq_1  |        0|      0|  394|  238|    0|
    +---------------------------------------------------+------------------------------------------------+---------+-------+-----+-----+-----+
    |Total                                              |                                                |        0|      0| 2758| 1666|    0|
    +---------------------------------------------------+------------------------------------------------+---------+-------+-----+-----+-----+

    * DSP48E: 
    +------------------------------------------------+---------------------------------------------+-----------+
    |                    Instance                    |                    Module                   | Expression|
    +------------------------------------------------+---------------------------------------------+-----------+
    |nv10CalcArbitration_mul_mul_5ns_21ns_26_1_1_U9  |nv10CalcArbitration_mul_mul_5ns_21ns_26_1_1  |  i0 * i1  |
    |nv10CalcArbitration_mul_mul_7ns_21ns_28_1_1_U8  |nv10CalcArbitration_mul_mul_7ns_21ns_28_1_1  |  i0 * i1  |
    +------------------------------------------------+---------------------------------------------+-----------+

    * Memory: 
    N/A

    * FIFO: 
    N/A

    * Expression: 
    +-----------------------------+----------+-------+---+----+------------+------------+
    |        Variable Name        | Operation| DSP48E| FF| LUT| Bitwidth P0| Bitwidth P1|
    +-----------------------------+----------+-------+---+----+------------+------------+
    |mul_ln103_fu_648_p2          |     *    |      2|  0|  21|          32|          20|
    |mul_ln123_fu_620_p2          |     *    |      2|  0|  21|          32|          21|
    |mul_ln137_1_fu_722_p2        |     *    |      3|  0|  22|          33|          32|
    |mul_ln137_fu_707_p2          |     *    |      3|  0|  21|          32|          30|
    |mul_ln142_fu_364_p2          |     *    |      3|  0|  21|          32|          32|
    |mul_ln148_fu_590_p2          |     *    |      2|  0|  21|          23|          32|
    |mul_ln151_1_fu_881_p2        |     *    |      3|  0|  22|          32|          33|
    |mul_ln151_fu_866_p2          |     *    |      3|  0|  21|          30|          32|
    |mul_ln158_1_fu_602_p2        |     *    |      2|  0|  21|          32|          10|
    |mul_ln158_fu_596_p2          |     *    |      2|  0|  29|          30|           7|
    |mul_ln162_fu_608_p2          |     *    |      2|  0|  21|          32|          10|
    |mul_ln182_1_fu_994_p2        |     *    |      3|  0|  22|          32|          33|
    |mul_ln182_fu_979_p2          |     *    |      3|  0|  21|          32|          32|
    |mul_ln183_fu_1052_p2         |     *    |      2|  0|  21|          32|          15|
    |add_ln132_1_fu_689_p2        |     +    |      0|  0|  32|          32|          32|
    |add_ln132_2_fu_695_p2        |     +    |      0|  0|  32|          32|          32|
    |add_ln132_fu_685_p2          |     +    |      0|  0|  32|          32|          32|
    |add_ln150_1_fu_855_p2        |     +    |      0|  0|  32|          32|          32|
    |add_ln150_fu_851_p2          |     +    |      0|  0|  39|          32|          32|
    |add_ln156_fu_491_p2          |     +    |      0|  0|  39|          32|           8|
    |add_ln178_fu_1077_p2         |     +    |      0|  0|  21|          14|          12|
    |add_ln179_1_fu_841_p2        |     +    |      0|  0|  39|          32|          32|
    |add_ln179_fu_837_p2          |     +    |      0|  0|  32|          32|          32|
    |clwm_1_fu_771_p2             |     +    |      0|  0|  20|           1|          13|
    |clwm_2_fu_1060_p2            |     +    |      0|  0|  21|          14|           4|
    |clwm_fu_810_p2               |     +    |      0|  0|  20|          13|           1|
    |grp_fu_358_p2                |     +    |      0|  0|  39|          32|           2|
    |m1_fu_1087_p2                |     +    |      0|  0|  39|          32|          32|
    |m2us_fu_845_p2               |     +    |      0|  0|  32|          32|          32|
    |mclk_loop_fu_564_p2          |     +    |      0|  0|  15|           7|           7|
    |mclks_fu_458_p2              |     +    |      0|  0|  15|           5|           3|
    |us_crt_1_fu_701_p2           |     +    |      0|  0|  32|          32|          32|
    |us_crt_fu_860_p2             |     +    |      0|  0|  32|          32|          32|
    |clwm_4_fu_1237_p2            |     -    |      0|  0|  39|          11|          32|
    |sub_ln137_1_fu_759_p2        |     -    |      0|  0|  20|           1|          13|
    |sub_ln137_fu_738_p2          |     -    |      0|  0|  72|           1|          65|
    |sub_ln142_1_fu_475_p2        |     -    |      0|  0|  37|           1|          30|
    |sub_ln142_fu_378_p2          |     -    |      0|  0|  39|           1|          32|
    |sub_ln151_1_fu_798_p2        |     -    |      0|  0|  20|           1|          13|
    |sub_ln151_fu_777_p2          |     -    |      0|  0|  72|           1|          65|
    |sub_ln174_1_fu_933_p2        |     -    |      0|  0|  19|           1|          12|
    |sub_ln174_fu_909_p2          |     -    |      0|  0|  20|           1|          13|
    |sub_ln182_1_fu_1039_p2       |     -    |      0|  0|  39|           1|          32|
    |sub_ln182_fu_1010_p2         |     -    |      0|  0|  72|           1|          65|
    |sub_ln183_1_fu_1119_p2       |     -    |      0|  0|  37|           1|          30|
    |sub_ln183_fu_1100_p2         |     -    |      0|  0|  39|           1|          32|
    |and_ln185_fu_1162_p2         |    and   |      0|  0|   6|           1|           1|
    |and_ln73_fu_513_p2           |    and   |      0|  0|   6|           1|           1|
    |grp_fu_351_p2                |   icmp   |      0|  0|  18|          32|           1|
    |icmp_ln156_1_fu_626_p2       |   icmp   |      0|  0|  18|          32|          32|
    |icmp_ln156_fu_507_p2         |   icmp   |      0|  0|  18|          26|           1|
    |icmp_ln162_fu_614_p2         |   icmp   |      0|  0|  18|          32|          32|
    |icmp_ln175_fu_973_p2         |   icmp   |      0|  0|  13|          15|          15|
    |icmp_ln185_1_fu_1156_p2      |   icmp   |      0|  0|  18|          32|           1|
    |icmp_ln185_fu_1150_p2        |   icmp   |      0|  0|  18|          32|          32|
    |icmp_ln189_fu_1202_p2        |   icmp   |      0|  0|  18|          32|           6|
    |icmp_ln200_fu_1178_p2        |   icmp   |      0|  0|   9|           4|           1|
    |icmp_ln211_fu_1243_p2        |   icmp   |      0|  0|  18|          32|          32|
    |icmp_ln63_fu_404_p2          |   icmp   |      0|  0|  18|          32|           1|
    |icmp_ln64_fu_410_p2          |   icmp   |      0|  0|  18|          32|           7|
    |icmp_ln73_1_fu_446_p2        |   icmp   |      0|  0|  18|          32|           8|
    |icmp_ln73_fu_440_p2          |   icmp   |      0|  0|  18|          32|           1|
    |icmp_ln74_fu_517_p2          |   icmp   |      0|  0|  18|          32|           6|
    |icmp_ln88_fu_452_p2          |   icmp   |      0|  0|  18|          32|           1|
    |or_ln156_fu_638_p2           |    or    |      0|  0|   6|           1|           1|
    |crtc_drain_rate_fu_484_p3    |  select  |      0|  0|  30|           1|          30|
    |fifo_graphics_lwm            |  select  |      0|  0|  32|           1|          32|
    |mclk_extra_1_fu_538_p3       |  select  |      0|  0|   6|           1|           6|
    |mclk_extra_fu_522_p3         |  select  |      0|  0|   6|           1|           5|
    |min_mclk_extra_3_fu_1184_p3  |  select  |      0|  0|  32|           1|           1|
    |mul_ln148_fu_590_p00         |  select  |      0|  0|  22|           1|          21|
    |p1clk_fu_1045_p3             |  select  |      0|  0|  32|           1|          32|
    |p2_fu_1138_p3                |  select  |      0|  0|  30|           1|          30|
    |select_ln137_1_fu_765_p3     |  select  |      0|  0|  13|           1|          13|
    |select_ln137_fu_753_p3       |  select  |      0|  0|  13|           1|          13|
    |select_ln151_1_fu_804_p3     |  select  |      0|  0|  13|           1|          13|
    |select_ln151_fu_792_p3       |  select  |      0|  0|  13|           1|          13|
    |select_ln156_fu_816_p3       |  select  |      0|  0|  13|           1|          13|
    |select_ln162_1_fu_830_p3     |  select  |      0|  0|  13|           1|          13|
    |select_ln162_fu_823_p3       |  select  |      0|  0|  32|           1|          32|
    |select_ln174_fu_957_p3       |  select  |      0|  0|  12|           1|          12|
    |select_ln175_fu_1066_p3      |  select  |      0|  0|  14|           1|          14|
    |select_ln182_fu_1032_p3      |  select  |      0|  0|  32|           1|          32|
    |select_ln189_fu_1223_p3      |  select  |      0|  0|  32|           1|          32|
    |select_ln63_fu_432_p3        |  select  |      0|  0|   5|           1|           5|
    |select_ln64_fu_416_p3        |  select  |      0|  0|   5|           1|           5|
    |select_ln68_fu_424_p3        |  select  |      0|  0|   5|           1|           5|
    |select_ln73_fu_550_p3        |  select  |      0|  0|   5|           1|           5|
    |select_ln77_fu_530_p3        |  select  |      0|  0|   4|           1|           4|
    |select_ln88_fu_464_p3        |  select  |      0|  0|   5|           1|           5|
    |xor_ln156_fu_632_p2          |    xor   |      0|  0|   6|           1|           2|
    +-----------------------------+----------+-------+---+----+------------+------------+
    |Total                        |          |     35|  0|2110|        1419|        1743|
    +-----------------------------+----------+-------+---+----+------------+------------+

    * Multiplexer: 
    +----------------------------------+-----+-----------+-----+-----------+
    |               Name               | LUT | Input Size| Bits| Total Bits|
    +----------------------------------+-----+-----------+-----+-----------+
    |ap_NS_fsm                         |  524|        121|    1|        121|
    |ap_phi_mux_cbs_7_phi_fu_329_p8    |   15|          3|   32|         96|
    |ap_phi_mux_found_5_phi_fu_312_p8  |   27|          5|    1|          5|
    |cbs_0_reg_270                     |    9|          2|   32|         64|
    |cbs_4_reg_282                     |    9|          2|   32|         64|
    |clwm_3_reg_296                    |   15|          3|   13|         39|
    |fifo_valid                        |   15|          3|   32|         96|
    |found_0_reg_259                   |    9|          2|    1|          2|
    |min_mclk_extra_1_fu_162           |   21|          4|   32|        128|
    +----------------------------------+-----+-----------+-----+-----------+
    |Total                             |  644|        145|  176|        615|
    +----------------------------------+-----+-----------+-----+-----------+

    * Register: 
    +----------------------------+-----+----+-----+-----------+
    |            Name            |  FF | LUT| Bits| Const Bits|
    +----------------------------+-----+----+-----+-----------+
    |ap_CS_fsm                   |  120|   0|  120|          0|
    |cbs_0_reg_270               |   32|   0|   32|          0|
    |cbs_4_reg_282               |   32|   0|   32|          0|
    |clwm_3_reg_296              |   13|   0|   13|          0|
    |crtc_drain_rate_reg_1329    |   30|   0|   30|          0|
    |found_0_reg_259             |    1|   0|    1|          0|
    |icmp_ln156_reg_1334         |    1|   0|    1|          0|
    |icmp_ln162_reg_1375         |    1|   0|    1|          0|
    |icmp_ln175_reg_1504         |    1|   0|    1|          0|
    |icmp_ln73_1_reg_1313        |    1|   0|    1|          0|
    |icmp_ln73_reg_1308          |    1|   0|    1|          0|
    |icmp_ln88_reg_1318          |    1|   0|    1|          0|
    |m2us_reg_1472               |   32|   0|   32|          0|
    |min_mclk_extra_1_fu_162     |   32|   0|   32|          0|
    |mul_ln103_reg_1390          |   26|   0|   32|          6|
    |mul_ln123_reg_1381          |   25|   0|   32|          7|
    |mul_ln137_1_reg_1441        |   65|   0|   65|          0|
    |mul_ln137_reg_1430          |   32|   0|   32|          0|
    |mul_ln148_reg_1370          |   32|   0|   32|          0|
    |mul_ln151_1_reg_1493        |   63|   0|   65|          2|
    |mul_ln151_reg_1482          |   32|   0|   32|          0|
    |mul_ln182_1_reg_1520        |   63|   0|   65|          2|
    |mul_ln182_reg_1509          |   32|   0|   32|          0|
    |mul_ln183_reg_1535          |   32|   0|   32|          0|
    |or_ln156_reg_1386           |    1|   0|    1|          0|
    |p1clk_reg_1530              |   32|   0|   32|          0|
    |select_ln88_reg_1323        |    5|   0|    5|          0|
    |sext_ln142_reg_1364         |   32|   0|   32|          0|
    |tmp_11_reg_1514             |    1|   0|    1|          0|
    |tmp_17_reg_1525             |   13|   0|   13|          0|
    |tmp_1_reg_1303              |   29|   0|   29|          0|
    |tmp_2_reg_1293              |    1|   0|    1|          0|
    |tmp_4_reg_1487              |    1|   0|    1|          0|
    |tmp_6_reg_1498              |   13|   0|   13|          0|
    |tmp_7_reg_1435              |    1|   0|    1|          0|
    |tmp_9_reg_1446              |   13|   0|   13|          0|
    |tmp_reg_1298                |   29|   0|   29|          0|
    |us_crt_1_reg_1425           |   32|   0|   32|          0|
    |us_crt_reg_1477             |   32|   0|   32|          0|
    |us_m_min_reg_1401           |   32|   0|   32|          0|
    |us_m_reg_1395               |   32|   0|   32|          0|
    |us_min_mclk_extra_reg_1406  |   32|   0|   32|          0|
    |us_n_reg_1411               |   32|   0|   32|          0|
    |us_p_reg_1418               |   32|   0|   32|          0|
    |zext_ln100_1_reg_1354       |   28|   0|   32|          4|
    |zext_ln102_reg_1359         |   26|   0|   32|          6|
    +----------------------------+-----+----+-----+-----------+
    |Total                       | 1149|   0| 1176|         27|
    +----------------------------+-----+----+-----+-----------+



================================================================
== Interface
================================================================
* Summary: 
+---------------------------------+-----+-----+------------+--------------------------+--------------+
|            RTL Ports            | Dir | Bits|  Protocol  |       Source Object      |    C Type    |
+---------------------------------+-----+-----+------------+--------------------------+--------------+
|ap_clk                           |  in |    1| ap_ctrl_hs |    nv10CalcArbitration   | return value |
|ap_rst                           |  in |    1| ap_ctrl_hs |    nv10CalcArbitration   | return value |
|ap_start                         |  in |    1| ap_ctrl_hs |    nv10CalcArbitration   | return value |
|ap_done                          | out |    1| ap_ctrl_hs |    nv10CalcArbitration   | return value |
|ap_idle                          | out |    1| ap_ctrl_hs |    nv10CalcArbitration   | return value |
|ap_ready                         | out |    1| ap_ctrl_hs |    nv10CalcArbitration   | return value |
|fifo_valid                       | out |   32|   ap_vld   |        fifo_valid        |    pointer   |
|fifo_valid_ap_vld                | out |    1|   ap_vld   |        fifo_valid        |    pointer   |
|fifo_graphics_lwm                | out |   32|   ap_vld   |     fifo_graphics_lwm    |    pointer   |
|fifo_graphics_lwm_ap_vld         | out |    1|   ap_vld   |     fifo_graphics_lwm    |    pointer   |
|fifo_graphics_burst_size         | out |   32|   ap_vld   | fifo_graphics_burst_size |    pointer   |
|fifo_graphics_burst_size_ap_vld  | out |    1|   ap_vld   | fifo_graphics_burst_size |    pointer   |
|fifo_video_lwm                   | out |   32|   ap_vld   |      fifo_video_lwm      |    pointer   |
|fifo_video_lwm_ap_vld            | out |    1|   ap_vld   |      fifo_video_lwm      |    pointer   |
|fifo_video_burst_size            | out |   32|   ap_vld   |   fifo_video_burst_size  |    pointer   |
|fifo_video_burst_size_ap_vld     | out |    1|   ap_vld   |   fifo_video_burst_size  |    pointer   |
|arb_pclk_khz                     |  in |   32|   ap_none  |       arb_pclk_khz       |    pointer   |
|arb_mclk_khz                     |  in |   32|   ap_none  |       arb_mclk_khz       |    pointer   |
|arb_nvclk_khz                    |  in |   32|   ap_none  |       arb_nvclk_khz      |    pointer   |
|arb_mem_page_miss                |  in |   32|   ap_none  |     arb_mem_page_miss    |    pointer   |
|arb_memory_width                 |  in |   32|   ap_none  |     arb_memory_width     |    pointer   |
|arb_enable_video                 |  in |   32|   ap_none  |     arb_enable_video     |    pointer   |
|arb_pix_bpp                      |  in |   32|   ap_none  |        arb_pix_bpp       |    pointer   |
|arb_enable_mp                    |  in |   32|   ap_none  |       arb_enable_mp      |    pointer   |
|arb_memory_type                  |  in |   32|   ap_none  |      arb_memory_type     |    pointer   |
+---------------------------------+-----+-----+------------+--------------------------+--------------+

