
****** Vivado(TM) HLS - High-Level Synthesis from C, C++ and SystemC v2019.1 (64-bit)
  **** SW Build 2552052 on Fri May 24 14:47:09 MDT 2019
  **** IP Build 2548770 on Fri May 24 18:01:18 MDT 2019
    ** Copyright 1986-2019 Xilinx, Inc. All Rights Reserved.

source /opt/xilinx/Vivado/2019.1/scripts/vivado_hls/hls.tcl -notrace
INFO: [HLS 200-10] Running '/opt/xilinx/Vivado/2019.1/bin/unwrapped/lnx64.o/vivado_hls'
INFO: [HLS 200-10] For user 'canesche' on host 'lesc-server' (Linux_x86_64 version 4.15.0-106-generic) on Mon Aug 10 14:02:50 UTC 2020
INFO: [HLS 200-10] On os Ubuntu 18.04.4 LTS
INFO: [HLS 200-10] In directory '/home/canesche/HLStools/example/Vivado/example5'
Sourcing Tcl script 'run_hls.tcl'
INFO: [HLS 200-10] Creating and opening project '/home/canesche/HLStools/example/Vivado/example5/project'.
INFO: [HLS 200-10] Adding design file 'example5.c' to the project
INFO: [HLS 200-10] Creating and opening solution '/home/canesche/HLStools/example/Vivado/example5/project/solution'.
INFO: [HLS 200-10] Cleaning up the solution database.
INFO: [HLS 200-10] Setting target device to 'xc7k160t-fbg484-1'
INFO: [SCHED 204-61] Option 'relax_ii_for_timing' is enabled, will increase II to preserve clock frequency constraints.
INFO: [HLS 200-10] Analyzing design file 'example5.c' ... 
INFO: [HLS 200-111] Finished Linking Time (s): cpu = 00:00:13 ; elapsed = 00:00:14 . Memory (MB): peak = 832.461 ; gain = 132.133 ; free physical = 14926 ; free virtual = 32170
INFO: [HLS 200-111] Finished Checking Pragmas Time (s): cpu = 00:00:13 ; elapsed = 00:00:14 . Memory (MB): peak = 832.461 ; gain = 132.133 ; free physical = 14926 ; free virtual = 32170
INFO: [HLS 200-10] Starting code transformations ...
INFO: [HLS 200-111] Finished Standard Transforms Time (s): cpu = 00:00:15 ; elapsed = 00:00:15 . Memory (MB): peak = 832.461 ; gain = 132.133 ; free physical = 14919 ; free virtual = 32164
INFO: [HLS 200-10] Checking synthesizability ...
ERROR: [SYNCHK 200-11] example5.c:13: Argument 'argv' of function 'main' (example5.c:13) has an unsynthesizable type (possible cause(s): pointer to pointer or global pointer).
INFO: [SYNCHK 200-10] 1 error(s), 0 warning(s).
ERROR: [HLS 200-70] Synthesizability check failed.
command 'ap_source' returned error code
    while executing
"source run_hls.tcl"
    ("uplevel" body line 1)
    invoked from within
"uplevel \#0 [list source $arg] "

INFO: [Common 17-206] Exiting vivado_hls at Mon Aug 10 14:03:06 2020...
