==============================================================
Vivado(TM) HLS - High-Level Synthesis from C, C++ and SystemC v2019.1 (64-bit)
Copyright 1986-2019 Xilinx, Inc. All Rights Reserved.
==============================================================
INFO: [SYN 201-201] Setting up clock 'default' with a period of 5ns.
INFO: [SYN 201-201] Setting up clock 'default' with a period of 10ns.
INFO: [SCHED 204-61] Option 'relax_ii_for_timing' is enabled, will increase II to preserve clock frequency constraints.
INFO: [HLS 200-10] Analyzing design file 'extr_.FFmpeglibavcodecroqvideo.c_ff_apply_vector_4x4_with_main.c' ... 
INFO: [HLS 200-111] Finished Linking Time (s): cpu = 00:02:34 ; elapsed = 00:05:41 . Memory (MB): peak = 832.453 ; gain = 132.133 ; free physical = 21505 ; free virtual = 44367
INFO: [HLS 200-111] Finished Checking Pragmas Time (s): cpu = 00:02:34 ; elapsed = 00:05:41 . Memory (MB): peak = 832.453 ; gain = 132.133 ; free physical = 21505 ; free virtual = 44367
INFO: [HLS 200-10] Starting code transformations ...
INFO: [HLS 200-111] Finished Standard Transforms Time (s): cpu = 00:02:36 ; elapsed = 00:05:43 . Memory (MB): peak = 832.453 ; gain = 132.133 ; free physical = 21505 ; free virtual = 44366
INFO: [HLS 200-10] Checking synthesizability ...
INFO: [XFORM 203-602] Inlining function 'ff_apply_vector_4x4' into 'main' (extr_.FFmpeglibavcodecroqvideo.c_ff_apply_vector_4x4_with_main.c:57) automatically.
WARNING: [SYNCHK 200-77] The top function 'main' has no outputs. Possible cause(s) are: (1) Output parameters are passed by value; (2) intended outputs (parameters or global variables) are never written; (3) there are infinite loops.
INFO: [SYNCHK 200-10] 0 error(s), 1 warning(s).
INFO: [HLS 200-111] Finished Checking Synthesizability Time (s): cpu = 00:02:36 ; elapsed = 00:05:43 . Memory (MB): peak = 832.453 ; gain = 132.133 ; free physical = 21505 ; free virtual = 44367
INFO: [HLS 200-111] Finished Pre-synthesis Time (s): cpu = 00:02:36 ; elapsed = 00:05:43 . Memory (MB): peak = 832.453 ; gain = 132.133 ; free physical = 21505 ; free virtual = 44367
INFO: [HLS 200-111] Finished Architecture Synthesis Time (s): cpu = 00:02:36 ; elapsed = 00:05:43 . Memory (MB): peak = 832.453 ; gain = 132.133 ; free physical = 21505 ; free virtual = 44367
INFO: [HLS 200-10] Starting hardware synthesis ...
INFO: [HLS 200-10] Synthesizing 'main' ...
INFO: [HLS 200-10] ----------------------------------------------------------------
INFO: [HLS 200-42] -- Implementing module 'main' 
INFO: [HLS 200-10] ----------------------------------------------------------------
INFO: [SCHED 204-11] Starting scheduling ...
INFO: [SCHED 204-11] Finished scheduling.
INFO: [HLS 200-111]  Elapsed time: 75.54 seconds; current allocated memory: 106.486 MB.
INFO: [BIND 205-100] Starting micro-architecture generation ...
INFO: [BIND 205-101] Performing variable lifetime analysis.
INFO: [BIND 205-101] Exploring resource sharing.
INFO: [BIND 205-101] Binding ...
INFO: [BIND 205-100] Finished micro-architecture generation.
INFO: [HLS 200-111]  Elapsed time: 0.01 seconds; current allocated memory: 106.512 MB.
INFO: [HLS 200-10] ----------------------------------------------------------------
INFO: [HLS 200-10] -- Generating RTL for module 'main' 
INFO: [HLS 200-10] ----------------------------------------------------------------
INFO: [RTGEN 206-500] Setting interface mode on function 'main' to 'ap_ctrl_hs'.
WARNING: [RTGEN 206-101] Setting dangling out port 'main/ap_return' to 0.
INFO: [RTGEN 206-100] Finished creating RTL model for 'main'.
INFO: [HLS 200-111]  Elapsed time: 0.01 seconds; current allocated memory: 106.531 MB.
INFO: [HLS 200-111] Finished generating all RTL models Time (s): cpu = 00:02:36 ; elapsed = 00:05:44 . Memory (MB): peak = 832.453 ; gain = 132.133 ; free physical = 21505 ; free virtual = 44367
INFO: [VHDL 208-304] Generating VHDL RTL for main.
INFO: [VLOG 209-307] Generating Verilog RTL for main.
INFO: [HLS 200-10] Creating and opening project '/home/vivado/aut/proj_extr_.linuxdriversvideofbdevnvidianv_hw.c_nv4CalcArbitration_with_main.c'.
INFO: [HLS 200-10] Adding design file 'extr_.linuxdriversvideofbdevnvidianv_hw.c_nv4CalcArbitration_with_main.c' to the project
INFO: [HLS 200-10] Creating and opening solution '/home/vivado/aut/proj_extr_.linuxdriversvideofbdevnvidianv_hw.c_nv4CalcArbitration_with_main.c/solution1'.
==============================================================
Vivado(TM) HLS - High-Level Synthesis from C, C++ and SystemC v2019.1 (64-bit)
Copyright 1986-2019 Xilinx, Inc. All Rights Reserved.
==============================================================
INFO: [SYN 201-201] Setting up clock 'default' with a period of 10ns.
INFO: [SCHED 204-61] Option 'relax_ii_for_timing' is enabled, will increase II to preserve clock frequency constraints.
INFO: [HLS 200-10] Analyzing design file 'extr_.FFmpeglibavcodecroqvideo.c_ff_apply_vector_4x4_with_main.c' ... 
INFO: [HLS 200-111] Finished Linking Time (s): cpu = 00:01:11 ; elapsed = 00:18:11 . Memory (MB): peak = 906.352 ; gain = 206.031 ; free physical = 27221 ; free virtual = 37480
INFO: [HLS 200-111] Finished Checking Pragmas Time (s): cpu = 00:01:11 ; elapsed = 00:18:11 . Memory (MB): peak = 906.352 ; gain = 206.031 ; free physical = 27221 ; free virtual = 37480
INFO: [HLS 200-10] Starting code transformations ...
INFO: [HLS 200-111] Finished Standard Transforms Time (s): cpu = 00:01:12 ; elapsed = 00:18:13 . Memory (MB): peak = 906.352 ; gain = 206.031 ; free physical = 27220 ; free virtual = 37479
INFO: [HLS 200-10] Checking synthesizability ...
ERROR: [SYNCHK 200-11] extr_.FFmpeglibavcodecroqvideo.c_ff_apply_vector_4x4_with_main.c:23: Argument 'ri.current_frame.linesize' of function 'ff_apply_vector_4x4' (extr_.FFmpeglibavcodecroqvideo.c_ff_apply_vector_4x4_with_main.c:23) has an unsynthesizable type (possible cause(s): pointer to pointer or global pointer).
ERROR: [SYNCHK 200-61] extr_.FFmpeglibavcodecroqvideo.c_ff_apply_vector_4x4_with_main.c:31: unsupported memory access on variable 'ri.current_frame.data' which is (or contains) an array with unknown size at compile time.
INFO: [SYNCHK 200-10] 2 error(s), 0 warning(s).
ERROR: [HLS 200-70] Synthesizability check failed.
INFO: [SCHED 204-61] Option 'relax_ii_for_timing' is enabled, will increase II to preserve clock frequency constraints.
INFO: [HLS 200-10] Analyzing design file 'extr_.FFmpeglibavcodecroqvideo.c_ff_apply_vector_4x4_with_main.c' ... 
INFO: [HLS 200-111] Finished Linking Time (s): cpu = 00:01:25 ; elapsed = 00:19:38 . Memory (MB): peak = 906.352 ; gain = 206.031 ; free physical = 27218 ; free virtual = 37477
INFO: [HLS 200-111] Finished Checking Pragmas Time (s): cpu = 00:01:25 ; elapsed = 00:19:38 . Memory (MB): peak = 906.352 ; gain = 206.031 ; free physical = 27218 ; free virtual = 37477
INFO: [HLS 200-10] Starting code transformations ...
INFO: [HLS 200-111] Finished Standard Transforms Time (s): cpu = 00:01:27 ; elapsed = 00:19:40 . Memory (MB): peak = 906.352 ; gain = 206.031 ; free physical = 27218 ; free virtual = 37478
INFO: [HLS 200-10] Checking synthesizability ...
ERROR: [XFORM 203-191] Unsupported pointer usage: ''  used by 'ri.current_frame.data.load.2'  in function  '' .
ERROR: [HLS 200-70] Synthesizability check failed.
INFO: [SCHED 204-61] Option 'relax_ii_for_timing' is enabled, will increase II to preserve clock frequency constraints.
INFO: [HLS 200-10] Analyzing design file 'extr_.FFmpeglibavcodecroqvideo.c_ff_apply_vector_4x4_with_main.c' ... 
WARNING: [HLS 200-40] In file included from extr_.FFmpeglibavcodecroqvideo.c_ff_apply_vector_4x4_with_main.c:1:
extr_.FFmpeglibavcodecroqvideo.c_ff_apply_vector_4x4_with_main.c:31:10: warning: incompatible integer to pointer conversion assigning to 'unsigned char *' from 'int' [-Wint-conversion]
    bptr = ri->current_frame->data[0] + boffs;
         ^ ~~~~~~~~~~~~~~~~~~~~~~~~~~~~~~~~~~
extr_.FFmpeglibavcodecroqvideo.c_ff_apply_vector_4x4_with_main.c:40:10: warning: incompatible integer to pointer conversion assigning to 'unsigned char *' from 'int' [-Wint-conversion]
    bptr = ri->current_frame->data[1] + boffs;
         ^ ~~~~~~~~~~~~~~~~~~~~~~~~~~~~~~~~~~
extr_.FFmpeglibavcodecroqvideo.c_ff_apply_vector_4x4_with_main.c:46:10: warning: incompatible integer to pointer conversion assigning to 'unsigned char *' from 'int' [-Wint-conversion]
    bptr = ri->current_frame->data[2] + boffs;
         ^ ~~~~~~~~~~~~~~~~~~~~~~~~~~~~~~~~~~
3 warnings generated.
INFO: [HLS 200-111] Finished Linking Time (s): cpu = 00:01:40 ; elapsed = 00:21:40 . Memory (MB): peak = 906.352 ; gain = 206.031 ; free physical = 27220 ; free virtual = 37480
INFO: [HLS 200-111] Finished Checking Pragmas Time (s): cpu = 00:01:40 ; elapsed = 00:21:40 . Memory (MB): peak = 906.352 ; gain = 206.031 ; free physical = 27220 ; free virtual = 37480
INFO: [HLS 200-10] Starting code transformations ...
INFO: [HLS 200-111] Finished Standard Transforms Time (s): cpu = 00:01:42 ; elapsed = 00:21:42 . Memory (MB): peak = 906.352 ; gain = 206.031 ; free physical = 27220 ; free virtual = 37479
INFO: [HLS 200-10] Checking synthesizability ...
ERROR: [SYNCHK 200-11] extr_.FFmpeglibavcodecroqvideo.c_ff_apply_vector_4x4_with_main.c:23: Argument 'ri.current_frame.linesize' of function 'ff_apply_vector_4x4' (extr_.FFmpeglibavcodecroqvideo.c_ff_apply_vector_4x4_with_main.c:23) has an unsynthesizable type (possible cause(s): pointer to pointer or global pointer).
ERROR: [SYNCHK 200-41] extr_.FFmpeglibavcodecroqvideo.c_ff_apply_vector_4x4_with_main.c:31: unsupported pointer reinterpretation from type 'i64' to type 'i8*'.
ERROR: [SYNCHK 200-61] extr_.FFmpeglibavcodecroqvideo.c_ff_apply_vector_4x4_with_main.c:32: unsupported memory access on variable 'bptr' which is (or contains) an array with unknown size at compile time.
WARNING: [SYNCHK 200-77] The top function 'ff_apply_vector_4x4' (extr_.FFmpeglibavcodecroqvideo.c_ff_apply_vector_4x4_with_main.c:23) has no outputs. Possible cause(s) are: (1) Output parameters are passed by value; (2) intended outputs (parameters or global variables) are never written; (3) there are infinite loops.
INFO: [SYNCHK 200-10] 3 error(s), 1 warning(s).
ERROR: [HLS 200-70] Synthesizability check failed.
INFO: [SCHED 204-61] Option 'relax_ii_for_timing' is enabled, will increase II to preserve clock frequency constraints.
INFO: [HLS 200-10] Analyzing design file 'extr_.FFmpeglibavcodecroqvideo.c_ff_apply_vector_4x4_with_main.c' ... 
WARNING: [HLS 200-40] In file included from extr_.FFmpeglibavcodecroqvideo.c_ff_apply_vector_4x4_with_main.c:1:
extr_.FFmpeglibavcodecroqvideo.c_ff_apply_vector_4x4_with_main.c:31:10: warning: incompatible integer to pointer conversion assigning to 'unsigned char *' from 'int' [-Wint-conversion]
    bptr = ri->current_frame->data[0] + boffs;
         ^ ~~~~~~~~~~~~~~~~~~~~~~~~~~~~~~~~~~
extr_.FFmpeglibavcodecroqvideo.c_ff_apply_vector_4x4_with_main.c:40:10: warning: incompatible integer to pointer conversion assigning to 'unsigned char *' from 'int' [-Wint-conversion]
    bptr = ri->current_frame->data[1] + boffs;
         ^ ~~~~~~~~~~~~~~~~~~~~~~~~~~~~~~~~~~
extr_.FFmpeglibavcodecroqvideo.c_ff_apply_vector_4x4_with_main.c:46:10: warning: incompatible integer to pointer conversion assigning to 'unsigned char *' from 'int' [-Wint-conversion]
    bptr = ri->current_frame->data[2] + boffs;
         ^ ~~~~~~~~~~~~~~~~~~~~~~~~~~~~~~~~~~
3 warnings generated.
INFO: [HLS 200-111] Finished Linking Time (s): cpu = 00:01:57 ; elapsed = 00:28:08 . Memory (MB): peak = 906.352 ; gain = 206.031 ; free physical = 27217 ; free virtual = 37477
INFO: [HLS 200-111] Finished Checking Pragmas Time (s): cpu = 00:01:57 ; elapsed = 00:28:08 . Memory (MB): peak = 906.352 ; gain = 206.031 ; free physical = 27217 ; free virtual = 37477
INFO: [HLS 200-10] Starting code transformations ...
INFO: [HLS 200-111] Finished Standard Transforms Time (s): cpu = 00:01:58 ; elapsed = 00:28:09 . Memory (MB): peak = 906.352 ; gain = 206.031 ; free physical = 27217 ; free virtual = 37477
INFO: [HLS 200-10] Checking synthesizability ...
ERROR: [SYNCHK 200-11] extr_.FFmpeglibavcodecroqvideo.c_ff_apply_vector_4x4_with_main.c:23: Argument 'ri.current_frame.linesize' of function 'ff_apply_vector_4x4' (extr_.FFmpeglibavcodecroqvideo.c_ff_apply_vector_4x4_with_main.c:23) has an unsynthesizable type (possible cause(s): pointer to pointer or global pointer).
ERROR: [SYNCHK 200-41] extr_.FFmpeglibavcodecroqvideo.c_ff_apply_vector_4x4_with_main.c:31: unsupported pointer reinterpretation from type 'i64' to type 'i8*'.
ERROR: [SYNCHK 200-61] extr_.FFmpeglibavcodecroqvideo.c_ff_apply_vector_4x4_with_main.c:32: unsupported memory access on variable 'bptr' which is (or contains) an array with unknown size at compile time.
WARNING: [SYNCHK 200-77] The top function 'ff_apply_vector_4x4' (extr_.FFmpeglibavcodecroqvideo.c_ff_apply_vector_4x4_with_main.c:23) has no outputs. Possible cause(s) are: (1) Output parameters are passed by value; (2) intended outputs (parameters or global variables) are never written; (3) there are infinite loops.
