

================================================================
== Vivado HLS Report for 'nv4CalcArbitration'
================================================================
* Date:           Sun May 24 19:45:04 2020

* Version:        2019.1 (Build 2552052 on Fri May 24 15:28:33 MDT 2019)
* Project:        proj_extr_.linuxdriversvideofbdevnvidianv_hw.c_nv4CalcArbitration_with_main.c
* Solution:       solution1
* Product family: kintex7
* Target device:  xc7k160t-fbg484-1


================================================================
== Performance Estimates
================================================================
+ Timing (ns): 
    * Summary: 
    +--------+-------+----------+------------+
    |  Clock | Target| Estimated| Uncertainty|
    +--------+-------+----------+------------+
    |ap_clk  |  10.00|     8.365|        1.25|
    +--------+-------+----------+------------+

+ Latency (clock cycles): 
    * Summary: 
    +-----+-----+-----+-----+---------+
    |  Latency  |  Interval | Pipeline|
    | min | max | min | max |   Type  |
    +-----+-----+-----+-----+---------+
    |    ?|    ?|    ?|    ?|   none  |
    +-----+-----+-----+-----+---------+

    + Detail: 
        * Instance: 
        N/A

        * Loop: 
        +----------+-----+-----+----------+-----------+-----------+------+----------+
        |          |  Latency  | Iteration|  Initiation Interval  | Trip |          |
        | Loop Name| min | max |  Latency |  achieved |   target  | Count| Pipelined|
        +----------+-----+-----+----------+-----------+-----------+------+----------+
        |- Loop 1  |    ?|    ?| 80 ~ 250 |          -|          -|     ?|    no    |
        +----------+-----+-----+----------+-----------+-----------+------+----------+



================================================================
== Utilization Estimates
================================================================
* Summary: 
+-----------------+---------+-------+--------+--------+-----+
|       Name      | BRAM_18K| DSP48E|   FF   |   LUT  | URAM|
+-----------------+---------+-------+--------+--------+-----+
|DSP              |        -|      1|       -|       -|    -|
|Expression       |        -|     29|       0|    1569|    -|
|FIFO             |        -|      -|       -|       -|    -|
|Instance         |        -|      -|    4656|    2814|    -|
|Memory           |        -|      -|       -|       -|    -|
|Multiplexer      |        -|      -|       -|    1492|    -|
|Register         |        -|      -|    1402|       -|    -|
+-----------------+---------+-------+--------+--------+-----+
|Total            |        0|     30|    6058|    5875|    0|
+-----------------+---------+-------+--------+--------+-----+
|Available        |      650|    600|  202800|  101400|    0|
+-----------------+---------+-------+--------+--------+-----+
|Utilization (%)  |        0|      5|       2|       5|    0|
+-----------------+---------+-------+--------+--------+-----+

+ Detail: 
    * Instance: 
    +---------------------------------------------------+-----------------------------------------------+---------+-------+-----+-----+-----+
    |                      Instance                     |                     Module                    | BRAM_18K| DSP48E|  FF | LUT | URAM|
    +---------------------------------------------------+-----------------------------------------------+---------+-------+-----+-----+-----+
    |nv4CalcArbitration_sdiv_24ns_32ns_32_28_seq_1_U11  |nv4CalcArbitration_sdiv_24ns_32ns_32_28_seq_1  |        0|      0|  394|  238|    0|
    |nv4CalcArbitration_sdiv_25ns_32ns_32_29_seq_1_U6   |nv4CalcArbitration_sdiv_25ns_32ns_32_29_seq_1  |        0|      0|  394|  238|    0|
    |nv4CalcArbitration_sdiv_26ns_32ns_32_30_seq_1_U3   |nv4CalcArbitration_sdiv_26ns_32ns_32_30_seq_1  |        0|      0|  394|  238|    0|
    |nv4CalcArbitration_sdiv_26ns_32s_32_30_seq_1_U4    |nv4CalcArbitration_sdiv_26ns_32s_32_30_seq_1   |        0|      0|  394|  238|    0|
    |nv4CalcArbitration_sdiv_29ns_29ns_29_33_seq_1_U5   |nv4CalcArbitration_sdiv_29ns_29ns_29_33_seq_1  |        0|      0|  358|  217|    0|
    |nv4CalcArbitration_sdiv_29ns_29ns_29_33_seq_1_U8   |nv4CalcArbitration_sdiv_29ns_29ns_29_33_seq_1  |        0|      0|  358|  217|    0|
    |nv4CalcArbitration_sdiv_30s_32s_32_34_seq_1_U7     |nv4CalcArbitration_sdiv_30s_32s_32_34_seq_1    |        0|      0|  394|  238|    0|
    |nv4CalcArbitration_sdiv_30s_32s_32_34_seq_1_U9     |nv4CalcArbitration_sdiv_30s_32s_32_34_seq_1    |        0|      0|  394|  238|    0|
    |nv4CalcArbitration_sdiv_32ns_32s_32_36_seq_1_U1    |nv4CalcArbitration_sdiv_32ns_32s_32_36_seq_1   |        0|      0|  394|  238|    0|
    |nv4CalcArbitration_sdiv_32ns_32s_32_36_seq_1_U2    |nv4CalcArbitration_sdiv_32ns_32s_32_36_seq_1   |        0|      0|  394|  238|    0|
    |nv4CalcArbitration_sdiv_32ns_32s_32_36_seq_1_U10   |nv4CalcArbitration_sdiv_32ns_32s_32_36_seq_1   |        0|      0|  394|  238|    0|
    |nv4CalcArbitration_sdiv_32ns_32s_32_36_seq_1_U12   |nv4CalcArbitration_sdiv_32ns_32s_32_36_seq_1   |        0|      0|  394|  238|    0|
    +---------------------------------------------------+-----------------------------------------------+---------+-------+-----+-----+-----+
    |Total                                              |                                               |        0|      0| 4656| 2814|    0|
    +---------------------------------------------------+-----------------------------------------------+---------+-------+-----+-----+-----+

    * DSP48E: 
    +------------------------------------------------+--------------------------------------------+-----------+
    |                    Instance                    |                   Module                   | Expression|
    +------------------------------------------------+--------------------------------------------+-----------+
    |nv4CalcArbitration_mul_mul_21ns_8ns_29_1_1_U13  |nv4CalcArbitration_mul_mul_21ns_8ns_29_1_1  |  i0 * i1  |
    +------------------------------------------------+--------------------------------------------+-----------+

    * Memory: 
    N/A

    * FIFO: 
    N/A

    * Expression: 
    +---------------------------+----------+-------+---+----+------------+------------+
    |       Variable Name       | Operation| DSP48E| FF| LUT| Bitwidth P0| Bitwidth P1|
    +---------------------------+----------+-------+---+----+------------+------------+
    |mul_ln103_fu_485_p2        |     *    |      2|  0|  21|          21|          32|
    |mul_ln108_fu_778_p2        |     *    |      3|  0|  22|          33|          32|
    |mul_ln111_fu_354_p2        |     *    |      3|  0|  21|          32|          32|
    |mul_ln114_fu_461_p2        |     *    |      2|  0|  21|          22|          32|
    |mul_ln117_fu_762_p2        |     *    |      3|  0|  21|          32|          30|
    |mul_ln121_fu_853_p2        |     *    |      2|  0|  21|          13|          32|
    |mul_ln122_fu_862_p2        |     *    |      3|  0|  21|          32|          32|
    |mul_ln70_fu_513_p2         |     *    |      2|  0|  21|          32|          20|
    |mul_ln81_fu_473_p2         |     *    |      3|  0|  21|          32|          26|
    |mul_ln89_1_fu_615_p2       |     *    |      3|  0|  22|          33|          32|
    |mul_ln89_fu_594_p2         |     *    |      3|  0|  21|          32|          32|
    |add_ln105_1_fu_750_p2      |     +    |      0|  0|  39|          32|          32|
    |add_ln105_fu_746_p2        |     +    |      0|  0|  32|          32|          32|
    |add_ln109_1_fu_875_p2      |     +    |      0|  0|  19|           1|          12|
    |add_ln116_1_fu_552_p2      |     +    |      0|  0|  39|          32|          32|
    |add_ln116_fu_546_p2        |     +    |      0|  0|  32|          32|          32|
    |add_ln69_fu_503_p2         |     +    |      0|  0|  32|          32|          32|
    |add_ln88_1_fu_578_p2       |     +    |      0|  0|  32|          32|          32|
    |add_ln88_2_fu_583_p2       |     +    |      0|  0|  32|          32|          32|
    |add_ln88_fu_574_p2         |     +    |      0|  0|  32|          32|          32|
    |clwm_1_fu_870_p2           |     +    |      0|  0|  20|           1|          13|
    |fifo_video_lwm             |     +    |      0|  0|  39|          32|           4|
    |grp_fu_343_p2              |     +    |      0|  0|  39|          32|           2|
    |m1_fu_844_p2               |     +    |      0|  0|  20|          10|          13|
    |mclk_loop_fu_508_p2        |     +    |      0|  0|  32|          32|          32|
    |us_crt_1_fu_756_p2         |     +    |      0|  0|  32|          32|          32|
    |us_crt_fu_558_p2           |     +    |      0|  0|  32|          32|          32|
    |us_video_fu_589_p2         |     +    |      0|  0|  32|          32|          32|
    |vlwm_fu_664_p2             |     +    |      0|  0|  20|           1|          13|
    |sub_ln108_1_fu_823_p2      |     -    |      0|  0|  39|           1|          32|
    |sub_ln108_fu_794_p2        |     -    |      0|  0|  72|           1|          65|
    |sub_ln111_1_fu_441_p2      |     -    |      0|  0|  37|           1|          30|
    |sub_ln111_fu_368_p2        |     -    |      0|  0|  39|           1|          32|
    |sub_ln122_1_fu_909_p2      |     -    |      0|  0|  37|           1|          30|
    |sub_ln122_fu_890_p2        |     -    |      0|  0|  39|           1|          32|
    |sub_ln89_1_fu_652_p2       |     -    |      0|  0|  20|           1|          13|
    |sub_ln89_fu_631_p2         |     -    |      0|  0|  72|           1|          65|
    |and_ln123_fu_947_p2        |    and   |      0|  0|   6|           1|           1|
    |grp_fu_334_p2              |   icmp   |      0|  0|  18|          32|           1|
    |icmp_ln123_1_fu_942_p2     |   icmp   |      0|  0|  13|          13|           1|
    |icmp_ln123_fu_936_p2       |   icmp   |      0|  0|  18|          30|          30|
    |icmp_ln130_1_fu_979_p2     |   icmp   |      0|  0|  18|          24|           1|
    |icmp_ln130_fu_963_p2       |   icmp   |      0|  0|   9|           4|           1|
    |icmp_ln138_fu_991_p2       |   icmp   |      0|  0|  13|          13|          10|
    |icmp_ln146_fu_1001_p2      |   icmp   |      0|  0|  13|          13|           9|
    |icmp_ln148_fu_1030_p2      |   icmp   |      0|  0|  18|          25|           1|
    |icmp_ln60_fu_418_p2        |   icmp   |      0|  0|  18|          32|           1|
    |icmp_ln73_fu_432_p2        |   icmp   |      0|  0|  18|          32|           1|
    |icmp_ln81_fu_479_p2        |   icmp   |      0|  0|  18|          32|          32|
    |icmp_ln92_fu_673_p2        |   icmp   |      0|  0|  13|          13|           8|
    |icmp_ln94_fu_678_p2        |   icmp   |      0|  0|  13|          13|           8|
    |or_ln130_fu_985_p2         |    or    |      0|  0|   6|           1|           1|
    |clwm_fu_829_p3             |  select  |      0|  0|  32|           1|          32|
    |crtc_drain_rate_fu_450_p3  |  select  |      0|  0|  30|           1|          30|
    |data_fu_1007_p3            |  select  |      0|  0|  12|           1|           9|
    |p1_1_fu_928_p3             |  select  |      0|  0|  30|           1|          30|
    |select_ln108_fu_816_p3     |  select  |      0|  0|  32|           1|          32|
    |select_ln148_fu_1036_p3    |  select  |      0|  0|  31|           1|           8|
    |select_ln60_fu_424_p3      |  select  |      0|  0|   5|           1|           4|
    |select_ln89_1_fu_658_p3    |  select  |      0|  0|  13|           1|          13|
    |select_ln89_fu_646_p3      |  select  |      0|  0|  13|           1|          13|
    |select_ln94_1_fu_683_p3    |  select  |      0|  0|   7|           1|           6|
    |select_ln94_fu_691_p3      |  select  |      0|  0|   9|           1|           8|
    +---------------------------+----------+-------+---+----+------------+------------+
    |Total                      |          |     29|  0|1569|        1072|        1363|
    +---------------------------+----------+-------+---+----+------------+------------+

    * Multiplexer: 
    +------------------------------------------+------+-----------+-----+-----------+
    |                   Name                   |  LUT | Input Size| Bits| Total Bits|
    +------------------------------------------+------+-----------+-----+-----------+
    |ap_NS_fsm                                 |  1381|        309|    1|        309|
    |ap_phi_mux_found_7_phi_fu_316_p10         |    15|          3|    1|          3|
    |ap_phi_mux_video_fill_us_0_phi_fu_279_p4  |     9|          2|   32|         64|
    |fifo_valid                                |    15|          3|   32|         96|
    |found_0_reg_254                           |     9|          2|    1|          2|
    |mclk_extra_3_fu_154                       |     9|          2|   32|         64|
    |p_pn_reg_294                              |     9|          2|   32|         64|
    |vbs_0_fu_158                              |     9|          2|    3|          6|
    |video_fill_us_0_reg_276                   |     9|          2|   32|         64|
    |video_fill_us_1_reg_285                   |     9|          2|   32|         64|
    |vlwm_0_reg_265                            |     9|          2|   31|         62|
    |vlwm_1_reg_303                            |     9|          2|   32|         64|
    +------------------------------------------+------+-----------+-----+-----------+
    |Total                                     |  1492|        333|  261|        862|
    +------------------------------------------+------+-----------+-----+-----------+

    * Register: 
    +-------------------------+-----+----+-----+-----------+
    |           Name          |  FF | LUT| Bits| Const Bits|
    +-------------------------+-----+----+-----+-----------+
    |add_ln88_1_reg_1203      |   32|   0|   32|          0|
    |and_ln_reg_1152          |   26|   0|   29|          3|
    |ap_CS_fsm                |  308|   0|  308|          0|
    |found_0_reg_254          |    1|   0|    1|          0|
    |icmp_ln73_reg_1129       |    1|   0|    1|          0|
    |icmp_ln81_reg_1143       |    1|   0|    1|          0|
    |m1_reg_1321              |   13|   0|   13|          0|
    |mclk_extra_3_fu_154      |   32|   0|   32|          0|
    |mclk_loop_reg_1163       |   32|   0|   32|          0|
    |mul_ln103_reg_1147       |   32|   0|   32|          0|
    |mul_ln108_reg_1300       |   65|   0|   65|          0|
    |mul_ln114_reg_1138       |   32|   0|   32|          0|
    |mul_ln117_reg_1289       |   32|   0|   32|          0|
    |mul_ln121_reg_1327       |   32|   0|   32|          0|
    |mul_ln122_reg_1337       |   32|   0|   32|          0|
    |mul_ln70_reg_1168        |   26|   0|   32|          6|
    |mul_ln89_1_reg_1230      |   64|   0|   65|          1|
    |mul_ln89_reg_1219        |   32|   0|   32|          0|
    |mul_ln97_reg_1258        |   29|   0|   29|          0|
    |p1_reg_1332              |   32|   0|   32|          0|
    |p_pn_reg_294             |   32|   0|   32|          0|
    |select_ln60_reg_1124     |    3|   0|   32|         29|
    |sext_ln111_reg_1133      |   32|   0|   32|          0|
    |sext_ln90_reg_1248       |   32|   0|   32|          0|
    |tmp_1_reg_1097           |   29|   0|   29|          0|
    |tmp_2_reg_1087           |    1|   0|    1|          0|
    |tmp_3_reg_1224           |    1|   0|    1|          0|
    |tmp_5_reg_1235           |   13|   0|   13|          0|
    |tmp_6_reg_1294           |    1|   0|    1|          0|
    |tmp_8_reg_1305           |   13|   0|   13|          0|
    |tmp_reg_1092             |   29|   0|   29|          0|
    |trunc_ln108_reg_1310     |   13|   0|   13|          0|
    |trunc_ln109_reg_1316     |   12|   0|   12|          0|
    |us_m_reg_1173            |   32|   0|   32|          0|
    |us_n_reg_1178            |   32|   0|   32|          0|
    |us_p_reg_1183            |   32|   0|   32|          0|
    |us_video_reg_1208        |   32|   0|   32|          0|
    |vbs_0_fu_158             |    3|   0|   32|         29|
    |video_fill_us_0_reg_276  |   32|   0|   32|          0|
    |video_fill_us_1_reg_285  |   32|   0|   32|          0|
    |vlwm_0_reg_265           |   31|   0|   31|          0|
    |vlwm_1_reg_303           |   32|   0|   32|          0|
    |vlwm_reg_1241            |   13|   0|   13|          0|
    |vpm_us_reg_1188          |   32|   0|   32|          0|
    |zext_ln66_reg_1158       |   31|   0|   32|          1|
    |zext_ln94_1_reg_1253     |    3|   0|   32|         29|
    +-------------------------+-----+----+-----+-----------+
    |Total                    | 1402|   0| 1500|         98|
    +-------------------------+-----+----+-----+-----------+



================================================================
== Interface
================================================================
* Summary: 
+---------------------------------+-----+-----+------------+--------------------------+--------------+
|            RTL Ports            | Dir | Bits|  Protocol  |       Source Object      |    C Type    |
+---------------------------------+-----+-----+------------+--------------------------+--------------+
|ap_clk                           |  in |    1| ap_ctrl_hs |    nv4CalcArbitration    | return value |
|ap_rst                           |  in |    1| ap_ctrl_hs |    nv4CalcArbitration    | return value |
|ap_start                         |  in |    1| ap_ctrl_hs |    nv4CalcArbitration    | return value |
|ap_done                          | out |    1| ap_ctrl_hs |    nv4CalcArbitration    | return value |
|ap_idle                          | out |    1| ap_ctrl_hs |    nv4CalcArbitration    | return value |
|ap_ready                         | out |    1| ap_ctrl_hs |    nv4CalcArbitration    | return value |
|fifo_valid                       | out |   32|   ap_vld   |        fifo_valid        |    pointer   |
|fifo_valid_ap_vld                | out |    1|   ap_vld   |        fifo_valid        |    pointer   |
|fifo_graphics_lwm                | out |   32|   ap_vld   |     fifo_graphics_lwm    |    pointer   |
|fifo_graphics_lwm_ap_vld         | out |    1|   ap_vld   |     fifo_graphics_lwm    |    pointer   |
|fifo_graphics_burst_size         | out |   32|   ap_vld   | fifo_graphics_burst_size |    pointer   |
|fifo_graphics_burst_size_ap_vld  | out |    1|   ap_vld   | fifo_graphics_burst_size |    pointer   |
|fifo_video_lwm                   | out |   32|   ap_vld   |      fifo_video_lwm      |    pointer   |
|fifo_video_lwm_ap_vld            | out |    1|   ap_vld   |      fifo_video_lwm      |    pointer   |
|fifo_video_burst_size            | out |   32|   ap_vld   |   fifo_video_burst_size  |    pointer   |
|fifo_video_burst_size_ap_vld     | out |    1|   ap_vld   |   fifo_video_burst_size  |    pointer   |
|arb_pclk_khz                     |  in |   32|   ap_none  |       arb_pclk_khz       |    pointer   |
|arb_mclk_khz                     |  in |   32|   ap_none  |       arb_mclk_khz       |    pointer   |
|arb_nvclk_khz                    |  in |   32|   ap_none  |       arb_nvclk_khz      |    pointer   |
|arb_mem_page_miss                |  in |   32|   ap_none  |     arb_mem_page_miss    |    pointer   |
|arb_mem_latency                  |  in |   32|   ap_none  |      arb_mem_latency     |    pointer   |
|arb_memory_width                 |  in |   32|   ap_none  |     arb_memory_width     |    pointer   |
|arb_enable_video                 |  in |   32|   ap_none  |     arb_enable_video     |    pointer   |
|arb_pix_bpp                      |  in |   32|   ap_none  |        arb_pix_bpp       |    pointer   |
|arb_enable_mp                    |  in |   32|   ap_none  |       arb_enable_mp      |    pointer   |
+---------------------------------+-----+-----+------------+--------------------------+--------------+

