35578
40528
45377
50124
54768
59308
63743
2536
6758
10872
14877
18772
22556
26228
29787
33232
36562
39776
42873
45852
48712
51452
54071
56568
58942
61192
63317
65316
1652
3396
5011
6496
7850
9072
10161
11116
11936
12620
13167
13576
13846
13976
13965
13812
13516
13076
12491
11760
10882
9856
8681
7356
5880
4252
2471
536
63982
61736
59333
56772
54052
51172
48131
44928
41562
38032
34337
30476
26448
22252
17887
13352
8646
3768
64253
59028
53628
48052
42299
36368
30258
23968
17497
10844
4008
62524
55319
47928
40350
32584
24629
16484
8148
65156
56435
47520
38410
29104
19601
9900
INFO: [XSIM 43-3496] Using init file passed via -initfile option "/opt/xilinx/Vivado/2019.1/data/xsim/ip/xsim_ip.ini".
Vivado Simulator 2019.1
Copyright 1986-1999, 2001-2019 Xilinx, Inc. All Rights Reserved.
Running: /opt/xilinx/Vivado/2019.1/bin/unwrapped/lnx64.o/xelab xil_defaultlib.apatb_fir_top glbl -prj fir.prj -L smartconnect_v1_0 -L axi_protocol_checker_v1_1_12 -L axi_protocol_checker_v1_1_13 -L axis_protocol_checker_v1_1_11 -L axis_protocol_checker_v1_1_12 -L xil_defaultlib -L unisims_ver -L xpm --initfile /opt/xilinx/Vivado/2019.1/data/xsim/ip/xsim_ip.ini --lib ieee_proposed=./ieee_proposed -s fir 
Multi-threading is on. Using 14 slave threads.
WARNING: [XSIM 43-3431] One or more environment variables have been detected which affect the operation of the C compiler. These are typically not set in standard installations and are not tested by Xilinx, however they may be appropriate for your system, so the flow will attempt to continue.  If errors occur, try running xelab with the "-mt off -v 1" switches to see more information from the C compiler. The following environment variables have been detected:
    LIBRARY_PATH
INFO: [VRFC 10-2263] Analyzing SystemVerilog file "/home/dalila/HLStools/vivado/ready/Fir/proj/sol/sim/verilog/glbl.v" into library work
INFO: [VRFC 10-311] analyzing module glbl
INFO: [VRFC 10-2263] Analyzing SystemVerilog file "/home/dalila/HLStools/vivado/ready/Fir/proj/sol/sim/verilog/AESL_automem_data_out.v" into library xil_defaultlib
INFO: [VRFC 10-311] analyzing module AESL_automem_data_out
INFO: [VRFC 10-2263] Analyzing SystemVerilog file "/home/dalila/HLStools/vivado/ready/Fir/proj/sol/sim/verilog/fir.v" into library xil_defaultlib
INFO: [VRFC 10-311] analyzing module fir
INFO: [VRFC 10-2263] Analyzing SystemVerilog file "/home/dalila/HLStools/vivado/ready/Fir/proj/sol/sim/verilog/AESL_automem_coef.v" into library xil_defaultlib
INFO: [VRFC 10-311] analyzing module AESL_automem_coef
INFO: [VRFC 10-2263] Analyzing SystemVerilog file "/home/dalila/HLStools/vivado/ready/Fir/proj/sol/sim/verilog/fir_mac_muladd_16s_16s_16ns_16_1_1.v" into library xil_defaultlib
INFO: [VRFC 10-311] analyzing module fir_mac_muladd_16s_16s_16ns_16_1_1_DSP48_0
INFO: [VRFC 10-311] analyzing module fir_mac_muladd_16s_16s_16ns_16_1_1
INFO: [VRFC 10-2263] Analyzing SystemVerilog file "/home/dalila/HLStools/vivado/ready/Fir/proj/sol/sim/verilog/AESL_automem_data_in.v" into library xil_defaultlib
INFO: [VRFC 10-311] analyzing module AESL_automem_data_in
INFO: [VRFC 10-2263] Analyzing SystemVerilog file "/home/dalila/HLStools/vivado/ready/Fir/proj/sol/sim/verilog/fir.autotb.v" into library xil_defaultlib
INFO: [VRFC 10-311] analyzing module apatb_fir_top
Starting static elaboration
Completed static elaboration
Starting simulation data flow analysis
Completed simulation data flow analysis
Time Resolution for simulation is 1ps
Compiling module xil_defaultlib.fir_mac_muladd_16s_16s_16ns_16_1...
Compiling module xil_defaultlib.fir_mac_muladd_16s_16s_16ns_16_1...
Compiling module xil_defaultlib.fir
Compiling module xil_defaultlib.AESL_automem_coef
Compiling module xil_defaultlib.AESL_automem_data_in
Compiling module xil_defaultlib.AESL_automem_data_out
Compiling module xil_defaultlib.apatb_fir_top
Compiling module work.glbl
Built simulation snapshot fir

****** Webtalk v2019.1 (64-bit)
  **** SW Build 2552052 on Fri May 24 14:47:09 MDT 2019
  **** IP Build 2548770 on Fri May 24 18:01:18 MDT 2019
    ** Copyright 1986-2019 Xilinx, Inc. All Rights Reserved.

source /home/dalila/HLStools/vivado/ready/Fir/proj/sol/sim/verilog/xsim.dir/fir/webtalk/xsim_webtalk.tcl -notrace
INFO: [Common 17-206] Exiting Webtalk at Mon Apr 27 13:46:12 2020...

****** xsim v2019.1 (64-bit)
  **** SW Build 2552052 on Fri May 24 14:47:09 MDT 2019
  **** IP Build 2548770 on Fri May 24 18:01:18 MDT 2019
    ** Copyright 1986-2019 Xilinx, Inc. All Rights Reserved.

source xsim.dir/fir/xsim_script.tcl
# xsim {fir} -autoloadwcfg -tclbatch {fir.tcl}
Vivado Simulator 2019.1
Time resolution is 1 ps
source fir.tcl
## run all
////////////////////////////////////////////////////////////////////////////////////
// Inter-Transaction Progress: Completed Transaction / Total Transaction
// Intra-Transaction Progress: Measured Latency / Latency Estimation * 100%
//
// RTL Simulation : "Inter-Transaction Progress" ["Intra-Transaction Progress"] @ "Simulation Time"
////////////////////////////////////////////////////////////////////////////////////
// RTL Simulation : 0 / 1 [0.00%] @ "125000"
// RTL Simulation : 1 / 1 [100.00%] @ "20202165000"
////////////////////////////////////////////////////////////////////////////////////
$finish called at time : 20202205 ns : File "/home/dalila/HLStools/vivado/ready/Fir/proj/sol/sim/verilog/fir.autotb.v" Line 359
run: Time (s): cpu = 00:00:00 ; elapsed = 00:00:09 . Memory (MB): peak = 1391.113 ; gain = 0.000 ; free physical = 41735 ; free virtual = 125735
## quit
INFO: [Common 17-206] Exiting xsim at Mon Apr 27 13:46:30 2020...
35578
40528
45377
50124
54768
59308
63743
2536
6758
10872
14877
18772
22556
26228
29787
33232
36562
39776
42873
45852
48712
51452
54071
56568
58942
61192
63317
65316
1652
3396
5011
6496
7850
9072
10161
11116
11936
12620
13167
13576
13846
13976
13965
13812
13516
13076
12491
11760
10882
9856
8681
7356
5880
4252
2471
536
63982
61736
59333
56772
54052
51172
48131
44928
41562
38032
34337
30476
26448
22252
17887
13352
8646
3768
64253
59028
53628
48052
42299
36368
30258
23968
17497
10844
4008
62524
55319
47928
40350
32584
24629
16484
8148
65156
56435
47520
38410
29104
19601
9900
