==============================================================
Vivado(TM) HLS - High-Level Synthesis from C, C++ and SystemC v2019.1 (64-bit)
Copyright 1986-2019 Xilinx, Inc. All Rights Reserved.
==============================================================
INFO: [SYN 201-201] Setting up clock 'default' with a period of 5ns.
INFO: [SYN 201-201] Setting up clock 'default' with a period of 10ns.
INFO: [SCHED 204-61] Option 'relax_ii_for_timing' is enabled, will increase II to preserve clock frequency constraints.
INFO: [HLS 200-10] Analyzing design file 'extr_.linuxdriversgpudrmradeonr100.c_r100_cs_track_clear_with_main.c' ... 
INFO: [HLS 200-111] Finished Linking Time (s): cpu = 00:01:26 ; elapsed = 00:09:06 . Memory (MB): peak = 832.453 ; gain = 132.133 ; free physical = 14172 ; free virtual = 43652
INFO: [HLS 200-111] Finished Checking Pragmas Time (s): cpu = 00:01:26 ; elapsed = 00:09:06 . Memory (MB): peak = 832.453 ; gain = 132.133 ; free physical = 14172 ; free virtual = 43652
INFO: [HLS 200-10] Starting code transformations ...
INFO: [HLS 200-111] Finished Standard Transforms Time (s): cpu = 00:01:28 ; elapsed = 00:09:08 . Memory (MB): peak = 832.453 ; gain = 132.133 ; free physical = 14172 ; free virtual = 43652
INFO: [HLS 200-10] Checking synthesizability ...
ERROR: [SYNCHK 200-11] extr_.linuxdriversgpudrmradeonr100.c_r100_cs_track_clear_with_main.c:32: Argument 'track.textures.pitch' of function 'r100_cs_track_clear' (extr_.linuxdriversgpudrmradeonr100.c_r100_cs_track_clear_with_main.c:32) has an unsynthesizable type (possible cause(s): pointer to pointer or global pointer).
ERROR: [SYNCHK 200-61] extr_.linuxdriversgpudrmradeonr100.c_r100_cs_track_clear_with_main.c:60: unsupported memory access on variable 'track.cb.pitch' which is (or contains) an array with unknown size at compile time.
INFO: [SYNCHK 200-10] 2 error(s), 0 warning(s).
ERROR: [HLS 200-70] Synthesizability check failed.
ERROR: [HLS 200-70] The name 'proj_extr_.linuxdriversgpudrmradeonr600.c_rs780_pm_init_profile_with_main.c/' contains illegal character '/' 
INFO: [HLS 200-10] Opening project '/home/vivado/HLStools/vivado/214_revisao/proj_extr_.linuxdriversgpudrmradeonr600.c_rs780_pm_init_profile_with_main.c'.
INFO: [HLS 200-10] Creating and opening solution '/home/vivado/HLStools/vivado/214_revisao/proj_extr_.linuxdriversgpudrmradeonr600.c_rs780_pm_init_profile_with_main.c/sol'.
