

================================================================
== Vivado HLS Report for 'tpg_calculate_square_border'
================================================================
* Date:           Sun May 24 19:04:50 2020

* Version:        2019.1 (Build 2552052 on Fri May 24 15:28:33 MDT 2019)
* Project:        proj_extr_.linuxdriversmediacommonv4l2-tpgv4l2-tpg-core.c_tpg_calculate_square_border_with_main.c
* Solution:       solution1
* Product family: kintex7
* Target device:  xc7k160t-fbg484-1


================================================================
== Performance Estimates
================================================================
+ Timing (ns): 
    * Summary: 
    +--------+-------+----------+------------+
    |  Clock | Target| Estimated| Uncertainty|
    +--------+-------+----------+------------+
    |ap_clk  |  10.00|     8.375|        1.25|
    +--------+-------+----------+------------+

+ Latency (clock cycles): 
    * Summary: 
    +-----+-----+-----+-----+---------+
    |  Latency  |  Interval | Pipeline|
    | min | max | min | max |   Type  |
    +-----+-----+-----+-----+---------+
    |    3|    4|    3|    4|   none  |
    +-----+-----+-----+-----+---------+

    + Detail: 
        * Instance: 
        N/A

        * Loop: 
        N/A



================================================================
== Utilization Estimates
================================================================
* Summary: 
+-----------------+---------+-------+--------+--------+-----+
|       Name      | BRAM_18K| DSP48E|   FF   |   LUT  | URAM|
+-----------------+---------+-------+--------+--------+-----+
|DSP              |        -|      -|       -|       -|    -|
|Expression       |        -|     24|       0|    1443|    -|
|FIFO             |        -|      -|       -|       -|    -|
|Instance         |        -|      -|       -|       -|    -|
|Memory           |        -|      -|       -|       -|    -|
|Multiplexer      |        -|      -|       -|     234|    -|
|Register         |        -|      -|     340|       -|    -|
+-----------------+---------+-------+--------+--------+-----+
|Total            |        0|     24|     340|    1677|    0|
+-----------------+---------+-------+--------+--------+-----+
|Available        |      650|    600|  202800|  101400|    0|
+-----------------+---------+-------+--------+--------+-----+
|Utilization (%)  |        0|      4|   ~0   |       1|    0|
+-----------------+---------+-------+--------+--------+-----+

+ Detail: 
    * Instance: 
    N/A

    * DSP48E: 
    N/A

    * Memory: 
    N/A

    * FIFO: 
    N/A

    * Expression: 
    +------------------------+----------+-------+---+----+------------+------------+
    |      Variable Name     | Operation| DSP48E| FF| LUT| Bitwidth P0| Bitwidth P1|
    +------------------------+----------+-------+---+----+------------+------------+
    |mul_ln32_fu_355_p2      |     *    |      4|  0|  22|          33|          32|
    |mul_ln46_fu_562_p2      |     *    |      4|  0|  22|          33|          32|
    |mul_ln60_fu_812_p2      |     *    |      4|  0|  22|          32|          33|
    |mul_ln76_fu_751_p2      |     *    |      4|  0|  22|          32|          33|
    |mul_ln82_fu_771_p2      |     *    |      4|  0|  22|          32|          33|
    |mul_ln92_fu_647_p2      |     *    |      4|  0|  22|          32|          33|
    |add_ln46_fu_553_p2      |     +    |      0|  0|  39|          32|          32|
    |add_ln62_fu_1067_p2     |     +    |      0|  0|  39|          32|           3|
    |add_ln72_fu_700_p2      |     +    |      0|  0|  39|          32|          10|
    |add_ln75_fu_720_p2      |     +    |      0|  0|  39|          32|          32|
    |add_ln78_fu_972_p2      |     +    |      0|  0|  37|          30|           3|
    |add_ln88_fu_607_p2      |     +    |      0|  0|  39|          32|          10|
    |add_ln91_fu_627_p2      |     +    |      0|  0|  39|          32|          32|
    |add_ln94_fu_901_p2      |     +    |      0|  0|  37|          30|           3|
    |ana_sq_w_1_fu_484_p2    |     +    |      0|  0|  39|           2|          32|
    |sq_w_1_fu_416_p2        |     +    |      0|  0|  38|           2|          31|
    |ana_sq_w_fu_465_p2      |     -    |      0|  0|  39|          32|          32|
    |sub_ln33_fu_391_p2      |     -    |      0|  0|  10|           2|           2|
    |sub_ln40_fu_471_p2      |     -    |      0|  0|  39|          32|          32|
    |sub_ln44_fu_507_p2      |     -    |      0|  0|  39|          32|          32|
    |sub_ln50_fu_587_p2      |     -    |      0|  0|  39|          32|          32|
    |sub_ln59_fu_792_p2      |     -    |      0|  0|  39|          32|          32|
    |sub_ln61_fu_1046_p2     |     -    |      0|  0|  39|          32|          32|
    |sub_ln63_fu_1082_p2     |     -    |      0|  0|  39|          32|          32|
    |sub_ln67_fu_850_p2      |     -    |      0|  0|  39|          32|          32|
    |sub_ln75_fu_735_p2      |     -    |      0|  0|  39|          32|          32|
    |sub_ln77_fu_951_p2      |     -    |      0|  0|  39|          32|          32|
    |sub_ln79_fu_991_p2      |     -    |      0|  0|  39|          32|          32|
    |sub_ln83_fu_1019_p2     |     -    |      0|  0|  39|          32|          32|
    |sub_ln93_fu_880_p2      |     -    |      0|  0|  39|          32|          32|
    |sub_ln95_fu_920_p2      |     -    |      0|  0|  39|          32|          32|
    |sub_ln99_fu_685_p2      |     -    |      0|  0|  39|          32|          32|
    |icmp_ln37_fu_433_p2     |   icmp   |      0|  0|  18|          32|           1|
    |icmp_ln45_fu_527_p2     |   icmp   |      0|  0|  18|          32|           1|
    |icmp_ln59_fu_802_p2     |   icmp   |      0|  0|  18|          32|          32|
    |icmp_ln61_fu_1061_p2    |   icmp   |      0|  0|  18|          30|           1|
    |icmp_ln75_fu_741_p2     |   icmp   |      0|  0|  18|          32|          32|
    |icmp_ln77_fu_966_p2     |   icmp   |      0|  0|  18|          30|           1|
    |icmp_ln91_fu_637_p2     |   icmp   |      0|  0|  18|          32|          32|
    |icmp_ln93_fu_895_p2     |   icmp   |      0|  0|  18|          30|           1|
    |select_ln37_fu_498_p3   |  select  |      0|  0|  32|           1|          32|
    |select_ln40_fu_490_p3   |  select  |      0|  0|  32|           1|          32|
    |select_ln61_fu_1073_p3  |  select  |      0|  0|  32|           1|          32|
    |select_ln77_fu_978_p3   |  select  |      0|  0|  30|           1|          30|
    |select_ln93_fu_907_p3   |  select  |      0|  0|  30|           1|          30|
    |sq_w_3_fu_422_p3        |  select  |      0|  0|  31|           1|          31|
    +------------------------+----------+-------+---+----+------------+------------+
    |Total                   |          |     24|  0|1443|        1188|        1154|
    +------------------------+----------+-------+---+----+------------+------------+

    * Multiplexer: 
    +-------------------------------------------------+----+-----------+-----+-----------+
    |                       Name                      | LUT| Input Size| Bits| Total Bits|
    +-------------------------------------------------+----+-----------+-----+-----------+
    |ap_NS_fsm                                        |  33|          6|    1|          6|
    |ap_phi_mux_tpg_border_height_ne_phi_fu_320_p20   |  15|          3|   32|         96|
    |ap_phi_mux_tpg_border_left_new_s_phi_fu_229_p20  |  27|          5|   31|        155|
    |ap_phi_mux_tpg_border_top_new_0_phi_fu_288_p20   |  15|          3|   31|         93|
    |ap_phi_mux_tpg_border_width_new_phi_fu_261_p20   |  27|          5|   32|        160|
    |sq_h_1_reg_216                                   |   9|          2|   31|         62|
    |tpg_border_height_ne_reg_315                     |  33|          6|   32|        192|
    |tpg_border_left_new_s_reg_225                    |  21|          4|   31|        124|
    |tpg_border_top_new_0_reg_284                     |  33|          6|   31|        186|
    |tpg_border_width_new_reg_258                     |  21|          4|   32|        128|
    +-------------------------------------------------+----+-----------+-----+-----------+
    |Total                                            | 234|         44|  284|       1202|
    +-------------------------------------------------+----+-----------+-----+-----------+

    * Register: 
    +-------------------------------+----+----+-----+-----------+
    |              Name             | FF | LUT| Bits| Const Bits|
    +-------------------------------+----+----+-----+-----------+
    |add_ln46_reg_1175              |  30|   0|   32|          2|
    |ap_CS_fsm                      |   5|   0|    5|          0|
    |icmp_ln45_reg_1171             |   1|   0|    1|          0|
    |icmp_ln59_reg_1228             |   1|   0|    1|          0|
    |icmp_ln75_reg_1214             |   1|   0|    1|          0|
    |icmp_ln91_reg_1190             |   1|   0|    1|          0|
    |sq_h_1_reg_216                 |  31|   0|   31|          0|
    |tmp_11_reg_1194                |  28|   0|   28|          0|
    |tmp_1_reg_1133                 |  29|   0|   29|          0|
    |tmp_2_reg_1138                 |   1|   0|    1|          0|
    |tmp_5_reg_1232                 |  30|   0|   30|          0|
    |tmp_7_reg_1223                 |  28|   0|   28|          0|
    |tmp_8_reg_1218                 |  28|   0|   28|          0|
    |tpg_border_height_ne_reg_315   |  32|   0|   32|          0|
    |tpg_border_left_new_s_reg_225  |  31|   0|   31|          0|
    |tpg_border_top_new_0_reg_284   |  31|   0|   31|          0|
    |tpg_border_width_new_reg_258   |  32|   0|   32|          0|
    +-------------------------------+----+----+-----+-----------+
    |Total                          | 340|   0|  342|          2|
    +-------------------------------+----+----+-----+-----------+



================================================================
== Interface
================================================================
* Summary: 
+--------------------------+-----+-----+------------+-----------------------------+--------------+
|         RTL Ports        | Dir | Bits|  Protocol  |        Source Object        |    C Type    |
+--------------------------+-----+-----+------------+-----------------------------+--------------+
|ap_clk                    |  in |    1| ap_ctrl_hs | tpg_calculate_square_border | return value |
|ap_rst                    |  in |    1| ap_ctrl_hs | tpg_calculate_square_border | return value |
|ap_start                  |  in |    1| ap_ctrl_hs | tpg_calculate_square_border | return value |
|ap_done                   | out |    1| ap_ctrl_hs | tpg_calculate_square_border | return value |
|ap_idle                   | out |    1| ap_ctrl_hs | tpg_calculate_square_border | return value |
|ap_ready                  | out |    1| ap_ctrl_hs | tpg_calculate_square_border | return value |
|tpg_src_width             |  in |   32|   ap_none  |        tpg_src_width        |    pointer   |
|tpg_src_height            |  in |   32|   ap_none  |        tpg_src_height       |    pointer   |
|tpg_vid_aspect            |  in |   32|   ap_none  |        tpg_vid_aspect       |    pointer   |
|tpg_pix_aspect            |  in |   32|   ap_none  |        tpg_pix_aspect       |    pointer   |
|tpg_border_left           | out |   32|   ap_vld   |       tpg_border_left       |    pointer   |
|tpg_border_left_ap_vld    | out |    1|   ap_vld   |       tpg_border_left       |    pointer   |
|tpg_border_width          | out |   32|   ap_vld   |       tpg_border_width      |    pointer   |
|tpg_border_width_ap_vld   | out |    1|   ap_vld   |       tpg_border_width      |    pointer   |
|tpg_border_top            | out |   32|   ap_vld   |        tpg_border_top       |    pointer   |
|tpg_border_top_ap_vld     | out |    1|   ap_vld   |        tpg_border_top       |    pointer   |
|tpg_border_height         | out |   32|   ap_vld   |      tpg_border_height      |    pointer   |
|tpg_border_height_ap_vld  | out |    1|   ap_vld   |      tpg_border_height      |    pointer   |
|tpg_square_width          | out |   32|   ap_vld   |       tpg_square_width      |    pointer   |
|tpg_square_width_ap_vld   | out |    1|   ap_vld   |       tpg_square_width      |    pointer   |
|tpg_square_left           | out |   32|   ap_vld   |       tpg_square_left       |    pointer   |
|tpg_square_left_ap_vld    | out |    1|   ap_vld   |       tpg_square_left       |    pointer   |
|tpg_square_height         | out |   32|   ap_vld   |      tpg_square_height      |    pointer   |
|tpg_square_height_ap_vld  | out |    1|   ap_vld   |      tpg_square_height      |    pointer   |
|tpg_square_top            | out |   32|   ap_vld   |        tpg_square_top       |    pointer   |
|tpg_square_top_ap_vld     | out |    1|   ap_vld   |        tpg_square_top       |    pointer   |
+--------------------------+-----+-----+------------+-----------------------------+--------------+

