==============================================================
Vivado(TM) HLS - High-Level Synthesis from C, C++ and SystemC v2019.1 (64-bit)
Copyright 1986-2019 Xilinx, Inc. All Rights Reserved.
==============================================================
INFO: [SYN 201-201] Setting up clock 'default' with a period of 5ns.
INFO: [SYN 201-201] Setting up clock 'default' with a period of 10ns.
INFO: [SCHED 204-61] Option 'relax_ii_for_timing' is enabled, will increase II to preserve clock frequency constraints.
INFO: [HLS 200-10] Analyzing design file 'extr_.radare2librasmarchppclibvlevle.c_set_ppc_fields_with_main.c' ... 
INFO: [HLS 200-111] Finished Linking Time (s): cpu = 00:00:56 ; elapsed = 00:02:22 . Memory (MB): peak = 832.453 ; gain = 132.133 ; free physical = 21918 ; free virtual = 44656
INFO: [HLS 200-111] Finished Checking Pragmas Time (s): cpu = 00:00:56 ; elapsed = 00:02:22 . Memory (MB): peak = 832.453 ; gain = 132.133 ; free physical = 21918 ; free virtual = 44656
INFO: [HLS 200-10] Starting code transformations ...
INFO: [HLS 200-111] Finished Standard Transforms Time (s): cpu = 00:00:58 ; elapsed = 00:02:24 . Memory (MB): peak = 832.453 ; gain = 132.133 ; free physical = 21917 ; free virtual = 44655
INFO: [HLS 200-10] Checking synthesizability ...
ERROR: [SYNCHK 200-11] extr_.radare2librasmarchppclibvlevle.c_set_ppc_fields_with_main.c:41: Argument 'v' of function 'set_ppc_fields' (extr_.radare2librasmarchppclibvlevle.c_set_ppc_fields_with_main.c:41) has an unsynthesizable type (possible cause(s): structure variable cannot be decomposed due to (1) unsupported type conversion; (2) memory copy operation; (3) function pointer used in struct; (4) unsupported pointer comparison).
ERROR: [SYNCHK 200-11] extr_.radare2librasmarchppclibvlevle.c_set_ppc_fields_with_main.c:41: Argument 'p.types' of function 'set_ppc_fields' (extr_.radare2librasmarchppclibvlevle.c_set_ppc_fields_with_main.c:41) has an unsynthesizable type (possible cause(s): pointer to pointer or global pointer).
ERROR: [SYNCHK 200-42] extr_.radare2librasmarchppclibvlevle.c_set_ppc_fields_with_main.c:42: pointer comparison is not supported.
ERROR: [SYNCHK 200-61] extr_.radare2librasmarchppclibvlevle.c_set_ppc_fields_with_main.c:56: unsupported memory access on variable 'p.types' which is (or contains) an array with unknown size at compile time.
INFO: [SYNCHK 200-10] 4 error(s), 0 warning(s).
ERROR: [HLS 200-70] Synthesizability check failed.
INFO: [HLS 200-10] Creating and opening project '/home/vivado/aut/proj_extr_.linuxdriversmediacommonv4l2-tpgv4l2-tpg-core.c_tpg_s_fourcc_with_main.c'.
INFO: [HLS 200-10] Adding design file 'extr_.linuxdriversmediacommonv4l2-tpgv4l2-tpg-core.c_tpg_s_fourcc_with_main.c' to the project
INFO: [HLS 200-10] Creating and opening solution '/home/vivado/aut/proj_extr_.linuxdriversmediacommonv4l2-tpgv4l2-tpg-core.c_tpg_s_fourcc_with_main.c/solution1'.
