

================================================================
== Vivado HLS Report for 'emscripten_compute_dom_pk_code'
================================================================
* Date:           Sat May 23 21:24:35 2020

* Version:        2019.1 (Build 2552052 on Fri May 24 15:28:33 MDT 2019)
* Project:        proj_extr_.emscriptensystemlibhtml5dom_pk_codes.c_emscripten_compute_dom_pk_code_with_main.c
* Solution:       solution1
* Product family: kintex7
* Target device:  xc7k160t-fbg484-1


================================================================
== Performance Estimates
================================================================
+ Timing (ns): 
    * Summary: 
    +--------+-------+----------+------------+
    |  Clock | Target| Estimated| Uncertainty|
    +--------+-------+----------+------------+
    |ap_clk  |  10.00|     3.888|        1.25|
    +--------+-------+----------+------------+

+ Latency (clock cycles): 
    * Summary: 
    +-----+-----+-----+-----+---------+
    |  Latency  |  Interval | Pipeline|
    | min | max | min | max |   Type  |
    +-----+-----+-----+-----+---------+
    |    ?|    ?|    ?|    ?|   none  |
    +-----+-----+-----+-----+---------+

    + Detail: 
        * Instance: 
        N/A

        * Loop: 
        +----------+-----+-----+----------+-----------+-----------+------+----------+
        |          |  Latency  | Iteration|  Initiation Interval  | Trip |          |
        | Loop Name| min | max |  Latency |  achieved |   target  | Count| Pipelined|
        +----------+-----+-----+----------+-----------+-----------+------+----------+
        |- Loop 1  |    ?|    ?|         2|          -|          -|     ?|    no    |
        +----------+-----+-----+----------+-----------+-----------+------+----------+

============================================================
+ Verbose Summary: Synthesis Manager
============================================================
InlineROM: 1
ExposeGlobal: 0
============================================================
+ Verbose Summary: CDFG Model
============================================================
IsTopModel: 1
ResetActiveHigh: 1
IsCombinational: 0
IsDatapathOnly: 0
HasWiredReturn: 1
HasMFsm: 0
HasVarLatency: 1
IsPipeline: 0
IsRtlPipelined: 0
IsInstanceOverlapped: 0
IsDontTouch: 0
HasImplIP: 0
IsGatedGlobalClock: 0


============================================================
+ Verbose Summary: Schedule
============================================================
* Number of FSM states : 3
* Pipeline : 0
* Dataflow Pipeline: 0

* FSM state transitions: 
1 --> 2 
2 --> 3 
3 --> 2 

* FSM state operations: 

State 1 <SV = 0> <Delay = 1.06>
ST_1 : Operation 4 [1/1] (0.00ns)   --->   "call void (...)* @_ssdm_op_SpecBitsMap([1000 x i8]* %keyCodeString) nounwind, !map !785"   --->   Operation 4 'specbitsmap' <Predicate = true> <Delay = 0.00>
ST_1 : Operation 5 [1/1] (0.00ns)   --->   "call void (...)* @_ssdm_op_SpecBitsMap(i32 0) nounwind, !map !791"   --->   Operation 5 'specbitsmap' <Predicate = true> <Delay = 0.00>
ST_1 : Operation 6 [1/1] (0.00ns)   --->   "call void (...)* @_ssdm_op_SpecTopModule([31 x i8]* @emscripten_compute_d) nounwind"   --->   Operation 6 'spectopmodule' <Predicate = true> <Delay = 0.00>
ST_1 : Operation 7 [1/1] (1.06ns)   --->   "br label %.preheader"   --->   Operation 7 'br' <Predicate = true> <Delay = 1.06>

State 2 <SV = 1> <Delay = 2.66>
ST_2 : Operation 8 [1/1] (0.00ns)   --->   "%p_01_rec = phi i64 [ 0, %.preheader.preheader ], [ %add_ln176, %.preheader ]" [extr_.emscriptensystemlibhtml5dom_pk_codes.c_emscripten_compute_dom_pk_code_with_main.c:176]   --->   Operation 8 'phi' 'p_01_rec' <Predicate = true> <Delay = 0.00>
ST_2 : Operation 9 [1/1] (0.00ns)   --->   "%keyCodeString_addr = getelementptr [1000 x i8]* %keyCodeString, i64 0, i64 %p_01_rec" [extr_.emscriptensystemlibhtml5dom_pk_codes.c_emscripten_compute_dom_pk_code_with_main.c:176]   --->   Operation 9 'getelementptr' 'keyCodeString_addr' <Predicate = true> <Delay = 0.00>
ST_2 : Operation 10 [2/2] (2.66ns)   --->   "%keyCodeString_load = load i8* %keyCodeString_addr, align 1" [extr_.emscriptensystemlibhtml5dom_pk_codes.c_emscripten_compute_dom_pk_code_with_main.c:176]   --->   Operation 10 'load' 'keyCodeString_load' <Predicate = true> <Delay = 2.66> <Core = "RAM">   --->   Core 37 'RAM' <Latency = 1> <II = 1> <Delay = 2.66> <Storage> <Opcode : 'load' 'store'> <Ports = 2> <Width = 8> <Depth = 1000> <RAM>
ST_2 : Operation 11 [1/1] (1.98ns)   --->   "%add_ln176 = add i64 %p_01_rec, 1" [extr_.emscriptensystemlibhtml5dom_pk_codes.c_emscripten_compute_dom_pk_code_with_main.c:176]   --->   Operation 11 'add' 'add_ln176' <Predicate = true> <Delay = 1.98> <Core = "AddSub">   --->   Core 14 'AddSub' <Latency = 0> <II = 1> <Delay = 1.98> <FuncUnit> <Opcode : 'add' 'sub'> <InPorts = 2> <OutPorts = 1>

State 3 <SV = 2> <Delay = 3.88>
ST_3 : Operation 12 [1/2] (2.66ns)   --->   "%keyCodeString_load = load i8* %keyCodeString_addr, align 1" [extr_.emscriptensystemlibhtml5dom_pk_codes.c_emscripten_compute_dom_pk_code_with_main.c:176]   --->   Operation 12 'load' 'keyCodeString_load' <Predicate = true> <Delay = 2.66> <Core = "RAM">   --->   Core 37 'RAM' <Latency = 1> <II = 1> <Delay = 2.66> <Storage> <Opcode : 'load' 'store'> <Ports = 2> <Width = 8> <Depth = 1000> <RAM>
ST_3 : Operation 13 [1/1] (1.22ns)   --->   "%icmp_ln176 = icmp eq i8 %keyCodeString_load, 0" [extr_.emscriptensystemlibhtml5dom_pk_codes.c_emscripten_compute_dom_pk_code_with_main.c:176]   --->   Operation 13 'icmp' 'icmp_ln176' <Predicate = true> <Delay = 1.22> <Core = "Cmp">   --->   Core 25 'Cmp' <Latency = 0> <II = 1> <Delay = 1.22> <FuncUnit> <Opcode : 'icmp'> <InPorts = 2> <OutPorts = 1>
ST_3 : Operation 14 [1/1] (0.00ns)   --->   "br i1 %icmp_ln176, label %._crit_edge, label %.preheader" [extr_.emscriptensystemlibhtml5dom_pk_codes.c_emscripten_compute_dom_pk_code_with_main.c:176]   --->   Operation 14 'br' <Predicate = true> <Delay = 0.00>
ST_3 : Operation 15 [1/1] (0.00ns)   --->   "ret i32 0" [extr_.emscriptensystemlibhtml5dom_pk_codes.c_emscripten_compute_dom_pk_code_with_main.c:343]   --->   Operation 15 'ret' <Predicate = (icmp_ln176)> <Delay = 0.00>


============================================================
+ Verbose Summary: Timing violations
============================================================
Target clock period: 10ns, clock uncertainty: 1.25ns.

 <State 1>: 1.06ns
The critical path consists of the following:
	multiplexor before 'phi' operation ('p_01_rec', extr_.emscriptensystemlibhtml5dom_pk_codes.c_emscripten_compute_dom_pk_code_with_main.c:176) with incoming values : ('add_ln176', extr_.emscriptensystemlibhtml5dom_pk_codes.c_emscripten_compute_dom_pk_code_with_main.c:176) [7]  (1.06 ns)

 <State 2>: 2.66ns
The critical path consists of the following:
	'phi' operation ('p_01_rec', extr_.emscriptensystemlibhtml5dom_pk_codes.c_emscripten_compute_dom_pk_code_with_main.c:176) with incoming values : ('add_ln176', extr_.emscriptensystemlibhtml5dom_pk_codes.c_emscripten_compute_dom_pk_code_with_main.c:176) [7]  (0 ns)
	'getelementptr' operation ('keyCodeString_addr', extr_.emscriptensystemlibhtml5dom_pk_codes.c_emscripten_compute_dom_pk_code_with_main.c:176) [8]  (0 ns)
	'load' operation ('keyCodeString_load', extr_.emscriptensystemlibhtml5dom_pk_codes.c_emscripten_compute_dom_pk_code_with_main.c:176) on array 'keyCodeString' [9]  (2.66 ns)

 <State 3>: 3.89ns
The critical path consists of the following:
	'load' operation ('keyCodeString_load', extr_.emscriptensystemlibhtml5dom_pk_codes.c_emscripten_compute_dom_pk_code_with_main.c:176) on array 'keyCodeString' [9]  (2.66 ns)
	'icmp' operation ('icmp_ln176', extr_.emscriptensystemlibhtml5dom_pk_codes.c_emscripten_compute_dom_pk_code_with_main.c:176) [10]  (1.22 ns)


============================================================
+ Verbose Summary: Binding
============================================================
N/A
* FSMD analyzer results:
  - Output states:
 - Input state : 
  - Chain level:
	State 1
	State 2
	State 3


============================================================
+ Verbose Summary: Datapath Resource usage 
============================================================
N/A
