==============================================================
Vivado(TM) HLS - High-Level Synthesis from C, C++ and SystemC v2019.1 (64-bit)
Copyright 1986-2019 Xilinx, Inc. All Rights Reserved.
==============================================================
INFO: [SYN 201-201] Setting up clock 'default' with a period of 5ns.
INFO: [SYN 201-201] Setting up clock 'default' with a period of 10ns.
INFO: [SCHED 204-61] Option 'relax_ii_for_timing' is enabled, will increase II to preserve clock frequency constraints.
INFO: [HLS 200-10] Analyzing design file 'extr_.numpynumpylinalglapack_litef2c_z_lapack.c_zlaswp__with_main.c' ... 
INFO: [HLS 200-111] Finished Linking Time (s): cpu = 00:00:45 ; elapsed = 00:01:28 . Memory (MB): peak = 898.324 ; gain = 198.004 ; free physical = 22062 ; free virtual = 44551
INFO: [HLS 200-111] Finished Checking Pragmas Time (s): cpu = 00:00:45 ; elapsed = 00:01:28 . Memory (MB): peak = 898.324 ; gain = 198.004 ; free physical = 22062 ; free virtual = 44551
INFO: [HLS 200-10] Starting code transformations ...
INFO: [HLS 200-111] Finished Standard Transforms Time (s): cpu = 00:00:47 ; elapsed = 00:01:30 . Memory (MB): peak = 898.324 ; gain = 198.004 ; free physical = 22061 ; free virtual = 44551
INFO: [HLS 200-10] Checking synthesizability ...
INFO: [XFORM 203-602] Inlining function 'zlaswp_' into 'main' (extr_.numpynumpylinalglapack_litef2c_z_lapack.c_zlaswp__with_main.c:174) automatically.
WARNING: [SYNCHK 200-77] The top function 'main' has no outputs. Possible cause(s) are: (1) Output parameters are passed by value; (2) intended outputs (parameters or global variables) are never written; (3) there are infinite loops.
INFO: [SYNCHK 200-10] 0 error(s), 1 warning(s).
INFO: [HLS 200-111] Finished Checking Synthesizability Time (s): cpu = 00:00:47 ; elapsed = 00:01:30 . Memory (MB): peak = 898.324 ; gain = 198.004 ; free physical = 22061 ; free virtual = 44551
INFO: [HLS 200-111] Finished Pre-synthesis Time (s): cpu = 00:00:47 ; elapsed = 00:01:30 . Memory (MB): peak = 898.324 ; gain = 198.004 ; free physical = 22062 ; free virtual = 44551
INFO: [HLS 200-111] Finished Architecture Synthesis Time (s): cpu = 00:00:47 ; elapsed = 00:01:30 . Memory (MB): peak = 898.324 ; gain = 198.004 ; free physical = 22062 ; free virtual = 44551
INFO: [HLS 200-10] Starting hardware synthesis ...
INFO: [HLS 200-10] Synthesizing 'main' ...
INFO: [HLS 200-10] ----------------------------------------------------------------
INFO: [HLS 200-42] -- Implementing module 'main' 
INFO: [HLS 200-10] ----------------------------------------------------------------
INFO: [SCHED 204-11] Starting scheduling ...
INFO: [SCHED 204-11] Finished scheduling.
INFO: [HLS 200-111]  Elapsed time: 14.76 seconds; current allocated memory: 218.892 MB.
INFO: [BIND 205-100] Starting micro-architecture generation ...
INFO: [BIND 205-101] Performing variable lifetime analysis.
INFO: [BIND 205-101] Exploring resource sharing.
INFO: [BIND 205-101] Binding ...
INFO: [BIND 205-100] Finished micro-architecture generation.
INFO: [HLS 200-111]  Elapsed time: 0.01 seconds; current allocated memory: 218.918 MB.
INFO: [HLS 200-10] ----------------------------------------------------------------
INFO: [HLS 200-10] -- Generating RTL for module 'main' 
INFO: [HLS 200-10] ----------------------------------------------------------------
INFO: [RTGEN 206-500] Setting interface mode on function 'main' to 'ap_ctrl_hs'.
WARNING: [RTGEN 206-101] Setting dangling out port 'main/ap_return' to 0.
INFO: [RTGEN 206-100] Finished creating RTL model for 'main'.
INFO: [HLS 200-111]  Elapsed time: 0.01 seconds; current allocated memory: 218.936 MB.
INFO: [HLS 200-111] Finished generating all RTL models Time (s): cpu = 00:00:47 ; elapsed = 00:01:30 . Memory (MB): peak = 898.324 ; gain = 198.004 ; free physical = 22062 ; free virtual = 44552
INFO: [VHDL 208-304] Generating VHDL RTL for main.
INFO: [VLOG 209-307] Generating Verilog RTL for main.
INFO: [HLS 200-10] Creating and opening project '/home/vivado/aut/proj_extr_.reactossdklib3rdpartystlportsrcc_locale_win32c_locale_win32.c___ConvertTime_with_main.c'.
INFO: [HLS 200-10] Adding design file 'extr_.reactossdklib3rdpartystlportsrcc_locale_win32c_locale_win32.c___ConvertTime_with_main.c' to the project
INFO: [HLS 200-10] Creating and opening solution '/home/vivado/aut/proj_extr_.reactossdklib3rdpartystlportsrcc_locale_win32c_locale_win32.c___ConvertTime_with_main.c/solution1'.
