

================================================================
== Vivado HLS Report for 'acado_setObjQ1Q2'
================================================================
* Date:           Sun May 24 21:08:40 2020

* Version:        2019.1 (Build 2552052 on Fri May 24 15:28:33 MDT 2019)
* Project:        proj_extr_.openpilotselfdrivecontrolsliblateral_mpclib_mpc_exportacado_solver.c_acado_setObjQ1Q2_with_main.c
* Solution:       solution1
* Product family: kintex7
* Target device:  xc7k160t-fbg484-1


================================================================
== Performance Estimates
================================================================
+ Timing (ns): 
    * Summary: 
    +--------+-------+----------+------------+
    |  Clock | Target| Estimated| Uncertainty|
    +--------+-------+----------+------------+
    |ap_clk  |  10.00|     8.216|        1.25|
    +--------+-------+----------+------------+

+ Latency (clock cycles): 
    * Summary: 
    +-----+-----+-----+-----+---------+
    |  Latency  |  Interval | Pipeline|
    | min | max | min | max |   Type  |
    +-----+-----+-----+-----+---------+
    |   24|   24|   24|   24|   none  |
    +-----+-----+-----+-----+---------+

    + Detail: 
        * Instance: 
        N/A

        * Loop: 
        N/A



================================================================
== Utilization Estimates
================================================================
* Summary: 
+-----------------+---------+-------+--------+--------+-----+
|       Name      | BRAM_18K| DSP48E|   FF   |   LUT  | URAM|
+-----------------+---------+-------+--------+--------+-----+
|DSP              |        -|      -|       -|       -|    -|
|Expression       |        -|    540|       0|    8388|    -|
|FIFO             |        -|      -|       -|       -|    -|
|Instance         |        -|      -|       -|       -|    -|
|Memory           |        -|      -|       -|       -|    -|
|Multiplexer      |        -|      -|       -|     712|    -|
|Register         |        -|      -|    8313|       -|    -|
+-----------------+---------+-------+--------+--------+-----+
|Total            |        0|    540|    8313|    9100|    0|
+-----------------+---------+-------+--------+--------+-----+
|Available        |      650|    600|  202800|  101400|    0|
+-----------------+---------+-------+--------+--------+-----+
|Utilization (%)  |        0|     90|       4|       8|    0|
+-----------------+---------+-------+--------+--------+-----+

+ Detail: 
    * Instance: 
    N/A

    * DSP48E: 
    N/A

    * Memory: 
    N/A

    * FIFO: 
    N/A

    * Expression: 
    +-----------------------+----------+-------+---+----+------------+------------+
    |     Variable Name     | Operation| DSP48E| FF| LUT| Bitwidth P0| Bitwidth P1|
    +-----------------------+----------+-------+---+----+------------+------------+
    |mul_ln18_1_fu_833_p2   |     *    |      3|  0|  21|          32|          32|
    |mul_ln18_2_fu_837_p2   |     *    |      3|  0|  21|          32|          32|
    |mul_ln18_3_fu_841_p2   |     *    |      3|  0|  21|          32|          32|
    |mul_ln18_4_fu_845_p2   |     *    |      3|  0|  21|          32|          32|
    |mul_ln18_fu_829_p2     |     *    |      3|  0|  21|          32|          32|
    |mul_ln19_1_fu_853_p2   |     *    |      3|  0|  21|          32|          32|
    |mul_ln19_2_fu_857_p2   |     *    |      3|  0|  21|          32|          32|
    |mul_ln19_3_fu_861_p2   |     *    |      3|  0|  21|          32|          32|
    |mul_ln19_4_fu_865_p2   |     *    |      3|  0|  21|          32|          32|
    |mul_ln19_fu_849_p2     |     *    |      3|  0|  21|          32|          32|
    |mul_ln20_1_fu_953_p2   |     *    |      3|  0|  21|          32|          32|
    |mul_ln20_2_fu_957_p2   |     *    |      3|  0|  21|          32|          32|
    |mul_ln20_3_fu_961_p2   |     *    |      3|  0|  21|          32|          32|
    |mul_ln20_4_fu_965_p2   |     *    |      3|  0|  21|          32|          32|
    |mul_ln20_fu_949_p2     |     *    |      3|  0|  21|          32|          32|
    |mul_ln21_1_fu_1113_p2  |     *    |      3|  0|  21|          32|          32|
    |mul_ln21_2_fu_1117_p2  |     *    |      3|  0|  21|          32|          32|
    |mul_ln21_3_fu_1121_p2  |     *    |      3|  0|  21|          32|          32|
    |mul_ln21_4_fu_1125_p2  |     *    |      3|  0|  21|          32|          32|
    |mul_ln21_fu_1109_p2    |     *    |      3|  0|  21|          32|          32|
    |mul_ln22_1_fu_1133_p2  |     *    |      3|  0|  21|          32|          32|
    |mul_ln22_2_fu_1137_p2  |     *    |      3|  0|  21|          32|          32|
    |mul_ln22_3_fu_1141_p2  |     *    |      3|  0|  21|          32|          32|
    |mul_ln22_4_fu_1145_p2  |     *    |      3|  0|  21|          32|          32|
    |mul_ln22_fu_1129_p2    |     *    |      3|  0|  21|          32|          32|
    |mul_ln23_1_fu_913_p2   |     *    |      3|  0|  21|          32|          32|
    |mul_ln23_2_fu_917_p2   |     *    |      3|  0|  21|          32|          32|
    |mul_ln23_3_fu_921_p2   |     *    |      3|  0|  21|          32|          32|
    |mul_ln23_4_fu_925_p2   |     *    |      3|  0|  21|          32|          32|
    |mul_ln23_fu_909_p2     |     *    |      3|  0|  21|          32|          32|
    |mul_ln24_1_fu_933_p2   |     *    |      3|  0|  21|          32|          32|
    |mul_ln24_2_fu_937_p2   |     *    |      3|  0|  21|          32|          32|
    |mul_ln24_3_fu_941_p2   |     *    |      3|  0|  21|          32|          32|
    |mul_ln24_4_fu_945_p2   |     *    |      3|  0|  21|          32|          32|
    |mul_ln24_fu_929_p2     |     *    |      3|  0|  21|          32|          32|
    |mul_ln25_1_fu_1013_p2  |     *    |      3|  0|  21|          32|          32|
    |mul_ln25_2_fu_1017_p2  |     *    |      3|  0|  21|          32|          32|
    |mul_ln25_3_fu_1021_p2  |     *    |      3|  0|  21|          32|          32|
    |mul_ln25_4_fu_1025_p2  |     *    |      3|  0|  21|          32|          32|
    |mul_ln25_fu_1009_p2    |     *    |      3|  0|  21|          32|          32|
    |mul_ln26_1_fu_1153_p2  |     *    |      3|  0|  21|          32|          32|
    |mul_ln26_2_fu_1157_p2  |     *    |      3|  0|  21|          32|          32|
    |mul_ln26_3_fu_1161_p2  |     *    |      3|  0|  21|          32|          32|
    |mul_ln26_4_fu_1165_p2  |     *    |      3|  0|  21|          32|          32|
    |mul_ln26_fu_1149_p2    |     *    |      3|  0|  21|          32|          32|
    |mul_ln27_1_fu_1173_p2  |     *    |      3|  0|  21|          32|          32|
    |mul_ln27_2_fu_1177_p2  |     *    |      3|  0|  21|          32|          32|
    |mul_ln27_3_fu_1181_p2  |     *    |      3|  0|  21|          32|          32|
    |mul_ln27_4_fu_1185_p2  |     *    |      3|  0|  21|          32|          32|
    |mul_ln27_fu_1169_p2    |     *    |      3|  0|  21|          32|          32|
    |mul_ln28_1_fu_1073_p2  |     *    |      3|  0|  21|          32|          32|
    |mul_ln28_2_fu_1077_p2  |     *    |      3|  0|  21|          32|          32|
    |mul_ln28_3_fu_1081_p2  |     *    |      3|  0|  21|          32|          32|
    |mul_ln28_4_fu_1085_p2  |     *    |      3|  0|  21|          32|          32|
    |mul_ln28_fu_1069_p2    |     *    |      3|  0|  21|          32|          32|
    |mul_ln29_1_fu_1093_p2  |     *    |      3|  0|  21|          32|          32|
    |mul_ln29_2_fu_1097_p2  |     *    |      3|  0|  21|          32|          32|
    |mul_ln29_3_fu_1101_p2  |     *    |      3|  0|  21|          32|          32|
    |mul_ln29_4_fu_1105_p2  |     *    |      3|  0|  21|          32|          32|
    |mul_ln29_fu_1089_p2    |     *    |      3|  0|  21|          32|          32|
    |mul_ln30_1_fu_1233_p2  |     *    |      3|  0|  21|          32|          32|
    |mul_ln30_2_fu_1237_p2  |     *    |      3|  0|  21|          32|          32|
    |mul_ln30_3_fu_1241_p2  |     *    |      3|  0|  21|          32|          32|
    |mul_ln30_4_fu_1245_p2  |     *    |      3|  0|  21|          32|          32|
    |mul_ln30_fu_1229_p2    |     *    |      3|  0|  21|          32|          32|
    |mul_ln31_1_fu_1253_p2  |     *    |      3|  0|  21|          32|          32|
    |mul_ln31_2_fu_1257_p2  |     *    |      3|  0|  21|          32|          32|
    |mul_ln31_3_fu_1261_p2  |     *    |      3|  0|  21|          32|          32|
    |mul_ln31_4_fu_1265_p2  |     *    |      3|  0|  21|          32|          32|
    |mul_ln31_fu_1249_p2    |     *    |      3|  0|  21|          32|          32|
    |mul_ln32_1_fu_1273_p2  |     *    |      3|  0|  21|          32|          32|
    |mul_ln32_2_fu_1277_p2  |     *    |      3|  0|  21|          32|          32|
    |mul_ln32_3_fu_1281_p2  |     *    |      3|  0|  21|          32|          32|
    |mul_ln32_4_fu_1285_p2  |     *    |      3|  0|  21|          32|          32|
    |mul_ln32_fu_1269_p2    |     *    |      3|  0|  21|          32|          32|
    |mul_ln33_1_fu_1293_p2  |     *    |      3|  0|  21|          32|          32|
    |mul_ln33_2_fu_1297_p2  |     *    |      3|  0|  21|          32|          32|
    |mul_ln33_3_fu_1301_p2  |     *    |      3|  0|  21|          32|          32|
    |mul_ln33_4_fu_1305_p2  |     *    |      3|  0|  21|          32|          32|
    |mul_ln33_fu_1289_p2    |     *    |      3|  0|  21|          32|          32|
    |mul_ln34_1_fu_1313_p2  |     *    |      3|  0|  21|          32|          32|
    |mul_ln34_2_fu_1317_p2  |     *    |      3|  0|  21|          32|          32|
    |mul_ln34_3_fu_1321_p2  |     *    |      3|  0|  21|          32|          32|
    |mul_ln34_4_fu_1325_p2  |     *    |      3|  0|  21|          32|          32|
    |mul_ln34_fu_1309_p2    |     *    |      3|  0|  21|          32|          32|
    |mul_ln35_1_fu_1333_p2  |     *    |      3|  0|  21|          32|          32|
    |mul_ln35_2_fu_1337_p2  |     *    |      3|  0|  21|          32|          32|
    |mul_ln35_3_fu_1341_p2  |     *    |      3|  0|  21|          32|          32|
    |mul_ln35_4_fu_1345_p2  |     *    |      3|  0|  21|          32|          32|
    |mul_ln35_fu_1329_p2    |     *    |      3|  0|  21|          32|          32|
    |mul_ln36_1_fu_1353_p2  |     *    |      3|  0|  21|          32|          32|
    |mul_ln36_2_fu_1357_p2  |     *    |      3|  0|  21|          32|          32|
    |mul_ln36_3_fu_1361_p2  |     *    |      3|  0|  21|          32|          32|
    |mul_ln36_4_fu_1365_p2  |     *    |      3|  0|  21|          32|          32|
    |mul_ln36_fu_1349_p2    |     *    |      3|  0|  21|          32|          32|
    |mul_ln37_1_fu_1373_p2  |     *    |      3|  0|  21|          32|          32|
    |mul_ln37_2_fu_1377_p2  |     *    |      3|  0|  21|          32|          32|
    |mul_ln37_3_fu_1381_p2  |     *    |      3|  0|  21|          32|          32|
    |mul_ln37_4_fu_1385_p2  |     *    |      3|  0|  21|          32|          32|
    |mul_ln37_fu_1369_p2    |     *    |      3|  0|  21|          32|          32|
    |mul_ln38_1_fu_1623_p2  |     *    |      3|  0|  21|          32|          32|
    |mul_ln38_2_fu_1627_p2  |     *    |      3|  0|  21|          32|          32|
    |mul_ln38_3_fu_1631_p2  |     *    |      3|  0|  21|          32|          32|
    |mul_ln38_4_fu_1635_p2  |     *    |      3|  0|  21|          32|          32|
    |mul_ln38_fu_1619_p2    |     *    |      3|  0|  21|          32|          32|
    |mul_ln39_1_fu_1643_p2  |     *    |      3|  0|  21|          32|          32|
    |mul_ln39_2_fu_1647_p2  |     *    |      3|  0|  21|          32|          32|
    |mul_ln39_3_fu_1651_p2  |     *    |      3|  0|  21|          32|          32|
    |mul_ln39_4_fu_1655_p2  |     *    |      3|  0|  21|          32|          32|
    |mul_ln39_fu_1639_p2    |     *    |      3|  0|  21|          32|          32|
    |mul_ln40_1_fu_1663_p2  |     *    |      3|  0|  21|          32|          32|
    |mul_ln40_2_fu_1667_p2  |     *    |      3|  0|  21|          32|          32|
    |mul_ln40_3_fu_1671_p2  |     *    |      3|  0|  21|          32|          32|
    |mul_ln40_4_fu_1675_p2  |     *    |      3|  0|  21|          32|          32|
    |mul_ln40_fu_1659_p2    |     *    |      3|  0|  21|          32|          32|
    |mul_ln41_1_fu_1683_p2  |     *    |      3|  0|  21|          32|          32|
    |mul_ln41_2_fu_1687_p2  |     *    |      3|  0|  21|          32|          32|
    |mul_ln41_3_fu_1691_p2  |     *    |      3|  0|  21|          32|          32|
    |mul_ln41_4_fu_1695_p2  |     *    |      3|  0|  21|          32|          32|
    |mul_ln41_fu_1679_p2    |     *    |      3|  0|  21|          32|          32|
    |mul_ln42_1_fu_1703_p2  |     *    |      3|  0|  21|          32|          32|
    |mul_ln42_2_fu_1707_p2  |     *    |      3|  0|  21|          32|          32|
    |mul_ln42_3_fu_1711_p2  |     *    |      3|  0|  21|          32|          32|
    |mul_ln42_4_fu_1715_p2  |     *    |      3|  0|  21|          32|          32|
    |mul_ln42_fu_1699_p2    |     *    |      3|  0|  21|          32|          32|
    |mul_ln43_1_fu_1723_p2  |     *    |      3|  0|  21|          32|          32|
    |mul_ln43_2_fu_1727_p2  |     *    |      3|  0|  21|          32|          32|
    |mul_ln43_3_fu_1731_p2  |     *    |      3|  0|  21|          32|          32|
    |mul_ln43_4_fu_1735_p2  |     *    |      3|  0|  21|          32|          32|
    |mul_ln43_fu_1719_p2    |     *    |      3|  0|  21|          32|          32|
    |mul_ln44_1_fu_1743_p2  |     *    |      3|  0|  21|          32|          32|
    |mul_ln44_2_fu_1747_p2  |     *    |      3|  0|  21|          32|          32|
    |mul_ln44_3_fu_1751_p2  |     *    |      3|  0|  21|          32|          32|
    |mul_ln44_4_fu_1755_p2  |     *    |      3|  0|  21|          32|          32|
    |mul_ln44_fu_1739_p2    |     *    |      3|  0|  21|          32|          32|
    |mul_ln45_1_fu_1763_p2  |     *    |      3|  0|  21|          32|          32|
    |mul_ln45_2_fu_1767_p2  |     *    |      3|  0|  21|          32|          32|
    |mul_ln45_3_fu_1771_p2  |     *    |      3|  0|  21|          32|          32|
    |mul_ln45_4_fu_1775_p2  |     *    |      3|  0|  21|          32|          32|
    |mul_ln45_fu_1759_p2    |     *    |      3|  0|  21|          32|          32|
    |mul_ln46_1_fu_1783_p2  |     *    |      3|  0|  21|          32|          32|
    |mul_ln46_2_fu_1787_p2  |     *    |      3|  0|  21|          32|          32|
    |mul_ln46_3_fu_1791_p2  |     *    |      3|  0|  21|          32|          32|
    |mul_ln46_4_fu_1795_p2  |     *    |      3|  0|  21|          32|          32|
    |mul_ln46_fu_1779_p2    |     *    |      3|  0|  21|          32|          32|
    |mul_ln47_1_fu_1803_p2  |     *    |      3|  0|  21|          32|          32|
    |mul_ln47_2_fu_1807_p2  |     *    |      3|  0|  21|          32|          32|
    |mul_ln47_3_fu_1811_p2  |     *    |      3|  0|  21|          32|          32|
    |mul_ln47_4_fu_1815_p2  |     *    |      3|  0|  21|          32|          32|
    |mul_ln47_fu_1799_p2    |     *    |      3|  0|  21|          32|          32|
    |mul_ln48_1_fu_1823_p2  |     *    |      3|  0|  21|          32|          32|
    |mul_ln48_2_fu_1827_p2  |     *    |      3|  0|  21|          32|          32|
    |mul_ln48_3_fu_1831_p2  |     *    |      3|  0|  21|          32|          32|
    |mul_ln48_4_fu_1835_p2  |     *    |      3|  0|  21|          32|          32|
    |mul_ln48_fu_1819_p2    |     *    |      3|  0|  21|          32|          32|
    |mul_ln49_1_fu_1843_p2  |     *    |      3|  0|  21|          32|          32|
    |mul_ln49_2_fu_1847_p2  |     *    |      3|  0|  21|          32|          32|
    |mul_ln49_3_fu_1851_p2  |     *    |      3|  0|  21|          32|          32|
    |mul_ln49_4_fu_1855_p2  |     *    |      3|  0|  21|          32|          32|
    |mul_ln49_fu_1839_p2    |     *    |      3|  0|  21|          32|          32|
    |mul_ln50_1_fu_1863_p2  |     *    |      3|  0|  21|          32|          32|
    |mul_ln50_2_fu_1867_p2  |     *    |      3|  0|  21|          32|          32|
    |mul_ln50_3_fu_1871_p2  |     *    |      3|  0|  21|          32|          32|
    |mul_ln50_4_fu_1875_p2  |     *    |      3|  0|  21|          32|          32|
    |mul_ln50_fu_1859_p2    |     *    |      3|  0|  21|          32|          32|
    |mul_ln51_1_fu_1883_p2  |     *    |      3|  0|  21|          32|          32|
    |mul_ln51_2_fu_1887_p2  |     *    |      3|  0|  21|          32|          32|
    |mul_ln51_3_fu_1891_p2  |     *    |      3|  0|  21|          32|          32|
    |mul_ln51_4_fu_1895_p2  |     *    |      3|  0|  21|          32|          32|
    |mul_ln51_fu_1879_p2    |     *    |      3|  0|  21|          32|          32|
    |mul_ln52_1_fu_1903_p2  |     *    |      3|  0|  21|          32|          32|
    |mul_ln52_2_fu_1907_p2  |     *    |      3|  0|  21|          32|          32|
    |mul_ln52_3_fu_1911_p2  |     *    |      3|  0|  21|          32|          32|
    |mul_ln52_4_fu_1915_p2  |     *    |      3|  0|  21|          32|          32|
    |mul_ln52_fu_1899_p2    |     *    |      3|  0|  21|          32|          32|
    |mul_ln53_1_fu_1923_p2  |     *    |      3|  0|  21|          32|          32|
    |mul_ln53_2_fu_1927_p2  |     *    |      3|  0|  21|          32|          32|
    |mul_ln53_3_fu_1931_p2  |     *    |      3|  0|  21|          32|          32|
    |mul_ln53_4_fu_1935_p2  |     *    |      3|  0|  21|          32|          32|
    |mul_ln53_fu_1919_p2    |     *    |      3|  0|  21|          32|          32|
    |add_ln18_1_fu_873_p2   |     +    |      0|  0|  32|          32|          32|
    |add_ln18_2_fu_877_p2   |     +    |      0|  0|  32|          32|          32|
    |add_ln18_3_fu_882_p2   |     +    |      0|  0|  32|          32|          32|
    |add_ln18_fu_869_p2     |     +    |      0|  0|  32|          32|          32|
    |add_ln19_1_fu_893_p2   |     +    |      0|  0|  32|          32|          32|
    |add_ln19_2_fu_897_p2   |     +    |      0|  0|  32|          32|          32|
    |add_ln19_3_fu_902_p2   |     +    |      0|  0|  32|          32|          32|
    |add_ln19_fu_889_p2     |     +    |      0|  0|  32|          32|          32|
    |add_ln20_1_fu_1033_p2  |     +    |      0|  0|  32|          32|          32|
    |add_ln20_2_fu_1037_p2  |     +    |      0|  0|  32|          32|          32|
    |add_ln20_3_fu_1042_p2  |     +    |      0|  0|  32|          32|          32|
    |add_ln20_fu_1029_p2    |     +    |      0|  0|  32|          32|          32|
    |add_ln21_1_fu_1393_p2  |     +    |      0|  0|  32|          32|          32|
    |add_ln21_2_fu_1397_p2  |     +    |      0|  0|  32|          32|          32|
    |add_ln21_3_fu_1402_p2  |     +    |      0|  0|  32|          32|          32|
    |add_ln21_fu_1389_p2    |     +    |      0|  0|  32|          32|          32|
    |add_ln22_1_fu_1413_p2  |     +    |      0|  0|  32|          32|          32|
    |add_ln22_2_fu_1417_p2  |     +    |      0|  0|  32|          32|          32|
    |add_ln22_3_fu_1422_p2  |     +    |      0|  0|  32|          32|          32|
    |add_ln22_fu_1409_p2    |     +    |      0|  0|  32|          32|          32|
    |add_ln23_1_fu_973_p2   |     +    |      0|  0|  32|          32|          32|
    |add_ln23_2_fu_977_p2   |     +    |      0|  0|  32|          32|          32|
    |add_ln23_3_fu_982_p2   |     +    |      0|  0|  32|          32|          32|
    |add_ln23_fu_969_p2     |     +    |      0|  0|  32|          32|          32|
    |add_ln24_1_fu_993_p2   |     +    |      0|  0|  32|          32|          32|
    |add_ln24_2_fu_997_p2   |     +    |      0|  0|  32|          32|          32|
    |add_ln24_3_fu_1002_p2  |     +    |      0|  0|  32|          32|          32|
    |add_ln24_fu_989_p2     |     +    |      0|  0|  32|          32|          32|
    |add_ln25_1_fu_1053_p2  |     +    |      0|  0|  32|          32|          32|
    |add_ln25_2_fu_1057_p2  |     +    |      0|  0|  32|          32|          32|
    |add_ln25_3_fu_1062_p2  |     +    |      0|  0|  32|          32|          32|
    |add_ln25_fu_1049_p2    |     +    |      0|  0|  32|          32|          32|
    |add_ln26_1_fu_1432_p2  |     +    |      0|  0|  32|          32|          32|
    |add_ln26_2_fu_1436_p2  |     +    |      0|  0|  32|          32|          32|
    |add_ln26_3_fu_1441_p2  |     +    |      0|  0|  32|          32|          32|
    |add_ln26_fu_1428_p2    |     +    |      0|  0|  32|          32|          32|
    |add_ln27_1_fu_1452_p2  |     +    |      0|  0|  32|          32|          32|
    |add_ln27_2_fu_1456_p2  |     +    |      0|  0|  32|          32|          32|
    |add_ln27_3_fu_1461_p2  |     +    |      0|  0|  32|          32|          32|
    |add_ln27_fu_1448_p2    |     +    |      0|  0|  32|          32|          32|
    |add_ln28_1_fu_1193_p2  |     +    |      0|  0|  32|          32|          32|
    |add_ln28_2_fu_1197_p2  |     +    |      0|  0|  32|          32|          32|
    |add_ln28_3_fu_1202_p2  |     +    |      0|  0|  32|          32|          32|
    |add_ln28_fu_1189_p2    |     +    |      0|  0|  32|          32|          32|
    |add_ln29_1_fu_1213_p2  |     +    |      0|  0|  32|          32|          32|
    |add_ln29_2_fu_1217_p2  |     +    |      0|  0|  32|          32|          32|
    |add_ln29_3_fu_1222_p2  |     +    |      0|  0|  32|          32|          32|
    |add_ln29_fu_1209_p2    |     +    |      0|  0|  32|          32|          32|
    |add_ln30_1_fu_1471_p2  |     +    |      0|  0|  32|          32|          32|
    |add_ln30_2_fu_1475_p2  |     +    |      0|  0|  32|          32|          32|
    |add_ln30_3_fu_1480_p2  |     +    |      0|  0|  32|          32|          32|
    |add_ln30_fu_1467_p2    |     +    |      0|  0|  32|          32|          32|
    |add_ln31_1_fu_1490_p2  |     +    |      0|  0|  32|          32|          32|
    |add_ln31_2_fu_1494_p2  |     +    |      0|  0|  32|          32|          32|
    |add_ln31_3_fu_1499_p2  |     +    |      0|  0|  32|          32|          32|
    |add_ln31_fu_1486_p2    |     +    |      0|  0|  32|          32|          32|
    |add_ln32_1_fu_1509_p2  |     +    |      0|  0|  32|          32|          32|
    |add_ln32_2_fu_1513_p2  |     +    |      0|  0|  32|          32|          32|
    |add_ln32_3_fu_1518_p2  |     +    |      0|  0|  32|          32|          32|
    |add_ln32_fu_1505_p2    |     +    |      0|  0|  32|          32|          32|
    |add_ln33_1_fu_1528_p2  |     +    |      0|  0|  32|          32|          32|
    |add_ln33_2_fu_1532_p2  |     +    |      0|  0|  32|          32|          32|
    |add_ln33_3_fu_1537_p2  |     +    |      0|  0|  32|          32|          32|
    |add_ln33_fu_1524_p2    |     +    |      0|  0|  32|          32|          32|
    |add_ln34_1_fu_1547_p2  |     +    |      0|  0|  32|          32|          32|
    |add_ln34_2_fu_1551_p2  |     +    |      0|  0|  32|          32|          32|
    |add_ln34_3_fu_1556_p2  |     +    |      0|  0|  32|          32|          32|
    |add_ln34_fu_1543_p2    |     +    |      0|  0|  32|          32|          32|
    |add_ln35_1_fu_1566_p2  |     +    |      0|  0|  32|          32|          32|
    |add_ln35_2_fu_1570_p2  |     +    |      0|  0|  32|          32|          32|
    |add_ln35_3_fu_1575_p2  |     +    |      0|  0|  32|          32|          32|
    |add_ln35_fu_1562_p2    |     +    |      0|  0|  32|          32|          32|
    |add_ln36_1_fu_1585_p2  |     +    |      0|  0|  32|          32|          32|
    |add_ln36_2_fu_1589_p2  |     +    |      0|  0|  32|          32|          32|
    |add_ln36_3_fu_1594_p2  |     +    |      0|  0|  32|          32|          32|
    |add_ln36_fu_1581_p2    |     +    |      0|  0|  32|          32|          32|
    |add_ln37_1_fu_1604_p2  |     +    |      0|  0|  32|          32|          32|
    |add_ln37_2_fu_1608_p2  |     +    |      0|  0|  32|          32|          32|
    |add_ln37_3_fu_1613_p2  |     +    |      0|  0|  32|          32|          32|
    |add_ln37_fu_1600_p2    |     +    |      0|  0|  32|          32|          32|
    |add_ln38_1_fu_1943_p2  |     +    |      0|  0|  32|          32|          32|
    |add_ln38_2_fu_1947_p2  |     +    |      0|  0|  32|          32|          32|
    |add_ln38_3_fu_1952_p2  |     +    |      0|  0|  32|          32|          32|
    |add_ln38_fu_1939_p2    |     +    |      0|  0|  32|          32|          32|
    |add_ln39_1_fu_1963_p2  |     +    |      0|  0|  32|          32|          32|
    |add_ln39_2_fu_1967_p2  |     +    |      0|  0|  32|          32|          32|
    |add_ln39_3_fu_1972_p2  |     +    |      0|  0|  32|          32|          32|
    |add_ln39_fu_1959_p2    |     +    |      0|  0|  32|          32|          32|
    |add_ln40_1_fu_1983_p2  |     +    |      0|  0|  32|          32|          32|
    |add_ln40_2_fu_1987_p2  |     +    |      0|  0|  32|          32|          32|
    |add_ln40_3_fu_1992_p2  |     +    |      0|  0|  32|          32|          32|
    |add_ln40_fu_1979_p2    |     +    |      0|  0|  32|          32|          32|
    |add_ln41_1_fu_2002_p2  |     +    |      0|  0|  32|          32|          32|
    |add_ln41_2_fu_2006_p2  |     +    |      0|  0|  32|          32|          32|
    |add_ln41_3_fu_2011_p2  |     +    |      0|  0|  32|          32|          32|
    |add_ln41_fu_1998_p2    |     +    |      0|  0|  32|          32|          32|
    |add_ln42_1_fu_2021_p2  |     +    |      0|  0|  32|          32|          32|
    |add_ln42_2_fu_2025_p2  |     +    |      0|  0|  32|          32|          32|
    |add_ln42_3_fu_2030_p2  |     +    |      0|  0|  32|          32|          32|
    |add_ln42_fu_2017_p2    |     +    |      0|  0|  32|          32|          32|
    |add_ln43_1_fu_2040_p2  |     +    |      0|  0|  32|          32|          32|
    |add_ln43_2_fu_2044_p2  |     +    |      0|  0|  32|          32|          32|
    |add_ln43_3_fu_2049_p2  |     +    |      0|  0|  32|          32|          32|
    |add_ln43_fu_2036_p2    |     +    |      0|  0|  32|          32|          32|
    |add_ln44_1_fu_2059_p2  |     +    |      0|  0|  32|          32|          32|
    |add_ln44_2_fu_2063_p2  |     +    |      0|  0|  32|          32|          32|
    |add_ln44_3_fu_2068_p2  |     +    |      0|  0|  32|          32|          32|
    |add_ln44_fu_2055_p2    |     +    |      0|  0|  32|          32|          32|
    |add_ln45_1_fu_2078_p2  |     +    |      0|  0|  32|          32|          32|
    |add_ln45_2_fu_2082_p2  |     +    |      0|  0|  32|          32|          32|
    |add_ln45_3_fu_2087_p2  |     +    |      0|  0|  32|          32|          32|
    |add_ln45_fu_2074_p2    |     +    |      0|  0|  32|          32|          32|
    |add_ln46_1_fu_2097_p2  |     +    |      0|  0|  32|          32|          32|
    |add_ln46_2_fu_2101_p2  |     +    |      0|  0|  32|          32|          32|
    |add_ln46_3_fu_2106_p2  |     +    |      0|  0|  32|          32|          32|
    |add_ln46_fu_2093_p2    |     +    |      0|  0|  32|          32|          32|
    |add_ln47_1_fu_2116_p2  |     +    |      0|  0|  32|          32|          32|
    |add_ln47_2_fu_2120_p2  |     +    |      0|  0|  32|          32|          32|
    |add_ln47_3_fu_2125_p2  |     +    |      0|  0|  32|          32|          32|
    |add_ln47_fu_2112_p2    |     +    |      0|  0|  32|          32|          32|
    |add_ln48_1_fu_2135_p2  |     +    |      0|  0|  32|          32|          32|
    |add_ln48_2_fu_2139_p2  |     +    |      0|  0|  32|          32|          32|
    |add_ln48_3_fu_2144_p2  |     +    |      0|  0|  32|          32|          32|
    |add_ln48_fu_2131_p2    |     +    |      0|  0|  32|          32|          32|
    |add_ln49_1_fu_2154_p2  |     +    |      0|  0|  32|          32|          32|
    |add_ln49_2_fu_2158_p2  |     +    |      0|  0|  32|          32|          32|
    |add_ln49_3_fu_2163_p2  |     +    |      0|  0|  32|          32|          32|
    |add_ln49_fu_2150_p2    |     +    |      0|  0|  32|          32|          32|
    |add_ln50_1_fu_2173_p2  |     +    |      0|  0|  32|          32|          32|
    |add_ln50_2_fu_2177_p2  |     +    |      0|  0|  32|          32|          32|
    |add_ln50_3_fu_2182_p2  |     +    |      0|  0|  32|          32|          32|
    |add_ln50_fu_2169_p2    |     +    |      0|  0|  32|          32|          32|
    |add_ln51_1_fu_2192_p2  |     +    |      0|  0|  32|          32|          32|
    |add_ln51_2_fu_2196_p2  |     +    |      0|  0|  32|          32|          32|
    |add_ln51_3_fu_2201_p2  |     +    |      0|  0|  32|          32|          32|
    |add_ln51_fu_2188_p2    |     +    |      0|  0|  32|          32|          32|
    |add_ln52_1_fu_2211_p2  |     +    |      0|  0|  32|          32|          32|
    |add_ln52_2_fu_2215_p2  |     +    |      0|  0|  32|          32|          32|
    |add_ln52_3_fu_2220_p2  |     +    |      0|  0|  32|          32|          32|
    |add_ln52_fu_2207_p2    |     +    |      0|  0|  32|          32|          32|
    |add_ln53_1_fu_2230_p2  |     +    |      0|  0|  32|          32|          32|
    |add_ln53_2_fu_2234_p2  |     +    |      0|  0|  32|          32|          32|
    |add_ln53_3_fu_2239_p2  |     +    |      0|  0|  32|          32|          32|
    |add_ln53_fu_2226_p2    |     +    |      0|  0|  32|          32|          32|
    +-----------------------+----------+-------+---+----+------------+------------+
    |Total                  |          |    540|  0|8388|       10368|       10368|
    +-----------------------+----------+-------+---+----+------------+------------+

    * Multiplexer: 
    +------------------+-----+-----------+-----+-----------+
    |       Name       | LUT | Input Size| Bits| Total Bits|
    +------------------+-----+-----------+-----+-----------+
    |ap_NS_fsm         |  121|         26|    1|         26|
    |tmpFx_address0    |   50|         11|   10|        110|
    |tmpFx_address1    |   50|         11|   10|        110|
    |tmpObjS_address0  |   59|         14|   10|        140|
    |tmpObjS_address1  |   56|         13|   10|        130|
    |tmpQ1_address0    |   44|          9|   10|         90|
    |tmpQ1_address1    |   44|          9|   10|         90|
    |tmpQ1_d0          |   44|          9|   32|        288|
    |tmpQ1_d1          |   44|          9|   32|        288|
    |tmpQ2_address0    |   50|         11|   10|        110|
    |tmpQ2_address1    |   50|         11|   10|        110|
    |tmpQ2_d0          |   50|         11|   32|        352|
    |tmpQ2_d1          |   50|         11|   32|        352|
    +------------------+-----+-----------+-----+-----------+
    |Total             |  712|        155|  209|       2196|
    +------------------+-----+-----------+-----+-----------+

    * Register: 
    +--------------------------+----+----+-----+-----------+
    |           Name           | FF | LUT| Bits| Const Bits|
    +--------------------------+----+----+-----+-----------+
    |add_ln18_3_reg_2814       |  32|   0|   32|          0|
    |add_ln19_3_reg_2822       |  32|   0|   32|          0|
    |add_ln20_3_reg_3070       |  32|   0|   32|          0|
    |add_ln21_3_reg_3494       |  32|   0|   32|          0|
    |add_ln22_3_reg_3502       |  32|   0|   32|          0|
    |add_ln23_3_reg_2993       |  32|   0|   32|          0|
    |add_ln24_3_reg_3001       |  32|   0|   32|          0|
    |add_ln25_3_reg_3094       |  32|   0|   32|          0|
    |add_ln26_3_reg_3511       |  32|   0|   32|          0|
    |add_ln27_3_reg_3519       |  32|   0|   32|          0|
    |add_ln28_3_reg_3278       |  32|   0|   32|          0|
    |add_ln29_3_reg_3286       |  32|   0|   32|          0|
    |add_ln30_3_reg_3528       |  32|   0|   32|          0|
    |add_ln31_3_reg_3537       |  32|   0|   32|          0|
    |add_ln32_3_reg_3546       |  32|   0|   32|          0|
    |add_ln33_3_reg_3555       |  32|   0|   32|          0|
    |add_ln34_3_reg_3564       |  32|   0|   32|          0|
    |add_ln35_3_reg_3573       |  32|   0|   32|          0|
    |add_ln36_3_reg_3582       |  32|   0|   32|          0|
    |add_ln37_3_reg_3591       |  32|   0|   32|          0|
    |add_ln40_3_reg_4000       |  32|   0|   32|          0|
    |add_ln41_3_reg_4005       |  32|   0|   32|          0|
    |add_ln42_3_reg_4010       |  32|   0|   32|          0|
    |add_ln43_3_reg_4015       |  32|   0|   32|          0|
    |add_ln44_3_reg_4020       |  32|   0|   32|          0|
    |add_ln45_3_reg_4025       |  32|   0|   32|          0|
    |add_ln46_3_reg_4030       |  32|   0|   32|          0|
    |add_ln47_3_reg_4035       |  32|   0|   32|          0|
    |add_ln48_3_reg_4040       |  32|   0|   32|          0|
    |add_ln49_3_reg_4045       |  32|   0|   32|          0|
    |add_ln50_3_reg_4050       |  32|   0|   32|          0|
    |add_ln51_3_reg_4055       |  32|   0|   32|          0|
    |add_ln52_3_reg_4060       |  32|   0|   32|          0|
    |add_ln53_3_reg_4065       |  32|   0|   32|          0|
    |ap_CS_fsm                 |  25|   0|   25|          0|
    |mul_ln18_1_reg_2707       |  32|   0|   32|          0|
    |mul_ln18_2_reg_2712       |  32|   0|   32|          0|
    |mul_ln18_3_reg_2717       |  32|   0|   32|          0|
    |mul_ln18_4_reg_2722       |  32|   0|   32|          0|
    |mul_ln18_reg_2702         |  32|   0|   32|          0|
    |mul_ln19_1_reg_2732       |  32|   0|   32|          0|
    |mul_ln19_2_reg_2737       |  32|   0|   32|          0|
    |mul_ln19_3_reg_2742       |  32|   0|   32|          0|
    |mul_ln19_4_reg_2747       |  32|   0|   32|          0|
    |mul_ln19_reg_2727         |  32|   0|   32|          0|
    |mul_ln20_1_reg_2947       |  32|   0|   32|          0|
    |mul_ln20_2_reg_2952       |  32|   0|   32|          0|
    |mul_ln20_3_reg_2957       |  32|   0|   32|          0|
    |mul_ln20_4_reg_2962       |  32|   0|   32|          0|
    |mul_ln20_reg_2942         |  32|   0|   32|          0|
    |mul_ln21_1_reg_3183       |  32|   0|   32|          0|
    |mul_ln21_2_reg_3188       |  32|   0|   32|          0|
    |mul_ln21_3_reg_3193       |  32|   0|   32|          0|
    |mul_ln21_4_reg_3198       |  32|   0|   32|          0|
    |mul_ln21_reg_3178         |  32|   0|   32|          0|
    |mul_ln22_1_reg_3208       |  32|   0|   32|          0|
    |mul_ln22_2_reg_3213       |  32|   0|   32|          0|
    |mul_ln22_3_reg_3218       |  32|   0|   32|          0|
    |mul_ln22_4_reg_3223       |  32|   0|   32|          0|
    |mul_ln22_reg_3203         |  32|   0|   32|          0|
    |mul_ln23_1_reg_2861       |  32|   0|   32|          0|
    |mul_ln23_2_reg_2866       |  32|   0|   32|          0|
    |mul_ln23_3_reg_2871       |  32|   0|   32|          0|
    |mul_ln23_4_reg_2876       |  32|   0|   32|          0|
    |mul_ln23_reg_2856         |  32|   0|   32|          0|
    |mul_ln24_1_reg_2886       |  32|   0|   32|          0|
    |mul_ln24_2_reg_2891       |  32|   0|   32|          0|
    |mul_ln24_3_reg_2896       |  32|   0|   32|          0|
    |mul_ln24_4_reg_2901       |  32|   0|   32|          0|
    |mul_ln24_reg_2881         |  32|   0|   32|          0|
    |mul_ln25_1_reg_3014       |  32|   0|   32|          0|
    |mul_ln25_2_reg_3019       |  32|   0|   32|          0|
    |mul_ln25_3_reg_3024       |  32|   0|   32|          0|
    |mul_ln25_4_reg_3029       |  32|   0|   32|          0|
    |mul_ln25_reg_3009         |  32|   0|   32|          0|
    |mul_ln26_1_reg_3233       |  32|   0|   32|          0|
    |mul_ln26_2_reg_3238       |  32|   0|   32|          0|
    |mul_ln26_3_reg_3243       |  32|   0|   32|          0|
    |mul_ln26_4_reg_3248       |  32|   0|   32|          0|
    |mul_ln26_reg_3228         |  32|   0|   32|          0|
    |mul_ln27_1_reg_3258       |  32|   0|   32|          0|
    |mul_ln27_2_reg_3263       |  32|   0|   32|          0|
    |mul_ln27_3_reg_3268       |  32|   0|   32|          0|
    |mul_ln27_4_reg_3273       |  32|   0|   32|          0|
    |mul_ln27_reg_3253         |  32|   0|   32|          0|
    |mul_ln28_1_reg_3107       |  32|   0|   32|          0|
    |mul_ln28_2_reg_3112       |  32|   0|   32|          0|
    |mul_ln28_3_reg_3117       |  32|   0|   32|          0|
    |mul_ln28_4_reg_3122       |  32|   0|   32|          0|
    |mul_ln28_reg_3102         |  32|   0|   32|          0|
    |mul_ln29_1_reg_3132       |  32|   0|   32|          0|
    |mul_ln29_2_reg_3137       |  32|   0|   32|          0|
    |mul_ln29_3_reg_3142       |  32|   0|   32|          0|
    |mul_ln29_4_reg_3147       |  32|   0|   32|          0|
    |mul_ln29_reg_3127         |  32|   0|   32|          0|
    |mul_ln30_1_reg_3299       |  32|   0|   32|          0|
    |mul_ln30_2_reg_3304       |  32|   0|   32|          0|
    |mul_ln30_3_reg_3309       |  32|   0|   32|          0|
    |mul_ln30_4_reg_3314       |  32|   0|   32|          0|
    |mul_ln30_reg_3294         |  32|   0|   32|          0|
    |mul_ln31_1_reg_3324       |  32|   0|   32|          0|
    |mul_ln31_2_reg_3329       |  32|   0|   32|          0|
    |mul_ln31_3_reg_3334       |  32|   0|   32|          0|
    |mul_ln31_4_reg_3339       |  32|   0|   32|          0|
    |mul_ln31_reg_3319         |  32|   0|   32|          0|
    |mul_ln32_1_reg_3349       |  32|   0|   32|          0|
    |mul_ln32_2_reg_3354       |  32|   0|   32|          0|
    |mul_ln32_3_reg_3359       |  32|   0|   32|          0|
    |mul_ln32_4_reg_3364       |  32|   0|   32|          0|
    |mul_ln32_reg_3344         |  32|   0|   32|          0|
    |mul_ln33_1_reg_3374       |  32|   0|   32|          0|
    |mul_ln33_2_reg_3379       |  32|   0|   32|          0|
    |mul_ln33_3_reg_3384       |  32|   0|   32|          0|
    |mul_ln33_4_reg_3389       |  32|   0|   32|          0|
    |mul_ln33_reg_3369         |  32|   0|   32|          0|
    |mul_ln34_1_reg_3399       |  32|   0|   32|          0|
    |mul_ln34_2_reg_3404       |  32|   0|   32|          0|
    |mul_ln34_3_reg_3409       |  32|   0|   32|          0|
    |mul_ln34_4_reg_3414       |  32|   0|   32|          0|
    |mul_ln34_reg_3394         |  32|   0|   32|          0|
    |mul_ln35_1_reg_3424       |  32|   0|   32|          0|
    |mul_ln35_2_reg_3429       |  32|   0|   32|          0|
    |mul_ln35_3_reg_3434       |  32|   0|   32|          0|
    |mul_ln35_4_reg_3439       |  32|   0|   32|          0|
    |mul_ln35_reg_3419         |  32|   0|   32|          0|
    |mul_ln36_1_reg_3449       |  32|   0|   32|          0|
    |mul_ln36_2_reg_3454       |  32|   0|   32|          0|
    |mul_ln36_3_reg_3459       |  32|   0|   32|          0|
    |mul_ln36_4_reg_3464       |  32|   0|   32|          0|
    |mul_ln36_reg_3444         |  32|   0|   32|          0|
    |mul_ln37_1_reg_3474       |  32|   0|   32|          0|
    |mul_ln37_2_reg_3479       |  32|   0|   32|          0|
    |mul_ln37_3_reg_3484       |  32|   0|   32|          0|
    |mul_ln37_4_reg_3489       |  32|   0|   32|          0|
    |mul_ln37_reg_3469         |  32|   0|   32|          0|
    |mul_ln38_1_reg_3605       |  32|   0|   32|          0|
    |mul_ln38_2_reg_3610       |  32|   0|   32|          0|
    |mul_ln38_3_reg_3615       |  32|   0|   32|          0|
    |mul_ln38_4_reg_3620       |  32|   0|   32|          0|
    |mul_ln38_reg_3600         |  32|   0|   32|          0|
    |mul_ln39_1_reg_3630       |  32|   0|   32|          0|
    |mul_ln39_2_reg_3635       |  32|   0|   32|          0|
    |mul_ln39_3_reg_3640       |  32|   0|   32|          0|
    |mul_ln39_4_reg_3645       |  32|   0|   32|          0|
    |mul_ln39_reg_3625         |  32|   0|   32|          0|
    |mul_ln40_1_reg_3655       |  32|   0|   32|          0|
    |mul_ln40_2_reg_3660       |  32|   0|   32|          0|
    |mul_ln40_3_reg_3665       |  32|   0|   32|          0|
    |mul_ln40_4_reg_3670       |  32|   0|   32|          0|
    |mul_ln40_reg_3650         |  32|   0|   32|          0|
    |mul_ln41_1_reg_3680       |  32|   0|   32|          0|
    |mul_ln41_2_reg_3685       |  32|   0|   32|          0|
    |mul_ln41_3_reg_3690       |  32|   0|   32|          0|
    |mul_ln41_4_reg_3695       |  32|   0|   32|          0|
    |mul_ln41_reg_3675         |  32|   0|   32|          0|
    |mul_ln42_1_reg_3705       |  32|   0|   32|          0|
    |mul_ln42_2_reg_3710       |  32|   0|   32|          0|
    |mul_ln42_3_reg_3715       |  32|   0|   32|          0|
    |mul_ln42_4_reg_3720       |  32|   0|   32|          0|
    |mul_ln42_reg_3700         |  32|   0|   32|          0|
    |mul_ln43_1_reg_3730       |  32|   0|   32|          0|
    |mul_ln43_2_reg_3735       |  32|   0|   32|          0|
    |mul_ln43_3_reg_3740       |  32|   0|   32|          0|
    |mul_ln43_4_reg_3745       |  32|   0|   32|          0|
    |mul_ln43_reg_3725         |  32|   0|   32|          0|
    |mul_ln44_1_reg_3755       |  32|   0|   32|          0|
    |mul_ln44_2_reg_3760       |  32|   0|   32|          0|
    |mul_ln44_3_reg_3765       |  32|   0|   32|          0|
    |mul_ln44_4_reg_3770       |  32|   0|   32|          0|
    |mul_ln44_reg_3750         |  32|   0|   32|          0|
    |mul_ln45_1_reg_3780       |  32|   0|   32|          0|
    |mul_ln45_2_reg_3785       |  32|   0|   32|          0|
    |mul_ln45_3_reg_3790       |  32|   0|   32|          0|
    |mul_ln45_4_reg_3795       |  32|   0|   32|          0|
    |mul_ln45_reg_3775         |  32|   0|   32|          0|
    |mul_ln46_1_reg_3805       |  32|   0|   32|          0|
    |mul_ln46_2_reg_3810       |  32|   0|   32|          0|
    |mul_ln46_3_reg_3815       |  32|   0|   32|          0|
    |mul_ln46_4_reg_3820       |  32|   0|   32|          0|
    |mul_ln46_reg_3800         |  32|   0|   32|          0|
    |mul_ln47_1_reg_3830       |  32|   0|   32|          0|
    |mul_ln47_2_reg_3835       |  32|   0|   32|          0|
    |mul_ln47_3_reg_3840       |  32|   0|   32|          0|
    |mul_ln47_4_reg_3845       |  32|   0|   32|          0|
    |mul_ln47_reg_3825         |  32|   0|   32|          0|
    |mul_ln48_1_reg_3855       |  32|   0|   32|          0|
    |mul_ln48_2_reg_3860       |  32|   0|   32|          0|
    |mul_ln48_3_reg_3865       |  32|   0|   32|          0|
    |mul_ln48_4_reg_3870       |  32|   0|   32|          0|
    |mul_ln48_reg_3850         |  32|   0|   32|          0|
    |mul_ln49_1_reg_3880       |  32|   0|   32|          0|
    |mul_ln49_2_reg_3885       |  32|   0|   32|          0|
    |mul_ln49_3_reg_3890       |  32|   0|   32|          0|
    |mul_ln49_4_reg_3895       |  32|   0|   32|          0|
    |mul_ln49_reg_3875         |  32|   0|   32|          0|
    |mul_ln50_1_reg_3905       |  32|   0|   32|          0|
    |mul_ln50_2_reg_3910       |  32|   0|   32|          0|
    |mul_ln50_3_reg_3915       |  32|   0|   32|          0|
    |mul_ln50_4_reg_3920       |  32|   0|   32|          0|
    |mul_ln50_reg_3900         |  32|   0|   32|          0|
    |mul_ln51_1_reg_3930       |  32|   0|   32|          0|
    |mul_ln51_2_reg_3935       |  32|   0|   32|          0|
    |mul_ln51_3_reg_3940       |  32|   0|   32|          0|
    |mul_ln51_4_reg_3945       |  32|   0|   32|          0|
    |mul_ln51_reg_3925         |  32|   0|   32|          0|
    |mul_ln52_1_reg_3955       |  32|   0|   32|          0|
    |mul_ln52_2_reg_3960       |  32|   0|   32|          0|
    |mul_ln52_3_reg_3965       |  32|   0|   32|          0|
    |mul_ln52_4_reg_3970       |  32|   0|   32|          0|
    |mul_ln52_reg_3950         |  32|   0|   32|          0|
    |mul_ln53_1_reg_3980       |  32|   0|   32|          0|
    |mul_ln53_2_reg_3985       |  32|   0|   32|          0|
    |mul_ln53_3_reg_3990       |  32|   0|   32|          0|
    |mul_ln53_4_reg_3995       |  32|   0|   32|          0|
    |mul_ln53_reg_3975         |  32|   0|   32|          0|
    |tmpFx_load_10_reg_2666    |  32|   0|   32|          0|
    |tmpFx_load_11_reg_2679    |  32|   0|   32|          0|
    |tmpFx_load_12_reg_2778    |  32|   0|   32|          0|
    |tmpFx_load_13_reg_2791    |  32|   0|   32|          0|
    |tmpFx_load_14_reg_2906    |  32|   0|   32|          0|
    |tmpFx_load_15_reg_2919    |  32|   0|   32|          0|
    |tmpFx_load_16_reg_3034    |  32|   0|   32|          0|
    |tmpFx_load_17_reg_3047    |  32|   0|   32|          0|
    |tmpFx_load_18_reg_3152    |  32|   0|   32|          0|
    |tmpFx_load_19_reg_3165    |  32|   0|   32|          0|
    |tmpFx_load_1_reg_2343     |  32|   0|   32|          0|
    |tmpFx_load_2_reg_2392     |  32|   0|   32|          0|
    |tmpFx_load_3_reg_2405     |  32|   0|   32|          0|
    |tmpFx_load_4_reg_2454     |  32|   0|   32|          0|
    |tmpFx_load_5_reg_2493     |  32|   0|   32|          0|
    |tmpFx_load_6_reg_2542     |  32|   0|   32|          0|
    |tmpFx_load_7_reg_2555     |  32|   0|   32|          0|
    |tmpFx_load_8_reg_2604     |  32|   0|   32|          0|
    |tmpFx_load_9_reg_2617     |  32|   0|   32|          0|
    |tmpFx_load_reg_2330       |  32|   0|   32|          0|
    |tmpObjS_load_10_reg_2475  |  32|   0|   32|          0|
    |tmpObjS_load_11_reg_2516  |  32|   0|   32|          0|
    |tmpObjS_load_12_reg_2524  |  32|   0|   32|          0|
    |tmpObjS_load_13_reg_2578  |  32|   0|   32|          0|
    |tmpObjS_load_14_reg_2586  |  32|   0|   32|          0|
    |tmpObjS_load_15_reg_2640  |  32|   0|   32|          0|
    |tmpObjS_load_16_reg_2648  |  32|   0|   32|          0|
    |tmpObjS_load_17_reg_2752  |  32|   0|   32|          0|
    |tmpObjS_load_18_reg_2760  |  32|   0|   32|          0|
    |tmpObjS_load_19_reg_2830  |  32|   0|   32|          0|
    |tmpObjS_load_1_reg_2268   |  32|   0|   32|          0|
    |tmpObjS_load_20_reg_2838  |  32|   0|   32|          0|
    |tmpObjS_load_21_reg_2967  |  32|   0|   32|          0|
    |tmpObjS_load_22_reg_2975  |  32|   0|   32|          0|
    |tmpObjS_load_23_reg_3078  |  32|   0|   32|          0|
    |tmpObjS_load_24_reg_3086  |  32|   0|   32|          0|
    |tmpObjS_load_2_reg_2276   |  32|   0|   32|          0|
    |tmpObjS_load_3_reg_2304   |  32|   0|   32|          0|
    |tmpObjS_load_4_reg_2312   |  32|   0|   32|          0|
    |tmpObjS_load_5_reg_2366   |  32|   0|   32|          0|
    |tmpObjS_load_6_reg_2374   |  32|   0|   32|          0|
    |tmpObjS_load_7_reg_2423   |  32|   0|   32|          0|
    |tmpObjS_load_8_reg_2431   |  32|   0|   32|          0|
    |tmpObjS_load_9_reg_2467   |  32|   0|   32|          0|
    |tmpObjS_load_reg_2250     |  32|   0|   32|          0|
    +--------------------------+----+----+-----+-----------+
    |Total                     |8313|   0| 8313|          0|
    +--------------------------+----+----+-----+-----------+



================================================================
== Interface
================================================================
* Summary: 
+------------------+-----+-----+------------+------------------+--------------+
|     RTL Ports    | Dir | Bits|  Protocol  |   Source Object  |    C Type    |
+------------------+-----+-----+------------+------------------+--------------+
|ap_clk            |  in |    1| ap_ctrl_hs | acado_setObjQ1Q2 | return value |
|ap_rst            |  in |    1| ap_ctrl_hs | acado_setObjQ1Q2 | return value |
|ap_start          |  in |    1| ap_ctrl_hs | acado_setObjQ1Q2 | return value |
|ap_done           | out |    1| ap_ctrl_hs | acado_setObjQ1Q2 | return value |
|ap_idle           | out |    1| ap_ctrl_hs | acado_setObjQ1Q2 | return value |
|ap_ready          | out |    1| ap_ctrl_hs | acado_setObjQ1Q2 | return value |
|tmpFx_address0    | out |   10|  ap_memory |       tmpFx      |     array    |
|tmpFx_ce0         | out |    1|  ap_memory |       tmpFx      |     array    |
|tmpFx_q0          |  in |   32|  ap_memory |       tmpFx      |     array    |
|tmpFx_address1    | out |   10|  ap_memory |       tmpFx      |     array    |
|tmpFx_ce1         | out |    1|  ap_memory |       tmpFx      |     array    |
|tmpFx_q1          |  in |   32|  ap_memory |       tmpFx      |     array    |
|tmpObjS_address0  | out |   10|  ap_memory |      tmpObjS     |     array    |
|tmpObjS_ce0       | out |    1|  ap_memory |      tmpObjS     |     array    |
|tmpObjS_q0        |  in |   32|  ap_memory |      tmpObjS     |     array    |
|tmpObjS_address1  | out |   10|  ap_memory |      tmpObjS     |     array    |
|tmpObjS_ce1       | out |    1|  ap_memory |      tmpObjS     |     array    |
|tmpObjS_q1        |  in |   32|  ap_memory |      tmpObjS     |     array    |
|tmpQ1_address0    | out |   10|  ap_memory |       tmpQ1      |     array    |
|tmpQ1_ce0         | out |    1|  ap_memory |       tmpQ1      |     array    |
|tmpQ1_we0         | out |    1|  ap_memory |       tmpQ1      |     array    |
|tmpQ1_d0          | out |   32|  ap_memory |       tmpQ1      |     array    |
|tmpQ1_address1    | out |   10|  ap_memory |       tmpQ1      |     array    |
|tmpQ1_ce1         | out |    1|  ap_memory |       tmpQ1      |     array    |
|tmpQ1_we1         | out |    1|  ap_memory |       tmpQ1      |     array    |
|tmpQ1_d1          | out |   32|  ap_memory |       tmpQ1      |     array    |
|tmpQ2_address0    | out |   10|  ap_memory |       tmpQ2      |     array    |
|tmpQ2_ce0         | out |    1|  ap_memory |       tmpQ2      |     array    |
|tmpQ2_we0         | out |    1|  ap_memory |       tmpQ2      |     array    |
|tmpQ2_d0          | out |   32|  ap_memory |       tmpQ2      |     array    |
|tmpQ2_address1    | out |   10|  ap_memory |       tmpQ2      |     array    |
|tmpQ2_ce1         | out |    1|  ap_memory |       tmpQ2      |     array    |
|tmpQ2_we1         | out |    1|  ap_memory |       tmpQ2      |     array    |
|tmpQ2_d1          | out |   32|  ap_memory |       tmpQ2      |     array    |
+------------------+-----+-----+------------+------------------+--------------+

