

================================================================
== Vivado HLS Report for 'init_stype_info'
================================================================
* Date:           Sun May 24 21:51:24 2020

* Version:        2019.1 (Build 2552052 on Fri May 24 15:28:33 MDT 2019)
* Project:        proj_extr_.radare2librbinpdbtpi.c_init_stype_info_with_main.c
* Solution:       solution1
* Product family: kintex7
* Target device:  xc7k160t-fbg484-1


================================================================
== Performance Estimates
================================================================
+ Timing (ns): 
    * Summary: 
    +--------+-------+----------+------------+
    |  Clock | Target| Estimated| Uncertainty|
    +--------+-------+----------+------------+
    |ap_clk  |  10.00|     0.000|        1.25|
    +--------+-------+----------+------------+

+ Latency (clock cycles): 
    * Summary: 
    +-----+-----+-----+-----+---------+
    |  Latency  |  Interval | Pipeline|
    | min | max | min | max |   Type  |
    +-----+-----+-----+-----+---------+
    |    0|    0|    0|    0|   none  |
    +-----+-----+-----+-----+---------+

    + Detail: 
        * Instance: 
        N/A

        * Loop: 
        N/A



================================================================
== Utilization Estimates
================================================================
* Summary: 
+-----------------+---------+-------+--------+--------+-----+
|       Name      | BRAM_18K| DSP48E|   FF   |   LUT  | URAM|
+-----------------+---------+-------+--------+--------+-----+
|DSP              |        -|      -|       -|       -|    -|
|Expression       |        -|      -|       -|       -|    -|
|FIFO             |        -|      -|       -|       -|    -|
|Instance         |        -|      -|       -|       -|    -|
|Memory           |        -|      -|       -|       -|    -|
|Multiplexer      |        -|      -|       -|       -|    -|
|Register         |        -|      -|       -|       -|    -|
+-----------------+---------+-------+--------+--------+-----+
|Total            |        0|      0|       0|       0|    0|
+-----------------+---------+-------+--------+--------+-----+
|Available        |      650|    600|  202800|  101400|    0|
+-----------------+---------+-------+--------+--------+-----+
|Utilization (%)  |        0|      0|       0|       0|    0|
+-----------------+---------+-------+--------+--------+-----+

+ Detail: 
    * Instance: 
    N/A

    * DSP48E: 
    N/A

    * Memory: 
    N/A

    * FIFO: 
    N/A

    * Expression: 
    N/A

    * Multiplexer: 
    N/A

    * Register: 
    N/A



================================================================
== Interface
================================================================
* Summary: 
+------------------------------------+-----+-----+------------+-----------------------------+--------------+
|              RTL Ports             | Dir | Bits|  Protocol  |        Source Object        |    C Type    |
+------------------------------------+-----+-----+------------+-----------------------------+--------------+
|ap_start                            |  in |    1| ap_ctrl_hs |       init_stype_info       | return value |
|ap_done                             | out |    1| ap_ctrl_hs |       init_stype_info       | return value |
|ap_idle                             | out |    1| ap_ctrl_hs |       init_stype_info       | return value |
|ap_ready                            | out |    1| ap_ctrl_hs |       init_stype_info       | return value |
|type_info_leaf_type                 |  in |   32|   ap_none  |     type_info_leaf_type     |    pointer   |
|type_info_get_print_type            | out |   32|   ap_vld   |   type_info_get_print_type  |    pointer   |
|type_info_get_print_type_ap_vld     | out |    1|   ap_vld   |   type_info_get_print_type  |    pointer   |
|type_info_get_mlist                 | out |   32|   ap_vld   |     type_info_get_mlist     |    pointer   |
|type_info_get_mlist_ap_vld          | out |    1|   ap_vld   |     type_info_get_mlist     |    pointer   |
|type_info_get_index                 | out |   32|   ap_vld   |     type_info_get_index     |    pointer   |
|type_info_get_index_ap_vld          | out |    1|   ap_vld   |     type_info_get_index     |    pointer   |
|type_info_get_arglist               | out |   32|   ap_vld   |    type_info_get_arglist    |    pointer   |
|type_info_get_arglist_ap_vld        | out |    1|   ap_vld   |    type_info_get_arglist    |    pointer   |
|type_info_get_this_type             | out |   32|   ap_vld   |   type_info_get_this_type   |    pointer   |
|type_info_get_this_type_ap_vld      | out |    1|   ap_vld   |   type_info_get_this_type   |    pointer   |
|type_info_get_class_type            | out |   32|   ap_vld   |   type_info_get_class_type  |    pointer   |
|type_info_get_class_type_ap_vld     | out |    1|   ap_vld   |   type_info_get_class_type  |    pointer   |
|type_info_get_return_type           | out |   32|   ap_vld   |  type_info_get_return_type  |    pointer   |
|type_info_get_return_type_ap_vld    | out |    1|   ap_vld   |  type_info_get_return_type  |    pointer   |
|type_info_get_utype                 | out |   32|   ap_vld   |     type_info_get_utype     |    pointer   |
|type_info_get_utype_ap_vld          | out |    1|   ap_vld   |     type_info_get_utype     |    pointer   |
|type_info_get_vshape                | out |   32|   ap_vld   |     type_info_get_vshape    |    pointer   |
|type_info_get_vshape_ap_vld         | out |    1|   ap_vld   |     type_info_get_vshape    |    pointer   |
|type_info_get_derived               | out |   32|   ap_vld   |    type_info_get_derived    |    pointer   |
|type_info_get_derived_ap_vld        | out |    1|   ap_vld   |    type_info_get_derived    |    pointer   |
|type_info_get_base_type             | out |   32|   ap_vld   |   type_info_get_base_type   |    pointer   |
|type_info_get_base_type_ap_vld      | out |    1|   ap_vld   |   type_info_get_base_type   |    pointer   |
|type_info_get_index_type            | out |   32|   ap_vld   |   type_info_get_index_type  |    pointer   |
|type_info_get_index_type_ap_vld     | out |    1|   ap_vld   |   type_info_get_index_type  |    pointer   |
|type_info_get_element_type          | out |   32|   ap_vld   |  type_info_get_element_type |    pointer   |
|type_info_get_element_type_ap_vld   | out |    1|   ap_vld   |  type_info_get_element_type |    pointer   |
|type_info_get_arg_type              | out |   32|   ap_vld   |    type_info_get_arg_type   |    pointer   |
|type_info_get_arg_type_ap_vld       | out |    1|   ap_vld   |    type_info_get_arg_type   |    pointer   |
|type_info_get_members               | out |   32|   ap_vld   |    type_info_get_members    |    pointer   |
|type_info_get_members_ap_vld        | out |    1|   ap_vld   |    type_info_get_members    |    pointer   |
|type_info_get_name_len              | out |   32|   ap_vld   |    type_info_get_name_len   |    pointer   |
|type_info_get_name_len_ap_vld       | out |    1|   ap_vld   |    type_info_get_name_len   |    pointer   |
|type_info_get_val                   | out |   32|   ap_vld   |      type_info_get_val      |    pointer   |
|type_info_get_val_ap_vld            | out |    1|   ap_vld   |      type_info_get_val      |    pointer   |
|type_info_get_name                  | out |   32|   ap_vld   |      type_info_get_name     |    pointer   |
|type_info_get_name_ap_vld           | out |    1|   ap_vld   |      type_info_get_name     |    pointer   |
|type_info_free_s                    | out |   32|   ap_vld   |       type_info_free_s      |    pointer   |
|type_info_free_s_ap_vld             | out |    1|   ap_vld   |       type_info_free_s      |    pointer   |
|type_info_is_fwdref                 | out |   32|   ap_vld   |     type_info_is_fwdref     |    pointer   |
|type_info_is_fwdref_ap_vld          | out |    1|   ap_vld   |     type_info_is_fwdref     |    pointer   |
|type_info_get_modified_type         | out |   32|   ap_vld   | type_info_get_modified_type |    pointer   |
|type_info_get_modified_type_ap_vld  | out |    1|   ap_vld   | type_info_get_modified_type |    pointer   |
+------------------------------------+-----+-----+------------+-----------------------------+--------------+

