

================================================================
== Vivado HLS Report for 'smrt_info_get'
================================================================
* Date:           Sun May 24 19:09:45 2020

* Version:        2019.1 (Build 2552052 on Fri May 24 15:28:33 MDT 2019)
* Project:        proj_extr_.linuxdriversmediadvb-frontendsmb86a16.c_smrt_info_get_with_main.c
* Solution:       solution1
* Product family: kintex7
* Target device:  xc7k160t-fbg484-1


================================================================
== Performance Estimates
================================================================
+ Timing (ns): 
    * Summary: 
    +--------+-------+----------+------------+
    |  Clock | Target| Estimated| Uncertainty|
    +--------+-------+----------+------------+
    |ap_clk  |  10.00|     1.546|        1.25|
    +--------+-------+----------+------------+

+ Latency (clock cycles): 
    * Summary: 
    +-----+-----+-----+-----+---------+
    |  Latency  |  Interval | Pipeline|
    | min | max | min | max |   Type  |
    +-----+-----+-----+-----+---------+
    |    0|    0|    0|    0|   none  |
    +-----+-----+-----+-----+---------+

    + Detail: 
        * Instance: 
        N/A

        * Loop: 
        N/A

============================================================
+ Verbose Summary: Synthesis Manager
============================================================
InlineROM: 1
ExposeGlobal: 0
============================================================
+ Verbose Summary: CDFG Model
============================================================
IsTopModel: 1
ResetActiveHigh: 1
IsCombinational: 0
IsDatapathOnly: 0
HasWiredReturn: 1
HasMFsm: 0
HasVarLatency: 0
IsPipeline: 0
IsRtlPipelined: 0
IsInstanceOverlapped: 0
IsDontTouch: 0
HasImplIP: 0
IsGatedGlobalClock: 0


============================================================
+ Verbose Summary: Schedule
============================================================
* Number of FSM states : 1
* Pipeline : 0
* Dataflow Pipeline: 0

* FSM state transitions: 
1 --> 

* FSM state operations: 

State 1 <SV = 0> <Delay = 1.54>
ST_1 : Operation 2 [1/1] (0.00ns)   --->   "call void (...)* @_ssdm_op_SpecBitsMap(i32* %state_deci), !map !13"   --->   Operation 2 'specbitsmap' <Predicate = true> <Delay = 0.00>
ST_1 : Operation 3 [1/1] (0.00ns)   --->   "call void (...)* @_ssdm_op_SpecBitsMap(i32* %state_csel), !map !19"   --->   Operation 3 'specbitsmap' <Predicate = true> <Delay = 0.00>
ST_1 : Operation 4 [1/1] (0.00ns)   --->   "call void (...)* @_ssdm_op_SpecBitsMap(i32* %state_rsel), !map !23"   --->   Operation 4 'specbitsmap' <Predicate = true> <Delay = 0.00>
ST_1 : Operation 5 [1/1] (0.00ns)   --->   "call void (...)* @_ssdm_op_SpecBitsMap(i32* %state_master_clk), !map !27"   --->   Operation 5 'specbitsmap' <Predicate = true> <Delay = 0.00>
ST_1 : Operation 6 [1/1] (0.00ns)   --->   "call void (...)* @_ssdm_op_SpecBitsMap(i32 %rate), !map !31"   --->   Operation 6 'specbitsmap' <Predicate = true> <Delay = 0.00>
ST_1 : Operation 7 [1/1] (0.00ns)   --->   "call void (...)* @_ssdm_op_SpecTopModule([14 x i8]* @smrt_info_get_str) nounwind"   --->   Operation 7 'spectopmodule' <Predicate = true> <Delay = 0.00>
ST_1 : Operation 8 [1/1] (0.00ns)   --->   "%rate_read = call i32 @_ssdm_op_Read.ap_auto.i32(i32 %rate)" [extr_.linuxdriversmediadvb-frontendsmb86a16.c_smrt_info_get_with_main.c:16]   --->   Operation 8 'read' 'rate_read' <Predicate = true> <Delay = 0.00>
ST_1 : Operation 9 [1/1] (1.54ns)   --->   "%icmp_ln18 = icmp sgt i32 %rate_read, 37500" [extr_.linuxdriversmediadvb-frontendsmb86a16.c_smrt_info_get_with_main.c:18]   --->   Operation 9 'icmp' 'icmp_ln18' <Predicate = true> <Delay = 1.54> <Core = "Cmp">   --->   Core 25 'Cmp' <Latency = 0> <II = 1> <Delay = 1.54> <FuncUnit> <Opcode : 'icmp'> <InPorts = 2> <OutPorts = 1>
ST_1 : Operation 10 [1/1] (0.00ns)   --->   "br i1 %icmp_ln18, label %1, label %2" [extr_.linuxdriversmediadvb-frontendsmb86a16.c_smrt_info_get_with_main.c:18]   --->   Operation 10 'br' <Predicate = true> <Delay = 0.00>
ST_1 : Operation 11 [1/1] (1.54ns)   --->   "%icmp_ln20 = icmp sgt i32 %rate_read, 30000" [extr_.linuxdriversmediadvb-frontendsmb86a16.c_smrt_info_get_with_main.c:20]   --->   Operation 11 'icmp' 'icmp_ln20' <Predicate = (!icmp_ln18)> <Delay = 1.54> <Core = "Cmp">   --->   Core 25 'Cmp' <Latency = 0> <II = 1> <Delay = 1.54> <FuncUnit> <Opcode : 'icmp'> <InPorts = 2> <OutPorts = 1>
ST_1 : Operation 12 [1/1] (0.00ns)   --->   "br i1 %icmp_ln20, label %3, label %4" [extr_.linuxdriversmediadvb-frontendsmb86a16.c_smrt_info_get_with_main.c:20]   --->   Operation 12 'br' <Predicate = (!icmp_ln18)> <Delay = 0.00>
ST_1 : Operation 13 [1/1] (1.54ns)   --->   "%icmp_ln22 = icmp sgt i32 %rate_read, 26250" [extr_.linuxdriversmediadvb-frontendsmb86a16.c_smrt_info_get_with_main.c:22]   --->   Operation 13 'icmp' 'icmp_ln22' <Predicate = (!icmp_ln18 & !icmp_ln20)> <Delay = 1.54> <Core = "Cmp">   --->   Core 25 'Cmp' <Latency = 0> <II = 1> <Delay = 1.54> <FuncUnit> <Opcode : 'icmp'> <InPorts = 2> <OutPorts = 1>
ST_1 : Operation 14 [1/1] (0.00ns)   --->   "br i1 %icmp_ln22, label %5, label %6" [extr_.linuxdriversmediadvb-frontendsmb86a16.c_smrt_info_get_with_main.c:22]   --->   Operation 14 'br' <Predicate = (!icmp_ln18 & !icmp_ln20)> <Delay = 0.00>
ST_1 : Operation 15 [1/1] (1.54ns)   --->   "%icmp_ln24 = icmp sgt i32 %rate_read, 22500" [extr_.linuxdriversmediadvb-frontendsmb86a16.c_smrt_info_get_with_main.c:24]   --->   Operation 15 'icmp' 'icmp_ln24' <Predicate = (!icmp_ln18 & !icmp_ln20 & !icmp_ln22)> <Delay = 1.54> <Core = "Cmp">   --->   Core 25 'Cmp' <Latency = 0> <II = 1> <Delay = 1.54> <FuncUnit> <Opcode : 'icmp'> <InPorts = 2> <OutPorts = 1>
ST_1 : Operation 16 [1/1] (0.00ns)   --->   "br i1 %icmp_ln24, label %7, label %8" [extr_.linuxdriversmediadvb-frontendsmb86a16.c_smrt_info_get_with_main.c:24]   --->   Operation 16 'br' <Predicate = (!icmp_ln18 & !icmp_ln20 & !icmp_ln22)> <Delay = 0.00>
ST_1 : Operation 17 [1/1] (1.54ns)   --->   "%icmp_ln26 = icmp sgt i32 %rate_read, 18750" [extr_.linuxdriversmediadvb-frontendsmb86a16.c_smrt_info_get_with_main.c:26]   --->   Operation 17 'icmp' 'icmp_ln26' <Predicate = (!icmp_ln18 & !icmp_ln20 & !icmp_ln22 & !icmp_ln24)> <Delay = 1.54> <Core = "Cmp">   --->   Core 25 'Cmp' <Latency = 0> <II = 1> <Delay = 1.54> <FuncUnit> <Opcode : 'icmp'> <InPorts = 2> <OutPorts = 1>
ST_1 : Operation 18 [1/1] (0.00ns)   --->   "br i1 %icmp_ln26, label %9, label %10" [extr_.linuxdriversmediadvb-frontendsmb86a16.c_smrt_info_get_with_main.c:26]   --->   Operation 18 'br' <Predicate = (!icmp_ln18 & !icmp_ln20 & !icmp_ln22 & !icmp_ln24)> <Delay = 0.00>
ST_1 : Operation 19 [1/1] (1.54ns)   --->   "%icmp_ln28 = icmp sgt i32 %rate_read, 15000" [extr_.linuxdriversmediadvb-frontendsmb86a16.c_smrt_info_get_with_main.c:28]   --->   Operation 19 'icmp' 'icmp_ln28' <Predicate = (!icmp_ln18 & !icmp_ln20 & !icmp_ln22 & !icmp_ln24 & !icmp_ln26)> <Delay = 1.54> <Core = "Cmp">   --->   Core 25 'Cmp' <Latency = 0> <II = 1> <Delay = 1.54> <FuncUnit> <Opcode : 'icmp'> <InPorts = 2> <OutPorts = 1>
ST_1 : Operation 20 [1/1] (0.00ns)   --->   "br i1 %icmp_ln28, label %11, label %12" [extr_.linuxdriversmediadvb-frontendsmb86a16.c_smrt_info_get_with_main.c:28]   --->   Operation 20 'br' <Predicate = (!icmp_ln18 & !icmp_ln20 & !icmp_ln22 & !icmp_ln24 & !icmp_ln26)> <Delay = 0.00>
ST_1 : Operation 21 [1/1] (1.54ns)   --->   "%icmp_ln30 = icmp sgt i32 %rate_read, 13125" [extr_.linuxdriversmediadvb-frontendsmb86a16.c_smrt_info_get_with_main.c:30]   --->   Operation 21 'icmp' 'icmp_ln30' <Predicate = (!icmp_ln18 & !icmp_ln20 & !icmp_ln22 & !icmp_ln24 & !icmp_ln26 & !icmp_ln28)> <Delay = 1.54> <Core = "Cmp">   --->   Core 25 'Cmp' <Latency = 0> <II = 1> <Delay = 1.54> <FuncUnit> <Opcode : 'icmp'> <InPorts = 2> <OutPorts = 1>
ST_1 : Operation 22 [1/1] (0.00ns)   --->   "br i1 %icmp_ln30, label %13, label %14" [extr_.linuxdriversmediadvb-frontendsmb86a16.c_smrt_info_get_with_main.c:30]   --->   Operation 22 'br' <Predicate = (!icmp_ln18 & !icmp_ln20 & !icmp_ln22 & !icmp_ln24 & !icmp_ln26 & !icmp_ln28)> <Delay = 0.00>
ST_1 : Operation 23 [1/1] (1.54ns)   --->   "%icmp_ln32 = icmp sgt i32 %rate_read, 11250" [extr_.linuxdriversmediadvb-frontendsmb86a16.c_smrt_info_get_with_main.c:32]   --->   Operation 23 'icmp' 'icmp_ln32' <Predicate = (!icmp_ln18 & !icmp_ln20 & !icmp_ln22 & !icmp_ln24 & !icmp_ln26 & !icmp_ln28 & !icmp_ln30)> <Delay = 1.54> <Core = "Cmp">   --->   Core 25 'Cmp' <Latency = 0> <II = 1> <Delay = 1.54> <FuncUnit> <Opcode : 'icmp'> <InPorts = 2> <OutPorts = 1>
ST_1 : Operation 24 [1/1] (0.00ns)   --->   "br i1 %icmp_ln32, label %15, label %16" [extr_.linuxdriversmediadvb-frontendsmb86a16.c_smrt_info_get_with_main.c:32]   --->   Operation 24 'br' <Predicate = (!icmp_ln18 & !icmp_ln20 & !icmp_ln22 & !icmp_ln24 & !icmp_ln26 & !icmp_ln28 & !icmp_ln30)> <Delay = 0.00>
ST_1 : Operation 25 [1/1] (1.54ns)   --->   "%icmp_ln34 = icmp sgt i32 %rate_read, 9375" [extr_.linuxdriversmediadvb-frontendsmb86a16.c_smrt_info_get_with_main.c:34]   --->   Operation 25 'icmp' 'icmp_ln34' <Predicate = (!icmp_ln18 & !icmp_ln20 & !icmp_ln22 & !icmp_ln24 & !icmp_ln26 & !icmp_ln28 & !icmp_ln30 & !icmp_ln32)> <Delay = 1.54> <Core = "Cmp">   --->   Core 25 'Cmp' <Latency = 0> <II = 1> <Delay = 1.54> <FuncUnit> <Opcode : 'icmp'> <InPorts = 2> <OutPorts = 1>
ST_1 : Operation 26 [1/1] (0.00ns)   --->   "br i1 %icmp_ln34, label %17, label %18" [extr_.linuxdriversmediadvb-frontendsmb86a16.c_smrt_info_get_with_main.c:34]   --->   Operation 26 'br' <Predicate = (!icmp_ln18 & !icmp_ln20 & !icmp_ln22 & !icmp_ln24 & !icmp_ln26 & !icmp_ln28 & !icmp_ln30 & !icmp_ln32)> <Delay = 0.00>
ST_1 : Operation 27 [1/1] (1.54ns)   --->   "%icmp_ln36 = icmp sgt i32 %rate_read, 7500" [extr_.linuxdriversmediadvb-frontendsmb86a16.c_smrt_info_get_with_main.c:36]   --->   Operation 27 'icmp' 'icmp_ln36' <Predicate = (!icmp_ln18 & !icmp_ln20 & !icmp_ln22 & !icmp_ln24 & !icmp_ln26 & !icmp_ln28 & !icmp_ln30 & !icmp_ln32 & !icmp_ln34)> <Delay = 1.54> <Core = "Cmp">   --->   Core 25 'Cmp' <Latency = 0> <II = 1> <Delay = 1.54> <FuncUnit> <Opcode : 'icmp'> <InPorts = 2> <OutPorts = 1>
ST_1 : Operation 28 [1/1] (0.00ns)   --->   "br i1 %icmp_ln36, label %19, label %20" [extr_.linuxdriversmediadvb-frontendsmb86a16.c_smrt_info_get_with_main.c:36]   --->   Operation 28 'br' <Predicate = (!icmp_ln18 & !icmp_ln20 & !icmp_ln22 & !icmp_ln24 & !icmp_ln26 & !icmp_ln28 & !icmp_ln30 & !icmp_ln32 & !icmp_ln34)> <Delay = 0.00>
ST_1 : Operation 29 [1/1] (1.54ns)   --->   "%icmp_ln38 = icmp sgt i32 %rate_read, 6562" [extr_.linuxdriversmediadvb-frontendsmb86a16.c_smrt_info_get_with_main.c:38]   --->   Operation 29 'icmp' 'icmp_ln38' <Predicate = (!icmp_ln18 & !icmp_ln20 & !icmp_ln22 & !icmp_ln24 & !icmp_ln26 & !icmp_ln28 & !icmp_ln30 & !icmp_ln32 & !icmp_ln34 & !icmp_ln36)> <Delay = 1.54> <Core = "Cmp">   --->   Core 25 'Cmp' <Latency = 0> <II = 1> <Delay = 1.54> <FuncUnit> <Opcode : 'icmp'> <InPorts = 2> <OutPorts = 1>
ST_1 : Operation 30 [1/1] (0.00ns)   --->   "br i1 %icmp_ln38, label %21, label %22" [extr_.linuxdriversmediadvb-frontendsmb86a16.c_smrt_info_get_with_main.c:38]   --->   Operation 30 'br' <Predicate = (!icmp_ln18 & !icmp_ln20 & !icmp_ln22 & !icmp_ln24 & !icmp_ln26 & !icmp_ln28 & !icmp_ln30 & !icmp_ln32 & !icmp_ln34 & !icmp_ln36)> <Delay = 0.00>
ST_1 : Operation 31 [1/1] (1.54ns)   --->   "%icmp_ln40 = icmp sgt i32 %rate_read, 5625" [extr_.linuxdriversmediadvb-frontendsmb86a16.c_smrt_info_get_with_main.c:40]   --->   Operation 31 'icmp' 'icmp_ln40' <Predicate = (!icmp_ln18 & !icmp_ln20 & !icmp_ln22 & !icmp_ln24 & !icmp_ln26 & !icmp_ln28 & !icmp_ln30 & !icmp_ln32 & !icmp_ln34 & !icmp_ln36 & !icmp_ln38)> <Delay = 1.54> <Core = "Cmp">   --->   Core 25 'Cmp' <Latency = 0> <II = 1> <Delay = 1.54> <FuncUnit> <Opcode : 'icmp'> <InPorts = 2> <OutPorts = 1>
ST_1 : Operation 32 [1/1] (0.00ns)   --->   "br i1 %icmp_ln40, label %23, label %24" [extr_.linuxdriversmediadvb-frontendsmb86a16.c_smrt_info_get_with_main.c:40]   --->   Operation 32 'br' <Predicate = (!icmp_ln18 & !icmp_ln20 & !icmp_ln22 & !icmp_ln24 & !icmp_ln26 & !icmp_ln28 & !icmp_ln30 & !icmp_ln32 & !icmp_ln34 & !icmp_ln36 & !icmp_ln38)> <Delay = 0.00>
ST_1 : Operation 33 [1/1] (1.54ns)   --->   "%icmp_ln42 = icmp sgt i32 %rate_read, 4687" [extr_.linuxdriversmediadvb-frontendsmb86a16.c_smrt_info_get_with_main.c:42]   --->   Operation 33 'icmp' 'icmp_ln42' <Predicate = (!icmp_ln18 & !icmp_ln20 & !icmp_ln22 & !icmp_ln24 & !icmp_ln26 & !icmp_ln28 & !icmp_ln30 & !icmp_ln32 & !icmp_ln34 & !icmp_ln36 & !icmp_ln38 & !icmp_ln40)> <Delay = 1.54> <Core = "Cmp">   --->   Core 25 'Cmp' <Latency = 0> <II = 1> <Delay = 1.54> <FuncUnit> <Opcode : 'icmp'> <InPorts = 2> <OutPorts = 1>
ST_1 : Operation 34 [1/1] (0.00ns)   --->   "br i1 %icmp_ln42, label %25, label %26" [extr_.linuxdriversmediadvb-frontendsmb86a16.c_smrt_info_get_with_main.c:42]   --->   Operation 34 'br' <Predicate = (!icmp_ln18 & !icmp_ln20 & !icmp_ln22 & !icmp_ln24 & !icmp_ln26 & !icmp_ln28 & !icmp_ln30 & !icmp_ln32 & !icmp_ln34 & !icmp_ln36 & !icmp_ln38 & !icmp_ln40)> <Delay = 0.00>
ST_1 : Operation 35 [1/1] (1.54ns)   --->   "%icmp_ln44 = icmp sgt i32 %rate_read, 3750" [extr_.linuxdriversmediadvb-frontendsmb86a16.c_smrt_info_get_with_main.c:44]   --->   Operation 35 'icmp' 'icmp_ln44' <Predicate = (!icmp_ln18 & !icmp_ln20 & !icmp_ln22 & !icmp_ln24 & !icmp_ln26 & !icmp_ln28 & !icmp_ln30 & !icmp_ln32 & !icmp_ln34 & !icmp_ln36 & !icmp_ln38 & !icmp_ln40 & !icmp_ln42)> <Delay = 1.54> <Core = "Cmp">   --->   Core 25 'Cmp' <Latency = 0> <II = 1> <Delay = 1.54> <FuncUnit> <Opcode : 'icmp'> <InPorts = 2> <OutPorts = 1>
ST_1 : Operation 36 [1/1] (0.00ns)   --->   "br i1 %icmp_ln44, label %27, label %28" [extr_.linuxdriversmediadvb-frontendsmb86a16.c_smrt_info_get_with_main.c:44]   --->   Operation 36 'br' <Predicate = (!icmp_ln18 & !icmp_ln20 & !icmp_ln22 & !icmp_ln24 & !icmp_ln26 & !icmp_ln28 & !icmp_ln30 & !icmp_ln32 & !icmp_ln34 & !icmp_ln36 & !icmp_ln38 & !icmp_ln40 & !icmp_ln42)> <Delay = 0.00>
ST_1 : Operation 37 [1/1] (1.54ns)   --->   "%icmp_ln46 = icmp sgt i32 %rate_read, 3281" [extr_.linuxdriversmediadvb-frontendsmb86a16.c_smrt_info_get_with_main.c:46]   --->   Operation 37 'icmp' 'icmp_ln46' <Predicate = (!icmp_ln18 & !icmp_ln20 & !icmp_ln22 & !icmp_ln24 & !icmp_ln26 & !icmp_ln28 & !icmp_ln30 & !icmp_ln32 & !icmp_ln34 & !icmp_ln36 & !icmp_ln38 & !icmp_ln40 & !icmp_ln42 & !icmp_ln44)> <Delay = 1.54> <Core = "Cmp">   --->   Core 25 'Cmp' <Latency = 0> <II = 1> <Delay = 1.54> <FuncUnit> <Opcode : 'icmp'> <InPorts = 2> <OutPorts = 1>
ST_1 : Operation 38 [1/1] (0.00ns)   --->   "br i1 %icmp_ln46, label %29, label %30" [extr_.linuxdriversmediadvb-frontendsmb86a16.c_smrt_info_get_with_main.c:46]   --->   Operation 38 'br' <Predicate = (!icmp_ln18 & !icmp_ln20 & !icmp_ln22 & !icmp_ln24 & !icmp_ln26 & !icmp_ln28 & !icmp_ln30 & !icmp_ln32 & !icmp_ln34 & !icmp_ln36 & !icmp_ln38 & !icmp_ln40 & !icmp_ln42 & !icmp_ln44)> <Delay = 0.00>
ST_1 : Operation 39 [1/1] (1.54ns)   --->   "%icmp_ln48 = icmp sgt i32 %rate_read, 2813" [extr_.linuxdriversmediadvb-frontendsmb86a16.c_smrt_info_get_with_main.c:48]   --->   Operation 39 'icmp' 'icmp_ln48' <Predicate = (!icmp_ln18 & !icmp_ln20 & !icmp_ln22 & !icmp_ln24 & !icmp_ln26 & !icmp_ln28 & !icmp_ln30 & !icmp_ln32 & !icmp_ln34 & !icmp_ln36 & !icmp_ln38 & !icmp_ln40 & !icmp_ln42 & !icmp_ln44 & !icmp_ln46)> <Delay = 1.54> <Core = "Cmp">   --->   Core 25 'Cmp' <Latency = 0> <II = 1> <Delay = 1.54> <FuncUnit> <Opcode : 'icmp'> <InPorts = 2> <OutPorts = 1>
ST_1 : Operation 40 [1/1] (0.00ns)   --->   "br i1 %icmp_ln48, label %31, label %32" [extr_.linuxdriversmediadvb-frontendsmb86a16.c_smrt_info_get_with_main.c:48]   --->   Operation 40 'br' <Predicate = (!icmp_ln18 & !icmp_ln20 & !icmp_ln22 & !icmp_ln24 & !icmp_ln26 & !icmp_ln28 & !icmp_ln30 & !icmp_ln32 & !icmp_ln34 & !icmp_ln36 & !icmp_ln38 & !icmp_ln40 & !icmp_ln42 & !icmp_ln44 & !icmp_ln46)> <Delay = 0.00>
ST_1 : Operation 41 [1/1] (1.54ns)   --->   "%icmp_ln50 = icmp sgt i32 %rate_read, 2343" [extr_.linuxdriversmediadvb-frontendsmb86a16.c_smrt_info_get_with_main.c:50]   --->   Operation 41 'icmp' 'icmp_ln50' <Predicate = (!icmp_ln18 & !icmp_ln20 & !icmp_ln22 & !icmp_ln24 & !icmp_ln26 & !icmp_ln28 & !icmp_ln30 & !icmp_ln32 & !icmp_ln34 & !icmp_ln36 & !icmp_ln38 & !icmp_ln40 & !icmp_ln42 & !icmp_ln44 & !icmp_ln46 & !icmp_ln48)> <Delay = 1.54> <Core = "Cmp">   --->   Core 25 'Cmp' <Latency = 0> <II = 1> <Delay = 1.54> <FuncUnit> <Opcode : 'icmp'> <InPorts = 2> <OutPorts = 1>
ST_1 : Operation 42 [1/1] (0.00ns)   --->   "br i1 %icmp_ln50, label %33, label %34" [extr_.linuxdriversmediadvb-frontendsmb86a16.c_smrt_info_get_with_main.c:50]   --->   Operation 42 'br' <Predicate = (!icmp_ln18 & !icmp_ln20 & !icmp_ln22 & !icmp_ln24 & !icmp_ln26 & !icmp_ln28 & !icmp_ln30 & !icmp_ln32 & !icmp_ln34 & !icmp_ln36 & !icmp_ln38 & !icmp_ln40 & !icmp_ln42 & !icmp_ln44 & !icmp_ln46 & !icmp_ln48)> <Delay = 0.00>
ST_1 : Operation 43 [1/1] (1.54ns)   --->   "%icmp_ln52 = icmp sgt i32 %rate_read, 1875" [extr_.linuxdriversmediadvb-frontendsmb86a16.c_smrt_info_get_with_main.c:52]   --->   Operation 43 'icmp' 'icmp_ln52' <Predicate = (!icmp_ln18 & !icmp_ln20 & !icmp_ln22 & !icmp_ln24 & !icmp_ln26 & !icmp_ln28 & !icmp_ln30 & !icmp_ln32 & !icmp_ln34 & !icmp_ln36 & !icmp_ln38 & !icmp_ln40 & !icmp_ln42 & !icmp_ln44 & !icmp_ln46 & !icmp_ln48 & !icmp_ln50)> <Delay = 1.54> <Core = "Cmp">   --->   Core 25 'Cmp' <Latency = 0> <II = 1> <Delay = 1.54> <FuncUnit> <Opcode : 'icmp'> <InPorts = 2> <OutPorts = 1>
ST_1 : Operation 44 [1/1] (0.00ns)   --->   "br i1 %icmp_ln52, label %35, label %36" [extr_.linuxdriversmediadvb-frontendsmb86a16.c_smrt_info_get_with_main.c:52]   --->   Operation 44 'br' <Predicate = (!icmp_ln18 & !icmp_ln20 & !icmp_ln22 & !icmp_ln24 & !icmp_ln26 & !icmp_ln28 & !icmp_ln30 & !icmp_ln32 & !icmp_ln34 & !icmp_ln36 & !icmp_ln38 & !icmp_ln40 & !icmp_ln42 & !icmp_ln44 & !icmp_ln46 & !icmp_ln48 & !icmp_ln50)> <Delay = 0.00>
ST_1 : Operation 45 [1/1] (1.54ns)   --->   "%icmp_ln54 = icmp sgt i32 %rate_read, 1640" [extr_.linuxdriversmediadvb-frontendsmb86a16.c_smrt_info_get_with_main.c:54]   --->   Operation 45 'icmp' 'icmp_ln54' <Predicate = (!icmp_ln18 & !icmp_ln20 & !icmp_ln22 & !icmp_ln24 & !icmp_ln26 & !icmp_ln28 & !icmp_ln30 & !icmp_ln32 & !icmp_ln34 & !icmp_ln36 & !icmp_ln38 & !icmp_ln40 & !icmp_ln42 & !icmp_ln44 & !icmp_ln46 & !icmp_ln48 & !icmp_ln50 & !icmp_ln52)> <Delay = 1.54> <Core = "Cmp">   --->   Core 25 'Cmp' <Latency = 0> <II = 1> <Delay = 1.54> <FuncUnit> <Opcode : 'icmp'> <InPorts = 2> <OutPorts = 1>
ST_1 : Operation 46 [1/1] (0.00ns)   --->   "br i1 %icmp_ln54, label %37, label %38" [extr_.linuxdriversmediadvb-frontendsmb86a16.c_smrt_info_get_with_main.c:54]   --->   Operation 46 'br' <Predicate = (!icmp_ln18 & !icmp_ln20 & !icmp_ln22 & !icmp_ln24 & !icmp_ln26 & !icmp_ln28 & !icmp_ln30 & !icmp_ln32 & !icmp_ln34 & !icmp_ln36 & !icmp_ln38 & !icmp_ln40 & !icmp_ln42 & !icmp_ln44 & !icmp_ln46 & !icmp_ln48 & !icmp_ln50 & !icmp_ln52)> <Delay = 0.00>
ST_1 : Operation 47 [1/1] (1.54ns)   --->   "%icmp_ln56 = icmp sgt i32 %rate_read, 1406" [extr_.linuxdriversmediadvb-frontendsmb86a16.c_smrt_info_get_with_main.c:56]   --->   Operation 47 'icmp' 'icmp_ln56' <Predicate = (!icmp_ln18 & !icmp_ln20 & !icmp_ln22 & !icmp_ln24 & !icmp_ln26 & !icmp_ln28 & !icmp_ln30 & !icmp_ln32 & !icmp_ln34 & !icmp_ln36 & !icmp_ln38 & !icmp_ln40 & !icmp_ln42 & !icmp_ln44 & !icmp_ln46 & !icmp_ln48 & !icmp_ln50 & !icmp_ln52 & !icmp_ln54)> <Delay = 1.54> <Core = "Cmp">   --->   Core 25 'Cmp' <Latency = 0> <II = 1> <Delay = 1.54> <FuncUnit> <Opcode : 'icmp'> <InPorts = 2> <OutPorts = 1>
ST_1 : Operation 48 [1/1] (0.00ns)   --->   "br i1 %icmp_ln56, label %39, label %40" [extr_.linuxdriversmediadvb-frontendsmb86a16.c_smrt_info_get_with_main.c:56]   --->   Operation 48 'br' <Predicate = (!icmp_ln18 & !icmp_ln20 & !icmp_ln22 & !icmp_ln24 & !icmp_ln26 & !icmp_ln28 & !icmp_ln30 & !icmp_ln32 & !icmp_ln34 & !icmp_ln36 & !icmp_ln38 & !icmp_ln40 & !icmp_ln42 & !icmp_ln44 & !icmp_ln46 & !icmp_ln48 & !icmp_ln50 & !icmp_ln52 & !icmp_ln54)> <Delay = 0.00>
ST_1 : Operation 49 [1/1] (1.54ns)   --->   "%icmp_ln58 = icmp sgt i32 %rate_read, 1171" [extr_.linuxdriversmediadvb-frontendsmb86a16.c_smrt_info_get_with_main.c:58]   --->   Operation 49 'icmp' 'icmp_ln58' <Predicate = (!icmp_ln18 & !icmp_ln20 & !icmp_ln22 & !icmp_ln24 & !icmp_ln26 & !icmp_ln28 & !icmp_ln30 & !icmp_ln32 & !icmp_ln34 & !icmp_ln36 & !icmp_ln38 & !icmp_ln40 & !icmp_ln42 & !icmp_ln44 & !icmp_ln46 & !icmp_ln48 & !icmp_ln50 & !icmp_ln52 & !icmp_ln54 & !icmp_ln56)> <Delay = 1.54> <Core = "Cmp">   --->   Core 25 'Cmp' <Latency = 0> <II = 1> <Delay = 1.54> <FuncUnit> <Opcode : 'icmp'> <InPorts = 2> <OutPorts = 1>
ST_1 : Operation 50 [1/1] (0.00ns)   --->   "br i1 %icmp_ln58, label %41, label %42" [extr_.linuxdriversmediadvb-frontendsmb86a16.c_smrt_info_get_with_main.c:58]   --->   Operation 50 'br' <Predicate = (!icmp_ln18 & !icmp_ln20 & !icmp_ln22 & !icmp_ln24 & !icmp_ln26 & !icmp_ln28 & !icmp_ln30 & !icmp_ln32 & !icmp_ln34 & !icmp_ln36 & !icmp_ln38 & !icmp_ln40 & !icmp_ln42 & !icmp_ln44 & !icmp_ln46 & !icmp_ln48 & !icmp_ln50 & !icmp_ln52 & !icmp_ln54 & !icmp_ln56)> <Delay = 0.00>
ST_1 : Operation 51 [1/1] (1.54ns)   --->   "%icmp_ln60 = icmp sgt i32 %rate_read, 938" [extr_.linuxdriversmediadvb-frontendsmb86a16.c_smrt_info_get_with_main.c:60]   --->   Operation 51 'icmp' 'icmp_ln60' <Predicate = (!icmp_ln18 & !icmp_ln20 & !icmp_ln22 & !icmp_ln24 & !icmp_ln26 & !icmp_ln28 & !icmp_ln30 & !icmp_ln32 & !icmp_ln34 & !icmp_ln36 & !icmp_ln38 & !icmp_ln40 & !icmp_ln42 & !icmp_ln44 & !icmp_ln46 & !icmp_ln48 & !icmp_ln50 & !icmp_ln52 & !icmp_ln54 & !icmp_ln56 & !icmp_ln58)> <Delay = 1.54> <Core = "Cmp">   --->   Core 25 'Cmp' <Latency = 0> <II = 1> <Delay = 1.54> <FuncUnit> <Opcode : 'icmp'> <InPorts = 2> <OutPorts = 1>
ST_1 : Operation 52 [1/1] (0.00ns)   --->   "br i1 %icmp_ln60, label %43, label %44" [extr_.linuxdriversmediadvb-frontendsmb86a16.c_smrt_info_get_with_main.c:60]   --->   Operation 52 'br' <Predicate = (!icmp_ln18 & !icmp_ln20 & !icmp_ln22 & !icmp_ln24 & !icmp_ln26 & !icmp_ln28 & !icmp_ln30 & !icmp_ln32 & !icmp_ln34 & !icmp_ln36 & !icmp_ln38 & !icmp_ln40 & !icmp_ln42 & !icmp_ln44 & !icmp_ln46 & !icmp_ln48 & !icmp_ln50 & !icmp_ln52 & !icmp_ln54 & !icmp_ln56 & !icmp_ln58)> <Delay = 0.00>
ST_1 : Operation 53 [1/1] (1.54ns)   --->   "%icmp_ln62 = icmp slt i32 %rate_read, 821" [extr_.linuxdriversmediadvb-frontendsmb86a16.c_smrt_info_get_with_main.c:62]   --->   Operation 53 'icmp' 'icmp_ln62' <Predicate = (!icmp_ln18 & !icmp_ln20 & !icmp_ln22 & !icmp_ln24 & !icmp_ln26 & !icmp_ln28 & !icmp_ln30 & !icmp_ln32 & !icmp_ln34 & !icmp_ln36 & !icmp_ln38 & !icmp_ln40 & !icmp_ln42 & !icmp_ln44 & !icmp_ln46 & !icmp_ln48 & !icmp_ln50 & !icmp_ln52 & !icmp_ln54 & !icmp_ln56 & !icmp_ln58 & !icmp_ln60)> <Delay = 1.54> <Core = "Cmp">   --->   Core 25 'Cmp' <Latency = 0> <II = 1> <Delay = 1.54> <FuncUnit> <Opcode : 'icmp'> <InPorts = 2> <OutPorts = 1>
ST_1 : Operation 54 [1/1] (0.00ns)   --->   "%zext_ln62 = zext i1 %icmp_ln62 to i32" [extr_.linuxdriversmediadvb-frontendsmb86a16.c_smrt_info_get_with_main.c:62]   --->   Operation 54 'zext' 'zext_ln62' <Predicate = (!icmp_ln18 & !icmp_ln20 & !icmp_ln22 & !icmp_ln24 & !icmp_ln26 & !icmp_ln28 & !icmp_ln30 & !icmp_ln32 & !icmp_ln34 & !icmp_ln36 & !icmp_ln38 & !icmp_ln40 & !icmp_ln42 & !icmp_ln44 & !icmp_ln46 & !icmp_ln48 & !icmp_ln50 & !icmp_ln52 & !icmp_ln54 & !icmp_ln56 & !icmp_ln58 & !icmp_ln60)> <Delay = 0.00>
ST_1 : Operation 55 [1/1] (0.00ns)   --->   "call void @_ssdm_op_Write.ap_auto.i32P(i32* %state_deci, i32 5)" [extr_.linuxdriversmediadvb-frontendsmb86a16.c_smrt_info_get_with_main.c:63]   --->   Operation 55 'write' <Predicate = (!icmp_ln18 & !icmp_ln20 & !icmp_ln22 & !icmp_ln24 & !icmp_ln26 & !icmp_ln28 & !icmp_ln30 & !icmp_ln32 & !icmp_ln34 & !icmp_ln36 & !icmp_ln38 & !icmp_ln40 & !icmp_ln42 & !icmp_ln44 & !icmp_ln46 & !icmp_ln48 & !icmp_ln50 & !icmp_ln52 & !icmp_ln54 & !icmp_ln56 & !icmp_ln58 & !icmp_ln60)> <Delay = 0.00>
ST_1 : Operation 56 [1/1] (0.00ns)   --->   "call void @_ssdm_op_Write.ap_auto.i32P(i32* %state_csel, i32 1)" [extr_.linuxdriversmediadvb-frontendsmb86a16.c_smrt_info_get_with_main.c:65]   --->   Operation 56 'write' <Predicate = (!icmp_ln18 & !icmp_ln20 & !icmp_ln22 & !icmp_ln24 & !icmp_ln26 & !icmp_ln28 & !icmp_ln30 & !icmp_ln32 & !icmp_ln34 & !icmp_ln36 & !icmp_ln38 & !icmp_ln40 & !icmp_ln42 & !icmp_ln44 & !icmp_ln46 & !icmp_ln48 & !icmp_ln50 & !icmp_ln52 & !icmp_ln54 & !icmp_ln56 & !icmp_ln58 & !icmp_ln60)> <Delay = 0.00>
ST_1 : Operation 57 [1/1] (0.00ns)   --->   "call void @_ssdm_op_Write.ap_auto.i32P(i32* %state_rsel, i32 %zext_ln62)" [extr_.linuxdriversmediadvb-frontendsmb86a16.c_smrt_info_get_with_main.c:63]   --->   Operation 57 'write' <Predicate = (!icmp_ln18 & !icmp_ln20 & !icmp_ln22 & !icmp_ln24 & !icmp_ln26 & !icmp_ln28 & !icmp_ln30 & !icmp_ln32 & !icmp_ln34 & !icmp_ln36 & !icmp_ln38 & !icmp_ln40 & !icmp_ln42 & !icmp_ln44 & !icmp_ln46 & !icmp_ln48 & !icmp_ln50 & !icmp_ln52 & !icmp_ln54 & !icmp_ln56 & !icmp_ln58 & !icmp_ln60)> <Delay = 0.00>
ST_1 : Operation 58 [1/1] (1.06ns)   --->   "br label %45"   --->   Operation 58 'br' <Predicate = (!icmp_ln18 & !icmp_ln20 & !icmp_ln22 & !icmp_ln24 & !icmp_ln26 & !icmp_ln28 & !icmp_ln30 & !icmp_ln32 & !icmp_ln34 & !icmp_ln36 & !icmp_ln38 & !icmp_ln40 & !icmp_ln42 & !icmp_ln44 & !icmp_ln46 & !icmp_ln48 & !icmp_ln50 & !icmp_ln52 & !icmp_ln54 & !icmp_ln56 & !icmp_ln58 & !icmp_ln60)> <Delay = 1.06>
ST_1 : Operation 59 [1/1] (0.00ns)   --->   "call void @_ssdm_op_Write.ap_auto.i32P(i32* %state_deci, i32 5)" [extr_.linuxdriversmediadvb-frontendsmb86a16.c_smrt_info_get_with_main.c:61]   --->   Operation 59 'write' <Predicate = (!icmp_ln18 & !icmp_ln20 & !icmp_ln22 & !icmp_ln24 & !icmp_ln26 & !icmp_ln28 & !icmp_ln30 & !icmp_ln32 & !icmp_ln34 & !icmp_ln36 & !icmp_ln38 & !icmp_ln40 & !icmp_ln42 & !icmp_ln44 & !icmp_ln46 & !icmp_ln48 & !icmp_ln50 & !icmp_ln52 & !icmp_ln54 & !icmp_ln56 & !icmp_ln58 & icmp_ln60)> <Delay = 0.00>
ST_1 : Operation 60 [1/1] (0.00ns)   --->   "call void @_ssdm_op_Write.ap_auto.i32P(i32* %state_csel, i32 0)" [extr_.linuxdriversmediadvb-frontendsmb86a16.c_smrt_info_get_with_main.c:61]   --->   Operation 60 'write' <Predicate = (!icmp_ln18 & !icmp_ln20 & !icmp_ln22 & !icmp_ln24 & !icmp_ln26 & !icmp_ln28 & !icmp_ln30 & !icmp_ln32 & !icmp_ln34 & !icmp_ln36 & !icmp_ln38 & !icmp_ln40 & !icmp_ln42 & !icmp_ln44 & !icmp_ln46 & !icmp_ln48 & !icmp_ln50 & !icmp_ln52 & !icmp_ln54 & !icmp_ln56 & !icmp_ln58 & icmp_ln60)> <Delay = 0.00>
ST_1 : Operation 61 [1/1] (0.00ns)   --->   "call void @_ssdm_op_Write.ap_auto.i32P(i32* %state_rsel, i32 1)" [extr_.linuxdriversmediadvb-frontendsmb86a16.c_smrt_info_get_with_main.c:61]   --->   Operation 61 'write' <Predicate = (!icmp_ln18 & !icmp_ln20 & !icmp_ln22 & !icmp_ln24 & !icmp_ln26 & !icmp_ln28 & !icmp_ln30 & !icmp_ln32 & !icmp_ln34 & !icmp_ln36 & !icmp_ln38 & !icmp_ln40 & !icmp_ln42 & !icmp_ln44 & !icmp_ln46 & !icmp_ln48 & !icmp_ln50 & !icmp_ln52 & !icmp_ln54 & !icmp_ln56 & !icmp_ln58 & icmp_ln60)> <Delay = 0.00>
ST_1 : Operation 62 [1/1] (1.06ns)   --->   "br label %45" [extr_.linuxdriversmediadvb-frontendsmb86a16.c_smrt_info_get_with_main.c:62]   --->   Operation 62 'br' <Predicate = (!icmp_ln18 & !icmp_ln20 & !icmp_ln22 & !icmp_ln24 & !icmp_ln26 & !icmp_ln28 & !icmp_ln30 & !icmp_ln32 & !icmp_ln34 & !icmp_ln36 & !icmp_ln38 & !icmp_ln40 & !icmp_ln42 & !icmp_ln44 & !icmp_ln46 & !icmp_ln48 & !icmp_ln50 & !icmp_ln52 & !icmp_ln54 & !icmp_ln56 & !icmp_ln58 & icmp_ln60)> <Delay = 1.06>
ST_1 : Operation 63 [1/1] (0.00ns)   --->   "call void @_ssdm_op_Write.ap_auto.i32P(i32* %state_deci, i32 5)" [extr_.linuxdriversmediadvb-frontendsmb86a16.c_smrt_info_get_with_main.c:59]   --->   Operation 63 'write' <Predicate = (!icmp_ln18 & !icmp_ln20 & !icmp_ln22 & !icmp_ln24 & !icmp_ln26 & !icmp_ln28 & !icmp_ln30 & !icmp_ln32 & !icmp_ln34 & !icmp_ln36 & !icmp_ln38 & !icmp_ln40 & !icmp_ln42 & !icmp_ln44 & !icmp_ln46 & !icmp_ln48 & !icmp_ln50 & !icmp_ln52 & !icmp_ln54 & !icmp_ln56 & icmp_ln58)> <Delay = 0.00>
ST_1 : Operation 64 [1/1] (0.00ns)   --->   "call void @_ssdm_op_Write.ap_auto.i32P(i32* %state_csel, i32 0)" [extr_.linuxdriversmediadvb-frontendsmb86a16.c_smrt_info_get_with_main.c:59]   --->   Operation 64 'write' <Predicate = (!icmp_ln18 & !icmp_ln20 & !icmp_ln22 & !icmp_ln24 & !icmp_ln26 & !icmp_ln28 & !icmp_ln30 & !icmp_ln32 & !icmp_ln34 & !icmp_ln36 & !icmp_ln38 & !icmp_ln40 & !icmp_ln42 & !icmp_ln44 & !icmp_ln46 & !icmp_ln48 & !icmp_ln50 & !icmp_ln52 & !icmp_ln54 & !icmp_ln56 & icmp_ln58)> <Delay = 0.00>
ST_1 : Operation 65 [1/1] (0.00ns)   --->   "call void @_ssdm_op_Write.ap_auto.i32P(i32* %state_rsel, i32 0)" [extr_.linuxdriversmediadvb-frontendsmb86a16.c_smrt_info_get_with_main.c:59]   --->   Operation 65 'write' <Predicate = (!icmp_ln18 & !icmp_ln20 & !icmp_ln22 & !icmp_ln24 & !icmp_ln26 & !icmp_ln28 & !icmp_ln30 & !icmp_ln32 & !icmp_ln34 & !icmp_ln36 & !icmp_ln38 & !icmp_ln40 & !icmp_ln42 & !icmp_ln44 & !icmp_ln46 & !icmp_ln48 & !icmp_ln50 & !icmp_ln52 & !icmp_ln54 & !icmp_ln56 & icmp_ln58)> <Delay = 0.00>
ST_1 : Operation 66 [1/1] (1.06ns)   --->   "br label %45" [extr_.linuxdriversmediadvb-frontendsmb86a16.c_smrt_info_get_with_main.c:60]   --->   Operation 66 'br' <Predicate = (!icmp_ln18 & !icmp_ln20 & !icmp_ln22 & !icmp_ln24 & !icmp_ln26 & !icmp_ln28 & !icmp_ln30 & !icmp_ln32 & !icmp_ln34 & !icmp_ln36 & !icmp_ln38 & !icmp_ln40 & !icmp_ln42 & !icmp_ln44 & !icmp_ln46 & !icmp_ln48 & !icmp_ln50 & !icmp_ln52 & !icmp_ln54 & !icmp_ln56 & icmp_ln58)> <Delay = 1.06>
ST_1 : Operation 67 [1/1] (0.00ns)   --->   "call void @_ssdm_op_Write.ap_auto.i32P(i32* %state_deci, i32 4)" [extr_.linuxdriversmediadvb-frontendsmb86a16.c_smrt_info_get_with_main.c:57]   --->   Operation 67 'write' <Predicate = (!icmp_ln18 & !icmp_ln20 & !icmp_ln22 & !icmp_ln24 & !icmp_ln26 & !icmp_ln28 & !icmp_ln30 & !icmp_ln32 & !icmp_ln34 & !icmp_ln36 & !icmp_ln38 & !icmp_ln40 & !icmp_ln42 & !icmp_ln44 & !icmp_ln46 & !icmp_ln48 & !icmp_ln50 & !icmp_ln52 & !icmp_ln54 & icmp_ln56)> <Delay = 0.00>
ST_1 : Operation 68 [1/1] (0.00ns)   --->   "call void @_ssdm_op_Write.ap_auto.i32P(i32* %state_csel, i32 1)" [extr_.linuxdriversmediadvb-frontendsmb86a16.c_smrt_info_get_with_main.c:57]   --->   Operation 68 'write' <Predicate = (!icmp_ln18 & !icmp_ln20 & !icmp_ln22 & !icmp_ln24 & !icmp_ln26 & !icmp_ln28 & !icmp_ln30 & !icmp_ln32 & !icmp_ln34 & !icmp_ln36 & !icmp_ln38 & !icmp_ln40 & !icmp_ln42 & !icmp_ln44 & !icmp_ln46 & !icmp_ln48 & !icmp_ln50 & !icmp_ln52 & !icmp_ln54 & icmp_ln56)> <Delay = 0.00>
ST_1 : Operation 69 [1/1] (0.00ns)   --->   "call void @_ssdm_op_Write.ap_auto.i32P(i32* %state_rsel, i32 1)" [extr_.linuxdriversmediadvb-frontendsmb86a16.c_smrt_info_get_with_main.c:57]   --->   Operation 69 'write' <Predicate = (!icmp_ln18 & !icmp_ln20 & !icmp_ln22 & !icmp_ln24 & !icmp_ln26 & !icmp_ln28 & !icmp_ln30 & !icmp_ln32 & !icmp_ln34 & !icmp_ln36 & !icmp_ln38 & !icmp_ln40 & !icmp_ln42 & !icmp_ln44 & !icmp_ln46 & !icmp_ln48 & !icmp_ln50 & !icmp_ln52 & !icmp_ln54 & icmp_ln56)> <Delay = 0.00>
ST_1 : Operation 70 [1/1] (1.06ns)   --->   "br label %45" [extr_.linuxdriversmediadvb-frontendsmb86a16.c_smrt_info_get_with_main.c:58]   --->   Operation 70 'br' <Predicate = (!icmp_ln18 & !icmp_ln20 & !icmp_ln22 & !icmp_ln24 & !icmp_ln26 & !icmp_ln28 & !icmp_ln30 & !icmp_ln32 & !icmp_ln34 & !icmp_ln36 & !icmp_ln38 & !icmp_ln40 & !icmp_ln42 & !icmp_ln44 & !icmp_ln46 & !icmp_ln48 & !icmp_ln50 & !icmp_ln52 & !icmp_ln54 & icmp_ln56)> <Delay = 1.06>
ST_1 : Operation 71 [1/1] (0.00ns)   --->   "call void @_ssdm_op_Write.ap_auto.i32P(i32* %state_deci, i32 4)" [extr_.linuxdriversmediadvb-frontendsmb86a16.c_smrt_info_get_with_main.c:55]   --->   Operation 71 'write' <Predicate = (!icmp_ln18 & !icmp_ln20 & !icmp_ln22 & !icmp_ln24 & !icmp_ln26 & !icmp_ln28 & !icmp_ln30 & !icmp_ln32 & !icmp_ln34 & !icmp_ln36 & !icmp_ln38 & !icmp_ln40 & !icmp_ln42 & !icmp_ln44 & !icmp_ln46 & !icmp_ln48 & !icmp_ln50 & !icmp_ln52 & icmp_ln54)> <Delay = 0.00>
ST_1 : Operation 72 [1/1] (0.00ns)   --->   "call void @_ssdm_op_Write.ap_auto.i32P(i32* %state_csel, i32 1)" [extr_.linuxdriversmediadvb-frontendsmb86a16.c_smrt_info_get_with_main.c:55]   --->   Operation 72 'write' <Predicate = (!icmp_ln18 & !icmp_ln20 & !icmp_ln22 & !icmp_ln24 & !icmp_ln26 & !icmp_ln28 & !icmp_ln30 & !icmp_ln32 & !icmp_ln34 & !icmp_ln36 & !icmp_ln38 & !icmp_ln40 & !icmp_ln42 & !icmp_ln44 & !icmp_ln46 & !icmp_ln48 & !icmp_ln50 & !icmp_ln52 & icmp_ln54)> <Delay = 0.00>
ST_1 : Operation 73 [1/1] (0.00ns)   --->   "call void @_ssdm_op_Write.ap_auto.i32P(i32* %state_rsel, i32 0)" [extr_.linuxdriversmediadvb-frontendsmb86a16.c_smrt_info_get_with_main.c:55]   --->   Operation 73 'write' <Predicate = (!icmp_ln18 & !icmp_ln20 & !icmp_ln22 & !icmp_ln24 & !icmp_ln26 & !icmp_ln28 & !icmp_ln30 & !icmp_ln32 & !icmp_ln34 & !icmp_ln36 & !icmp_ln38 & !icmp_ln40 & !icmp_ln42 & !icmp_ln44 & !icmp_ln46 & !icmp_ln48 & !icmp_ln50 & !icmp_ln52 & icmp_ln54)> <Delay = 0.00>
ST_1 : Operation 74 [1/1] (1.06ns)   --->   "br label %45" [extr_.linuxdriversmediadvb-frontendsmb86a16.c_smrt_info_get_with_main.c:56]   --->   Operation 74 'br' <Predicate = (!icmp_ln18 & !icmp_ln20 & !icmp_ln22 & !icmp_ln24 & !icmp_ln26 & !icmp_ln28 & !icmp_ln30 & !icmp_ln32 & !icmp_ln34 & !icmp_ln36 & !icmp_ln38 & !icmp_ln40 & !icmp_ln42 & !icmp_ln44 & !icmp_ln46 & !icmp_ln48 & !icmp_ln50 & !icmp_ln52 & icmp_ln54)> <Delay = 1.06>
ST_1 : Operation 75 [1/1] (0.00ns)   --->   "call void @_ssdm_op_Write.ap_auto.i32P(i32* %state_deci, i32 4)" [extr_.linuxdriversmediadvb-frontendsmb86a16.c_smrt_info_get_with_main.c:53]   --->   Operation 75 'write' <Predicate = (!icmp_ln18 & !icmp_ln20 & !icmp_ln22 & !icmp_ln24 & !icmp_ln26 & !icmp_ln28 & !icmp_ln30 & !icmp_ln32 & !icmp_ln34 & !icmp_ln36 & !icmp_ln38 & !icmp_ln40 & !icmp_ln42 & !icmp_ln44 & !icmp_ln46 & !icmp_ln48 & !icmp_ln50 & icmp_ln52)> <Delay = 0.00>
ST_1 : Operation 76 [1/1] (0.00ns)   --->   "call void @_ssdm_op_Write.ap_auto.i32P(i32* %state_csel, i32 0)" [extr_.linuxdriversmediadvb-frontendsmb86a16.c_smrt_info_get_with_main.c:53]   --->   Operation 76 'write' <Predicate = (!icmp_ln18 & !icmp_ln20 & !icmp_ln22 & !icmp_ln24 & !icmp_ln26 & !icmp_ln28 & !icmp_ln30 & !icmp_ln32 & !icmp_ln34 & !icmp_ln36 & !icmp_ln38 & !icmp_ln40 & !icmp_ln42 & !icmp_ln44 & !icmp_ln46 & !icmp_ln48 & !icmp_ln50 & icmp_ln52)> <Delay = 0.00>
ST_1 : Operation 77 [1/1] (0.00ns)   --->   "call void @_ssdm_op_Write.ap_auto.i32P(i32* %state_rsel, i32 1)" [extr_.linuxdriversmediadvb-frontendsmb86a16.c_smrt_info_get_with_main.c:53]   --->   Operation 77 'write' <Predicate = (!icmp_ln18 & !icmp_ln20 & !icmp_ln22 & !icmp_ln24 & !icmp_ln26 & !icmp_ln28 & !icmp_ln30 & !icmp_ln32 & !icmp_ln34 & !icmp_ln36 & !icmp_ln38 & !icmp_ln40 & !icmp_ln42 & !icmp_ln44 & !icmp_ln46 & !icmp_ln48 & !icmp_ln50 & icmp_ln52)> <Delay = 0.00>
ST_1 : Operation 78 [1/1] (1.06ns)   --->   "br label %45" [extr_.linuxdriversmediadvb-frontendsmb86a16.c_smrt_info_get_with_main.c:54]   --->   Operation 78 'br' <Predicate = (!icmp_ln18 & !icmp_ln20 & !icmp_ln22 & !icmp_ln24 & !icmp_ln26 & !icmp_ln28 & !icmp_ln30 & !icmp_ln32 & !icmp_ln34 & !icmp_ln36 & !icmp_ln38 & !icmp_ln40 & !icmp_ln42 & !icmp_ln44 & !icmp_ln46 & !icmp_ln48 & !icmp_ln50 & icmp_ln52)> <Delay = 1.06>
ST_1 : Operation 79 [1/1] (0.00ns)   --->   "call void @_ssdm_op_Write.ap_auto.i32P(i32* %state_deci, i32 4)" [extr_.linuxdriversmediadvb-frontendsmb86a16.c_smrt_info_get_with_main.c:51]   --->   Operation 79 'write' <Predicate = (!icmp_ln18 & !icmp_ln20 & !icmp_ln22 & !icmp_ln24 & !icmp_ln26 & !icmp_ln28 & !icmp_ln30 & !icmp_ln32 & !icmp_ln34 & !icmp_ln36 & !icmp_ln38 & !icmp_ln40 & !icmp_ln42 & !icmp_ln44 & !icmp_ln46 & !icmp_ln48 & icmp_ln50)> <Delay = 0.00>
ST_1 : Operation 80 [1/1] (0.00ns)   --->   "call void @_ssdm_op_Write.ap_auto.i32P(i32* %state_csel, i32 0)" [extr_.linuxdriversmediadvb-frontendsmb86a16.c_smrt_info_get_with_main.c:51]   --->   Operation 80 'write' <Predicate = (!icmp_ln18 & !icmp_ln20 & !icmp_ln22 & !icmp_ln24 & !icmp_ln26 & !icmp_ln28 & !icmp_ln30 & !icmp_ln32 & !icmp_ln34 & !icmp_ln36 & !icmp_ln38 & !icmp_ln40 & !icmp_ln42 & !icmp_ln44 & !icmp_ln46 & !icmp_ln48 & icmp_ln50)> <Delay = 0.00>
ST_1 : Operation 81 [1/1] (0.00ns)   --->   "call void @_ssdm_op_Write.ap_auto.i32P(i32* %state_rsel, i32 0)" [extr_.linuxdriversmediadvb-frontendsmb86a16.c_smrt_info_get_with_main.c:51]   --->   Operation 81 'write' <Predicate = (!icmp_ln18 & !icmp_ln20 & !icmp_ln22 & !icmp_ln24 & !icmp_ln26 & !icmp_ln28 & !icmp_ln30 & !icmp_ln32 & !icmp_ln34 & !icmp_ln36 & !icmp_ln38 & !icmp_ln40 & !icmp_ln42 & !icmp_ln44 & !icmp_ln46 & !icmp_ln48 & icmp_ln50)> <Delay = 0.00>
ST_1 : Operation 82 [1/1] (1.06ns)   --->   "br label %45" [extr_.linuxdriversmediadvb-frontendsmb86a16.c_smrt_info_get_with_main.c:52]   --->   Operation 82 'br' <Predicate = (!icmp_ln18 & !icmp_ln20 & !icmp_ln22 & !icmp_ln24 & !icmp_ln26 & !icmp_ln28 & !icmp_ln30 & !icmp_ln32 & !icmp_ln34 & !icmp_ln36 & !icmp_ln38 & !icmp_ln40 & !icmp_ln42 & !icmp_ln44 & !icmp_ln46 & !icmp_ln48 & icmp_ln50)> <Delay = 1.06>
ST_1 : Operation 83 [1/1] (0.00ns)   --->   "call void @_ssdm_op_Write.ap_auto.i32P(i32* %state_deci, i32 3)" [extr_.linuxdriversmediadvb-frontendsmb86a16.c_smrt_info_get_with_main.c:49]   --->   Operation 83 'write' <Predicate = (!icmp_ln18 & !icmp_ln20 & !icmp_ln22 & !icmp_ln24 & !icmp_ln26 & !icmp_ln28 & !icmp_ln30 & !icmp_ln32 & !icmp_ln34 & !icmp_ln36 & !icmp_ln38 & !icmp_ln40 & !icmp_ln42 & !icmp_ln44 & !icmp_ln46 & icmp_ln48)> <Delay = 0.00>
ST_1 : Operation 84 [1/1] (0.00ns)   --->   "call void @_ssdm_op_Write.ap_auto.i32P(i32* %state_csel, i32 1)" [extr_.linuxdriversmediadvb-frontendsmb86a16.c_smrt_info_get_with_main.c:49]   --->   Operation 84 'write' <Predicate = (!icmp_ln18 & !icmp_ln20 & !icmp_ln22 & !icmp_ln24 & !icmp_ln26 & !icmp_ln28 & !icmp_ln30 & !icmp_ln32 & !icmp_ln34 & !icmp_ln36 & !icmp_ln38 & !icmp_ln40 & !icmp_ln42 & !icmp_ln44 & !icmp_ln46 & icmp_ln48)> <Delay = 0.00>
ST_1 : Operation 85 [1/1] (0.00ns)   --->   "call void @_ssdm_op_Write.ap_auto.i32P(i32* %state_rsel, i32 1)" [extr_.linuxdriversmediadvb-frontendsmb86a16.c_smrt_info_get_with_main.c:49]   --->   Operation 85 'write' <Predicate = (!icmp_ln18 & !icmp_ln20 & !icmp_ln22 & !icmp_ln24 & !icmp_ln26 & !icmp_ln28 & !icmp_ln30 & !icmp_ln32 & !icmp_ln34 & !icmp_ln36 & !icmp_ln38 & !icmp_ln40 & !icmp_ln42 & !icmp_ln44 & !icmp_ln46 & icmp_ln48)> <Delay = 0.00>
ST_1 : Operation 86 [1/1] (1.06ns)   --->   "br label %45" [extr_.linuxdriversmediadvb-frontendsmb86a16.c_smrt_info_get_with_main.c:50]   --->   Operation 86 'br' <Predicate = (!icmp_ln18 & !icmp_ln20 & !icmp_ln22 & !icmp_ln24 & !icmp_ln26 & !icmp_ln28 & !icmp_ln30 & !icmp_ln32 & !icmp_ln34 & !icmp_ln36 & !icmp_ln38 & !icmp_ln40 & !icmp_ln42 & !icmp_ln44 & !icmp_ln46 & icmp_ln48)> <Delay = 1.06>
ST_1 : Operation 87 [1/1] (0.00ns)   --->   "call void @_ssdm_op_Write.ap_auto.i32P(i32* %state_deci, i32 3)" [extr_.linuxdriversmediadvb-frontendsmb86a16.c_smrt_info_get_with_main.c:47]   --->   Operation 87 'write' <Predicate = (!icmp_ln18 & !icmp_ln20 & !icmp_ln22 & !icmp_ln24 & !icmp_ln26 & !icmp_ln28 & !icmp_ln30 & !icmp_ln32 & !icmp_ln34 & !icmp_ln36 & !icmp_ln38 & !icmp_ln40 & !icmp_ln42 & !icmp_ln44 & icmp_ln46)> <Delay = 0.00>
ST_1 : Operation 88 [1/1] (0.00ns)   --->   "call void @_ssdm_op_Write.ap_auto.i32P(i32* %state_csel, i32 1)" [extr_.linuxdriversmediadvb-frontendsmb86a16.c_smrt_info_get_with_main.c:47]   --->   Operation 88 'write' <Predicate = (!icmp_ln18 & !icmp_ln20 & !icmp_ln22 & !icmp_ln24 & !icmp_ln26 & !icmp_ln28 & !icmp_ln30 & !icmp_ln32 & !icmp_ln34 & !icmp_ln36 & !icmp_ln38 & !icmp_ln40 & !icmp_ln42 & !icmp_ln44 & icmp_ln46)> <Delay = 0.00>
ST_1 : Operation 89 [1/1] (0.00ns)   --->   "call void @_ssdm_op_Write.ap_auto.i32P(i32* %state_rsel, i32 0)" [extr_.linuxdriversmediadvb-frontendsmb86a16.c_smrt_info_get_with_main.c:47]   --->   Operation 89 'write' <Predicate = (!icmp_ln18 & !icmp_ln20 & !icmp_ln22 & !icmp_ln24 & !icmp_ln26 & !icmp_ln28 & !icmp_ln30 & !icmp_ln32 & !icmp_ln34 & !icmp_ln36 & !icmp_ln38 & !icmp_ln40 & !icmp_ln42 & !icmp_ln44 & icmp_ln46)> <Delay = 0.00>
ST_1 : Operation 90 [1/1] (1.06ns)   --->   "br label %45" [extr_.linuxdriversmediadvb-frontendsmb86a16.c_smrt_info_get_with_main.c:48]   --->   Operation 90 'br' <Predicate = (!icmp_ln18 & !icmp_ln20 & !icmp_ln22 & !icmp_ln24 & !icmp_ln26 & !icmp_ln28 & !icmp_ln30 & !icmp_ln32 & !icmp_ln34 & !icmp_ln36 & !icmp_ln38 & !icmp_ln40 & !icmp_ln42 & !icmp_ln44 & icmp_ln46)> <Delay = 1.06>
ST_1 : Operation 91 [1/1] (0.00ns)   --->   "call void @_ssdm_op_Write.ap_auto.i32P(i32* %state_deci, i32 3)" [extr_.linuxdriversmediadvb-frontendsmb86a16.c_smrt_info_get_with_main.c:45]   --->   Operation 91 'write' <Predicate = (!icmp_ln18 & !icmp_ln20 & !icmp_ln22 & !icmp_ln24 & !icmp_ln26 & !icmp_ln28 & !icmp_ln30 & !icmp_ln32 & !icmp_ln34 & !icmp_ln36 & !icmp_ln38 & !icmp_ln40 & !icmp_ln42 & icmp_ln44)> <Delay = 0.00>
ST_1 : Operation 92 [1/1] (0.00ns)   --->   "call void @_ssdm_op_Write.ap_auto.i32P(i32* %state_csel, i32 0)" [extr_.linuxdriversmediadvb-frontendsmb86a16.c_smrt_info_get_with_main.c:45]   --->   Operation 92 'write' <Predicate = (!icmp_ln18 & !icmp_ln20 & !icmp_ln22 & !icmp_ln24 & !icmp_ln26 & !icmp_ln28 & !icmp_ln30 & !icmp_ln32 & !icmp_ln34 & !icmp_ln36 & !icmp_ln38 & !icmp_ln40 & !icmp_ln42 & icmp_ln44)> <Delay = 0.00>
ST_1 : Operation 93 [1/1] (0.00ns)   --->   "call void @_ssdm_op_Write.ap_auto.i32P(i32* %state_rsel, i32 1)" [extr_.linuxdriversmediadvb-frontendsmb86a16.c_smrt_info_get_with_main.c:45]   --->   Operation 93 'write' <Predicate = (!icmp_ln18 & !icmp_ln20 & !icmp_ln22 & !icmp_ln24 & !icmp_ln26 & !icmp_ln28 & !icmp_ln30 & !icmp_ln32 & !icmp_ln34 & !icmp_ln36 & !icmp_ln38 & !icmp_ln40 & !icmp_ln42 & icmp_ln44)> <Delay = 0.00>
ST_1 : Operation 94 [1/1] (1.06ns)   --->   "br label %45" [extr_.linuxdriversmediadvb-frontendsmb86a16.c_smrt_info_get_with_main.c:46]   --->   Operation 94 'br' <Predicate = (!icmp_ln18 & !icmp_ln20 & !icmp_ln22 & !icmp_ln24 & !icmp_ln26 & !icmp_ln28 & !icmp_ln30 & !icmp_ln32 & !icmp_ln34 & !icmp_ln36 & !icmp_ln38 & !icmp_ln40 & !icmp_ln42 & icmp_ln44)> <Delay = 1.06>
ST_1 : Operation 95 [1/1] (0.00ns)   --->   "call void @_ssdm_op_Write.ap_auto.i32P(i32* %state_deci, i32 3)" [extr_.linuxdriversmediadvb-frontendsmb86a16.c_smrt_info_get_with_main.c:43]   --->   Operation 95 'write' <Predicate = (!icmp_ln18 & !icmp_ln20 & !icmp_ln22 & !icmp_ln24 & !icmp_ln26 & !icmp_ln28 & !icmp_ln30 & !icmp_ln32 & !icmp_ln34 & !icmp_ln36 & !icmp_ln38 & !icmp_ln40 & icmp_ln42)> <Delay = 0.00>
ST_1 : Operation 96 [1/1] (0.00ns)   --->   "call void @_ssdm_op_Write.ap_auto.i32P(i32* %state_csel, i32 0)" [extr_.linuxdriversmediadvb-frontendsmb86a16.c_smrt_info_get_with_main.c:43]   --->   Operation 96 'write' <Predicate = (!icmp_ln18 & !icmp_ln20 & !icmp_ln22 & !icmp_ln24 & !icmp_ln26 & !icmp_ln28 & !icmp_ln30 & !icmp_ln32 & !icmp_ln34 & !icmp_ln36 & !icmp_ln38 & !icmp_ln40 & icmp_ln42)> <Delay = 0.00>
ST_1 : Operation 97 [1/1] (0.00ns)   --->   "call void @_ssdm_op_Write.ap_auto.i32P(i32* %state_rsel, i32 0)" [extr_.linuxdriversmediadvb-frontendsmb86a16.c_smrt_info_get_with_main.c:43]   --->   Operation 97 'write' <Predicate = (!icmp_ln18 & !icmp_ln20 & !icmp_ln22 & !icmp_ln24 & !icmp_ln26 & !icmp_ln28 & !icmp_ln30 & !icmp_ln32 & !icmp_ln34 & !icmp_ln36 & !icmp_ln38 & !icmp_ln40 & icmp_ln42)> <Delay = 0.00>
ST_1 : Operation 98 [1/1] (1.06ns)   --->   "br label %45" [extr_.linuxdriversmediadvb-frontendsmb86a16.c_smrt_info_get_with_main.c:44]   --->   Operation 98 'br' <Predicate = (!icmp_ln18 & !icmp_ln20 & !icmp_ln22 & !icmp_ln24 & !icmp_ln26 & !icmp_ln28 & !icmp_ln30 & !icmp_ln32 & !icmp_ln34 & !icmp_ln36 & !icmp_ln38 & !icmp_ln40 & icmp_ln42)> <Delay = 1.06>
ST_1 : Operation 99 [1/1] (0.00ns)   --->   "call void @_ssdm_op_Write.ap_auto.i32P(i32* %state_deci, i32 2)" [extr_.linuxdriversmediadvb-frontendsmb86a16.c_smrt_info_get_with_main.c:41]   --->   Operation 99 'write' <Predicate = (!icmp_ln18 & !icmp_ln20 & !icmp_ln22 & !icmp_ln24 & !icmp_ln26 & !icmp_ln28 & !icmp_ln30 & !icmp_ln32 & !icmp_ln34 & !icmp_ln36 & !icmp_ln38 & icmp_ln40)> <Delay = 0.00>
ST_1 : Operation 100 [1/1] (0.00ns)   --->   "call void @_ssdm_op_Write.ap_auto.i32P(i32* %state_csel, i32 1)" [extr_.linuxdriversmediadvb-frontendsmb86a16.c_smrt_info_get_with_main.c:41]   --->   Operation 100 'write' <Predicate = (!icmp_ln18 & !icmp_ln20 & !icmp_ln22 & !icmp_ln24 & !icmp_ln26 & !icmp_ln28 & !icmp_ln30 & !icmp_ln32 & !icmp_ln34 & !icmp_ln36 & !icmp_ln38 & icmp_ln40)> <Delay = 0.00>
ST_1 : Operation 101 [1/1] (0.00ns)   --->   "call void @_ssdm_op_Write.ap_auto.i32P(i32* %state_rsel, i32 1)" [extr_.linuxdriversmediadvb-frontendsmb86a16.c_smrt_info_get_with_main.c:41]   --->   Operation 101 'write' <Predicate = (!icmp_ln18 & !icmp_ln20 & !icmp_ln22 & !icmp_ln24 & !icmp_ln26 & !icmp_ln28 & !icmp_ln30 & !icmp_ln32 & !icmp_ln34 & !icmp_ln36 & !icmp_ln38 & icmp_ln40)> <Delay = 0.00>
ST_1 : Operation 102 [1/1] (1.06ns)   --->   "br label %45" [extr_.linuxdriversmediadvb-frontendsmb86a16.c_smrt_info_get_with_main.c:42]   --->   Operation 102 'br' <Predicate = (!icmp_ln18 & !icmp_ln20 & !icmp_ln22 & !icmp_ln24 & !icmp_ln26 & !icmp_ln28 & !icmp_ln30 & !icmp_ln32 & !icmp_ln34 & !icmp_ln36 & !icmp_ln38 & icmp_ln40)> <Delay = 1.06>
ST_1 : Operation 103 [1/1] (0.00ns)   --->   "call void @_ssdm_op_Write.ap_auto.i32P(i32* %state_deci, i32 2)" [extr_.linuxdriversmediadvb-frontendsmb86a16.c_smrt_info_get_with_main.c:39]   --->   Operation 103 'write' <Predicate = (!icmp_ln18 & !icmp_ln20 & !icmp_ln22 & !icmp_ln24 & !icmp_ln26 & !icmp_ln28 & !icmp_ln30 & !icmp_ln32 & !icmp_ln34 & !icmp_ln36 & icmp_ln38)> <Delay = 0.00>
ST_1 : Operation 104 [1/1] (0.00ns)   --->   "call void @_ssdm_op_Write.ap_auto.i32P(i32* %state_csel, i32 1)" [extr_.linuxdriversmediadvb-frontendsmb86a16.c_smrt_info_get_with_main.c:39]   --->   Operation 104 'write' <Predicate = (!icmp_ln18 & !icmp_ln20 & !icmp_ln22 & !icmp_ln24 & !icmp_ln26 & !icmp_ln28 & !icmp_ln30 & !icmp_ln32 & !icmp_ln34 & !icmp_ln36 & icmp_ln38)> <Delay = 0.00>
ST_1 : Operation 105 [1/1] (0.00ns)   --->   "call void @_ssdm_op_Write.ap_auto.i32P(i32* %state_rsel, i32 0)" [extr_.linuxdriversmediadvb-frontendsmb86a16.c_smrt_info_get_with_main.c:39]   --->   Operation 105 'write' <Predicate = (!icmp_ln18 & !icmp_ln20 & !icmp_ln22 & !icmp_ln24 & !icmp_ln26 & !icmp_ln28 & !icmp_ln30 & !icmp_ln32 & !icmp_ln34 & !icmp_ln36 & icmp_ln38)> <Delay = 0.00>
ST_1 : Operation 106 [1/1] (1.06ns)   --->   "br label %45" [extr_.linuxdriversmediadvb-frontendsmb86a16.c_smrt_info_get_with_main.c:40]   --->   Operation 106 'br' <Predicate = (!icmp_ln18 & !icmp_ln20 & !icmp_ln22 & !icmp_ln24 & !icmp_ln26 & !icmp_ln28 & !icmp_ln30 & !icmp_ln32 & !icmp_ln34 & !icmp_ln36 & icmp_ln38)> <Delay = 1.06>
ST_1 : Operation 107 [1/1] (0.00ns)   --->   "call void @_ssdm_op_Write.ap_auto.i32P(i32* %state_deci, i32 2)" [extr_.linuxdriversmediadvb-frontendsmb86a16.c_smrt_info_get_with_main.c:37]   --->   Operation 107 'write' <Predicate = (!icmp_ln18 & !icmp_ln20 & !icmp_ln22 & !icmp_ln24 & !icmp_ln26 & !icmp_ln28 & !icmp_ln30 & !icmp_ln32 & !icmp_ln34 & icmp_ln36)> <Delay = 0.00>
ST_1 : Operation 108 [1/1] (0.00ns)   --->   "call void @_ssdm_op_Write.ap_auto.i32P(i32* %state_csel, i32 0)" [extr_.linuxdriversmediadvb-frontendsmb86a16.c_smrt_info_get_with_main.c:37]   --->   Operation 108 'write' <Predicate = (!icmp_ln18 & !icmp_ln20 & !icmp_ln22 & !icmp_ln24 & !icmp_ln26 & !icmp_ln28 & !icmp_ln30 & !icmp_ln32 & !icmp_ln34 & icmp_ln36)> <Delay = 0.00>
ST_1 : Operation 109 [1/1] (0.00ns)   --->   "call void @_ssdm_op_Write.ap_auto.i32P(i32* %state_rsel, i32 1)" [extr_.linuxdriversmediadvb-frontendsmb86a16.c_smrt_info_get_with_main.c:37]   --->   Operation 109 'write' <Predicate = (!icmp_ln18 & !icmp_ln20 & !icmp_ln22 & !icmp_ln24 & !icmp_ln26 & !icmp_ln28 & !icmp_ln30 & !icmp_ln32 & !icmp_ln34 & icmp_ln36)> <Delay = 0.00>
ST_1 : Operation 110 [1/1] (1.06ns)   --->   "br label %45" [extr_.linuxdriversmediadvb-frontendsmb86a16.c_smrt_info_get_with_main.c:38]   --->   Operation 110 'br' <Predicate = (!icmp_ln18 & !icmp_ln20 & !icmp_ln22 & !icmp_ln24 & !icmp_ln26 & !icmp_ln28 & !icmp_ln30 & !icmp_ln32 & !icmp_ln34 & icmp_ln36)> <Delay = 1.06>
ST_1 : Operation 111 [1/1] (0.00ns)   --->   "call void @_ssdm_op_Write.ap_auto.i32P(i32* %state_deci, i32 2)" [extr_.linuxdriversmediadvb-frontendsmb86a16.c_smrt_info_get_with_main.c:35]   --->   Operation 111 'write' <Predicate = (!icmp_ln18 & !icmp_ln20 & !icmp_ln22 & !icmp_ln24 & !icmp_ln26 & !icmp_ln28 & !icmp_ln30 & !icmp_ln32 & icmp_ln34)> <Delay = 0.00>
ST_1 : Operation 112 [1/1] (0.00ns)   --->   "call void @_ssdm_op_Write.ap_auto.i32P(i32* %state_csel, i32 0)" [extr_.linuxdriversmediadvb-frontendsmb86a16.c_smrt_info_get_with_main.c:35]   --->   Operation 112 'write' <Predicate = (!icmp_ln18 & !icmp_ln20 & !icmp_ln22 & !icmp_ln24 & !icmp_ln26 & !icmp_ln28 & !icmp_ln30 & !icmp_ln32 & icmp_ln34)> <Delay = 0.00>
ST_1 : Operation 113 [1/1] (0.00ns)   --->   "call void @_ssdm_op_Write.ap_auto.i32P(i32* %state_rsel, i32 0)" [extr_.linuxdriversmediadvb-frontendsmb86a16.c_smrt_info_get_with_main.c:35]   --->   Operation 113 'write' <Predicate = (!icmp_ln18 & !icmp_ln20 & !icmp_ln22 & !icmp_ln24 & !icmp_ln26 & !icmp_ln28 & !icmp_ln30 & !icmp_ln32 & icmp_ln34)> <Delay = 0.00>
ST_1 : Operation 114 [1/1] (1.06ns)   --->   "br label %45" [extr_.linuxdriversmediadvb-frontendsmb86a16.c_smrt_info_get_with_main.c:36]   --->   Operation 114 'br' <Predicate = (!icmp_ln18 & !icmp_ln20 & !icmp_ln22 & !icmp_ln24 & !icmp_ln26 & !icmp_ln28 & !icmp_ln30 & !icmp_ln32 & icmp_ln34)> <Delay = 1.06>
ST_1 : Operation 115 [1/1] (0.00ns)   --->   "call void @_ssdm_op_Write.ap_auto.i32P(i32* %state_deci, i32 1)" [extr_.linuxdriversmediadvb-frontendsmb86a16.c_smrt_info_get_with_main.c:33]   --->   Operation 115 'write' <Predicate = (!icmp_ln18 & !icmp_ln20 & !icmp_ln22 & !icmp_ln24 & !icmp_ln26 & !icmp_ln28 & !icmp_ln30 & icmp_ln32)> <Delay = 0.00>
ST_1 : Operation 116 [1/1] (0.00ns)   --->   "call void @_ssdm_op_Write.ap_auto.i32P(i32* %state_csel, i32 1)" [extr_.linuxdriversmediadvb-frontendsmb86a16.c_smrt_info_get_with_main.c:33]   --->   Operation 116 'write' <Predicate = (!icmp_ln18 & !icmp_ln20 & !icmp_ln22 & !icmp_ln24 & !icmp_ln26 & !icmp_ln28 & !icmp_ln30 & icmp_ln32)> <Delay = 0.00>
ST_1 : Operation 117 [1/1] (0.00ns)   --->   "call void @_ssdm_op_Write.ap_auto.i32P(i32* %state_rsel, i32 1)" [extr_.linuxdriversmediadvb-frontendsmb86a16.c_smrt_info_get_with_main.c:33]   --->   Operation 117 'write' <Predicate = (!icmp_ln18 & !icmp_ln20 & !icmp_ln22 & !icmp_ln24 & !icmp_ln26 & !icmp_ln28 & !icmp_ln30 & icmp_ln32)> <Delay = 0.00>
ST_1 : Operation 118 [1/1] (1.06ns)   --->   "br label %45" [extr_.linuxdriversmediadvb-frontendsmb86a16.c_smrt_info_get_with_main.c:34]   --->   Operation 118 'br' <Predicate = (!icmp_ln18 & !icmp_ln20 & !icmp_ln22 & !icmp_ln24 & !icmp_ln26 & !icmp_ln28 & !icmp_ln30 & icmp_ln32)> <Delay = 1.06>
ST_1 : Operation 119 [1/1] (0.00ns)   --->   "call void @_ssdm_op_Write.ap_auto.i32P(i32* %state_deci, i32 1)" [extr_.linuxdriversmediadvb-frontendsmb86a16.c_smrt_info_get_with_main.c:31]   --->   Operation 119 'write' <Predicate = (!icmp_ln18 & !icmp_ln20 & !icmp_ln22 & !icmp_ln24 & !icmp_ln26 & !icmp_ln28 & icmp_ln30)> <Delay = 0.00>
ST_1 : Operation 120 [1/1] (0.00ns)   --->   "call void @_ssdm_op_Write.ap_auto.i32P(i32* %state_csel, i32 1)" [extr_.linuxdriversmediadvb-frontendsmb86a16.c_smrt_info_get_with_main.c:31]   --->   Operation 120 'write' <Predicate = (!icmp_ln18 & !icmp_ln20 & !icmp_ln22 & !icmp_ln24 & !icmp_ln26 & !icmp_ln28 & icmp_ln30)> <Delay = 0.00>
ST_1 : Operation 121 [1/1] (0.00ns)   --->   "call void @_ssdm_op_Write.ap_auto.i32P(i32* %state_rsel, i32 0)" [extr_.linuxdriversmediadvb-frontendsmb86a16.c_smrt_info_get_with_main.c:31]   --->   Operation 121 'write' <Predicate = (!icmp_ln18 & !icmp_ln20 & !icmp_ln22 & !icmp_ln24 & !icmp_ln26 & !icmp_ln28 & icmp_ln30)> <Delay = 0.00>
ST_1 : Operation 122 [1/1] (1.06ns)   --->   "br label %45" [extr_.linuxdriversmediadvb-frontendsmb86a16.c_smrt_info_get_with_main.c:32]   --->   Operation 122 'br' <Predicate = (!icmp_ln18 & !icmp_ln20 & !icmp_ln22 & !icmp_ln24 & !icmp_ln26 & !icmp_ln28 & icmp_ln30)> <Delay = 1.06>
ST_1 : Operation 123 [1/1] (0.00ns)   --->   "call void @_ssdm_op_Write.ap_auto.i32P(i32* %state_deci, i32 1)" [extr_.linuxdriversmediadvb-frontendsmb86a16.c_smrt_info_get_with_main.c:29]   --->   Operation 123 'write' <Predicate = (!icmp_ln18 & !icmp_ln20 & !icmp_ln22 & !icmp_ln24 & !icmp_ln26 & icmp_ln28)> <Delay = 0.00>
ST_1 : Operation 124 [1/1] (0.00ns)   --->   "call void @_ssdm_op_Write.ap_auto.i32P(i32* %state_csel, i32 0)" [extr_.linuxdriversmediadvb-frontendsmb86a16.c_smrt_info_get_with_main.c:29]   --->   Operation 124 'write' <Predicate = (!icmp_ln18 & !icmp_ln20 & !icmp_ln22 & !icmp_ln24 & !icmp_ln26 & icmp_ln28)> <Delay = 0.00>
ST_1 : Operation 125 [1/1] (0.00ns)   --->   "call void @_ssdm_op_Write.ap_auto.i32P(i32* %state_rsel, i32 1)" [extr_.linuxdriversmediadvb-frontendsmb86a16.c_smrt_info_get_with_main.c:29]   --->   Operation 125 'write' <Predicate = (!icmp_ln18 & !icmp_ln20 & !icmp_ln22 & !icmp_ln24 & !icmp_ln26 & icmp_ln28)> <Delay = 0.00>
ST_1 : Operation 126 [1/1] (1.06ns)   --->   "br label %45" [extr_.linuxdriversmediadvb-frontendsmb86a16.c_smrt_info_get_with_main.c:30]   --->   Operation 126 'br' <Predicate = (!icmp_ln18 & !icmp_ln20 & !icmp_ln22 & !icmp_ln24 & !icmp_ln26 & icmp_ln28)> <Delay = 1.06>
ST_1 : Operation 127 [1/1] (0.00ns)   --->   "call void @_ssdm_op_Write.ap_auto.i32P(i32* %state_deci, i32 1)" [extr_.linuxdriversmediadvb-frontendsmb86a16.c_smrt_info_get_with_main.c:27]   --->   Operation 127 'write' <Predicate = (!icmp_ln18 & !icmp_ln20 & !icmp_ln22 & !icmp_ln24 & icmp_ln26)> <Delay = 0.00>
ST_1 : Operation 128 [1/1] (0.00ns)   --->   "call void @_ssdm_op_Write.ap_auto.i32P(i32* %state_csel, i32 0)" [extr_.linuxdriversmediadvb-frontendsmb86a16.c_smrt_info_get_with_main.c:27]   --->   Operation 128 'write' <Predicate = (!icmp_ln18 & !icmp_ln20 & !icmp_ln22 & !icmp_ln24 & icmp_ln26)> <Delay = 0.00>
ST_1 : Operation 129 [1/1] (0.00ns)   --->   "call void @_ssdm_op_Write.ap_auto.i32P(i32* %state_rsel, i32 0)" [extr_.linuxdriversmediadvb-frontendsmb86a16.c_smrt_info_get_with_main.c:27]   --->   Operation 129 'write' <Predicate = (!icmp_ln18 & !icmp_ln20 & !icmp_ln22 & !icmp_ln24 & icmp_ln26)> <Delay = 0.00>
ST_1 : Operation 130 [1/1] (1.06ns)   --->   "br label %45" [extr_.linuxdriversmediadvb-frontendsmb86a16.c_smrt_info_get_with_main.c:28]   --->   Operation 130 'br' <Predicate = (!icmp_ln18 & !icmp_ln20 & !icmp_ln22 & !icmp_ln24 & icmp_ln26)> <Delay = 1.06>
ST_1 : Operation 131 [1/1] (0.00ns)   --->   "call void @_ssdm_op_Write.ap_auto.i32P(i32* %state_deci, i32 0)" [extr_.linuxdriversmediadvb-frontendsmb86a16.c_smrt_info_get_with_main.c:25]   --->   Operation 131 'write' <Predicate = (!icmp_ln18 & !icmp_ln20 & !icmp_ln22 & icmp_ln24)> <Delay = 0.00>
ST_1 : Operation 132 [1/1] (0.00ns)   --->   "call void @_ssdm_op_Write.ap_auto.i32P(i32* %state_csel, i32 1)" [extr_.linuxdriversmediadvb-frontendsmb86a16.c_smrt_info_get_with_main.c:25]   --->   Operation 132 'write' <Predicate = (!icmp_ln18 & !icmp_ln20 & !icmp_ln22 & icmp_ln24)> <Delay = 0.00>
ST_1 : Operation 133 [1/1] (0.00ns)   --->   "call void @_ssdm_op_Write.ap_auto.i32P(i32* %state_rsel, i32 1)" [extr_.linuxdriversmediadvb-frontendsmb86a16.c_smrt_info_get_with_main.c:25]   --->   Operation 133 'write' <Predicate = (!icmp_ln18 & !icmp_ln20 & !icmp_ln22 & icmp_ln24)> <Delay = 0.00>
ST_1 : Operation 134 [1/1] (1.06ns)   --->   "br label %45" [extr_.linuxdriversmediadvb-frontendsmb86a16.c_smrt_info_get_with_main.c:26]   --->   Operation 134 'br' <Predicate = (!icmp_ln18 & !icmp_ln20 & !icmp_ln22 & icmp_ln24)> <Delay = 1.06>
ST_1 : Operation 135 [1/1] (0.00ns)   --->   "call void @_ssdm_op_Write.ap_auto.i32P(i32* %state_deci, i32 0)" [extr_.linuxdriversmediadvb-frontendsmb86a16.c_smrt_info_get_with_main.c:23]   --->   Operation 135 'write' <Predicate = (!icmp_ln18 & !icmp_ln20 & icmp_ln22)> <Delay = 0.00>
ST_1 : Operation 136 [1/1] (0.00ns)   --->   "call void @_ssdm_op_Write.ap_auto.i32P(i32* %state_csel, i32 1)" [extr_.linuxdriversmediadvb-frontendsmb86a16.c_smrt_info_get_with_main.c:23]   --->   Operation 136 'write' <Predicate = (!icmp_ln18 & !icmp_ln20 & icmp_ln22)> <Delay = 0.00>
ST_1 : Operation 137 [1/1] (0.00ns)   --->   "call void @_ssdm_op_Write.ap_auto.i32P(i32* %state_rsel, i32 0)" [extr_.linuxdriversmediadvb-frontendsmb86a16.c_smrt_info_get_with_main.c:23]   --->   Operation 137 'write' <Predicate = (!icmp_ln18 & !icmp_ln20 & icmp_ln22)> <Delay = 0.00>
ST_1 : Operation 138 [1/1] (1.06ns)   --->   "br label %45" [extr_.linuxdriversmediadvb-frontendsmb86a16.c_smrt_info_get_with_main.c:24]   --->   Operation 138 'br' <Predicate = (!icmp_ln18 & !icmp_ln20 & icmp_ln22)> <Delay = 1.06>
ST_1 : Operation 139 [1/1] (0.00ns)   --->   "call void @_ssdm_op_Write.ap_auto.i32P(i32* %state_deci, i32 0)" [extr_.linuxdriversmediadvb-frontendsmb86a16.c_smrt_info_get_with_main.c:21]   --->   Operation 139 'write' <Predicate = (!icmp_ln18 & icmp_ln20)> <Delay = 0.00>
ST_1 : Operation 140 [1/1] (0.00ns)   --->   "call void @_ssdm_op_Write.ap_auto.i32P(i32* %state_csel, i32 0)" [extr_.linuxdriversmediadvb-frontendsmb86a16.c_smrt_info_get_with_main.c:21]   --->   Operation 140 'write' <Predicate = (!icmp_ln18 & icmp_ln20)> <Delay = 0.00>
ST_1 : Operation 141 [1/1] (0.00ns)   --->   "call void @_ssdm_op_Write.ap_auto.i32P(i32* %state_rsel, i32 1)" [extr_.linuxdriversmediadvb-frontendsmb86a16.c_smrt_info_get_with_main.c:21]   --->   Operation 141 'write' <Predicate = (!icmp_ln18 & icmp_ln20)> <Delay = 0.00>
ST_1 : Operation 142 [1/1] (1.06ns)   --->   "br label %45" [extr_.linuxdriversmediadvb-frontendsmb86a16.c_smrt_info_get_with_main.c:22]   --->   Operation 142 'br' <Predicate = (!icmp_ln18 & icmp_ln20)> <Delay = 1.06>
ST_1 : Operation 143 [1/1] (0.00ns)   --->   "call void @_ssdm_op_Write.ap_auto.i32P(i32* %state_deci, i32 0)" [extr_.linuxdriversmediadvb-frontendsmb86a16.c_smrt_info_get_with_main.c:19]   --->   Operation 143 'write' <Predicate = (icmp_ln18)> <Delay = 0.00>
ST_1 : Operation 144 [1/1] (0.00ns)   --->   "call void @_ssdm_op_Write.ap_auto.i32P(i32* %state_csel, i32 0)" [extr_.linuxdriversmediadvb-frontendsmb86a16.c_smrt_info_get_with_main.c:19]   --->   Operation 144 'write' <Predicate = (icmp_ln18)> <Delay = 0.00>
ST_1 : Operation 145 [1/1] (0.00ns)   --->   "call void @_ssdm_op_Write.ap_auto.i32P(i32* %state_rsel, i32 0)" [extr_.linuxdriversmediadvb-frontendsmb86a16.c_smrt_info_get_with_main.c:19]   --->   Operation 145 'write' <Predicate = (icmp_ln18)> <Delay = 0.00>
ST_1 : Operation 146 [1/1] (1.06ns)   --->   "br label %45" [extr_.linuxdriversmediadvb-frontendsmb86a16.c_smrt_info_get_with_main.c:20]   --->   Operation 146 'br' <Predicate = (icmp_ln18)> <Delay = 1.06>
ST_1 : Operation 147 [1/1] (0.00ns)   --->   "%phi_ln68 = phi i17 [ -39072, %1 ], [ -39072, %3 ], [ 61333, %5 ], [ 61333, %7 ], [ -39072, %9 ], [ -39072, %11 ], [ 61333, %13 ], [ 61333, %15 ], [ -39072, %17 ], [ -39072, %19 ], [ 61333, %21 ], [ 61333, %23 ], [ -39072, %25 ], [ -39072, %27 ], [ 61333, %29 ], [ 61333, %31 ], [ -39072, %33 ], [ -39072, %35 ], [ 61333, %37 ], [ 61333, %39 ], [ -39072, %41 ], [ 61333, %44 ], [ -39072, %43 ]"   --->   Operation 147 'phi' 'phi_ln68' <Predicate = true> <Delay = 0.00>
ST_1 : Operation 148 [1/1] (0.00ns)   --->   "%zext_ln69 = zext i17 %phi_ln68 to i32" [extr_.linuxdriversmediadvb-frontendsmb86a16.c_smrt_info_get_with_main.c:69]   --->   Operation 148 'zext' 'zext_ln69' <Predicate = true> <Delay = 0.00>
ST_1 : Operation 149 [1/1] (0.00ns)   --->   "call void @_ssdm_op_Write.ap_auto.i32P(i32* %state_master_clk, i32 %zext_ln69)" [extr_.linuxdriversmediadvb-frontendsmb86a16.c_smrt_info_get_with_main.c:69]   --->   Operation 149 'write' <Predicate = true> <Delay = 0.00>
ST_1 : Operation 150 [1/1] (0.00ns)   --->   "ret void" [extr_.linuxdriversmediadvb-frontendsmb86a16.c_smrt_info_get_with_main.c:73]   --->   Operation 150 'ret' <Predicate = true> <Delay = 0.00>


============================================================
+ Verbose Summary: Timing violations
============================================================
Target clock period: 10ns, clock uncertainty: 1.25ns.

 <State 1>: 1.55ns
The critical path consists of the following:
	wire read on port 'rate' (extr_.linuxdriversmediadvb-frontendsmb86a16.c_smrt_info_get_with_main.c:16) [12]  (0 ns)
	'icmp' operation ('icmp_ln50', extr_.linuxdriversmediadvb-frontendsmb86a16.c_smrt_info_get_with_main.c:50) [61]  (1.55 ns)


============================================================
+ Verbose Summary: Binding
============================================================
N/A
* FSMD analyzer results:
  - Output states:
 - Input state : 
  - Chain level:
	State 1


============================================================
+ Verbose Summary: Datapath Resource usage 
============================================================
N/A
