==============================================================
Vivado(TM) HLS - High-Level Synthesis from C, C++ and SystemC v2019.1 (64-bit)
Copyright 1986-2019 Xilinx, Inc. All Rights Reserved.
==============================================================
INFO: [SYN 201-201] Setting up clock 'default' with a period of 5ns.
INFO: [SYN 201-201] Setting up clock 'default' with a period of 10ns.
INFO: [SCHED 204-61] Option 'relax_ii_for_timing' is enabled, will increase II to preserve clock frequency constraints.
INFO: [HLS 200-10] Analyzing design file 'extr_.radare2libranalarchhexagonhexagon_anal.c_hexagon_anal_instruction_with_main.c' ... 
INFO: [HLS 200-111] Finished Linking Time (s): cpu = 00:00:28 ; elapsed = 00:00:40 . Memory (MB): peak = 832.453 ; gain = 132.133 ; free physical = 21922 ; free virtual = 44662
INFO: [HLS 200-111] Finished Checking Pragmas Time (s): cpu = 00:00:28 ; elapsed = 00:00:40 . Memory (MB): peak = 832.453 ; gain = 132.133 ; free physical = 21922 ; free virtual = 44662
INFO: [HLS 200-10] Starting code transformations ...
INFO: [HLS 200-111] Finished Standard Transforms Time (s): cpu = 00:00:29 ; elapsed = 00:00:42 . Memory (MB): peak = 832.453 ; gain = 132.133 ; free physical = 21922 ; free virtual = 44662
INFO: [HLS 200-10] Checking synthesizability ...
INFO: [XFORM 203-602] Inlining function 'hexagon_anal_instruction' into 'main' (extr_.radare2libranalarchhexagonhexagon_anal.c_hexagon_anal_instruction_with_main.c:2140) automatically.
WARNING: [SYNCHK 200-77] The top function 'main' has no outputs. Possible cause(s) are: (1) Output parameters are passed by value; (2) intended outputs (parameters or global variables) are never written; (3) there are infinite loops.
INFO: [SYNCHK 200-10] 0 error(s), 1 warning(s).
INFO: [HLS 200-111] Finished Checking Synthesizability Time (s): cpu = 00:00:29 ; elapsed = 00:00:42 . Memory (MB): peak = 832.453 ; gain = 132.133 ; free physical = 21922 ; free virtual = 44662
INFO: [HLS 200-111] Finished Pre-synthesis Time (s): cpu = 00:00:29 ; elapsed = 00:00:42 . Memory (MB): peak = 832.453 ; gain = 132.133 ; free physical = 21910 ; free virtual = 44650
INFO: [HLS 200-111] Finished Architecture Synthesis Time (s): cpu = 00:00:30 ; elapsed = 00:00:42 . Memory (MB): peak = 832.453 ; gain = 132.133 ; free physical = 21910 ; free virtual = 44650
INFO: [HLS 200-10] Starting hardware synthesis ...
INFO: [HLS 200-10] Synthesizing 'main' ...
INFO: [HLS 200-10] ----------------------------------------------------------------
INFO: [HLS 200-42] -- Implementing module 'main' 
INFO: [HLS 200-10] ----------------------------------------------------------------
INFO: [SCHED 204-11] Starting scheduling ...
INFO: [SCHED 204-11] Finished scheduling.
INFO: [HLS 200-111]  Elapsed time: 14.89 seconds; current allocated memory: 102.651 MB.
INFO: [BIND 205-100] Starting micro-architecture generation ...
INFO: [BIND 205-101] Performing variable lifetime analysis.
INFO: [BIND 205-101] Exploring resource sharing.
INFO: [BIND 205-101] Binding ...
INFO: [BIND 205-100] Finished micro-architecture generation.
INFO: [HLS 200-111]  Elapsed time: 0 seconds; current allocated memory: 102.677 MB.
INFO: [HLS 200-10] ----------------------------------------------------------------
INFO: [HLS 200-10] -- Generating RTL for module 'main' 
INFO: [HLS 200-10] ----------------------------------------------------------------
INFO: [RTGEN 206-500] Setting interface mode on function 'main' to 'ap_ctrl_hs'.
WARNING: [RTGEN 206-101] Setting dangling out port 'main/ap_return' to 0.
INFO: [RTGEN 206-100] Finished creating RTL model for 'main'.
INFO: [HLS 200-111]  Elapsed time: 0.01 seconds; current allocated memory: 102.696 MB.
INFO: [HLS 200-111] Finished generating all RTL models Time (s): cpu = 00:00:30 ; elapsed = 00:00:43 . Memory (MB): peak = 832.453 ; gain = 132.133 ; free physical = 21907 ; free virtual = 44648
INFO: [VHDL 208-304] Generating VHDL RTL for main.
INFO: [VLOG 209-307] Generating Verilog RTL for main.
INFO: [HLS 200-10] Creating and opening project '/home/vivado/aut/proj_extr_.labq3map2libsmathlibm4x4.c_m4x4_premultiply_by_m4x4_with_main.c'.
INFO: [HLS 200-10] Adding design file 'extr_.labq3map2libsmathlibm4x4.c_m4x4_premultiply_by_m4x4_with_main.c' to the project
INFO: [HLS 200-10] Creating and opening solution '/home/vivado/aut/proj_extr_.labq3map2libsmathlibm4x4.c_m4x4_premultiply_by_m4x4_with_main.c/solution1'.
==============================================================
Vivado(TM) HLS - High-Level Synthesis from C, C++ and SystemC v2019.1 (64-bit)
Copyright 1986-2019 Xilinx, Inc. All Rights Reserved.
==============================================================
INFO: [SYN 201-201] Setting up clock 'default' with a period of 10ns.
INFO: [SCHED 204-61] Option 'relax_ii_for_timing' is enabled, will increase II to preserve clock frequency constraints.
INFO: [HLS 200-10] Analyzing design file 'extr_.radare2libranalarchhexagonhexagon_anal.c_hexagon_anal_instruction_with_main.c' ... 
INFO: [HLS 200-111] Finished Linking Time (s): cpu = 00:01:24 ; elapsed = 00:07:38 . Memory (MB): peak = 902.391 ; gain = 202.070 ; free physical = 26896 ; free virtual = 37451
INFO: [HLS 200-111] Finished Checking Pragmas Time (s): cpu = 00:01:24 ; elapsed = 00:07:38 . Memory (MB): peak = 902.391 ; gain = 202.070 ; free physical = 26896 ; free virtual = 37451
INFO: [HLS 200-10] Starting code transformations ...
INFO: [HLS 200-111] Finished Standard Transforms Time (s): cpu = 00:01:26 ; elapsed = 00:07:40 . Memory (MB): peak = 902.391 ; gain = 202.070 ; free physical = 26894 ; free virtual = 37449
INFO: [HLS 200-10] Checking synthesizability ...
ERROR: [SYNCHK 200-11] extr_.radare2libranalarchhexagonhexagon_anal.c_hexagon_anal_instruction_with_main.c:334: Argument 'hi.ops.op.imm' of function 'hexagon_anal_instruction' (extr_.radare2libranalarchhexagonhexagon_anal.c_hexagon_anal_instruction_with_main.c:334) has an unsynthesizable type (possible cause(s): pointer to pointer or global pointer).
ERROR: [SYNCHK 200-61] extr_.radare2libranalarchhexagonhexagon_anal.c_hexagon_anal_instruction_with_main.c:345: unsupported memory access on variable 'hi.ops.op.imm' which is (or contains) an array with unknown size at compile time.
INFO: [SYNCHK 200-10] 2 error(s), 0 warning(s).
ERROR: [HLS 200-70] Synthesizability check failed.
INFO: [HLS 200-10] Opening project '/home/vivado/HLStools/vivado/214_benchmakrs/proj_extr_.radare2librasmarcharmaarch64aarch64-dis-2.c_aarch64_find_next_alias_opcode_with_main.c'.
INFO: [HLS 200-10] Opening solution '/home/vivado/HLStools/vivado/214_benchmakrs/proj_extr_.radare2librasmarcharmaarch64aarch64-dis-2.c_aarch64_find_next_alias_opcode_with_main.c/solution1'.
