==============================================================
Vivado(TM) HLS - High-Level Synthesis from C, C++ and SystemC v2019.1 (64-bit)
Copyright 1986-2019 Xilinx, Inc. All Rights Reserved.
==============================================================
INFO: [HLS 200-10] Setting target device to 'xc7k160t-fbg484-1'
INFO: [SYN 201-201] Setting up clock 'default' with a period of 5ns.
INFO: [SYN 201-201] Setting up clock 'default' with a period of 10ns.
INFO: [SCHED 204-61] Option 'relax_ii_for_timing' is enabled, will increase II to preserve clock frequency constraints.
INFO: [HLS 200-10] Analyzing design file 'extr_.kphp-kdbcommoncrc32.c_crc32_partial_with_main.c' ... 
INFO: [HLS 200-111] Finished Linking Time (s): cpu = 00:00:13 ; elapsed = 00:01:48 . Memory (MB): peak = 832.453 ; gain = 132.133 ; free physical = 14546 ; free virtual = 43995
INFO: [HLS 200-111] Finished Checking Pragmas Time (s): cpu = 00:00:13 ; elapsed = 00:01:48 . Memory (MB): peak = 832.453 ; gain = 132.133 ; free physical = 14546 ; free virtual = 43995
INFO: [HLS 200-10] Starting code transformations ...
INFO: [HLS 200-111] Finished Standard Transforms Time (s): cpu = 00:00:15 ; elapsed = 00:01:50 . Memory (MB): peak = 832.453 ; gain = 132.133 ; free physical = 14545 ; free virtual = 43994
INFO: [HLS 200-10] Checking synthesizability ...
ERROR: [SYNCHK 200-41] extr_.kphp-kdbcommoncrc32.c_crc32_partial_with_main.c:20: unsupported pointer reinterpretation from type 'i8*' to type 'unsigned int' on variable 'data'.
ERROR: [SYNCHK 200-61] extr_.kphp-kdbcommoncrc32.c_crc32_partial_with_main.c:26: unsupported memory access on variable 'crc32_table0' which is (or contains) an array with unknown size at compile time.
INFO: [SYNCHK 200-10] 2 error(s), 0 warning(s).
ERROR: [HLS 200-70] Synthesizability check failed.
INFO: [HLS 200-10] Opening project '/home/vivado/HLStools/vivado/214_revisao/proj_extr_.kphp-kdbhintsutf8_utils.c_translit_from_en_to_ru_with_main.c'.
INFO: [HLS 200-10] Creating and opening solution '/home/vivado/HLStools/vivado/214_revisao/proj_extr_.kphp-kdbhintsutf8_utils.c_translit_from_en_to_ru_with_main.c/sol'.
