==============================================================
Vivado(TM) HLS - High-Level Synthesis from C, C++ and SystemC v2019.1 (64-bit)
Copyright 1986-2019 Xilinx, Inc. All Rights Reserved.
==============================================================
INFO: [HLS 200-10] Adding design file 'extr_.emscriptensystemlibhtml5key_codes.c_emscripten_dom_vk_to_string_with_main.c' to the project
INFO: [SYN 201-201] Setting up clock 'default' with a period of 5ns.
INFO: [SYN 201-201] Setting up clock 'default' with a period of 10ns.
INFO: [SCHED 204-61] Option 'relax_ii_for_timing' is enabled, will increase II to preserve clock frequency constraints.
INFO: [HLS 200-10] Analyzing design file 'extr_.emscriptensystemlibhtml5key_codes.c_emscripten_dom_vk_to_string_with_main.c' ... 
INFO: [HLS 200-111] Finished Linking Time (s): cpu = 00:00:27 ; elapsed = 00:05:11 . Memory (MB): peak = 832.453 ; gain = 132.133 ; free physical = 17670 ; free virtual = 36516
INFO: [HLS 200-111] Finished Checking Pragmas Time (s): cpu = 00:00:27 ; elapsed = 00:05:11 . Memory (MB): peak = 832.453 ; gain = 132.133 ; free physical = 17670 ; free virtual = 36516
INFO: [HLS 200-10] Starting code transformations ...
INFO: [HLS 200-111] Finished Standard Transforms Time (s): cpu = 00:00:29 ; elapsed = 00:05:12 . Memory (MB): peak = 832.453 ; gain = 132.133 ; free physical = 17670 ; free virtual = 36517
INFO: [HLS 200-10] Checking synthesizability ...
ERROR: [SYNCHK 200-75] extr_.emscriptensystemlibhtml5key_codes.c_emscripten_dom_vk_to_string_with_main.c:199: function 'emscripten_dom_vk_to_string' returns a pointer value; please inline this function or change return to an argument.
INFO: [SYNCHK 200-10] 1 error(s), 0 warning(s).
ERROR: [HLS 200-70] Synthesizability check failed.
INFO: [HLS 200-10] Creating and opening project '/home/vivado/HLStools/vivado/new214/proj_extr_.emscriptensystemliblibcmuslsrccryptcrypt_des.c___do_des_with_main.c'.
INFO: [HLS 200-10] Creating and opening solution '/home/vivado/HLStools/vivado/new214/proj_extr_.emscriptensystemliblibcmuslsrccryptcrypt_des.c___do_des_with_main.c/sol'.
==============================================================
Vivado(TM) HLS - High-Level Synthesis from C, C++ and SystemC v2019.1 (64-bit)
Copyright 1986-2019 Xilinx, Inc. All Rights Reserved.
==============================================================
INFO: [SYN 201-201] Setting up clock 'default' with a period of 10ns.
INFO: [SCHED 204-61] Option 'relax_ii_for_timing' is enabled, will increase II to preserve clock frequency constraints.
INFO: [HLS 200-10] Analyzing design file 'extr_.emscriptensystemlibhtml5key_codes.c_emscripten_dom_vk_to_string_with_main.c' ... 
INFO: [HLS 200-111] Finished Linking Time (s): cpu = 00:02:06 ; elapsed = 00:14:45 . Memory (MB): peak = 899.422 ; gain = 199.102 ; free physical = 30478 ; free virtual = 39652
INFO: [HLS 200-111] Finished Checking Pragmas Time (s): cpu = 00:02:06 ; elapsed = 00:14:45 . Memory (MB): peak = 899.422 ; gain = 199.102 ; free physical = 30478 ; free virtual = 39652
INFO: [HLS 200-10] Starting code transformations ...
INFO: [HLS 200-111] Finished Standard Transforms Time (s): cpu = 00:02:08 ; elapsed = 00:14:47 . Memory (MB): peak = 899.422 ; gain = 199.102 ; free physical = 30478 ; free virtual = 39652
INFO: [HLS 200-10] Checking synthesizability ...
ERROR: [SYNCHK 200-75] extr_.emscriptensystemlibhtml5key_codes.c_emscripten_dom_vk_to_string_with_main.c:199: function 'emscripten_dom_vk_to_string' returns a pointer value; please inline this function or change return to an argument.
INFO: [SYNCHK 200-10] 1 error(s), 0 warning(s).
ERROR: [HLS 200-70] Synthesizability check failed.
INFO: [HLS 200-10] Opening project '/home/vivado/HLStools/vivado/new214/NAO/proj_extr_.emscriptensystemliblibcmuslsrccryptcrypt_des.c___do_des_with_main.c'.
INFO: [HLS 200-10] Opening solution '/home/vivado/HLStools/vivado/new214/NAO/proj_extr_.emscriptensystemliblibcmuslsrccryptcrypt_des.c___do_des_with_main.c/sol'.
