

================================================================
== Vivado HLS Report for 'p_ccv_sparse_matrix_index_for_hash'
================================================================
* Date:           Sat May 23 20:46:57 2020

* Version:        2019.1 (Build 2552052 on Fri May 24 15:28:33 MDT 2019)
* Project:        proj_extr_.ccvlibccv_util.c__ccv_sparse_matrix_index_for_hash_with_main.c
* Solution:       solution1
* Product family: kintex7
* Target device:  xc7k160t-fbg484-1


================================================================
== Performance Estimates
================================================================
+ Timing (ns): 
    * Summary: 
    +--------+-------+----------+------------+
    |  Clock | Target| Estimated| Uncertainty|
    +--------+-------+----------+------------+
    |ap_clk  |  10.00|     5.184|        1.25|
    +--------+-------+----------+------------+

+ Latency (clock cycles): 
    * Summary: 
    +-----+-----+-----+-----+---------+
    |  Latency  |  Interval | Pipeline|
    | min | max | min | max |   Type  |
    +-----+-----+-----+-----+---------+
    |    1|   35|    1|   35|   none  |
    +-----+-----+-----+-----+---------+

    + Detail: 
        * Instance: 
        N/A

        * Loop: 
        N/A



================================================================
== Utilization Estimates
================================================================
* Summary: 
+-----------------+---------+-------+--------+--------+-----+
|       Name      | BRAM_18K| DSP48E|   FF   |   LUT  | URAM|
+-----------------+---------+-------+--------+--------+-----+
|DSP              |        -|      -|       -|       -|    -|
|Expression       |        -|      -|       0|     356|    -|
|FIFO             |        -|      -|       -|       -|    -|
|Instance         |        -|      -|   33884|   20468|    -|
|Memory           |        -|      -|       -|       -|    -|
|Multiplexer      |        -|      -|       -|     951|    -|
|Register         |        -|      -|      68|       -|    -|
+-----------------+---------+-------+--------+--------+-----+
|Total            |        0|      0|   33952|   21775|    0|
+-----------------+---------+-------+--------+--------+-----+
|Available        |      650|    600|  202800|  101400|    0|
+-----------------+---------+-------+--------+--------+-----+
|Utilization (%)  |        0|      0|      16|      21|    0|
+-----------------+---------+-------+--------+--------+-----+

+ Detail: 
    * Instance: 
    +-------------------------------------------------------------------+---------------------------------------------------------------+---------+-------+-----+-----+-----+
    |                              Instance                             |                             Module                            | BRAM_18K| DSP48E|  FF | LUT | URAM|
    +-------------------------------------------------------------------+---------------------------------------------------------------+---------+-------+-----+-----+-----+
    |p_ccv_sparse_matrix_index_for_hash_urem_32ns_10ns_32_36_seq_1_U67  |p_ccv_sparse_matrix_index_for_hash_urem_32ns_10ns_32_36_seq_1  |        0|      0|  394|  238|    0|
    |p_ccv_sparse_matrix_index_for_hash_urem_32ns_10ns_32_36_seq_1_U68  |p_ccv_sparse_matrix_index_for_hash_urem_32ns_10ns_32_36_seq_1  |        0|      0|  394|  238|    0|
    |p_ccv_sparse_matrix_index_for_hash_urem_32ns_10ns_32_36_seq_1_U69  |p_ccv_sparse_matrix_index_for_hash_urem_32ns_10ns_32_36_seq_1  |        0|      0|  394|  238|    0|
    |p_ccv_sparse_matrix_index_for_hash_urem_32ns_11ns_32_36_seq_1_U64  |p_ccv_sparse_matrix_index_for_hash_urem_32ns_11ns_32_36_seq_1  |        0|      0|  394|  238|    0|
    |p_ccv_sparse_matrix_index_for_hash_urem_32ns_11ns_32_36_seq_1_U65  |p_ccv_sparse_matrix_index_for_hash_urem_32ns_11ns_32_36_seq_1  |        0|      0|  394|  238|    0|
    |p_ccv_sparse_matrix_index_for_hash_urem_32ns_11ns_32_36_seq_1_U66  |p_ccv_sparse_matrix_index_for_hash_urem_32ns_11ns_32_36_seq_1  |        0|      0|  394|  238|    0|
    |p_ccv_sparse_matrix_index_for_hash_urem_32ns_12ns_32_36_seq_1_U61  |p_ccv_sparse_matrix_index_for_hash_urem_32ns_12ns_32_36_seq_1  |        0|      0|  394|  238|    0|
    |p_ccv_sparse_matrix_index_for_hash_urem_32ns_12ns_32_36_seq_1_U62  |p_ccv_sparse_matrix_index_for_hash_urem_32ns_12ns_32_36_seq_1  |        0|      0|  394|  238|    0|
    |p_ccv_sparse_matrix_index_for_hash_urem_32ns_12ns_32_36_seq_1_U63  |p_ccv_sparse_matrix_index_for_hash_urem_32ns_12ns_32_36_seq_1  |        0|      0|  394|  238|    0|
    |p_ccv_sparse_matrix_index_for_hash_urem_32ns_13ns_32_36_seq_1_U58  |p_ccv_sparse_matrix_index_for_hash_urem_32ns_13ns_32_36_seq_1  |        0|      0|  394|  238|    0|
    |p_ccv_sparse_matrix_index_for_hash_urem_32ns_13ns_32_36_seq_1_U59  |p_ccv_sparse_matrix_index_for_hash_urem_32ns_13ns_32_36_seq_1  |        0|      0|  394|  238|    0|
    |p_ccv_sparse_matrix_index_for_hash_urem_32ns_13ns_32_36_seq_1_U60  |p_ccv_sparse_matrix_index_for_hash_urem_32ns_13ns_32_36_seq_1  |        0|      0|  394|  238|    0|
    |p_ccv_sparse_matrix_index_for_hash_urem_32ns_14ns_32_36_seq_1_U55  |p_ccv_sparse_matrix_index_for_hash_urem_32ns_14ns_32_36_seq_1  |        0|      0|  394|  238|    0|
    |p_ccv_sparse_matrix_index_for_hash_urem_32ns_14ns_32_36_seq_1_U56  |p_ccv_sparse_matrix_index_for_hash_urem_32ns_14ns_32_36_seq_1  |        0|      0|  394|  238|    0|
    |p_ccv_sparse_matrix_index_for_hash_urem_32ns_14ns_32_36_seq_1_U57  |p_ccv_sparse_matrix_index_for_hash_urem_32ns_14ns_32_36_seq_1  |        0|      0|  394|  238|    0|
    |p_ccv_sparse_matrix_index_for_hash_urem_32ns_15ns_32_36_seq_1_U52  |p_ccv_sparse_matrix_index_for_hash_urem_32ns_15ns_32_36_seq_1  |        0|      0|  394|  238|    0|
    |p_ccv_sparse_matrix_index_for_hash_urem_32ns_15ns_32_36_seq_1_U53  |p_ccv_sparse_matrix_index_for_hash_urem_32ns_15ns_32_36_seq_1  |        0|      0|  394|  238|    0|
    |p_ccv_sparse_matrix_index_for_hash_urem_32ns_15ns_32_36_seq_1_U54  |p_ccv_sparse_matrix_index_for_hash_urem_32ns_15ns_32_36_seq_1  |        0|      0|  394|  238|    0|
    |p_ccv_sparse_matrix_index_for_hash_urem_32ns_16ns_32_36_seq_1_U49  |p_ccv_sparse_matrix_index_for_hash_urem_32ns_16ns_32_36_seq_1  |        0|      0|  394|  238|    0|
    |p_ccv_sparse_matrix_index_for_hash_urem_32ns_16ns_32_36_seq_1_U50  |p_ccv_sparse_matrix_index_for_hash_urem_32ns_16ns_32_36_seq_1  |        0|      0|  394|  238|    0|
    |p_ccv_sparse_matrix_index_for_hash_urem_32ns_16ns_32_36_seq_1_U51  |p_ccv_sparse_matrix_index_for_hash_urem_32ns_16ns_32_36_seq_1  |        0|      0|  394|  238|    0|
    |p_ccv_sparse_matrix_index_for_hash_urem_32ns_17ns_32_36_seq_1_U46  |p_ccv_sparse_matrix_index_for_hash_urem_32ns_17ns_32_36_seq_1  |        0|      0|  394|  238|    0|
    |p_ccv_sparse_matrix_index_for_hash_urem_32ns_17ns_32_36_seq_1_U47  |p_ccv_sparse_matrix_index_for_hash_urem_32ns_17ns_32_36_seq_1  |        0|      0|  394|  238|    0|
    |p_ccv_sparse_matrix_index_for_hash_urem_32ns_17ns_32_36_seq_1_U48  |p_ccv_sparse_matrix_index_for_hash_urem_32ns_17ns_32_36_seq_1  |        0|      0|  394|  238|    0|
    |p_ccv_sparse_matrix_index_for_hash_urem_32ns_18ns_32_36_seq_1_U43  |p_ccv_sparse_matrix_index_for_hash_urem_32ns_18ns_32_36_seq_1  |        0|      0|  394|  238|    0|
    |p_ccv_sparse_matrix_index_for_hash_urem_32ns_18ns_32_36_seq_1_U44  |p_ccv_sparse_matrix_index_for_hash_urem_32ns_18ns_32_36_seq_1  |        0|      0|  394|  238|    0|
    |p_ccv_sparse_matrix_index_for_hash_urem_32ns_18ns_32_36_seq_1_U45  |p_ccv_sparse_matrix_index_for_hash_urem_32ns_18ns_32_36_seq_1  |        0|      0|  394|  238|    0|
    |p_ccv_sparse_matrix_index_for_hash_urem_32ns_19ns_32_36_seq_1_U40  |p_ccv_sparse_matrix_index_for_hash_urem_32ns_19ns_32_36_seq_1  |        0|      0|  394|  238|    0|
    |p_ccv_sparse_matrix_index_for_hash_urem_32ns_19ns_32_36_seq_1_U41  |p_ccv_sparse_matrix_index_for_hash_urem_32ns_19ns_32_36_seq_1  |        0|      0|  394|  238|    0|
    |p_ccv_sparse_matrix_index_for_hash_urem_32ns_19ns_32_36_seq_1_U42  |p_ccv_sparse_matrix_index_for_hash_urem_32ns_19ns_32_36_seq_1  |        0|      0|  394|  238|    0|
    |p_ccv_sparse_matrix_index_for_hash_urem_32ns_20ns_32_36_seq_1_U37  |p_ccv_sparse_matrix_index_for_hash_urem_32ns_20ns_32_36_seq_1  |        0|      0|  394|  238|    0|
    |p_ccv_sparse_matrix_index_for_hash_urem_32ns_20ns_32_36_seq_1_U38  |p_ccv_sparse_matrix_index_for_hash_urem_32ns_20ns_32_36_seq_1  |        0|      0|  394|  238|    0|
    |p_ccv_sparse_matrix_index_for_hash_urem_32ns_20ns_32_36_seq_1_U39  |p_ccv_sparse_matrix_index_for_hash_urem_32ns_20ns_32_36_seq_1  |        0|      0|  394|  238|    0|
    |p_ccv_sparse_matrix_index_for_hash_urem_32ns_21ns_32_36_seq_1_U34  |p_ccv_sparse_matrix_index_for_hash_urem_32ns_21ns_32_36_seq_1  |        0|      0|  394|  238|    0|
    |p_ccv_sparse_matrix_index_for_hash_urem_32ns_21ns_32_36_seq_1_U35  |p_ccv_sparse_matrix_index_for_hash_urem_32ns_21ns_32_36_seq_1  |        0|      0|  394|  238|    0|
    |p_ccv_sparse_matrix_index_for_hash_urem_32ns_21ns_32_36_seq_1_U36  |p_ccv_sparse_matrix_index_for_hash_urem_32ns_21ns_32_36_seq_1  |        0|      0|  394|  238|    0|
    |p_ccv_sparse_matrix_index_for_hash_urem_32ns_22ns_32_36_seq_1_U31  |p_ccv_sparse_matrix_index_for_hash_urem_32ns_22ns_32_36_seq_1  |        0|      0|  394|  238|    0|
    |p_ccv_sparse_matrix_index_for_hash_urem_32ns_22ns_32_36_seq_1_U32  |p_ccv_sparse_matrix_index_for_hash_urem_32ns_22ns_32_36_seq_1  |        0|      0|  394|  238|    0|
    |p_ccv_sparse_matrix_index_for_hash_urem_32ns_22ns_32_36_seq_1_U33  |p_ccv_sparse_matrix_index_for_hash_urem_32ns_22ns_32_36_seq_1  |        0|      0|  394|  238|    0|
    |p_ccv_sparse_matrix_index_for_hash_urem_32ns_23ns_32_36_seq_1_U28  |p_ccv_sparse_matrix_index_for_hash_urem_32ns_23ns_32_36_seq_1  |        0|      0|  394|  238|    0|
    |p_ccv_sparse_matrix_index_for_hash_urem_32ns_23ns_32_36_seq_1_U29  |p_ccv_sparse_matrix_index_for_hash_urem_32ns_23ns_32_36_seq_1  |        0|      0|  394|  238|    0|
    |p_ccv_sparse_matrix_index_for_hash_urem_32ns_23ns_32_36_seq_1_U30  |p_ccv_sparse_matrix_index_for_hash_urem_32ns_23ns_32_36_seq_1  |        0|      0|  394|  238|    0|
    |p_ccv_sparse_matrix_index_for_hash_urem_32ns_24ns_32_36_seq_1_U25  |p_ccv_sparse_matrix_index_for_hash_urem_32ns_24ns_32_36_seq_1  |        0|      0|  394|  238|    0|
    |p_ccv_sparse_matrix_index_for_hash_urem_32ns_24ns_32_36_seq_1_U26  |p_ccv_sparse_matrix_index_for_hash_urem_32ns_24ns_32_36_seq_1  |        0|      0|  394|  238|    0|
    |p_ccv_sparse_matrix_index_for_hash_urem_32ns_24ns_32_36_seq_1_U27  |p_ccv_sparse_matrix_index_for_hash_urem_32ns_24ns_32_36_seq_1  |        0|      0|  394|  238|    0|
    |p_ccv_sparse_matrix_index_for_hash_urem_32ns_25ns_32_36_seq_1_U22  |p_ccv_sparse_matrix_index_for_hash_urem_32ns_25ns_32_36_seq_1  |        0|      0|  394|  238|    0|
    |p_ccv_sparse_matrix_index_for_hash_urem_32ns_25ns_32_36_seq_1_U23  |p_ccv_sparse_matrix_index_for_hash_urem_32ns_25ns_32_36_seq_1  |        0|      0|  394|  238|    0|
    |p_ccv_sparse_matrix_index_for_hash_urem_32ns_25ns_32_36_seq_1_U24  |p_ccv_sparse_matrix_index_for_hash_urem_32ns_25ns_32_36_seq_1  |        0|      0|  394|  238|    0|
    |p_ccv_sparse_matrix_index_for_hash_urem_32ns_26ns_32_36_seq_1_U19  |p_ccv_sparse_matrix_index_for_hash_urem_32ns_26ns_32_36_seq_1  |        0|      0|  394|  238|    0|
    |p_ccv_sparse_matrix_index_for_hash_urem_32ns_26ns_32_36_seq_1_U20  |p_ccv_sparse_matrix_index_for_hash_urem_32ns_26ns_32_36_seq_1  |        0|      0|  394|  238|    0|
    |p_ccv_sparse_matrix_index_for_hash_urem_32ns_26ns_32_36_seq_1_U21  |p_ccv_sparse_matrix_index_for_hash_urem_32ns_26ns_32_36_seq_1  |        0|      0|  394|  238|    0|
    |p_ccv_sparse_matrix_index_for_hash_urem_32ns_27ns_32_36_seq_1_U16  |p_ccv_sparse_matrix_index_for_hash_urem_32ns_27ns_32_36_seq_1  |        0|      0|  394|  238|    0|
    |p_ccv_sparse_matrix_index_for_hash_urem_32ns_27ns_32_36_seq_1_U17  |p_ccv_sparse_matrix_index_for_hash_urem_32ns_27ns_32_36_seq_1  |        0|      0|  394|  238|    0|
    |p_ccv_sparse_matrix_index_for_hash_urem_32ns_27ns_32_36_seq_1_U18  |p_ccv_sparse_matrix_index_for_hash_urem_32ns_27ns_32_36_seq_1  |        0|      0|  394|  238|    0|
    |p_ccv_sparse_matrix_index_for_hash_urem_32ns_28ns_32_36_seq_1_U13  |p_ccv_sparse_matrix_index_for_hash_urem_32ns_28ns_32_36_seq_1  |        0|      0|  394|  238|    0|
    |p_ccv_sparse_matrix_index_for_hash_urem_32ns_28ns_32_36_seq_1_U14  |p_ccv_sparse_matrix_index_for_hash_urem_32ns_28ns_32_36_seq_1  |        0|      0|  394|  238|    0|
    |p_ccv_sparse_matrix_index_for_hash_urem_32ns_28ns_32_36_seq_1_U15  |p_ccv_sparse_matrix_index_for_hash_urem_32ns_28ns_32_36_seq_1  |        0|      0|  394|  238|    0|
    |p_ccv_sparse_matrix_index_for_hash_urem_32ns_29ns_32_36_seq_1_U10  |p_ccv_sparse_matrix_index_for_hash_urem_32ns_29ns_32_36_seq_1  |        0|      0|  394|  238|    0|
    |p_ccv_sparse_matrix_index_for_hash_urem_32ns_29ns_32_36_seq_1_U11  |p_ccv_sparse_matrix_index_for_hash_urem_32ns_29ns_32_36_seq_1  |        0|      0|  394|  238|    0|
    |p_ccv_sparse_matrix_index_for_hash_urem_32ns_29ns_32_36_seq_1_U12  |p_ccv_sparse_matrix_index_for_hash_urem_32ns_29ns_32_36_seq_1  |        0|      0|  394|  238|    0|
    |p_ccv_sparse_matrix_index_for_hash_urem_32ns_30ns_32_36_seq_1_U7   |p_ccv_sparse_matrix_index_for_hash_urem_32ns_30ns_32_36_seq_1  |        0|      0|  394|  238|    0|
    |p_ccv_sparse_matrix_index_for_hash_urem_32ns_30ns_32_36_seq_1_U8   |p_ccv_sparse_matrix_index_for_hash_urem_32ns_30ns_32_36_seq_1  |        0|      0|  394|  238|    0|
    |p_ccv_sparse_matrix_index_for_hash_urem_32ns_30ns_32_36_seq_1_U9   |p_ccv_sparse_matrix_index_for_hash_urem_32ns_30ns_32_36_seq_1  |        0|      0|  394|  238|    0|
    |p_ccv_sparse_matrix_index_for_hash_urem_32ns_31ns_32_36_seq_1_U4   |p_ccv_sparse_matrix_index_for_hash_urem_32ns_31ns_32_36_seq_1  |        0|      0|  394|  238|    0|
    |p_ccv_sparse_matrix_index_for_hash_urem_32ns_31ns_32_36_seq_1_U5   |p_ccv_sparse_matrix_index_for_hash_urem_32ns_31ns_32_36_seq_1  |        0|      0|  394|  238|    0|
    |p_ccv_sparse_matrix_index_for_hash_urem_32ns_31ns_32_36_seq_1_U6   |p_ccv_sparse_matrix_index_for_hash_urem_32ns_31ns_32_36_seq_1  |        0|      0|  394|  238|    0|
    |p_ccv_sparse_matrix_index_for_hash_urem_32ns_32ns_32_36_seq_1_U1   |p_ccv_sparse_matrix_index_for_hash_urem_32ns_32ns_32_36_seq_1  |        0|      0|  394|  238|    0|
    |p_ccv_sparse_matrix_index_for_hash_urem_32ns_32ns_32_36_seq_1_U2   |p_ccv_sparse_matrix_index_for_hash_urem_32ns_32ns_32_36_seq_1  |        0|      0|  394|  238|    0|
    |p_ccv_sparse_matrix_index_for_hash_urem_32ns_32ns_32_36_seq_1_U3   |p_ccv_sparse_matrix_index_for_hash_urem_32ns_32ns_32_36_seq_1  |        0|      0|  394|  238|    0|
    |p_ccv_sparse_matrix_index_for_hash_urem_32ns_3ns_32_36_seq_1_U86   |p_ccv_sparse_matrix_index_for_hash_urem_32ns_3ns_32_36_seq_1   |        0|      0|  394|  238|    0|
    |p_ccv_sparse_matrix_index_for_hash_urem_32ns_4ns_32_36_seq_1_U84   |p_ccv_sparse_matrix_index_for_hash_urem_32ns_4ns_32_36_seq_1   |        0|      0|  394|  238|    0|
    |p_ccv_sparse_matrix_index_for_hash_urem_32ns_4ns_32_36_seq_1_U85   |p_ccv_sparse_matrix_index_for_hash_urem_32ns_4ns_32_36_seq_1   |        0|      0|  394|  238|    0|
    |p_ccv_sparse_matrix_index_for_hash_urem_32ns_5ns_32_36_seq_1_U82   |p_ccv_sparse_matrix_index_for_hash_urem_32ns_5ns_32_36_seq_1   |        0|      0|  394|  238|    0|
    |p_ccv_sparse_matrix_index_for_hash_urem_32ns_5ns_32_36_seq_1_U83   |p_ccv_sparse_matrix_index_for_hash_urem_32ns_5ns_32_36_seq_1   |        0|      0|  394|  238|    0|
    |p_ccv_sparse_matrix_index_for_hash_urem_32ns_6ns_32_36_seq_1_U79   |p_ccv_sparse_matrix_index_for_hash_urem_32ns_6ns_32_36_seq_1   |        0|      0|  394|  238|    0|
    |p_ccv_sparse_matrix_index_for_hash_urem_32ns_6ns_32_36_seq_1_U80   |p_ccv_sparse_matrix_index_for_hash_urem_32ns_6ns_32_36_seq_1   |        0|      0|  394|  238|    0|
    |p_ccv_sparse_matrix_index_for_hash_urem_32ns_6ns_32_36_seq_1_U81   |p_ccv_sparse_matrix_index_for_hash_urem_32ns_6ns_32_36_seq_1   |        0|      0|  394|  238|    0|
    |p_ccv_sparse_matrix_index_for_hash_urem_32ns_7ns_32_36_seq_1_U76   |p_ccv_sparse_matrix_index_for_hash_urem_32ns_7ns_32_36_seq_1   |        0|      0|  394|  238|    0|
    |p_ccv_sparse_matrix_index_for_hash_urem_32ns_7ns_32_36_seq_1_U77   |p_ccv_sparse_matrix_index_for_hash_urem_32ns_7ns_32_36_seq_1   |        0|      0|  394|  238|    0|
    |p_ccv_sparse_matrix_index_for_hash_urem_32ns_7ns_32_36_seq_1_U78   |p_ccv_sparse_matrix_index_for_hash_urem_32ns_7ns_32_36_seq_1   |        0|      0|  394|  238|    0|
    |p_ccv_sparse_matrix_index_for_hash_urem_32ns_8ns_32_36_seq_1_U73   |p_ccv_sparse_matrix_index_for_hash_urem_32ns_8ns_32_36_seq_1   |        0|      0|  394|  238|    0|
    |p_ccv_sparse_matrix_index_for_hash_urem_32ns_8ns_32_36_seq_1_U74   |p_ccv_sparse_matrix_index_for_hash_urem_32ns_8ns_32_36_seq_1   |        0|      0|  394|  238|    0|
    |p_ccv_sparse_matrix_index_for_hash_urem_32ns_8ns_32_36_seq_1_U75   |p_ccv_sparse_matrix_index_for_hash_urem_32ns_8ns_32_36_seq_1   |        0|      0|  394|  238|    0|
    |p_ccv_sparse_matrix_index_for_hash_urem_32ns_9ns_32_36_seq_1_U70   |p_ccv_sparse_matrix_index_for_hash_urem_32ns_9ns_32_36_seq_1   |        0|      0|  394|  238|    0|
    |p_ccv_sparse_matrix_index_for_hash_urem_32ns_9ns_32_36_seq_1_U71   |p_ccv_sparse_matrix_index_for_hash_urem_32ns_9ns_32_36_seq_1   |        0|      0|  394|  238|    0|
    |p_ccv_sparse_matrix_index_for_hash_urem_32ns_9ns_32_36_seq_1_U72   |p_ccv_sparse_matrix_index_for_hash_urem_32ns_9ns_32_36_seq_1   |        0|      0|  394|  238|    0|
    +-------------------------------------------------------------------+---------------------------------------------------------------+---------+-------+-----+-----+-----+
    |Total                                                              |                                                               |        0|      0|33884|20468|    0|
    +-------------------------------------------------------------------+---------------------------------------------------------------+---------+-------+-----+-----+-----+

    * DSP48E: 
    N/A

    * Memory: 
    N/A

    * FIFO: 
    N/A

    * Expression: 
    +------------------------+----------+-------+---+----+------------+------------+
    |      Variable Name     | Operation| DSP48E| FF| LUT| Bitwidth P0| Bitwidth P1|
    +------------------------+----------+-------+---+----+------------+------------+
    |add_ln197_fu_629_p2     |     +    |      0|  0|  39|          32|          31|
    |add_ln199_fu_609_p2     |     +    |      0|  0|  39|          32|          30|
    |add_ln201_fu_589_p2     |     +    |      0|  0|  39|          32|          26|
    |add_ln203_fu_569_p2     |     +    |      0|  0|  39|          32|           3|
    |icmp_ln197_fu_623_p2    |   icmp   |      0|  0|  18|          32|          32|
    |icmp_ln199_fu_603_p2    |   icmp   |      0|  0|  18|          32|          31|
    |icmp_ln201_fu_583_p2    |   icmp   |      0|  0|  18|          32|          27|
    |icmp_ln203_fu_563_p2    |   icmp   |      0|  0|  18|          32|           4|
    |select_ln197_fu_635_p3  |  select  |      0|  0|  32|           1|          32|
    |select_ln199_fu_615_p3  |  select  |      0|  0|  32|           1|          32|
    |select_ln201_fu_595_p3  |  select  |      0|  0|  32|           1|          32|
    |select_ln203_fu_575_p3  |  select  |      0|  0|  32|           1|          32|
    +------------------------+----------+-------+---+----+------------+------------+
    |Total                   |          |      0|  0| 356|         260|         312|
    +------------------------+----------+-------+---+----+------------+------------+

    * Multiplexer: 
    +--------------------------------+-----+-----------+-----+-----------+
    |              Name              | LUT | Input Size| Bits| Total Bits|
    +--------------------------------+-----+-----------+-----+-----------+
    |ap_NS_fsm                       |  165|         37|    1|         37|
    |ap_phi_mux_p_0_phi_fu_374_p186  |  381|         87|   32|       2784|
    |p_0_reg_370                     |  405|         93|   32|       2976|
    +--------------------------------+-----+-----------+-----+-----------+
    |Total                           |  951|        217|   65|       5797|
    +--------------------------------+-----+-----------+-----+-----------+

    * Register: 
    +-------------+----+----+-----+-----------+
    |     Name    | FF | LUT| Bits| Const Bits|
    +-------------+----+----+-----+-----------+
    |ap_CS_fsm    |  36|   0|   36|          0|
    |p_0_reg_370  |  32|   0|   32|          0|
    +-------------+----+----+-----+-----------+
    |Total        |  68|   0|   68|          0|
    +-------------+----+----+-----+-----------+



================================================================
== Interface
================================================================
* Summary: 
+-------------+-----+-----+------------+-----------------------------------+--------------+
|  RTL Ports  | Dir | Bits|  Protocol  |           Source Object           |    C Type    |
+-------------+-----+-----+------------+-----------------------------------+--------------+
|ap_clk       |  in |    1| ap_ctrl_hs | _ccv_sparse_matrix_index_for_hash | return value |
|ap_rst       |  in |    1| ap_ctrl_hs | _ccv_sparse_matrix_index_for_hash | return value |
|ap_start     |  in |    1| ap_ctrl_hs | _ccv_sparse_matrix_index_for_hash | return value |
|ap_done      | out |    1| ap_ctrl_hs | _ccv_sparse_matrix_index_for_hash | return value |
|ap_idle      | out |    1| ap_ctrl_hs | _ccv_sparse_matrix_index_for_hash | return value |
|ap_ready     | out |    1| ap_ctrl_hs | _ccv_sparse_matrix_index_for_hash | return value |
|ap_return    | out |   32| ap_ctrl_hs | _ccv_sparse_matrix_index_for_hash | return value |
|hash         |  in |   32|   ap_none  |                hash               |    scalar    |
|prime_index  |  in |   32|   ap_none  |            prime_index            |    scalar    |
+-------------+-----+-----+------------+-----------------------------------+--------------+

