

================================================================
== Vivado HLS Report for 'put_obmc'
================================================================
* Date:           Tue May 26 00:35:51 2020

* Version:        2019.1 (Build 2552052 on Fri May 24 15:28:33 MDT 2019)
* Project:        proj_extr_.FFmpeglibavcodecmpegvideo_motion.c_put_obmc_with_main.c
* Solution:       solution1
* Product family: kintex7
* Target device:  xc7k160t-fbg484-1


================================================================
== Performance Estimates
================================================================
+ Timing (ns): 
    * Summary: 
    +--------+-------+----------+------------+
    |  Clock | Target| Estimated| Uncertainty|
    +--------+-------+----------+------------+
    |ap_clk  |  10.00|     8.216|        1.25|
    +--------+-------+----------+------------+

+ Latency (clock cycles): 
    * Summary: 
    +-----+-----+-----+-----+---------+
    |  Latency  |  Interval | Pipeline|
    | min | max | min | max |   Type  |
    +-----+-----+-----+-----+---------+
    |   85|   85|   85|   85|   none  |
    +-----+-----+-----+-----+---------+

    + Detail: 
        * Instance: 
        N/A

        * Loop: 
        N/A



================================================================
== Utilization Estimates
================================================================
* Summary: 
+-----------------+---------+-------+--------+--------+-----+
|       Name      | BRAM_18K| DSP48E|   FF   |   LUT  | URAM|
+-----------------+---------+-------+--------+--------+-----+
|DSP              |        -|      -|       -|       -|    -|
|Expression       |        -|      -|       0|   10731|    -|
|FIFO             |        -|      -|       -|       -|    -|
|Instance         |        -|      -|       -|       -|    -|
|Memory           |        -|      -|       -|       -|    -|
|Multiplexer      |        -|      -|       -|    1773|    -|
|Register         |        -|      -|    6196|       -|    -|
+-----------------+---------+-------+--------+--------+-----+
|Total            |        0|      0|    6196|   12504|    0|
+-----------------+---------+-------+--------+--------+-----+
|Available        |      650|    600|  202800|  101400|    0|
+-----------------+---------+-------+--------+--------+-----+
|Utilization (%)  |        0|      0|       3|      12|    0|
+-----------------+---------+-------+--------+--------+-----+

+ Detail: 
    * Instance: 
    N/A

    * DSP48E: 
    N/A

    * Memory: 
    N/A

    * FIFO: 
    N/A

    * Expression: 
    +------------------------+----------+-------+---+-----+------------+------------+
    |      Variable Name     | Operation| DSP48E| FF| LUT | Bitwidth P0| Bitwidth P1|
    +------------------------+----------+-------+---+-----+------------+------------+
    |add_ln33_1_fu_2117_p2   |     +    |      0|  0|   32|          32|          32|
    |add_ln33_fu_2111_p2     |     +    |      0|  0|   32|           3|          32|
    |add_ln34_1_fu_2150_p2   |     +    |      0|  0|   32|           3|          32|
    |add_ln34_2_fu_2162_p2   |     +    |      0|  0|   32|          32|          32|
    |add_ln34_3_fu_2156_p2   |     +    |      0|  0|   32|          32|          32|
    |add_ln35_10_fu_2318_p2  |     +    |      0|  0|   39|           2|          32|
    |add_ln35_11_fu_2350_p2  |     +    |      0|  0|   32|          32|          32|
    |add_ln35_12_fu_2356_p2  |     +    |      0|  0|   32|           3|          32|
    |add_ln35_13_fu_2425_p2  |     +    |      0|  0|   32|          32|          32|
    |add_ln35_14_fu_2362_p2  |     +    |      0|  0|   32|          32|          32|
    |add_ln35_16_fu_2413_p2  |     +    |      0|  0|   32|           3|          32|
    |add_ln35_17_fu_2419_p2  |     +    |      0|  0|   32|          32|          32|
    |add_ln35_18_fu_2280_p2  |     +    |      0|  0|   17|           3|          10|
    |add_ln35_19_fu_2291_p2  |     +    |      0|  0|   17|           4|          10|
    |add_ln35_1_fu_2198_p2   |     +    |      0|  0|   32|           3|          32|
    |add_ln35_20_fu_2687_p2  |     +    |      0|  0|   17|           5|          10|
    |add_ln35_21_fu_2327_p2  |     +    |      0|  0|   17|           3|          10|
    |add_ln35_22_fu_2388_p2  |     +    |      0|  0|   17|           4|          10|
    |add_ln35_2_fu_2210_p2   |     +    |      0|  0|   32|          32|          32|
    |add_ln35_3_fu_2204_p2   |     +    |      0|  0|   32|          32|          32|
    |add_ln35_5_fu_2254_p2   |     +    |      0|  0|   32|          32|          32|
    |add_ln35_6_fu_2270_p2   |     +    |      0|  0|   39|           2|          32|
    |add_ln35_7_fu_2242_p2   |     +    |      0|  0|   32|           3|          32|
    |add_ln35_8_fu_2248_p2   |     +    |      0|  0|   32|          32|          32|
    |add_ln35_9_fu_2368_p2   |     +    |      0|  0|   32|          32|          32|
    |add_ln36_10_fu_2568_p2  |     +    |      0|  0|   39|           3|          32|
    |add_ln36_12_fu_2600_p2  |     +    |      0|  0|   32|           3|          32|
    |add_ln36_13_fu_2671_p2  |     +    |      0|  0|   32|          32|          32|
    |add_ln36_14_fu_2606_p2  |     +    |      0|  0|   32|          32|          32|
    |add_ln36_16_fu_2659_p2  |     +    |      0|  0|   32|           3|          32|
    |add_ln36_17_fu_2665_p2  |     +    |      0|  0|   32|          32|          32|
    |add_ln36_18_fu_2543_p2  |     +    |      0|  0|   17|           3|          10|
    |add_ln36_19_fu_2558_p2  |     +    |      0|  0|   17|           4|          10|
    |add_ln36_1_fu_2497_p2   |     +    |      0|  0|   32|           3|          32|
    |add_ln36_20_fu_2577_p2  |     +    |      0|  0|   17|           3|          10|
    |add_ln36_21_fu_2637_p2  |     +    |      0|  0|   17|           4|          10|
    |add_ln36_2_fu_2509_p2   |     +    |      0|  0|   32|          32|          32|
    |add_ln36_3_fu_2503_p2   |     +    |      0|  0|   32|          32|          32|
    |add_ln36_5_fu_2469_p2   |     +    |      0|  0|   32|          32|          32|
    |add_ln36_6_fu_2529_p2   |     +    |      0|  0|   39|           3|          32|
    |add_ln36_7_fu_2457_p2   |     +    |      0|  0|   32|           3|          32|
    |add_ln36_8_fu_2463_p2   |     +    |      0|  0|   32|          32|          32|
    |add_ln36_9_fu_2612_p2   |     +    |      0|  0|   32|          32|          32|
    |add_ln37_1_fu_2713_p2   |     +    |      0|  0|   32|           3|          32|
    |add_ln37_2_fu_2725_p2   |     +    |      0|  0|   32|          32|          32|
    |add_ln37_3_fu_2719_p2   |     +    |      0|  0|   32|          32|          32|
    |add_ln38_1_fu_2770_p2   |     +    |      0|  0|   32|          32|          32|
    |add_ln38_fu_2764_p2     |     +    |      0|  0|   32|           3|          32|
    |add_ln40_1_fu_2804_p2   |     +    |      0|  0|   32|           3|          32|
    |add_ln40_2_fu_2815_p2   |     +    |      0|  0|   32|          32|          32|
    |add_ln40_3_fu_2810_p2   |     +    |      0|  0|   32|          32|          32|
    |add_ln41_2_fu_2938_p2   |     +    |      0|  0|   32|           3|          32|
    |add_ln41_3_fu_2950_p2   |     +    |      0|  0|   32|          32|          32|
    |add_ln41_4_fu_2944_p2   |     +    |      0|  0|   32|          32|          32|
    |add_ln41_5_fu_2840_p2   |     +    |      0|  0|   17|           3|          10|
    |add_ln41_6_fu_2851_p2   |     +    |      0|  0|   17|           4|          10|
    |add_ln41_7_fu_2916_p2   |     +    |      0|  0|   17|           5|          10|
    |add_ln41_fu_2831_p2     |     +    |      0|  0|   39|           1|          32|
    |add_ln42_1_fu_2978_p2   |     +    |      0|  0|   32|          32|          32|
    |add_ln42_2_fu_2984_p2   |     +    |      0|  0|   32|           3|          32|
    |add_ln42_3_fu_2996_p2   |     +    |      0|  0|   32|          32|          32|
    |add_ln42_4_fu_2990_p2   |     +    |      0|  0|   32|          32|          32|
    |add_ln42_fu_3090_p2     |     +    |      0|  0|   39|           3|          32|
    |add_ln43_1_fu_2874_p2   |     +    |      0|  0|   32|          32|          32|
    |add_ln43_2_fu_2880_p2   |     +    |      0|  0|   32|           3|          32|
    |add_ln43_3_fu_2892_p2   |     +    |      0|  0|   32|          32|          32|
    |add_ln43_4_fu_2886_p2   |     +    |      0|  0|   32|          32|          32|
    |add_ln43_fu_3045_p2     |     +    |      0|  0|   39|           3|          32|
    |add_ln45_10_fu_3240_p2  |     +    |      0|  0|   39|          32|          32|
    |add_ln45_11_fu_3271_p2  |     +    |      0|  0|   32|          32|          32|
    |add_ln45_12_fu_3277_p2  |     +    |      0|  0|   32|           3|          32|
    |add_ln45_13_fu_3353_p2  |     +    |      0|  0|   32|          32|          32|
    |add_ln45_14_fu_3283_p2  |     +    |      0|  0|   32|          32|          32|
    |add_ln45_15_fu_3335_p2  |     +    |      0|  0|   32|          32|          32|
    |add_ln45_16_fu_3341_p2  |     +    |      0|  0|   32|           3|          32|
    |add_ln45_17_fu_3347_p2  |     +    |      0|  0|   32|          32|          32|
    |add_ln45_18_fu_3019_p2  |     +    |      0|  0|   17|           3|          10|
    |add_ln45_19_fu_3030_p2  |     +    |      0|  0|   17|           4|          10|
    |add_ln45_1_fu_3116_p2   |     +    |      0|  0|   32|           3|          32|
    |add_ln45_20_fu_3649_p2  |     +    |      0|  0|   17|           5|          10|
    |add_ln45_21_fu_3079_p2  |     +    |      0|  0|   17|           3|          10|
    |add_ln45_22_fu_3148_p2  |     +    |      0|  0|   17|           4|          10|
    |add_ln45_23_fu_3951_p2  |     +    |      0|  0|   17|           5|          10|
    |add_ln45_24_fu_3210_p2  |     +    |      0|  0|   17|           3|          10|
    |add_ln45_25_fu_3221_p2  |     +    |      0|  0|   17|           4|          10|
    |add_ln45_26_fu_3248_p2  |     +    |      0|  0|   17|           3|          10|
    |add_ln45_27_fu_3309_p2  |     +    |      0|  0|   17|           4|          10|
    |add_ln45_2_fu_3128_p2   |     +    |      0|  0|   32|          32|          32|
    |add_ln45_3_fu_3122_p2   |     +    |      0|  0|   32|          32|          32|
    |add_ln45_5_fu_3186_p2   |     +    |      0|  0|   32|          32|          32|
    |add_ln45_6_fu_3202_p2   |     +    |      0|  0|   39|          32|          32|
    |add_ln45_7_fu_3174_p2   |     +    |      0|  0|   32|           3|          32|
    |add_ln45_8_fu_3180_p2   |     +    |      0|  0|   32|          32|          32|
    |add_ln45_9_fu_3289_p2   |     +    |      0|  0|   32|          32|          32|
    |add_ln46_10_fu_3613_p2  |     +    |      0|  0|   32|           3|          32|
    |add_ln46_11_fu_3619_p2  |     +    |      0|  0|   32|          32|          32|
    |add_ln46_12_fu_3570_p2  |     +    |      0|  0|   39|          32|          32|
    |add_ln46_14_fu_3681_p2  |     +    |      0|  0|   32|           3|          32|
    |add_ln46_15_fu_3687_p2  |     +    |      0|  0|   32|          32|          32|
    |add_ln46_16_fu_3378_p2  |     +    |      0|  0|   17|           3|          10|
    |add_ln46_17_fu_3389_p2  |     +    |      0|  0|   17|           4|          10|
    |add_ln46_18_fu_3961_p2  |     +    |      0|  0|   17|           5|          10|
    |add_ln46_19_fu_3417_p2  |     +    |      0|  0|   17|           3|          10|
    |add_ln46_1_fu_3446_p2   |     +    |      0|  0|   39|          32|          32|
    |add_ln46_20_fu_3478_p2  |     +    |      0|  0|   17|           4|          10|
    |add_ln46_21_fu_3540_p2  |     +    |      0|  0|   17|           3|          10|
    |add_ln46_22_fu_3551_p2  |     +    |      0|  0|   17|           4|          10|
    |add_ln46_23_fu_3578_p2  |     +    |      0|  0|   17|           3|          10|
    |add_ln46_24_fu_3639_p2  |     +    |      0|  0|   17|           4|          10|
    |add_ln46_2_fu_3452_p2   |     +    |      0|  0|   32|           3|          32|
    |add_ln46_3_fu_3458_p2   |     +    |      0|  0|   32|          32|          32|
    |add_ln46_4_fu_3408_p2   |     +    |      0|  0|   39|           2|          32|
    |add_ln46_6_fu_3510_p2   |     +    |      0|  0|   32|           3|          32|
    |add_ln46_7_fu_3516_p2   |     +    |      0|  0|   32|          32|          32|
    |add_ln46_8_fu_3532_p2   |     +    |      0|  0|   39|          32|          32|
    |add_ln46_9_fu_3607_p2   |     +    |      0|  0|   32|          32|          32|
    |add_ln46_fu_3369_p2     |     +    |      0|  0|   39|           2|          32|
    |add_ln47_10_fu_3910_p2  |     +    |      0|  0|   32|           3|          32|
    |add_ln47_11_fu_3916_p2  |     +    |      0|  0|   32|          32|          32|
    |add_ln47_12_fu_3873_p2  |     +    |      0|  0|   39|          32|          32|
    |add_ln47_14_fu_3989_p2  |     +    |      0|  0|   32|           3|          32|
    |add_ln47_15_fu_3995_p2  |     +    |      0|  0|   32|          32|          32|
    |add_ln47_16_fu_3712_p2  |     +    |      0|  0|   17|           3|          10|
    |add_ln47_17_fu_3731_p2  |     +    |      0|  0|   17|           4|          10|
    |add_ln47_18_fu_3848_p2  |     +    |      0|  0|   17|           3|          10|
    |add_ln47_19_fu_3863_p2  |     +    |      0|  0|   17|           4|          10|
    |add_ln47_20_fu_3881_p2  |     +    |      0|  0|   17|           3|          10|
    |add_ln47_21_fu_3941_p2  |     +    |      0|  0|   17|           4|          10|
    |add_ln47_2_fu_3799_p2   |     +    |      0|  0|   32|           3|          32|
    |add_ln47_3_fu_3805_p2   |     +    |      0|  0|   32|          32|          32|
    |add_ln47_4_fu_3821_p2   |     +    |      0|  0|   39|           3|          32|
    |add_ln47_6_fu_3759_p2   |     +    |      0|  0|   32|           3|          32|
    |add_ln47_7_fu_3765_p2   |     +    |      0|  0|   32|          32|          32|
    |add_ln47_8_fu_3835_p2   |     +    |      0|  0|   39|          32|          32|
    |add_ln47_fu_3703_p2     |     +    |      0|  0|   39|           3|          32|
    |add_ln48_10_fu_4113_p2  |     +    |      0|  0|   17|           3|          10|
    |add_ln48_11_fu_4205_p2  |     +    |      0|  0|   32|          32|          32|
    |add_ln48_12_fu_4162_p2  |     +    |      0|  0|   39|          32|          32|
    |add_ln48_14_fu_4193_p2  |     +    |      0|  0|   32|           3|          32|
    |add_ln48_15_fu_4263_p2  |     +    |      0|  0|   32|          32|          32|
    |add_ln48_16_fu_4199_p2  |     +    |      0|  0|   32|          32|          32|
    |add_ln48_18_fu_4251_p2  |     +    |      0|  0|   32|           3|          32|
    |add_ln48_19_fu_4257_p2  |     +    |      0|  0|   32|          32|          32|
    |add_ln48_1_fu_4027_p2   |     +    |      0|  0|   32|          32|          32|
    |add_ln48_20_fu_4152_p2  |     +    |      0|  0|   17|           4|          10|
    |add_ln48_21_fu_4170_p2  |     +    |      0|  0|   17|           3|          10|
    |add_ln48_22_fu_4225_p2  |     +    |      0|  0|   17|           4|          10|
    |add_ln48_2_fu_4033_p2   |     +    |      0|  0|   32|           3|          32|
    |add_ln48_3_fu_4045_p2   |     +    |      0|  0|   32|          32|          32|
    |add_ln48_4_fu_4138_p2   |     +    |      0|  0|   39|           3|          32|
    |add_ln48_5_fu_4039_p2   |     +    |      0|  0|   32|          32|          32|
    |add_ln48_6_fu_4073_p2   |     +    |      0|  0|   39|           3|          32|
    |add_ln48_7_fu_4085_p2   |     +    |      0|  0|   32|          32|          32|
    |add_ln48_8_fu_4100_p2   |     +    |      0|  0|   39|          32|          32|
    |add_ln48_9_fu_4079_p2   |     +    |      0|  0|   32|          32|          32|
    |add_ln48_fu_4124_p2     |     +    |      0|  0|   39|           3|          32|
    |add_ln50_10_fu_4478_p2  |     +    |      0|  0|   39|          32|          32|
    |add_ln50_12_fu_4509_p2  |     +    |      0|  0|   32|           3|          32|
    |add_ln50_13_fu_4580_p2  |     +    |      0|  0|   32|          32|          32|
    |add_ln50_14_fu_4515_p2  |     +    |      0|  0|   32|          32|          32|
    |add_ln50_16_fu_4568_p2  |     +    |      0|  0|   32|           3|          32|
    |add_ln50_17_fu_4574_p2  |     +    |      0|  0|   32|          32|          32|
    |add_ln50_18_fu_4870_p2  |     +    |      0|  0|   17|           3|          10|
    |add_ln50_19_fu_4296_p2  |     +    |      0|  0|   17|           4|          10|
    |add_ln50_1_fu_4353_p2   |     +    |      0|  0|   32|           3|          32|
    |add_ln50_20_fu_4311_p2  |     +    |      0|  0|   17|           5|          10|
    |add_ln50_21_fu_5174_p2  |     +    |      0|  0|   17|           3|          10|
    |add_ln50_22_fu_4330_p2  |     +    |      0|  0|   17|           4|          10|
    |add_ln50_23_fu_4390_p2  |     +    |      0|  0|   17|           5|          10|
    |add_ln50_24_fu_4453_p2  |     +    |      0|  0|   17|           4|          10|
    |add_ln50_25_fu_4468_p2  |     +    |      0|  0|   17|           5|          10|
    |add_ln50_26_fu_4486_p2  |     +    |      0|  0|   17|           4|          10|
    |add_ln50_27_fu_4546_p2  |     +    |      0|  0|   17|           5|          10|
    |add_ln50_2_fu_4365_p2   |     +    |      0|  0|   32|          32|          32|
    |add_ln50_3_fu_4359_p2   |     +    |      0|  0|   32|          32|          32|
    |add_ln50_5_fu_4424_p2   |     +    |      0|  0|   32|          32|          32|
    |add_ln50_6_fu_4440_p2   |     +    |      0|  0|   39|          32|          32|
    |add_ln50_7_fu_4412_p2   |     +    |      0|  0|   32|           3|          32|
    |add_ln50_8_fu_4418_p2   |     +    |      0|  0|   32|          32|          32|
    |add_ln50_9_fu_4521_p2   |     +    |      0|  0|   32|          32|          32|
    |add_ln51_10_fu_4792_p2  |     +    |      0|  0|   39|          32|          32|
    |add_ln51_12_fu_4898_p2  |     +    |      0|  0|   32|           3|          32|
    |add_ln51_13_fu_4904_p2  |     +    |      0|  0|   32|          32|          32|
    |add_ln51_14_fu_5194_p2  |     +    |      0|  0|   17|           3|          10|
    |add_ln51_15_fu_4610_p2  |     +    |      0|  0|   17|           4|          10|
    |add_ln51_16_fu_4625_p2  |     +    |      0|  0|   17|           5|          10|
    |add_ln51_17_fu_4644_p2  |     +    |      0|  0|   17|           4|          10|
    |add_ln51_18_fu_4704_p2  |     +    |      0|  0|   17|           5|          10|
    |add_ln51_19_fu_4767_p2  |     +    |      0|  0|   17|           4|          10|
    |add_ln51_1_fu_4673_p2   |     +    |      0|  0|   32|           3|          32|
    |add_ln51_20_fu_4782_p2  |     +    |      0|  0|   17|           5|          10|
    |add_ln51_21_fu_4800_p2  |     +    |      0|  0|   17|           4|          10|
    |add_ln51_22_fu_4860_p2  |     +    |      0|  0|   17|           5|          10|
    |add_ln51_2_fu_4679_p2   |     +    |      0|  0|   32|          32|          32|
    |add_ln51_4_fu_4732_p2   |     +    |      0|  0|   32|           3|          32|
    |add_ln51_5_fu_4738_p2   |     +    |      0|  0|   32|          32|          32|
    |add_ln51_6_fu_4754_p2   |     +    |      0|  0|   39|          32|          32|
    |add_ln51_8_fu_4829_p2   |     +    |      0|  0|   32|           3|          32|
    |add_ln51_9_fu_4835_p2   |     +    |      0|  0|   32|          32|          32|
    |add_ln52_10_fu_5123_p2  |     +    |      0|  0|   32|           3|          32|
    |add_ln52_11_fu_5129_p2  |     +    |      0|  0|   32|          32|          32|
    |add_ln52_12_fu_5150_p2  |     +    |      0|  0|   39|          32|          32|
    |add_ln52_14_fu_5222_p2  |     +    |      0|  0|   32|           3|          32|
    |add_ln52_15_fu_5228_p2  |     +    |      0|  0|   32|          32|          32|
    |add_ln52_16_fu_4938_p2  |     +    |      0|  0|   17|           4|          10|
    |add_ln52_17_fu_4948_p2  |     +    |      0|  0|   17|           5|          10|
    |add_ln52_18_fu_5012_p2  |     +    |      0|  0|   17|           5|          10|
    |add_ln52_19_fu_5085_p2  |     +    |      0|  0|   17|           4|          10|
    |add_ln52_20_fu_5095_p2  |     +    |      0|  0|   17|           5|          10|
    |add_ln52_21_fu_5163_p2  |     +    |      0|  0|   17|           4|          10|
    |add_ln52_22_fu_5184_p2  |     +    |      0|  0|   17|           5|          10|
    |add_ln52_2_fu_4976_p2   |     +    |      0|  0|   32|           3|          32|
    |add_ln52_3_fu_4982_p2   |     +    |      0|  0|   32|          32|          32|
    |add_ln52_4_fu_5003_p2   |     +    |      0|  0|   39|           3|          32|
    |add_ln52_6_fu_5058_p2   |     +    |      0|  0|   32|           3|          32|
    |add_ln52_7_fu_5064_p2   |     +    |      0|  0|   32|          32|          32|
    |add_ln52_8_fu_5023_p2   |     +    |      0|  0|   39|          32|          32|
    |add_ln52_fu_4920_p2     |     +    |      0|  0|   39|           3|          32|
    |add_ln53_10_fu_5389_p2  |     +    |      0|  0|   32|          32|          32|
    |add_ln53_11_fu_5460_p2  |     +    |      0|  0|   32|          32|          32|
    |add_ln53_12_fu_5351_p2  |     +    |      0|  0|   39|          32|          32|
    |add_ln53_14_fu_5448_p2  |     +    |      0|  0|   32|           3|          32|
    |add_ln53_15_fu_5538_p2  |     +    |      0|  0|   32|          32|          32|
    |add_ln53_16_fu_5454_p2  |     +    |      0|  0|   32|          32|          32|
    |add_ln53_18_fu_5526_p2  |     +    |      0|  0|   32|           3|          32|
    |add_ln53_19_fu_5532_p2  |     +    |      0|  0|   32|          32|          32|
    |add_ln53_20_fu_5258_p2  |     +    |      0|  0|   17|           5|          10|
    |add_ln53_21_fu_5327_p2  |     +    |      0|  0|   17|           5|          10|
    |add_ln53_22_fu_5416_p2  |     +    |      0|  0|   17|           4|          10|
    |add_ln53_23_fu_5426_p2  |     +    |      0|  0|   17|           5|          10|
    |add_ln53_24_fu_5480_p2  |     +    |      0|  0|   17|           4|          10|
    |add_ln53_25_fu_5494_p2  |     +    |      0|  0|   17|           5|          10|
    |add_ln53_2_fu_5285_p2   |     +    |      0|  0|   32|           3|          32|
    |add_ln53_3_fu_5297_p2   |     +    |      0|  0|   32|          32|          32|
    |add_ln53_4_fu_5318_p2   |     +    |      0|  0|   39|           3|          32|
    |add_ln53_5_fu_5291_p2   |     +    |      0|  0|   32|          32|          32|
    |add_ln53_7_fu_5395_p2   |     +    |      0|  0|   32|          32|          32|
    |add_ln53_8_fu_5338_p2   |     +    |      0|  0|   39|          32|          32|
    |add_ln53_9_fu_5383_p2   |     +    |      0|  0|   32|           3|          32|
    |add_ln53_fu_5249_p2     |     +    |      0|  0|   39|           3|          32|
    |add_ln55_1_fu_5585_p2   |     +    |      0|  0|   32|           3|          32|
    |add_ln55_2_fu_5597_p2   |     +    |      0|  0|   32|          32|          32|
    |add_ln55_3_fu_5591_p2   |     +    |      0|  0|   32|          32|          32|
    |add_ln55_4_fu_5951_p2   |     +    |      0|  0|   17|           3|          10|
    |add_ln55_5_fu_5504_p2   |     +    |      0|  0|   17|           4|          10|
    |add_ln55_6_fu_5563_p2   |     +    |      0|  0|   17|           5|          10|
    |add_ln56_1_fu_5684_p2   |     +    |      0|  0|   32|           3|          32|
    |add_ln56_2_fu_5696_p2   |     +    |      0|  0|   32|          32|          32|
    |add_ln56_3_fu_5690_p2   |     +    |      0|  0|   32|          32|          32|
    |add_ln56_4_fu_6291_p2   |     +    |      0|  0|   17|           3|          10|
    |add_ln56_5_fu_5627_p2   |     +    |      0|  0|   17|           4|          10|
    |add_ln56_6_fu_5642_p2   |     +    |      0|  0|   17|           5|          10|
    |add_ln57_10_fu_5847_p2  |     +    |      0|  0|   32|          32|          32|
    |add_ln57_11_fu_5911_p2  |     +    |      0|  0|   32|          32|          32|
    |add_ln57_12_fu_5927_p2  |     +    |      0|  0|   39|          32|          32|
    |add_ln57_14_fu_5899_p2  |     +    |      0|  0|   32|           3|          32|
    |add_ln57_15_fu_5999_p2  |     +    |      0|  0|   32|          32|          32|
    |add_ln57_16_fu_5905_p2  |     +    |      0|  0|   32|          32|          32|
    |add_ln57_18_fu_5987_p2  |     +    |      0|  0|   32|           3|          32|
    |add_ln57_19_fu_5993_p2  |     +    |      0|  0|   32|          32|          32|
    |add_ln57_20_fu_6301_p2  |     +    |      0|  0|   17|           3|          10|
    |add_ln57_21_fu_5661_p2  |     +    |      0|  0|   17|           4|          10|
    |add_ln57_22_fu_5721_p2  |     +    |      0|  0|   17|           5|          10|
    |add_ln57_23_fu_5757_p2  |     +    |      0|  0|   17|           4|          10|
    |add_ln57_24_fu_5800_p2  |     +    |      0|  0|   17|           5|          10|
    |add_ln57_25_fu_5818_p2  |     +    |      0|  0|   17|           4|          10|
    |add_ln57_26_fu_5873_p2  |     +    |      0|  0|   17|           5|          10|
    |add_ln57_27_fu_5940_p2  |     +    |      0|  0|   17|           4|          10|
    |add_ln57_28_fu_5965_p2  |     +    |      0|  0|   17|           5|          10|
    |add_ln57_2_fu_5737_p2   |     +    |      0|  0|   39|           3|          32|
    |add_ln57_3_fu_5779_p2   |     +    |      0|  0|   32|          32|          32|
    |add_ln57_4_fu_5743_p2   |     +    |      0|  0|   39|           2|          32|
    |add_ln57_5_fu_5774_p2   |     +    |      0|  0|   39|          32|          32|
    |add_ln57_7_fu_5853_p2   |     +    |      0|  0|   32|          32|          32|
    |add_ln57_8_fu_5810_p2   |     +    |      0|  0|   39|          32|          32|
    |add_ln57_9_fu_5841_p2   |     +    |      0|  0|   32|           3|          32|
    |add_ln57_fu_5652_p2     |     +    |      0|  0|   39|           2|          32|
    |add_ln58_10_fu_6144_p2  |     +    |      0|  0|   32|          32|          32|
    |add_ln58_11_fu_6255_p2  |     +    |      0|  0|   32|          32|          32|
    |add_ln58_12_fu_6212_p2  |     +    |      0|  0|   39|          32|          32|
    |add_ln58_13_fu_6237_p2  |     +    |      0|  0|   32|          32|          32|
    |add_ln58_14_fu_6243_p2  |     +    |      0|  0|   32|           3|          32|
    |add_ln58_15_fu_6339_p2  |     +    |      0|  0|   32|          32|          32|
    |add_ln58_16_fu_6249_p2  |     +    |      0|  0|   32|          32|          32|
    |add_ln58_18_fu_6327_p2  |     +    |      0|  0|   32|           3|          32|
    |add_ln58_19_fu_6333_p2  |     +    |      0|  0|   32|          32|          32|
    |add_ln58_1_fu_6086_p2   |     +    |      0|  0|   32|          32|          32|
    |add_ln58_20_fu_6029_p2  |     +    |      0|  0|   17|           4|          10|
    |add_ln58_21_fu_6044_p2  |     +    |      0|  0|   17|           5|          10|
    |add_ln58_22_fu_6063_p2  |     +    |      0|  0|   17|           5|          10|
    |add_ln58_23_fu_6179_p2  |     +    |      0|  0|   17|           4|          10|
    |add_ln58_24_fu_6202_p2  |     +    |      0|  0|   17|           5|          10|
    |add_ln58_25_fu_6271_p2  |     +    |      0|  0|   17|           4|          10|
    |add_ln58_26_fu_6281_p2  |     +    |      0|  0|   17|           5|          10|
    |add_ln58_2_fu_6092_p2   |     +    |      0|  0|   32|           3|          32|
    |add_ln58_3_fu_6104_p2   |     +    |      0|  0|   32|          32|          32|
    |add_ln58_4_fu_6054_p2   |     +    |      0|  0|   39|           3|          32|
    |add_ln58_5_fu_6098_p2   |     +    |      0|  0|   32|          32|          32|
    |add_ln58_6_fu_6132_p2   |     +    |      0|  0|   32|          32|          32|
    |add_ln58_7_fu_6150_p2   |     +    |      0|  0|   32|          32|          32|
    |add_ln58_8_fu_6166_p2   |     +    |      0|  0|   39|          32|          32|
    |add_ln58_9_fu_6138_p2   |     +    |      0|  0|   32|           3|          32|
    |add_ln58_fu_6015_p2     |     +    |      0|  0|   39|           3|          32|
    |add_ln59_2_fu_6423_p2   |     +    |      0|  0|   32|           3|          32|
    |add_ln59_3_fu_6435_p2   |     +    |      0|  0|   32|          32|          32|
    |add_ln59_4_fu_6429_p2   |     +    |      0|  0|   32|          32|          32|
    |add_ln59_5_fu_6368_p2   |     +    |      0|  0|   17|           5|          10|
    |add_ln59_fu_6359_p2     |     +    |      0|  0|   39|           3|          32|
    |add_ln60_2_fu_6388_p2   |     +    |      0|  0|   17|           5|          10|
    |add_ln60_3_fu_6471_p2   |     +    |      0|  0|   32|          32|          32|
    |add_ln60_4_fu_6466_p2   |     +    |      0|  0|   39|          32|          32|
    |add_ln60_fu_6379_p2     |     +    |      0|  0|   39|           3|          32|
    |add_ln62_1_fu_6549_p2   |     +    |      0|  0|   32|          32|          32|
    |add_ln62_2_fu_6492_p2   |     +    |      0|  0|   17|           4|          10|
    |add_ln62_3_fu_6506_p2   |     +    |      0|  0|   17|           5|          10|
    |add_ln62_fu_6543_p2     |     +    |      0|  0|   32|           3|          32|
    |add_ln63_1_fu_6626_p2   |     +    |      0|  0|   32|          32|          32|
    |add_ln63_2_fu_6632_p2   |     +    |      0|  0|   32|           3|          32|
    |add_ln63_3_fu_6644_p2   |     +    |      0|  0|   32|          32|          32|
    |add_ln63_4_fu_6638_p2   |     +    |      0|  0|   32|          32|          32|
    |add_ln63_5_fu_6574_p2   |     +    |      0|  0|   17|           3|          10|
    |add_ln63_6_fu_6585_p2   |     +    |      0|  0|   17|           4|          10|
    |add_ln63_7_fu_6604_p2   |     +    |      0|  0|   17|           5|          10|
    |add_ln63_fu_6565_p2     |     +    |      0|  0|   39|           1|          32|
    |add_ln64_2_fu_6710_p2   |     +    |      0|  0|   32|           3|          32|
    |add_ln64_3_fu_6722_p2   |     +    |      0|  0|   32|          32|          32|
    |add_ln64_4_fu_6716_p2   |     +    |      0|  0|   32|          32|          32|
    |add_ln64_5_fu_6669_p2   |     +    |      0|  0|   17|           5|          10|
    |add_ln64_fu_6660_p2     |     +    |      0|  0|   39|           3|          32|
    |add_ln65_1_fu_6794_p2   |     +    |      0|  0|   32|           3|          32|
    |add_ln65_2_fu_6800_p2   |     +    |      0|  0|   32|          32|          32|
    |add_ln65_3_fu_6738_p2   |     +    |      0|  0|   17|           4|          10|
    |add_ln65_4_fu_6748_p2   |     +    |      0|  0|   17|           5|          10|
    |add_ln65_fu_6680_p2     |     +    |      0|  0|   39|           3|          32|
    |grp_fu_1984_p2          |     +    |      0|  0|   32|          32|          32|
    |grp_fu_2024_p2          |     +    |      0|  0|   32|          32|          32|
    |grp_fu_2030_p2          |     +    |      0|  0|   32|          32|          32|
    |grp_fu_2036_p2          |     +    |      0|  0|   32|          32|          32|
    |grp_fu_2042_p2          |     +    |      0|  0|   32|          32|          32|
    |grp_fu_2048_p2          |     +    |      0|  0|   32|          32|          32|
    |grp_fu_2054_p2          |     +    |      0|  0|   32|          32|          32|
    |grp_fu_2060_p2          |     +    |      0|  0|   32|          32|          32|
    |grp_fu_2066_p2          |     +    |      0|  0|   32|          32|          32|
    |grp_fu_2072_p2          |     +    |      0|  0|   32|          32|          32|
    |grp_fu_2078_p2          |     +    |      0|  0|   32|          32|          32|
    |tmp2517_fu_2751_p2      |     +    |      0|  0|   38|          31|          31|
    |tmp4451_fu_6530_p2      |     +    |      0|  0|   38|          31|          31|
    |tmp529_fu_2092_p2       |     +    |      0|  0|   38|          31|          31|
    |tmp6448_fu_6780_p2      |     +    |      0|  0|   38|          31|          31|
    |x_2_fu_5359_p2          |     +    |      0|  0|   39|          32|          32|
    |x_3_fu_6399_p2          |     +    |      0|  0|   39|          32|          32|
    |sub_ln46_1_fu_3504_p2   |     -    |      0|  0|   32|          32|          32|
    |sub_ln46_2_fu_3601_p2   |     -    |      0|  0|   32|          32|          32|
    |sub_ln46_3_fu_3675_p2   |     -    |      0|  0|   32|          32|          32|
    |sub_ln46_fu_3440_p2     |     -    |      0|  0|   39|          32|          32|
    |sub_ln47_1_fu_3753_p2   |     -    |      0|  0|   32|          32|          32|
    |sub_ln47_2_fu_3904_p2   |     -    |      0|  0|   32|          32|          32|
    |sub_ln47_3_fu_3983_p2   |     -    |      0|  0|   32|          32|          32|
    |sub_ln47_fu_3793_p2     |     -    |      0|  0|   32|          32|          32|
    |sub_ln51_1_fu_4726_p2   |     -    |      0|  0|   32|          32|          32|
    |sub_ln51_2_fu_4823_p2   |     -    |      0|  0|   32|          32|          32|
    |sub_ln51_3_fu_4892_p2   |     -    |      0|  0|   32|          32|          32|
    |sub_ln51_fu_4667_p2     |     -    |      0|  0|   32|          32|          32|
    |sub_ln52_1_fu_5052_p2   |     -    |      0|  0|   32|          32|          32|
    |sub_ln52_2_fu_5117_p2   |     -    |      0|  0|   32|          32|          32|
    |sub_ln52_3_fu_5216_p2   |     -    |      0|  0|   32|          32|          32|
    |sub_ln52_fu_4970_p2     |     -    |      0|  0|   32|          32|          32|
    |or_ln45_fu_3069_p2      |    or    |      0|  0|   32|          32|           1|
    |or_ln50_fu_4321_p2      |    or    |      0|  0|   32|          32|           1|
    |or_ln51_1_fu_4635_p2    |    or    |      0|  0|   32|          32|           2|
    |or_ln51_fu_4596_p2      |    or    |      0|  0|   32|          32|           2|
    |or_ln56_fu_5613_p2      |    or    |      0|  0|   32|          32|           1|
    +------------------------+----------+-------+---+-----+------------+------------+
    |Total                   |          |      0|  0|10731|        6381|        9437|
    +------------------------+----------+-------+---+-----+------------+------------+

    * Multiplexer: 
    +--------------+-----+-----------+-----+-----------+
    |     Name     | LUT | Input Size| Bits| Total Bits|
    +--------------+-----+-----------+-----+-----------+
    |ap_NS_fsm     |  381|         87|    1|         87|
    |dst_address0  |  149|         33|    7|        231|
    |dst_address1  |  149|         33|    7|        231|
    |dst_d0        |  149|         33|   32|       1056|
    |dst_d1        |  149|         33|   32|       1056|
    |reg_1990      |    9|          2|   32|         64|
    |reg_1995      |    9|          2|   32|         64|
    |reg_2000      |    9|          2|   32|         64|
    |reg_2005      |    9|          2|   32|         64|
    |reg_2010      |    9|          2|   32|         64|
    |reg_2015      |    9|          2|   32|         64|
    |src_address0  |  373|         85|    9|        765|
    |src_address1  |  369|         84|    9|        756|
    +--------------+-----+-----------+-----+-----------+
    |Total         | 1773|        400|  289|       4566|
    +--------------+-----+-----------+-----+-----------+

    * Register: 
    +-------------------------+----+----+-----+-----------+
    |           Name          | FF | LUT| Bits| Const Bits|
    +-------------------------+----+----+-----+-----------+
    |add_ln35_10_reg_6966     |  32|   0|   32|          0|
    |add_ln35_6_reg_6923      |  32|   0|   32|          0|
    |add_ln36_10_reg_7076     |  32|   0|   32|          0|
    |add_ln36_6_reg_7044      |  32|   0|   32|          0|
    |add_ln41_reg_7159        |  32|   0|   32|          0|
    |add_ln42_reg_7275        |  32|   0|   32|          0|
    |add_ln43_reg_7224        |  32|   0|   32|          0|
    |add_ln45_10_reg_7331     |  32|   0|   32|          0|
    |add_ln45_6_reg_7306      |  32|   0|   32|          0|
    |add_ln46_12_reg_7471     |  32|   0|   32|          0|
    |add_ln46_1_reg_7416      |  32|   0|   32|          0|
    |add_ln46_4_reg_7401      |  31|   0|   32|          1|
    |add_ln46_8_reg_7446      |  32|   0|   32|          0|
    |add_ln46_reg_7371        |  31|   0|   32|          1|
    |add_ln47_12_reg_7581     |  32|   0|   32|          0|
    |add_ln47_reg_7516        |  31|   0|   32|          1|
    |add_ln48_12_reg_7661     |  32|   0|   32|          0|
    |add_ln50_10_reg_7808     |  32|   0|   32|          0|
    |add_ln51_10_reg_7929     |  32|   0|   32|          0|
    |add_ln52_4_reg_7995      |  30|   0|   32|          2|
    |add_ln53_12_reg_8102     |  32|   0|   32|          0|
    |add_ln53_4_reg_8076      |  30|   0|   32|          2|
    |add_ln53_reg_8066        |  30|   0|   32|          2|
    |add_ln57_2_reg_8254      |  31|   0|   32|          1|
    |add_ln57_8_reg_8285      |  32|   0|   32|          0|
    |add_ln57_reg_8223        |  31|   0|   32|          1|
    |add_ln58_4_reg_8385      |  31|   0|   32|          1|
    |add_ln59_reg_8476        |  31|   0|   32|          1|
    |add_ln60_reg_8486        |  31|   0|   32|          1|
    |add_ln63_reg_8540        |  32|   0|   32|          0|
    |add_ln64_reg_8580        |  32|   0|   32|          0|
    |ap_CS_fsm                |  86|   0|   86|          0|
    |empty_6_reg_6880         |  31|   0|   31|          0|
    |empty_8_reg_8530         |  31|   0|   31|          0|
    |or_ln45_reg_7258         |  31|   0|   32|          1|
    |or_ln50_reg_7746         |  30|   0|   32|          2|
    |or_ln51_1_reg_7869       |  30|   0|   32|          2|
    |reg_1990                 |  32|   0|   32|          0|
    |reg_1995                 |  32|   0|   32|          0|
    |reg_2000                 |  32|   0|   32|          0|
    |reg_2005                 |  32|   0|   32|          0|
    |reg_2010                 |  32|   0|   32|          0|
    |reg_2015                 |  32|   0|   32|          0|
    |reg_2020                 |  32|   0|   32|          0|
    |sext_ln35_1_reg_6989     |  64|   0|   64|          0|
    |sext_ln35_reg_6956       |  64|   0|   64|          0|
    |sext_ln36_1_reg_7094     |  64|   0|   64|          0|
    |sext_ln36_reg_7051       |  64|   0|   64|          0|
    |sext_ln40_reg_7144       |  64|   0|   64|          0|
    |sext_ln41_reg_7184       |  64|   0|   64|          0|
    |sext_ln45_1_reg_7286     |  63|   0|   64|          1|
    |sext_ln45_2_reg_7321     |  64|   0|   64|          0|
    |sext_ln45_3_reg_7351     |  64|   0|   64|          0|
    |sext_ln45_cast_reg_7209  |   9|   0|   10|          1|
    |sext_ln45_reg_7248       |  63|   0|   64|          1|
    |sext_ln46_1_reg_7426     |  63|   0|   64|          1|
    |sext_ln46_2_reg_7461     |  64|   0|   64|          0|
    |sext_ln46_3_reg_7491     |  64|   0|   64|          0|
    |sext_ln46_reg_7391       |  63|   0|   64|          1|
    |sext_ln47_2_reg_7556     |  64|   0|   64|          0|
    |sext_ln47_3_reg_7596     |  64|   0|   64|          0|
    |sext_ln47_reg_7531       |  63|   0|   64|          1|
    |sext_ln48_2_reg_7636     |  64|   0|   64|          0|
    |sext_ln48_3_reg_7681     |  64|   0|   64|          0|
    |sext_ln50_1_reg_7763     |  62|   0|   64|          2|
    |sext_ln50_2_reg_7783     |  64|   0|   64|          0|
    |sext_ln50_3_reg_7823     |  64|   0|   64|          0|
    |sext_ln50_cast_reg_7725  |   8|   0|   10|          2|
    |sext_ln50_reg_7720       |  62|   0|   64|          2|
    |sext_ln51_1_reg_7884     |  62|   0|   64|          2|
    |sext_ln51_2_reg_7904     |  64|   0|   64|          0|
    |sext_ln51_3_reg_7944     |  64|   0|   64|          0|
    |sext_ln51_reg_7843       |  62|   0|   64|          2|
    |sext_ln52_2_reg_8005     |  64|   0|   64|          0|
    |sext_ln52_3_reg_8031     |  64|   0|   64|          0|
    |sext_ln52_reg_7969       |  62|   0|   64|          2|
    |sext_ln53_2_reg_8086     |  64|   0|   64|          0|
    |sext_ln53_3_reg_8152     |  64|   0|   64|          0|
    |sext_ln55_reg_8177       |  63|   0|   64|          1|
    |sext_ln56_reg_8197       |  63|   0|   64|          1|
    |sext_ln57_1_reg_8260     |  63|   0|   64|          1|
    |sext_ln57_2_reg_8305     |  64|   0|   64|          0|
    |sext_ln57_3_reg_8325     |  64|   0|   64|          0|
    |sext_ln57_reg_8239       |  63|   0|   64|          1|
    |sext_ln58_2_reg_8405     |  64|   0|   64|          0|
    |sext_ln58_3_reg_8430     |  64|   0|   64|          0|
    |sext_ln58_reg_8360       |  63|   0|   64|          1|
    |sext_ln62_reg_8515       |  64|   0|   64|          0|
    |sext_ln63_reg_8560       |  64|   0|   64|          0|
    |sext_ln65_reg_8590       |  64|   0|   64|          0|
    |shl_ln36_6_reg_7119      |  31|   0|   32|          1|
    |src_load_15_reg_7004     |  32|   0|   32|          0|
    |tmp529_reg_6840          |  31|   0|   31|          0|
    |trunc_ln10_reg_7281      |  29|   0|   29|          0|
    |trunc_ln11_reg_7421      |  29|   0|   29|          0|
    |trunc_ln12_reg_7551      |  29|   0|   29|          0|
    |trunc_ln13_reg_7626      |  29|   0|   29|          0|
    |trunc_ln18_reg_8192      |  29|   0|   29|          0|
    |trunc_ln1_reg_6865       |  29|   0|   29|          0|
    |trunc_ln21_reg_8395      |  29|   0|   29|          0|
    |trunc_ln24_reg_8535      |  29|   0|   29|          0|
    |trunc_ln25_reg_8575      |  29|   0|   29|          0|
    |trunc_ln26_reg_8606      |  29|   0|   29|          0|
    |trunc_ln27_reg_8621      |  29|   0|   29|          0|
    |trunc_ln2_reg_6895       |  29|   0|   29|          0|
    |trunc_ln35_1_reg_6918    |  29|   0|   29|          0|
    |trunc_ln35_2_reg_6984    |  29|   0|   29|          0|
    |trunc_ln35_3_reg_7019    |  29|   0|   29|          0|
    |trunc_ln35_4_reg_6974    |  10|   0|   10|          0|
    |trunc_ln35_reg_6931      |  10|   0|   10|          0|
    |trunc_ln36_1_reg_7034    |  29|   0|   29|          0|
    |trunc_ln36_3_reg_7124    |  29|   0|   29|          0|
    |trunc_ln36_4_reg_7084    |  10|   0|   10|          0|
    |trunc_ln36_reg_7056      |  10|   0|   10|          0|
    |trunc_ln3_reg_7039       |  29|   0|   29|          0|
    |trunc_ln41_reg_7164      |  10|   0|   10|          0|
    |trunc_ln45_1_reg_7301    |  29|   0|   29|          0|
    |trunc_ln45_2_reg_7346    |  29|   0|   29|          0|
    |trunc_ln45_3_reg_7366    |  29|   0|   29|          0|
    |trunc_ln45_4_reg_7264    |   9|   0|   10|          1|
    |trunc_ln45_6_reg_7336    |  10|   0|   10|          0|
    |trunc_ln45_reg_6946      |   9|   0|    9|          0|
    |trunc_ln46_1_reg_7441    |  29|   0|   29|          0|
    |trunc_ln46_2_reg_7486    |  29|   0|   29|          0|
    |trunc_ln46_3_reg_7511    |  29|   0|   29|          0|
    |trunc_ln46_4_reg_7406    |   9|   0|   10|          1|
    |trunc_ln46_6_reg_7476    |  10|   0|   10|          0|
    |trunc_ln46_reg_7376      |   9|   0|   10|          1|
    |trunc_ln47_1_reg_7546    |  29|   0|   29|          0|
    |trunc_ln47_3_reg_7621    |  29|   0|   29|          0|
    |trunc_ln47_4_reg_7561    |  10|   0|   10|          0|
    |trunc_ln47_5_reg_7586    |  10|   0|   10|          0|
    |trunc_ln47_reg_7521      |   9|   0|   10|          1|
    |trunc_ln48_1_reg_7631    |  29|   0|   29|          0|
    |trunc_ln48_2_reg_7676    |  29|   0|   29|          0|
    |trunc_ln48_3_reg_7696    |  29|   0|   29|          0|
    |trunc_ln48_4_reg_7666    |  10|   0|   10|          0|
    |trunc_ln48_reg_7641      |  10|   0|   10|          0|
    |trunc_ln4_reg_7134       |  29|   0|   29|          0|
    |trunc_ln50_1_reg_7778    |  29|   0|   29|          0|
    |trunc_ln50_3_reg_7838    |  29|   0|   29|          0|
    |trunc_ln50_4_reg_7752    |   8|   0|   10|          2|
    |trunc_ln50_5_reg_7788    |  10|   0|   10|          0|
    |trunc_ln50_6_reg_7813    |  10|   0|   10|          0|
    |trunc_ln50_reg_6951      |   8|   0|    8|          0|
    |trunc_ln51_1_reg_7899    |  29|   0|   29|          0|
    |trunc_ln51_3_reg_7964    |  29|   0|   29|          0|
    |trunc_ln51_4_reg_7874    |   8|   0|   10|          2|
    |trunc_ln51_5_reg_7909    |  10|   0|   10|          0|
    |trunc_ln51_6_reg_7934    |  10|   0|   10|          0|
    |trunc_ln51_reg_7848      |   8|   0|   10|          2|
    |trunc_ln52_5_reg_8010    |  10|   0|   10|          0|
    |trunc_ln52_6_reg_8036    |  10|   0|   10|          0|
    |trunc_ln52_reg_7974      |   8|   0|   10|          2|
    |trunc_ln53_2_reg_8147    |  29|   0|   29|          0|
    |trunc_ln53_5_reg_8091    |  10|   0|   10|          0|
    |trunc_ln53_6_reg_8107    |  10|   0|   10|          0|
    |trunc_ln55_reg_8130      |   9|   0|   10|          1|
    |trunc_ln56_reg_8202      |   9|   0|   10|          1|
    |trunc_ln57_1_reg_8300    |  29|   0|   29|          0|
    |trunc_ln57_2_reg_8320    |  29|   0|   29|          0|
    |trunc_ln57_3_reg_8355    |  29|   0|   29|          0|
    |trunc_ln57_4_reg_8265    |   9|   0|   10|          1|
    |trunc_ln57_5_reg_8290    |  10|   0|   10|          0|
    |trunc_ln57_6_reg_8330    |  10|   0|   10|          0|
    |trunc_ln57_reg_8228      |   9|   0|   10|          1|
    |trunc_ln58_1_reg_8400    |  29|   0|   29|          0|
    |trunc_ln58_2_reg_8446    |  29|   0|   29|          0|
    |trunc_ln58_3_reg_8471    |  29|   0|   29|          0|
    |trunc_ln58_5_reg_8410    |  10|   0|   10|          0|
    |trunc_ln58_6_reg_8435    |  10|   0|   10|          0|
    |trunc_ln58_reg_8365      |   9|   0|   10|          1|
    |trunc_ln5_reg_7139       |  29|   0|   29|          0|
    |trunc_ln62_reg_8504      |  10|   0|   10|          0|
    |trunc_ln63_reg_8545      |  10|   0|   10|          0|
    |trunc_ln65_reg_8595      |  10|   0|   10|          0|
    |trunc_ln6_reg_7154       |  29|   0|   29|          0|
    |trunc_ln7_reg_7199       |  29|   0|   29|          0|
    |trunc_ln8_reg_7204       |  29|   0|   29|          0|
    |trunc_ln9_reg_7179       |  29|   0|   29|          0|
    |x_1_reg_7701             |  30|   0|   32|          2|
    |x_2_reg_8113             |  31|   0|   32|          1|
    |x_3_reg_8496             |  32|   0|   32|          0|
    |x_reg_7230               |  31|   0|   32|          1|
    +-------------------------+----+----+-----+-----------+
    |Total                    |6196|   0| 6260|         64|
    +-------------------------+----+----+-----+-----------+



================================================================
== Interface
================================================================
* Summary: 
+--------------+-----+-----+------------+--------------+--------------+
|   RTL Ports  | Dir | Bits|  Protocol  | Source Object|    C Type    |
+--------------+-----+-----+------------+--------------+--------------+
|ap_clk        |  in |    1| ap_ctrl_hs |   put_obmc   | return value |
|ap_rst        |  in |    1| ap_ctrl_hs |   put_obmc   | return value |
|ap_start      |  in |    1| ap_ctrl_hs |   put_obmc   | return value |
|ap_done       | out |    1| ap_ctrl_hs |   put_obmc   | return value |
|ap_idle       | out |    1| ap_ctrl_hs |   put_obmc   | return value |
|ap_ready      | out |    1| ap_ctrl_hs |   put_obmc   | return value |
|dst_address0  | out |    7|  ap_memory |      dst     |     array    |
|dst_ce0       | out |    1|  ap_memory |      dst     |     array    |
|dst_we0       | out |    1|  ap_memory |      dst     |     array    |
|dst_d0        | out |   32|  ap_memory |      dst     |     array    |
|dst_address1  | out |    7|  ap_memory |      dst     |     array    |
|dst_ce1       | out |    1|  ap_memory |      dst     |     array    |
|dst_we1       | out |    1|  ap_memory |      dst     |     array    |
|dst_d1        | out |   32|  ap_memory |      dst     |     array    |
|src_address0  | out |    9|  ap_memory |      src     |     array    |
|src_ce0       | out |    1|  ap_memory |      src     |     array    |
|src_q0        |  in |   32|  ap_memory |      src     |     array    |
|src_address1  | out |    9|  ap_memory |      src     |     array    |
|src_ce1       | out |    1|  ap_memory |      src     |     array    |
|src_q1        |  in |   32|  ap_memory |      src     |     array    |
|stride        |  in |   32|   ap_none  |    stride    |    scalar    |
+--------------+-----+-----+------------+--------------+--------------+

